[2025-03-31T07:10:13.728+0000] {local_task_job_runner.py:123} INFO - ::group::Pre task execution logs
[2025-03-31T07:10:13.895+0000] {taskinstance.py:2614} INFO - Dependencies all met for dep_context=non-requeueable deps ti=<TaskInstance: daily_weather_etl.run_main_script manual__2025-03-31T07:10:10.781225+00:00 [queued]>
[2025-03-31T07:10:13.909+0000] {taskinstance.py:2614} INFO - Dependencies all met for dep_context=requeueable deps ti=<TaskInstance: daily_weather_etl.run_main_script manual__2025-03-31T07:10:10.781225+00:00 [queued]>
[2025-03-31T07:10:13.911+0000] {taskinstance.py:2867} INFO - Starting attempt 1 of 2
[2025-03-31T07:10:13.930+0000] {taskinstance.py:2890} INFO - Executing <Task(BashOperator): run_main_script> on 2025-03-31 07:10:10.781225+00:00
[2025-03-31T07:10:13.939+0000] {standard_task_runner.py:72} INFO - Started process 5340 to run task
[2025-03-31T07:10:13.944+0000] {standard_task_runner.py:104} INFO - Running: ['***', 'tasks', 'run', 'daily_weather_etl', 'run_main_script', 'manual__2025-03-31T07:10:10.781225+00:00', '--job-id', '190', '--raw', '--subdir', 'DAGS_FOLDER/weather_dag.py', '--cfg-path', '/tmp/tmpfi_p3p_h']
[2025-03-31T07:10:13.947+0000] {standard_task_runner.py:105} INFO - Job 190: Subtask run_main_script
[2025-03-31T07:10:14.021+0000] {task_command.py:467} INFO - Running <TaskInstance: daily_weather_etl.run_main_script manual__2025-03-31T07:10:10.781225+00:00 [running]> on host 3c3c1f66214b
[2025-03-31T07:10:14.158+0000] {taskinstance.py:3134} INFO - Exporting env vars: AIRFLOW_CTX_DAG_OWNER='***' AIRFLOW_CTX_DAG_ID='daily_weather_etl' AIRFLOW_CTX_TASK_ID='run_main_script' AIRFLOW_CTX_EXECUTION_DATE='2025-03-31T07:10:10.781225+00:00' AIRFLOW_CTX_TRY_NUMBER='1' AIRFLOW_CTX_DAG_RUN_ID='manual__2025-03-31T07:10:10.781225+00:00'
[2025-03-31T07:10:14.161+0000] {logging_mixin.py:190} INFO - Task instance is in running state
[2025-03-31T07:10:14.163+0000] {logging_mixin.py:190} INFO -  Previous state of the Task instance: queued
[2025-03-31T07:10:14.165+0000] {logging_mixin.py:190} INFO - Current task name:run_main_script state:running start_date:2025-03-31 07:10:13.897117+00:00
[2025-03-31T07:10:14.167+0000] {logging_mixin.py:190} INFO - Dag name:daily_weather_etl and current dag run status:running
[2025-03-31T07:10:14.170+0000] {taskinstance.py:732} INFO - ::endgroup::
[2025-03-31T07:10:14.172+0000] {subprocess.py:78} INFO - Tmp dir root location: /tmp
[2025-03-31T07:10:14.175+0000] {subprocess.py:88} INFO - Running command: ['/usr/bin/bash', '-c', 'python /opt/***/dags/main.py']
[2025-03-31T07:10:14.191+0000] {subprocess.py:99} INFO - Output:
[2025-03-31T07:10:19.394+0000] {subprocess.py:106} INFO - 25/03/31 07:10:19 WARN NativeCodeLoader: Unable to load native-hadoop library for your platform... using builtin-java classes where applicable
[2025-03-31T07:10:19.692+0000] {subprocess.py:106} INFO - Setting default log level to "WARN".
[2025-03-31T07:10:19.694+0000] {subprocess.py:106} INFO - To adjust logging level use sc.setLogLevel(newLevel). For SparkR, use setLogLevel(newLevel).
[2025-03-31T07:10:22.415+0000] {subprocess.py:106} INFO - Ciudades registradas:
[2025-03-31T07:10:22.957+0000] {subprocess.py:110} INFO - Command exited with return code 0
[2025-03-31T07:10:22.988+0000] {taskinstance.py:341} INFO - ::group::Post task execution logs
[2025-03-31T07:10:22.990+0000] {taskinstance.py:353} INFO - Marking task as SUCCESS. dag_id=daily_weather_etl, task_id=run_main_script, run_id=manual__2025-03-31T07:10:10.781225+00:00, execution_date=20250331T071010, start_date=20250331T071013, end_date=20250331T071022
[2025-03-31T07:10:23.025+0000] {logging_mixin.py:190} INFO - Task instance in success state
[2025-03-31T07:10:23.027+0000] {logging_mixin.py:190} INFO -  Previous state of the Task instance: running
[2025-03-31T07:10:23.029+0000] {logging_mixin.py:190} INFO - Dag name:daily_weather_etl queued_at:2025-03-31 07:10:10.797444+00:00
[2025-03-31T07:10:23.031+0000] {logging_mixin.py:190} INFO - Task hostname:3c3c1f66214b operator:BashOperator
[2025-03-31T07:10:23.068+0000] {local_task_job_runner.py:266} INFO - Task exited with return code 0
[2025-03-31T07:10:23.117+0000] {taskinstance.py:3901} INFO - 1 downstream tasks scheduled from follow-on schedule check
[2025-03-31T07:10:23.122+0000] {local_task_job_runner.py:245} INFO - ::endgroup::
