[2025-03-27T15:19:34.259+0000] {local_task_job_runner.py:123} INFO - ::group::Pre task execution logs
[2025-03-27T15:19:34.405+0000] {taskinstance.py:2614} INFO - Dependencies all met for dep_context=non-requeueable deps ti=<TaskInstance: daily_weather_etl.run_main_script manual__2025-03-27T15:19:32.174451+00:00 [queued]>
[2025-03-27T15:19:34.415+0000] {taskinstance.py:2614} INFO - Dependencies all met for dep_context=requeueable deps ti=<TaskInstance: daily_weather_etl.run_main_script manual__2025-03-27T15:19:32.174451+00:00 [queued]>
[2025-03-27T15:19:34.416+0000] {taskinstance.py:2867} INFO - Starting attempt 1 of 2
[2025-03-27T15:19:34.429+0000] {taskinstance.py:2890} INFO - Executing <Task(BashOperator): run_main_script> on 2025-03-27 15:19:32.174451+00:00
[2025-03-27T15:19:34.434+0000] {standard_task_runner.py:72} INFO - Started process 39926 to run task
[2025-03-27T15:19:34.437+0000] {standard_task_runner.py:104} INFO - Running: ['***', 'tasks', 'run', 'daily_weather_etl', 'run_main_script', 'manual__2025-03-27T15:19:32.174451+00:00', '--job-id', '130', '--raw', '--subdir', 'DAGS_FOLDER/weather_dag.py', '--cfg-path', '/tmp/tmpj0rycn_k']
[2025-03-27T15:19:34.439+0000] {standard_task_runner.py:105} INFO - Job 130: Subtask run_main_script
[2025-03-27T15:19:34.478+0000] {task_command.py:467} INFO - Running <TaskInstance: daily_weather_etl.run_main_script manual__2025-03-27T15:19:32.174451+00:00 [running]> on host 3c3c1f66214b
[2025-03-27T15:19:34.562+0000] {taskinstance.py:3134} INFO - Exporting env vars: AIRFLOW_CTX_DAG_OWNER='***' AIRFLOW_CTX_DAG_ID='daily_weather_etl' AIRFLOW_CTX_TASK_ID='run_main_script' AIRFLOW_CTX_EXECUTION_DATE='2025-03-27T15:19:32.174451+00:00' AIRFLOW_CTX_TRY_NUMBER='1' AIRFLOW_CTX_DAG_RUN_ID='manual__2025-03-27T15:19:32.174451+00:00'
[2025-03-27T15:19:34.569+0000] {logging_mixin.py:190} INFO - Task instance is in running state
[2025-03-27T15:19:34.573+0000] {logging_mixin.py:190} INFO -  Previous state of the Task instance: queued
[2025-03-27T15:19:34.577+0000] {logging_mixin.py:190} INFO - Current task name:run_main_script state:running start_date:2025-03-27 15:19:34.406814+00:00
[2025-03-27T15:19:34.582+0000] {logging_mixin.py:190} INFO - Dag name:daily_weather_etl and current dag run status:running
[2025-03-27T15:19:34.586+0000] {taskinstance.py:732} INFO - ::endgroup::
[2025-03-27T15:19:34.591+0000] {subprocess.py:78} INFO - Tmp dir root location: /tmp
[2025-03-27T15:19:34.595+0000] {subprocess.py:88} INFO - Running command: ['/usr/bin/bash', '-c', 'python /opt/***/dags/main.py']
[2025-03-27T15:19:34.623+0000] {subprocess.py:99} INFO - Output:
[2025-03-27T15:19:36.989+0000] {subprocess.py:106} INFO - 25/03/27 15:19:36 WARN NativeCodeLoader: Unable to load native-hadoop library for your platform... using builtin-java classes where applicable
[2025-03-27T15:19:37.133+0000] {subprocess.py:106} INFO - Setting default log level to "WARN".
[2025-03-27T15:19:37.135+0000] {subprocess.py:106} INFO - To adjust logging level use sc.setLogLevel(newLevel). For SparkR, use setLogLevel(newLevel).
[2025-03-27T15:20:03.823+0000] {subprocess.py:106} INFO - [Stage 0:>                                                          (0 + 8) / 8]                                                                                [Stage 5:>                                                          (0 + 1) / 1]                                                                                False
[2025-03-27T15:20:03.824+0000] {subprocess.py:106} INFO - Vamos a crear un hist贸rico de elche
[2025-03-27T15:20:03.825+0000] {subprocess.py:106} INFO - +-----+----------------+-----------+--------+--------+---------+---------+-------------+----------------------------------------------+
[2025-03-27T15:20:03.826+0000] {subprocess.py:106} INFO - |city |local_time      |temperature|wind_kph|humidity|feelslike|precip_mm|text         |icon                                          |
[2025-03-27T15:20:03.826+0000] {subprocess.py:106} INFO - +-----+----------------+-----------+--------+--------+---------+---------+-------------+----------------------------------------------+
[2025-03-27T15:20:03.827+0000] {subprocess.py:106} INFO - |elche|2021-01-01 04:00|6.2        |6.0     |73      |6.2      |0.0      |Mostly Clear |//cdn.weatherapi.com/weather/64x64/day/116.png|
[2025-03-27T15:20:03.828+0000] {subprocess.py:106} INFO - |elche|2021-01-01 09:00|7.3        |16.1    |67      |7.3      |0.0      |Sunny        |//cdn.weatherapi.com/weather/64x64/day/113.png|
[2025-03-27T15:20:03.829+0000] {subprocess.py:106} INFO - |elche|2021-01-01 15:00|13.4       |28.4    |32      |13.4     |0.0      |Sunny        |//cdn.weatherapi.com/weather/64x64/day/113.png|
[2025-03-27T15:20:03.830+0000] {subprocess.py:106} INFO - |elche|2021-01-01 22:00|8.2        |17.4    |52      |8.2      |0.0      |Sunny        |//cdn.weatherapi.com/weather/64x64/day/113.png|
[2025-03-27T15:20:03.831+0000] {subprocess.py:106} INFO - |elche|2021-01-02 04:00|5.7        |15.8    |59      |5.7      |0.0      |Sunny        |//cdn.weatherapi.com/weather/64x64/day/113.png|
[2025-03-27T15:20:03.832+0000] {subprocess.py:106} INFO - |elche|2021-01-02 09:00|5.1        |22.8    |55      |5.1      |0.0      |Sunny        |//cdn.weatherapi.com/weather/64x64/day/113.png|
[2025-03-27T15:20:03.833+0000] {subprocess.py:106} INFO - |elche|2021-01-02 15:00|10.7       |29.5    |33      |10.7     |0.0      |Sunny        |//cdn.weatherapi.com/weather/64x64/day/113.png|
[2025-03-27T15:20:03.834+0000] {subprocess.py:106} INFO - |elche|2021-01-02 22:00|6.6        |15.8    |41      |6.6      |0.0      |Partly Cloudy|//cdn.weatherapi.com/weather/64x64/day/116.png|
[2025-03-27T15:20:03.835+0000] {subprocess.py:106} INFO - |elche|2021-01-03 04:00|5.4        |29.6    |46      |5.4      |0.0      |Partly Cloudy|//cdn.weatherapi.com/weather/64x64/day/116.png|
[2025-03-27T15:20:03.836+0000] {subprocess.py:106} INFO - |elche|2021-01-03 09:00|5.5        |23.5    |46      |5.5      |0.0      |Sunny        |//cdn.weatherapi.com/weather/64x64/day/113.png|
[2025-03-27T15:20:03.837+0000] {subprocess.py:106} INFO - |elche|2021-01-03 15:00|12.7       |25.5    |27      |12.7     |0.0      |Sunny        |//cdn.weatherapi.com/weather/64x64/day/113.png|
[2025-03-27T15:20:03.839+0000] {subprocess.py:106} INFO - |elche|2021-01-03 22:00|5.7        |8.6     |50      |5.7      |0.0      |Sunny        |//cdn.weatherapi.com/weather/64x64/day/113.png|
[2025-03-27T15:20:03.840+0000] {subprocess.py:106} INFO - |elche|2021-01-04 04:00|5.0        |11.5    |57      |5.0      |0.0      |Sunny        |//cdn.weatherapi.com/weather/64x64/day/113.png|
[2025-03-27T15:20:03.841+0000] {subprocess.py:106} INFO - |elche|2021-01-04 09:00|4.4        |9.8     |63      |4.4      |0.0      |Sunny        |//cdn.weatherapi.com/weather/64x64/day/113.png|
[2025-03-27T15:20:03.842+0000] {subprocess.py:106} INFO - |elche|2021-01-04 15:00|13.2       |20.6    |30      |13.2     |0.0      |Sunny        |//cdn.weatherapi.com/weather/64x64/day/113.png|
[2025-03-27T15:20:03.842+0000] {subprocess.py:106} INFO - |elche|2021-01-04 22:00|7.7        |15.8    |56      |7.7      |0.0      |Mostly Clear |//cdn.weatherapi.com/weather/64x64/day/116.png|
[2025-03-27T15:20:03.843+0000] {subprocess.py:106} INFO - |elche|2021-01-05 04:00|4.6        |11.8    |68      |4.6      |0.0      |Sunny        |//cdn.weatherapi.com/weather/64x64/day/113.png|
[2025-03-27T15:20:03.844+0000] {subprocess.py:106} INFO - |elche|2021-01-05 09:00|3.7        |20.6    |69      |3.7      |0.0      |Sunny        |//cdn.weatherapi.com/weather/64x64/day/113.png|
[2025-03-27T15:20:03.845+0000] {subprocess.py:106} INFO - |elche|2021-01-05 15:00|12.6       |8.2     |24      |12.6     |0.0      |Sunny        |//cdn.weatherapi.com/weather/64x64/day/113.png|
[2025-03-27T15:20:03.846+0000] {subprocess.py:106} INFO - |elche|2021-01-05 22:00|5.8        |8.0     |45      |5.8      |0.0      |Partly Cloudy|//cdn.weatherapi.com/weather/64x64/day/116.png|
[2025-03-27T15:20:03.848+0000] {subprocess.py:106} INFO - +-----+----------------+-----------+--------+--------+---------+---------+-------------+----------------------------------------------+
[2025-03-27T15:20:03.849+0000] {subprocess.py:106} INFO - only showing top 20 rows
[2025-03-27T15:20:03.850+0000] {subprocess.py:106} INFO - 
[2025-03-27T15:20:03.851+0000] {subprocess.py:106} INFO - Nombre de la carpeta: elche_last_2_years
[2025-03-27T15:20:03.852+0000] {subprocess.py:106} INFO - Archivo Parquet generado: /tmp/tmpfc96dqw0/elche_last_2_years/part-00000-3ed1d097-6ad5-4ee0-b248-7d397f914ed5-c000.snappy.parquet
[2025-03-27T15:20:03.853+0000] {subprocess.py:106} INFO - Archivo subido correctamente a MinIO en: elche_last_2_years/elche_last_2_years.parquet
[2025-03-27T15:20:03.854+0000] {subprocess.py:106} INFO - Datos registrados correctamente en la bbdd
[2025-03-27T15:20:03.855+0000] {subprocess.py:106} INFO - Ciudades encontradas en el bucket:
[2025-03-27T15:20:03.856+0000] {subprocess.py:106} INFO - ['elche']
[2025-03-27T15:20:03.857+0000] {subprocess.py:106} INFO - False
[2025-03-27T15:20:03.858+0000] {subprocess.py:106} INFO - Vamos a crear un hist贸rico de madrid
[2025-03-27T15:20:03.859+0000] {subprocess.py:106} INFO - +------+----------------+-----------+--------+--------+---------+---------+-------------+----------------------------------------------+
[2025-03-27T15:20:03.860+0000] {subprocess.py:106} INFO - |city  |local_time      |temperature|wind_kph|humidity|feelslike|precip_mm|text         |icon                                          |
[2025-03-27T15:20:03.861+0000] {subprocess.py:106} INFO - +------+----------------+-----------+--------+--------+---------+---------+-------------+----------------------------------------------+
[2025-03-27T15:20:03.862+0000] {subprocess.py:106} INFO - |madrid|2021-01-01 04:00|2.6        |16.9    |87      |2.6      |0.1      |Light Drizzle|//cdn.weatherapi.com/weather/64x64/day/176.png|
[2025-03-27T15:20:03.863+0000] {subprocess.py:106} INFO - |madrid|2021-01-01 09:00|1.9        |13.7    |82      |1.9      |0.0      |Sunny        |//cdn.weatherapi.com/weather/64x64/day/113.png|
[2025-03-27T15:20:03.865+0000] {subprocess.py:106} INFO - |madrid|2021-01-01 15:00|6.0        |21.6    |48      |6.0      |0.0      |Sunny        |//cdn.weatherapi.com/weather/64x64/day/113.png|
[2025-03-27T15:20:03.866+0000] {subprocess.py:106} INFO - |madrid|2021-01-01 22:00|2.2        |16.6    |72      |2.2      |0.0      |Cloudy       |//cdn.weatherapi.com/weather/64x64/day/119.png|
[2025-03-27T15:20:03.867+0000] {subprocess.py:106} INFO - |madrid|2021-01-02 04:00|0.0        |13.7    |70      |0.0      |0.0      |Partly Cloudy|//cdn.weatherapi.com/weather/64x64/day/116.png|
[2025-03-27T15:20:03.868+0000] {subprocess.py:106} INFO - |madrid|2021-01-02 09:00|-0.4       |14.1    |72      |-0.4     |0.0      |Mostly Clear |//cdn.weatherapi.com/weather/64x64/day/116.png|
[2025-03-27T15:20:03.868+0000] {subprocess.py:106} INFO - |madrid|2021-01-02 15:00|5.0        |13.4    |47      |5.0      |0.0      |Mostly Clear |//cdn.weatherapi.com/weather/64x64/day/116.png|
[2025-03-27T15:20:03.869+0000] {subprocess.py:106} INFO - |madrid|2021-01-02 22:00|-1.5       |7.2     |71      |-1.5     |0.0      |Sunny        |//cdn.weatherapi.com/weather/64x64/day/113.png|
[2025-03-27T15:20:03.870+0000] {subprocess.py:106} INFO - |madrid|2021-01-03 04:00|-1.3       |11.2    |73      |-1.3     |0.0      |Sunny        |//cdn.weatherapi.com/weather/64x64/day/113.png|
[2025-03-27T15:20:03.871+0000] {subprocess.py:106} INFO - |madrid|2021-01-03 09:00|-1.0       |10.4    |80      |-1.0     |0.0      |Partly Cloudy|//cdn.weatherapi.com/weather/64x64/day/116.png|
[2025-03-27T15:20:03.872+0000] {subprocess.py:106} INFO - |madrid|2021-01-03 15:00|7.2        |14.4    |47      |7.2      |0.0      |Mostly Clear |//cdn.weatherapi.com/weather/64x64/day/116.png|
[2025-03-27T15:20:03.873+0000] {subprocess.py:106} INFO - |madrid|2021-01-03 22:00|-0.0       |10.1    |81      |-0.0     |0.0      |Sunny        |//cdn.weatherapi.com/weather/64x64/day/113.png|
[2025-03-27T15:20:03.874+0000] {subprocess.py:106} INFO - |madrid|2021-01-04 04:00|-0.7       |10.0    |88      |-0.7     |0.0      |Partly Cloudy|//cdn.weatherapi.com/weather/64x64/day/116.png|
[2025-03-27T15:20:03.875+0000] {subprocess.py:106} INFO - |madrid|2021-01-04 09:00|-0.9       |10.9    |83      |-0.9     |0.0      |Mostly Clear |//cdn.weatherapi.com/weather/64x64/day/116.png|
[2025-03-27T15:20:03.875+0000] {subprocess.py:106} INFO - |madrid|2021-01-04 15:00|5.6        |16.0    |50      |5.6      |0.0      |Mostly Clear |//cdn.weatherapi.com/weather/64x64/day/116.png|
[2025-03-27T15:20:03.876+0000] {subprocess.py:106} INFO - |madrid|2021-01-04 22:00|-0.8       |7.7     |74      |-0.8     |0.0      |Sunny        |//cdn.weatherapi.com/weather/64x64/day/113.png|
[2025-03-27T15:20:03.877+0000] {subprocess.py:106} INFO - |madrid|2021-01-05 04:00|-2.8       |6.4     |85      |-2.8     |0.0      |Sunny        |//cdn.weatherapi.com/weather/64x64/day/113.png|
[2025-03-27T15:20:03.878+0000] {subprocess.py:106} INFO - |madrid|2021-01-05 09:00|-4.0       |4.7     |91      |-4.0     |0.0      |Sunny        |//cdn.weatherapi.com/weather/64x64/day/113.png|
[2025-03-27T15:20:03.879+0000] {subprocess.py:106} INFO - |madrid|2021-01-05 15:00|4.3        |3.7     |55      |4.3      |0.0      |Sunny        |//cdn.weatherapi.com/weather/64x64/day/113.png|
[2025-03-27T15:20:03.880+0000] {subprocess.py:106} INFO - |madrid|2021-01-05 22:00|-2.3       |4.4     |83      |-2.3     |0.0      |Sunny        |//cdn.weatherapi.com/weather/64x64/day/113.png|
[2025-03-27T15:20:03.881+0000] {subprocess.py:106} INFO - +------+----------------+-----------+--------+--------+---------+---------+-------------+----------------------------------------------+
[2025-03-27T15:20:03.882+0000] {subprocess.py:106} INFO - only showing top 20 rows
[2025-03-27T15:20:03.883+0000] {subprocess.py:106} INFO - 
[2025-03-27T15:20:03.884+0000] {subprocess.py:106} INFO - Nombre de la carpeta: madrid_last_2_years
[2025-03-27T15:20:03.886+0000] {subprocess.py:106} INFO - Archivo Parquet generado: /tmp/tmpk1qnkl7u/madrid_last_2_years/part-00000-46a7c715-491e-4a94-9799-4cbe80db123c-c000.snappy.parquet
[2025-03-27T15:20:03.887+0000] {subprocess.py:106} INFO - Archivo subido correctamente a MinIO en: madrid_last_2_years/madrid_last_2_years.parquet
[2025-03-27T15:20:03.888+0000] {subprocess.py:106} INFO - Datos registrados correctamente en la bbdd
[2025-03-27T15:20:03.889+0000] {subprocess.py:106} INFO - Ciudades encontradas en el bucket:
[2025-03-27T15:20:03.890+0000] {subprocess.py:106} INFO - ['elche', 'madrid']
[2025-03-27T15:20:03.890+0000] {subprocess.py:106} INFO - False
[2025-03-27T15:20:03.891+0000] {subprocess.py:106} INFO - Vamos a crear un hist贸rico de san juan de alicante
[2025-03-27T15:20:11.239+0000] {subprocess.py:106} INFO - +--------------------+----------------+-----------+--------+--------+---------+---------+-------------+----------------------------------------------+
[2025-03-27T15:20:11.241+0000] {subprocess.py:106} INFO - |city                |local_time      |temperature|wind_kph|humidity|feelslike|precip_mm|text         |icon                                          |
[2025-03-27T15:20:11.242+0000] {subprocess.py:106} INFO - +--------------------+----------------+-----------+--------+--------+---------+---------+-------------+----------------------------------------------+
[2025-03-27T15:20:11.243+0000] {subprocess.py:106} INFO - |san juan de alicante|2021-01-01 04:00|7.1        |8.6     |70      |7.1      |0.2      |Light Drizzle|//cdn.weatherapi.com/weather/64x64/day/176.png|
[2025-03-27T15:20:11.244+0000] {subprocess.py:106} INFO - |san juan de alicante|2021-01-01 09:00|7.9        |19.8    |66      |7.9      |0.0      |Sunny        |//cdn.weatherapi.com/weather/64x64/day/113.png|
[2025-03-27T15:20:11.246+0000] {subprocess.py:106} INFO - |san juan de alicante|2021-01-01 15:00|14.0       |21.8    |32      |14.0     |0.0      |Sunny        |//cdn.weatherapi.com/weather/64x64/day/113.png|
[2025-03-27T15:20:11.247+0000] {subprocess.py:106} INFO - |san juan de alicante|2021-01-01 22:00|8.6        |25.7    |47      |8.6      |0.0      |Sunny        |//cdn.weatherapi.com/weather/64x64/day/113.png|
[2025-03-27T15:20:11.248+0000] {subprocess.py:106} INFO - |san juan de alicante|2021-01-02 04:00|6.4        |19.7    |57      |6.4      |0.0      |Sunny        |//cdn.weatherapi.com/weather/64x64/day/113.png|
[2025-03-27T15:20:11.248+0000] {subprocess.py:106} INFO - |san juan de alicante|2021-01-02 09:00|5.4        |25.8    |50      |5.4      |0.0      |Sunny        |//cdn.weatherapi.com/weather/64x64/day/113.png|
[2025-03-27T15:20:11.249+0000] {subprocess.py:106} INFO - |san juan de alicante|2021-01-02 15:00|10.9       |29.4    |32      |10.9     |0.0      |Sunny        |//cdn.weatherapi.com/weather/64x64/day/113.png|
[2025-03-27T15:20:11.250+0000] {subprocess.py:106} INFO - |san juan de alicante|2021-01-02 22:00|5.5        |7.9     |45      |5.5      |0.0      |Partly Cloudy|//cdn.weatherapi.com/weather/64x64/day/116.png|
[2025-03-27T15:20:11.251+0000] {subprocess.py:106} INFO - |san juan de alicante|2021-01-03 04:00|5.6        |28.0    |45      |5.6      |0.0      |Partly Cloudy|//cdn.weatherapi.com/weather/64x64/day/116.png|
[2025-03-27T15:20:11.252+0000] {subprocess.py:106} INFO - |san juan de alicante|2021-01-03 09:00|5.3        |23.2    |42      |5.3      |0.0      |Sunny        |//cdn.weatherapi.com/weather/64x64/day/113.png|
[2025-03-27T15:20:11.252+0000] {subprocess.py:106} INFO - |san juan de alicante|2021-01-03 15:00|12.8       |26.7    |27      |12.8     |0.0      |Sunny        |//cdn.weatherapi.com/weather/64x64/day/113.png|
[2025-03-27T15:20:11.253+0000] {subprocess.py:106} INFO - |san juan de alicante|2021-01-03 22:00|6.2        |10.8    |46      |6.2      |0.0      |Sunny        |//cdn.weatherapi.com/weather/64x64/day/113.png|
[2025-03-27T15:20:11.254+0000] {subprocess.py:106} INFO - |san juan de alicante|2021-01-04 04:00|4.6        |10.7    |58      |4.6      |0.0      |Sunny        |//cdn.weatherapi.com/weather/64x64/day/113.png|
[2025-03-27T15:20:11.255+0000] {subprocess.py:106} INFO - |san juan de alicante|2021-01-04 09:00|5.2        |10.2    |62      |5.2      |0.0      |Sunny        |//cdn.weatherapi.com/weather/64x64/day/113.png|
[2025-03-27T15:20:11.256+0000] {subprocess.py:106} INFO - |san juan de alicante|2021-01-04 15:00|12.8       |26.6    |33      |12.8     |0.0      |Partly Cloudy|//cdn.weatherapi.com/weather/64x64/day/116.png|
[2025-03-27T15:20:11.256+0000] {subprocess.py:106} INFO - |san juan de alicante|2021-01-04 22:00|7.9        |20.8    |58      |7.9      |0.0      |Mostly Clear |//cdn.weatherapi.com/weather/64x64/day/116.png|
[2025-03-27T15:20:11.257+0000] {subprocess.py:106} INFO - |san juan de alicante|2021-01-05 04:00|4.2        |8.6     |67      |4.2      |0.0      |Sunny        |//cdn.weatherapi.com/weather/64x64/day/113.png|
[2025-03-27T15:20:11.258+0000] {subprocess.py:106} INFO - |san juan de alicante|2021-01-05 09:00|3.2        |12.6    |60      |3.2      |0.0      |Sunny        |//cdn.weatherapi.com/weather/64x64/day/113.png|
[2025-03-27T15:20:11.259+0000] {subprocess.py:106} INFO - |san juan de alicante|2021-01-05 15:00|12.4       |8.2     |23      |12.4     |0.0      |Sunny        |//cdn.weatherapi.com/weather/64x64/day/113.png|
[2025-03-27T15:20:11.260+0000] {subprocess.py:106} INFO - |san juan de alicante|2021-01-05 22:00|6.2        |9.3     |50      |6.2      |0.0      |Partly Cloudy|//cdn.weatherapi.com/weather/64x64/day/116.png|
[2025-03-27T15:20:11.261+0000] {subprocess.py:106} INFO - +--------------------+----------------+-----------+--------+--------+---------+---------+-------------+----------------------------------------------+
[2025-03-27T15:20:11.262+0000] {subprocess.py:106} INFO - only showing top 20 rows
[2025-03-27T15:20:11.262+0000] {subprocess.py:106} INFO - 
[2025-03-27T15:20:11.263+0000] {subprocess.py:106} INFO - Nombre de la carpeta: san_juan_de_alicante_last_2_years
[2025-03-27T15:20:11.264+0000] {subprocess.py:106} INFO - Archivo Parquet generado: /tmp/tmpe81ssay8/san_juan_de_alicante_last_2_years/part-00000-1d8ea599-4582-4aac-a16e-ae854a7d5499-c000.snappy.parquet
[2025-03-27T15:20:11.265+0000] {subprocess.py:106} INFO - Archivo subido correctamente a MinIO en: san_juan_de_alicante_last_2_years/san_juan_de_alicante_last_2_years.parquet
[2025-03-27T15:20:11.265+0000] {subprocess.py:106} INFO - Datos registrados correctamente en la bbdd
[2025-03-27T15:20:11.266+0000] {subprocess.py:106} INFO - Ciudades encontradas en el bucket:
[2025-03-27T15:20:11.267+0000] {subprocess.py:106} INFO - ['elche', 'madrid', 'san juan de alicante']
[2025-03-27T15:20:11.267+0000] {subprocess.py:106} INFO - False
[2025-03-27T15:20:11.268+0000] {subprocess.py:106} INFO - Vamos a crear un hist贸rico de torrevieja
[2025-03-27T15:20:11.269+0000] {subprocess.py:106} INFO - +----------+----------------+-----------+--------+--------+---------+---------+-------------+----------------------------------------------+
[2025-03-27T15:20:11.269+0000] {subprocess.py:106} INFO - |city      |local_time      |temperature|wind_kph|humidity|feelslike|precip_mm|text         |icon                                          |
[2025-03-27T15:20:11.270+0000] {subprocess.py:106} INFO - +----------+----------------+-----------+--------+--------+---------+---------+-------------+----------------------------------------------+
[2025-03-27T15:20:11.271+0000] {subprocess.py:106} INFO - |torrevieja|2021-01-01 04:00|7.6        |8.5     |68      |7.6      |0.1      |Light Drizzle|//cdn.weatherapi.com/weather/64x64/day/176.png|
[2025-03-27T15:20:11.271+0000] {subprocess.py:106} INFO - |torrevieja|2021-01-01 09:00|8.0        |21.3    |73      |8.0      |0.0      |Sunny        |//cdn.weatherapi.com/weather/64x64/day/113.png|
[2025-03-27T15:20:11.272+0000] {subprocess.py:106} INFO - |torrevieja|2021-01-01 15:00|14.0       |32.0    |34      |14.0     |0.0      |Sunny        |//cdn.weatherapi.com/weather/64x64/day/113.png|
[2025-03-27T15:20:11.273+0000] {subprocess.py:106} INFO - |torrevieja|2021-01-01 22:00|8.7        |19.9    |56      |8.7      |0.0      |Sunny        |//cdn.weatherapi.com/weather/64x64/day/113.png|
[2025-03-27T15:20:11.273+0000] {subprocess.py:106} INFO - |torrevieja|2021-01-02 04:00|6.5        |18.7    |63      |6.5      |0.0      |Sunny        |//cdn.weatherapi.com/weather/64x64/day/113.png|
[2025-03-27T15:20:11.274+0000] {subprocess.py:106} INFO - |torrevieja|2021-01-02 09:00|6.0        |22.1    |60      |6.0      |0.0      |Sunny        |//cdn.weatherapi.com/weather/64x64/day/113.png|
[2025-03-27T15:20:11.275+0000] {subprocess.py:106} INFO - |torrevieja|2021-01-02 15:00|11.8       |33.7    |31      |11.8     |0.0      |Partly Cloudy|//cdn.weatherapi.com/weather/64x64/day/116.png|
[2025-03-27T15:20:11.276+0000] {subprocess.py:106} INFO - |torrevieja|2021-01-02 22:00|7.6        |21.7    |44      |7.6      |0.0      |Sunny        |//cdn.weatherapi.com/weather/64x64/day/113.png|
[2025-03-27T15:20:11.276+0000] {subprocess.py:106} INFO - |torrevieja|2021-01-03 04:00|6.6        |27.6    |46      |6.6      |0.0      |Cloudy       |//cdn.weatherapi.com/weather/64x64/day/119.png|
[2025-03-27T15:20:11.278+0000] {subprocess.py:106} INFO - |torrevieja|2021-01-03 09:00|5.8        |21.3    |49      |5.8      |0.0      |Sunny        |//cdn.weatherapi.com/weather/64x64/day/113.png|
[2025-03-27T15:20:11.279+0000] {subprocess.py:106} INFO - |torrevieja|2021-01-03 15:00|13.4       |28.0    |27      |13.4     |0.0      |Sunny        |//cdn.weatherapi.com/weather/64x64/day/113.png|
[2025-03-27T15:20:11.280+0000] {subprocess.py:106} INFO - |torrevieja|2021-01-03 22:00|7.6        |12.7    |48      |7.6      |0.0      |Sunny        |//cdn.weatherapi.com/weather/64x64/day/113.png|
[2025-03-27T15:20:11.281+0000] {subprocess.py:106} INFO - |torrevieja|2021-01-04 04:00|5.4        |17.4    |54      |5.4      |0.0      |Sunny        |//cdn.weatherapi.com/weather/64x64/day/113.png|
[2025-03-27T15:20:11.281+0000] {subprocess.py:106} INFO - |torrevieja|2021-01-04 09:00|5.0        |20.7    |60      |5.0      |0.0      |Sunny        |//cdn.weatherapi.com/weather/64x64/day/113.png|
[2025-03-27T15:20:11.282+0000] {subprocess.py:106} INFO - |torrevieja|2021-01-04 15:00|13.8       |12.6    |29      |13.8     |0.0      |Sunny        |//cdn.weatherapi.com/weather/64x64/day/113.png|
[2025-03-27T15:20:11.283+0000] {subprocess.py:106} INFO - |torrevieja|2021-01-04 22:00|8.7        |6.0     |50      |8.7      |0.0      |Partly Cloudy|//cdn.weatherapi.com/weather/64x64/day/116.png|
[2025-03-27T15:20:11.284+0000] {subprocess.py:106} INFO - |torrevieja|2021-01-05 04:00|5.4        |11.5    |72      |5.4      |0.0      |Sunny        |//cdn.weatherapi.com/weather/64x64/day/113.png|
[2025-03-27T15:20:11.285+0000] {subprocess.py:106} INFO - |torrevieja|2021-01-05 09:00|4.1        |15.0    |75      |4.1      |0.0      |Sunny        |//cdn.weatherapi.com/weather/64x64/day/113.png|
[2025-03-27T15:20:11.285+0000] {subprocess.py:106} INFO - |torrevieja|2021-01-05 15:00|13.1       |5.5     |26      |13.1     |0.0      |Sunny        |//cdn.weatherapi.com/weather/64x64/day/113.png|
[2025-03-27T15:20:11.286+0000] {subprocess.py:106} INFO - |torrevieja|2021-01-05 22:00|7.0        |5.1     |56      |7.0      |0.0      |Cloudy       |//cdn.weatherapi.com/weather/64x64/day/119.png|
[2025-03-27T15:20:11.287+0000] {subprocess.py:106} INFO - +----------+----------------+-----------+--------+--------+---------+---------+-------------+----------------------------------------------+
[2025-03-27T15:20:11.288+0000] {subprocess.py:106} INFO - only showing top 20 rows
[2025-03-27T15:20:11.288+0000] {subprocess.py:106} INFO - 
[2025-03-27T15:20:11.289+0000] {subprocess.py:106} INFO - Nombre de la carpeta: torrevieja_last_2_years
[2025-03-27T15:20:11.290+0000] {subprocess.py:106} INFO - Archivo Parquet generado: /tmp/tmpiyegiazi/torrevieja_last_2_years/part-00000-83f5d721-c93a-4d75-8e38-d40e632a21d8-c000.snappy.parquet
[2025-03-27T15:20:11.291+0000] {subprocess.py:106} INFO - Archivo subido correctamente a MinIO en: torrevieja_last_2_years/torrevieja_last_2_years.parquet
[2025-03-27T15:20:11.292+0000] {subprocess.py:106} INFO - Datos registrados correctamente en la bbdd
[2025-03-27T15:20:11.767+0000] {subprocess.py:110} INFO - Command exited with return code 0
[2025-03-27T15:20:11.792+0000] {taskinstance.py:341} INFO - ::group::Post task execution logs
[2025-03-27T15:20:11.794+0000] {taskinstance.py:353} INFO - Marking task as SUCCESS. dag_id=daily_weather_etl, task_id=run_main_script, run_id=manual__2025-03-27T15:19:32.174451+00:00, execution_date=20250327T151932, start_date=20250327T151934, end_date=20250327T152011
[2025-03-27T15:20:11.815+0000] {logging_mixin.py:190} INFO - Task instance in success state
[2025-03-27T15:20:11.816+0000] {logging_mixin.py:190} INFO -  Previous state of the Task instance: running
[2025-03-27T15:20:11.817+0000] {logging_mixin.py:190} INFO - Dag name:daily_weather_etl queued_at:2025-03-27 15:19:32.194875+00:00
[2025-03-27T15:20:11.818+0000] {logging_mixin.py:190} INFO - Task hostname:3c3c1f66214b operator:BashOperator
[2025-03-27T15:20:11.843+0000] {local_task_job_runner.py:266} INFO - Task exited with return code 0
[2025-03-27T15:20:11.855+0000] {taskinstance.py:3901} INFO - 0 downstream tasks scheduled from follow-on schedule check
[2025-03-27T15:20:11.858+0000] {local_task_job_runner.py:245} INFO - ::endgroup::
