[2025-03-26T12:37:10.442+0000] {local_task_job_runner.py:123} INFO - ::group::Pre task execution logs
[2025-03-26T12:37:10.568+0000] {taskinstance.py:2614} INFO - Dependencies all met for dep_context=non-requeueable deps ti=<TaskInstance: historical_weather_etl.run_historical_script manual__2025-03-26T12:37:08.298488+00:00 [queued]>
[2025-03-26T12:37:10.579+0000] {taskinstance.py:2614} INFO - Dependencies all met for dep_context=requeueable deps ti=<TaskInstance: historical_weather_etl.run_historical_script manual__2025-03-26T12:37:08.298488+00:00 [queued]>
[2025-03-26T12:37:10.582+0000] {taskinstance.py:2867} INFO - Starting attempt 1 of 2
[2025-03-26T12:37:10.596+0000] {taskinstance.py:2890} INFO - Executing <Task(BashOperator): run_historical_script> on 2025-03-26 12:37:08.298488+00:00
[2025-03-26T12:37:10.602+0000] {standard_task_runner.py:72} INFO - Started process 83410 to run task
[2025-03-26T12:37:10.606+0000] {standard_task_runner.py:104} INFO - Running: ['***', 'tasks', 'run', 'historical_weather_etl', 'run_historical_script', 'manual__2025-03-26T12:37:08.298488+00:00', '--job-id', '88', '--raw', '--subdir', 'DAGS_FOLDER/historical_dag.py', '--cfg-path', '/tmp/tmp7u4eds4q']
[2025-03-26T12:37:10.607+0000] {standard_task_runner.py:105} INFO - Job 88: Subtask run_historical_script
[2025-03-26T12:37:10.650+0000] {task_command.py:467} INFO - Running <TaskInstance: historical_weather_etl.run_historical_script manual__2025-03-26T12:37:08.298488+00:00 [running]> on host 3c3c1f66214b
[2025-03-26T12:37:10.729+0000] {taskinstance.py:3134} INFO - Exporting env vars: AIRFLOW_CTX_DAG_OWNER='***' AIRFLOW_CTX_DAG_ID='historical_weather_etl' AIRFLOW_CTX_TASK_ID='run_historical_script' AIRFLOW_CTX_EXECUTION_DATE='2025-03-26T12:37:08.298488+00:00' AIRFLOW_CTX_TRY_NUMBER='1' AIRFLOW_CTX_DAG_RUN_ID='manual__2025-03-26T12:37:08.298488+00:00'
[2025-03-26T12:37:10.731+0000] {logging_mixin.py:190} INFO - Task instance is in running state
[2025-03-26T12:37:10.731+0000] {logging_mixin.py:190} INFO -  Previous state of the Task instance: queued
[2025-03-26T12:37:10.732+0000] {logging_mixin.py:190} INFO - Current task name:run_historical_script state:running start_date:2025-03-26 12:37:10.570646+00:00
[2025-03-26T12:37:10.733+0000] {logging_mixin.py:190} INFO - Dag name:historical_weather_etl and current dag run status:running
[2025-03-26T12:37:10.734+0000] {taskinstance.py:732} INFO - ::endgroup::
[2025-03-26T12:37:10.736+0000] {subprocess.py:78} INFO - Tmp dir root location: /tmp
[2025-03-26T12:37:10.737+0000] {subprocess.py:88} INFO - Running command: ['/usr/bin/bash', '-c', 'python /opt/***/dags/historical.py']
[2025-03-26T12:37:10.746+0000] {subprocess.py:99} INFO - Output:
[2025-03-26T12:37:13.234+0000] {subprocess.py:106} INFO - 25/03/26 12:37:13 WARN NativeCodeLoader: Unable to load native-hadoop library for your platform... using builtin-java classes where applicable
[2025-03-26T12:37:13.412+0000] {subprocess.py:106} INFO - Setting default log level to "WARN".
[2025-03-26T12:37:13.417+0000] {subprocess.py:106} INFO - To adjust logging level use sc.setLogLevel(newLevel). For SparkR, use setLogLevel(newLevel).
[2025-03-26T12:37:22.441+0000] {subprocess.py:106} INFO - [Stage 0:>                                                          (0 + 8) / 8]                                                                                +-----+----------------+-----------+--------+--------+---------+---------+-------------+----------------------------------------------+
[2025-03-26T12:37:22.448+0000] {subprocess.py:106} INFO - |city |local_time      |temperature|wind_kph|humidity|feelslike|precip_mm|text         |icon                                          |
[2025-03-26T12:37:22.453+0000] {subprocess.py:106} INFO - +-----+----------------+-----------+--------+--------+---------+---------+-------------+----------------------------------------------+
[2025-03-26T12:37:22.457+0000] {subprocess.py:106} INFO - |elche|2025-03-24 04:00|9.4        |17.4    |63      |9.4      |0.0      |Sunny        |//cdn.weatherapi.com/weather/64x64/day/113.png|
[2025-03-26T12:37:22.460+0000] {subprocess.py:106} INFO - |elche|2025-03-24 09:00|11.6       |10.9    |57      |11.6     |0.0      |Mostly Clear |//cdn.weatherapi.com/weather/64x64/day/116.png|
[2025-03-26T12:37:22.463+0000] {subprocess.py:106} INFO - |elche|2025-03-24 15:00|19.1       |9.0     |29      |19.1     |0.1      |Light Drizzle|//cdn.weatherapi.com/weather/64x64/day/176.png|
[2025-03-26T12:37:22.466+0000] {subprocess.py:106} INFO - |elche|2025-03-24 22:00|11.6       |5.6     |62      |11.6     |0.0      |Cloudy       |//cdn.weatherapi.com/weather/64x64/day/119.png|
[2025-03-26T12:37:22.468+0000] {subprocess.py:106} INFO - +-----+----------------+-----------+--------+--------+---------+---------+-------------+----------------------------------------------+
[2025-03-26T12:37:22.470+0000] {subprocess.py:106} INFO - 
[2025-03-26T12:37:22.933+0000] {subprocess.py:110} INFO - Command exited with return code 0
[2025-03-26T12:37:22.955+0000] {taskinstance.py:341} INFO - ::group::Post task execution logs
[2025-03-26T12:37:22.956+0000] {taskinstance.py:353} INFO - Marking task as SUCCESS. dag_id=historical_weather_etl, task_id=run_historical_script, run_id=manual__2025-03-26T12:37:08.298488+00:00, execution_date=20250326T123708, start_date=20250326T123710, end_date=20250326T123722
[2025-03-26T12:37:22.976+0000] {logging_mixin.py:190} INFO - Task instance in success state
[2025-03-26T12:37:22.978+0000] {logging_mixin.py:190} INFO -  Previous state of the Task instance: running
[2025-03-26T12:37:22.979+0000] {logging_mixin.py:190} INFO - Dag name:historical_weather_etl queued_at:2025-03-26 12:37:08.310672+00:00
[2025-03-26T12:37:22.980+0000] {logging_mixin.py:190} INFO - Task hostname:3c3c1f66214b operator:BashOperator
[2025-03-26T12:37:23.013+0000] {local_task_job_runner.py:266} INFO - Task exited with return code 0
[2025-03-26T12:37:23.026+0000] {taskinstance.py:3901} INFO - 0 downstream tasks scheduled from follow-on schedule check
[2025-03-26T12:37:23.028+0000] {local_task_job_runner.py:245} INFO - ::endgroup::
