[2025-04-09T11:02:55.449+0000] {local_task_job_runner.py:123} INFO - ::group::Pre task execution logs
[2025-04-09T11:02:55.615+0000] {taskinstance.py:2614} INFO - Dependencies all met for dep_context=non-requeueable deps ti=<TaskInstance: daily_weather_etl.run_prediction_script manual__2025-04-09T10:57:48.396541+00:00 [queued]>
[2025-04-09T11:02:55.630+0000] {taskinstance.py:2614} INFO - Dependencies all met for dep_context=requeueable deps ti=<TaskInstance: daily_weather_etl.run_prediction_script manual__2025-04-09T10:57:48.396541+00:00 [queued]>
[2025-04-09T11:02:55.634+0000] {taskinstance.py:2867} INFO - Starting attempt 2 of 2
[2025-04-09T11:02:55.653+0000] {taskinstance.py:2890} INFO - Executing <Task(BashOperator): run_prediction_script> on 2025-04-09 10:57:48.396541+00:00
[2025-04-09T11:02:55.661+0000] {standard_task_runner.py:72} INFO - Started process 16637 to run task
[2025-04-09T11:02:55.666+0000] {standard_task_runner.py:104} INFO - Running: ['***', 'tasks', 'run', 'daily_weather_etl', 'run_prediction_script', 'manual__2025-04-09T10:57:48.396541+00:00', '--job-id', '270', '--raw', '--subdir', 'DAGS_FOLDER/weather_dag.py', '--cfg-path', '/tmp/tmpnnj33rlx']
[2025-04-09T11:02:55.669+0000] {standard_task_runner.py:105} INFO - Job 270: Subtask run_prediction_script
[2025-04-09T11:02:55.733+0000] {task_command.py:467} INFO - Running <TaskInstance: daily_weather_etl.run_prediction_script manual__2025-04-09T10:57:48.396541+00:00 [running]> on host 3c3c1f66214b
[2025-04-09T11:02:55.864+0000] {taskinstance.py:3134} INFO - Exporting env vars: AIRFLOW_CTX_DAG_OWNER='***' AIRFLOW_CTX_DAG_ID='daily_weather_etl' AIRFLOW_CTX_TASK_ID='run_prediction_script' AIRFLOW_CTX_EXECUTION_DATE='2025-04-09T10:57:48.396541+00:00' AIRFLOW_CTX_TRY_NUMBER='2' AIRFLOW_CTX_DAG_RUN_ID='manual__2025-04-09T10:57:48.396541+00:00'
[2025-04-09T11:02:55.867+0000] {logging_mixin.py:190} INFO - Task instance is in running state
[2025-04-09T11:02:55.869+0000] {logging_mixin.py:190} INFO -  Previous state of the Task instance: queued
[2025-04-09T11:02:55.870+0000] {logging_mixin.py:190} INFO - Current task name:run_prediction_script state:running start_date:2025-04-09 11:02:55.617559+00:00
[2025-04-09T11:02:55.872+0000] {logging_mixin.py:190} INFO - Dag name:daily_weather_etl and current dag run status:running
[2025-04-09T11:02:55.873+0000] {taskinstance.py:732} INFO - ::endgroup::
[2025-04-09T11:02:55.876+0000] {subprocess.py:78} INFO - Tmp dir root location: /tmp
[2025-04-09T11:02:55.878+0000] {subprocess.py:88} INFO - Running command: ['/usr/bin/bash', '-c', 'python /opt/***/dags/ml_prediction.py']
[2025-04-09T11:02:55.898+0000] {subprocess.py:99} INFO - Output:
[2025-04-09T11:02:59.406+0000] {subprocess.py:106} INFO - 25/04/09 11:02:59 WARN NativeCodeLoader: Unable to load native-hadoop library for your platform... using builtin-java classes where applicable
[2025-04-09T11:02:59.653+0000] {subprocess.py:106} INFO - Setting default log level to "WARN".
[2025-04-09T11:02:59.655+0000] {subprocess.py:106} INFO - To adjust logging level use sc.setLogLevel(newLevel). For SparkR, use setLogLevel(newLevel).
[2025-04-09T11:03:03.847+0000] {subprocess.py:106} INFO - Error: an integer is required (got type Column)
[2025-04-09T11:03:04.322+0000] {subprocess.py:110} INFO - Command exited with return code 0
[2025-04-09T11:03:04.360+0000] {taskinstance.py:341} INFO - ::group::Post task execution logs
[2025-04-09T11:03:04.362+0000] {taskinstance.py:353} INFO - Marking task as SUCCESS. dag_id=daily_weather_etl, task_id=run_prediction_script, run_id=manual__2025-04-09T10:57:48.396541+00:00, execution_date=20250409T105748, start_date=20250409T110255, end_date=20250409T110304
[2025-04-09T11:03:04.395+0000] {logging_mixin.py:190} INFO - Task instance in success state
[2025-04-09T11:03:04.397+0000] {logging_mixin.py:190} INFO -  Previous state of the Task instance: running
[2025-04-09T11:03:04.399+0000] {logging_mixin.py:190} INFO - Dag name:daily_weather_etl queued_at:2025-04-09 10:57:48.423487+00:00
[2025-04-09T11:03:04.400+0000] {logging_mixin.py:190} INFO - Task hostname:3c3c1f66214b operator:BashOperator
[2025-04-09T11:03:04.449+0000] {local_task_job_runner.py:266} INFO - Task exited with return code 0
[2025-04-09T11:03:04.470+0000] {taskinstance.py:3901} INFO - 0 downstream tasks scheduled from follow-on schedule check
[2025-04-09T11:03:04.474+0000] {local_task_job_runner.py:245} INFO - ::endgroup::
