[2025-04-17T07:00:19.352+0000] {local_task_job_runner.py:123} INFO - ::group::Pre task execution logs
[2025-04-17T07:00:19.500+0000] {taskinstance.py:2614} INFO - Dependencies all met for dep_context=non-requeueable deps ti=<TaskInstance: daily_weather_etl.run_minio_script scheduled__2025-04-16T07:00:00+00:00 [queued]>
[2025-04-17T07:00:19.514+0000] {taskinstance.py:2614} INFO - Dependencies all met for dep_context=requeueable deps ti=<TaskInstance: daily_weather_etl.run_minio_script scheduled__2025-04-16T07:00:00+00:00 [queued]>
[2025-04-17T07:00:19.517+0000] {taskinstance.py:2867} INFO - Starting attempt 1 of 2
[2025-04-17T07:00:19.532+0000] {taskinstance.py:2890} INFO - Executing <Task(BashOperator): run_minio_script> on 2025-04-16 07:00:00+00:00
[2025-04-17T07:00:19.539+0000] {standard_task_runner.py:72} INFO - Started process 215 to run task
[2025-04-17T07:00:19.545+0000] {standard_task_runner.py:104} INFO - Running: ['***', 'tasks', 'run', 'daily_weather_etl', 'run_minio_script', 'scheduled__2025-04-16T07:00:00+00:00', '--job-id', '337', '--raw', '--subdir', 'DAGS_FOLDER/weather_dag.py', '--cfg-path', '/tmp/tmp0w2whvk3']
[2025-04-17T07:00:19.547+0000] {standard_task_runner.py:105} INFO - Job 337: Subtask run_minio_script
[2025-04-17T07:00:19.610+0000] {task_command.py:467} INFO - Running <TaskInstance: daily_weather_etl.run_minio_script scheduled__2025-04-16T07:00:00+00:00 [running]> on host 3c3c1f66214b
[2025-04-17T07:00:19.698+0000] {taskinstance.py:3134} INFO - Exporting env vars: AIRFLOW_CTX_DAG_OWNER='***' AIRFLOW_CTX_DAG_ID='daily_weather_etl' AIRFLOW_CTX_TASK_ID='run_minio_script' AIRFLOW_CTX_EXECUTION_DATE='2025-04-16T07:00:00+00:00' AIRFLOW_CTX_TRY_NUMBER='1' AIRFLOW_CTX_DAG_RUN_ID='scheduled__2025-04-16T07:00:00+00:00'
[2025-04-17T07:00:19.699+0000] {logging_mixin.py:190} INFO - Task instance is in running state
[2025-04-17T07:00:19.700+0000] {logging_mixin.py:190} INFO -  Previous state of the Task instance: queued
[2025-04-17T07:00:19.701+0000] {logging_mixin.py:190} INFO - Current task name:run_minio_script state:running start_date:2025-04-17 07:00:19.501435+00:00
[2025-04-17T07:00:19.701+0000] {logging_mixin.py:190} INFO - Dag name:daily_weather_etl and current dag run status:running
[2025-04-17T07:00:19.702+0000] {taskinstance.py:732} INFO - ::endgroup::
[2025-04-17T07:00:19.703+0000] {subprocess.py:78} INFO - Tmp dir root location: /tmp
[2025-04-17T07:00:19.705+0000] {subprocess.py:88} INFO - Running command: ['/usr/bin/bash', '-c', 'python /opt/***/dags/minio.py']
[2025-04-17T07:00:19.718+0000] {subprocess.py:99} INFO - Output:
[2025-04-17T07:00:22.270+0000] {subprocess.py:106} INFO - Setting default log level to "WARN".
[2025-04-17T07:00:22.272+0000] {subprocess.py:106} INFO - To adjust logging level use sc.setLogLevel(newLevel). For SparkR, use setLogLevel(newLevel).
[2025-04-17T07:00:22.467+0000] {subprocess.py:106} INFO - 25/04/17 07:00:22 WARN NativeCodeLoader: Unable to load native-hadoop library for your platform... using builtin-java classes where applicable
[2025-04-17T07:00:44.508+0000] {subprocess.py:106} INFO - [Stage 0:>                                                          (0 + 8) / 8]                                                                                [Stage 58:>                                                         (0 + 1) / 1]                                                                                +-----+-------------------+-----------+--------+--------+---------+---------+------------+
[2025-04-17T07:00:44.511+0000] {subprocess.py:106} INFO - |city |local_time         |temperature|wind_kph|humidity|feelslike|precip_mm|text        |
[2025-04-17T07:00:44.515+0000] {subprocess.py:106} INFO - +-----+-------------------+-----------+--------+--------+---------+---------+------------+
[2025-04-17T07:00:44.519+0000] {subprocess.py:106} INFO - |elche|2025-04-15 04:00:00|14.8       |7.2     |63      |14.8     |0.0      |Cloudy      |
[2025-04-17T07:00:44.522+0000] {subprocess.py:106} INFO - |elche|2025-04-15 09:00:00|15.6       |12.8    |58      |15.6     |0.0      |Cloudy      |
[2025-04-17T07:00:44.527+0000] {subprocess.py:106} INFO - |elche|2025-04-15 15:00:00|21.2       |15.6    |27      |21.2     |0.0      |Mostly Clear|
[2025-04-17T07:00:44.530+0000] {subprocess.py:106} INFO - |elche|2025-04-15 22:00:00|14.0       |15.3    |48      |14.0     |0.0      |Sunny       |
[2025-04-17T07:00:44.533+0000] {subprocess.py:106} INFO - +-----+-------------------+-----------+--------+--------+---------+---------+------------+
[2025-04-17T07:00:44.537+0000] {subprocess.py:106} INFO - 
[2025-04-17T07:00:44.541+0000] {subprocess.py:106} INFO - +------+-------------------+-----------+--------+--------+---------+---------+-------------+
[2025-04-17T07:00:44.544+0000] {subprocess.py:106} INFO - |city  |local_time         |temperature|wind_kph|humidity|feelslike|precip_mm|text         |
[2025-04-17T07:00:44.546+0000] {subprocess.py:106} INFO - +------+-------------------+-----------+--------+--------+---------+---------+-------------+
[2025-04-17T07:00:44.549+0000] {subprocess.py:106} INFO - |madrid|2025-04-15 04:00:00|7.9        |14.0    |93      |7.9      |0.2      |Light Drizzle|
[2025-04-17T07:00:44.551+0000] {subprocess.py:106} INFO - |madrid|2025-04-15 09:00:00|6.6        |12.7    |90      |6.6      |0.0      |Cloudy       |
[2025-04-17T07:00:44.553+0000] {subprocess.py:106} INFO - |madrid|2025-04-15 15:00:00|10.5       |15.7    |64      |10.5     |0.1      |Light Drizzle|
[2025-04-17T07:00:44.556+0000] {subprocess.py:106} INFO - |madrid|2025-04-15 22:00:00|7.8        |10.2    |62      |7.8      |0.0      |Cloudy       |
[2025-04-17T07:00:44.558+0000] {subprocess.py:106} INFO - +------+-------------------+-----------+--------+--------+---------+---------+-------------+
[2025-04-17T07:00:44.560+0000] {subprocess.py:106} INFO - 
[2025-04-17T07:00:44.561+0000] {subprocess.py:106} INFO - +--------------------+-------------------+-----------+--------+--------+---------+---------+-------------+
[2025-04-17T07:00:44.563+0000] {subprocess.py:106} INFO - |city                |local_time         |temperature|wind_kph|humidity|feelslike|precip_mm|text         |
[2025-04-17T07:00:44.565+0000] {subprocess.py:106} INFO - +--------------------+-------------------+-----------+--------+--------+---------+---------+-------------+
[2025-04-17T07:00:44.567+0000] {subprocess.py:106} INFO - |san juan de alicante|2025-04-15 04:00:00|15.6       |11.0    |56      |15.6     |0.0      |Cloudy       |
[2025-04-17T07:00:44.568+0000] {subprocess.py:106} INFO - |san juan de alicante|2025-04-15 09:00:00|16.3       |16.1    |53      |16.3     |0.0      |Cloudy       |
[2025-04-17T07:00:44.569+0000] {subprocess.py:106} INFO - |san juan de alicante|2025-04-15 15:00:00|20.8       |14.5    |30      |20.8     |0.0      |Partly Cloudy|
[2025-04-17T07:00:44.571+0000] {subprocess.py:106} INFO - |san juan de alicante|2025-04-15 22:00:00|14.1       |11.6    |48      |14.1     |0.0      |Sunny        |
[2025-04-17T07:00:44.573+0000] {subprocess.py:106} INFO - +--------------------+-------------------+-----------+--------+--------+---------+---------+-------------+
[2025-04-17T07:00:44.574+0000] {subprocess.py:106} INFO - 
[2025-04-17T07:00:44.575+0000] {subprocess.py:106} INFO - +----------+-------------------+-----------+--------+--------+---------+---------+----------+
[2025-04-17T07:00:44.577+0000] {subprocess.py:106} INFO - |city      |local_time         |temperature|wind_kph|humidity|feelslike|precip_mm|text      |
[2025-04-17T07:00:44.578+0000] {subprocess.py:106} INFO - +----------+-------------------+-----------+--------+--------+---------+---------+----------+
[2025-04-17T07:00:44.580+0000] {subprocess.py:106} INFO - |torrevieja|2025-04-15 04:00:00|16.1       |7.6     |71      |16.1     |0.0      |Cloudy    |
[2025-04-17T07:00:44.582+0000] {subprocess.py:106} INFO - |torrevieja|2025-04-15 09:00:00|15.6       |12.4    |72      |15.6     |0.0      |Cloudy    |
[2025-04-17T07:00:44.583+0000] {subprocess.py:106} INFO - |torrevieja|2025-04-15 15:00:00|16.7       |18.1    |66      |16.7     |1.5      |Light Rain|
[2025-04-17T07:00:44.584+0000] {subprocess.py:106} INFO - |torrevieja|2025-04-15 22:00:00|14.7       |20.0    |56      |14.7     |0.0      |Sunny     |
[2025-04-17T07:00:44.585+0000] {subprocess.py:106} INFO - +----------+-------------------+-----------+--------+--------+---------+---------+----------+
[2025-04-17T07:00:44.586+0000] {subprocess.py:106} INFO - 
[2025-04-17T07:00:44.587+0000] {subprocess.py:106} INFO - +--------+-------------------+-----------+--------+--------+---------+---------+------------+
[2025-04-17T07:00:44.588+0000] {subprocess.py:106} INFO - |city    |local_time         |temperature|wind_kph|humidity|feelslike|precip_mm|text        |
[2025-04-17T07:00:44.589+0000] {subprocess.py:106} INFO - +--------+-------------------+-----------+--------+--------+---------+---------+------------+
[2025-04-17T07:00:44.590+0000] {subprocess.py:106} INFO - |valencia|2025-04-15 04:00:00|15.8       |15.8    |60      |15.8     |0.0      |Cloudy      |
[2025-04-17T07:00:44.591+0000] {subprocess.py:106} INFO - |valencia|2025-04-15 09:00:00|14.5       |19.3    |60      |14.5     |0.0      |Cloudy      |
[2025-04-17T07:00:44.592+0000] {subprocess.py:106} INFO - |valencia|2025-04-15 15:00:00|20.6       |18.6    |27      |20.6     |0.0      |Mostly Clear|
[2025-04-17T07:00:44.593+0000] {subprocess.py:106} INFO - |valencia|2025-04-15 22:00:00|14.9       |20.1    |47      |14.9     |0.0      |Sunny       |
[2025-04-17T07:00:44.594+0000] {subprocess.py:106} INFO - +--------+-------------------+-----------+--------+--------+---------+---------+------------+
[2025-04-17T07:00:44.596+0000] {subprocess.py:106} INFO - 
[2025-04-17T07:00:44.597+0000] {subprocess.py:106} INFO - +--------------------+-------------------+-----------+--------+--------+---------+---------+-------------+
[2025-04-17T07:00:44.598+0000] {subprocess.py:106} INFO - |                city|         local_time|temperature|wind_kph|humidity|feelslike|precip_mm|         text|
[2025-04-17T07:00:44.599+0000] {subprocess.py:106} INFO - +--------------------+-------------------+-----------+--------+--------+---------+---------+-------------+
[2025-04-17T07:00:44.600+0000] {subprocess.py:106} INFO - |               elche|2025-04-15 04:00:00|       14.8|     7.2|      63|     14.8|      0.0|       Cloudy|
[2025-04-17T07:00:44.601+0000] {subprocess.py:106} INFO - |               elche|2025-04-15 09:00:00|       15.6|    12.8|      58|     15.6|      0.0|       Cloudy|
[2025-04-17T07:00:44.602+0000] {subprocess.py:106} INFO - |               elche|2025-04-15 15:00:00|       21.2|    15.6|      27|     21.2|      0.0| Mostly Clear|
[2025-04-17T07:00:44.603+0000] {subprocess.py:106} INFO - |               elche|2025-04-15 22:00:00|       14.0|    15.3|      48|     14.0|      0.0|        Sunny|
[2025-04-17T07:00:44.604+0000] {subprocess.py:106} INFO - |              madrid|2025-04-15 04:00:00|        7.9|    14.0|      93|      7.9|      0.2|Light Drizzle|
[2025-04-17T07:00:44.605+0000] {subprocess.py:106} INFO - |              madrid|2025-04-15 09:00:00|        6.6|    12.7|      90|      6.6|      0.0|       Cloudy|
[2025-04-17T07:00:44.606+0000] {subprocess.py:106} INFO - |              madrid|2025-04-15 15:00:00|       10.5|    15.7|      64|     10.5|      0.1|Light Drizzle|
[2025-04-17T07:00:44.607+0000] {subprocess.py:106} INFO - |              madrid|2025-04-15 22:00:00|        7.8|    10.2|      62|      7.8|      0.0|       Cloudy|
[2025-04-17T07:00:44.608+0000] {subprocess.py:106} INFO - |san juan de alicante|2025-04-15 04:00:00|       15.6|    11.0|      56|     15.6|      0.0|       Cloudy|
[2025-04-17T07:00:44.609+0000] {subprocess.py:106} INFO - |san juan de alicante|2025-04-15 09:00:00|       16.3|    16.1|      53|     16.3|      0.0|       Cloudy|
[2025-04-17T07:00:44.610+0000] {subprocess.py:106} INFO - |san juan de alicante|2025-04-15 15:00:00|       20.8|    14.5|      30|     20.8|      0.0|Partly Cloudy|
[2025-04-17T07:00:44.612+0000] {subprocess.py:106} INFO - |san juan de alicante|2025-04-15 22:00:00|       14.1|    11.6|      48|     14.1|      0.0|        Sunny|
[2025-04-17T07:00:44.614+0000] {subprocess.py:106} INFO - |          torrevieja|2025-04-15 04:00:00|       16.1|     7.6|      71|     16.1|      0.0|       Cloudy|
[2025-04-17T07:00:44.615+0000] {subprocess.py:106} INFO - |          torrevieja|2025-04-15 09:00:00|       15.6|    12.4|      72|     15.6|      0.0|       Cloudy|
[2025-04-17T07:00:44.616+0000] {subprocess.py:106} INFO - |          torrevieja|2025-04-15 15:00:00|       16.7|    18.1|      66|     16.7|      1.5|   Light Rain|
[2025-04-17T07:00:44.618+0000] {subprocess.py:106} INFO - |          torrevieja|2025-04-15 22:00:00|       14.7|    20.0|      56|     14.7|      0.0|        Sunny|
[2025-04-17T07:00:44.619+0000] {subprocess.py:106} INFO - |            valencia|2025-04-15 04:00:00|       15.8|    15.8|      60|     15.8|      0.0|       Cloudy|
[2025-04-17T07:00:44.620+0000] {subprocess.py:106} INFO - |            valencia|2025-04-15 09:00:00|       14.5|    19.3|      60|     14.5|      0.0|       Cloudy|
[2025-04-17T07:00:44.621+0000] {subprocess.py:106} INFO - |            valencia|2025-04-15 15:00:00|       20.6|    18.6|      27|     20.6|      0.0| Mostly Clear|
[2025-04-17T07:00:44.622+0000] {subprocess.py:106} INFO - |            valencia|2025-04-15 22:00:00|       14.9|    20.1|      47|     14.9|      0.0|        Sunny|
[2025-04-17T07:00:44.623+0000] {subprocess.py:106} INFO - +--------------------+-------------------+-----------+--------+--------+---------+---------+-------------+
[2025-04-17T07:00:44.624+0000] {subprocess.py:106} INFO - 
[2025-04-17T07:00:44.625+0000] {subprocess.py:106} INFO - Nombre de la carpeta: 2025-04-15
[2025-04-17T07:00:44.626+0000] {subprocess.py:106} INFO - Archivo Parquet generado: /tmp/tmp40gab58j/2025-04-15/part-00000-3a166535-2405-40df-9633-a21708a03d58-c000.snappy.parquet
[2025-04-17T07:00:44.627+0000] {subprocess.py:106} INFO - Archivo subido correctamente a MinIO en: 2025-04-15/2025-04-15.parquet
[2025-04-17T07:00:45.134+0000] {subprocess.py:110} INFO - Command exited with return code 0
[2025-04-17T07:00:45.158+0000] {taskinstance.py:341} INFO - ::group::Post task execution logs
[2025-04-17T07:00:45.160+0000] {taskinstance.py:353} INFO - Marking task as SUCCESS. dag_id=daily_weather_etl, task_id=run_minio_script, run_id=scheduled__2025-04-16T07:00:00+00:00, execution_date=20250416T070000, start_date=20250417T070019, end_date=20250417T070045
[2025-04-17T07:00:45.183+0000] {logging_mixin.py:190} INFO - Task instance in success state
[2025-04-17T07:00:45.184+0000] {logging_mixin.py:190} INFO -  Previous state of the Task instance: running
[2025-04-17T07:00:45.185+0000] {logging_mixin.py:190} INFO - Dag name:daily_weather_etl queued_at:2025-04-17 07:00:01.577037+00:00
[2025-04-17T07:00:45.186+0000] {logging_mixin.py:190} INFO - Task hostname:3c3c1f66214b operator:BashOperator
[2025-04-17T07:00:45.229+0000] {local_task_job_runner.py:266} INFO - Task exited with return code 0
[2025-04-17T07:00:45.255+0000] {taskinstance.py:3901} INFO - 1 downstream tasks scheduled from follow-on schedule check
[2025-04-17T07:00:45.257+0000] {local_task_job_runner.py:245} INFO - ::endgroup::
