[2025-03-30T10:31:24.324+0000] {local_task_job_runner.py:123} INFO - ::group::Pre task execution logs
[2025-03-30T10:31:24.606+0000] {taskinstance.py:2614} INFO - Dependencies all met for dep_context=non-requeueable deps ti=<TaskInstance: daily_weather_etl.run_minio_script scheduled__2025-03-28T08:00:00+00:00 [queued]>
[2025-03-30T10:31:24.631+0000] {taskinstance.py:2614} INFO - Dependencies all met for dep_context=requeueable deps ti=<TaskInstance: daily_weather_etl.run_minio_script scheduled__2025-03-28T08:00:00+00:00 [queued]>
[2025-03-30T10:31:24.634+0000] {taskinstance.py:2867} INFO - Starting attempt 1 of 2
[2025-03-30T10:31:24.664+0000] {taskinstance.py:2890} INFO - Executing <Task(BashOperator): run_minio_script> on 2025-03-28 08:00:00+00:00
[2025-03-30T10:31:24.685+0000] {standard_task_runner.py:72} INFO - Started process 413 to run task
[2025-03-30T10:31:24.693+0000] {standard_task_runner.py:104} INFO - Running: ['***', 'tasks', 'run', 'daily_weather_etl', 'run_minio_script', 'scheduled__2025-03-28T08:00:00+00:00', '--job-id', '146', '--raw', '--subdir', 'DAGS_FOLDER/weather_dag.py', '--cfg-path', '/tmp/tmpp617b958']
[2025-03-30T10:31:24.698+0000] {standard_task_runner.py:105} INFO - Job 146: Subtask run_minio_script
[2025-03-30T10:31:24.783+0000] {task_command.py:467} INFO - Running <TaskInstance: daily_weather_etl.run_minio_script scheduled__2025-03-28T08:00:00+00:00 [running]> on host 3c3c1f66214b
[2025-03-30T10:31:24.938+0000] {taskinstance.py:3134} INFO - Exporting env vars: AIRFLOW_CTX_DAG_OWNER='***' AIRFLOW_CTX_DAG_ID='daily_weather_etl' AIRFLOW_CTX_TASK_ID='run_minio_script' AIRFLOW_CTX_EXECUTION_DATE='2025-03-28T08:00:00+00:00' AIRFLOW_CTX_TRY_NUMBER='1' AIRFLOW_CTX_DAG_RUN_ID='scheduled__2025-03-28T08:00:00+00:00'
[2025-03-30T10:31:24.941+0000] {logging_mixin.py:190} INFO - Task instance is in running state
[2025-03-30T10:31:24.943+0000] {logging_mixin.py:190} INFO -  Previous state of the Task instance: queued
[2025-03-30T10:31:24.945+0000] {logging_mixin.py:190} INFO - Current task name:run_minio_script state:running start_date:2025-03-30 10:31:24.607831+00:00
[2025-03-30T10:31:24.946+0000] {logging_mixin.py:190} INFO - Dag name:daily_weather_etl and current dag run status:running
[2025-03-30T10:31:24.948+0000] {taskinstance.py:732} INFO - ::endgroup::
[2025-03-30T10:31:24.950+0000] {subprocess.py:78} INFO - Tmp dir root location: /tmp
[2025-03-30T10:31:24.952+0000] {subprocess.py:88} INFO - Running command: ['/usr/bin/bash', '-c', 'python /opt/***/dags/minio.py']
[2025-03-30T10:31:24.968+0000] {subprocess.py:99} INFO - Output:
[2025-03-30T10:31:30.473+0000] {subprocess.py:106} INFO - Setting default log level to "WARN".
[2025-03-30T10:31:30.476+0000] {subprocess.py:106} INFO - To adjust logging level use sc.setLogLevel(newLevel). For SparkR, use setLogLevel(newLevel).
[2025-03-30T10:31:31.332+0000] {subprocess.py:106} INFO - 25/03/30 10:31:31 WARN NativeCodeLoader: Unable to load native-hadoop library for your platform... using builtin-java classes where applicable
[2025-03-30T10:31:33.602+0000] {subprocess.py:106} INFO - 25/03/30 10:31:33 WARN Utils: Service 'SparkUI' could not bind on port 4040. Attempting port 4041.
[2025-03-30T10:31:35.434+0000] {subprocess.py:106} INFO - Error: name 'latitude' is not defined
[2025-03-30T10:31:36.005+0000] {subprocess.py:110} INFO - Command exited with return code 0
[2025-03-30T10:31:36.043+0000] {taskinstance.py:341} INFO - ::group::Post task execution logs
[2025-03-30T10:31:36.045+0000] {taskinstance.py:353} INFO - Marking task as SUCCESS. dag_id=daily_weather_etl, task_id=run_minio_script, run_id=scheduled__2025-03-28T08:00:00+00:00, execution_date=20250328T080000, start_date=20250330T103124, end_date=20250330T103136
[2025-03-30T10:31:36.098+0000] {logging_mixin.py:190} INFO - Task instance in success state
[2025-03-30T10:31:36.100+0000] {logging_mixin.py:190} INFO -  Previous state of the Task instance: running
[2025-03-30T10:31:36.102+0000] {logging_mixin.py:190} INFO - Dag name:daily_weather_etl queued_at:2025-03-30 10:25:51.880233+00:00
[2025-03-30T10:31:36.103+0000] {logging_mixin.py:190} INFO - Task hostname:3c3c1f66214b operator:BashOperator
[2025-03-30T10:31:36.123+0000] {local_task_job_runner.py:266} INFO - Task exited with return code 0
[2025-03-30T10:31:36.171+0000] {taskinstance.py:3901} INFO - 1 downstream tasks scheduled from follow-on schedule check
[2025-03-30T10:31:36.176+0000] {local_task_job_runner.py:245} INFO - ::endgroup::
