[2025-04-04T07:00:04.106+0000] {local_task_job_runner.py:123} INFO - ::group::Pre task execution logs
[2025-04-04T07:00:04.226+0000] {taskinstance.py:2614} INFO - Dependencies all met for dep_context=non-requeueable deps ti=<TaskInstance: daily_weather_etl.run_main_script scheduled__2025-04-03T07:00:00+00:00 [queued]>
[2025-04-04T07:00:04.235+0000] {taskinstance.py:2614} INFO - Dependencies all met for dep_context=requeueable deps ti=<TaskInstance: daily_weather_etl.run_main_script scheduled__2025-04-03T07:00:00+00:00 [queued]>
[2025-04-04T07:00:04.236+0000] {taskinstance.py:2867} INFO - Starting attempt 1 of 2
[2025-04-04T07:00:04.250+0000] {taskinstance.py:2890} INFO - Executing <Task(BashOperator): run_main_script> on 2025-04-03 07:00:00+00:00
[2025-04-04T07:00:04.256+0000] {standard_task_runner.py:72} INFO - Started process 55 to run task
[2025-04-04T07:00:04.260+0000] {standard_task_runner.py:104} INFO - Running: ['***', 'tasks', 'run', 'daily_weather_etl', 'run_main_script', 'scheduled__2025-04-03T07:00:00+00:00', '--job-id', '220', '--raw', '--subdir', 'DAGS_FOLDER/weather_dag.py', '--cfg-path', '/tmp/tmpupx0s8j9']
[2025-04-04T07:00:04.261+0000] {standard_task_runner.py:105} INFO - Job 220: Subtask run_main_script
[2025-04-04T07:00:04.304+0000] {task_command.py:467} INFO - Running <TaskInstance: daily_weather_etl.run_main_script scheduled__2025-04-03T07:00:00+00:00 [running]> on host 3c3c1f66214b
[2025-04-04T07:00:04.380+0000] {taskinstance.py:3134} INFO - Exporting env vars: AIRFLOW_CTX_DAG_OWNER='***' AIRFLOW_CTX_DAG_ID='daily_weather_etl' AIRFLOW_CTX_TASK_ID='run_main_script' AIRFLOW_CTX_EXECUTION_DATE='2025-04-03T07:00:00+00:00' AIRFLOW_CTX_TRY_NUMBER='1' AIRFLOW_CTX_DAG_RUN_ID='scheduled__2025-04-03T07:00:00+00:00'
[2025-04-04T07:00:04.382+0000] {logging_mixin.py:190} INFO - Task instance is in running state
[2025-04-04T07:00:04.383+0000] {logging_mixin.py:190} INFO -  Previous state of the Task instance: queued
[2025-04-04T07:00:04.384+0000] {logging_mixin.py:190} INFO - Current task name:run_main_script state:running start_date:2025-04-04 07:00:04.227660+00:00
[2025-04-04T07:00:04.384+0000] {logging_mixin.py:190} INFO - Dag name:daily_weather_etl and current dag run status:running
[2025-04-04T07:00:04.385+0000] {taskinstance.py:732} INFO - ::endgroup::
[2025-04-04T07:00:04.386+0000] {subprocess.py:78} INFO - Tmp dir root location: /tmp
[2025-04-04T07:00:04.387+0000] {subprocess.py:88} INFO - Running command: ['/usr/bin/bash', '-c', 'python /opt/***/dags/main.py']
[2025-04-04T07:00:04.397+0000] {subprocess.py:99} INFO - Output:
[2025-04-04T07:00:08.110+0000] {subprocess.py:106} INFO - 25/04/04 07:00:08 WARN NativeCodeLoader: Unable to load native-hadoop library for your platform... using builtin-java classes where applicable
[2025-04-04T07:00:08.454+0000] {subprocess.py:106} INFO - Setting default log level to "WARN".
[2025-04-04T07:00:08.455+0000] {subprocess.py:106} INFO - To adjust logging level use sc.setLogLevel(newLevel). For SparkR, use setLogLevel(newLevel).
[2025-04-04T07:00:11.253+0000] {subprocess.py:106} INFO - Ciudades registradas:
[2025-04-04T07:00:11.725+0000] {subprocess.py:110} INFO - Command exited with return code 0
[2025-04-04T07:00:11.752+0000] {taskinstance.py:341} INFO - ::group::Post task execution logs
[2025-04-04T07:00:11.754+0000] {taskinstance.py:353} INFO - Marking task as SUCCESS. dag_id=daily_weather_etl, task_id=run_main_script, run_id=scheduled__2025-04-03T07:00:00+00:00, execution_date=20250403T070000, start_date=20250404T070004, end_date=20250404T070011
[2025-04-04T07:00:11.776+0000] {logging_mixin.py:190} INFO - Task instance in success state
[2025-04-04T07:00:11.777+0000] {logging_mixin.py:190} INFO -  Previous state of the Task instance: running
[2025-04-04T07:00:11.777+0000] {logging_mixin.py:190} INFO - Dag name:daily_weather_etl queued_at:2025-04-04 07:00:01.357941+00:00
[2025-04-04T07:00:11.778+0000] {logging_mixin.py:190} INFO - Task hostname:3c3c1f66214b operator:BashOperator
[2025-04-04T07:00:11.797+0000] {local_task_job_runner.py:266} INFO - Task exited with return code 0
[2025-04-04T07:00:11.822+0000] {taskinstance.py:3901} INFO - 1 downstream tasks scheduled from follow-on schedule check
[2025-04-04T07:00:11.825+0000] {local_task_job_runner.py:245} INFO - ::endgroup::
