[2025-03-31T07:23:17.436+0000] {local_task_job_runner.py:123} INFO - ::group::Pre task execution logs
[2025-03-31T07:23:17.689+0000] {taskinstance.py:2614} INFO - Dependencies all met for dep_context=non-requeueable deps ti=<TaskInstance: daily_weather_etl.run_minio_script scheduled__2025-03-30T07:00:00+00:00 [queued]>
[2025-03-31T07:23:17.713+0000] {taskinstance.py:2614} INFO - Dependencies all met for dep_context=requeueable deps ti=<TaskInstance: daily_weather_etl.run_minio_script scheduled__2025-03-30T07:00:00+00:00 [queued]>
[2025-03-31T07:23:17.717+0000] {taskinstance.py:2867} INFO - Starting attempt 1 of 2
[2025-03-31T07:23:17.746+0000] {taskinstance.py:2890} INFO - Executing <Task(BashOperator): run_minio_script> on 2025-03-30 07:00:00+00:00
[2025-03-31T07:23:17.756+0000] {standard_task_runner.py:72} INFO - Started process 13490 to run task
[2025-03-31T07:23:17.762+0000] {standard_task_runner.py:104} INFO - Running: ['***', 'tasks', 'run', 'daily_weather_etl', 'run_minio_script', 'scheduled__2025-03-30T07:00:00+00:00', '--job-id', '203', '--raw', '--subdir', 'DAGS_FOLDER/weather_dag.py', '--cfg-path', '/tmp/tmpt5oqg1z1']
[2025-03-31T07:23:17.766+0000] {standard_task_runner.py:105} INFO - Job 203: Subtask run_minio_script
[2025-03-31T07:23:17.861+0000] {task_command.py:467} INFO - Running <TaskInstance: daily_weather_etl.run_minio_script scheduled__2025-03-30T07:00:00+00:00 [running]> on host 3c3c1f66214b
[2025-03-31T07:23:18.036+0000] {taskinstance.py:3134} INFO - Exporting env vars: AIRFLOW_CTX_DAG_OWNER='***' AIRFLOW_CTX_DAG_ID='daily_weather_etl' AIRFLOW_CTX_TASK_ID='run_minio_script' AIRFLOW_CTX_EXECUTION_DATE='2025-03-30T07:00:00+00:00' AIRFLOW_CTX_TRY_NUMBER='1' AIRFLOW_CTX_DAG_RUN_ID='scheduled__2025-03-30T07:00:00+00:00'
[2025-03-31T07:23:18.040+0000] {logging_mixin.py:190} INFO - Task instance is in running state
[2025-03-31T07:23:18.042+0000] {logging_mixin.py:190} INFO -  Previous state of the Task instance: queued
[2025-03-31T07:23:18.043+0000] {logging_mixin.py:190} INFO - Current task name:run_minio_script state:running start_date:2025-03-31 07:23:17.690982+00:00
[2025-03-31T07:23:18.045+0000] {logging_mixin.py:190} INFO - Dag name:daily_weather_etl and current dag run status:running
[2025-03-31T07:23:18.046+0000] {taskinstance.py:732} INFO - ::endgroup::
[2025-03-31T07:23:18.048+0000] {subprocess.py:78} INFO - Tmp dir root location: /tmp
[2025-03-31T07:23:18.051+0000] {subprocess.py:88} INFO - Running command: ['/usr/bin/bash', '-c', 'python /opt/***/dags/minio.py']
[2025-03-31T07:23:18.073+0000] {subprocess.py:99} INFO - Output:
[2025-03-31T07:23:22.605+0000] {subprocess.py:106} INFO - Setting default log level to "WARN".
[2025-03-31T07:23:22.607+0000] {subprocess.py:106} INFO - To adjust logging level use sc.setLogLevel(newLevel). For SparkR, use setLogLevel(newLevel).
[2025-03-31T07:23:22.904+0000] {subprocess.py:106} INFO - 25/03/31 07:23:22 WARN NativeCodeLoader: Unable to load native-hadoop library for your platform... using builtin-java classes where applicable
[2025-03-31T07:23:43.648+0000] {subprocess.py:106} INFO - [Stage 0:>                                                          (0 + 8) / 8]                                                                                +-----+----------+-----+-----------+--------+--------+---------+---------+-------------+----------------------------------------------+
[2025-03-31T07:23:43.656+0000] {subprocess.py:106} INFO - |city |date      |time |temperature|wind_kph|humidity|feelslike|precip_mm|text         |icon                                          |
[2025-03-31T07:23:43.660+0000] {subprocess.py:106} INFO - +-----+----------+-----+-----------+--------+--------+---------+---------+-------------+----------------------------------------------+
[2025-03-31T07:23:43.661+0000] {subprocess.py:106} INFO - |elche|2025-03-28|22:00|11.9       |5.5     |91      |11.9     |0.0      |Sunny        |//cdn.weatherapi.com/weather/64x64/day/113.png|
[2025-03-31T07:23:43.664+0000] {subprocess.py:106} INFO - |elche|2025-03-28|15:00|23.0       |14.8    |25      |23.0     |0.0      |Sunny        |//cdn.weatherapi.com/weather/64x64/day/113.png|
[2025-03-31T07:23:43.666+0000] {subprocess.py:106} INFO - |elche|2025-03-28|04:00|10.7       |9.1     |83      |10.7     |0.0      |Sunny        |//cdn.weatherapi.com/weather/64x64/day/113.png|
[2025-03-31T07:23:43.668+0000] {subprocess.py:106} INFO - |elche|2025-03-28|09:00|12.0       |14.2    |61      |12.0     |0.0      |Partly Cloudy|//cdn.weatherapi.com/weather/64x64/day/116.png|
[2025-03-31T07:23:43.671+0000] {subprocess.py:106} INFO - |elche|2025-03-29|15:00|24.1       |17.2    |16      |24.1     |0.0      |Sunny        |//cdn.weatherapi.com/weather/64x64/day/113.png|
[2025-03-31T07:23:43.674+0000] {subprocess.py:106} INFO - |elche|2025-03-29|09:00|13.4       |20.8    |40      |13.4     |0.0      |Sunny        |//cdn.weatherapi.com/weather/64x64/day/113.png|
[2025-03-31T07:23:43.676+0000] {subprocess.py:106} INFO - |elche|2025-03-29|22:00|13.3       |3.6     |59      |13.3     |0.0      |Sunny        |//cdn.weatherapi.com/weather/64x64/day/113.png|
[2025-03-31T07:23:43.677+0000] {subprocess.py:106} INFO - |elche|2025-03-29|04:00|14.1       |14.7    |45      |14.1     |0.0      |Sunny        |//cdn.weatherapi.com/weather/64x64/day/113.png|
[2025-03-31T07:23:43.679+0000] {subprocess.py:106} INFO - +-----+----------+-----+-----------+--------+--------+---------+---------+-------------+----------------------------------------------+
[2025-03-31T07:23:43.680+0000] {subprocess.py:106} INFO - 
[2025-03-31T07:23:43.682+0000] {subprocess.py:106} INFO - +------+----------+-----+-----------+--------+--------+---------+---------+------------+----------------------------------------------+
[2025-03-31T07:23:43.684+0000] {subprocess.py:106} INFO - |city  |date      |time |temperature|wind_kph|humidity|feelslike|precip_mm|text        |icon                                          |
[2025-03-31T07:23:43.685+0000] {subprocess.py:106} INFO - +------+----------+-----+-----------+--------+--------+---------+---------+------------+----------------------------------------------+
[2025-03-31T07:23:43.688+0000] {subprocess.py:106} INFO - |madrid|2025-03-28|04:00|7.6        |4.6     |80      |7.6      |0.0      |Mostly Clear|//cdn.weatherapi.com/weather/64x64/day/116.png|
[2025-03-31T07:23:43.692+0000] {subprocess.py:106} INFO - |madrid|2025-03-28|09:00|4.6        |7.3     |89      |4.6      |0.0      |Sunny       |//cdn.weatherapi.com/weather/64x64/day/113.png|
[2025-03-31T07:23:43.693+0000] {subprocess.py:106} INFO - |madrid|2025-03-28|15:00|15.6       |1.6     |48      |15.6     |0.0      |Mostly Clear|//cdn.weatherapi.com/weather/64x64/day/116.png|
[2025-03-31T07:23:43.695+0000] {subprocess.py:106} INFO - |madrid|2025-03-28|22:00|11.0       |2.7     |68      |11.0     |0.0      |Sunny       |//cdn.weatherapi.com/weather/64x64/day/113.png|
[2025-03-31T07:23:43.697+0000] {subprocess.py:106} INFO - |madrid|2025-03-29|15:00|15.8       |4.6     |47      |15.8     |0.0      |Sunny       |//cdn.weatherapi.com/weather/64x64/day/113.png|
[2025-03-31T07:23:43.698+0000] {subprocess.py:106} INFO - |madrid|2025-03-29|04:00|7.7        |5.7     |75      |7.7      |0.0      |Sunny       |//cdn.weatherapi.com/weather/64x64/day/113.png|
[2025-03-31T07:23:43.700+0000] {subprocess.py:106} INFO - |madrid|2025-03-29|22:00|10.0       |16.2    |53      |10.0     |0.0      |Sunny       |//cdn.weatherapi.com/weather/64x64/day/113.png|
[2025-03-31T07:23:43.702+0000] {subprocess.py:106} INFO - |madrid|2025-03-29|09:00|5.5        |5.1     |79      |5.5      |0.0      |Sunny       |//cdn.weatherapi.com/weather/64x64/day/113.png|
[2025-03-31T07:23:43.704+0000] {subprocess.py:106} INFO - +------+----------+-----+-----------+--------+--------+---------+---------+------------+----------------------------------------------+
[2025-03-31T07:23:43.707+0000] {subprocess.py:106} INFO - 
[2025-03-31T07:23:43.708+0000] {subprocess.py:106} INFO - +--------------------+----------+-----+-----------+--------+--------+---------+---------+----------------+----------------------------------------------+
[2025-03-31T07:23:43.710+0000] {subprocess.py:106} INFO - |city                |date      |time |temperature|wind_kph|humidity|feelslike|precip_mm|text            |icon                                          |
[2025-03-31T07:23:43.713+0000] {subprocess.py:106} INFO - +--------------------+----------+-----+-----------+--------+--------+---------+---------+----------------+----------------------------------------------+
[2025-03-31T07:23:43.716+0000] {subprocess.py:106} INFO - |san juan de alicante|2025-03-28|22:00|12.0       |3.7     |85      |12.0     |0.0      |Sunny           |//cdn.weatherapi.com/weather/64x64/day/113.png|
[2025-03-31T07:23:43.718+0000] {subprocess.py:106} INFO - |san juan de alicante|2025-03-28|09:00|9.9        |5.6     |76      |9.9      |0.0      |Cloudy          |//cdn.weatherapi.com/weather/64x64/day/119.png|
[2025-03-31T07:23:43.720+0000] {subprocess.py:106} INFO - |san juan de alicante|2025-03-28|04:00|9.5        |8.2     |74      |9.5      |0.0      |Sunny           |//cdn.weatherapi.com/weather/64x64/day/113.png|
[2025-03-31T07:23:43.723+0000] {subprocess.py:106} INFO - |san juan de alicante|2025-03-28|15:00|18.4       |12.3    |67      |18.4     |0.5      |Moderate Drizzle|//cdn.weatherapi.com/weather/64x64/day/176.png|
[2025-03-31T07:23:43.727+0000] {subprocess.py:106} INFO - |san juan de alicante|2025-03-29|09:00|12.7       |15.7    |45      |12.7     |0.0      |Sunny           |//cdn.weatherapi.com/weather/64x64/day/113.png|
[2025-03-31T07:23:43.730+0000] {subprocess.py:106} INFO - |san juan de alicante|2025-03-29|15:00|22.7       |4.5     |23      |22.7     |0.0      |Sunny           |//cdn.weatherapi.com/weather/64x64/day/113.png|
[2025-03-31T07:23:43.732+0000] {subprocess.py:106} INFO - |san juan de alicante|2025-03-29|04:00|10.1       |8.4     |67      |10.1     |0.0      |Sunny           |//cdn.weatherapi.com/weather/64x64/day/113.png|
[2025-03-31T07:23:43.733+0000] {subprocess.py:106} INFO - |san juan de alicante|2025-03-29|22:00|12.8       |3.4     |68      |12.8     |0.0      |Sunny           |//cdn.weatherapi.com/weather/64x64/day/113.png|
[2025-03-31T07:23:43.735+0000] {subprocess.py:106} INFO - +--------------------+----------+-----+-----------+--------+--------+---------+---------+----------------+----------------------------------------------+
[2025-03-31T07:23:43.737+0000] {subprocess.py:106} INFO - 
[2025-03-31T07:23:43.741+0000] {subprocess.py:106} INFO - +----------+----------+-----+-----------+--------+--------+---------+---------+------------+----------------------------------------------+
[2025-03-31T07:23:43.743+0000] {subprocess.py:106} INFO - |city      |date      |time |temperature|wind_kph|humidity|feelslike|precip_mm|text        |icon                                          |
[2025-03-31T07:23:43.746+0000] {subprocess.py:106} INFO - +----------+----------+-----+-----------+--------+--------+---------+---------+------------+----------------------------------------------+
[2025-03-31T07:23:43.748+0000] {subprocess.py:106} INFO - |torrevieja|2025-03-28|04:00|12.1       |10.0    |94      |12.1     |0.0      |Sunny       |//cdn.weatherapi.com/weather/64x64/day/113.png|
[2025-03-31T07:23:43.750+0000] {subprocess.py:106} INFO - |torrevieja|2025-03-28|09:00|11.4       |15.9    |79      |11.4     |0.0      |Sunny       |//cdn.weatherapi.com/weather/64x64/day/113.png|
[2025-03-31T07:23:43.751+0000] {subprocess.py:106} INFO - |torrevieja|2025-03-28|22:00|13.7       |7.6     |89      |13.7     |0.0      |Sunny       |//cdn.weatherapi.com/weather/64x64/day/113.png|
[2025-03-31T07:23:43.753+0000] {subprocess.py:106} INFO - |torrevieja|2025-03-28|15:00|21.8       |10.5    |36      |21.8     |0.0      |Mostly Clear|//cdn.weatherapi.com/weather/64x64/day/116.png|
[2025-03-31T07:23:43.757+0000] {subprocess.py:106} INFO - |torrevieja|2025-03-29|15:00|22.5       |11.0    |32      |22.5     |0.0      |Sunny       |//cdn.weatherapi.com/weather/64x64/day/113.png|
[2025-03-31T07:23:43.759+0000] {subprocess.py:106} INFO - |torrevieja|2025-03-29|04:00|13.7       |17.9    |57      |13.7     |0.0      |Sunny       |//cdn.weatherapi.com/weather/64x64/day/113.png|
[2025-03-31T07:23:43.760+0000] {subprocess.py:106} INFO - |torrevieja|2025-03-29|22:00|13.9       |4.7     |75      |13.9     |0.0      |Sunny       |//cdn.weatherapi.com/weather/64x64/day/113.png|
[2025-03-31T07:23:43.762+0000] {subprocess.py:106} INFO - |torrevieja|2025-03-29|09:00|12.5       |17.7    |60      |12.5     |0.0      |Sunny       |//cdn.weatherapi.com/weather/64x64/day/113.png|
[2025-03-31T07:23:43.763+0000] {subprocess.py:106} INFO - +----------+----------+-----+-----------+--------+--------+---------+---------+------------+----------------------------------------------+
[2025-03-31T07:23:43.765+0000] {subprocess.py:106} INFO - 
[2025-03-31T07:23:55.027+0000] {subprocess.py:106} INFO - [Stage 58:>                                                         (0 + 1) / 1]                                                                                +--------+----------+-----+-----------+--------+--------+---------+---------+------------+----------------------------------------------+
[2025-03-31T07:23:55.030+0000] {subprocess.py:106} INFO - |city    |date      |time |temperature|wind_kph|humidity|feelslike|precip_mm|text        |icon                                          |
[2025-03-31T07:23:55.033+0000] {subprocess.py:106} INFO - +--------+----------+-----+-----------+--------+--------+---------+---------+------------+----------------------------------------------+
[2025-03-31T07:23:55.036+0000] {subprocess.py:106} INFO - |valencia|2025-03-28|15:00|17.9       |6.5     |41      |17.9     |0.0      |Sunny       |//cdn.weatherapi.com/weather/64x64/day/113.png|
[2025-03-31T07:23:55.039+0000] {subprocess.py:106} INFO - |valencia|2025-03-28|22:00|13.1       |6.8     |71      |13.1     |0.0      |Sunny       |//cdn.weatherapi.com/weather/64x64/day/113.png|
[2025-03-31T07:23:55.041+0000] {subprocess.py:106} INFO - |valencia|2025-03-28|04:00|10.3       |7.3     |86      |10.3     |0.0      |Mostly Clear|//cdn.weatherapi.com/weather/64x64/day/116.png|
[2025-03-31T07:23:55.044+0000] {subprocess.py:106} INFO - |valencia|2025-03-28|09:00|10.0       |8.1     |75      |10.0     |0.0      |Sunny       |//cdn.weatherapi.com/weather/64x64/day/113.png|
[2025-03-31T07:23:55.046+0000] {subprocess.py:106} INFO - |valencia|2025-03-29|22:00|14.2       |6.6     |31      |14.2     |0.0      |Sunny       |//cdn.weatherapi.com/weather/64x64/day/113.png|
[2025-03-31T07:23:55.049+0000] {subprocess.py:106} INFO - |valencia|2025-03-29|04:00|10.9       |7.4     |60      |10.9     |0.0      |Mostly Clear|//cdn.weatherapi.com/weather/64x64/day/116.png|
[2025-03-31T07:23:55.053+0000] {subprocess.py:106} INFO - |valencia|2025-03-29|09:00|10.6       |8.6     |60      |10.6     |0.0      |Mostly Clear|//cdn.weatherapi.com/weather/64x64/day/116.png|
[2025-03-31T07:23:55.056+0000] {subprocess.py:106} INFO - |valencia|2025-03-29|15:00|21.5       |18.2    |24      |21.5     |0.0      |Sunny       |//cdn.weatherapi.com/weather/64x64/day/113.png|
[2025-03-31T07:23:55.058+0000] {subprocess.py:106} INFO - +--------+----------+-----+-----------+--------+--------+---------+---------+------------+----------------------------------------------+
[2025-03-31T07:23:55.061+0000] {subprocess.py:106} INFO - 
[2025-03-31T07:23:55.063+0000] {subprocess.py:106} INFO - +--------------------+----------+-----+-----------+--------+--------+---------+---------+----------------+--------------------+
[2025-03-31T07:23:55.065+0000] {subprocess.py:106} INFO - |                city|      date| time|temperature|wind_kph|humidity|feelslike|precip_mm|            text|                icon|
[2025-03-31T07:23:55.068+0000] {subprocess.py:106} INFO - +--------------------+----------+-----+-----------+--------+--------+---------+---------+----------------+--------------------+
[2025-03-31T07:23:55.070+0000] {subprocess.py:106} INFO - |               elche|2025-03-28|04:00|       10.7|     9.1|      83|     10.7|      0.0|           Sunny|//cdn.weatherapi....|
[2025-03-31T07:23:55.072+0000] {subprocess.py:106} INFO - |               elche|2025-03-28|09:00|       12.0|    14.2|      61|     12.0|      0.0|   Partly Cloudy|//cdn.weatherapi....|
[2025-03-31T07:23:55.074+0000] {subprocess.py:106} INFO - |               elche|2025-03-28|15:00|       23.0|    14.8|      25|     23.0|      0.0|           Sunny|//cdn.weatherapi....|
[2025-03-31T07:23:55.076+0000] {subprocess.py:106} INFO - |               elche|2025-03-28|22:00|       11.9|     5.5|      91|     11.9|      0.0|           Sunny|//cdn.weatherapi....|
[2025-03-31T07:23:55.077+0000] {subprocess.py:106} INFO - |               elche|2025-03-29|04:00|       14.1|    14.7|      45|     14.1|      0.0|           Sunny|//cdn.weatherapi....|
[2025-03-31T07:23:55.079+0000] {subprocess.py:106} INFO - |               elche|2025-03-29|09:00|       13.4|    20.8|      40|     13.4|      0.0|           Sunny|//cdn.weatherapi....|
[2025-03-31T07:23:55.080+0000] {subprocess.py:106} INFO - |               elche|2025-03-29|15:00|       24.1|    17.2|      16|     24.1|      0.0|           Sunny|//cdn.weatherapi....|
[2025-03-31T07:23:55.082+0000] {subprocess.py:106} INFO - |               elche|2025-03-29|22:00|       13.3|     3.6|      59|     13.3|      0.0|           Sunny|//cdn.weatherapi....|
[2025-03-31T07:23:55.084+0000] {subprocess.py:106} INFO - |              madrid|2025-03-28|04:00|        7.6|     4.6|      80|      7.6|      0.0|    Mostly Clear|//cdn.weatherapi....|
[2025-03-31T07:23:55.086+0000] {subprocess.py:106} INFO - |              madrid|2025-03-28|09:00|        4.6|     7.3|      89|      4.6|      0.0|           Sunny|//cdn.weatherapi....|
[2025-03-31T07:23:55.088+0000] {subprocess.py:106} INFO - |              madrid|2025-03-28|15:00|       15.6|     1.6|      48|     15.6|      0.0|    Mostly Clear|//cdn.weatherapi....|
[2025-03-31T07:23:55.090+0000] {subprocess.py:106} INFO - |              madrid|2025-03-28|22:00|       11.0|     2.7|      68|     11.0|      0.0|           Sunny|//cdn.weatherapi....|
[2025-03-31T07:23:55.091+0000] {subprocess.py:106} INFO - |              madrid|2025-03-29|04:00|        7.7|     5.7|      75|      7.7|      0.0|           Sunny|//cdn.weatherapi....|
[2025-03-31T07:23:55.093+0000] {subprocess.py:106} INFO - |              madrid|2025-03-29|09:00|        5.5|     5.1|      79|      5.5|      0.0|           Sunny|//cdn.weatherapi....|
[2025-03-31T07:23:55.095+0000] {subprocess.py:106} INFO - |              madrid|2025-03-29|15:00|       15.8|     4.6|      47|     15.8|      0.0|           Sunny|//cdn.weatherapi....|
[2025-03-31T07:23:55.097+0000] {subprocess.py:106} INFO - |              madrid|2025-03-29|22:00|       10.0|    16.2|      53|     10.0|      0.0|           Sunny|//cdn.weatherapi....|
[2025-03-31T07:23:55.099+0000] {subprocess.py:106} INFO - |san juan de alicante|2025-03-28|04:00|        9.5|     8.2|      74|      9.5|      0.0|           Sunny|//cdn.weatherapi....|
[2025-03-31T07:23:55.102+0000] {subprocess.py:106} INFO - |san juan de alicante|2025-03-28|09:00|        9.9|     5.6|      76|      9.9|      0.0|          Cloudy|//cdn.weatherapi....|
[2025-03-31T07:23:55.104+0000] {subprocess.py:106} INFO - |san juan de alicante|2025-03-28|15:00|       18.4|    12.3|      67|     18.4|      0.5|Moderate Drizzle|//cdn.weatherapi....|
[2025-03-31T07:23:55.106+0000] {subprocess.py:106} INFO - |san juan de alicante|2025-03-28|22:00|       12.0|     3.7|      85|     12.0|      0.0|           Sunny|//cdn.weatherapi....|
[2025-03-31T07:23:55.107+0000] {subprocess.py:106} INFO - +--------------------+----------+-----+-----------+--------+--------+---------+---------+----------------+--------------------+
[2025-03-31T07:23:55.109+0000] {subprocess.py:106} INFO - only showing top 20 rows
[2025-03-31T07:23:55.110+0000] {subprocess.py:106} INFO - 
[2025-03-31T07:23:55.112+0000] {subprocess.py:106} INFO - Nombre de la carpeta: 2025-03-28
[2025-03-31T07:23:55.114+0000] {subprocess.py:106} INFO - Archivo Parquet generado: /tmp/tmpg18d2n40/2025-03-28/part-00000-a85991f5-8fc2-4183-881f-1e1ff18d44f5-c000.snappy.parquet
[2025-03-31T07:23:55.118+0000] {subprocess.py:106} INFO - Archivo subido correctamente a MinIO en: 2025-03-28/2025-03-28.parquet
[2025-03-31T07:23:55.746+0000] {subprocess.py:110} INFO - Command exited with return code 0
[2025-03-31T07:23:55.793+0000] {taskinstance.py:341} INFO - ::group::Post task execution logs
[2025-03-31T07:23:55.795+0000] {taskinstance.py:353} INFO - Marking task as SUCCESS. dag_id=daily_weather_etl, task_id=run_minio_script, run_id=scheduled__2025-03-30T07:00:00+00:00, execution_date=20250330T070000, start_date=20250331T072317, end_date=20250331T072355
[2025-03-31T07:23:55.842+0000] {logging_mixin.py:190} INFO - Task instance in success state
[2025-03-31T07:23:55.844+0000] {logging_mixin.py:190} INFO -  Previous state of the Task instance: running
[2025-03-31T07:23:55.845+0000] {logging_mixin.py:190} INFO - Dag name:daily_weather_etl queued_at:2025-03-31 07:23:02.413659+00:00
[2025-03-31T07:23:55.847+0000] {logging_mixin.py:190} INFO - Task hostname:3c3c1f66214b operator:BashOperator
[2025-03-31T07:23:55.869+0000] {local_task_job_runner.py:266} INFO - Task exited with return code 0
[2025-03-31T07:23:55.908+0000] {taskinstance.py:3901} INFO - 1 downstream tasks scheduled from follow-on schedule check
[2025-03-31T07:23:55.911+0000] {local_task_job_runner.py:245} INFO - ::endgroup::
