[2025-03-26T08:05:30.994+0000] {local_task_job_runner.py:123} INFO - ::group::Pre task execution logs
[2025-03-26T08:05:31.126+0000] {taskinstance.py:2614} INFO - Dependencies all met for dep_context=non-requeueable deps ti=<TaskInstance: daily_weather_etl.run_bbdd_script manual__2025-03-26T08:04:58.584484+00:00 [queued]>
[2025-03-26T08:05:31.138+0000] {taskinstance.py:2614} INFO - Dependencies all met for dep_context=requeueable deps ti=<TaskInstance: daily_weather_etl.run_bbdd_script manual__2025-03-26T08:04:58.584484+00:00 [queued]>
[2025-03-26T08:05:31.142+0000] {taskinstance.py:2867} INFO - Starting attempt 1 of 2
[2025-03-26T08:05:31.157+0000] {taskinstance.py:2890} INFO - Executing <Task(BashOperator): run_bbdd_script> on 2025-03-26 08:04:58.584484+00:00
[2025-03-26T08:05:31.164+0000] {standard_task_runner.py:72} INFO - Started process 4241 to run task
[2025-03-26T08:05:31.167+0000] {standard_task_runner.py:104} INFO - Running: ['***', 'tasks', 'run', 'daily_weather_etl', 'run_bbdd_script', 'manual__2025-03-26T08:04:58.584484+00:00', '--job-id', '60', '--raw', '--subdir', 'DAGS_FOLDER/weather_dag.py', '--cfg-path', '/tmp/tmpgl5tggu6']
[2025-03-26T08:05:31.169+0000] {standard_task_runner.py:105} INFO - Job 60: Subtask run_bbdd_script
[2025-03-26T08:05:31.218+0000] {task_command.py:467} INFO - Running <TaskInstance: daily_weather_etl.run_bbdd_script manual__2025-03-26T08:04:58.584484+00:00 [running]> on host 3c3c1f66214b
[2025-03-26T08:05:31.294+0000] {taskinstance.py:3134} INFO - Exporting env vars: AIRFLOW_CTX_DAG_OWNER='***' AIRFLOW_CTX_DAG_ID='daily_weather_etl' AIRFLOW_CTX_TASK_ID='run_bbdd_script' AIRFLOW_CTX_EXECUTION_DATE='2025-03-26T08:04:58.584484+00:00' AIRFLOW_CTX_TRY_NUMBER='1' AIRFLOW_CTX_DAG_RUN_ID='manual__2025-03-26T08:04:58.584484+00:00'
[2025-03-26T08:05:31.295+0000] {logging_mixin.py:190} INFO - Task instance is in running state
[2025-03-26T08:05:31.296+0000] {logging_mixin.py:190} INFO -  Previous state of the Task instance: queued
[2025-03-26T08:05:31.297+0000] {logging_mixin.py:190} INFO - Current task name:run_bbdd_script state:running start_date:2025-03-26 08:05:31.127941+00:00
[2025-03-26T08:05:31.299+0000] {logging_mixin.py:190} INFO - Dag name:daily_weather_etl and current dag run status:running
[2025-03-26T08:05:31.300+0000] {taskinstance.py:732} INFO - ::endgroup::
[2025-03-26T08:05:31.301+0000] {subprocess.py:78} INFO - Tmp dir root location: /tmp
[2025-03-26T08:05:31.302+0000] {subprocess.py:88} INFO - Running command: ['/usr/bin/bash', '-c', 'python /opt/***/dags/main_bbdd.py']
[2025-03-26T08:05:31.312+0000] {subprocess.py:99} INFO - Output:
[2025-03-26T08:05:33.690+0000] {subprocess.py:106} INFO - 25/03/26 08:05:33 WARN NativeCodeLoader: Unable to load native-hadoop library for your platform... using builtin-java classes where applicable
[2025-03-26T08:05:33.858+0000] {subprocess.py:106} INFO - Setting default log level to "WARN".
[2025-03-26T08:05:33.859+0000] {subprocess.py:106} INFO - To adjust logging level use sc.setLogLevel(newLevel). For SparkR, use setLogLevel(newLevel).
[2025-03-26T08:05:41.057+0000] {subprocess.py:106} INFO - +-----+----------------+-----------+--------+--------+---------+---------+-----+--------------------+
[2025-03-26T08:05:41.059+0000] {subprocess.py:106} INFO - | city|       localtime|temperature|wind_kph|humidity|feelslike|precip_mm| text|                icon|
[2025-03-26T08:05:41.061+0000] {subprocess.py:106} INFO - +-----+----------------+-----------+--------+--------+---------+---------+-----+--------------------+
[2025-03-26T08:05:41.062+0000] {subprocess.py:106} INFO - |elche|2025-03-25 10:05|       16.2|     3.6|      48|     16.2|      0.0|Sunny|//cdn.weatherapi....|
[2025-03-26T08:05:41.063+0000] {subprocess.py:106} INFO - +-----+----------------+-----------+--------+--------+---------+---------+-----+--------------------+
[2025-03-26T08:05:41.064+0000] {subprocess.py:106} INFO - 
[2025-03-26T08:05:41.065+0000] {subprocess.py:106} INFO - Datos registrados correctamente en la bbdd
[2025-03-26T08:05:41.529+0000] {subprocess.py:110} INFO - Command exited with return code 0
[2025-03-26T08:05:41.549+0000] {taskinstance.py:341} INFO - ::group::Post task execution logs
[2025-03-26T08:05:41.550+0000] {taskinstance.py:353} INFO - Marking task as SUCCESS. dag_id=daily_weather_etl, task_id=run_bbdd_script, run_id=manual__2025-03-26T08:04:58.584484+00:00, execution_date=20250326T080458, start_date=20250326T080531, end_date=20250326T080541
[2025-03-26T08:05:41.570+0000] {logging_mixin.py:190} INFO - Task instance in success state
[2025-03-26T08:05:41.571+0000] {logging_mixin.py:190} INFO -  Previous state of the Task instance: running
[2025-03-26T08:05:41.573+0000] {logging_mixin.py:190} INFO - Dag name:daily_weather_etl queued_at:2025-03-26 08:04:58.600374+00:00
[2025-03-26T08:05:41.574+0000] {logging_mixin.py:190} INFO - Task hostname:3c3c1f66214b operator:BashOperator
[2025-03-26T08:05:41.612+0000] {local_task_job_runner.py:266} INFO - Task exited with return code 0
[2025-03-26T08:05:41.627+0000] {taskinstance.py:3901} INFO - 0 downstream tasks scheduled from follow-on schedule check
[2025-03-26T08:05:41.632+0000] {local_task_job_runner.py:245} INFO - ::endgroup::
