[2025-03-31T06:54:16.089+0000] {local_task_job_runner.py:123} INFO - ::group::Pre task execution logs
[2025-03-31T06:54:16.263+0000] {taskinstance.py:2614} INFO - Dependencies all met for dep_context=non-requeueable deps ti=<TaskInstance: daily_weather_etl.run_minio_script manual__2025-03-31T06:54:00.092173+00:00 [queued]>
[2025-03-31T06:54:16.281+0000] {taskinstance.py:2614} INFO - Dependencies all met for dep_context=requeueable deps ti=<TaskInstance: daily_weather_etl.run_minio_script manual__2025-03-31T06:54:00.092173+00:00 [queued]>
[2025-03-31T06:54:16.285+0000] {taskinstance.py:2867} INFO - Starting attempt 1 of 2
[2025-03-31T06:54:16.306+0000] {taskinstance.py:2890} INFO - Executing <Task(BashOperator): run_minio_script> on 2025-03-31 06:54:00.092173+00:00
[2025-03-31T06:54:16.316+0000] {standard_task_runner.py:72} INFO - Started process 3687 to run task
[2025-03-31T06:54:16.322+0000] {standard_task_runner.py:104} INFO - Running: ['***', 'tasks', 'run', 'daily_weather_etl', 'run_minio_script', 'manual__2025-03-31T06:54:00.092173+00:00', '--job-id', '182', '--raw', '--subdir', 'DAGS_FOLDER/weather_dag.py', '--cfg-path', '/tmp/tmprjvuzit5']
[2025-03-31T06:54:16.326+0000] {standard_task_runner.py:105} INFO - Job 182: Subtask run_minio_script
[2025-03-31T06:54:16.403+0000] {task_command.py:467} INFO - Running <TaskInstance: daily_weather_etl.run_minio_script manual__2025-03-31T06:54:00.092173+00:00 [running]> on host 3c3c1f66214b
[2025-03-31T06:54:16.547+0000] {taskinstance.py:3134} INFO - Exporting env vars: AIRFLOW_CTX_DAG_OWNER='***' AIRFLOW_CTX_DAG_ID='daily_weather_etl' AIRFLOW_CTX_TASK_ID='run_minio_script' AIRFLOW_CTX_EXECUTION_DATE='2025-03-31T06:54:00.092173+00:00' AIRFLOW_CTX_TRY_NUMBER='1' AIRFLOW_CTX_DAG_RUN_ID='manual__2025-03-31T06:54:00.092173+00:00'
[2025-03-31T06:54:16.550+0000] {logging_mixin.py:190} INFO - Task instance is in running state
[2025-03-31T06:54:16.553+0000] {logging_mixin.py:190} INFO -  Previous state of the Task instance: queued
[2025-03-31T06:54:16.556+0000] {logging_mixin.py:190} INFO - Current task name:run_minio_script state:running start_date:2025-03-31 06:54:16.265863+00:00
[2025-03-31T06:54:16.558+0000] {logging_mixin.py:190} INFO - Dag name:daily_weather_etl and current dag run status:running
[2025-03-31T06:54:16.560+0000] {taskinstance.py:732} INFO - ::endgroup::
[2025-03-31T06:54:16.565+0000] {subprocess.py:78} INFO - Tmp dir root location: /tmp
[2025-03-31T06:54:16.568+0000] {subprocess.py:88} INFO - Running command: ['/usr/bin/bash', '-c', 'python /opt/***/dags/minio.py']
[2025-03-31T06:54:16.590+0000] {subprocess.py:99} INFO - Output:
[2025-03-31T06:54:20.749+0000] {subprocess.py:106} INFO - Setting default log level to "WARN".
[2025-03-31T06:54:20.752+0000] {subprocess.py:106} INFO - To adjust logging level use sc.setLogLevel(newLevel). For SparkR, use setLogLevel(newLevel).
[2025-03-31T06:54:21.081+0000] {subprocess.py:106} INFO - 25/03/31 06:54:21 WARN NativeCodeLoader: Unable to load native-hadoop library for your platform... using builtin-java classes where applicable
[2025-03-31T06:54:36.736+0000] {subprocess.py:106} INFO - [Stage 0:>                                                          (0 + 1) / 1]                                                                                +----------+--------+----+---------+-----------+-----+--------+
[2025-03-31T06:54:36.738+0000] {subprocess.py:106} INFO - |date      |humidity|icon|precip_mm|temperature|time |wind_kph|
[2025-03-31T06:54:36.745+0000] {subprocess.py:106} INFO - +----------+--------+----+---------+-----------+-----+--------+
[2025-03-31T06:54:36.750+0000] {subprocess.py:106} INFO - |2025-03-27|75      |0   |0.0      |11.6       |00:00|6.8     |
[2025-03-31T06:54:36.751+0000] {subprocess.py:106} INFO - |2025-03-27|67      |0   |0.0      |11.0       |01:00|8.4     |
[2025-03-31T06:54:36.754+0000] {subprocess.py:106} INFO - |2025-03-27|65      |1   |0.0      |10.9       |02:00|10.1    |
[2025-03-31T06:54:36.757+0000] {subprocess.py:106} INFO - |2025-03-27|62      |0   |0.0      |11.5       |03:00|10.0    |
[2025-03-31T06:54:36.761+0000] {subprocess.py:106} INFO - |2025-03-27|62      |0   |0.0      |11.2       |04:00|11.6    |
[2025-03-31T06:54:36.763+0000] {subprocess.py:106} INFO - |2025-03-27|63      |0   |0.0      |10.8       |05:00|13.3    |
[2025-03-31T06:54:36.764+0000] {subprocess.py:106} INFO - |2025-03-27|65      |0   |0.0      |10.5       |06:00|12.8    |
[2025-03-31T06:54:36.767+0000] {subprocess.py:106} INFO - |2025-03-27|69      |0   |0.0      |9.9        |07:00|11.6    |
[2025-03-31T06:54:36.769+0000] {subprocess.py:106} INFO - |2025-03-27|74      |0   |0.0      |9.0        |08:00|10.4    |
[2025-03-31T06:54:36.772+0000] {subprocess.py:106} INFO - |2025-03-27|72      |0   |0.0      |10.0       |09:00|10.1    |
[2025-03-31T06:54:36.775+0000] {subprocess.py:106} INFO - |2025-03-27|61      |1   |0.0      |13.8       |10:00|6.4     |
[2025-03-31T06:54:36.778+0000] {subprocess.py:106} INFO - |2025-03-27|46      |1   |0.0      |16.8       |11:00|2.5     |
[2025-03-31T06:54:36.780+0000] {subprocess.py:106} INFO - |2025-03-27|45      |1   |0.0      |18.1       |12:00|4.8     |
[2025-03-31T06:54:36.781+0000] {subprocess.py:106} INFO - |2025-03-27|47      |51  |0.1      |18.4       |13:00|6.0     |
[2025-03-31T06:54:36.783+0000] {subprocess.py:106} INFO - |2025-03-27|54      |53  |0.7      |18.2       |14:00|10.6    |
[2025-03-31T06:54:36.785+0000] {subprocess.py:106} INFO - |2025-03-27|57      |2   |0.0      |18.2       |15:00|11.4    |
[2025-03-31T06:54:36.786+0000] {subprocess.py:106} INFO - |2025-03-27|60      |2   |0.0      |17.9       |16:00|12.5    |
[2025-03-31T06:54:36.788+0000] {subprocess.py:106} INFO - |2025-03-27|63      |2   |0.0      |16.4       |17:00|14.0    |
[2025-03-31T06:54:36.793+0000] {subprocess.py:106} INFO - |2025-03-27|65      |1   |0.0      |16.6       |18:00|10.7    |
[2025-03-31T06:54:36.795+0000] {subprocess.py:106} INFO - |2025-03-27|72      |51  |0.3      |15.7       |19:00|7.9     |
[2025-03-31T06:54:36.796+0000] {subprocess.py:106} INFO - +----------+--------+----+---------+-----------+-----+--------+
[2025-03-31T06:54:36.798+0000] {subprocess.py:106} INFO - only showing top 20 rows
[2025-03-31T06:54:36.800+0000] {subprocess.py:106} INFO - 
[2025-03-31T06:54:36.802+0000] {subprocess.py:106} INFO - +----------+--------+----+---------+-----------+-----+--------+
[2025-03-31T06:54:36.808+0000] {subprocess.py:106} INFO - |date      |humidity|icon|precip_mm|temperature|time |wind_kph|
[2025-03-31T06:54:36.817+0000] {subprocess.py:106} INFO - +----------+--------+----+---------+-----------+-----+--------+
[2025-03-31T06:54:36.820+0000] {subprocess.py:106} INFO - |2025-03-27|77      |0   |0.0      |7.9        |00:00|1.3     |
[2025-03-31T06:54:36.824+0000] {subprocess.py:106} INFO - |2025-03-27|77      |0   |0.0      |7.2        |01:00|1.1     |
[2025-03-31T06:54:36.826+0000] {subprocess.py:106} INFO - |2025-03-27|78      |0   |0.0      |6.5        |02:00|1.8     |
[2025-03-31T06:54:36.828+0000] {subprocess.py:106} INFO - |2025-03-27|75      |0   |0.0      |6.2        |03:00|5.0     |
[2025-03-31T06:54:36.830+0000] {subprocess.py:106} INFO - |2025-03-27|79      |0   |0.0      |5.3        |04:00|4.6     |
[2025-03-31T06:54:36.831+0000] {subprocess.py:106} INFO - |2025-03-27|81      |0   |0.0      |4.9        |05:00|5.8     |
[2025-03-31T06:54:36.833+0000] {subprocess.py:106} INFO - |2025-03-27|84      |0   |0.0      |4.1        |06:00|7.1     |
[2025-03-31T06:54:36.834+0000] {subprocess.py:106} INFO - |2025-03-27|86      |0   |0.0      |3.4        |07:00|6.0     |
[2025-03-31T06:54:36.836+0000] {subprocess.py:106} INFO - |2025-03-27|87      |0   |0.0      |2.9        |08:00|6.5     |
[2025-03-31T06:54:36.837+0000] {subprocess.py:106} INFO - |2025-03-27|87      |0   |0.0      |3.4        |09:00|7.1     |
[2025-03-31T06:54:36.842+0000] {subprocess.py:106} INFO - |2025-03-27|81      |0   |0.0      |5.2        |10:00|5.1     |
[2025-03-31T06:54:36.844+0000] {subprocess.py:106} INFO - |2025-03-27|74      |0   |0.0      |7.1        |11:00|4.4     |
[2025-03-31T06:54:36.846+0000] {subprocess.py:106} INFO - |2025-03-27|66      |0   |0.0      |9.2        |12:00|3.6     |
[2025-03-31T06:54:36.848+0000] {subprocess.py:106} INFO - |2025-03-27|61      |0   |0.0      |10.8       |13:00|2.6     |
[2025-03-31T06:54:36.849+0000] {subprocess.py:106} INFO - |2025-03-27|57      |0   |0.0      |12.0       |14:00|3.6     |
[2025-03-31T06:54:36.851+0000] {subprocess.py:106} INFO - |2025-03-27|52      |2   |0.0      |13.3       |15:00|1.0     |
[2025-03-31T06:54:36.852+0000] {subprocess.py:106} INFO - |2025-03-27|50      |1   |0.0      |13.4       |16:00|3.0     |
[2025-03-31T06:54:36.854+0000] {subprocess.py:106} INFO - |2025-03-27|49      |0   |0.0      |14.1       |17:00|5.9     |
[2025-03-31T06:54:36.856+0000] {subprocess.py:106} INFO - |2025-03-27|48      |1   |0.0      |14.3       |18:00|3.5     |
[2025-03-31T06:54:36.860+0000] {subprocess.py:106} INFO - |2025-03-27|51      |2   |0.0      |14.0       |19:00|4.3     |
[2025-03-31T06:54:36.862+0000] {subprocess.py:106} INFO - +----------+--------+----+---------+-----------+-----+--------+
[2025-03-31T06:54:36.864+0000] {subprocess.py:106} INFO - only showing top 20 rows
[2025-03-31T06:54:36.866+0000] {subprocess.py:106} INFO - 
[2025-03-31T06:54:36.867+0000] {subprocess.py:106} INFO - +----------+--------+----+---------+-----------+-----+--------+
[2025-03-31T06:54:36.869+0000] {subprocess.py:106} INFO - |date      |humidity|icon|precip_mm|temperature|time |wind_kph|
[2025-03-31T06:54:36.870+0000] {subprocess.py:106} INFO - +----------+--------+----+---------+-----------+-----+--------+
[2025-03-31T06:54:36.872+0000] {subprocess.py:106} INFO - |2025-03-27|86      |0   |0.0      |10.3       |00:00|3.6     |
[2025-03-31T06:54:36.875+0000] {subprocess.py:106} INFO - |2025-03-27|84      |0   |0.0      |9.8        |01:00|4.7     |
[2025-03-31T06:54:36.877+0000] {subprocess.py:106} INFO - |2025-03-27|82      |0   |0.0      |9.5        |02:00|5.9     |
[2025-03-31T06:54:36.880+0000] {subprocess.py:106} INFO - |2025-03-27|80      |0   |0.0      |9.7        |03:00|4.3     |
[2025-03-31T06:54:36.882+0000] {subprocess.py:106} INFO - |2025-03-27|82      |0   |0.0      |9.6        |04:00|4.6     |
[2025-03-31T06:54:36.883+0000] {subprocess.py:106} INFO - |2025-03-27|83      |0   |0.0      |9.6        |05:00|3.8     |
[2025-03-31T06:54:36.885+0000] {subprocess.py:106} INFO - |2025-03-27|85      |0   |0.0      |9.1        |06:00|2.4     |
[2025-03-31T06:54:36.886+0000] {subprocess.py:106} INFO - |2025-03-27|85      |0   |0.0      |9.0        |07:00|1.6     |
[2025-03-31T06:54:36.887+0000] {subprocess.py:106} INFO - |2025-03-27|85      |0   |0.0      |9.0        |08:00|1.5     |
[2025-03-31T06:54:36.890+0000] {subprocess.py:106} INFO - |2025-03-27|76      |0   |0.0      |11.1       |09:00|0.9     |
[2025-03-31T06:54:36.892+0000] {subprocess.py:106} INFO - |2025-03-27|62      |0   |0.0      |14.8       |10:00|3.0     |
[2025-03-31T06:54:36.895+0000] {subprocess.py:106} INFO - |2025-03-27|58      |0   |0.0      |15.7       |11:00|6.9     |
[2025-03-31T06:54:36.897+0000] {subprocess.py:106} INFO - |2025-03-27|58      |0   |0.0      |16.5       |12:00|7.2     |
[2025-03-31T06:54:36.899+0000] {subprocess.py:106} INFO - |2025-03-27|61      |3   |0.0      |17.2       |13:00|8.2     |
[2025-03-31T06:54:36.901+0000] {subprocess.py:106} INFO - |2025-03-27|70      |3   |0.0      |16.3       |14:00|12.8    |
[2025-03-31T06:54:36.903+0000] {subprocess.py:106} INFO - |2025-03-27|67      |2   |0.0      |16.6       |15:00|13.7    |
[2025-03-31T06:54:36.910+0000] {subprocess.py:106} INFO - |2025-03-27|67      |2   |0.0      |15.7       |16:00|15.5    |
[2025-03-31T06:54:36.912+0000] {subprocess.py:106} INFO - |2025-03-27|67      |1   |0.0      |14.9       |17:00|11.7    |
[2025-03-31T06:54:36.913+0000] {subprocess.py:106} INFO - |2025-03-27|69      |0   |0.0      |14.5       |18:00|11.2    |
[2025-03-31T06:54:36.915+0000] {subprocess.py:106} INFO - |2025-03-27|76      |0   |0.0      |13.9       |19:00|9.9     |
[2025-03-31T06:54:36.916+0000] {subprocess.py:106} INFO - +----------+--------+----+---------+-----------+-----+--------+
[2025-03-31T06:54:36.917+0000] {subprocess.py:106} INFO - only showing top 20 rows
[2025-03-31T06:54:36.919+0000] {subprocess.py:106} INFO - 
[2025-03-31T06:54:36.920+0000] {subprocess.py:106} INFO - +----------+--------+----+---------+-----------+-----+--------+
[2025-03-31T06:54:36.922+0000] {subprocess.py:106} INFO - |date      |humidity|icon|precip_mm|temperature|time |wind_kph|
[2025-03-31T06:54:36.927+0000] {subprocess.py:106} INFO - +----------+--------+----+---------+-----------+-----+--------+
[2025-03-31T06:54:36.929+0000] {subprocess.py:106} INFO - |2025-03-27|83      |0   |0.0      |12.8       |00:00|5.1     |
[2025-03-31T06:54:36.930+0000] {subprocess.py:106} INFO - |2025-03-27|79      |0   |0.0      |13.0       |01:00|9.8     |
[2025-03-31T06:54:36.931+0000] {subprocess.py:106} INFO - |2025-03-27|71      |0   |0.0      |13.1       |02:00|12.8    |
[2025-03-31T06:54:36.935+0000] {subprocess.py:106} INFO - |2025-03-27|70      |1   |0.0      |13.2       |03:00|12.1    |
[2025-03-31T06:54:36.937+0000] {subprocess.py:106} INFO - |2025-03-27|68      |0   |0.0      |12.7       |04:00|12.5    |
[2025-03-31T06:54:36.940+0000] {subprocess.py:106} INFO - |2025-03-27|70      |0   |0.0      |11.9       |05:00|11.9    |
[2025-03-31T06:54:36.944+0000] {subprocess.py:106} INFO - |2025-03-27|74      |0   |0.0      |11.1       |06:00|9.5     |
[2025-03-31T06:54:36.946+0000] {subprocess.py:106} INFO - |2025-03-27|80      |0   |0.0      |10.4       |07:00|8.3     |
[2025-03-31T06:54:36.948+0000] {subprocess.py:106} INFO - |2025-03-27|83      |0   |0.0      |10.0       |08:00|8.3     |
[2025-03-31T06:54:36.949+0000] {subprocess.py:106} INFO - |2025-03-27|82      |0   |0.0      |10.7       |09:00|9.2     |
[2025-03-31T06:54:36.951+0000] {subprocess.py:106} INFO - |2025-03-27|77      |0   |0.0      |12.8       |10:00|7.8     |
[2025-03-31T06:54:36.953+0000] {subprocess.py:106} INFO - |2025-03-27|66      |0   |0.0      |15.0       |11:00|5.0     |
[2025-03-31T06:54:36.955+0000] {subprocess.py:106} INFO - |2025-03-27|61      |0   |0.0      |16.7       |12:00|2.3     |
[2025-03-31T06:54:36.959+0000] {subprocess.py:106} INFO - |2025-03-27|65      |0   |0.0      |17.4       |13:00|5.1     |
[2025-03-31T06:54:36.962+0000] {subprocess.py:106} INFO - |2025-03-27|73      |1   |0.0      |17.3       |14:00|7.1     |
[2025-03-31T06:54:36.963+0000] {subprocess.py:106} INFO - |2025-03-27|73      |1   |0.0      |17.7       |15:00|12.7    |
[2025-03-31T06:54:36.965+0000] {subprocess.py:106} INFO - |2025-03-27|68      |1   |0.0      |18.0       |16:00|13.0    |
[2025-03-31T06:54:36.966+0000] {subprocess.py:106} INFO - |2025-03-27|66      |0   |0.0      |17.8       |17:00|14.4    |
[2025-03-31T06:54:36.968+0000] {subprocess.py:106} INFO - |2025-03-27|61      |0   |0.0      |17.6       |18:00|15.6    |
[2025-03-31T06:54:36.969+0000] {subprocess.py:106} INFO - |2025-03-27|64      |0   |0.0      |17.0       |19:00|11.4    |
[2025-03-31T06:54:36.971+0000] {subprocess.py:106} INFO - +----------+--------+----+---------+-----------+-----+--------+
[2025-03-31T06:54:36.975+0000] {subprocess.py:106} INFO - only showing top 20 rows
[2025-03-31T06:54:36.979+0000] {subprocess.py:106} INFO - 
[2025-03-31T06:54:36.981+0000] {subprocess.py:106} INFO - +----------+--------+----+---------+-----------+-----+--------+
[2025-03-31T06:54:36.983+0000] {subprocess.py:106} INFO - |date      |humidity|icon|precip_mm|temperature|time |wind_kph|
[2025-03-31T06:54:36.984+0000] {subprocess.py:106} INFO - +----------+--------+----+---------+-----------+-----+--------+
[2025-03-31T06:54:36.986+0000] {subprocess.py:106} INFO - |2025-03-27|85      |2   |0.0      |10.9       |00:00|5.5     |
[2025-03-31T06:54:36.987+0000] {subprocess.py:106} INFO - |2025-03-27|87      |0   |0.0      |10.2       |01:00|5.7     |
[2025-03-31T06:54:36.989+0000] {subprocess.py:106} INFO - |2025-03-27|84      |0   |0.0      |9.5        |02:00|7.3     |
[2025-03-31T06:54:36.993+0000] {subprocess.py:106} INFO - |2025-03-27|80      |1   |0.0      |9.9        |03:00|6.8     |
[2025-03-31T06:54:36.994+0000] {subprocess.py:106} INFO - |2025-03-27|85      |0   |0.0      |9.2        |04:00|5.6     |
[2025-03-31T06:54:36.996+0000] {subprocess.py:106} INFO - |2025-03-27|86      |0   |0.0      |8.6        |05:00|6.1     |
[2025-03-31T06:54:36.998+0000] {subprocess.py:106} INFO - |2025-03-27|82      |0   |0.0      |8.3        |06:00|7.9     |
[2025-03-31T06:54:36.999+0000] {subprocess.py:106} INFO - |2025-03-27|79      |0   |0.0      |8.0        |07:00|7.1     |
[2025-03-31T06:54:37.000+0000] {subprocess.py:106} INFO - |2025-03-27|79      |0   |0.0      |7.7        |08:00|7.0     |
[2025-03-31T06:54:37.002+0000] {subprocess.py:106} INFO - |2025-03-27|78      |0   |0.0      |8.4        |09:00|8.0     |
[2025-03-31T06:54:37.003+0000] {subprocess.py:106} INFO - |2025-03-27|73      |0   |0.0      |10.5       |10:00|4.2     |
[2025-03-31T06:54:37.005+0000] {subprocess.py:106} INFO - |2025-03-27|64      |0   |0.0      |13.2       |11:00|2.3     |
[2025-03-31T06:54:37.007+0000] {subprocess.py:106} INFO - |2025-03-27|57      |0   |0.0      |15.0       |12:00|3.1     |
[2025-03-31T06:54:37.009+0000] {subprocess.py:106} INFO - |2025-03-27|54      |0   |0.0      |15.9       |13:00|7.5     |
[2025-03-31T06:54:37.011+0000] {subprocess.py:106} INFO - |2025-03-27|59      |0   |0.0      |16.0       |14:00|10.0    |
[2025-03-31T06:54:37.012+0000] {subprocess.py:106} INFO - |2025-03-27|59      |0   |0.0      |16.6       |15:00|10.5    |
[2025-03-31T06:54:37.013+0000] {subprocess.py:106} INFO - |2025-03-27|59      |0   |0.0      |16.2       |16:00|11.7    |
[2025-03-31T06:54:37.014+0000] {subprocess.py:106} INFO - |2025-03-27|57      |0   |0.0      |16.1       |17:00|9.4     |
[2025-03-31T06:54:37.016+0000] {subprocess.py:106} INFO - |2025-03-27|59      |0   |0.0      |16.1       |18:00|11.6    |
[2025-03-31T06:54:37.017+0000] {subprocess.py:106} INFO - |2025-03-27|61      |0   |0.0      |15.6       |19:00|9.1     |
[2025-03-31T06:54:37.018+0000] {subprocess.py:106} INFO - +----------+--------+----+---------+-----------+-----+--------+
[2025-03-31T06:54:37.020+0000] {subprocess.py:106} INFO - only showing top 20 rows
[2025-03-31T06:54:37.021+0000] {subprocess.py:106} INFO - 
[2025-03-31T06:54:37.728+0000] {subprocess.py:106} INFO - +----------+--------+----+---------+-----------+-----+--------+
[2025-03-31T06:54:37.729+0000] {subprocess.py:106} INFO - |      date|humidity|icon|precip_mm|temperature| time|wind_kph|
[2025-03-31T06:54:37.731+0000] {subprocess.py:106} INFO - +----------+--------+----+---------+-----------+-----+--------+
[2025-03-31T06:54:37.733+0000] {subprocess.py:106} INFO - |2025-03-27|      75|   0|      0.0|       11.6|00:00|     6.8|
[2025-03-31T06:54:37.734+0000] {subprocess.py:106} INFO - |2025-03-27|      67|   0|      0.0|       11.0|01:00|     8.4|
[2025-03-31T06:54:37.735+0000] {subprocess.py:106} INFO - |2025-03-27|      65|   1|      0.0|       10.9|02:00|    10.1|
[2025-03-31T06:54:37.737+0000] {subprocess.py:106} INFO - |2025-03-27|      62|   0|      0.0|       11.5|03:00|    10.0|
[2025-03-31T06:54:37.738+0000] {subprocess.py:106} INFO - |2025-03-27|      62|   0|      0.0|       11.2|04:00|    11.6|
[2025-03-31T06:54:37.740+0000] {subprocess.py:106} INFO - |2025-03-27|      63|   0|      0.0|       10.8|05:00|    13.3|
[2025-03-31T06:54:37.742+0000] {subprocess.py:106} INFO - |2025-03-27|      65|   0|      0.0|       10.5|06:00|    12.8|
[2025-03-31T06:54:37.744+0000] {subprocess.py:106} INFO - |2025-03-27|      69|   0|      0.0|        9.9|07:00|    11.6|
[2025-03-31T06:54:37.746+0000] {subprocess.py:106} INFO - |2025-03-27|      74|   0|      0.0|        9.0|08:00|    10.4|
[2025-03-31T06:54:37.747+0000] {subprocess.py:106} INFO - |2025-03-27|      72|   0|      0.0|       10.0|09:00|    10.1|
[2025-03-31T06:54:37.749+0000] {subprocess.py:106} INFO - |2025-03-27|      61|   1|      0.0|       13.8|10:00|     6.4|
[2025-03-31T06:54:37.750+0000] {subprocess.py:106} INFO - |2025-03-27|      46|   1|      0.0|       16.8|11:00|     2.5|
[2025-03-31T06:54:37.752+0000] {subprocess.py:106} INFO - |2025-03-27|      45|   1|      0.0|       18.1|12:00|     4.8|
[2025-03-31T06:54:37.753+0000] {subprocess.py:106} INFO - |2025-03-27|      47|  51|      0.1|       18.4|13:00|     6.0|
[2025-03-31T06:54:37.755+0000] {subprocess.py:106} INFO - |2025-03-27|      54|  53|      0.7|       18.2|14:00|    10.6|
[2025-03-31T06:54:37.757+0000] {subprocess.py:106} INFO - |2025-03-27|      57|   2|      0.0|       18.2|15:00|    11.4|
[2025-03-31T06:54:37.760+0000] {subprocess.py:106} INFO - |2025-03-27|      60|   2|      0.0|       17.9|16:00|    12.5|
[2025-03-31T06:54:37.761+0000] {subprocess.py:106} INFO - |2025-03-27|      63|   2|      0.0|       16.4|17:00|    14.0|
[2025-03-31T06:54:37.763+0000] {subprocess.py:106} INFO - |2025-03-27|      65|   1|      0.0|       16.6|18:00|    10.7|
[2025-03-31T06:54:37.765+0000] {subprocess.py:106} INFO - |2025-03-27|      72|  51|      0.3|       15.7|19:00|     7.9|
[2025-03-31T06:54:37.766+0000] {subprocess.py:106} INFO - +----------+--------+----+---------+-----------+-----+--------+
[2025-03-31T06:54:37.768+0000] {subprocess.py:106} INFO - only showing top 20 rows
[2025-03-31T06:54:37.770+0000] {subprocess.py:106} INFO - 
[2025-03-31T06:54:38.359+0000] {subprocess.py:110} INFO - Command exited with return code 0
[2025-03-31T06:54:38.396+0000] {taskinstance.py:341} INFO - ::group::Post task execution logs
[2025-03-31T06:54:38.398+0000] {taskinstance.py:353} INFO - Marking task as SUCCESS. dag_id=daily_weather_etl, task_id=run_minio_script, run_id=manual__2025-03-31T06:54:00.092173+00:00, execution_date=20250331T065400, start_date=20250331T065416, end_date=20250331T065438
[2025-03-31T06:54:38.433+0000] {logging_mixin.py:190} INFO - Task instance in success state
[2025-03-31T06:54:38.434+0000] {logging_mixin.py:190} INFO -  Previous state of the Task instance: running
[2025-03-31T06:54:38.436+0000] {logging_mixin.py:190} INFO - Dag name:daily_weather_etl queued_at:2025-03-31 06:54:00.109013+00:00
[2025-03-31T06:54:38.437+0000] {logging_mixin.py:190} INFO - Task hostname:3c3c1f66214b operator:BashOperator
[2025-03-31T06:54:38.480+0000] {local_task_job_runner.py:266} INFO - Task exited with return code 0
[2025-03-31T06:54:38.503+0000] {taskinstance.py:3901} INFO - 0 downstream tasks scheduled from follow-on schedule check
[2025-03-31T06:54:38.507+0000] {local_task_job_runner.py:245} INFO - ::endgroup::
