[2025-04-07T07:00:43.937+0000] {local_task_job_runner.py:123} INFO - ::group::Pre task execution logs
[2025-04-07T07:00:44.064+0000] {taskinstance.py:2614} INFO - Dependencies all met for dep_context=non-requeueable deps ti=<TaskInstance: daily_weather_etl.run_prediction_script scheduled__2025-04-04T07:00:00+00:00 [queued]>
[2025-04-07T07:00:44.076+0000] {taskinstance.py:2614} INFO - Dependencies all met for dep_context=requeueable deps ti=<TaskInstance: daily_weather_etl.run_prediction_script scheduled__2025-04-04T07:00:00+00:00 [queued]>
[2025-04-07T07:00:44.079+0000] {taskinstance.py:2867} INFO - Starting attempt 1 of 2
[2025-04-07T07:00:44.093+0000] {taskinstance.py:2890} INFO - Executing <Task(BashOperator): run_prediction_script> on 2025-04-04 07:00:00+00:00
[2025-04-07T07:00:44.099+0000] {standard_task_runner.py:72} INFO - Started process 5529 to run task
[2025-04-07T07:00:44.102+0000] {standard_task_runner.py:104} INFO - Running: ['***', 'tasks', 'run', 'daily_weather_etl', 'run_prediction_script', 'scheduled__2025-04-04T07:00:00+00:00', '--job-id', '232', '--raw', '--subdir', 'DAGS_FOLDER/weather_dag.py', '--cfg-path', '/tmp/tmpgeow4jfd']
[2025-04-07T07:00:44.104+0000] {standard_task_runner.py:105} INFO - Job 232: Subtask run_prediction_script
[2025-04-07T07:00:44.146+0000] {task_command.py:467} INFO - Running <TaskInstance: daily_weather_etl.run_prediction_script scheduled__2025-04-04T07:00:00+00:00 [running]> on host 3c3c1f66214b
[2025-04-07T07:00:44.215+0000] {taskinstance.py:3134} INFO - Exporting env vars: AIRFLOW_CTX_DAG_OWNER='***' AIRFLOW_CTX_DAG_ID='daily_weather_etl' AIRFLOW_CTX_TASK_ID='run_prediction_script' AIRFLOW_CTX_EXECUTION_DATE='2025-04-04T07:00:00+00:00' AIRFLOW_CTX_TRY_NUMBER='1' AIRFLOW_CTX_DAG_RUN_ID='scheduled__2025-04-04T07:00:00+00:00'
[2025-04-07T07:00:44.217+0000] {logging_mixin.py:190} INFO - Task instance is in running state
[2025-04-07T07:00:44.218+0000] {logging_mixin.py:190} INFO -  Previous state of the Task instance: queued
[2025-04-07T07:00:44.219+0000] {logging_mixin.py:190} INFO - Current task name:run_prediction_script state:running start_date:2025-04-07 07:00:44.065881+00:00
[2025-04-07T07:00:44.219+0000] {logging_mixin.py:190} INFO - Dag name:daily_weather_etl and current dag run status:running
[2025-04-07T07:00:44.220+0000] {taskinstance.py:732} INFO - ::endgroup::
[2025-04-07T07:00:44.221+0000] {subprocess.py:78} INFO - Tmp dir root location: /tmp
[2025-04-07T07:00:44.222+0000] {subprocess.py:88} INFO - Running command: ['/usr/bin/bash', '-c', 'python /opt/***/dags/ml_prediction.py']
[2025-04-07T07:00:44.232+0000] {subprocess.py:99} INFO - Output:
[2025-04-07T07:00:46.787+0000] {subprocess.py:106} INFO - 25/04/07 07:00:46 WARN NativeCodeLoader: Unable to load native-hadoop library for your platform... using builtin-java classes where applicable
[2025-04-07T07:00:46.947+0000] {subprocess.py:106} INFO - Setting default log level to "WARN".
[2025-04-07T07:00:46.949+0000] {subprocess.py:106} INFO - To adjust logging level use sc.setLogLevel(newLevel). For SparkR, use setLogLevel(newLevel).
[2025-04-07T07:00:56.697+0000] {subprocess.py:106} INFO - [Stage 0:>                                                          (0 + 1) / 1][Stage 2:>                                                          (0 + 1) / 1]                                                                                [Stage 11:>                                                         (0 + 1) / 1]                                                                                25/04/07 07:00:56 WARN Instrumentation: [8cd8128f] regParam is zero, which might cause numerical instability and overfitting.
[2025-04-07T07:00:56.938+0000] {subprocess.py:106} INFO - 25/04/07 07:00:56 WARN InstanceBuilder: Failed to load implementation from:dev.ludovic.netlib.blas.JNIBLAS
[2025-04-07T07:00:56.948+0000] {subprocess.py:106} INFO - 25/04/07 07:00:56 WARN InstanceBuilder: Failed to load implementation from:dev.ludovic.netlib.blas.VectorBLAS
[2025-04-07T07:00:57.272+0000] {subprocess.py:106} INFO - 25/04/07 07:00:57 WARN InstanceBuilder: Failed to load implementation from:dev.ludovic.netlib.lapack.JNILAPACK
[2025-04-07T07:01:06.074+0000] {subprocess.py:106} INFO - [Stage 25:>                                                         (0 + 8) / 8]                                                                                25/04/07 07:01:06 WARN Instrumentation: [c4f444ba] regParam is zero, which might cause numerical instability and overfitting.
[2025-04-07T07:01:12.471+0000] {subprocess.py:106} INFO - 25/04/07 07:01:12 WARN Instrumentation: [764ec947] regParam is zero, which might cause numerical instability and overfitting.
[2025-04-07T07:01:17.777+0000] {subprocess.py:106} INFO - 25/04/07 07:01:17 WARN Instrumentation: [ee7e77e2] regParam is zero, which might cause numerical instability and overfitting.
[2025-04-07T07:01:25.725+0000] {subprocess.py:106} INFO - +--------------------+----------+--------+------------------+--------------------+------------------+------------------+
[2025-04-07T07:01:25.727+0000] {subprocess.py:106} INFO - |city                |date      |time    |humidity          |precip_mm           |temperature       |wind_kph          |
[2025-04-07T07:01:25.729+0000] {subprocess.py:106} INFO - +--------------------+----------+--------+------------------+--------------------+------------------+------------------+
[2025-04-07T07:01:25.730+0000] {subprocess.py:106} INFO - |elche               |2025-04-08|04:00:00|74.27767327433943 |0.04618815302551137 |15.571864966966125|8.40113971552564  |
[2025-04-07T07:01:25.732+0000] {subprocess.py:106} INFO - |elche               |2025-04-08|09:00:00|52.50239787468246 |0.056292215574776115|18.171361586429466|14.322863270730204|
[2025-04-07T07:01:25.734+0000] {subprocess.py:106} INFO - |elche               |2025-04-08|15:00:00|41.64543720600145 |0.07104171838265905 |23.338252958383656|14.955134603613834|
[2025-04-07T07:01:25.736+0000] {subprocess.py:106} INFO - |elche               |2025-04-08|22:00:00|60.61183552634424 |0.05136670737430706 |20.012545846066754|10.622241769763146|
[2025-04-07T07:01:25.737+0000] {subprocess.py:106} INFO - |madrid              |2025-04-08|04:00:00|80.91765746927047 |0.04618815302551137 |10.785762136775567|8.249150533607827 |
[2025-04-07T07:01:25.739+0000] {subprocess.py:106} INFO - |madrid              |2025-04-08|09:00:00|75.6013774406382  |0.056292215574776115|11.874381435075293|12.828983476752377|
[2025-04-07T07:01:25.741+0000] {subprocess.py:106} INFO - |madrid              |2025-04-08|15:00:00|56.890090262814056|0.07104171838265905 |17.59159222989838 |14.257735591471572|
[2025-04-07T07:01:25.743+0000] {subprocess.py:106} INFO - |madrid              |2025-04-08|22:00:00|70.67286208204135 |0.05136670737430706 |14.76810982522063 |10.296669803332076|
[2025-04-07T07:01:25.744+0000] {subprocess.py:106} INFO - |san juan de alicante|2025-04-08|04:00:00|78.64109145957983 |0.04618815302551137 |13.837769738636215|7.888176226553021 |
[2025-04-07T07:01:25.746+0000] {subprocess.py:106} INFO - |san juan de alicante|2025-04-08|09:00:00|67.68172730373911 |0.056292215574776115|15.889847038837374|9.28101896605504  |
[2025-04-07T07:01:25.747+0000] {subprocess.py:106} INFO - |san juan de alicante|2025-04-08|15:00:00|51.663352071906885|0.07104171838265905 |21.256129506033922|12.601412937633704|
[2025-04-07T07:01:25.748+0000] {subprocess.py:106} INFO - |san juan de alicante|2025-04-08|22:00:00|67.2233672629452  |0.05136670737430706 |18.11238786749932 |9.52343638305829  |
[2025-04-07T07:01:25.750+0000] {subprocess.py:106} INFO - |torrevieja          |2025-04-08|04:00:00|81.86622663997488 |0.04618815302551137 |14.115224975169   |7.888176226553021 |
[2025-04-07T07:01:25.751+0000] {subprocess.py:106} INFO - |torrevieja          |2025-04-08|09:00:00|78.90123166434617 |0.056292215574776115|16.254889366452108|9.28101896605504  |
[2025-04-07T07:01:25.752+0000] {subprocess.py:106} INFO - |torrevieja          |2025-04-08|15:00:00|59.06789784235872 |0.07104171838265905 |21.589269258409878|12.601412937633704|
[2025-04-07T07:01:25.754+0000] {subprocess.py:106} INFO - |torrevieja          |2025-04-08|22:00:00|72.11015158999808 |0.05136670737430706 |18.41641314407011 |9.52343638305829  |
[2025-04-07T07:01:25.755+0000] {subprocess.py:106} INFO - |valencia            |2025-04-08|04:00:00|79.77937446442515 |0.04618815302551137 |13.62967831123662 |8.002168112991379 |
[2025-04-07T07:01:25.756+0000] {subprocess.py:106} INFO - |valencia            |2025-04-08|09:00:00|71.64155237218866 |0.056292215574776115|15.616065293126322|10.401428811538409|
[2025-04-07T07:01:25.757+0000] {subprocess.py:106} INFO - |valencia            |2025-04-08|15:00:00|54.27672116736047 |0.07104171838265905 |21.006274691751948|13.1244621967404  |
[2025-04-07T07:01:25.758+0000] {subprocess.py:106} INFO - |valencia            |2025-04-08|22:00:00|68.94811467249329 |0.05136670737430706 |17.88436891007122 |9.767615357881589 |
[2025-04-07T07:01:25.759+0000] {subprocess.py:106} INFO - +--------------------+----------+--------+------------------+--------------------+------------------+------------------+
[2025-04-07T07:01:25.760+0000] {subprocess.py:106} INFO - 
[2025-04-07T07:01:25.761+0000] {subprocess.py:106} INFO - Nombre de la carpeta: 2025-04-08
[2025-04-07T07:01:25.762+0000] {subprocess.py:106} INFO - Archivo Parquet generado: /tmp/tmpjay2wyix/2025-04-08/part-00000-4669cff1-6c10-4b2d-b753-5f3ae75d60d7-c000.snappy.parquet
[2025-04-07T07:01:25.762+0000] {subprocess.py:106} INFO - Archivo subido correctamente a MinIO en: 2025-04-08/2025-04-08.parquet
[2025-04-07T07:01:25.763+0000] {subprocess.py:106} INFO - Datos registrados correctamente en la bbdd
[2025-04-07T07:01:26.247+0000] {subprocess.py:110} INFO - Command exited with return code 0
[2025-04-07T07:01:26.268+0000] {taskinstance.py:341} INFO - ::group::Post task execution logs
[2025-04-07T07:01:26.269+0000] {taskinstance.py:353} INFO - Marking task as SUCCESS. dag_id=daily_weather_etl, task_id=run_prediction_script, run_id=scheduled__2025-04-04T07:00:00+00:00, execution_date=20250404T070000, start_date=20250407T070044, end_date=20250407T070126
[2025-04-07T07:01:26.289+0000] {logging_mixin.py:190} INFO - Task instance in success state
[2025-04-07T07:01:26.290+0000] {logging_mixin.py:190} INFO -  Previous state of the Task instance: running
[2025-04-07T07:01:26.290+0000] {logging_mixin.py:190} INFO - Dag name:daily_weather_etl queued_at:2025-04-07 07:00:00.914090+00:00
[2025-04-07T07:01:26.291+0000] {logging_mixin.py:190} INFO - Task hostname:3c3c1f66214b operator:BashOperator
[2025-04-07T07:01:26.309+0000] {local_task_job_runner.py:266} INFO - Task exited with return code 0
[2025-04-07T07:01:26.322+0000] {taskinstance.py:3901} INFO - 0 downstream tasks scheduled from follow-on schedule check
[2025-04-07T07:01:26.324+0000] {local_task_job_runner.py:245} INFO - ::endgroup::
