[2025-04-09T08:59:33.660+0000] {local_task_job_runner.py:123} INFO - ::group::Pre task execution logs
[2025-04-09T08:59:33.901+0000] {taskinstance.py:2614} INFO - Dependencies all met for dep_context=non-requeueable deps ti=<TaskInstance: daily_weather_etl.run_minio_script manual__2025-04-09T08:58:41.548829+00:00 [queued]>
[2025-04-09T08:59:33.923+0000] {taskinstance.py:2614} INFO - Dependencies all met for dep_context=requeueable deps ti=<TaskInstance: daily_weather_etl.run_minio_script manual__2025-04-09T08:58:41.548829+00:00 [queued]>
[2025-04-09T08:59:33.927+0000] {taskinstance.py:2867} INFO - Starting attempt 1 of 2
[2025-04-09T08:59:33.949+0000] {taskinstance.py:2890} INFO - Executing <Task(BashOperator): run_minio_script> on 2025-04-09 08:58:41.548829+00:00
[2025-04-09T08:59:33.959+0000] {standard_task_runner.py:72} INFO - Started process 11672 to run task
[2025-04-09T08:59:33.966+0000] {standard_task_runner.py:104} INFO - Running: ['***', 'tasks', 'run', 'daily_weather_etl', 'run_minio_script', 'manual__2025-04-09T08:58:41.548829+00:00', '--job-id', '260', '--raw', '--subdir', 'DAGS_FOLDER/weather_dag.py', '--cfg-path', '/tmp/tmpts5qawml']
[2025-04-09T08:59:33.969+0000] {standard_task_runner.py:105} INFO - Job 260: Subtask run_minio_script
[2025-04-09T08:59:34.046+0000] {task_command.py:467} INFO - Running <TaskInstance: daily_weather_etl.run_minio_script manual__2025-04-09T08:58:41.548829+00:00 [running]> on host 3c3c1f66214b
[2025-04-09T08:59:34.207+0000] {taskinstance.py:3134} INFO - Exporting env vars: AIRFLOW_CTX_DAG_OWNER='***' AIRFLOW_CTX_DAG_ID='daily_weather_etl' AIRFLOW_CTX_TASK_ID='run_minio_script' AIRFLOW_CTX_EXECUTION_DATE='2025-04-09T08:58:41.548829+00:00' AIRFLOW_CTX_TRY_NUMBER='1' AIRFLOW_CTX_DAG_RUN_ID='manual__2025-04-09T08:58:41.548829+00:00'
[2025-04-09T08:59:34.211+0000] {logging_mixin.py:190} INFO - Task instance is in running state
[2025-04-09T08:59:34.212+0000] {logging_mixin.py:190} INFO -  Previous state of the Task instance: queued
[2025-04-09T08:59:34.215+0000] {logging_mixin.py:190} INFO - Current task name:run_minio_script state:running start_date:2025-04-09 08:59:33.903674+00:00
[2025-04-09T08:59:34.217+0000] {logging_mixin.py:190} INFO - Dag name:daily_weather_etl and current dag run status:running
[2025-04-09T08:59:34.219+0000] {taskinstance.py:732} INFO - ::endgroup::
[2025-04-09T08:59:34.221+0000] {subprocess.py:78} INFO - Tmp dir root location: /tmp
[2025-04-09T08:59:34.225+0000] {subprocess.py:88} INFO - Running command: ['/usr/bin/bash', '-c', 'python /opt/***/dags/minio.py']
[2025-04-09T08:59:34.242+0000] {subprocess.py:99} INFO - Output:
[2025-04-09T08:59:38.546+0000] {subprocess.py:106} INFO - Setting default log level to "WARN".
[2025-04-09T08:59:38.547+0000] {subprocess.py:106} INFO - To adjust logging level use sc.setLogLevel(newLevel). For SparkR, use setLogLevel(newLevel).
[2025-04-09T08:59:38.831+0000] {subprocess.py:106} INFO - 25/04/09 08:59:38 WARN NativeCodeLoader: Unable to load native-hadoop library for your platform... using builtin-java classes where applicable
[2025-04-09T08:59:40.946+0000] {subprocess.py:106} INFO - Error: 'NoneType' object has no attribute 'show'
[2025-04-09T08:59:41.495+0000] {subprocess.py:110} INFO - Command exited with return code 0
[2025-04-09T08:59:41.524+0000] {taskinstance.py:341} INFO - ::group::Post task execution logs
[2025-04-09T08:59:41.526+0000] {taskinstance.py:353} INFO - Marking task as SUCCESS. dag_id=daily_weather_etl, task_id=run_minio_script, run_id=manual__2025-04-09T08:58:41.548829+00:00, execution_date=20250409T085841, start_date=20250409T085933, end_date=20250409T085941
[2025-04-09T08:59:41.558+0000] {logging_mixin.py:190} INFO - Task instance in success state
[2025-04-09T08:59:41.559+0000] {logging_mixin.py:190} INFO -  Previous state of the Task instance: running
[2025-04-09T08:59:41.561+0000] {logging_mixin.py:190} INFO - Dag name:daily_weather_etl queued_at:2025-04-09 08:58:41.584437+00:00
[2025-04-09T08:59:41.562+0000] {logging_mixin.py:190} INFO - Task hostname:3c3c1f66214b operator:BashOperator
[2025-04-09T08:59:41.605+0000] {local_task_job_runner.py:266} INFO - Task exited with return code 0
[2025-04-09T08:59:41.636+0000] {taskinstance.py:3901} INFO - 1 downstream tasks scheduled from follow-on schedule check
[2025-04-09T08:59:41.641+0000] {local_task_job_runner.py:245} INFO - ::endgroup::
