[2025-04-16T07:00:51.151+0000] {local_task_job_runner.py:123} INFO - ::group::Pre task execution logs
[2025-04-16T07:00:51.280+0000] {taskinstance.py:2614} INFO - Dependencies all met for dep_context=non-requeueable deps ti=<TaskInstance: daily_weather_etl.run_prediction_script scheduled__2025-04-15T07:00:00+00:00 [queued]>
[2025-04-16T07:00:51.291+0000] {taskinstance.py:2614} INFO - Dependencies all met for dep_context=requeueable deps ti=<TaskInstance: daily_weather_etl.run_prediction_script scheduled__2025-04-15T07:00:00+00:00 [queued]>
[2025-04-16T07:00:51.294+0000] {taskinstance.py:2867} INFO - Starting attempt 1 of 2
[2025-04-16T07:00:51.307+0000] {taskinstance.py:2890} INFO - Executing <Task(BashOperator): run_prediction_script> on 2025-04-15 07:00:00+00:00
[2025-04-16T07:00:51.312+0000] {standard_task_runner.py:72} INFO - Started process 2247 to run task
[2025-04-16T07:00:51.315+0000] {standard_task_runner.py:104} INFO - Running: ['***', 'tasks', 'run', 'daily_weather_etl', 'run_prediction_script', 'scheduled__2025-04-15T07:00:00+00:00', '--job-id', '333', '--raw', '--subdir', 'DAGS_FOLDER/weather_dag.py', '--cfg-path', '/tmp/tmpm0sk8slw']
[2025-04-16T07:00:51.318+0000] {standard_task_runner.py:105} INFO - Job 333: Subtask run_prediction_script
[2025-04-16T07:00:51.365+0000] {task_command.py:467} INFO - Running <TaskInstance: daily_weather_etl.run_prediction_script scheduled__2025-04-15T07:00:00+00:00 [running]> on host 3c3c1f66214b
[2025-04-16T07:00:51.438+0000] {taskinstance.py:3134} INFO - Exporting env vars: AIRFLOW_CTX_DAG_OWNER='***' AIRFLOW_CTX_DAG_ID='daily_weather_etl' AIRFLOW_CTX_TASK_ID='run_prediction_script' AIRFLOW_CTX_EXECUTION_DATE='2025-04-15T07:00:00+00:00' AIRFLOW_CTX_TRY_NUMBER='1' AIRFLOW_CTX_DAG_RUN_ID='scheduled__2025-04-15T07:00:00+00:00'
[2025-04-16T07:00:51.440+0000] {logging_mixin.py:190} INFO - Task instance is in running state
[2025-04-16T07:00:51.441+0000] {logging_mixin.py:190} INFO -  Previous state of the Task instance: queued
[2025-04-16T07:00:51.442+0000] {logging_mixin.py:190} INFO - Current task name:run_prediction_script state:running start_date:2025-04-16 07:00:51.281416+00:00
[2025-04-16T07:00:51.443+0000] {logging_mixin.py:190} INFO - Dag name:daily_weather_etl and current dag run status:running
[2025-04-16T07:00:51.444+0000] {taskinstance.py:732} INFO - ::endgroup::
[2025-04-16T07:00:51.446+0000] {subprocess.py:78} INFO - Tmp dir root location: /tmp
[2025-04-16T07:00:51.447+0000] {subprocess.py:88} INFO - Running command: ['/usr/bin/bash', '-c', 'python /opt/***/dags/ml_prediction.py']
[2025-04-16T07:00:51.456+0000] {subprocess.py:99} INFO - Output:
[2025-04-16T07:00:54.371+0000] {subprocess.py:106} INFO - 25/04/16 07:00:54 WARN NativeCodeLoader: Unable to load native-hadoop library for your platform... using builtin-java classes where applicable
[2025-04-16T07:00:54.507+0000] {subprocess.py:106} INFO - Setting default log level to "WARN".
[2025-04-16T07:00:54.508+0000] {subprocess.py:106} INFO - To adjust logging level use sc.setLogLevel(newLevel). For SparkR, use setLogLevel(newLevel).
[2025-04-16T07:01:21.109+0000] {subprocess.py:106} INFO - [Stage 0:>                                                          (0 + 1) / 1][Stage 2:>                                                          (0 + 1) / 1]                                                                                [Stage 11:>                                                         (0 + 1) / 1]                                                                                [Stage 20:>                                                         (0 + 1) / 1]                                                                                25/04/16 07:01:21 WARN InstanceBuilder: Failed to load implementation from:dev.ludovic.netlib.blas.JNIBLAS
[2025-04-16T07:01:21.116+0000] {subprocess.py:106} INFO - 25/04/16 07:01:21 WARN InstanceBuilder: Failed to load implementation from:dev.ludovic.netlib.blas.VectorBLAS
[2025-04-16T07:02:24.316+0000] {subprocess.py:106} INFO - [Stage 789:>                                                        (0 + 8) / 8]                                                                                Prar치metros de fiabilidad de temperature: RMSE = 2.0787861247132233, MAE = 1.5492952675403093
[2025-04-16T07:02:24.317+0000] {subprocess.py:106} INFO -   Margen de error (RMSE): 4.89 %
[2025-04-16T07:02:24.318+0000] {subprocess.py:106} INFO -   Acierto (100 - RMSE error margin): 95.11 %
[2025-04-16T07:02:24.319+0000] {subprocess.py:106} INFO -   Margen de error (MAE): 3.65 %
[2025-04-16T07:02:24.320+0000] {subprocess.py:106} INFO -   Acierto (100 - MAE error margin): 96.35 %
[2025-04-16T07:02:24.321+0000] {subprocess.py:106} INFO - Prar치metros de fiabilidad de wind_kph: RMSE = 4.8365520082945475, MAE = 3.655553779812783
[2025-04-16T07:02:24.322+0000] {subprocess.py:106} INFO -   Margen de error (RMSE): 9.62 %
[2025-04-16T07:02:24.323+0000] {subprocess.py:106} INFO -   Acierto (100 - RMSE error margin): 90.38 %
[2025-04-16T07:02:24.324+0000] {subprocess.py:106} INFO -   Margen de error (MAE): 7.27 %
[2025-04-16T07:02:24.325+0000] {subprocess.py:106} INFO -   Acierto (100 - MAE error margin): 92.73 %
[2025-04-16T07:02:24.326+0000] {subprocess.py:106} INFO - Prar치metros de fiabilidad de humidity: RMSE = 11.535904289945249, MAE = 8.921607088882698
[2025-04-16T07:02:24.327+0000] {subprocess.py:106} INFO -   Margen de error (RMSE): 11.54 %
[2025-04-16T07:02:24.328+0000] {subprocess.py:106} INFO -   Acierto (100 - RMSE error margin): 88.46 %
[2025-04-16T07:02:24.329+0000] {subprocess.py:106} INFO -   Margen de error (MAE): 8.92 %
[2025-04-16T07:02:24.330+0000] {subprocess.py:106} INFO -   Acierto (100 - MAE error margin): 91.08 %
[2025-04-16T07:02:24.331+0000] {subprocess.py:106} INFO - Prar치metros de fiabilidad de precip_mm: RMSE = 0.39475112836896153, MAE = 0.0882118599631421
[2025-04-16T07:02:24.332+0000] {subprocess.py:106} INFO -   Margen de error (RMSE): 1.77 %
[2025-04-16T07:02:24.333+0000] {subprocess.py:106} INFO -   Acierto (100 - RMSE error margin): 98.23 %
[2025-04-16T07:02:24.334+0000] {subprocess.py:106} INFO -   Margen de error (MAE): 0.40 %
[2025-04-16T07:02:24.336+0000] {subprocess.py:106} INFO -   Acierto (100 - MAE error margin): 99.60 %
[2025-04-16T07:02:24.337+0000] {subprocess.py:106} INFO - +--------------------+-------------------+------------------+--------------------+------------------+------------------+
[2025-04-16T07:02:24.338+0000] {subprocess.py:106} INFO - |city                |local_time         |humidity          |precip_mm           |temperature       |wind_kph          |
[2025-04-16T07:02:24.339+0000] {subprocess.py:106} INFO - +--------------------+-------------------+------------------+--------------------+------------------+------------------+
[2025-04-16T07:02:24.340+0000] {subprocess.py:106} INFO - |elche               |2025-04-17 04:00:00|88.7849046951496  |0.027331131091384558|14.163540463466362|6.831067572393498 |
[2025-04-16T07:02:24.342+0000] {subprocess.py:106} INFO - |elche               |2025-04-17 09:00:00|83.751833308965   |0.021386473425560472|13.601354634172846|7.343393108020635 |
[2025-04-16T07:02:24.343+0000] {subprocess.py:106} INFO - |elche               |2025-04-17 15:00:00|60.00020204170034 |0.04574563981328111 |18.89632730241403 |12.44078632511177 |
[2025-04-16T07:02:24.344+0000] {subprocess.py:106} INFO - |elche               |2025-04-17 22:00:00|77.86337551860761 |0.019042908188838442|17.317740640601233|8.791878550978776 |
[2025-04-16T07:02:24.345+0000] {subprocess.py:106} INFO - |madrid              |2025-04-17 04:00:00|82.52190642108246 |0.2157817916826584  |9.76138578401536  |11.594314449069968|
[2025-04-16T07:02:24.346+0000] {subprocess.py:106} INFO - |madrid              |2025-04-17 09:00:00|73.99395731254111 |0.19861806590496278 |9.221560748589697 |11.16706827764306 |
[2025-04-16T07:02:24.347+0000] {subprocess.py:106} INFO - |madrid              |2025-04-17 15:00:00|52.894354076323566|0.4148589616709666  |16.17131241741368 |12.221370408259984|
[2025-04-16T07:02:24.348+0000] {subprocess.py:106} INFO - |madrid              |2025-04-17 22:00:00|74.20045250939324 |0.6787561435541367  |13.748946334588805|8.791878550978776 |
[2025-04-16T07:02:24.350+0000] {subprocess.py:106} INFO - |san juan de alicante|2025-04-17 04:00:00|89.00809095125231 |0.027331131091384558|13.342437864672274|6.831067572393498 |
[2025-04-16T07:02:24.351+0000] {subprocess.py:106} INFO - |san juan de alicante|2025-04-17 09:00:00|83.751833308965   |0.021386473425560472|12.88434915329954 |7.343393108020635 |
[2025-04-16T07:02:24.352+0000] {subprocess.py:106} INFO - |san juan de alicante|2025-04-17 15:00:00|60.00020204170034 |0.04574563981328111 |18.656109856451938|12.44078632511177 |
[2025-04-16T07:02:24.353+0000] {subprocess.py:106} INFO - |san juan de alicante|2025-04-17 22:00:00|77.86337551860761 |0.019042908188838442|17.317740640601233|8.791878550978776 |
[2025-04-16T07:02:24.355+0000] {subprocess.py:106} INFO - |torrevieja          |2025-04-17 04:00:00|88.5274446030717  |0.027331131091384558|14.163540463466362|7.8817776979577046|
[2025-04-16T07:02:24.356+0000] {subprocess.py:106} INFO - |torrevieja          |2025-04-17 09:00:00|83.751833308965   |0.021386473425560472|13.601354634172846|8.022956904156645 |
[2025-04-16T07:02:24.357+0000] {subprocess.py:106} INFO - |torrevieja          |2025-04-17 15:00:00|60.00020204170034 |0.04574563981328111 |18.89632730241403 |12.090359665226217|
[2025-04-16T07:02:24.358+0000] {subprocess.py:106} INFO - |torrevieja          |2025-04-17 22:00:00|77.86337551860761 |0.019042908188838442|17.317740640601233|8.791878550978776 |
[2025-04-16T07:02:24.359+0000] {subprocess.py:106} INFO - |valencia            |2025-04-17 04:00:00|65.40898973002744 |0.027331131091384558|17.229813129734893|10.537181932948059|
[2025-04-16T07:02:24.360+0000] {subprocess.py:106} INFO - |valencia            |2025-04-17 09:00:00|65.38554520616168 |0.021386473425560472|16.448795270599845|10.11894500250581 |
[2025-04-16T07:02:24.361+0000] {subprocess.py:106} INFO - |valencia            |2025-04-17 15:00:00|41.40600737718969 |0.04574563981328111 |23.56038408914442 |11.841647146008844|
[2025-04-16T07:02:24.362+0000] {subprocess.py:106} INFO - |valencia            |2025-04-17 22:00:00|64.2596204277528  |0.019042908188838442|18.868122912882193|8.67783410649432  |
[2025-04-16T07:02:24.363+0000] {subprocess.py:106} INFO - +--------------------+-------------------+------------------+--------------------+------------------+------------------+
[2025-04-16T07:02:24.364+0000] {subprocess.py:106} INFO - 
[2025-04-16T07:02:24.365+0000] {subprocess.py:106} INFO - Nombre de la carpeta: 2025-04-17
[2025-04-16T07:02:24.366+0000] {subprocess.py:106} INFO - Archivo Parquet generado: /tmp/tmpy_mhnv_q/2025-04-17/part-00000-583ac6a3-5fd8-4449-8d1c-08f91cefb988-c000.snappy.parquet
[2025-04-16T07:02:24.368+0000] {subprocess.py:106} INFO - Archivo subido correctamente a MinIO en: 2025-04-17/2025-04-17.parquet
[2025-04-16T07:02:24.369+0000] {subprocess.py:106} INFO - Datos registrados correctamente en la bbdd
[2025-04-16T07:02:24.920+0000] {subprocess.py:110} INFO - Command exited with return code 0
[2025-04-16T07:02:24.945+0000] {taskinstance.py:341} INFO - ::group::Post task execution logs
[2025-04-16T07:02:24.947+0000] {taskinstance.py:353} INFO - Marking task as SUCCESS. dag_id=daily_weather_etl, task_id=run_prediction_script, run_id=scheduled__2025-04-15T07:00:00+00:00, execution_date=20250415T070000, start_date=20250416T070051, end_date=20250416T070224
[2025-04-16T07:02:24.974+0000] {logging_mixin.py:190} INFO - Task instance in success state
[2025-04-16T07:02:24.976+0000] {logging_mixin.py:190} INFO -  Previous state of the Task instance: running
[2025-04-16T07:02:24.977+0000] {logging_mixin.py:190} INFO - Dag name:daily_weather_etl queued_at:2025-04-16 07:00:00.106585+00:00
[2025-04-16T07:02:24.978+0000] {logging_mixin.py:190} INFO - Task hostname:3c3c1f66214b operator:BashOperator
[2025-04-16T07:02:25.022+0000] {local_task_job_runner.py:266} INFO - Task exited with return code 0
[2025-04-16T07:02:25.036+0000] {taskinstance.py:3901} INFO - 0 downstream tasks scheduled from follow-on schedule check
[2025-04-16T07:02:25.038+0000] {local_task_job_runner.py:245} INFO - ::endgroup::
