[2025-04-03T07:00:14.947+0000] {local_task_job_runner.py:123} INFO - ::group::Pre task execution logs
[2025-04-03T07:00:15.101+0000] {taskinstance.py:2614} INFO - Dependencies all met for dep_context=non-requeueable deps ti=<TaskInstance: daily_weather_etl.run_minio_script scheduled__2025-04-02T07:00:00+00:00 [queued]>
[2025-04-03T07:00:15.115+0000] {taskinstance.py:2614} INFO - Dependencies all met for dep_context=requeueable deps ti=<TaskInstance: daily_weather_etl.run_minio_script scheduled__2025-04-02T07:00:00+00:00 [queued]>
[2025-04-03T07:00:15.119+0000] {taskinstance.py:2867} INFO - Starting attempt 1 of 2
[2025-04-03T07:00:15.138+0000] {taskinstance.py:2890} INFO - Executing <Task(BashOperator): run_minio_script> on 2025-04-02 07:00:00+00:00
[2025-04-03T07:00:15.145+0000] {standard_task_runner.py:72} INFO - Started process 217 to run task
[2025-04-03T07:00:15.150+0000] {standard_task_runner.py:104} INFO - Running: ['***', 'tasks', 'run', 'daily_weather_etl', 'run_minio_script', 'scheduled__2025-04-02T07:00:00+00:00', '--job-id', '216', '--raw', '--subdir', 'DAGS_FOLDER/weather_dag.py', '--cfg-path', '/tmp/tmphafg4j8o']
[2025-04-03T07:00:15.153+0000] {standard_task_runner.py:105} INFO - Job 216: Subtask run_minio_script
[2025-04-03T07:00:15.218+0000] {task_command.py:467} INFO - Running <TaskInstance: daily_weather_etl.run_minio_script scheduled__2025-04-02T07:00:00+00:00 [running]> on host 3c3c1f66214b
[2025-04-03T07:00:15.344+0000] {taskinstance.py:3134} INFO - Exporting env vars: AIRFLOW_CTX_DAG_OWNER='***' AIRFLOW_CTX_DAG_ID='daily_weather_etl' AIRFLOW_CTX_TASK_ID='run_minio_script' AIRFLOW_CTX_EXECUTION_DATE='2025-04-02T07:00:00+00:00' AIRFLOW_CTX_TRY_NUMBER='1' AIRFLOW_CTX_DAG_RUN_ID='scheduled__2025-04-02T07:00:00+00:00'
[2025-04-03T07:00:15.347+0000] {logging_mixin.py:190} INFO - Task instance is in running state
[2025-04-03T07:00:15.349+0000] {logging_mixin.py:190} INFO -  Previous state of the Task instance: queued
[2025-04-03T07:00:15.350+0000] {logging_mixin.py:190} INFO - Current task name:run_minio_script state:running start_date:2025-04-03 07:00:15.103072+00:00
[2025-04-03T07:00:15.352+0000] {logging_mixin.py:190} INFO - Dag name:daily_weather_etl and current dag run status:running
[2025-04-03T07:00:15.354+0000] {taskinstance.py:732} INFO - ::endgroup::
[2025-04-03T07:00:15.357+0000] {subprocess.py:78} INFO - Tmp dir root location: /tmp
[2025-04-03T07:00:15.360+0000] {subprocess.py:88} INFO - Running command: ['/usr/bin/bash', '-c', 'python /opt/***/dags/minio.py']
[2025-04-03T07:00:15.374+0000] {subprocess.py:99} INFO - Output:
[2025-04-03T07:00:19.144+0000] {subprocess.py:106} INFO - Setting default log level to "WARN".
[2025-04-03T07:00:19.146+0000] {subprocess.py:106} INFO - To adjust logging level use sc.setLogLevel(newLevel). For SparkR, use setLogLevel(newLevel).
[2025-04-03T07:00:19.422+0000] {subprocess.py:106} INFO - 25/04/03 07:00:19 WARN NativeCodeLoader: Unable to load native-hadoop library for your platform... using builtin-java classes where applicable
[2025-04-03T07:00:42.839+0000] {subprocess.py:106} INFO - [Stage 0:>                                                          (0 + 8) / 8]                                                                                +-----+----------+-----+-----------+--------+--------+---------+---------+------------+----------------------------------------------+
[2025-04-03T07:00:42.842+0000] {subprocess.py:106} INFO - |city |date      |time |temperature|wind_kph|humidity|feelslike|precip_mm|text        |icon                                          |
[2025-04-03T07:00:42.844+0000] {subprocess.py:106} INFO - +-----+----------+-----+-----------+--------+--------+---------+---------+------------+----------------------------------------------+
[2025-04-03T07:00:42.846+0000] {subprocess.py:106} INFO - |elche|2025-04-01|04:00|13.5       |8.1     |46      |13.5     |0.0      |Mostly Clear|//cdn.weatherapi.com/weather/64x64/day/116.png|
[2025-04-03T07:00:42.848+0000] {subprocess.py:106} INFO - |elche|2025-04-01|22:00|15.1       |4.7     |72      |15.1     |0.0      |Cloudy      |//cdn.weatherapi.com/weather/64x64/day/119.png|
[2025-04-03T07:00:42.849+0000] {subprocess.py:106} INFO - |elche|2025-04-01|15:00|23.5       |12.1    |22      |23.5     |0.0      |Cloudy      |//cdn.weatherapi.com/weather/64x64/day/119.png|
[2025-04-03T07:00:42.851+0000] {subprocess.py:106} INFO - |elche|2025-04-01|09:00|12.9       |6.3     |50      |12.9     |0.0      |Cloudy      |//cdn.weatherapi.com/weather/64x64/day/119.png|
[2025-04-03T07:00:42.853+0000] {subprocess.py:106} INFO - +-----+----------+-----+-----------+--------+--------+---------+---------+------------+----------------------------------------------+
[2025-04-03T07:00:42.854+0000] {subprocess.py:106} INFO - 
[2025-04-03T07:00:42.856+0000] {subprocess.py:106} INFO - +------+----------+-----+-----------+--------+--------+---------+---------+------+----------------------------------------------+
[2025-04-03T07:00:42.858+0000] {subprocess.py:106} INFO - |city  |date      |time |temperature|wind_kph|humidity|feelslike|precip_mm|text  |icon                                          |
[2025-04-03T07:00:42.860+0000] {subprocess.py:106} INFO - +------+----------+-----+-----------+--------+--------+---------+---------+------+----------------------------------------------+
[2025-04-03T07:00:42.862+0000] {subprocess.py:106} INFO - |madrid|2025-04-01|09:00|8.8        |2.3     |74      |8.8      |0.0      |Cloudy|//cdn.weatherapi.com/weather/64x64/day/119.png|
[2025-04-03T07:00:42.863+0000] {subprocess.py:106} INFO - |madrid|2025-04-01|04:00|9.5        |3.3     |77      |9.5      |0.0      |Cloudy|//cdn.weatherapi.com/weather/64x64/day/119.png|
[2025-04-03T07:00:42.865+0000] {subprocess.py:106} INFO - |madrid|2025-04-01|15:00|20.3       |5.8     |39      |20.3     |0.0      |Cloudy|//cdn.weatherapi.com/weather/64x64/day/119.png|
[2025-04-03T07:00:42.867+0000] {subprocess.py:106} INFO - |madrid|2025-04-01|22:00|14.1       |9.4     |69      |14.1     |0.0      |Cloudy|//cdn.weatherapi.com/weather/64x64/day/119.png|
[2025-04-03T07:00:42.869+0000] {subprocess.py:106} INFO - +------+----------+-----+-----------+--------+--------+---------+---------+------+----------------------------------------------+
[2025-04-03T07:00:42.871+0000] {subprocess.py:106} INFO - 
[2025-04-03T07:00:42.872+0000] {subprocess.py:106} INFO - +--------------------+----------+-----+-----------+--------+--------+---------+---------+-------------+----------------------------------------------+
[2025-04-03T07:00:42.873+0000] {subprocess.py:106} INFO - |city                |date      |time |temperature|wind_kph|humidity|feelslike|precip_mm|text         |icon                                          |
[2025-04-03T07:00:42.876+0000] {subprocess.py:106} INFO - +--------------------+----------+-----+-----------+--------+--------+---------+---------+-------------+----------------------------------------------+
[2025-04-03T07:00:42.877+0000] {subprocess.py:106} INFO - |san juan de alicante|2025-04-01|15:00|22.0       |12.8    |23      |22.0     |0.0      |Cloudy       |//cdn.weatherapi.com/weather/64x64/day/119.png|
[2025-04-03T07:00:42.879+0000] {subprocess.py:106} INFO - |san juan de alicante|2025-04-01|22:00|14.7       |0.8     |79      |14.7     |0.0      |Cloudy       |//cdn.weatherapi.com/weather/64x64/day/119.png|
[2025-04-03T07:00:42.880+0000] {subprocess.py:106} INFO - |san juan de alicante|2025-04-01|04:00|12.6       |6.9     |69      |12.6     |0.0      |Sunny        |//cdn.weatherapi.com/weather/64x64/day/113.png|
[2025-04-03T07:00:42.882+0000] {subprocess.py:106} INFO - |san juan de alicante|2025-04-01|09:00|13.9       |1.5     |45      |13.9     |0.0      |Partly Cloudy|//cdn.weatherapi.com/weather/64x64/day/116.png|
[2025-04-03T07:00:42.883+0000] {subprocess.py:106} INFO - +--------------------+----------+-----+-----------+--------+--------+---------+---------+-------------+----------------------------------------------+
[2025-04-03T07:00:42.884+0000] {subprocess.py:106} INFO - 
[2025-04-03T07:00:42.886+0000] {subprocess.py:106} INFO - +----------+----------+-----+-----------+--------+--------+---------+---------+------+----------------------------------------------+
[2025-04-03T07:00:42.887+0000] {subprocess.py:106} INFO - |city      |date      |time |temperature|wind_kph|humidity|feelslike|precip_mm|text  |icon                                          |
[2025-04-03T07:00:42.888+0000] {subprocess.py:106} INFO - +----------+----------+-----+-----------+--------+--------+---------+---------+------+----------------------------------------------+
[2025-04-03T07:00:42.890+0000] {subprocess.py:106} INFO - |torrevieja|2025-04-01|15:00|19.3       |12.1    |59      |19.3     |0.0      |Cloudy|//cdn.weatherapi.com/weather/64x64/day/119.png|
[2025-04-03T07:00:42.891+0000] {subprocess.py:106} INFO - |torrevieja|2025-04-01|04:00|11.4       |3.6     |74      |11.4     |0.0      |Cloudy|//cdn.weatherapi.com/weather/64x64/day/119.png|
[2025-04-03T07:00:42.893+0000] {subprocess.py:106} INFO - |torrevieja|2025-04-01|09:00|12.3       |4.7     |84      |12.3     |0.0      |Cloudy|//cdn.weatherapi.com/weather/64x64/day/119.png|
[2025-04-03T07:00:42.895+0000] {subprocess.py:106} INFO - |torrevieja|2025-04-01|22:00|14.6       |11.0    |80      |14.6     |0.0      |Cloudy|//cdn.weatherapi.com/weather/64x64/day/119.png|
[2025-04-03T07:00:42.897+0000] {subprocess.py:106} INFO - +----------+----------+-----+-----------+--------+--------+---------+---------+------+----------------------------------------------+
[2025-04-03T07:00:42.898+0000] {subprocess.py:106} INFO - 
[2025-04-03T07:00:42.900+0000] {subprocess.py:106} INFO - +--------+----------+-----+-----------+--------+--------+---------+---------+------------+----------------------------------------------+
[2025-04-03T07:00:42.901+0000] {subprocess.py:106} INFO - |city    |date      |time |temperature|wind_kph|humidity|feelslike|precip_mm|text        |icon                                          |
[2025-04-03T07:00:42.903+0000] {subprocess.py:106} INFO - +--------+----------+-----+-----------+--------+--------+---------+---------+------------+----------------------------------------------+
[2025-04-03T07:00:42.904+0000] {subprocess.py:106} INFO - |valencia|2025-04-01|04:00|13.2       |12.3    |79      |13.2     |0.0      |Sunny       |//cdn.weatherapi.com/weather/64x64/day/113.png|
[2025-04-03T07:00:42.906+0000] {subprocess.py:106} INFO - |valencia|2025-04-01|09:00|11.2       |6.0     |67      |11.2     |0.0      |Sunny       |//cdn.weatherapi.com/weather/64x64/day/113.png|
[2025-04-03T07:00:42.908+0000] {subprocess.py:106} INFO - |valencia|2025-04-01|15:00|19.7       |11.9    |52      |19.7     |0.0      |Mostly Clear|//cdn.weatherapi.com/weather/64x64/day/116.png|
[2025-04-03T07:00:42.910+0000] {subprocess.py:106} INFO - |valencia|2025-04-01|22:00|14.8       |14.5    |79      |14.8     |0.0      |Cloudy      |//cdn.weatherapi.com/weather/64x64/day/119.png|
[2025-04-03T07:00:42.911+0000] {subprocess.py:106} INFO - +--------+----------+-----+-----------+--------+--------+---------+---------+------------+----------------------------------------------+
[2025-04-03T07:00:42.913+0000] {subprocess.py:106} INFO - 
[2025-04-03T07:00:48.813+0000] {subprocess.py:106} INFO - [Stage 58:>                                                         (0 + 1) / 1]                                                                                +--------------------+----------+-----+-----------+--------+--------+---------+---------+-------------+--------------------+
[2025-04-03T07:00:48.814+0000] {subprocess.py:106} INFO - |                city|      date| time|temperature|wind_kph|humidity|feelslike|precip_mm|         text|                icon|
[2025-04-03T07:00:48.815+0000] {subprocess.py:106} INFO - +--------------------+----------+-----+-----------+--------+--------+---------+---------+-------------+--------------------+
[2025-04-03T07:00:48.817+0000] {subprocess.py:106} INFO - |               elche|2025-04-01|04:00|       13.5|     8.1|      46|     13.5|      0.0| Mostly Clear|//cdn.weatherapi....|
[2025-04-03T07:00:48.818+0000] {subprocess.py:106} INFO - |               elche|2025-04-01|09:00|       12.9|     6.3|      50|     12.9|      0.0|       Cloudy|//cdn.weatherapi....|
[2025-04-03T07:00:48.819+0000] {subprocess.py:106} INFO - |               elche|2025-04-01|15:00|       23.5|    12.1|      22|     23.5|      0.0|       Cloudy|//cdn.weatherapi....|
[2025-04-03T07:00:48.820+0000] {subprocess.py:106} INFO - |               elche|2025-04-01|22:00|       15.1|     4.7|      72|     15.1|      0.0|       Cloudy|//cdn.weatherapi....|
[2025-04-03T07:00:48.822+0000] {subprocess.py:106} INFO - |              madrid|2025-04-01|04:00|        9.5|     3.3|      77|      9.5|      0.0|       Cloudy|//cdn.weatherapi....|
[2025-04-03T07:00:48.824+0000] {subprocess.py:106} INFO - |              madrid|2025-04-01|09:00|        8.8|     2.3|      74|      8.8|      0.0|       Cloudy|//cdn.weatherapi....|
[2025-04-03T07:00:48.826+0000] {subprocess.py:106} INFO - |              madrid|2025-04-01|15:00|       20.3|     5.8|      39|     20.3|      0.0|       Cloudy|//cdn.weatherapi....|
[2025-04-03T07:00:48.827+0000] {subprocess.py:106} INFO - |              madrid|2025-04-01|22:00|       14.1|     9.4|      69|     14.1|      0.0|       Cloudy|//cdn.weatherapi....|
[2025-04-03T07:00:48.828+0000] {subprocess.py:106} INFO - |san juan de alicante|2025-04-01|04:00|       12.6|     6.9|      69|     12.6|      0.0|        Sunny|//cdn.weatherapi....|
[2025-04-03T07:00:48.830+0000] {subprocess.py:106} INFO - |san juan de alicante|2025-04-01|09:00|       13.9|     1.5|      45|     13.9|      0.0|Partly Cloudy|//cdn.weatherapi....|
[2025-04-03T07:00:48.831+0000] {subprocess.py:106} INFO - |san juan de alicante|2025-04-01|15:00|       22.0|    12.8|      23|     22.0|      0.0|       Cloudy|//cdn.weatherapi....|
[2025-04-03T07:00:48.833+0000] {subprocess.py:106} INFO - |san juan de alicante|2025-04-01|22:00|       14.7|     0.8|      79|     14.7|      0.0|       Cloudy|//cdn.weatherapi....|
[2025-04-03T07:00:48.834+0000] {subprocess.py:106} INFO - |          torrevieja|2025-04-01|04:00|       11.4|     3.6|      74|     11.4|      0.0|       Cloudy|//cdn.weatherapi....|
[2025-04-03T07:00:48.835+0000] {subprocess.py:106} INFO - |          torrevieja|2025-04-01|09:00|       12.3|     4.7|      84|     12.3|      0.0|       Cloudy|//cdn.weatherapi....|
[2025-04-03T07:00:48.836+0000] {subprocess.py:106} INFO - |          torrevieja|2025-04-01|15:00|       19.3|    12.1|      59|     19.3|      0.0|       Cloudy|//cdn.weatherapi....|
[2025-04-03T07:00:48.838+0000] {subprocess.py:106} INFO - |          torrevieja|2025-04-01|22:00|       14.6|    11.0|      80|     14.6|      0.0|       Cloudy|//cdn.weatherapi....|
[2025-04-03T07:00:48.841+0000] {subprocess.py:106} INFO - |            valencia|2025-04-01|04:00|       13.2|    12.3|      79|     13.2|      0.0|        Sunny|//cdn.weatherapi....|
[2025-04-03T07:00:48.843+0000] {subprocess.py:106} INFO - |            valencia|2025-04-01|09:00|       11.2|     6.0|      67|     11.2|      0.0|        Sunny|//cdn.weatherapi....|
[2025-04-03T07:00:48.844+0000] {subprocess.py:106} INFO - |            valencia|2025-04-01|15:00|       19.7|    11.9|      52|     19.7|      0.0| Mostly Clear|//cdn.weatherapi....|
[2025-04-03T07:00:48.845+0000] {subprocess.py:106} INFO - |            valencia|2025-04-01|22:00|       14.8|    14.5|      79|     14.8|      0.0|       Cloudy|//cdn.weatherapi....|
[2025-04-03T07:00:48.846+0000] {subprocess.py:106} INFO - +--------------------+----------+-----+-----------+--------+--------+---------+---------+-------------+--------------------+
[2025-04-03T07:00:48.848+0000] {subprocess.py:106} INFO - 
[2025-04-03T07:00:48.849+0000] {subprocess.py:106} INFO - Nombre de la carpeta: 2025-04-01
[2025-04-03T07:00:48.850+0000] {subprocess.py:106} INFO - Archivo Parquet generado: /tmp/tmp928w0vrr/2025-04-01/part-00000-68301c57-f93a-4ec3-8f47-e3578ab83c39-c000.snappy.parquet
[2025-04-03T07:00:48.851+0000] {subprocess.py:106} INFO - Archivo subido correctamente a MinIO en: 2025-04-01/2025-04-01.parquet
[2025-04-03T07:00:49.444+0000] {subprocess.py:110} INFO - Command exited with return code 0
[2025-04-03T07:00:49.484+0000] {taskinstance.py:341} INFO - ::group::Post task execution logs
[2025-04-03T07:00:49.485+0000] {taskinstance.py:353} INFO - Marking task as SUCCESS. dag_id=daily_weather_etl, task_id=run_minio_script, run_id=scheduled__2025-04-02T07:00:00+00:00, execution_date=20250402T070000, start_date=20250403T070015, end_date=20250403T070049
[2025-04-03T07:00:49.517+0000] {logging_mixin.py:190} INFO - Task instance in success state
[2025-04-03T07:00:49.518+0000] {logging_mixin.py:190} INFO -  Previous state of the Task instance: running
[2025-04-03T07:00:49.519+0000] {logging_mixin.py:190} INFO - Dag name:daily_weather_etl queued_at:2025-04-03 07:00:00.245457+00:00
[2025-04-03T07:00:49.520+0000] {logging_mixin.py:190} INFO - Task hostname:3c3c1f66214b operator:BashOperator
[2025-04-03T07:00:49.570+0000] {local_task_job_runner.py:266} INFO - Task exited with return code 0
[2025-04-03T07:00:49.593+0000] {taskinstance.py:3901} INFO - 0 downstream tasks scheduled from follow-on schedule check
[2025-04-03T07:00:49.597+0000] {local_task_job_runner.py:245} INFO - ::endgroup::
