[2025-03-27T12:49:13.589+0000] {local_task_job_runner.py:123} INFO - ::group::Pre task execution logs
[2025-03-27T12:49:13.841+0000] {taskinstance.py:2614} INFO - Dependencies all met for dep_context=non-requeueable deps ti=<TaskInstance: daily_weather_etl.run_weather_script manual__2025-03-27T12:49:09.738265+00:00 [queued]>
[2025-03-27T12:49:13.858+0000] {taskinstance.py:2614} INFO - Dependencies all met for dep_context=requeueable deps ti=<TaskInstance: daily_weather_etl.run_weather_script manual__2025-03-27T12:49:09.738265+00:00 [queued]>
[2025-03-27T12:49:13.860+0000] {taskinstance.py:2867} INFO - Starting attempt 1 of 2
[2025-03-27T12:49:13.885+0000] {taskinstance.py:2890} INFO - Executing <Task(BashOperator): run_weather_script> on 2025-03-27 12:49:09.738265+00:00
[2025-03-27T12:49:13.895+0000] {standard_task_runner.py:72} INFO - Started process 33846 to run task
[2025-03-27T12:49:13.901+0000] {standard_task_runner.py:104} INFO - Running: ['***', 'tasks', 'run', 'daily_weather_etl', 'run_weather_script', 'manual__2025-03-27T12:49:09.738265+00:00', '--job-id', '107', '--raw', '--subdir', 'DAGS_FOLDER/weather_dag.py', '--cfg-path', '/tmp/tmp7s4xfd1c']
[2025-03-27T12:49:13.904+0000] {standard_task_runner.py:105} INFO - Job 107: Subtask run_weather_script
[2025-03-27T12:49:13.986+0000] {task_command.py:467} INFO - Running <TaskInstance: daily_weather_etl.run_weather_script manual__2025-03-27T12:49:09.738265+00:00 [running]> on host 3c3c1f66214b
[2025-03-27T12:49:14.149+0000] {taskinstance.py:3134} INFO - Exporting env vars: AIRFLOW_CTX_DAG_OWNER='***' AIRFLOW_CTX_DAG_ID='daily_weather_etl' AIRFLOW_CTX_TASK_ID='run_weather_script' AIRFLOW_CTX_EXECUTION_DATE='2025-03-27T12:49:09.738265+00:00' AIRFLOW_CTX_TRY_NUMBER='1' AIRFLOW_CTX_DAG_RUN_ID='manual__2025-03-27T12:49:09.738265+00:00'
[2025-03-27T12:49:14.154+0000] {logging_mixin.py:190} INFO - Task instance is in running state
[2025-03-27T12:49:14.156+0000] {logging_mixin.py:190} INFO -  Previous state of the Task instance: queued
[2025-03-27T12:49:14.158+0000] {logging_mixin.py:190} INFO - Current task name:run_weather_script state:running start_date:2025-03-27 12:49:13.843284+00:00
[2025-03-27T12:49:14.160+0000] {logging_mixin.py:190} INFO - Dag name:daily_weather_etl and current dag run status:running
[2025-03-27T12:49:14.161+0000] {taskinstance.py:732} INFO - ::endgroup::
[2025-03-27T12:49:14.167+0000] {subprocess.py:78} INFO - Tmp dir root location: /tmp
[2025-03-27T12:49:14.171+0000] {subprocess.py:88} INFO - Running command: ['/usr/bin/bash', '-c', 'python /opt/***/dags/main.py']
[2025-03-27T12:49:14.193+0000] {subprocess.py:99} INFO - Output:
[2025-03-27T12:49:18.905+0000] {subprocess.py:106} INFO - 25/03/27 12:49:18 WARN NativeCodeLoader: Unable to load native-hadoop library for your platform... using builtin-java classes where applicable
[2025-03-27T12:49:19.147+0000] {subprocess.py:106} INFO - Setting default log level to "WARN".
[2025-03-27T12:49:19.150+0000] {subprocess.py:106} INFO - To adjust logging level use sc.setLogLevel(newLevel). For SparkR, use setLogLevel(newLevel).
[2025-03-27T12:49:21.942+0000] {subprocess.py:106} INFO - Ciudades encontradas en el bucket:
[2025-03-27T12:49:21.944+0000] {subprocess.py:106} INFO - ['elche', 'san juan de alicante', 'torrevieja']
[2025-03-27T12:49:21.946+0000] {subprocess.py:106} INFO - False
[2025-03-27T12:49:21.949+0000] {subprocess.py:106} INFO - Vamos a crear un histórico de madrid
[2025-03-27T12:49:22.520+0000] {subprocess.py:110} INFO - Command exited with return code 0
[2025-03-27T12:49:22.555+0000] {taskinstance.py:341} INFO - ::group::Post task execution logs
[2025-03-27T12:49:22.557+0000] {taskinstance.py:353} INFO - Marking task as SUCCESS. dag_id=daily_weather_etl, task_id=run_weather_script, run_id=manual__2025-03-27T12:49:09.738265+00:00, execution_date=20250327T124909, start_date=20250327T124913, end_date=20250327T124922
[2025-03-27T12:49:22.597+0000] {logging_mixin.py:190} INFO - Task instance in success state
[2025-03-27T12:49:22.599+0000] {logging_mixin.py:190} INFO -  Previous state of the Task instance: running
[2025-03-27T12:49:22.601+0000] {logging_mixin.py:190} INFO - Dag name:daily_weather_etl queued_at:2025-03-27 12:49:09.764157+00:00
[2025-03-27T12:49:22.603+0000] {logging_mixin.py:190} INFO - Task hostname:3c3c1f66214b operator:BashOperator
[2025-03-27T12:49:22.651+0000] {local_task_job_runner.py:266} INFO - Task exited with return code 0
[2025-03-27T12:49:22.675+0000] {taskinstance.py:3901} INFO - 0 downstream tasks scheduled from follow-on schedule check
[2025-03-27T12:49:22.679+0000] {local_task_job_runner.py:245} INFO - ::endgroup::
