[2025-04-09T10:57:52.120+0000] {local_task_job_runner.py:123} INFO - ::group::Pre task execution logs
[2025-04-09T10:57:52.384+0000] {taskinstance.py:2614} INFO - Dependencies all met for dep_context=non-requeueable deps ti=<TaskInstance: daily_weather_etl.run_main_script manual__2025-04-09T10:57:48.396541+00:00 [queued]>
[2025-04-09T10:57:52.404+0000] {taskinstance.py:2614} INFO - Dependencies all met for dep_context=requeueable deps ti=<TaskInstance: daily_weather_etl.run_main_script manual__2025-04-09T10:57:48.396541+00:00 [queued]>
[2025-04-09T10:57:52.406+0000] {taskinstance.py:2867} INFO - Starting attempt 1 of 2
[2025-04-09T10:57:52.440+0000] {taskinstance.py:2890} INFO - Executing <Task(BashOperator): run_main_script> on 2025-04-09 10:57:48.396541+00:00
[2025-04-09T10:57:52.450+0000] {standard_task_runner.py:72} INFO - Started process 16479 to run task
[2025-04-09T10:57:52.456+0000] {standard_task_runner.py:104} INFO - Running: ['***', 'tasks', 'run', 'daily_weather_etl', 'run_main_script', 'manual__2025-04-09T10:57:48.396541+00:00', '--job-id', '268', '--raw', '--subdir', 'DAGS_FOLDER/weather_dag.py', '--cfg-path', '/tmp/tmpbbzcq2zd']
[2025-04-09T10:57:52.461+0000] {standard_task_runner.py:105} INFO - Job 268: Subtask run_main_script
[2025-04-09T10:57:52.542+0000] {task_command.py:467} INFO - Running <TaskInstance: daily_weather_etl.run_main_script manual__2025-04-09T10:57:48.396541+00:00 [running]> on host 3c3c1f66214b
[2025-04-09T10:57:52.702+0000] {taskinstance.py:3134} INFO - Exporting env vars: AIRFLOW_CTX_DAG_OWNER='***' AIRFLOW_CTX_DAG_ID='daily_weather_etl' AIRFLOW_CTX_TASK_ID='run_main_script' AIRFLOW_CTX_EXECUTION_DATE='2025-04-09T10:57:48.396541+00:00' AIRFLOW_CTX_TRY_NUMBER='1' AIRFLOW_CTX_DAG_RUN_ID='manual__2025-04-09T10:57:48.396541+00:00'
[2025-04-09T10:57:52.705+0000] {logging_mixin.py:190} INFO - Task instance is in running state
[2025-04-09T10:57:52.708+0000] {logging_mixin.py:190} INFO -  Previous state of the Task instance: queued
[2025-04-09T10:57:52.710+0000] {logging_mixin.py:190} INFO - Current task name:run_main_script state:running start_date:2025-04-09 10:57:52.386553+00:00
[2025-04-09T10:57:52.712+0000] {logging_mixin.py:190} INFO - Dag name:daily_weather_etl and current dag run status:running
[2025-04-09T10:57:52.713+0000] {taskinstance.py:732} INFO - ::endgroup::
[2025-04-09T10:57:52.715+0000] {subprocess.py:78} INFO - Tmp dir root location: /tmp
[2025-04-09T10:57:52.717+0000] {subprocess.py:88} INFO - Running command: ['/usr/bin/bash', '-c', 'python /opt/***/dags/main.py']
[2025-04-09T10:57:52.735+0000] {subprocess.py:99} INFO - Output:
[2025-04-09T10:57:57.617+0000] {subprocess.py:106} INFO - 25/04/09 10:57:57 WARN NativeCodeLoader: Unable to load native-hadoop library for your platform... using builtin-java classes where applicable
[2025-04-09T10:57:57.935+0000] {subprocess.py:106} INFO - Setting default log level to "WARN".
[2025-04-09T10:57:57.939+0000] {subprocess.py:106} INFO - To adjust logging level use sc.setLogLevel(newLevel). For SparkR, use setLogLevel(newLevel).
[2025-04-09T10:58:01.429+0000] {subprocess.py:106} INFO - Ciudades registradas:
[2025-04-09T10:58:02.015+0000] {subprocess.py:110} INFO - Command exited with return code 0
[2025-04-09T10:58:02.051+0000] {taskinstance.py:341} INFO - ::group::Post task execution logs
[2025-04-09T10:58:02.053+0000] {taskinstance.py:353} INFO - Marking task as SUCCESS. dag_id=daily_weather_etl, task_id=run_main_script, run_id=manual__2025-04-09T10:57:48.396541+00:00, execution_date=20250409T105748, start_date=20250409T105752, end_date=20250409T105802
[2025-04-09T10:58:02.088+0000] {logging_mixin.py:190} INFO - Task instance in success state
[2025-04-09T10:58:02.090+0000] {logging_mixin.py:190} INFO -  Previous state of the Task instance: running
[2025-04-09T10:58:02.091+0000] {logging_mixin.py:190} INFO - Dag name:daily_weather_etl queued_at:2025-04-09 10:57:48.423487+00:00
[2025-04-09T10:58:02.093+0000] {logging_mixin.py:190} INFO - Task hostname:3c3c1f66214b operator:BashOperator
[2025-04-09T10:58:02.139+0000] {local_task_job_runner.py:266} INFO - Task exited with return code 0
[2025-04-09T10:58:02.177+0000] {taskinstance.py:3901} INFO - 0 downstream tasks scheduled from follow-on schedule check
[2025-04-09T10:58:02.181+0000] {local_task_job_runner.py:245} INFO - ::endgroup::
