[2025-04-22T06:20:01.112+0000] {processor.py:186} INFO - Started process (PID=82) to work on /home/airflow/.local/lib/python3.9/site-packages/airflow/example_dags/example_dag_decorator.py
[2025-04-22T06:20:01.114+0000] {processor.py:914} INFO - Processing file /home/airflow/.local/lib/python3.9/site-packages/airflow/example_dags/example_dag_decorator.py for tasks to queue
[2025-04-22T06:20:01.117+0000] {logging_mixin.py:190} INFO - [2025-04-22T06:20:01.117+0000] {dagbag.py:588} INFO - Filling up the DagBag from /home/airflow/.local/lib/python3.9/site-packages/airflow/example_dags/example_dag_decorator.py
[2025-04-22T06:20:01.334+0000] {processor.py:925} INFO - DAG(s) 'example_dag_decorator' retrieved from /home/airflow/.local/lib/python3.9/site-packages/airflow/example_dags/example_dag_decorator.py
[2025-04-22T06:20:01.547+0000] {logging_mixin.py:190} INFO - [2025-04-22T06:20:01.546+0000] {dag.py:3239} INFO - Sync 1 DAGs
[2025-04-22T06:20:01.592+0000] {logging_mixin.py:190} INFO - [2025-04-22T06:20:01.592+0000] {dag.py:4180} INFO - Setting next_dagrun for example_dag_decorator to None, run_after=None
[2025-04-22T06:20:01.631+0000] {processor.py:208} INFO - Processing /home/airflow/.local/lib/python3.9/site-packages/airflow/example_dags/example_dag_decorator.py took 0.526 seconds
[2025-04-22T06:20:34.053+0000] {processor.py:186} INFO - Started process (PID=140) to work on /home/airflow/.local/lib/python3.9/site-packages/airflow/example_dags/example_dag_decorator.py
[2025-04-22T06:20:34.054+0000] {processor.py:914} INFO - Processing file /home/airflow/.local/lib/python3.9/site-packages/airflow/example_dags/example_dag_decorator.py for tasks to queue
[2025-04-22T06:20:34.058+0000] {logging_mixin.py:190} INFO - [2025-04-22T06:20:34.058+0000] {dagbag.py:588} INFO - Filling up the DagBag from /home/airflow/.local/lib/python3.9/site-packages/airflow/example_dags/example_dag_decorator.py
[2025-04-22T06:20:34.276+0000] {processor.py:925} INFO - DAG(s) 'example_dag_decorator' retrieved from /home/airflow/.local/lib/python3.9/site-packages/airflow/example_dags/example_dag_decorator.py
[2025-04-22T06:20:34.529+0000] {logging_mixin.py:190} INFO - [2025-04-22T06:20:34.529+0000] {dag.py:3239} INFO - Sync 1 DAGs
[2025-04-22T06:20:34.552+0000] {logging_mixin.py:190} INFO - [2025-04-22T06:20:34.551+0000] {dag.py:4180} INFO - Setting next_dagrun for example_dag_decorator to None, run_after=None
[2025-04-22T06:20:34.584+0000] {processor.py:208} INFO - Processing /home/airflow/.local/lib/python3.9/site-packages/airflow/example_dags/example_dag_decorator.py took 0.540 seconds
[2025-04-22T06:21:04.629+0000] {processor.py:186} INFO - Started process (PID=198) to work on /home/airflow/.local/lib/python3.9/site-packages/airflow/example_dags/example_dag_decorator.py
[2025-04-22T06:21:04.630+0000] {processor.py:914} INFO - Processing file /home/airflow/.local/lib/python3.9/site-packages/airflow/example_dags/example_dag_decorator.py for tasks to queue
[2025-04-22T06:21:04.633+0000] {logging_mixin.py:190} INFO - [2025-04-22T06:21:04.633+0000] {dagbag.py:588} INFO - Filling up the DagBag from /home/airflow/.local/lib/python3.9/site-packages/airflow/example_dags/example_dag_decorator.py
[2025-04-22T06:21:04.767+0000] {processor.py:925} INFO - DAG(s) 'example_dag_decorator' retrieved from /home/airflow/.local/lib/python3.9/site-packages/airflow/example_dags/example_dag_decorator.py
[2025-04-22T06:21:04.868+0000] {logging_mixin.py:190} INFO - [2025-04-22T06:21:04.868+0000] {dag.py:3239} INFO - Sync 1 DAGs
[2025-04-22T06:21:04.881+0000] {logging_mixin.py:190} INFO - [2025-04-22T06:21:04.881+0000] {dag.py:4180} INFO - Setting next_dagrun for example_dag_decorator to None, run_after=None
[2025-04-22T06:21:04.901+0000] {processor.py:208} INFO - Processing /home/airflow/.local/lib/python3.9/site-packages/airflow/example_dags/example_dag_decorator.py took 0.279 seconds
[2025-04-22T06:21:35.972+0000] {processor.py:186} INFO - Started process (PID=256) to work on /home/airflow/.local/lib/python3.9/site-packages/airflow/example_dags/example_dag_decorator.py
[2025-04-22T06:21:35.974+0000] {processor.py:914} INFO - Processing file /home/airflow/.local/lib/python3.9/site-packages/airflow/example_dags/example_dag_decorator.py for tasks to queue
[2025-04-22T06:21:35.977+0000] {logging_mixin.py:190} INFO - [2025-04-22T06:21:35.977+0000] {dagbag.py:588} INFO - Filling up the DagBag from /home/airflow/.local/lib/python3.9/site-packages/airflow/example_dags/example_dag_decorator.py
[2025-04-22T06:21:36.121+0000] {processor.py:925} INFO - DAG(s) 'example_dag_decorator' retrieved from /home/airflow/.local/lib/python3.9/site-packages/airflow/example_dags/example_dag_decorator.py
[2025-04-22T06:21:36.291+0000] {logging_mixin.py:190} INFO - [2025-04-22T06:21:36.290+0000] {dag.py:3239} INFO - Sync 1 DAGs
[2025-04-22T06:21:36.313+0000] {logging_mixin.py:190} INFO - [2025-04-22T06:21:36.312+0000] {dag.py:4180} INFO - Setting next_dagrun for example_dag_decorator to None, run_after=None
[2025-04-22T06:21:36.341+0000] {processor.py:208} INFO - Processing /home/airflow/.local/lib/python3.9/site-packages/airflow/example_dags/example_dag_decorator.py took 0.379 seconds
[2025-04-22T06:22:06.741+0000] {processor.py:186} INFO - Started process (PID=315) to work on /home/airflow/.local/lib/python3.9/site-packages/airflow/example_dags/example_dag_decorator.py
[2025-04-22T06:22:06.743+0000] {processor.py:914} INFO - Processing file /home/airflow/.local/lib/python3.9/site-packages/airflow/example_dags/example_dag_decorator.py for tasks to queue
[2025-04-22T06:22:06.745+0000] {logging_mixin.py:190} INFO - [2025-04-22T06:22:06.745+0000] {dagbag.py:588} INFO - Filling up the DagBag from /home/airflow/.local/lib/python3.9/site-packages/airflow/example_dags/example_dag_decorator.py
[2025-04-22T06:22:06.856+0000] {processor.py:925} INFO - DAG(s) 'example_dag_decorator' retrieved from /home/airflow/.local/lib/python3.9/site-packages/airflow/example_dags/example_dag_decorator.py
[2025-04-22T06:22:06.982+0000] {logging_mixin.py:190} INFO - [2025-04-22T06:22:06.981+0000] {dag.py:3239} INFO - Sync 1 DAGs
[2025-04-22T06:22:06.995+0000] {logging_mixin.py:190} INFO - [2025-04-22T06:22:06.995+0000] {dag.py:4180} INFO - Setting next_dagrun for example_dag_decorator to None, run_after=None
[2025-04-22T06:22:07.019+0000] {processor.py:208} INFO - Processing /home/airflow/.local/lib/python3.9/site-packages/airflow/example_dags/example_dag_decorator.py took 0.286 seconds
[2025-04-22T06:22:37.860+0000] {processor.py:186} INFO - Started process (PID=373) to work on /home/airflow/.local/lib/python3.9/site-packages/airflow/example_dags/example_dag_decorator.py
[2025-04-22T06:22:37.862+0000] {processor.py:914} INFO - Processing file /home/airflow/.local/lib/python3.9/site-packages/airflow/example_dags/example_dag_decorator.py for tasks to queue
[2025-04-22T06:22:37.865+0000] {logging_mixin.py:190} INFO - [2025-04-22T06:22:37.864+0000] {dagbag.py:588} INFO - Filling up the DagBag from /home/airflow/.local/lib/python3.9/site-packages/airflow/example_dags/example_dag_decorator.py
[2025-04-22T06:22:37.974+0000] {processor.py:925} INFO - DAG(s) 'example_dag_decorator' retrieved from /home/airflow/.local/lib/python3.9/site-packages/airflow/example_dags/example_dag_decorator.py
[2025-04-22T06:22:38.132+0000] {logging_mixin.py:190} INFO - [2025-04-22T06:22:38.131+0000] {dag.py:3239} INFO - Sync 1 DAGs
[2025-04-22T06:22:38.152+0000] {logging_mixin.py:190} INFO - [2025-04-22T06:22:38.151+0000] {dag.py:4180} INFO - Setting next_dagrun for example_dag_decorator to None, run_after=None
[2025-04-22T06:22:38.175+0000] {processor.py:208} INFO - Processing /home/airflow/.local/lib/python3.9/site-packages/airflow/example_dags/example_dag_decorator.py took 0.322 seconds
[2025-04-22T06:23:08.367+0000] {processor.py:186} INFO - Started process (PID=431) to work on /home/airflow/.local/lib/python3.9/site-packages/airflow/example_dags/example_dag_decorator.py
[2025-04-22T06:23:08.368+0000] {processor.py:914} INFO - Processing file /home/airflow/.local/lib/python3.9/site-packages/airflow/example_dags/example_dag_decorator.py for tasks to queue
[2025-04-22T06:23:08.371+0000] {logging_mixin.py:190} INFO - [2025-04-22T06:23:08.371+0000] {dagbag.py:588} INFO - Filling up the DagBag from /home/airflow/.local/lib/python3.9/site-packages/airflow/example_dags/example_dag_decorator.py
[2025-04-22T06:23:08.465+0000] {processor.py:925} INFO - DAG(s) 'example_dag_decorator' retrieved from /home/airflow/.local/lib/python3.9/site-packages/airflow/example_dags/example_dag_decorator.py
[2025-04-22T06:23:08.490+0000] {logging_mixin.py:190} INFO - [2025-04-22T06:23:08.490+0000] {dag.py:3239} INFO - Sync 1 DAGs
[2025-04-22T06:23:08.508+0000] {logging_mixin.py:190} INFO - [2025-04-22T06:23:08.508+0000] {dag.py:4180} INFO - Setting next_dagrun for example_dag_decorator to None, run_after=None
[2025-04-22T06:23:08.528+0000] {processor.py:208} INFO - Processing /home/airflow/.local/lib/python3.9/site-packages/airflow/example_dags/example_dag_decorator.py took 0.169 seconds
[2025-04-22T06:23:39.543+0000] {processor.py:186} INFO - Started process (PID=488) to work on /home/airflow/.local/lib/python3.9/site-packages/airflow/example_dags/example_dag_decorator.py
[2025-04-22T06:23:39.544+0000] {processor.py:914} INFO - Processing file /home/airflow/.local/lib/python3.9/site-packages/airflow/example_dags/example_dag_decorator.py for tasks to queue
[2025-04-22T06:23:39.547+0000] {logging_mixin.py:190} INFO - [2025-04-22T06:23:39.546+0000] {dagbag.py:588} INFO - Filling up the DagBag from /home/airflow/.local/lib/python3.9/site-packages/airflow/example_dags/example_dag_decorator.py
[2025-04-22T06:23:39.634+0000] {processor.py:925} INFO - DAG(s) 'example_dag_decorator' retrieved from /home/airflow/.local/lib/python3.9/site-packages/airflow/example_dags/example_dag_decorator.py
[2025-04-22T06:23:39.655+0000] {logging_mixin.py:190} INFO - [2025-04-22T06:23:39.655+0000] {dag.py:3239} INFO - Sync 1 DAGs
[2025-04-22T06:23:39.669+0000] {logging_mixin.py:190} INFO - [2025-04-22T06:23:39.669+0000] {dag.py:4180} INFO - Setting next_dagrun for example_dag_decorator to None, run_after=None
[2025-04-22T06:23:39.686+0000] {processor.py:208} INFO - Processing /home/airflow/.local/lib/python3.9/site-packages/airflow/example_dags/example_dag_decorator.py took 0.150 seconds
[2025-04-22T06:24:10.606+0000] {processor.py:186} INFO - Started process (PID=546) to work on /home/airflow/.local/lib/python3.9/site-packages/airflow/example_dags/example_dag_decorator.py
[2025-04-22T06:24:10.607+0000] {processor.py:914} INFO - Processing file /home/airflow/.local/lib/python3.9/site-packages/airflow/example_dags/example_dag_decorator.py for tasks to queue
[2025-04-22T06:24:10.609+0000] {logging_mixin.py:190} INFO - [2025-04-22T06:24:10.609+0000] {dagbag.py:588} INFO - Filling up the DagBag from /home/airflow/.local/lib/python3.9/site-packages/airflow/example_dags/example_dag_decorator.py
[2025-04-22T06:24:10.699+0000] {processor.py:925} INFO - DAG(s) 'example_dag_decorator' retrieved from /home/airflow/.local/lib/python3.9/site-packages/airflow/example_dags/example_dag_decorator.py
[2025-04-22T06:24:10.802+0000] {logging_mixin.py:190} INFO - [2025-04-22T06:24:10.802+0000] {dag.py:3239} INFO - Sync 1 DAGs
[2025-04-22T06:24:10.816+0000] {logging_mixin.py:190} INFO - [2025-04-22T06:24:10.816+0000] {dag.py:4180} INFO - Setting next_dagrun for example_dag_decorator to None, run_after=None
[2025-04-22T06:24:10.833+0000] {processor.py:208} INFO - Processing /home/airflow/.local/lib/python3.9/site-packages/airflow/example_dags/example_dag_decorator.py took 0.233 seconds
[2025-04-22T06:24:41.281+0000] {processor.py:186} INFO - Started process (PID=605) to work on /home/airflow/.local/lib/python3.9/site-packages/airflow/example_dags/example_dag_decorator.py
[2025-04-22T06:24:41.282+0000] {processor.py:914} INFO - Processing file /home/airflow/.local/lib/python3.9/site-packages/airflow/example_dags/example_dag_decorator.py for tasks to queue
[2025-04-22T06:24:41.285+0000] {logging_mixin.py:190} INFO - [2025-04-22T06:24:41.284+0000] {dagbag.py:588} INFO - Filling up the DagBag from /home/airflow/.local/lib/python3.9/site-packages/airflow/example_dags/example_dag_decorator.py
[2025-04-22T06:24:41.371+0000] {processor.py:925} INFO - DAG(s) 'example_dag_decorator' retrieved from /home/airflow/.local/lib/python3.9/site-packages/airflow/example_dags/example_dag_decorator.py
[2025-04-22T06:24:41.472+0000] {logging_mixin.py:190} INFO - [2025-04-22T06:24:41.472+0000] {dag.py:3239} INFO - Sync 1 DAGs
[2025-04-22T06:24:41.484+0000] {logging_mixin.py:190} INFO - [2025-04-22T06:24:41.484+0000] {dag.py:4180} INFO - Setting next_dagrun for example_dag_decorator to None, run_after=None
[2025-04-22T06:24:41.503+0000] {processor.py:208} INFO - Processing /home/airflow/.local/lib/python3.9/site-packages/airflow/example_dags/example_dag_decorator.py took 0.227 seconds
[2025-04-22T06:25:12.468+0000] {processor.py:186} INFO - Started process (PID=662) to work on /home/airflow/.local/lib/python3.9/site-packages/airflow/example_dags/example_dag_decorator.py
[2025-04-22T06:25:12.471+0000] {processor.py:914} INFO - Processing file /home/airflow/.local/lib/python3.9/site-packages/airflow/example_dags/example_dag_decorator.py for tasks to queue
[2025-04-22T06:25:12.474+0000] {logging_mixin.py:190} INFO - [2025-04-22T06:25:12.474+0000] {dagbag.py:588} INFO - Filling up the DagBag from /home/airflow/.local/lib/python3.9/site-packages/airflow/example_dags/example_dag_decorator.py
[2025-04-22T06:25:12.570+0000] {processor.py:925} INFO - DAG(s) 'example_dag_decorator' retrieved from /home/airflow/.local/lib/python3.9/site-packages/airflow/example_dags/example_dag_decorator.py
[2025-04-22T06:25:12.670+0000] {logging_mixin.py:190} INFO - [2025-04-22T06:25:12.670+0000] {dag.py:3239} INFO - Sync 1 DAGs
[2025-04-22T06:25:12.682+0000] {logging_mixin.py:190} INFO - [2025-04-22T06:25:12.682+0000] {dag.py:4180} INFO - Setting next_dagrun for example_dag_decorator to None, run_after=None
[2025-04-22T06:25:12.700+0000] {processor.py:208} INFO - Processing /home/airflow/.local/lib/python3.9/site-packages/airflow/example_dags/example_dag_decorator.py took 0.241 seconds
[2025-04-22T06:25:43.306+0000] {processor.py:186} INFO - Started process (PID=722) to work on /home/airflow/.local/lib/python3.9/site-packages/airflow/example_dags/example_dag_decorator.py
[2025-04-22T06:25:43.307+0000] {processor.py:914} INFO - Processing file /home/airflow/.local/lib/python3.9/site-packages/airflow/example_dags/example_dag_decorator.py for tasks to queue
[2025-04-22T06:25:43.310+0000] {logging_mixin.py:190} INFO - [2025-04-22T06:25:43.310+0000] {dagbag.py:588} INFO - Filling up the DagBag from /home/airflow/.local/lib/python3.9/site-packages/airflow/example_dags/example_dag_decorator.py
[2025-04-22T06:25:43.404+0000] {processor.py:925} INFO - DAG(s) 'example_dag_decorator' retrieved from /home/airflow/.local/lib/python3.9/site-packages/airflow/example_dags/example_dag_decorator.py
[2025-04-22T06:25:43.426+0000] {logging_mixin.py:190} INFO - [2025-04-22T06:25:43.425+0000] {dag.py:3239} INFO - Sync 1 DAGs
[2025-04-22T06:25:43.443+0000] {logging_mixin.py:190} INFO - [2025-04-22T06:25:43.442+0000] {dag.py:4180} INFO - Setting next_dagrun for example_dag_decorator to None, run_after=None
[2025-04-22T06:25:43.460+0000] {processor.py:208} INFO - Processing /home/airflow/.local/lib/python3.9/site-packages/airflow/example_dags/example_dag_decorator.py took 0.161 seconds
[2025-04-22T06:26:14.020+0000] {processor.py:186} INFO - Started process (PID=780) to work on /home/airflow/.local/lib/python3.9/site-packages/airflow/example_dags/example_dag_decorator.py
[2025-04-22T06:26:14.021+0000] {processor.py:914} INFO - Processing file /home/airflow/.local/lib/python3.9/site-packages/airflow/example_dags/example_dag_decorator.py for tasks to queue
[2025-04-22T06:26:14.024+0000] {logging_mixin.py:190} INFO - [2025-04-22T06:26:14.024+0000] {dagbag.py:588} INFO - Filling up the DagBag from /home/airflow/.local/lib/python3.9/site-packages/airflow/example_dags/example_dag_decorator.py
[2025-04-22T06:26:14.110+0000] {processor.py:925} INFO - DAG(s) 'example_dag_decorator' retrieved from /home/airflow/.local/lib/python3.9/site-packages/airflow/example_dags/example_dag_decorator.py
[2025-04-22T06:26:14.212+0000] {logging_mixin.py:190} INFO - [2025-04-22T06:26:14.212+0000] {dag.py:3239} INFO - Sync 1 DAGs
[2025-04-22T06:26:14.225+0000] {logging_mixin.py:190} INFO - [2025-04-22T06:26:14.225+0000] {dag.py:4180} INFO - Setting next_dagrun for example_dag_decorator to None, run_after=None
[2025-04-22T06:26:14.253+0000] {processor.py:208} INFO - Processing /home/airflow/.local/lib/python3.9/site-packages/airflow/example_dags/example_dag_decorator.py took 0.240 seconds
[2025-04-22T06:26:44.600+0000] {processor.py:186} INFO - Started process (PID=837) to work on /home/airflow/.local/lib/python3.9/site-packages/airflow/example_dags/example_dag_decorator.py
[2025-04-22T06:26:44.601+0000] {processor.py:914} INFO - Processing file /home/airflow/.local/lib/python3.9/site-packages/airflow/example_dags/example_dag_decorator.py for tasks to queue
[2025-04-22T06:26:44.603+0000] {logging_mixin.py:190} INFO - [2025-04-22T06:26:44.603+0000] {dagbag.py:588} INFO - Filling up the DagBag from /home/airflow/.local/lib/python3.9/site-packages/airflow/example_dags/example_dag_decorator.py
[2025-04-22T06:26:44.696+0000] {processor.py:925} INFO - DAG(s) 'example_dag_decorator' retrieved from /home/airflow/.local/lib/python3.9/site-packages/airflow/example_dags/example_dag_decorator.py
[2025-04-22T06:26:44.717+0000] {logging_mixin.py:190} INFO - [2025-04-22T06:26:44.716+0000] {dag.py:3239} INFO - Sync 1 DAGs
[2025-04-22T06:26:44.732+0000] {logging_mixin.py:190} INFO - [2025-04-22T06:26:44.732+0000] {dag.py:4180} INFO - Setting next_dagrun for example_dag_decorator to None, run_after=None
[2025-04-22T06:26:44.752+0000] {processor.py:208} INFO - Processing /home/airflow/.local/lib/python3.9/site-packages/airflow/example_dags/example_dag_decorator.py took 0.159 seconds
[2025-04-22T06:27:15.868+0000] {processor.py:186} INFO - Started process (PID=894) to work on /home/airflow/.local/lib/python3.9/site-packages/airflow/example_dags/example_dag_decorator.py
[2025-04-22T06:27:15.870+0000] {processor.py:914} INFO - Processing file /home/airflow/.local/lib/python3.9/site-packages/airflow/example_dags/example_dag_decorator.py for tasks to queue
[2025-04-22T06:27:15.872+0000] {logging_mixin.py:190} INFO - [2025-04-22T06:27:15.872+0000] {dagbag.py:588} INFO - Filling up the DagBag from /home/airflow/.local/lib/python3.9/site-packages/airflow/example_dags/example_dag_decorator.py
[2025-04-22T06:27:15.962+0000] {processor.py:925} INFO - DAG(s) 'example_dag_decorator' retrieved from /home/airflow/.local/lib/python3.9/site-packages/airflow/example_dags/example_dag_decorator.py
[2025-04-22T06:27:15.986+0000] {logging_mixin.py:190} INFO - [2025-04-22T06:27:15.985+0000] {dag.py:3239} INFO - Sync 1 DAGs
[2025-04-22T06:27:16.017+0000] {logging_mixin.py:190} INFO - [2025-04-22T06:27:16.017+0000] {dag.py:4180} INFO - Setting next_dagrun for example_dag_decorator to None, run_after=None
[2025-04-22T06:27:16.041+0000] {processor.py:208} INFO - Processing /home/airflow/.local/lib/python3.9/site-packages/airflow/example_dags/example_dag_decorator.py took 0.179 seconds
[2025-04-22T06:27:46.604+0000] {processor.py:186} INFO - Started process (PID=953) to work on /home/airflow/.local/lib/python3.9/site-packages/airflow/example_dags/example_dag_decorator.py
[2025-04-22T06:27:46.605+0000] {processor.py:914} INFO - Processing file /home/airflow/.local/lib/python3.9/site-packages/airflow/example_dags/example_dag_decorator.py for tasks to queue
[2025-04-22T06:27:46.608+0000] {logging_mixin.py:190} INFO - [2025-04-22T06:27:46.608+0000] {dagbag.py:588} INFO - Filling up the DagBag from /home/airflow/.local/lib/python3.9/site-packages/airflow/example_dags/example_dag_decorator.py
[2025-04-22T06:27:46.696+0000] {processor.py:925} INFO - DAG(s) 'example_dag_decorator' retrieved from /home/airflow/.local/lib/python3.9/site-packages/airflow/example_dags/example_dag_decorator.py
[2025-04-22T06:27:46.796+0000] {logging_mixin.py:190} INFO - [2025-04-22T06:27:46.795+0000] {dag.py:3239} INFO - Sync 1 DAGs
[2025-04-22T06:27:46.809+0000] {logging_mixin.py:190} INFO - [2025-04-22T06:27:46.808+0000] {dag.py:4180} INFO - Setting next_dagrun for example_dag_decorator to None, run_after=None
[2025-04-22T06:27:46.826+0000] {processor.py:208} INFO - Processing /home/airflow/.local/lib/python3.9/site-packages/airflow/example_dags/example_dag_decorator.py took 0.228 seconds
[2025-04-22T06:28:17.512+0000] {processor.py:186} INFO - Started process (PID=1012) to work on /home/airflow/.local/lib/python3.9/site-packages/airflow/example_dags/example_dag_decorator.py
[2025-04-22T06:28:17.513+0000] {processor.py:914} INFO - Processing file /home/airflow/.local/lib/python3.9/site-packages/airflow/example_dags/example_dag_decorator.py for tasks to queue
[2025-04-22T06:28:17.515+0000] {logging_mixin.py:190} INFO - [2025-04-22T06:28:17.515+0000] {dagbag.py:588} INFO - Filling up the DagBag from /home/airflow/.local/lib/python3.9/site-packages/airflow/example_dags/example_dag_decorator.py
[2025-04-22T06:28:17.601+0000] {processor.py:925} INFO - DAG(s) 'example_dag_decorator' retrieved from /home/airflow/.local/lib/python3.9/site-packages/airflow/example_dags/example_dag_decorator.py
[2025-04-22T06:28:17.702+0000] {logging_mixin.py:190} INFO - [2025-04-22T06:28:17.702+0000] {dag.py:3239} INFO - Sync 1 DAGs
[2025-04-22T06:28:17.717+0000] {logging_mixin.py:190} INFO - [2025-04-22T06:28:17.717+0000] {dag.py:4180} INFO - Setting next_dagrun for example_dag_decorator to None, run_after=None
[2025-04-22T06:28:17.736+0000] {processor.py:208} INFO - Processing /home/airflow/.local/lib/python3.9/site-packages/airflow/example_dags/example_dag_decorator.py took 0.230 seconds
[2025-04-22T06:28:48.766+0000] {processor.py:186} INFO - Started process (PID=1068) to work on /home/airflow/.local/lib/python3.9/site-packages/airflow/example_dags/example_dag_decorator.py
[2025-04-22T06:28:48.767+0000] {processor.py:914} INFO - Processing file /home/airflow/.local/lib/python3.9/site-packages/airflow/example_dags/example_dag_decorator.py for tasks to queue
[2025-04-22T06:28:48.770+0000] {logging_mixin.py:190} INFO - [2025-04-22T06:28:48.769+0000] {dagbag.py:588} INFO - Filling up the DagBag from /home/airflow/.local/lib/python3.9/site-packages/airflow/example_dags/example_dag_decorator.py
[2025-04-22T06:28:48.860+0000] {processor.py:925} INFO - DAG(s) 'example_dag_decorator' retrieved from /home/airflow/.local/lib/python3.9/site-packages/airflow/example_dags/example_dag_decorator.py
[2025-04-22T06:28:48.962+0000] {logging_mixin.py:190} INFO - [2025-04-22T06:28:48.962+0000] {dag.py:3239} INFO - Sync 1 DAGs
[2025-04-22T06:28:48.974+0000] {logging_mixin.py:190} INFO - [2025-04-22T06:28:48.973+0000] {dag.py:4180} INFO - Setting next_dagrun for example_dag_decorator to None, run_after=None
[2025-04-22T06:28:48.994+0000] {processor.py:208} INFO - Processing /home/airflow/.local/lib/python3.9/site-packages/airflow/example_dags/example_dag_decorator.py took 0.235 seconds
[2025-04-22T06:29:19.631+0000] {processor.py:186} INFO - Started process (PID=1126) to work on /home/airflow/.local/lib/python3.9/site-packages/airflow/example_dags/example_dag_decorator.py
[2025-04-22T06:29:19.632+0000] {processor.py:914} INFO - Processing file /home/airflow/.local/lib/python3.9/site-packages/airflow/example_dags/example_dag_decorator.py for tasks to queue
[2025-04-22T06:29:19.635+0000] {logging_mixin.py:190} INFO - [2025-04-22T06:29:19.634+0000] {dagbag.py:588} INFO - Filling up the DagBag from /home/airflow/.local/lib/python3.9/site-packages/airflow/example_dags/example_dag_decorator.py
[2025-04-22T06:29:19.726+0000] {processor.py:925} INFO - DAG(s) 'example_dag_decorator' retrieved from /home/airflow/.local/lib/python3.9/site-packages/airflow/example_dags/example_dag_decorator.py
[2025-04-22T06:29:19.824+0000] {logging_mixin.py:190} INFO - [2025-04-22T06:29:19.824+0000] {dag.py:3239} INFO - Sync 1 DAGs
[2025-04-22T06:29:19.836+0000] {logging_mixin.py:190} INFO - [2025-04-22T06:29:19.836+0000] {dag.py:4180} INFO - Setting next_dagrun for example_dag_decorator to None, run_after=None
[2025-04-22T06:29:19.855+0000] {processor.py:208} INFO - Processing /home/airflow/.local/lib/python3.9/site-packages/airflow/example_dags/example_dag_decorator.py took 0.232 seconds
[2025-04-22T06:29:50.925+0000] {processor.py:186} INFO - Started process (PID=1184) to work on /home/airflow/.local/lib/python3.9/site-packages/airflow/example_dags/example_dag_decorator.py
[2025-04-22T06:29:50.926+0000] {processor.py:914} INFO - Processing file /home/airflow/.local/lib/python3.9/site-packages/airflow/example_dags/example_dag_decorator.py for tasks to queue
[2025-04-22T06:29:50.928+0000] {logging_mixin.py:190} INFO - [2025-04-22T06:29:50.928+0000] {dagbag.py:588} INFO - Filling up the DagBag from /home/airflow/.local/lib/python3.9/site-packages/airflow/example_dags/example_dag_decorator.py
[2025-04-22T06:29:51.017+0000] {processor.py:925} INFO - DAG(s) 'example_dag_decorator' retrieved from /home/airflow/.local/lib/python3.9/site-packages/airflow/example_dags/example_dag_decorator.py
[2025-04-22T06:29:51.122+0000] {logging_mixin.py:190} INFO - [2025-04-22T06:29:51.122+0000] {dag.py:3239} INFO - Sync 1 DAGs
[2025-04-22T06:29:51.136+0000] {logging_mixin.py:190} INFO - [2025-04-22T06:29:51.136+0000] {dag.py:4180} INFO - Setting next_dagrun for example_dag_decorator to None, run_after=None
[2025-04-22T06:29:51.153+0000] {processor.py:208} INFO - Processing /home/airflow/.local/lib/python3.9/site-packages/airflow/example_dags/example_dag_decorator.py took 0.234 seconds
[2025-04-22T06:30:22.048+0000] {processor.py:186} INFO - Started process (PID=1242) to work on /home/airflow/.local/lib/python3.9/site-packages/airflow/example_dags/example_dag_decorator.py
[2025-04-22T06:30:22.049+0000] {processor.py:914} INFO - Processing file /home/airflow/.local/lib/python3.9/site-packages/airflow/example_dags/example_dag_decorator.py for tasks to queue
[2025-04-22T06:30:22.052+0000] {logging_mixin.py:190} INFO - [2025-04-22T06:30:22.052+0000] {dagbag.py:588} INFO - Filling up the DagBag from /home/airflow/.local/lib/python3.9/site-packages/airflow/example_dags/example_dag_decorator.py
[2025-04-22T06:30:22.175+0000] {processor.py:925} INFO - DAG(s) 'example_dag_decorator' retrieved from /home/airflow/.local/lib/python3.9/site-packages/airflow/example_dags/example_dag_decorator.py
[2025-04-22T06:30:22.286+0000] {logging_mixin.py:190} INFO - [2025-04-22T06:30:22.285+0000] {dag.py:3239} INFO - Sync 1 DAGs
[2025-04-22T06:30:22.300+0000] {logging_mixin.py:190} INFO - [2025-04-22T06:30:22.299+0000] {dag.py:4180} INFO - Setting next_dagrun for example_dag_decorator to None, run_after=None
[2025-04-22T06:30:22.318+0000] {processor.py:208} INFO - Processing /home/airflow/.local/lib/python3.9/site-packages/airflow/example_dags/example_dag_decorator.py took 0.278 seconds
[2025-04-22T06:30:53.682+0000] {processor.py:186} INFO - Started process (PID=1300) to work on /home/airflow/.local/lib/python3.9/site-packages/airflow/example_dags/example_dag_decorator.py
[2025-04-22T06:30:53.684+0000] {processor.py:914} INFO - Processing file /home/airflow/.local/lib/python3.9/site-packages/airflow/example_dags/example_dag_decorator.py for tasks to queue
[2025-04-22T06:30:53.687+0000] {logging_mixin.py:190} INFO - [2025-04-22T06:30:53.686+0000] {dagbag.py:588} INFO - Filling up the DagBag from /home/airflow/.local/lib/python3.9/site-packages/airflow/example_dags/example_dag_decorator.py
[2025-04-22T06:30:53.809+0000] {processor.py:925} INFO - DAG(s) 'example_dag_decorator' retrieved from /home/airflow/.local/lib/python3.9/site-packages/airflow/example_dags/example_dag_decorator.py
[2025-04-22T06:30:53.952+0000] {logging_mixin.py:190} INFO - [2025-04-22T06:30:53.952+0000] {dag.py:3239} INFO - Sync 1 DAGs
[2025-04-22T06:30:53.967+0000] {logging_mixin.py:190} INFO - [2025-04-22T06:30:53.967+0000] {dag.py:4180} INFO - Setting next_dagrun for example_dag_decorator to None, run_after=None
[2025-04-22T06:30:53.994+0000] {processor.py:208} INFO - Processing /home/airflow/.local/lib/python3.9/site-packages/airflow/example_dags/example_dag_decorator.py took 0.320 seconds
[2025-04-22T06:31:25.057+0000] {processor.py:186} INFO - Started process (PID=1358) to work on /home/airflow/.local/lib/python3.9/site-packages/airflow/example_dags/example_dag_decorator.py
[2025-04-22T06:31:25.058+0000] {processor.py:914} INFO - Processing file /home/airflow/.local/lib/python3.9/site-packages/airflow/example_dags/example_dag_decorator.py for tasks to queue
[2025-04-22T06:31:25.060+0000] {logging_mixin.py:190} INFO - [2025-04-22T06:31:25.060+0000] {dagbag.py:588} INFO - Filling up the DagBag from /home/airflow/.local/lib/python3.9/site-packages/airflow/example_dags/example_dag_decorator.py
[2025-04-22T06:31:25.147+0000] {processor.py:925} INFO - DAG(s) 'example_dag_decorator' retrieved from /home/airflow/.local/lib/python3.9/site-packages/airflow/example_dags/example_dag_decorator.py
[2025-04-22T06:31:25.251+0000] {logging_mixin.py:190} INFO - [2025-04-22T06:31:25.251+0000] {dag.py:3239} INFO - Sync 1 DAGs
[2025-04-22T06:31:25.264+0000] {logging_mixin.py:190} INFO - [2025-04-22T06:31:25.264+0000] {dag.py:4180} INFO - Setting next_dagrun for example_dag_decorator to None, run_after=None
[2025-04-22T06:31:25.282+0000] {processor.py:208} INFO - Processing /home/airflow/.local/lib/python3.9/site-packages/airflow/example_dags/example_dag_decorator.py took 0.231 seconds
[2025-04-22T06:31:55.861+0000] {processor.py:186} INFO - Started process (PID=1417) to work on /home/airflow/.local/lib/python3.9/site-packages/airflow/example_dags/example_dag_decorator.py
[2025-04-22T06:31:55.862+0000] {processor.py:914} INFO - Processing file /home/airflow/.local/lib/python3.9/site-packages/airflow/example_dags/example_dag_decorator.py for tasks to queue
[2025-04-22T06:31:55.864+0000] {logging_mixin.py:190} INFO - [2025-04-22T06:31:55.864+0000] {dagbag.py:588} INFO - Filling up the DagBag from /home/airflow/.local/lib/python3.9/site-packages/airflow/example_dags/example_dag_decorator.py
[2025-04-22T06:31:55.949+0000] {processor.py:925} INFO - DAG(s) 'example_dag_decorator' retrieved from /home/airflow/.local/lib/python3.9/site-packages/airflow/example_dags/example_dag_decorator.py
[2025-04-22T06:31:56.046+0000] {logging_mixin.py:190} INFO - [2025-04-22T06:31:56.046+0000] {dag.py:3239} INFO - Sync 1 DAGs
[2025-04-22T06:31:56.058+0000] {logging_mixin.py:190} INFO - [2025-04-22T06:31:56.058+0000] {dag.py:4180} INFO - Setting next_dagrun for example_dag_decorator to None, run_after=None
[2025-04-22T06:31:56.076+0000] {processor.py:208} INFO - Processing /home/airflow/.local/lib/python3.9/site-packages/airflow/example_dags/example_dag_decorator.py took 0.220 seconds
[2025-04-22T06:32:27.313+0000] {processor.py:186} INFO - Started process (PID=1474) to work on /home/airflow/.local/lib/python3.9/site-packages/airflow/example_dags/example_dag_decorator.py
[2025-04-22T06:32:27.314+0000] {processor.py:914} INFO - Processing file /home/airflow/.local/lib/python3.9/site-packages/airflow/example_dags/example_dag_decorator.py for tasks to queue
[2025-04-22T06:32:27.328+0000] {logging_mixin.py:190} INFO - [2025-04-22T06:32:27.328+0000] {dagbag.py:588} INFO - Filling up the DagBag from /home/airflow/.local/lib/python3.9/site-packages/airflow/example_dags/example_dag_decorator.py
[2025-04-22T06:32:27.683+0000] {processor.py:925} INFO - DAG(s) 'example_dag_decorator' retrieved from /home/airflow/.local/lib/python3.9/site-packages/airflow/example_dags/example_dag_decorator.py
[2025-04-22T06:32:28.089+0000] {logging_mixin.py:190} INFO - [2025-04-22T06:32:28.088+0000] {dag.py:3239} INFO - Sync 1 DAGs
[2025-04-22T06:32:28.132+0000] {logging_mixin.py:190} INFO - [2025-04-22T06:32:28.132+0000] {dag.py:4180} INFO - Setting next_dagrun for example_dag_decorator to None, run_after=None
[2025-04-22T06:32:28.191+0000] {processor.py:208} INFO - Processing /home/airflow/.local/lib/python3.9/site-packages/airflow/example_dags/example_dag_decorator.py took 0.902 seconds
