[2025-04-22T06:19:57.875+0000] {processor.py:186} INFO - Started process (PID=62) to work on /home/airflow/.local/lib/python3.9/site-packages/airflow/example_dags/example_local_kubernetes_executor.py
[2025-04-22T06:19:57.876+0000] {processor.py:914} INFO - Processing file /home/airflow/.local/lib/python3.9/site-packages/airflow/example_dags/example_local_kubernetes_executor.py for tasks to queue
[2025-04-22T06:19:57.885+0000] {logging_mixin.py:190} INFO - [2025-04-22T06:19:57.883+0000] {dagbag.py:588} INFO - Filling up the DagBag from /home/airflow/.local/lib/python3.9/site-packages/airflow/example_dags/example_local_kubernetes_executor.py
[2025-04-22T06:19:57.904+0000] {processor.py:925} INFO - DAG(s) 'example_local_kubernetes_executor' retrieved from /home/airflow/.local/lib/python3.9/site-packages/airflow/example_dags/example_local_kubernetes_executor.py
[2025-04-22T06:19:57.973+0000] {logging_mixin.py:190} INFO - [2025-04-22T06:19:57.973+0000] {dag.py:3239} INFO - Sync 1 DAGs
[2025-04-22T06:19:57.994+0000] {logging_mixin.py:190} INFO - [2025-04-22T06:19:57.994+0000] {dag.py:4180} INFO - Setting next_dagrun for example_local_kubernetes_executor to None, run_after=None
[2025-04-22T06:19:58.025+0000] {processor.py:208} INFO - Processing /home/airflow/.local/lib/python3.9/site-packages/airflow/example_dags/example_local_kubernetes_executor.py took 0.162 seconds
[2025-04-22T06:20:30.119+0000] {processor.py:186} INFO - Started process (PID=120) to work on /home/airflow/.local/lib/python3.9/site-packages/airflow/example_dags/example_local_kubernetes_executor.py
[2025-04-22T06:20:30.127+0000] {processor.py:914} INFO - Processing file /home/airflow/.local/lib/python3.9/site-packages/airflow/example_dags/example_local_kubernetes_executor.py for tasks to queue
[2025-04-22T06:20:30.138+0000] {logging_mixin.py:190} INFO - [2025-04-22T06:20:30.137+0000] {dagbag.py:588} INFO - Filling up the DagBag from /home/airflow/.local/lib/python3.9/site-packages/airflow/example_dags/example_local_kubernetes_executor.py
[2025-04-22T06:20:30.159+0000] {processor.py:925} INFO - DAG(s) 'example_local_kubernetes_executor' retrieved from /home/airflow/.local/lib/python3.9/site-packages/airflow/example_dags/example_local_kubernetes_executor.py
[2025-04-22T06:20:30.212+0000] {logging_mixin.py:190} INFO - [2025-04-22T06:20:30.212+0000] {dag.py:3239} INFO - Sync 1 DAGs
[2025-04-22T06:20:30.278+0000] {logging_mixin.py:190} INFO - [2025-04-22T06:20:30.268+0000] {dag.py:4180} INFO - Setting next_dagrun for example_local_kubernetes_executor to None, run_after=None
[2025-04-22T06:20:30.334+0000] {processor.py:208} INFO - Processing /home/airflow/.local/lib/python3.9/site-packages/airflow/example_dags/example_local_kubernetes_executor.py took 0.233 seconds
[2025-04-22T06:21:00.411+0000] {processor.py:186} INFO - Started process (PID=178) to work on /home/airflow/.local/lib/python3.9/site-packages/airflow/example_dags/example_local_kubernetes_executor.py
[2025-04-22T06:21:00.412+0000] {processor.py:914} INFO - Processing file /home/airflow/.local/lib/python3.9/site-packages/airflow/example_dags/example_local_kubernetes_executor.py for tasks to queue
[2025-04-22T06:21:00.415+0000] {logging_mixin.py:190} INFO - [2025-04-22T06:21:00.414+0000] {dagbag.py:588} INFO - Filling up the DagBag from /home/airflow/.local/lib/python3.9/site-packages/airflow/example_dags/example_local_kubernetes_executor.py
[2025-04-22T06:21:00.424+0000] {processor.py:925} INFO - DAG(s) 'example_local_kubernetes_executor' retrieved from /home/airflow/.local/lib/python3.9/site-packages/airflow/example_dags/example_local_kubernetes_executor.py
[2025-04-22T06:21:00.444+0000] {logging_mixin.py:190} INFO - [2025-04-22T06:21:00.444+0000] {dag.py:3239} INFO - Sync 1 DAGs
[2025-04-22T06:21:00.460+0000] {logging_mixin.py:190} INFO - [2025-04-22T06:21:00.460+0000] {dag.py:4180} INFO - Setting next_dagrun for example_local_kubernetes_executor to None, run_after=None
[2025-04-22T06:21:00.478+0000] {processor.py:208} INFO - Processing /home/airflow/.local/lib/python3.9/site-packages/airflow/example_dags/example_local_kubernetes_executor.py took 0.073 seconds
[2025-04-22T06:21:30.517+0000] {processor.py:186} INFO - Started process (PID=236) to work on /home/airflow/.local/lib/python3.9/site-packages/airflow/example_dags/example_local_kubernetes_executor.py
[2025-04-22T06:21:30.518+0000] {processor.py:914} INFO - Processing file /home/airflow/.local/lib/python3.9/site-packages/airflow/example_dags/example_local_kubernetes_executor.py for tasks to queue
[2025-04-22T06:21:30.521+0000] {logging_mixin.py:190} INFO - [2025-04-22T06:21:30.521+0000] {dagbag.py:588} INFO - Filling up the DagBag from /home/airflow/.local/lib/python3.9/site-packages/airflow/example_dags/example_local_kubernetes_executor.py
[2025-04-22T06:21:30.530+0000] {processor.py:925} INFO - DAG(s) 'example_local_kubernetes_executor' retrieved from /home/airflow/.local/lib/python3.9/site-packages/airflow/example_dags/example_local_kubernetes_executor.py
[2025-04-22T06:21:30.548+0000] {logging_mixin.py:190} INFO - [2025-04-22T06:21:30.548+0000] {dag.py:3239} INFO - Sync 1 DAGs
[2025-04-22T06:21:30.564+0000] {logging_mixin.py:190} INFO - [2025-04-22T06:21:30.563+0000] {dag.py:4180} INFO - Setting next_dagrun for example_local_kubernetes_executor to None, run_after=None
[2025-04-22T06:21:30.582+0000] {processor.py:208} INFO - Processing /home/airflow/.local/lib/python3.9/site-packages/airflow/example_dags/example_local_kubernetes_executor.py took 0.071 seconds
[2025-04-22T06:22:00.906+0000] {processor.py:186} INFO - Started process (PID=294) to work on /home/airflow/.local/lib/python3.9/site-packages/airflow/example_dags/example_local_kubernetes_executor.py
[2025-04-22T06:22:00.907+0000] {processor.py:914} INFO - Processing file /home/airflow/.local/lib/python3.9/site-packages/airflow/example_dags/example_local_kubernetes_executor.py for tasks to queue
[2025-04-22T06:22:00.909+0000] {logging_mixin.py:190} INFO - [2025-04-22T06:22:00.909+0000] {dagbag.py:588} INFO - Filling up the DagBag from /home/airflow/.local/lib/python3.9/site-packages/airflow/example_dags/example_local_kubernetes_executor.py
[2025-04-22T06:22:00.920+0000] {processor.py:925} INFO - DAG(s) 'example_local_kubernetes_executor' retrieved from /home/airflow/.local/lib/python3.9/site-packages/airflow/example_dags/example_local_kubernetes_executor.py
[2025-04-22T06:22:00.947+0000] {logging_mixin.py:190} INFO - [2025-04-22T06:22:00.947+0000] {dag.py:3239} INFO - Sync 1 DAGs
[2025-04-22T06:22:00.965+0000] {logging_mixin.py:190} INFO - [2025-04-22T06:22:00.964+0000] {dag.py:4180} INFO - Setting next_dagrun for example_local_kubernetes_executor to None, run_after=None
[2025-04-22T06:22:00.989+0000] {processor.py:208} INFO - Processing /home/airflow/.local/lib/python3.9/site-packages/airflow/example_dags/example_local_kubernetes_executor.py took 0.089 seconds
[2025-04-22T06:22:31.799+0000] {processor.py:186} INFO - Started process (PID=352) to work on /home/airflow/.local/lib/python3.9/site-packages/airflow/example_dags/example_local_kubernetes_executor.py
[2025-04-22T06:22:31.801+0000] {processor.py:914} INFO - Processing file /home/airflow/.local/lib/python3.9/site-packages/airflow/example_dags/example_local_kubernetes_executor.py for tasks to queue
[2025-04-22T06:22:31.804+0000] {logging_mixin.py:190} INFO - [2025-04-22T06:22:31.804+0000] {dagbag.py:588} INFO - Filling up the DagBag from /home/airflow/.local/lib/python3.9/site-packages/airflow/example_dags/example_local_kubernetes_executor.py
[2025-04-22T06:22:31.825+0000] {processor.py:925} INFO - DAG(s) 'example_local_kubernetes_executor' retrieved from /home/airflow/.local/lib/python3.9/site-packages/airflow/example_dags/example_local_kubernetes_executor.py
[2025-04-22T06:22:31.886+0000] {logging_mixin.py:190} INFO - [2025-04-22T06:22:31.886+0000] {dag.py:3239} INFO - Sync 1 DAGs
[2025-04-22T06:22:31.929+0000] {logging_mixin.py:190} INFO - [2025-04-22T06:22:31.928+0000] {dag.py:4180} INFO - Setting next_dagrun for example_local_kubernetes_executor to None, run_after=None
[2025-04-22T06:22:32.011+0000] {processor.py:208} INFO - Processing /home/airflow/.local/lib/python3.9/site-packages/airflow/example_dags/example_local_kubernetes_executor.py took 0.221 seconds
[2025-04-22T06:23:02.310+0000] {processor.py:186} INFO - Started process (PID=410) to work on /home/airflow/.local/lib/python3.9/site-packages/airflow/example_dags/example_local_kubernetes_executor.py
[2025-04-22T06:23:02.311+0000] {processor.py:914} INFO - Processing file /home/airflow/.local/lib/python3.9/site-packages/airflow/example_dags/example_local_kubernetes_executor.py for tasks to queue
[2025-04-22T06:23:02.314+0000] {logging_mixin.py:190} INFO - [2025-04-22T06:23:02.313+0000] {dagbag.py:588} INFO - Filling up the DagBag from /home/airflow/.local/lib/python3.9/site-packages/airflow/example_dags/example_local_kubernetes_executor.py
[2025-04-22T06:23:02.326+0000] {processor.py:925} INFO - DAG(s) 'example_local_kubernetes_executor' retrieved from /home/airflow/.local/lib/python3.9/site-packages/airflow/example_dags/example_local_kubernetes_executor.py
[2025-04-22T06:23:02.348+0000] {logging_mixin.py:190} INFO - [2025-04-22T06:23:02.347+0000] {dag.py:3239} INFO - Sync 1 DAGs
[2025-04-22T06:23:02.368+0000] {logging_mixin.py:190} INFO - [2025-04-22T06:23:02.368+0000] {dag.py:4180} INFO - Setting next_dagrun for example_local_kubernetes_executor to None, run_after=None
[2025-04-22T06:23:02.390+0000] {processor.py:208} INFO - Processing /home/airflow/.local/lib/python3.9/site-packages/airflow/example_dags/example_local_kubernetes_executor.py took 0.089 seconds
[2025-04-22T06:23:32.776+0000] {processor.py:186} INFO - Started process (PID=468) to work on /home/airflow/.local/lib/python3.9/site-packages/airflow/example_dags/example_local_kubernetes_executor.py
[2025-04-22T06:23:32.777+0000] {processor.py:914} INFO - Processing file /home/airflow/.local/lib/python3.9/site-packages/airflow/example_dags/example_local_kubernetes_executor.py for tasks to queue
[2025-04-22T06:23:32.779+0000] {logging_mixin.py:190} INFO - [2025-04-22T06:23:32.779+0000] {dagbag.py:588} INFO - Filling up the DagBag from /home/airflow/.local/lib/python3.9/site-packages/airflow/example_dags/example_local_kubernetes_executor.py
[2025-04-22T06:23:32.788+0000] {processor.py:925} INFO - DAG(s) 'example_local_kubernetes_executor' retrieved from /home/airflow/.local/lib/python3.9/site-packages/airflow/example_dags/example_local_kubernetes_executor.py
[2025-04-22T06:23:32.808+0000] {logging_mixin.py:190} INFO - [2025-04-22T06:23:32.808+0000] {dag.py:3239} INFO - Sync 1 DAGs
[2025-04-22T06:23:32.824+0000] {logging_mixin.py:190} INFO - [2025-04-22T06:23:32.824+0000] {dag.py:4180} INFO - Setting next_dagrun for example_local_kubernetes_executor to None, run_after=None
[2025-04-22T06:23:32.844+0000] {processor.py:208} INFO - Processing /home/airflow/.local/lib/python3.9/site-packages/airflow/example_dags/example_local_kubernetes_executor.py took 0.075 seconds
[2025-04-22T06:24:03.797+0000] {processor.py:186} INFO - Started process (PID=526) to work on /home/airflow/.local/lib/python3.9/site-packages/airflow/example_dags/example_local_kubernetes_executor.py
[2025-04-22T06:24:03.798+0000] {processor.py:914} INFO - Processing file /home/airflow/.local/lib/python3.9/site-packages/airflow/example_dags/example_local_kubernetes_executor.py for tasks to queue
[2025-04-22T06:24:03.800+0000] {logging_mixin.py:190} INFO - [2025-04-22T06:24:03.800+0000] {dagbag.py:588} INFO - Filling up the DagBag from /home/airflow/.local/lib/python3.9/site-packages/airflow/example_dags/example_local_kubernetes_executor.py
[2025-04-22T06:24:03.809+0000] {processor.py:925} INFO - DAG(s) 'example_local_kubernetes_executor' retrieved from /home/airflow/.local/lib/python3.9/site-packages/airflow/example_dags/example_local_kubernetes_executor.py
[2025-04-22T06:24:03.828+0000] {logging_mixin.py:190} INFO - [2025-04-22T06:24:03.828+0000] {dag.py:3239} INFO - Sync 1 DAGs
[2025-04-22T06:24:03.842+0000] {logging_mixin.py:190} INFO - [2025-04-22T06:24:03.842+0000] {dag.py:4180} INFO - Setting next_dagrun for example_local_kubernetes_executor to None, run_after=None
[2025-04-22T06:24:03.860+0000] {processor.py:208} INFO - Processing /home/airflow/.local/lib/python3.9/site-packages/airflow/example_dags/example_local_kubernetes_executor.py took 0.069 seconds
[2025-04-22T06:24:34.280+0000] {processor.py:186} INFO - Started process (PID=584) to work on /home/airflow/.local/lib/python3.9/site-packages/airflow/example_dags/example_local_kubernetes_executor.py
[2025-04-22T06:24:34.280+0000] {processor.py:914} INFO - Processing file /home/airflow/.local/lib/python3.9/site-packages/airflow/example_dags/example_local_kubernetes_executor.py for tasks to queue
[2025-04-22T06:24:34.282+0000] {logging_mixin.py:190} INFO - [2025-04-22T06:24:34.282+0000] {dagbag.py:588} INFO - Filling up the DagBag from /home/airflow/.local/lib/python3.9/site-packages/airflow/example_dags/example_local_kubernetes_executor.py
[2025-04-22T06:24:34.294+0000] {processor.py:925} INFO - DAG(s) 'example_local_kubernetes_executor' retrieved from /home/airflow/.local/lib/python3.9/site-packages/airflow/example_dags/example_local_kubernetes_executor.py
[2025-04-22T06:24:34.312+0000] {logging_mixin.py:190} INFO - [2025-04-22T06:24:34.312+0000] {dag.py:3239} INFO - Sync 1 DAGs
[2025-04-22T06:24:34.326+0000] {logging_mixin.py:190} INFO - [2025-04-22T06:24:34.326+0000] {dag.py:4180} INFO - Setting next_dagrun for example_local_kubernetes_executor to None, run_after=None
[2025-04-22T06:24:34.345+0000] {processor.py:208} INFO - Processing /home/airflow/.local/lib/python3.9/site-packages/airflow/example_dags/example_local_kubernetes_executor.py took 0.071 seconds
[2025-04-22T06:25:04.624+0000] {processor.py:186} INFO - Started process (PID=642) to work on /home/airflow/.local/lib/python3.9/site-packages/airflow/example_dags/example_local_kubernetes_executor.py
[2025-04-22T06:25:04.625+0000] {processor.py:914} INFO - Processing file /home/airflow/.local/lib/python3.9/site-packages/airflow/example_dags/example_local_kubernetes_executor.py for tasks to queue
[2025-04-22T06:25:04.628+0000] {logging_mixin.py:190} INFO - [2025-04-22T06:25:04.627+0000] {dagbag.py:588} INFO - Filling up the DagBag from /home/airflow/.local/lib/python3.9/site-packages/airflow/example_dags/example_local_kubernetes_executor.py
[2025-04-22T06:25:04.636+0000] {processor.py:925} INFO - DAG(s) 'example_local_kubernetes_executor' retrieved from /home/airflow/.local/lib/python3.9/site-packages/airflow/example_dags/example_local_kubernetes_executor.py
[2025-04-22T06:25:04.655+0000] {logging_mixin.py:190} INFO - [2025-04-22T06:25:04.655+0000] {dag.py:3239} INFO - Sync 1 DAGs
[2025-04-22T06:25:04.669+0000] {logging_mixin.py:190} INFO - [2025-04-22T06:25:04.668+0000] {dag.py:4180} INFO - Setting next_dagrun for example_local_kubernetes_executor to None, run_after=None
[2025-04-22T06:25:04.686+0000] {processor.py:208} INFO - Processing /home/airflow/.local/lib/python3.9/site-packages/airflow/example_dags/example_local_kubernetes_executor.py took 0.070 seconds
[2025-04-22T06:25:34.967+0000] {processor.py:186} INFO - Started process (PID=700) to work on /home/airflow/.local/lib/python3.9/site-packages/airflow/example_dags/example_local_kubernetes_executor.py
[2025-04-22T06:25:34.968+0000] {processor.py:914} INFO - Processing file /home/airflow/.local/lib/python3.9/site-packages/airflow/example_dags/example_local_kubernetes_executor.py for tasks to queue
[2025-04-22T06:25:34.971+0000] {logging_mixin.py:190} INFO - [2025-04-22T06:25:34.970+0000] {dagbag.py:588} INFO - Filling up the DagBag from /home/airflow/.local/lib/python3.9/site-packages/airflow/example_dags/example_local_kubernetes_executor.py
[2025-04-22T06:25:34.983+0000] {processor.py:925} INFO - DAG(s) 'example_local_kubernetes_executor' retrieved from /home/airflow/.local/lib/python3.9/site-packages/airflow/example_dags/example_local_kubernetes_executor.py
[2025-04-22T06:25:35.009+0000] {logging_mixin.py:190} INFO - [2025-04-22T06:25:35.008+0000] {dag.py:3239} INFO - Sync 1 DAGs
[2025-04-22T06:25:35.027+0000] {logging_mixin.py:190} INFO - [2025-04-22T06:25:35.027+0000] {dag.py:4180} INFO - Setting next_dagrun for example_local_kubernetes_executor to None, run_after=None
[2025-04-22T06:25:35.052+0000] {processor.py:208} INFO - Processing /home/airflow/.local/lib/python3.9/site-packages/airflow/example_dags/example_local_kubernetes_executor.py took 0.096 seconds
[2025-04-22T06:26:05.413+0000] {processor.py:186} INFO - Started process (PID=757) to work on /home/airflow/.local/lib/python3.9/site-packages/airflow/example_dags/example_local_kubernetes_executor.py
[2025-04-22T06:26:05.414+0000] {processor.py:914} INFO - Processing file /home/airflow/.local/lib/python3.9/site-packages/airflow/example_dags/example_local_kubernetes_executor.py for tasks to queue
[2025-04-22T06:26:05.416+0000] {logging_mixin.py:190} INFO - [2025-04-22T06:26:05.416+0000] {dagbag.py:588} INFO - Filling up the DagBag from /home/airflow/.local/lib/python3.9/site-packages/airflow/example_dags/example_local_kubernetes_executor.py
[2025-04-22T06:26:05.426+0000] {processor.py:925} INFO - DAG(s) 'example_local_kubernetes_executor' retrieved from /home/airflow/.local/lib/python3.9/site-packages/airflow/example_dags/example_local_kubernetes_executor.py
[2025-04-22T06:26:05.445+0000] {logging_mixin.py:190} INFO - [2025-04-22T06:26:05.444+0000] {dag.py:3239} INFO - Sync 1 DAGs
[2025-04-22T06:26:05.458+0000] {logging_mixin.py:190} INFO - [2025-04-22T06:26:05.458+0000] {dag.py:4180} INFO - Setting next_dagrun for example_local_kubernetes_executor to None, run_after=None
[2025-04-22T06:26:05.475+0000] {processor.py:208} INFO - Processing /home/airflow/.local/lib/python3.9/site-packages/airflow/example_dags/example_local_kubernetes_executor.py took 0.070 seconds
[2025-04-22T06:26:36.058+0000] {processor.py:186} INFO - Started process (PID=815) to work on /home/airflow/.local/lib/python3.9/site-packages/airflow/example_dags/example_local_kubernetes_executor.py
[2025-04-22T06:26:36.059+0000] {processor.py:914} INFO - Processing file /home/airflow/.local/lib/python3.9/site-packages/airflow/example_dags/example_local_kubernetes_executor.py for tasks to queue
[2025-04-22T06:26:36.062+0000] {logging_mixin.py:190} INFO - [2025-04-22T06:26:36.061+0000] {dagbag.py:588} INFO - Filling up the DagBag from /home/airflow/.local/lib/python3.9/site-packages/airflow/example_dags/example_local_kubernetes_executor.py
[2025-04-22T06:26:36.071+0000] {processor.py:925} INFO - DAG(s) 'example_local_kubernetes_executor' retrieved from /home/airflow/.local/lib/python3.9/site-packages/airflow/example_dags/example_local_kubernetes_executor.py
[2025-04-22T06:26:36.089+0000] {logging_mixin.py:190} INFO - [2025-04-22T06:26:36.089+0000] {dag.py:3239} INFO - Sync 1 DAGs
[2025-04-22T06:26:36.103+0000] {logging_mixin.py:190} INFO - [2025-04-22T06:26:36.103+0000] {dag.py:4180} INFO - Setting next_dagrun for example_local_kubernetes_executor to None, run_after=None
[2025-04-22T06:26:36.122+0000] {processor.py:208} INFO - Processing /home/airflow/.local/lib/python3.9/site-packages/airflow/example_dags/example_local_kubernetes_executor.py took 0.071 seconds
[2025-04-22T06:27:06.582+0000] {processor.py:186} INFO - Started process (PID=873) to work on /home/airflow/.local/lib/python3.9/site-packages/airflow/example_dags/example_local_kubernetes_executor.py
[2025-04-22T06:27:06.583+0000] {processor.py:914} INFO - Processing file /home/airflow/.local/lib/python3.9/site-packages/airflow/example_dags/example_local_kubernetes_executor.py for tasks to queue
[2025-04-22T06:27:06.585+0000] {logging_mixin.py:190} INFO - [2025-04-22T06:27:06.585+0000] {dagbag.py:588} INFO - Filling up the DagBag from /home/airflow/.local/lib/python3.9/site-packages/airflow/example_dags/example_local_kubernetes_executor.py
[2025-04-22T06:27:06.594+0000] {processor.py:925} INFO - DAG(s) 'example_local_kubernetes_executor' retrieved from /home/airflow/.local/lib/python3.9/site-packages/airflow/example_dags/example_local_kubernetes_executor.py
[2025-04-22T06:27:06.612+0000] {logging_mixin.py:190} INFO - [2025-04-22T06:27:06.612+0000] {dag.py:3239} INFO - Sync 1 DAGs
[2025-04-22T06:27:06.626+0000] {logging_mixin.py:190} INFO - [2025-04-22T06:27:06.626+0000] {dag.py:4180} INFO - Setting next_dagrun for example_local_kubernetes_executor to None, run_after=None
[2025-04-22T06:27:06.646+0000] {processor.py:208} INFO - Processing /home/airflow/.local/lib/python3.9/site-packages/airflow/example_dags/example_local_kubernetes_executor.py took 0.071 seconds
[2025-04-22T06:27:37.177+0000] {processor.py:186} INFO - Started process (PID=931) to work on /home/airflow/.local/lib/python3.9/site-packages/airflow/example_dags/example_local_kubernetes_executor.py
[2025-04-22T06:27:37.179+0000] {processor.py:914} INFO - Processing file /home/airflow/.local/lib/python3.9/site-packages/airflow/example_dags/example_local_kubernetes_executor.py for tasks to queue
[2025-04-22T06:27:37.181+0000] {logging_mixin.py:190} INFO - [2025-04-22T06:27:37.180+0000] {dagbag.py:588} INFO - Filling up the DagBag from /home/airflow/.local/lib/python3.9/site-packages/airflow/example_dags/example_local_kubernetes_executor.py
[2025-04-22T06:27:37.190+0000] {processor.py:925} INFO - DAG(s) 'example_local_kubernetes_executor' retrieved from /home/airflow/.local/lib/python3.9/site-packages/airflow/example_dags/example_local_kubernetes_executor.py
[2025-04-22T06:27:37.210+0000] {logging_mixin.py:190} INFO - [2025-04-22T06:27:37.209+0000] {dag.py:3239} INFO - Sync 1 DAGs
[2025-04-22T06:27:37.227+0000] {logging_mixin.py:190} INFO - [2025-04-22T06:27:37.227+0000] {dag.py:4180} INFO - Setting next_dagrun for example_local_kubernetes_executor to None, run_after=None
[2025-04-22T06:27:37.248+0000] {processor.py:208} INFO - Processing /home/airflow/.local/lib/python3.9/site-packages/airflow/example_dags/example_local_kubernetes_executor.py took 0.076 seconds
[2025-04-22T06:28:07.620+0000] {processor.py:186} INFO - Started process (PID=989) to work on /home/airflow/.local/lib/python3.9/site-packages/airflow/example_dags/example_local_kubernetes_executor.py
[2025-04-22T06:28:07.621+0000] {processor.py:914} INFO - Processing file /home/airflow/.local/lib/python3.9/site-packages/airflow/example_dags/example_local_kubernetes_executor.py for tasks to queue
[2025-04-22T06:28:07.623+0000] {logging_mixin.py:190} INFO - [2025-04-22T06:28:07.623+0000] {dagbag.py:588} INFO - Filling up the DagBag from /home/airflow/.local/lib/python3.9/site-packages/airflow/example_dags/example_local_kubernetes_executor.py
[2025-04-22T06:28:07.632+0000] {processor.py:925} INFO - DAG(s) 'example_local_kubernetes_executor' retrieved from /home/airflow/.local/lib/python3.9/site-packages/airflow/example_dags/example_local_kubernetes_executor.py
[2025-04-22T06:28:07.651+0000] {logging_mixin.py:190} INFO - [2025-04-22T06:28:07.651+0000] {dag.py:3239} INFO - Sync 1 DAGs
[2025-04-22T06:28:07.667+0000] {logging_mixin.py:190} INFO - [2025-04-22T06:28:07.666+0000] {dag.py:4180} INFO - Setting next_dagrun for example_local_kubernetes_executor to None, run_after=None
[2025-04-22T06:28:07.688+0000] {processor.py:208} INFO - Processing /home/airflow/.local/lib/python3.9/site-packages/airflow/example_dags/example_local_kubernetes_executor.py took 0.073 seconds
[2025-04-22T06:28:38.486+0000] {processor.py:186} INFO - Started process (PID=1047) to work on /home/airflow/.local/lib/python3.9/site-packages/airflow/example_dags/example_local_kubernetes_executor.py
[2025-04-22T06:28:38.486+0000] {processor.py:914} INFO - Processing file /home/airflow/.local/lib/python3.9/site-packages/airflow/example_dags/example_local_kubernetes_executor.py for tasks to queue
[2025-04-22T06:28:38.488+0000] {logging_mixin.py:190} INFO - [2025-04-22T06:28:38.488+0000] {dagbag.py:588} INFO - Filling up the DagBag from /home/airflow/.local/lib/python3.9/site-packages/airflow/example_dags/example_local_kubernetes_executor.py
[2025-04-22T06:28:38.497+0000] {processor.py:925} INFO - DAG(s) 'example_local_kubernetes_executor' retrieved from /home/airflow/.local/lib/python3.9/site-packages/airflow/example_dags/example_local_kubernetes_executor.py
[2025-04-22T06:28:38.516+0000] {logging_mixin.py:190} INFO - [2025-04-22T06:28:38.515+0000] {dag.py:3239} INFO - Sync 1 DAGs
[2025-04-22T06:28:38.530+0000] {logging_mixin.py:190} INFO - [2025-04-22T06:28:38.529+0000] {dag.py:4180} INFO - Setting next_dagrun for example_local_kubernetes_executor to None, run_after=None
[2025-04-22T06:28:38.547+0000] {processor.py:208} INFO - Processing /home/airflow/.local/lib/python3.9/site-packages/airflow/example_dags/example_local_kubernetes_executor.py took 0.068 seconds
[2025-04-22T06:29:08.840+0000] {processor.py:186} INFO - Started process (PID=1105) to work on /home/airflow/.local/lib/python3.9/site-packages/airflow/example_dags/example_local_kubernetes_executor.py
[2025-04-22T06:29:08.841+0000] {processor.py:914} INFO - Processing file /home/airflow/.local/lib/python3.9/site-packages/airflow/example_dags/example_local_kubernetes_executor.py for tasks to queue
[2025-04-22T06:29:08.843+0000] {logging_mixin.py:190} INFO - [2025-04-22T06:29:08.843+0000] {dagbag.py:588} INFO - Filling up the DagBag from /home/airflow/.local/lib/python3.9/site-packages/airflow/example_dags/example_local_kubernetes_executor.py
[2025-04-22T06:29:08.852+0000] {processor.py:925} INFO - DAG(s) 'example_local_kubernetes_executor' retrieved from /home/airflow/.local/lib/python3.9/site-packages/airflow/example_dags/example_local_kubernetes_executor.py
[2025-04-22T06:29:08.871+0000] {logging_mixin.py:190} INFO - [2025-04-22T06:29:08.871+0000] {dag.py:3239} INFO - Sync 1 DAGs
[2025-04-22T06:29:08.885+0000] {logging_mixin.py:190} INFO - [2025-04-22T06:29:08.885+0000] {dag.py:4180} INFO - Setting next_dagrun for example_local_kubernetes_executor to None, run_after=None
[2025-04-22T06:29:08.905+0000] {processor.py:208} INFO - Processing /home/airflow/.local/lib/python3.9/site-packages/airflow/example_dags/example_local_kubernetes_executor.py took 0.071 seconds
[2025-04-22T06:29:39.638+0000] {processor.py:186} INFO - Started process (PID=1163) to work on /home/airflow/.local/lib/python3.9/site-packages/airflow/example_dags/example_local_kubernetes_executor.py
[2025-04-22T06:29:39.639+0000] {processor.py:914} INFO - Processing file /home/airflow/.local/lib/python3.9/site-packages/airflow/example_dags/example_local_kubernetes_executor.py for tasks to queue
[2025-04-22T06:29:39.641+0000] {logging_mixin.py:190} INFO - [2025-04-22T06:29:39.641+0000] {dagbag.py:588} INFO - Filling up the DagBag from /home/airflow/.local/lib/python3.9/site-packages/airflow/example_dags/example_local_kubernetes_executor.py
[2025-04-22T06:29:39.651+0000] {processor.py:925} INFO - DAG(s) 'example_local_kubernetes_executor' retrieved from /home/airflow/.local/lib/python3.9/site-packages/airflow/example_dags/example_local_kubernetes_executor.py
[2025-04-22T06:29:39.669+0000] {logging_mixin.py:190} INFO - [2025-04-22T06:29:39.669+0000] {dag.py:3239} INFO - Sync 1 DAGs
[2025-04-22T06:29:39.683+0000] {logging_mixin.py:190} INFO - [2025-04-22T06:29:39.683+0000] {dag.py:4180} INFO - Setting next_dagrun for example_local_kubernetes_executor to None, run_after=None
[2025-04-22T06:29:39.703+0000] {processor.py:208} INFO - Processing /home/airflow/.local/lib/python3.9/site-packages/airflow/example_dags/example_local_kubernetes_executor.py took 0.072 seconds
[2025-04-22T06:30:10.345+0000] {processor.py:186} INFO - Started process (PID=1221) to work on /home/airflow/.local/lib/python3.9/site-packages/airflow/example_dags/example_local_kubernetes_executor.py
[2025-04-22T06:30:10.346+0000] {processor.py:914} INFO - Processing file /home/airflow/.local/lib/python3.9/site-packages/airflow/example_dags/example_local_kubernetes_executor.py for tasks to queue
[2025-04-22T06:30:10.349+0000] {logging_mixin.py:190} INFO - [2025-04-22T06:30:10.349+0000] {dagbag.py:588} INFO - Filling up the DagBag from /home/airflow/.local/lib/python3.9/site-packages/airflow/example_dags/example_local_kubernetes_executor.py
[2025-04-22T06:30:10.368+0000] {processor.py:925} INFO - DAG(s) 'example_local_kubernetes_executor' retrieved from /home/airflow/.local/lib/python3.9/site-packages/airflow/example_dags/example_local_kubernetes_executor.py
[2025-04-22T06:30:10.397+0000] {logging_mixin.py:190} INFO - [2025-04-22T06:30:10.396+0000] {dag.py:3239} INFO - Sync 1 DAGs
[2025-04-22T06:30:10.418+0000] {logging_mixin.py:190} INFO - [2025-04-22T06:30:10.418+0000] {dag.py:4180} INFO - Setting next_dagrun for example_local_kubernetes_executor to None, run_after=None
[2025-04-22T06:30:10.449+0000] {processor.py:208} INFO - Processing /home/airflow/.local/lib/python3.9/site-packages/airflow/example_dags/example_local_kubernetes_executor.py took 0.113 seconds
[2025-04-22T06:30:40.484+0000] {processor.py:186} INFO - Started process (PID=1278) to work on /home/airflow/.local/lib/python3.9/site-packages/airflow/example_dags/example_local_kubernetes_executor.py
[2025-04-22T06:30:40.485+0000] {processor.py:914} INFO - Processing file /home/airflow/.local/lib/python3.9/site-packages/airflow/example_dags/example_local_kubernetes_executor.py for tasks to queue
[2025-04-22T06:30:40.487+0000] {logging_mixin.py:190} INFO - [2025-04-22T06:30:40.487+0000] {dagbag.py:588} INFO - Filling up the DagBag from /home/airflow/.local/lib/python3.9/site-packages/airflow/example_dags/example_local_kubernetes_executor.py
[2025-04-22T06:30:40.496+0000] {processor.py:925} INFO - DAG(s) 'example_local_kubernetes_executor' retrieved from /home/airflow/.local/lib/python3.9/site-packages/airflow/example_dags/example_local_kubernetes_executor.py
[2025-04-22T06:30:40.517+0000] {logging_mixin.py:190} INFO - [2025-04-22T06:30:40.516+0000] {dag.py:3239} INFO - Sync 1 DAGs
[2025-04-22T06:30:40.536+0000] {logging_mixin.py:190} INFO - [2025-04-22T06:30:40.535+0000] {dag.py:4180} INFO - Setting next_dagrun for example_local_kubernetes_executor to None, run_after=None
[2025-04-22T06:30:40.562+0000] {processor.py:208} INFO - Processing /home/airflow/.local/lib/python3.9/site-packages/airflow/example_dags/example_local_kubernetes_executor.py took 0.085 seconds
[2025-04-22T06:31:10.900+0000] {processor.py:186} INFO - Started process (PID=1337) to work on /home/airflow/.local/lib/python3.9/site-packages/airflow/example_dags/example_local_kubernetes_executor.py
[2025-04-22T06:31:10.901+0000] {processor.py:914} INFO - Processing file /home/airflow/.local/lib/python3.9/site-packages/airflow/example_dags/example_local_kubernetes_executor.py for tasks to queue
[2025-04-22T06:31:10.903+0000] {logging_mixin.py:190} INFO - [2025-04-22T06:31:10.903+0000] {dagbag.py:588} INFO - Filling up the DagBag from /home/airflow/.local/lib/python3.9/site-packages/airflow/example_dags/example_local_kubernetes_executor.py
[2025-04-22T06:31:10.912+0000] {processor.py:925} INFO - DAG(s) 'example_local_kubernetes_executor' retrieved from /home/airflow/.local/lib/python3.9/site-packages/airflow/example_dags/example_local_kubernetes_executor.py
[2025-04-22T06:31:10.931+0000] {logging_mixin.py:190} INFO - [2025-04-22T06:31:10.930+0000] {dag.py:3239} INFO - Sync 1 DAGs
[2025-04-22T06:31:10.947+0000] {logging_mixin.py:190} INFO - [2025-04-22T06:31:10.947+0000] {dag.py:4180} INFO - Setting next_dagrun for example_local_kubernetes_executor to None, run_after=None
[2025-04-22T06:31:10.966+0000] {processor.py:208} INFO - Processing /home/airflow/.local/lib/python3.9/site-packages/airflow/example_dags/example_local_kubernetes_executor.py took 0.071 seconds
[2025-04-22T06:31:41.181+0000] {processor.py:186} INFO - Started process (PID=1395) to work on /home/airflow/.local/lib/python3.9/site-packages/airflow/example_dags/example_local_kubernetes_executor.py
[2025-04-22T06:31:41.182+0000] {processor.py:914} INFO - Processing file /home/airflow/.local/lib/python3.9/site-packages/airflow/example_dags/example_local_kubernetes_executor.py for tasks to queue
[2025-04-22T06:31:41.185+0000] {logging_mixin.py:190} INFO - [2025-04-22T06:31:41.184+0000] {dagbag.py:588} INFO - Filling up the DagBag from /home/airflow/.local/lib/python3.9/site-packages/airflow/example_dags/example_local_kubernetes_executor.py
[2025-04-22T06:31:41.194+0000] {processor.py:925} INFO - DAG(s) 'example_local_kubernetes_executor' retrieved from /home/airflow/.local/lib/python3.9/site-packages/airflow/example_dags/example_local_kubernetes_executor.py
[2025-04-22T06:31:41.213+0000] {logging_mixin.py:190} INFO - [2025-04-22T06:31:41.213+0000] {dag.py:3239} INFO - Sync 1 DAGs
[2025-04-22T06:31:41.227+0000] {logging_mixin.py:190} INFO - [2025-04-22T06:31:41.227+0000] {dag.py:4180} INFO - Setting next_dagrun for example_local_kubernetes_executor to None, run_after=None
[2025-04-22T06:31:41.247+0000] {processor.py:208} INFO - Processing /home/airflow/.local/lib/python3.9/site-packages/airflow/example_dags/example_local_kubernetes_executor.py took 0.073 seconds
[2025-04-22T06:32:11.921+0000] {processor.py:186} INFO - Started process (PID=1453) to work on /home/airflow/.local/lib/python3.9/site-packages/airflow/example_dags/example_local_kubernetes_executor.py
[2025-04-22T06:32:11.922+0000] {processor.py:914} INFO - Processing file /home/airflow/.local/lib/python3.9/site-packages/airflow/example_dags/example_local_kubernetes_executor.py for tasks to queue
[2025-04-22T06:32:11.924+0000] {logging_mixin.py:190} INFO - [2025-04-22T06:32:11.924+0000] {dagbag.py:588} INFO - Filling up the DagBag from /home/airflow/.local/lib/python3.9/site-packages/airflow/example_dags/example_local_kubernetes_executor.py
[2025-04-22T06:32:11.933+0000] {processor.py:925} INFO - DAG(s) 'example_local_kubernetes_executor' retrieved from /home/airflow/.local/lib/python3.9/site-packages/airflow/example_dags/example_local_kubernetes_executor.py
[2025-04-22T06:32:11.951+0000] {logging_mixin.py:190} INFO - [2025-04-22T06:32:11.951+0000] {dag.py:3239} INFO - Sync 1 DAGs
[2025-04-22T06:32:11.965+0000] {logging_mixin.py:190} INFO - [2025-04-22T06:32:11.965+0000] {dag.py:4180} INFO - Setting next_dagrun for example_local_kubernetes_executor to None, run_after=None
[2025-04-22T06:32:11.985+0000] {processor.py:208} INFO - Processing /home/airflow/.local/lib/python3.9/site-packages/airflow/example_dags/example_local_kubernetes_executor.py took 0.070 seconds
