[2025-04-22T06:19:59.562+0000] {processor.py:186} INFO - Started process (PID=72) to work on /home/airflow/.local/lib/python3.9/site-packages/airflow/example_dags/example_skip_dag.py
[2025-04-22T06:19:59.565+0000] {processor.py:914} INFO - Processing file /home/airflow/.local/lib/python3.9/site-packages/airflow/example_dags/example_skip_dag.py for tasks to queue
[2025-04-22T06:19:59.570+0000] {logging_mixin.py:190} INFO - [2025-04-22T06:19:59.569+0000] {dagbag.py:588} INFO - Filling up the DagBag from /home/airflow/.local/lib/python3.9/site-packages/airflow/example_dags/example_skip_dag.py
[2025-04-22T06:19:59.583+0000] {processor.py:925} INFO - DAG(s) 'example_skip_dag' retrieved from /home/airflow/.local/lib/python3.9/site-packages/airflow/example_dags/example_skip_dag.py
[2025-04-22T06:19:59.621+0000] {logging_mixin.py:190} INFO - [2025-04-22T06:19:59.620+0000] {dag.py:3239} INFO - Sync 1 DAGs
[2025-04-22T06:19:59.652+0000] {logging_mixin.py:190} INFO - [2025-04-22T06:19:59.652+0000] {dag.py:4180} INFO - Setting next_dagrun for example_skip_dag to 2025-04-21 00:00:00+00:00, run_after=2025-04-22 00:00:00+00:00
[2025-04-22T06:19:59.676+0000] {processor.py:208} INFO - Processing /home/airflow/.local/lib/python3.9/site-packages/airflow/example_dags/example_skip_dag.py took 0.121 seconds
[2025-04-22T06:20:32.137+0000] {processor.py:186} INFO - Started process (PID=130) to work on /home/airflow/.local/lib/python3.9/site-packages/airflow/example_dags/example_skip_dag.py
[2025-04-22T06:20:32.139+0000] {processor.py:914} INFO - Processing file /home/airflow/.local/lib/python3.9/site-packages/airflow/example_dags/example_skip_dag.py for tasks to queue
[2025-04-22T06:20:32.142+0000] {logging_mixin.py:190} INFO - [2025-04-22T06:20:32.142+0000] {dagbag.py:588} INFO - Filling up the DagBag from /home/airflow/.local/lib/python3.9/site-packages/airflow/example_dags/example_skip_dag.py
[2025-04-22T06:20:32.153+0000] {processor.py:925} INFO - DAG(s) 'example_skip_dag' retrieved from /home/airflow/.local/lib/python3.9/site-packages/airflow/example_dags/example_skip_dag.py
[2025-04-22T06:20:32.180+0000] {logging_mixin.py:190} INFO - [2025-04-22T06:20:32.180+0000] {dag.py:3239} INFO - Sync 1 DAGs
[2025-04-22T06:20:32.218+0000] {logging_mixin.py:190} INFO - [2025-04-22T06:20:32.217+0000] {dag.py:4180} INFO - Setting next_dagrun for example_skip_dag to 2025-04-21 00:00:00+00:00, run_after=2025-04-22 00:00:00+00:00
[2025-04-22T06:20:32.253+0000] {processor.py:208} INFO - Processing /home/airflow/.local/lib/python3.9/site-packages/airflow/example_dags/example_skip_dag.py took 0.124 seconds
[2025-04-22T06:21:02.321+0000] {processor.py:186} INFO - Started process (PID=188) to work on /home/airflow/.local/lib/python3.9/site-packages/airflow/example_dags/example_skip_dag.py
[2025-04-22T06:21:02.323+0000] {processor.py:914} INFO - Processing file /home/airflow/.local/lib/python3.9/site-packages/airflow/example_dags/example_skip_dag.py for tasks to queue
[2025-04-22T06:21:02.326+0000] {logging_mixin.py:190} INFO - [2025-04-22T06:21:02.326+0000] {dagbag.py:588} INFO - Filling up the DagBag from /home/airflow/.local/lib/python3.9/site-packages/airflow/example_dags/example_skip_dag.py
[2025-04-22T06:21:02.339+0000] {processor.py:925} INFO - DAG(s) 'example_skip_dag' retrieved from /home/airflow/.local/lib/python3.9/site-packages/airflow/example_dags/example_skip_dag.py
[2025-04-22T06:21:02.372+0000] {logging_mixin.py:190} INFO - [2025-04-22T06:21:02.372+0000] {dag.py:3239} INFO - Sync 1 DAGs
[2025-04-22T06:21:02.407+0000] {logging_mixin.py:190} INFO - [2025-04-22T06:21:02.407+0000] {dag.py:4180} INFO - Setting next_dagrun for example_skip_dag to 2025-04-21 00:00:00+00:00, run_after=2025-04-22 00:00:00+00:00
[2025-04-22T06:21:02.441+0000] {processor.py:208} INFO - Processing /home/airflow/.local/lib/python3.9/site-packages/airflow/example_dags/example_skip_dag.py took 0.130 seconds
[2025-04-22T06:21:32.483+0000] {processor.py:186} INFO - Started process (PID=245) to work on /home/airflow/.local/lib/python3.9/site-packages/airflow/example_dags/example_skip_dag.py
[2025-04-22T06:21:32.485+0000] {processor.py:914} INFO - Processing file /home/airflow/.local/lib/python3.9/site-packages/airflow/example_dags/example_skip_dag.py for tasks to queue
[2025-04-22T06:21:32.487+0000] {logging_mixin.py:190} INFO - [2025-04-22T06:21:32.486+0000] {dagbag.py:588} INFO - Filling up the DagBag from /home/airflow/.local/lib/python3.9/site-packages/airflow/example_dags/example_skip_dag.py
[2025-04-22T06:21:32.498+0000] {processor.py:925} INFO - DAG(s) 'example_skip_dag' retrieved from /home/airflow/.local/lib/python3.9/site-packages/airflow/example_dags/example_skip_dag.py
[2025-04-22T06:21:32.525+0000] {logging_mixin.py:190} INFO - [2025-04-22T06:21:32.524+0000] {dag.py:3239} INFO - Sync 1 DAGs
[2025-04-22T06:21:32.558+0000] {logging_mixin.py:190} INFO - [2025-04-22T06:21:32.557+0000] {dag.py:4180} INFO - Setting next_dagrun for example_skip_dag to 2025-04-21 00:00:00+00:00, run_after=2025-04-22 00:00:00+00:00
[2025-04-22T06:21:32.585+0000] {processor.py:208} INFO - Processing /home/airflow/.local/lib/python3.9/site-packages/airflow/example_dags/example_skip_dag.py took 0.109 seconds
[2025-04-22T06:22:02.664+0000] {processor.py:186} INFO - Started process (PID=302) to work on /home/airflow/.local/lib/python3.9/site-packages/airflow/example_dags/example_skip_dag.py
[2025-04-22T06:22:02.666+0000] {processor.py:914} INFO - Processing file /home/airflow/.local/lib/python3.9/site-packages/airflow/example_dags/example_skip_dag.py for tasks to queue
[2025-04-22T06:22:02.668+0000] {logging_mixin.py:190} INFO - [2025-04-22T06:22:02.668+0000] {dagbag.py:588} INFO - Filling up the DagBag from /home/airflow/.local/lib/python3.9/site-packages/airflow/example_dags/example_skip_dag.py
[2025-04-22T06:22:02.678+0000] {processor.py:925} INFO - DAG(s) 'example_skip_dag' retrieved from /home/airflow/.local/lib/python3.9/site-packages/airflow/example_dags/example_skip_dag.py
[2025-04-22T06:22:02.702+0000] {logging_mixin.py:190} INFO - [2025-04-22T06:22:02.701+0000] {dag.py:3239} INFO - Sync 1 DAGs
[2025-04-22T06:22:02.726+0000] {logging_mixin.py:190} INFO - [2025-04-22T06:22:02.725+0000] {dag.py:4180} INFO - Setting next_dagrun for example_skip_dag to 2025-04-21 00:00:00+00:00, run_after=2025-04-22 00:00:00+00:00
[2025-04-22T06:22:02.745+0000] {processor.py:208} INFO - Processing /home/airflow/.local/lib/python3.9/site-packages/airflow/example_dags/example_skip_dag.py took 0.090 seconds
[2025-04-22T06:22:32.838+0000] {processor.py:186} INFO - Started process (PID=360) to work on /home/airflow/.local/lib/python3.9/site-packages/airflow/example_dags/example_skip_dag.py
[2025-04-22T06:22:32.840+0000] {processor.py:914} INFO - Processing file /home/airflow/.local/lib/python3.9/site-packages/airflow/example_dags/example_skip_dag.py for tasks to queue
[2025-04-22T06:22:32.843+0000] {logging_mixin.py:190} INFO - [2025-04-22T06:22:32.843+0000] {dagbag.py:588} INFO - Filling up the DagBag from /home/airflow/.local/lib/python3.9/site-packages/airflow/example_dags/example_skip_dag.py
[2025-04-22T06:22:32.853+0000] {processor.py:925} INFO - DAG(s) 'example_skip_dag' retrieved from /home/airflow/.local/lib/python3.9/site-packages/airflow/example_dags/example_skip_dag.py
[2025-04-22T06:22:32.875+0000] {logging_mixin.py:190} INFO - [2025-04-22T06:22:32.875+0000] {dag.py:3239} INFO - Sync 1 DAGs
[2025-04-22T06:22:32.900+0000] {logging_mixin.py:190} INFO - [2025-04-22T06:22:32.900+0000] {dag.py:4180} INFO - Setting next_dagrun for example_skip_dag to 2025-04-21 00:00:00+00:00, run_after=2025-04-22 00:00:00+00:00
[2025-04-22T06:22:32.932+0000] {processor.py:208} INFO - Processing /home/airflow/.local/lib/python3.9/site-packages/airflow/example_dags/example_skip_dag.py took 0.107 seconds
[2025-04-22T06:23:02.980+0000] {processor.py:186} INFO - Started process (PID=418) to work on /home/airflow/.local/lib/python3.9/site-packages/airflow/example_dags/example_skip_dag.py
[2025-04-22T06:23:02.981+0000] {processor.py:914} INFO - Processing file /home/airflow/.local/lib/python3.9/site-packages/airflow/example_dags/example_skip_dag.py for tasks to queue
[2025-04-22T06:23:02.985+0000] {logging_mixin.py:190} INFO - [2025-04-22T06:23:02.984+0000] {dagbag.py:588} INFO - Filling up the DagBag from /home/airflow/.local/lib/python3.9/site-packages/airflow/example_dags/example_skip_dag.py
[2025-04-22T06:23:02.993+0000] {processor.py:925} INFO - DAG(s) 'example_skip_dag' retrieved from /home/airflow/.local/lib/python3.9/site-packages/airflow/example_dags/example_skip_dag.py
[2025-04-22T06:23:03.012+0000] {logging_mixin.py:190} INFO - [2025-04-22T06:23:03.012+0000] {dag.py:3239} INFO - Sync 1 DAGs
[2025-04-22T06:23:03.038+0000] {logging_mixin.py:190} INFO - [2025-04-22T06:23:03.038+0000] {dag.py:4180} INFO - Setting next_dagrun for example_skip_dag to 2025-04-21 00:00:00+00:00, run_after=2025-04-22 00:00:00+00:00
[2025-04-22T06:23:03.061+0000] {processor.py:208} INFO - Processing /home/airflow/.local/lib/python3.9/site-packages/airflow/example_dags/example_skip_dag.py took 0.088 seconds
[2025-04-22T06:23:33.308+0000] {processor.py:186} INFO - Started process (PID=476) to work on /home/airflow/.local/lib/python3.9/site-packages/airflow/example_dags/example_skip_dag.py
[2025-04-22T06:23:33.310+0000] {processor.py:914} INFO - Processing file /home/airflow/.local/lib/python3.9/site-packages/airflow/example_dags/example_skip_dag.py for tasks to queue
[2025-04-22T06:23:33.313+0000] {logging_mixin.py:190} INFO - [2025-04-22T06:23:33.313+0000] {dagbag.py:588} INFO - Filling up the DagBag from /home/airflow/.local/lib/python3.9/site-packages/airflow/example_dags/example_skip_dag.py
[2025-04-22T06:23:33.322+0000] {processor.py:925} INFO - DAG(s) 'example_skip_dag' retrieved from /home/airflow/.local/lib/python3.9/site-packages/airflow/example_dags/example_skip_dag.py
[2025-04-22T06:23:33.345+0000] {logging_mixin.py:190} INFO - [2025-04-22T06:23:33.344+0000] {dag.py:3239} INFO - Sync 1 DAGs
[2025-04-22T06:23:33.374+0000] {logging_mixin.py:190} INFO - [2025-04-22T06:23:33.374+0000] {dag.py:4180} INFO - Setting next_dagrun for example_skip_dag to 2025-04-21 00:00:00+00:00, run_after=2025-04-22 00:00:00+00:00
[2025-04-22T06:23:33.400+0000] {processor.py:208} INFO - Processing /home/airflow/.local/lib/python3.9/site-packages/airflow/example_dags/example_skip_dag.py took 0.100 seconds
[2025-04-22T06:24:04.313+0000] {processor.py:186} INFO - Started process (PID=534) to work on /home/airflow/.local/lib/python3.9/site-packages/airflow/example_dags/example_skip_dag.py
[2025-04-22T06:24:04.314+0000] {processor.py:914} INFO - Processing file /home/airflow/.local/lib/python3.9/site-packages/airflow/example_dags/example_skip_dag.py for tasks to queue
[2025-04-22T06:24:04.316+0000] {logging_mixin.py:190} INFO - [2025-04-22T06:24:04.316+0000] {dagbag.py:588} INFO - Filling up the DagBag from /home/airflow/.local/lib/python3.9/site-packages/airflow/example_dags/example_skip_dag.py
[2025-04-22T06:24:04.324+0000] {processor.py:925} INFO - DAG(s) 'example_skip_dag' retrieved from /home/airflow/.local/lib/python3.9/site-packages/airflow/example_dags/example_skip_dag.py
[2025-04-22T06:24:04.341+0000] {logging_mixin.py:190} INFO - [2025-04-22T06:24:04.341+0000] {dag.py:3239} INFO - Sync 1 DAGs
[2025-04-22T06:24:04.361+0000] {logging_mixin.py:190} INFO - [2025-04-22T06:24:04.361+0000] {dag.py:4180} INFO - Setting next_dagrun for example_skip_dag to 2025-04-21 00:00:00+00:00, run_after=2025-04-22 00:00:00+00:00
[2025-04-22T06:24:04.378+0000] {processor.py:208} INFO - Processing /home/airflow/.local/lib/python3.9/site-packages/airflow/example_dags/example_skip_dag.py took 0.072 seconds
[2025-04-22T06:24:34.985+0000] {processor.py:186} INFO - Started process (PID=592) to work on /home/airflow/.local/lib/python3.9/site-packages/airflow/example_dags/example_skip_dag.py
[2025-04-22T06:24:34.986+0000] {processor.py:914} INFO - Processing file /home/airflow/.local/lib/python3.9/site-packages/airflow/example_dags/example_skip_dag.py for tasks to queue
[2025-04-22T06:24:34.990+0000] {logging_mixin.py:190} INFO - [2025-04-22T06:24:34.989+0000] {dagbag.py:588} INFO - Filling up the DagBag from /home/airflow/.local/lib/python3.9/site-packages/airflow/example_dags/example_skip_dag.py
[2025-04-22T06:24:35.002+0000] {processor.py:925} INFO - DAG(s) 'example_skip_dag' retrieved from /home/airflow/.local/lib/python3.9/site-packages/airflow/example_dags/example_skip_dag.py
[2025-04-22T06:24:35.030+0000] {logging_mixin.py:190} INFO - [2025-04-22T06:24:35.029+0000] {dag.py:3239} INFO - Sync 1 DAGs
[2025-04-22T06:24:35.073+0000] {logging_mixin.py:190} INFO - [2025-04-22T06:24:35.072+0000] {dag.py:4180} INFO - Setting next_dagrun for example_skip_dag to 2025-04-21 00:00:00+00:00, run_after=2025-04-22 00:00:00+00:00
[2025-04-22T06:24:35.107+0000] {processor.py:208} INFO - Processing /home/airflow/.local/lib/python3.9/site-packages/airflow/example_dags/example_skip_dag.py took 0.133 seconds
[2025-04-22T06:25:05.160+0000] {processor.py:186} INFO - Started process (PID=650) to work on /home/airflow/.local/lib/python3.9/site-packages/airflow/example_dags/example_skip_dag.py
[2025-04-22T06:25:05.161+0000] {processor.py:914} INFO - Processing file /home/airflow/.local/lib/python3.9/site-packages/airflow/example_dags/example_skip_dag.py for tasks to queue
[2025-04-22T06:25:05.163+0000] {logging_mixin.py:190} INFO - [2025-04-22T06:25:05.163+0000] {dagbag.py:588} INFO - Filling up the DagBag from /home/airflow/.local/lib/python3.9/site-packages/airflow/example_dags/example_skip_dag.py
[2025-04-22T06:25:05.171+0000] {processor.py:925} INFO - DAG(s) 'example_skip_dag' retrieved from /home/airflow/.local/lib/python3.9/site-packages/airflow/example_dags/example_skip_dag.py
[2025-04-22T06:25:05.191+0000] {logging_mixin.py:190} INFO - [2025-04-22T06:25:05.191+0000] {dag.py:3239} INFO - Sync 1 DAGs
[2025-04-22T06:25:05.216+0000] {logging_mixin.py:190} INFO - [2025-04-22T06:25:05.215+0000] {dag.py:4180} INFO - Setting next_dagrun for example_skip_dag to 2025-04-21 00:00:00+00:00, run_after=2025-04-22 00:00:00+00:00
[2025-04-22T06:25:05.232+0000] {processor.py:208} INFO - Processing /home/airflow/.local/lib/python3.9/site-packages/airflow/example_dags/example_skip_dag.py took 0.079 seconds
[2025-04-22T06:25:35.665+0000] {processor.py:186} INFO - Started process (PID=708) to work on /home/airflow/.local/lib/python3.9/site-packages/airflow/example_dags/example_skip_dag.py
[2025-04-22T06:25:35.667+0000] {processor.py:914} INFO - Processing file /home/airflow/.local/lib/python3.9/site-packages/airflow/example_dags/example_skip_dag.py for tasks to queue
[2025-04-22T06:25:35.671+0000] {logging_mixin.py:190} INFO - [2025-04-22T06:25:35.670+0000] {dagbag.py:588} INFO - Filling up the DagBag from /home/airflow/.local/lib/python3.9/site-packages/airflow/example_dags/example_skip_dag.py
[2025-04-22T06:25:35.681+0000] {processor.py:925} INFO - DAG(s) 'example_skip_dag' retrieved from /home/airflow/.local/lib/python3.9/site-packages/airflow/example_dags/example_skip_dag.py
[2025-04-22T06:25:35.705+0000] {logging_mixin.py:190} INFO - [2025-04-22T06:25:35.705+0000] {dag.py:3239} INFO - Sync 1 DAGs
[2025-04-22T06:25:35.731+0000] {logging_mixin.py:190} INFO - [2025-04-22T06:25:35.731+0000] {dag.py:4180} INFO - Setting next_dagrun for example_skip_dag to 2025-04-21 00:00:00+00:00, run_after=2025-04-22 00:00:00+00:00
[2025-04-22T06:25:35.749+0000] {processor.py:208} INFO - Processing /home/airflow/.local/lib/python3.9/site-packages/airflow/example_dags/example_skip_dag.py took 0.092 seconds
[2025-04-22T06:26:06.312+0000] {processor.py:186} INFO - Started process (PID=766) to work on /home/airflow/.local/lib/python3.9/site-packages/airflow/example_dags/example_skip_dag.py
[2025-04-22T06:26:06.313+0000] {processor.py:914} INFO - Processing file /home/airflow/.local/lib/python3.9/site-packages/airflow/example_dags/example_skip_dag.py for tasks to queue
[2025-04-22T06:26:06.315+0000] {logging_mixin.py:190} INFO - [2025-04-22T06:26:06.314+0000] {dagbag.py:588} INFO - Filling up the DagBag from /home/airflow/.local/lib/python3.9/site-packages/airflow/example_dags/example_skip_dag.py
[2025-04-22T06:26:06.322+0000] {processor.py:925} INFO - DAG(s) 'example_skip_dag' retrieved from /home/airflow/.local/lib/python3.9/site-packages/airflow/example_dags/example_skip_dag.py
[2025-04-22T06:26:06.342+0000] {logging_mixin.py:190} INFO - [2025-04-22T06:26:06.342+0000] {dag.py:3239} INFO - Sync 1 DAGs
[2025-04-22T06:26:06.363+0000] {logging_mixin.py:190} INFO - [2025-04-22T06:26:06.363+0000] {dag.py:4180} INFO - Setting next_dagrun for example_skip_dag to 2025-04-21 00:00:00+00:00, run_after=2025-04-22 00:00:00+00:00
[2025-04-22T06:26:06.390+0000] {processor.py:208} INFO - Processing /home/airflow/.local/lib/python3.9/site-packages/airflow/example_dags/example_skip_dag.py took 0.085 seconds
[2025-04-22T06:26:36.737+0000] {processor.py:186} INFO - Started process (PID=824) to work on /home/airflow/.local/lib/python3.9/site-packages/airflow/example_dags/example_skip_dag.py
[2025-04-22T06:26:36.738+0000] {processor.py:914} INFO - Processing file /home/airflow/.local/lib/python3.9/site-packages/airflow/example_dags/example_skip_dag.py for tasks to queue
[2025-04-22T06:26:36.740+0000] {logging_mixin.py:190} INFO - [2025-04-22T06:26:36.740+0000] {dagbag.py:588} INFO - Filling up the DagBag from /home/airflow/.local/lib/python3.9/site-packages/airflow/example_dags/example_skip_dag.py
[2025-04-22T06:26:36.748+0000] {processor.py:925} INFO - DAG(s) 'example_skip_dag' retrieved from /home/airflow/.local/lib/python3.9/site-packages/airflow/example_dags/example_skip_dag.py
[2025-04-22T06:26:36.767+0000] {logging_mixin.py:190} INFO - [2025-04-22T06:26:36.767+0000] {dag.py:3239} INFO - Sync 1 DAGs
[2025-04-22T06:26:36.791+0000] {logging_mixin.py:190} INFO - [2025-04-22T06:26:36.790+0000] {dag.py:4180} INFO - Setting next_dagrun for example_skip_dag to 2025-04-21 00:00:00+00:00, run_after=2025-04-22 00:00:00+00:00
[2025-04-22T06:26:36.808+0000] {processor.py:208} INFO - Processing /home/airflow/.local/lib/python3.9/site-packages/airflow/example_dags/example_skip_dag.py took 0.076 seconds
[2025-04-22T06:27:07.089+0000] {processor.py:186} INFO - Started process (PID=881) to work on /home/airflow/.local/lib/python3.9/site-packages/airflow/example_dags/example_skip_dag.py
[2025-04-22T06:27:07.090+0000] {processor.py:914} INFO - Processing file /home/airflow/.local/lib/python3.9/site-packages/airflow/example_dags/example_skip_dag.py for tasks to queue
[2025-04-22T06:27:07.092+0000] {logging_mixin.py:190} INFO - [2025-04-22T06:27:07.092+0000] {dagbag.py:588} INFO - Filling up the DagBag from /home/airflow/.local/lib/python3.9/site-packages/airflow/example_dags/example_skip_dag.py
[2025-04-22T06:27:07.100+0000] {processor.py:925} INFO - DAG(s) 'example_skip_dag' retrieved from /home/airflow/.local/lib/python3.9/site-packages/airflow/example_dags/example_skip_dag.py
[2025-04-22T06:27:07.118+0000] {logging_mixin.py:190} INFO - [2025-04-22T06:27:07.117+0000] {dag.py:3239} INFO - Sync 1 DAGs
[2025-04-22T06:27:07.138+0000] {logging_mixin.py:190} INFO - [2025-04-22T06:27:07.138+0000] {dag.py:4180} INFO - Setting next_dagrun for example_skip_dag to 2025-04-21 00:00:00+00:00, run_after=2025-04-22 00:00:00+00:00
[2025-04-22T06:27:07.155+0000] {processor.py:208} INFO - Processing /home/airflow/.local/lib/python3.9/site-packages/airflow/example_dags/example_skip_dag.py took 0.073 seconds
[2025-04-22T06:27:37.737+0000] {processor.py:186} INFO - Started process (PID=939) to work on /home/airflow/.local/lib/python3.9/site-packages/airflow/example_dags/example_skip_dag.py
[2025-04-22T06:27:37.738+0000] {processor.py:914} INFO - Processing file /home/airflow/.local/lib/python3.9/site-packages/airflow/example_dags/example_skip_dag.py for tasks to queue
[2025-04-22T06:27:37.741+0000] {logging_mixin.py:190} INFO - [2025-04-22T06:27:37.740+0000] {dagbag.py:588} INFO - Filling up the DagBag from /home/airflow/.local/lib/python3.9/site-packages/airflow/example_dags/example_skip_dag.py
[2025-04-22T06:27:37.750+0000] {processor.py:925} INFO - DAG(s) 'example_skip_dag' retrieved from /home/airflow/.local/lib/python3.9/site-packages/airflow/example_dags/example_skip_dag.py
[2025-04-22T06:27:37.772+0000] {logging_mixin.py:190} INFO - [2025-04-22T06:27:37.772+0000] {dag.py:3239} INFO - Sync 1 DAGs
[2025-04-22T06:27:37.796+0000] {logging_mixin.py:190} INFO - [2025-04-22T06:27:37.796+0000] {dag.py:4180} INFO - Setting next_dagrun for example_skip_dag to 2025-04-21 00:00:00+00:00, run_after=2025-04-22 00:00:00+00:00
[2025-04-22T06:27:37.815+0000] {processor.py:208} INFO - Processing /home/airflow/.local/lib/python3.9/site-packages/airflow/example_dags/example_skip_dag.py took 0.086 seconds
[2025-04-22T06:28:08.148+0000] {processor.py:186} INFO - Started process (PID=997) to work on /home/airflow/.local/lib/python3.9/site-packages/airflow/example_dags/example_skip_dag.py
[2025-04-22T06:28:08.149+0000] {processor.py:914} INFO - Processing file /home/airflow/.local/lib/python3.9/site-packages/airflow/example_dags/example_skip_dag.py for tasks to queue
[2025-04-22T06:28:08.151+0000] {logging_mixin.py:190} INFO - [2025-04-22T06:28:08.151+0000] {dagbag.py:588} INFO - Filling up the DagBag from /home/airflow/.local/lib/python3.9/site-packages/airflow/example_dags/example_skip_dag.py
[2025-04-22T06:28:08.161+0000] {processor.py:925} INFO - DAG(s) 'example_skip_dag' retrieved from /home/airflow/.local/lib/python3.9/site-packages/airflow/example_dags/example_skip_dag.py
[2025-04-22T06:28:08.180+0000] {logging_mixin.py:190} INFO - [2025-04-22T06:28:08.180+0000] {dag.py:3239} INFO - Sync 1 DAGs
[2025-04-22T06:28:08.202+0000] {logging_mixin.py:190} INFO - [2025-04-22T06:28:08.202+0000] {dag.py:4180} INFO - Setting next_dagrun for example_skip_dag to 2025-04-21 00:00:00+00:00, run_after=2025-04-22 00:00:00+00:00
[2025-04-22T06:28:08.219+0000] {processor.py:208} INFO - Processing /home/airflow/.local/lib/python3.9/site-packages/airflow/example_dags/example_skip_dag.py took 0.079 seconds
[2025-04-22T06:28:38.943+0000] {processor.py:186} INFO - Started process (PID=1055) to work on /home/airflow/.local/lib/python3.9/site-packages/airflow/example_dags/example_skip_dag.py
[2025-04-22T06:28:38.945+0000] {processor.py:914} INFO - Processing file /home/airflow/.local/lib/python3.9/site-packages/airflow/example_dags/example_skip_dag.py for tasks to queue
[2025-04-22T06:28:38.948+0000] {logging_mixin.py:190} INFO - [2025-04-22T06:28:38.948+0000] {dagbag.py:588} INFO - Filling up the DagBag from /home/airflow/.local/lib/python3.9/site-packages/airflow/example_dags/example_skip_dag.py
[2025-04-22T06:28:38.957+0000] {processor.py:925} INFO - DAG(s) 'example_skip_dag' retrieved from /home/airflow/.local/lib/python3.9/site-packages/airflow/example_dags/example_skip_dag.py
[2025-04-22T06:28:38.981+0000] {logging_mixin.py:190} INFO - [2025-04-22T06:28:38.981+0000] {dag.py:3239} INFO - Sync 1 DAGs
[2025-04-22T06:28:39.013+0000] {logging_mixin.py:190} INFO - [2025-04-22T06:28:39.013+0000] {dag.py:4180} INFO - Setting next_dagrun for example_skip_dag to 2025-04-21 00:00:00+00:00, run_after=2025-04-22 00:00:00+00:00
[2025-04-22T06:28:39.028+0000] {processor.py:208} INFO - Processing /home/airflow/.local/lib/python3.9/site-packages/airflow/example_dags/example_skip_dag.py took 0.094 seconds
[2025-04-22T06:29:09.348+0000] {processor.py:186} INFO - Started process (PID=1113) to work on /home/airflow/.local/lib/python3.9/site-packages/airflow/example_dags/example_skip_dag.py
[2025-04-22T06:29:09.349+0000] {processor.py:914} INFO - Processing file /home/airflow/.local/lib/python3.9/site-packages/airflow/example_dags/example_skip_dag.py for tasks to queue
[2025-04-22T06:29:09.351+0000] {logging_mixin.py:190} INFO - [2025-04-22T06:29:09.351+0000] {dagbag.py:588} INFO - Filling up the DagBag from /home/airflow/.local/lib/python3.9/site-packages/airflow/example_dags/example_skip_dag.py
[2025-04-22T06:29:09.359+0000] {processor.py:925} INFO - DAG(s) 'example_skip_dag' retrieved from /home/airflow/.local/lib/python3.9/site-packages/airflow/example_dags/example_skip_dag.py
[2025-04-22T06:29:09.377+0000] {logging_mixin.py:190} INFO - [2025-04-22T06:29:09.377+0000] {dag.py:3239} INFO - Sync 1 DAGs
[2025-04-22T06:29:09.400+0000] {logging_mixin.py:190} INFO - [2025-04-22T06:29:09.400+0000] {dag.py:4180} INFO - Setting next_dagrun for example_skip_dag to 2025-04-21 00:00:00+00:00, run_after=2025-04-22 00:00:00+00:00
[2025-04-22T06:29:09.416+0000] {processor.py:208} INFO - Processing /home/airflow/.local/lib/python3.9/site-packages/airflow/example_dags/example_skip_dag.py took 0.074 seconds
[2025-04-22T06:29:40.148+0000] {processor.py:186} INFO - Started process (PID=1171) to work on /home/airflow/.local/lib/python3.9/site-packages/airflow/example_dags/example_skip_dag.py
[2025-04-22T06:29:40.149+0000] {processor.py:914} INFO - Processing file /home/airflow/.local/lib/python3.9/site-packages/airflow/example_dags/example_skip_dag.py for tasks to queue
[2025-04-22T06:29:40.151+0000] {logging_mixin.py:190} INFO - [2025-04-22T06:29:40.151+0000] {dagbag.py:588} INFO - Filling up the DagBag from /home/airflow/.local/lib/python3.9/site-packages/airflow/example_dags/example_skip_dag.py
[2025-04-22T06:29:40.159+0000] {processor.py:925} INFO - DAG(s) 'example_skip_dag' retrieved from /home/airflow/.local/lib/python3.9/site-packages/airflow/example_dags/example_skip_dag.py
[2025-04-22T06:29:40.177+0000] {logging_mixin.py:190} INFO - [2025-04-22T06:29:40.177+0000] {dag.py:3239} INFO - Sync 1 DAGs
[2025-04-22T06:29:40.198+0000] {logging_mixin.py:190} INFO - [2025-04-22T06:29:40.198+0000] {dag.py:4180} INFO - Setting next_dagrun for example_skip_dag to 2025-04-21 00:00:00+00:00, run_after=2025-04-22 00:00:00+00:00
[2025-04-22T06:29:40.215+0000] {processor.py:208} INFO - Processing /home/airflow/.local/lib/python3.9/site-packages/airflow/example_dags/example_skip_dag.py took 0.073 seconds
[2025-04-22T06:30:11.076+0000] {processor.py:186} INFO - Started process (PID=1229) to work on /home/airflow/.local/lib/python3.9/site-packages/airflow/example_dags/example_skip_dag.py
[2025-04-22T06:30:11.077+0000] {processor.py:914} INFO - Processing file /home/airflow/.local/lib/python3.9/site-packages/airflow/example_dags/example_skip_dag.py for tasks to queue
[2025-04-22T06:30:11.080+0000] {logging_mixin.py:190} INFO - [2025-04-22T06:30:11.079+0000] {dagbag.py:588} INFO - Filling up the DagBag from /home/airflow/.local/lib/python3.9/site-packages/airflow/example_dags/example_skip_dag.py
[2025-04-22T06:30:11.093+0000] {processor.py:925} INFO - DAG(s) 'example_skip_dag' retrieved from /home/airflow/.local/lib/python3.9/site-packages/airflow/example_dags/example_skip_dag.py
[2025-04-22T06:30:11.119+0000] {logging_mixin.py:190} INFO - [2025-04-22T06:30:11.119+0000] {dag.py:3239} INFO - Sync 1 DAGs
[2025-04-22T06:30:11.149+0000] {logging_mixin.py:190} INFO - [2025-04-22T06:30:11.148+0000] {dag.py:4180} INFO - Setting next_dagrun for example_skip_dag to 2025-04-21 00:00:00+00:00, run_after=2025-04-22 00:00:00+00:00
[2025-04-22T06:30:11.174+0000] {processor.py:208} INFO - Processing /home/airflow/.local/lib/python3.9/site-packages/airflow/example_dags/example_skip_dag.py took 0.108 seconds
[2025-04-22T06:30:42.128+0000] {processor.py:186} INFO - Started process (PID=1287) to work on /home/airflow/.local/lib/python3.9/site-packages/airflow/example_dags/example_skip_dag.py
[2025-04-22T06:30:42.131+0000] {processor.py:914} INFO - Processing file /home/airflow/.local/lib/python3.9/site-packages/airflow/example_dags/example_skip_dag.py for tasks to queue
[2025-04-22T06:30:42.137+0000] {logging_mixin.py:190} INFO - [2025-04-22T06:30:42.136+0000] {dagbag.py:588} INFO - Filling up the DagBag from /home/airflow/.local/lib/python3.9/site-packages/airflow/example_dags/example_skip_dag.py
[2025-04-22T06:30:42.181+0000] {processor.py:925} INFO - DAG(s) 'example_skip_dag' retrieved from /home/airflow/.local/lib/python3.9/site-packages/airflow/example_dags/example_skip_dag.py
[2025-04-22T06:30:42.227+0000] {logging_mixin.py:190} INFO - [2025-04-22T06:30:42.227+0000] {dag.py:3239} INFO - Sync 1 DAGs
[2025-04-22T06:30:42.323+0000] {logging_mixin.py:190} INFO - [2025-04-22T06:30:42.311+0000] {dag.py:4180} INFO - Setting next_dagrun for example_skip_dag to 2025-04-21 00:00:00+00:00, run_after=2025-04-22 00:00:00+00:00
[2025-04-22T06:30:42.386+0000] {processor.py:208} INFO - Processing /home/airflow/.local/lib/python3.9/site-packages/airflow/example_dags/example_skip_dag.py took 0.287 seconds
[2025-04-22T06:31:13.374+0000] {processor.py:186} INFO - Started process (PID=1345) to work on /home/airflow/.local/lib/python3.9/site-packages/airflow/example_dags/example_skip_dag.py
[2025-04-22T06:31:13.375+0000] {processor.py:914} INFO - Processing file /home/airflow/.local/lib/python3.9/site-packages/airflow/example_dags/example_skip_dag.py for tasks to queue
[2025-04-22T06:31:13.378+0000] {logging_mixin.py:190} INFO - [2025-04-22T06:31:13.377+0000] {dagbag.py:588} INFO - Filling up the DagBag from /home/airflow/.local/lib/python3.9/site-packages/airflow/example_dags/example_skip_dag.py
[2025-04-22T06:31:13.386+0000] {processor.py:925} INFO - DAG(s) 'example_skip_dag' retrieved from /home/airflow/.local/lib/python3.9/site-packages/airflow/example_dags/example_skip_dag.py
[2025-04-22T06:31:13.408+0000] {logging_mixin.py:190} INFO - [2025-04-22T06:31:13.408+0000] {dag.py:3239} INFO - Sync 1 DAGs
[2025-04-22T06:31:13.430+0000] {logging_mixin.py:190} INFO - [2025-04-22T06:31:13.429+0000] {dag.py:4180} INFO - Setting next_dagrun for example_skip_dag to 2025-04-21 00:00:00+00:00, run_after=2025-04-22 00:00:00+00:00
[2025-04-22T06:31:13.451+0000] {processor.py:208} INFO - Processing /home/airflow/.local/lib/python3.9/site-packages/airflow/example_dags/example_skip_dag.py took 0.084 seconds
[2025-04-22T06:31:43.621+0000] {processor.py:186} INFO - Started process (PID=1403) to work on /home/airflow/.local/lib/python3.9/site-packages/airflow/example_dags/example_skip_dag.py
[2025-04-22T06:31:43.622+0000] {processor.py:914} INFO - Processing file /home/airflow/.local/lib/python3.9/site-packages/airflow/example_dags/example_skip_dag.py for tasks to queue
[2025-04-22T06:31:43.624+0000] {logging_mixin.py:190} INFO - [2025-04-22T06:31:43.624+0000] {dagbag.py:588} INFO - Filling up the DagBag from /home/airflow/.local/lib/python3.9/site-packages/airflow/example_dags/example_skip_dag.py
[2025-04-22T06:31:43.632+0000] {processor.py:925} INFO - DAG(s) 'example_skip_dag' retrieved from /home/airflow/.local/lib/python3.9/site-packages/airflow/example_dags/example_skip_dag.py
[2025-04-22T06:31:43.650+0000] {logging_mixin.py:190} INFO - [2025-04-22T06:31:43.650+0000] {dag.py:3239} INFO - Sync 1 DAGs
[2025-04-22T06:31:43.673+0000] {logging_mixin.py:190} INFO - [2025-04-22T06:31:43.673+0000] {dag.py:4180} INFO - Setting next_dagrun for example_skip_dag to 2025-04-21 00:00:00+00:00, run_after=2025-04-22 00:00:00+00:00
[2025-04-22T06:31:43.691+0000] {processor.py:208} INFO - Processing /home/airflow/.local/lib/python3.9/site-packages/airflow/example_dags/example_skip_dag.py took 0.077 seconds
[2025-04-22T06:32:14.364+0000] {processor.py:186} INFO - Started process (PID=1461) to work on /home/airflow/.local/lib/python3.9/site-packages/airflow/example_dags/example_skip_dag.py
[2025-04-22T06:32:14.365+0000] {processor.py:914} INFO - Processing file /home/airflow/.local/lib/python3.9/site-packages/airflow/example_dags/example_skip_dag.py for tasks to queue
[2025-04-22T06:32:14.367+0000] {logging_mixin.py:190} INFO - [2025-04-22T06:32:14.366+0000] {dagbag.py:588} INFO - Filling up the DagBag from /home/airflow/.local/lib/python3.9/site-packages/airflow/example_dags/example_skip_dag.py
[2025-04-22T06:32:14.374+0000] {processor.py:925} INFO - DAG(s) 'example_skip_dag' retrieved from /home/airflow/.local/lib/python3.9/site-packages/airflow/example_dags/example_skip_dag.py
[2025-04-22T06:32:14.393+0000] {logging_mixin.py:190} INFO - [2025-04-22T06:32:14.393+0000] {dag.py:3239} INFO - Sync 1 DAGs
[2025-04-22T06:32:14.415+0000] {logging_mixin.py:190} INFO - [2025-04-22T06:32:14.414+0000] {dag.py:4180} INFO - Setting next_dagrun for example_skip_dag to 2025-04-21 00:00:00+00:00, run_after=2025-04-22 00:00:00+00:00
[2025-04-22T06:32:14.433+0000] {processor.py:208} INFO - Processing /home/airflow/.local/lib/python3.9/site-packages/airflow/example_dags/example_skip_dag.py took 0.075 seconds
