[2025-04-22T06:19:59.720+0000] {processor.py:186} INFO - Started process (PID=74) to work on /home/airflow/.local/lib/python3.9/site-packages/airflow/example_dags/example_datasets.py
[2025-04-22T06:19:59.721+0000] {processor.py:914} INFO - Processing file /home/airflow/.local/lib/python3.9/site-packages/airflow/example_dags/example_datasets.py for tasks to queue
[2025-04-22T06:19:59.725+0000] {logging_mixin.py:190} INFO - [2025-04-22T06:19:59.724+0000] {dagbag.py:588} INFO - Filling up the DagBag from /home/airflow/.local/lib/python3.9/site-packages/airflow/example_dags/example_datasets.py
[2025-04-22T06:20:00.220+0000] {processor.py:925} INFO - DAG(s) 'consume_1_and_2_with_dataset_expressions', 'dataset_consumes_unknown_never_scheduled', 'consume_1_or_2_with_dataset_expressions', 'dataset_consumes_1_and_2', 'dataset_produces_2', 'dataset_consumes_1', 'dataset_consumes_1_never_scheduled', 'consume_1_or_both_2_and_3_with_dataset_expressions', 'dataset_produces_1', 'conditional_dataset_and_time_based_timetable' retrieved from /home/airflow/.local/lib/python3.9/site-packages/airflow/example_dags/example_datasets.py
[2025-04-22T06:20:00.289+0000] {logging_mixin.py:190} INFO - [2025-04-22T06:20:00.288+0000] {dag.py:3239} INFO - Sync 10 DAGs
[2025-04-22T06:20:00.327+0000] {logging_mixin.py:190} INFO - [2025-04-22T06:20:00.326+0000] {dag.py:4180} INFO - Setting next_dagrun for conditional_dataset_and_time_based_timetable to 2025-04-16 01:00:00+00:00, run_after=2025-04-16 01:00:00+00:00
[2025-04-22T06:20:00.333+0000] {logging_mixin.py:190} INFO - [2025-04-22T06:20:00.333+0000] {dag.py:4180} INFO - Setting next_dagrun for consume_1_and_2_with_dataset_expressions to None, run_after=None
[2025-04-22T06:20:00.340+0000] {logging_mixin.py:190} INFO - [2025-04-22T06:20:00.338+0000] {dag.py:4180} INFO - Setting next_dagrun for consume_1_or_2_with_dataset_expressions to None, run_after=None
[2025-04-22T06:20:00.343+0000] {logging_mixin.py:190} INFO - [2025-04-22T06:20:00.343+0000] {dag.py:4180} INFO - Setting next_dagrun for consume_1_or_both_2_and_3_with_dataset_expressions to None, run_after=None
[2025-04-22T06:20:00.345+0000] {logging_mixin.py:190} INFO - [2025-04-22T06:20:00.345+0000] {dag.py:4180} INFO - Setting next_dagrun for dataset_consumes_1 to None, run_after=None
[2025-04-22T06:20:00.350+0000] {logging_mixin.py:190} INFO - [2025-04-22T06:20:00.349+0000] {dag.py:4180} INFO - Setting next_dagrun for dataset_consumes_1_and_2 to None, run_after=None
[2025-04-22T06:20:00.353+0000] {logging_mixin.py:190} INFO - [2025-04-22T06:20:00.353+0000] {dag.py:4180} INFO - Setting next_dagrun for dataset_consumes_1_never_scheduled to None, run_after=None
[2025-04-22T06:20:00.356+0000] {logging_mixin.py:190} INFO - [2025-04-22T06:20:00.355+0000] {dag.py:4180} INFO - Setting next_dagrun for dataset_consumes_unknown_never_scheduled to None, run_after=None
[2025-04-22T06:20:00.362+0000] {logging_mixin.py:190} INFO - [2025-04-22T06:20:00.362+0000] {dag.py:4180} INFO - Setting next_dagrun for dataset_produces_1 to 2025-04-21 00:00:00+00:00, run_after=2025-04-22 00:00:00+00:00
[2025-04-22T06:20:00.366+0000] {logging_mixin.py:190} INFO - [2025-04-22T06:20:00.366+0000] {dag.py:4180} INFO - Setting next_dagrun for dataset_produces_2 to None, run_after=None
[2025-04-22T06:20:00.452+0000] {processor.py:208} INFO - Processing /home/airflow/.local/lib/python3.9/site-packages/airflow/example_dags/example_datasets.py took 0.742 seconds
[2025-04-22T06:20:32.436+0000] {processor.py:186} INFO - Started process (PID=134) to work on /home/airflow/.local/lib/python3.9/site-packages/airflow/example_dags/example_datasets.py
[2025-04-22T06:20:32.437+0000] {processor.py:914} INFO - Processing file /home/airflow/.local/lib/python3.9/site-packages/airflow/example_dags/example_datasets.py for tasks to queue
[2025-04-22T06:20:32.441+0000] {logging_mixin.py:190} INFO - [2025-04-22T06:20:32.440+0000] {dagbag.py:588} INFO - Filling up the DagBag from /home/airflow/.local/lib/python3.9/site-packages/airflow/example_dags/example_datasets.py
[2025-04-22T06:20:32.893+0000] {processor.py:925} INFO - DAG(s) 'consume_1_and_2_with_dataset_expressions', 'dataset_consumes_1_never_scheduled', 'dataset_produces_1', 'consume_1_or_2_with_dataset_expressions', 'dataset_produces_2', 'consume_1_or_both_2_and_3_with_dataset_expressions', 'dataset_consumes_unknown_never_scheduled', 'dataset_consumes_1_and_2', 'conditional_dataset_and_time_based_timetable', 'dataset_consumes_1' retrieved from /home/airflow/.local/lib/python3.9/site-packages/airflow/example_dags/example_datasets.py
[2025-04-22T06:20:32.974+0000] {logging_mixin.py:190} INFO - [2025-04-22T06:20:32.973+0000] {dag.py:3239} INFO - Sync 10 DAGs
[2025-04-22T06:20:33.027+0000] {logging_mixin.py:190} INFO - [2025-04-22T06:20:33.027+0000] {dag.py:4180} INFO - Setting next_dagrun for conditional_dataset_and_time_based_timetable to 2025-04-16 01:00:00+00:00, run_after=2025-04-16 01:00:00+00:00
[2025-04-22T06:20:33.034+0000] {logging_mixin.py:190} INFO - [2025-04-22T06:20:33.034+0000] {dag.py:4180} INFO - Setting next_dagrun for consume_1_and_2_with_dataset_expressions to None, run_after=None
[2025-04-22T06:20:33.037+0000] {logging_mixin.py:190} INFO - [2025-04-22T06:20:33.037+0000] {dag.py:4180} INFO - Setting next_dagrun for consume_1_or_2_with_dataset_expressions to None, run_after=None
[2025-04-22T06:20:33.039+0000] {logging_mixin.py:190} INFO - [2025-04-22T06:20:33.039+0000] {dag.py:4180} INFO - Setting next_dagrun for consume_1_or_both_2_and_3_with_dataset_expressions to None, run_after=None
[2025-04-22T06:20:33.041+0000] {logging_mixin.py:190} INFO - [2025-04-22T06:20:33.041+0000] {dag.py:4180} INFO - Setting next_dagrun for dataset_consumes_1 to None, run_after=None
[2025-04-22T06:20:33.045+0000] {logging_mixin.py:190} INFO - [2025-04-22T06:20:33.044+0000] {dag.py:4180} INFO - Setting next_dagrun for dataset_consumes_1_and_2 to None, run_after=None
[2025-04-22T06:20:33.047+0000] {logging_mixin.py:190} INFO - [2025-04-22T06:20:33.047+0000] {dag.py:4180} INFO - Setting next_dagrun for dataset_consumes_1_never_scheduled to None, run_after=None
[2025-04-22T06:20:33.049+0000] {logging_mixin.py:190} INFO - [2025-04-22T06:20:33.049+0000] {dag.py:4180} INFO - Setting next_dagrun for dataset_consumes_unknown_never_scheduled to None, run_after=None
[2025-04-22T06:20:33.055+0000] {logging_mixin.py:190} INFO - [2025-04-22T06:20:33.055+0000] {dag.py:4180} INFO - Setting next_dagrun for dataset_produces_1 to 2025-04-21 00:00:00+00:00, run_after=2025-04-22 00:00:00+00:00
[2025-04-22T06:20:33.058+0000] {logging_mixin.py:190} INFO - [2025-04-22T06:20:33.058+0000] {dag.py:4180} INFO - Setting next_dagrun for dataset_produces_2 to None, run_after=None
[2025-04-22T06:20:33.141+0000] {processor.py:208} INFO - Processing /home/airflow/.local/lib/python3.9/site-packages/airflow/example_dags/example_datasets.py took 0.714 seconds
[2025-04-22T06:21:03.857+0000] {processor.py:186} INFO - Started process (PID=193) to work on /home/airflow/.local/lib/python3.9/site-packages/airflow/example_dags/example_datasets.py
[2025-04-22T06:21:03.859+0000] {processor.py:914} INFO - Processing file /home/airflow/.local/lib/python3.9/site-packages/airflow/example_dags/example_datasets.py for tasks to queue
[2025-04-22T06:21:03.862+0000] {logging_mixin.py:190} INFO - [2025-04-22T06:21:03.862+0000] {dagbag.py:588} INFO - Filling up the DagBag from /home/airflow/.local/lib/python3.9/site-packages/airflow/example_dags/example_datasets.py
[2025-04-22T06:21:04.266+0000] {processor.py:925} INFO - DAG(s) 'conditional_dataset_and_time_based_timetable', 'consume_1_or_both_2_and_3_with_dataset_expressions', 'consume_1_and_2_with_dataset_expressions', 'dataset_consumes_1_never_scheduled', 'dataset_produces_2', 'dataset_consumes_unknown_never_scheduled', 'consume_1_or_2_with_dataset_expressions', 'dataset_consumes_1', 'dataset_produces_1', 'dataset_consumes_1_and_2' retrieved from /home/airflow/.local/lib/python3.9/site-packages/airflow/example_dags/example_datasets.py
[2025-04-22T06:21:04.319+0000] {logging_mixin.py:190} INFO - [2025-04-22T06:21:04.319+0000] {dag.py:3239} INFO - Sync 10 DAGs
[2025-04-22T06:21:04.351+0000] {logging_mixin.py:190} INFO - [2025-04-22T06:21:04.350+0000] {dag.py:4180} INFO - Setting next_dagrun for conditional_dataset_and_time_based_timetable to 2025-04-16 01:00:00+00:00, run_after=2025-04-16 01:00:00+00:00
[2025-04-22T06:21:04.355+0000] {logging_mixin.py:190} INFO - [2025-04-22T06:21:04.355+0000] {dag.py:4180} INFO - Setting next_dagrun for consume_1_and_2_with_dataset_expressions to None, run_after=None
[2025-04-22T06:21:04.357+0000] {logging_mixin.py:190} INFO - [2025-04-22T06:21:04.356+0000] {dag.py:4180} INFO - Setting next_dagrun for consume_1_or_2_with_dataset_expressions to None, run_after=None
[2025-04-22T06:21:04.358+0000] {logging_mixin.py:190} INFO - [2025-04-22T06:21:04.358+0000] {dag.py:4180} INFO - Setting next_dagrun for consume_1_or_both_2_and_3_with_dataset_expressions to None, run_after=None
[2025-04-22T06:21:04.359+0000] {logging_mixin.py:190} INFO - [2025-04-22T06:21:04.359+0000] {dag.py:4180} INFO - Setting next_dagrun for dataset_consumes_1 to None, run_after=None
[2025-04-22T06:21:04.361+0000] {logging_mixin.py:190} INFO - [2025-04-22T06:21:04.360+0000] {dag.py:4180} INFO - Setting next_dagrun for dataset_consumes_1_and_2 to None, run_after=None
[2025-04-22T06:21:04.363+0000] {logging_mixin.py:190} INFO - [2025-04-22T06:21:04.362+0000] {dag.py:4180} INFO - Setting next_dagrun for dataset_consumes_1_never_scheduled to None, run_after=None
[2025-04-22T06:21:04.364+0000] {logging_mixin.py:190} INFO - [2025-04-22T06:21:04.364+0000] {dag.py:4180} INFO - Setting next_dagrun for dataset_consumes_unknown_never_scheduled to None, run_after=None
[2025-04-22T06:21:04.367+0000] {logging_mixin.py:190} INFO - [2025-04-22T06:21:04.367+0000] {dag.py:4180} INFO - Setting next_dagrun for dataset_produces_1 to 2025-04-21 00:00:00+00:00, run_after=2025-04-22 00:00:00+00:00
[2025-04-22T06:21:04.369+0000] {logging_mixin.py:190} INFO - [2025-04-22T06:21:04.368+0000] {dag.py:4180} INFO - Setting next_dagrun for dataset_produces_2 to None, run_after=None
[2025-04-22T06:21:04.412+0000] {processor.py:208} INFO - Processing /home/airflow/.local/lib/python3.9/site-packages/airflow/example_dags/example_datasets.py took 0.564 seconds
[2025-04-22T06:21:35.135+0000] {processor.py:186} INFO - Started process (PID=251) to work on /home/airflow/.local/lib/python3.9/site-packages/airflow/example_dags/example_datasets.py
[2025-04-22T06:21:35.137+0000] {processor.py:914} INFO - Processing file /home/airflow/.local/lib/python3.9/site-packages/airflow/example_dags/example_datasets.py for tasks to queue
[2025-04-22T06:21:35.139+0000] {logging_mixin.py:190} INFO - [2025-04-22T06:21:35.138+0000] {dagbag.py:588} INFO - Filling up the DagBag from /home/airflow/.local/lib/python3.9/site-packages/airflow/example_dags/example_datasets.py
[2025-04-22T06:21:35.594+0000] {processor.py:925} INFO - DAG(s) 'consume_1_and_2_with_dataset_expressions', 'dataset_consumes_1', 'conditional_dataset_and_time_based_timetable', 'dataset_produces_2', 'dataset_consumes_1_and_2', 'consume_1_or_2_with_dataset_expressions', 'consume_1_or_both_2_and_3_with_dataset_expressions', 'dataset_produces_1', 'dataset_consumes_1_never_scheduled', 'dataset_consumes_unknown_never_scheduled' retrieved from /home/airflow/.local/lib/python3.9/site-packages/airflow/example_dags/example_datasets.py
[2025-04-22T06:21:35.660+0000] {logging_mixin.py:190} INFO - [2025-04-22T06:21:35.659+0000] {dag.py:3239} INFO - Sync 10 DAGs
[2025-04-22T06:21:35.704+0000] {logging_mixin.py:190} INFO - [2025-04-22T06:21:35.703+0000] {dag.py:4180} INFO - Setting next_dagrun for conditional_dataset_and_time_based_timetable to 2025-04-16 01:00:00+00:00, run_after=2025-04-16 01:00:00+00:00
[2025-04-22T06:21:35.710+0000] {logging_mixin.py:190} INFO - [2025-04-22T06:21:35.709+0000] {dag.py:4180} INFO - Setting next_dagrun for consume_1_and_2_with_dataset_expressions to None, run_after=None
[2025-04-22T06:21:35.712+0000] {logging_mixin.py:190} INFO - [2025-04-22T06:21:35.712+0000] {dag.py:4180} INFO - Setting next_dagrun for consume_1_or_2_with_dataset_expressions to None, run_after=None
[2025-04-22T06:21:35.715+0000] {logging_mixin.py:190} INFO - [2025-04-22T06:21:35.714+0000] {dag.py:4180} INFO - Setting next_dagrun for consume_1_or_both_2_and_3_with_dataset_expressions to None, run_after=None
[2025-04-22T06:21:35.717+0000] {logging_mixin.py:190} INFO - [2025-04-22T06:21:35.717+0000] {dag.py:4180} INFO - Setting next_dagrun for dataset_consumes_1 to None, run_after=None
[2025-04-22T06:21:35.719+0000] {logging_mixin.py:190} INFO - [2025-04-22T06:21:35.719+0000] {dag.py:4180} INFO - Setting next_dagrun for dataset_consumes_1_and_2 to None, run_after=None
[2025-04-22T06:21:35.722+0000] {logging_mixin.py:190} INFO - [2025-04-22T06:21:35.722+0000] {dag.py:4180} INFO - Setting next_dagrun for dataset_consumes_1_never_scheduled to None, run_after=None
[2025-04-22T06:21:35.724+0000] {logging_mixin.py:190} INFO - [2025-04-22T06:21:35.724+0000] {dag.py:4180} INFO - Setting next_dagrun for dataset_consumes_unknown_never_scheduled to None, run_after=None
[2025-04-22T06:21:35.729+0000] {logging_mixin.py:190} INFO - [2025-04-22T06:21:35.728+0000] {dag.py:4180} INFO - Setting next_dagrun for dataset_produces_1 to 2025-04-21 00:00:00+00:00, run_after=2025-04-22 00:00:00+00:00
[2025-04-22T06:21:35.732+0000] {logging_mixin.py:190} INFO - [2025-04-22T06:21:35.732+0000] {dag.py:4180} INFO - Setting next_dagrun for dataset_produces_2 to None, run_after=None
[2025-04-22T06:21:35.784+0000] {processor.py:208} INFO - Processing /home/airflow/.local/lib/python3.9/site-packages/airflow/example_dags/example_datasets.py took 0.655 seconds
[2025-04-22T06:22:06.317+0000] {processor.py:186} INFO - Started process (PID=310) to work on /home/airflow/.local/lib/python3.9/site-packages/airflow/example_dags/example_datasets.py
[2025-04-22T06:22:06.319+0000] {processor.py:914} INFO - Processing file /home/airflow/.local/lib/python3.9/site-packages/airflow/example_dags/example_datasets.py for tasks to queue
[2025-04-22T06:22:06.321+0000] {logging_mixin.py:190} INFO - [2025-04-22T06:22:06.321+0000] {dagbag.py:588} INFO - Filling up the DagBag from /home/airflow/.local/lib/python3.9/site-packages/airflow/example_dags/example_datasets.py
[2025-04-22T06:22:06.696+0000] {processor.py:925} INFO - DAG(s) 'dataset_produces_1', 'consume_1_and_2_with_dataset_expressions', 'conditional_dataset_and_time_based_timetable', 'dataset_produces_2', 'dataset_consumes_1_and_2', 'dataset_consumes_1', 'dataset_consumes_unknown_never_scheduled', 'consume_1_or_2_with_dataset_expressions', 'dataset_consumes_1_never_scheduled', 'consume_1_or_both_2_and_3_with_dataset_expressions' retrieved from /home/airflow/.local/lib/python3.9/site-packages/airflow/example_dags/example_datasets.py
[2025-04-22T06:22:06.754+0000] {logging_mixin.py:190} INFO - [2025-04-22T06:22:06.754+0000] {dag.py:3239} INFO - Sync 10 DAGs
[2025-04-22T06:22:06.784+0000] {logging_mixin.py:190} INFO - [2025-04-22T06:22:06.783+0000] {dag.py:4180} INFO - Setting next_dagrun for conditional_dataset_and_time_based_timetable to 2025-04-16 01:00:00+00:00, run_after=2025-04-16 01:00:00+00:00
[2025-04-22T06:22:06.788+0000] {logging_mixin.py:190} INFO - [2025-04-22T06:22:06.788+0000] {dag.py:4180} INFO - Setting next_dagrun for consume_1_and_2_with_dataset_expressions to None, run_after=None
[2025-04-22T06:22:06.790+0000] {logging_mixin.py:190} INFO - [2025-04-22T06:22:06.789+0000] {dag.py:4180} INFO - Setting next_dagrun for consume_1_or_2_with_dataset_expressions to None, run_after=None
[2025-04-22T06:22:06.795+0000] {logging_mixin.py:190} INFO - [2025-04-22T06:22:06.795+0000] {dag.py:4180} INFO - Setting next_dagrun for consume_1_or_both_2_and_3_with_dataset_expressions to None, run_after=None
[2025-04-22T06:22:06.797+0000] {logging_mixin.py:190} INFO - [2025-04-22T06:22:06.797+0000] {dag.py:4180} INFO - Setting next_dagrun for dataset_consumes_1 to None, run_after=None
[2025-04-22T06:22:06.799+0000] {logging_mixin.py:190} INFO - [2025-04-22T06:22:06.799+0000] {dag.py:4180} INFO - Setting next_dagrun for dataset_consumes_1_and_2 to None, run_after=None
[2025-04-22T06:22:06.802+0000] {logging_mixin.py:190} INFO - [2025-04-22T06:22:06.801+0000] {dag.py:4180} INFO - Setting next_dagrun for dataset_consumes_1_never_scheduled to None, run_after=None
[2025-04-22T06:22:06.803+0000] {logging_mixin.py:190} INFO - [2025-04-22T06:22:06.803+0000] {dag.py:4180} INFO - Setting next_dagrun for dataset_consumes_unknown_never_scheduled to None, run_after=None
[2025-04-22T06:22:06.806+0000] {logging_mixin.py:190} INFO - [2025-04-22T06:22:06.806+0000] {dag.py:4180} INFO - Setting next_dagrun for dataset_produces_1 to 2025-04-21 00:00:00+00:00, run_after=2025-04-22 00:00:00+00:00
[2025-04-22T06:22:06.808+0000] {logging_mixin.py:190} INFO - [2025-04-22T06:22:06.807+0000] {dag.py:4180} INFO - Setting next_dagrun for dataset_produces_2 to None, run_after=None
[2025-04-22T06:22:06.854+0000] {processor.py:208} INFO - Processing /home/airflow/.local/lib/python3.9/site-packages/airflow/example_dags/example_datasets.py took 0.544 seconds
[2025-04-22T06:22:36.925+0000] {processor.py:186} INFO - Started process (PID=370) to work on /home/airflow/.local/lib/python3.9/site-packages/airflow/example_dags/example_datasets.py
[2025-04-22T06:22:36.926+0000] {processor.py:914} INFO - Processing file /home/airflow/.local/lib/python3.9/site-packages/airflow/example_dags/example_datasets.py for tasks to queue
[2025-04-22T06:22:36.929+0000] {logging_mixin.py:190} INFO - [2025-04-22T06:22:36.929+0000] {dagbag.py:588} INFO - Filling up the DagBag from /home/airflow/.local/lib/python3.9/site-packages/airflow/example_dags/example_datasets.py
[2025-04-22T06:22:37.587+0000] {processor.py:925} INFO - DAG(s) 'dataset_produces_1', 'dataset_consumes_1_and_2', 'consume_1_or_both_2_and_3_with_dataset_expressions', 'dataset_consumes_1', 'dataset_produces_2', 'consume_1_and_2_with_dataset_expressions', 'conditional_dataset_and_time_based_timetable', 'dataset_consumes_1_never_scheduled', 'consume_1_or_2_with_dataset_expressions', 'dataset_consumes_unknown_never_scheduled' retrieved from /home/airflow/.local/lib/python3.9/site-packages/airflow/example_dags/example_datasets.py
[2025-04-22T06:22:37.684+0000] {logging_mixin.py:190} INFO - [2025-04-22T06:22:37.683+0000] {dag.py:3239} INFO - Sync 10 DAGs
[2025-04-22T06:22:37.718+0000] {logging_mixin.py:190} INFO - [2025-04-22T06:22:37.718+0000] {dag.py:4180} INFO - Setting next_dagrun for conditional_dataset_and_time_based_timetable to 2025-04-16 01:00:00+00:00, run_after=2025-04-16 01:00:00+00:00
[2025-04-22T06:22:37.723+0000] {logging_mixin.py:190} INFO - [2025-04-22T06:22:37.723+0000] {dag.py:4180} INFO - Setting next_dagrun for consume_1_and_2_with_dataset_expressions to None, run_after=None
[2025-04-22T06:22:37.726+0000] {logging_mixin.py:190} INFO - [2025-04-22T06:22:37.725+0000] {dag.py:4180} INFO - Setting next_dagrun for consume_1_or_2_with_dataset_expressions to None, run_after=None
[2025-04-22T06:22:37.727+0000] {logging_mixin.py:190} INFO - [2025-04-22T06:22:37.727+0000] {dag.py:4180} INFO - Setting next_dagrun for consume_1_or_both_2_and_3_with_dataset_expressions to None, run_after=None
[2025-04-22T06:22:37.729+0000] {logging_mixin.py:190} INFO - [2025-04-22T06:22:37.729+0000] {dag.py:4180} INFO - Setting next_dagrun for dataset_consumes_1 to None, run_after=None
[2025-04-22T06:22:37.731+0000] {logging_mixin.py:190} INFO - [2025-04-22T06:22:37.730+0000] {dag.py:4180} INFO - Setting next_dagrun for dataset_consumes_1_and_2 to None, run_after=None
[2025-04-22T06:22:37.733+0000] {logging_mixin.py:190} INFO - [2025-04-22T06:22:37.733+0000] {dag.py:4180} INFO - Setting next_dagrun for dataset_consumes_1_never_scheduled to None, run_after=None
[2025-04-22T06:22:37.736+0000] {logging_mixin.py:190} INFO - [2025-04-22T06:22:37.735+0000] {dag.py:4180} INFO - Setting next_dagrun for dataset_consumes_unknown_never_scheduled to None, run_after=None
[2025-04-22T06:22:37.739+0000] {logging_mixin.py:190} INFO - [2025-04-22T06:22:37.739+0000] {dag.py:4180} INFO - Setting next_dagrun for dataset_produces_1 to 2025-04-21 00:00:00+00:00, run_after=2025-04-22 00:00:00+00:00
[2025-04-22T06:22:37.741+0000] {logging_mixin.py:190} INFO - [2025-04-22T06:22:37.740+0000] {dag.py:4180} INFO - Setting next_dagrun for dataset_produces_2 to None, run_after=None
[2025-04-22T06:22:37.791+0000] {processor.py:208} INFO - Processing /home/airflow/.local/lib/python3.9/site-packages/airflow/example_dags/example_datasets.py took 0.881 seconds
[2025-04-22T06:23:07.984+0000] {processor.py:186} INFO - Started process (PID=429) to work on /home/airflow/.local/lib/python3.9/site-packages/airflow/example_dags/example_datasets.py
[2025-04-22T06:23:07.985+0000] {processor.py:914} INFO - Processing file /home/airflow/.local/lib/python3.9/site-packages/airflow/example_dags/example_datasets.py for tasks to queue
[2025-04-22T06:23:07.988+0000] {logging_mixin.py:190} INFO - [2025-04-22T06:23:07.987+0000] {dagbag.py:588} INFO - Filling up the DagBag from /home/airflow/.local/lib/python3.9/site-packages/airflow/example_dags/example_datasets.py
[2025-04-22T06:23:08.335+0000] {processor.py:925} INFO - DAG(s) 'dataset_produces_2', 'dataset_consumes_1_never_scheduled', 'dataset_produces_1', 'consume_1_and_2_with_dataset_expressions', 'consume_1_or_both_2_and_3_with_dataset_expressions', 'dataset_consumes_1_and_2', 'dataset_consumes_unknown_never_scheduled', 'dataset_consumes_1', 'consume_1_or_2_with_dataset_expressions', 'conditional_dataset_and_time_based_timetable' retrieved from /home/airflow/.local/lib/python3.9/site-packages/airflow/example_dags/example_datasets.py
[2025-04-22T06:23:08.390+0000] {logging_mixin.py:190} INFO - [2025-04-22T06:23:08.390+0000] {dag.py:3239} INFO - Sync 10 DAGs
[2025-04-22T06:23:08.417+0000] {logging_mixin.py:190} INFO - [2025-04-22T06:23:08.416+0000] {dag.py:4180} INFO - Setting next_dagrun for conditional_dataset_and_time_based_timetable to 2025-04-16 01:00:00+00:00, run_after=2025-04-16 01:00:00+00:00
[2025-04-22T06:23:08.421+0000] {logging_mixin.py:190} INFO - [2025-04-22T06:23:08.420+0000] {dag.py:4180} INFO - Setting next_dagrun for consume_1_and_2_with_dataset_expressions to None, run_after=None
[2025-04-22T06:23:08.422+0000] {logging_mixin.py:190} INFO - [2025-04-22T06:23:08.422+0000] {dag.py:4180} INFO - Setting next_dagrun for consume_1_or_2_with_dataset_expressions to None, run_after=None
[2025-04-22T06:23:08.423+0000] {logging_mixin.py:190} INFO - [2025-04-22T06:23:08.423+0000] {dag.py:4180} INFO - Setting next_dagrun for consume_1_or_both_2_and_3_with_dataset_expressions to None, run_after=None
[2025-04-22T06:23:08.425+0000] {logging_mixin.py:190} INFO - [2025-04-22T06:23:08.425+0000] {dag.py:4180} INFO - Setting next_dagrun for dataset_consumes_1 to None, run_after=None
[2025-04-22T06:23:08.427+0000] {logging_mixin.py:190} INFO - [2025-04-22T06:23:08.426+0000] {dag.py:4180} INFO - Setting next_dagrun for dataset_consumes_1_and_2 to None, run_after=None
[2025-04-22T06:23:08.429+0000] {logging_mixin.py:190} INFO - [2025-04-22T06:23:08.428+0000] {dag.py:4180} INFO - Setting next_dagrun for dataset_consumes_1_never_scheduled to None, run_after=None
[2025-04-22T06:23:08.430+0000] {logging_mixin.py:190} INFO - [2025-04-22T06:23:08.430+0000] {dag.py:4180} INFO - Setting next_dagrun for dataset_consumes_unknown_never_scheduled to None, run_after=None
[2025-04-22T06:23:08.435+0000] {logging_mixin.py:190} INFO - [2025-04-22T06:23:08.435+0000] {dag.py:4180} INFO - Setting next_dagrun for dataset_produces_1 to 2025-04-21 00:00:00+00:00, run_after=2025-04-22 00:00:00+00:00
[2025-04-22T06:23:08.437+0000] {logging_mixin.py:190} INFO - [2025-04-22T06:23:08.436+0000] {dag.py:4180} INFO - Setting next_dagrun for dataset_produces_2 to None, run_after=None
[2025-04-22T06:23:08.473+0000] {processor.py:208} INFO - Processing /home/airflow/.local/lib/python3.9/site-packages/airflow/example_dags/example_datasets.py took 0.496 seconds
[2025-04-22T06:23:39.097+0000] {processor.py:186} INFO - Started process (PID=486) to work on /home/airflow/.local/lib/python3.9/site-packages/airflow/example_dags/example_datasets.py
[2025-04-22T06:23:39.099+0000] {processor.py:914} INFO - Processing file /home/airflow/.local/lib/python3.9/site-packages/airflow/example_dags/example_datasets.py for tasks to queue
[2025-04-22T06:23:39.101+0000] {logging_mixin.py:190} INFO - [2025-04-22T06:23:39.101+0000] {dagbag.py:588} INFO - Filling up the DagBag from /home/airflow/.local/lib/python3.9/site-packages/airflow/example_dags/example_datasets.py
[2025-04-22T06:23:39.426+0000] {processor.py:925} INFO - DAG(s) 'conditional_dataset_and_time_based_timetable', 'consume_1_or_2_with_dataset_expressions', 'dataset_consumes_1_never_scheduled', 'dataset_consumes_1_and_2', 'dataset_consumes_1', 'dataset_consumes_unknown_never_scheduled', 'dataset_produces_1', 'consume_1_or_both_2_and_3_with_dataset_expressions', 'consume_1_and_2_with_dataset_expressions', 'dataset_produces_2' retrieved from /home/airflow/.local/lib/python3.9/site-packages/airflow/example_dags/example_datasets.py
[2025-04-22T06:23:39.482+0000] {logging_mixin.py:190} INFO - [2025-04-22T06:23:39.482+0000] {dag.py:3239} INFO - Sync 10 DAGs
[2025-04-22T06:23:39.510+0000] {logging_mixin.py:190} INFO - [2025-04-22T06:23:39.510+0000] {dag.py:4180} INFO - Setting next_dagrun for conditional_dataset_and_time_based_timetable to 2025-04-16 01:00:00+00:00, run_after=2025-04-16 01:00:00+00:00
[2025-04-22T06:23:39.513+0000] {logging_mixin.py:190} INFO - [2025-04-22T06:23:39.513+0000] {dag.py:4180} INFO - Setting next_dagrun for consume_1_and_2_with_dataset_expressions to None, run_after=None
[2025-04-22T06:23:39.515+0000] {logging_mixin.py:190} INFO - [2025-04-22T06:23:39.515+0000] {dag.py:4180} INFO - Setting next_dagrun for consume_1_or_2_with_dataset_expressions to None, run_after=None
[2025-04-22T06:23:39.516+0000] {logging_mixin.py:190} INFO - [2025-04-22T06:23:39.516+0000] {dag.py:4180} INFO - Setting next_dagrun for consume_1_or_both_2_and_3_with_dataset_expressions to None, run_after=None
[2025-04-22T06:23:39.518+0000] {logging_mixin.py:190} INFO - [2025-04-22T06:23:39.518+0000] {dag.py:4180} INFO - Setting next_dagrun for dataset_consumes_1 to None, run_after=None
[2025-04-22T06:23:39.520+0000] {logging_mixin.py:190} INFO - [2025-04-22T06:23:39.520+0000] {dag.py:4180} INFO - Setting next_dagrun for dataset_consumes_1_and_2 to None, run_after=None
[2025-04-22T06:23:39.521+0000] {logging_mixin.py:190} INFO - [2025-04-22T06:23:39.521+0000] {dag.py:4180} INFO - Setting next_dagrun for dataset_consumes_1_never_scheduled to None, run_after=None
[2025-04-22T06:23:39.523+0000] {logging_mixin.py:190} INFO - [2025-04-22T06:23:39.523+0000] {dag.py:4180} INFO - Setting next_dagrun for dataset_consumes_unknown_never_scheduled to None, run_after=None
[2025-04-22T06:23:39.527+0000] {logging_mixin.py:190} INFO - [2025-04-22T06:23:39.527+0000] {dag.py:4180} INFO - Setting next_dagrun for dataset_produces_1 to 2025-04-21 00:00:00+00:00, run_after=2025-04-22 00:00:00+00:00
[2025-04-22T06:23:39.529+0000] {logging_mixin.py:190} INFO - [2025-04-22T06:23:39.528+0000] {dag.py:4180} INFO - Setting next_dagrun for dataset_produces_2 to None, run_after=None
[2025-04-22T06:23:39.563+0000] {processor.py:208} INFO - Processing /home/airflow/.local/lib/python3.9/site-packages/airflow/example_dags/example_datasets.py took 0.473 seconds
[2025-04-22T06:24:10.187+0000] {processor.py:186} INFO - Started process (PID=544) to work on /home/airflow/.local/lib/python3.9/site-packages/airflow/example_dags/example_datasets.py
[2025-04-22T06:24:10.188+0000] {processor.py:914} INFO - Processing file /home/airflow/.local/lib/python3.9/site-packages/airflow/example_dags/example_datasets.py for tasks to queue
[2025-04-22T06:24:10.190+0000] {logging_mixin.py:190} INFO - [2025-04-22T06:24:10.190+0000] {dagbag.py:588} INFO - Filling up the DagBag from /home/airflow/.local/lib/python3.9/site-packages/airflow/example_dags/example_datasets.py
[2025-04-22T06:24:10.496+0000] {processor.py:925} INFO - DAG(s) 'dataset_consumes_1_never_scheduled', 'consume_1_and_2_with_dataset_expressions', 'consume_1_or_both_2_and_3_with_dataset_expressions', 'dataset_consumes_1', 'conditional_dataset_and_time_based_timetable', 'consume_1_or_2_with_dataset_expressions', 'dataset_produces_2', 'dataset_produces_1', 'dataset_consumes_1_and_2', 'dataset_consumes_unknown_never_scheduled' retrieved from /home/airflow/.local/lib/python3.9/site-packages/airflow/example_dags/example_datasets.py
[2025-04-22T06:24:10.537+0000] {logging_mixin.py:190} INFO - [2025-04-22T06:24:10.536+0000] {dag.py:3239} INFO - Sync 10 DAGs
[2025-04-22T06:24:10.560+0000] {logging_mixin.py:190} INFO - [2025-04-22T06:24:10.560+0000] {dag.py:4180} INFO - Setting next_dagrun for conditional_dataset_and_time_based_timetable to 2025-04-16 01:00:00+00:00, run_after=2025-04-16 01:00:00+00:00
[2025-04-22T06:24:10.564+0000] {logging_mixin.py:190} INFO - [2025-04-22T06:24:10.564+0000] {dag.py:4180} INFO - Setting next_dagrun for consume_1_and_2_with_dataset_expressions to None, run_after=None
[2025-04-22T06:24:10.565+0000] {logging_mixin.py:190} INFO - [2025-04-22T06:24:10.565+0000] {dag.py:4180} INFO - Setting next_dagrun for consume_1_or_2_with_dataset_expressions to None, run_after=None
[2025-04-22T06:24:10.567+0000] {logging_mixin.py:190} INFO - [2025-04-22T06:24:10.567+0000] {dag.py:4180} INFO - Setting next_dagrun for consume_1_or_both_2_and_3_with_dataset_expressions to None, run_after=None
[2025-04-22T06:24:10.569+0000] {logging_mixin.py:190} INFO - [2025-04-22T06:24:10.569+0000] {dag.py:4180} INFO - Setting next_dagrun for dataset_consumes_1 to None, run_after=None
[2025-04-22T06:24:10.570+0000] {logging_mixin.py:190} INFO - [2025-04-22T06:24:10.570+0000] {dag.py:4180} INFO - Setting next_dagrun for dataset_consumes_1_and_2 to None, run_after=None
[2025-04-22T06:24:10.572+0000] {logging_mixin.py:190} INFO - [2025-04-22T06:24:10.571+0000] {dag.py:4180} INFO - Setting next_dagrun for dataset_consumes_1_never_scheduled to None, run_after=None
[2025-04-22T06:24:10.573+0000] {logging_mixin.py:190} INFO - [2025-04-22T06:24:10.573+0000] {dag.py:4180} INFO - Setting next_dagrun for dataset_consumes_unknown_never_scheduled to None, run_after=None
[2025-04-22T06:24:10.576+0000] {logging_mixin.py:190} INFO - [2025-04-22T06:24:10.575+0000] {dag.py:4180} INFO - Setting next_dagrun for dataset_produces_1 to 2025-04-21 00:00:00+00:00, run_after=2025-04-22 00:00:00+00:00
[2025-04-22T06:24:10.577+0000] {logging_mixin.py:190} INFO - [2025-04-22T06:24:10.577+0000] {dag.py:4180} INFO - Setting next_dagrun for dataset_produces_2 to None, run_after=None
[2025-04-22T06:24:10.608+0000] {processor.py:208} INFO - Processing /home/airflow/.local/lib/python3.9/site-packages/airflow/example_dags/example_datasets.py took 0.427 seconds
[2025-04-22T06:24:40.802+0000] {processor.py:186} INFO - Started process (PID=602) to work on /home/airflow/.local/lib/python3.9/site-packages/airflow/example_dags/example_datasets.py
[2025-04-22T06:24:40.803+0000] {processor.py:914} INFO - Processing file /home/airflow/.local/lib/python3.9/site-packages/airflow/example_dags/example_datasets.py for tasks to queue
[2025-04-22T06:24:40.806+0000] {logging_mixin.py:190} INFO - [2025-04-22T06:24:40.806+0000] {dagbag.py:588} INFO - Filling up the DagBag from /home/airflow/.local/lib/python3.9/site-packages/airflow/example_dags/example_datasets.py
[2025-04-22T06:24:41.134+0000] {processor.py:925} INFO - DAG(s) 'dataset_produces_2', 'dataset_produces_1', 'dataset_consumes_1_and_2', 'conditional_dataset_and_time_based_timetable', 'dataset_consumes_unknown_never_scheduled', 'consume_1_and_2_with_dataset_expressions', 'dataset_consumes_1_never_scheduled', 'dataset_consumes_1', 'consume_1_or_2_with_dataset_expressions', 'consume_1_or_both_2_and_3_with_dataset_expressions' retrieved from /home/airflow/.local/lib/python3.9/site-packages/airflow/example_dags/example_datasets.py
[2025-04-22T06:24:41.178+0000] {logging_mixin.py:190} INFO - [2025-04-22T06:24:41.178+0000] {dag.py:3239} INFO - Sync 10 DAGs
[2025-04-22T06:24:41.202+0000] {logging_mixin.py:190} INFO - [2025-04-22T06:24:41.202+0000] {dag.py:4180} INFO - Setting next_dagrun for conditional_dataset_and_time_based_timetable to 2025-04-16 01:00:00+00:00, run_after=2025-04-16 01:00:00+00:00
[2025-04-22T06:24:41.206+0000] {logging_mixin.py:190} INFO - [2025-04-22T06:24:41.206+0000] {dag.py:4180} INFO - Setting next_dagrun for consume_1_and_2_with_dataset_expressions to None, run_after=None
[2025-04-22T06:24:41.208+0000] {logging_mixin.py:190} INFO - [2025-04-22T06:24:41.207+0000] {dag.py:4180} INFO - Setting next_dagrun for consume_1_or_2_with_dataset_expressions to None, run_after=None
[2025-04-22T06:24:41.209+0000] {logging_mixin.py:190} INFO - [2025-04-22T06:24:41.209+0000] {dag.py:4180} INFO - Setting next_dagrun for consume_1_or_both_2_and_3_with_dataset_expressions to None, run_after=None
[2025-04-22T06:24:41.210+0000] {logging_mixin.py:190} INFO - [2025-04-22T06:24:41.210+0000] {dag.py:4180} INFO - Setting next_dagrun for dataset_consumes_1 to None, run_after=None
[2025-04-22T06:24:41.212+0000] {logging_mixin.py:190} INFO - [2025-04-22T06:24:41.211+0000] {dag.py:4180} INFO - Setting next_dagrun for dataset_consumes_1_and_2 to None, run_after=None
[2025-04-22T06:24:41.213+0000] {logging_mixin.py:190} INFO - [2025-04-22T06:24:41.213+0000] {dag.py:4180} INFO - Setting next_dagrun for dataset_consumes_1_never_scheduled to None, run_after=None
[2025-04-22T06:24:41.215+0000] {logging_mixin.py:190} INFO - [2025-04-22T06:24:41.214+0000] {dag.py:4180} INFO - Setting next_dagrun for dataset_consumes_unknown_never_scheduled to None, run_after=None
[2025-04-22T06:24:41.217+0000] {logging_mixin.py:190} INFO - [2025-04-22T06:24:41.217+0000] {dag.py:4180} INFO - Setting next_dagrun for dataset_produces_1 to 2025-04-21 00:00:00+00:00, run_after=2025-04-22 00:00:00+00:00
[2025-04-22T06:24:41.219+0000] {logging_mixin.py:190} INFO - [2025-04-22T06:24:41.219+0000] {dag.py:4180} INFO - Setting next_dagrun for dataset_produces_2 to None, run_after=None
[2025-04-22T06:24:41.251+0000] {processor.py:208} INFO - Processing /home/airflow/.local/lib/python3.9/site-packages/airflow/example_dags/example_datasets.py took 0.456 seconds
[2025-04-22T06:25:12.036+0000] {processor.py:186} INFO - Started process (PID=660) to work on /home/airflow/.local/lib/python3.9/site-packages/airflow/example_dags/example_datasets.py
[2025-04-22T06:25:12.038+0000] {processor.py:914} INFO - Processing file /home/airflow/.local/lib/python3.9/site-packages/airflow/example_dags/example_datasets.py for tasks to queue
[2025-04-22T06:25:12.040+0000] {logging_mixin.py:190} INFO - [2025-04-22T06:25:12.040+0000] {dagbag.py:588} INFO - Filling up the DagBag from /home/airflow/.local/lib/python3.9/site-packages/airflow/example_dags/example_datasets.py
[2025-04-22T06:25:12.351+0000] {processor.py:925} INFO - DAG(s) 'conditional_dataset_and_time_based_timetable', 'consume_1_or_2_with_dataset_expressions', 'dataset_produces_2', 'dataset_consumes_unknown_never_scheduled', 'dataset_consumes_1', 'dataset_consumes_1_never_scheduled', 'consume_1_or_both_2_and_3_with_dataset_expressions', 'dataset_consumes_1_and_2', 'consume_1_and_2_with_dataset_expressions', 'dataset_produces_1' retrieved from /home/airflow/.local/lib/python3.9/site-packages/airflow/example_dags/example_datasets.py
[2025-04-22T06:25:12.393+0000] {logging_mixin.py:190} INFO - [2025-04-22T06:25:12.393+0000] {dag.py:3239} INFO - Sync 10 DAGs
[2025-04-22T06:25:12.420+0000] {logging_mixin.py:190} INFO - [2025-04-22T06:25:12.420+0000] {dag.py:4180} INFO - Setting next_dagrun for conditional_dataset_and_time_based_timetable to 2025-04-16 01:00:00+00:00, run_after=2025-04-16 01:00:00+00:00
[2025-04-22T06:25:12.424+0000] {logging_mixin.py:190} INFO - [2025-04-22T06:25:12.424+0000] {dag.py:4180} INFO - Setting next_dagrun for consume_1_and_2_with_dataset_expressions to None, run_after=None
[2025-04-22T06:25:12.426+0000] {logging_mixin.py:190} INFO - [2025-04-22T06:25:12.426+0000] {dag.py:4180} INFO - Setting next_dagrun for consume_1_or_2_with_dataset_expressions to None, run_after=None
[2025-04-22T06:25:12.428+0000] {logging_mixin.py:190} INFO - [2025-04-22T06:25:12.428+0000] {dag.py:4180} INFO - Setting next_dagrun for consume_1_or_both_2_and_3_with_dataset_expressions to None, run_after=None
[2025-04-22T06:25:12.430+0000] {logging_mixin.py:190} INFO - [2025-04-22T06:25:12.430+0000] {dag.py:4180} INFO - Setting next_dagrun for dataset_consumes_1 to None, run_after=None
[2025-04-22T06:25:12.432+0000] {logging_mixin.py:190} INFO - [2025-04-22T06:25:12.431+0000] {dag.py:4180} INFO - Setting next_dagrun for dataset_consumes_1_and_2 to None, run_after=None
[2025-04-22T06:25:12.434+0000] {logging_mixin.py:190} INFO - [2025-04-22T06:25:12.433+0000] {dag.py:4180} INFO - Setting next_dagrun for dataset_consumes_1_never_scheduled to None, run_after=None
[2025-04-22T06:25:12.435+0000] {logging_mixin.py:190} INFO - [2025-04-22T06:25:12.435+0000] {dag.py:4180} INFO - Setting next_dagrun for dataset_consumes_unknown_never_scheduled to None, run_after=None
[2025-04-22T06:25:12.439+0000] {logging_mixin.py:190} INFO - [2025-04-22T06:25:12.439+0000] {dag.py:4180} INFO - Setting next_dagrun for dataset_produces_1 to 2025-04-21 00:00:00+00:00, run_after=2025-04-22 00:00:00+00:00
[2025-04-22T06:25:12.441+0000] {logging_mixin.py:190} INFO - [2025-04-22T06:25:12.441+0000] {dag.py:4180} INFO - Setting next_dagrun for dataset_produces_2 to None, run_after=None
[2025-04-22T06:25:12.485+0000] {processor.py:208} INFO - Processing /home/airflow/.local/lib/python3.9/site-packages/airflow/example_dags/example_datasets.py took 0.456 seconds
[2025-04-22T06:25:42.735+0000] {processor.py:186} INFO - Started process (PID=718) to work on /home/airflow/.local/lib/python3.9/site-packages/airflow/example_dags/example_datasets.py
[2025-04-22T06:25:42.736+0000] {processor.py:914} INFO - Processing file /home/airflow/.local/lib/python3.9/site-packages/airflow/example_dags/example_datasets.py for tasks to queue
[2025-04-22T06:25:42.738+0000] {logging_mixin.py:190} INFO - [2025-04-22T06:25:42.737+0000] {dagbag.py:588} INFO - Filling up the DagBag from /home/airflow/.local/lib/python3.9/site-packages/airflow/example_dags/example_datasets.py
[2025-04-22T06:25:43.081+0000] {processor.py:925} INFO - DAG(s) 'dataset_consumes_1', 'dataset_consumes_1_never_scheduled', 'dataset_consumes_unknown_never_scheduled', 'consume_1_or_2_with_dataset_expressions', 'dataset_produces_1', 'consume_1_or_both_2_and_3_with_dataset_expressions', 'conditional_dataset_and_time_based_timetable', 'dataset_produces_2', 'dataset_consumes_1_and_2', 'consume_1_and_2_with_dataset_expressions' retrieved from /home/airflow/.local/lib/python3.9/site-packages/airflow/example_dags/example_datasets.py
[2025-04-22T06:25:43.126+0000] {logging_mixin.py:190} INFO - [2025-04-22T06:25:43.126+0000] {dag.py:3239} INFO - Sync 10 DAGs
[2025-04-22T06:25:43.151+0000] {logging_mixin.py:190} INFO - [2025-04-22T06:25:43.151+0000] {dag.py:4180} INFO - Setting next_dagrun for conditional_dataset_and_time_based_timetable to 2025-04-16 01:00:00+00:00, run_after=2025-04-16 01:00:00+00:00
[2025-04-22T06:25:43.155+0000] {logging_mixin.py:190} INFO - [2025-04-22T06:25:43.155+0000] {dag.py:4180} INFO - Setting next_dagrun for consume_1_and_2_with_dataset_expressions to None, run_after=None
[2025-04-22T06:25:43.157+0000] {logging_mixin.py:190} INFO - [2025-04-22T06:25:43.157+0000] {dag.py:4180} INFO - Setting next_dagrun for consume_1_or_2_with_dataset_expressions to None, run_after=None
[2025-04-22T06:25:43.159+0000] {logging_mixin.py:190} INFO - [2025-04-22T06:25:43.159+0000] {dag.py:4180} INFO - Setting next_dagrun for consume_1_or_both_2_and_3_with_dataset_expressions to None, run_after=None
[2025-04-22T06:25:43.160+0000] {logging_mixin.py:190} INFO - [2025-04-22T06:25:43.160+0000] {dag.py:4180} INFO - Setting next_dagrun for dataset_consumes_1 to None, run_after=None
[2025-04-22T06:25:43.162+0000] {logging_mixin.py:190} INFO - [2025-04-22T06:25:43.162+0000] {dag.py:4180} INFO - Setting next_dagrun for dataset_consumes_1_and_2 to None, run_after=None
[2025-04-22T06:25:43.163+0000] {logging_mixin.py:190} INFO - [2025-04-22T06:25:43.163+0000] {dag.py:4180} INFO - Setting next_dagrun for dataset_consumes_1_never_scheduled to None, run_after=None
[2025-04-22T06:25:43.164+0000] {logging_mixin.py:190} INFO - [2025-04-22T06:25:43.164+0000] {dag.py:4180} INFO - Setting next_dagrun for dataset_consumes_unknown_never_scheduled to None, run_after=None
[2025-04-22T06:25:43.167+0000] {logging_mixin.py:190} INFO - [2025-04-22T06:25:43.167+0000] {dag.py:4180} INFO - Setting next_dagrun for dataset_produces_1 to 2025-04-21 00:00:00+00:00, run_after=2025-04-22 00:00:00+00:00
[2025-04-22T06:25:43.169+0000] {logging_mixin.py:190} INFO - [2025-04-22T06:25:43.168+0000] {dag.py:4180} INFO - Setting next_dagrun for dataset_produces_2 to None, run_after=None
[2025-04-22T06:25:43.208+0000] {processor.py:208} INFO - Processing /home/airflow/.local/lib/python3.9/site-packages/airflow/example_dags/example_datasets.py took 0.480 seconds
[2025-04-22T06:26:13.309+0000] {processor.py:186} INFO - Started process (PID=776) to work on /home/airflow/.local/lib/python3.9/site-packages/airflow/example_dags/example_datasets.py
[2025-04-22T06:26:13.310+0000] {processor.py:914} INFO - Processing file /home/airflow/.local/lib/python3.9/site-packages/airflow/example_dags/example_datasets.py for tasks to queue
[2025-04-22T06:26:13.313+0000] {logging_mixin.py:190} INFO - [2025-04-22T06:26:13.313+0000] {dagbag.py:588} INFO - Filling up the DagBag from /home/airflow/.local/lib/python3.9/site-packages/airflow/example_dags/example_datasets.py
[2025-04-22T06:26:13.644+0000] {processor.py:925} INFO - DAG(s) 'consume_1_or_both_2_and_3_with_dataset_expressions', 'conditional_dataset_and_time_based_timetable', 'dataset_consumes_1_and_2', 'dataset_consumes_1_never_scheduled', 'dataset_produces_1', 'dataset_consumes_1', 'consume_1_and_2_with_dataset_expressions', 'dataset_produces_2', 'dataset_consumes_unknown_never_scheduled', 'consume_1_or_2_with_dataset_expressions' retrieved from /home/airflow/.local/lib/python3.9/site-packages/airflow/example_dags/example_datasets.py
[2025-04-22T06:26:13.686+0000] {logging_mixin.py:190} INFO - [2025-04-22T06:26:13.686+0000] {dag.py:3239} INFO - Sync 10 DAGs
[2025-04-22T06:26:13.862+0000] {logging_mixin.py:190} INFO - [2025-04-22T06:26:13.862+0000] {dag.py:4180} INFO - Setting next_dagrun for conditional_dataset_and_time_based_timetable to 2025-04-16 01:00:00+00:00, run_after=2025-04-16 01:00:00+00:00
[2025-04-22T06:26:13.866+0000] {logging_mixin.py:190} INFO - [2025-04-22T06:26:13.866+0000] {dag.py:4180} INFO - Setting next_dagrun for consume_1_and_2_with_dataset_expressions to None, run_after=None
[2025-04-22T06:26:13.868+0000] {logging_mixin.py:190} INFO - [2025-04-22T06:26:13.868+0000] {dag.py:4180} INFO - Setting next_dagrun for consume_1_or_2_with_dataset_expressions to None, run_after=None
[2025-04-22T06:26:13.869+0000] {logging_mixin.py:190} INFO - [2025-04-22T06:26:13.869+0000] {dag.py:4180} INFO - Setting next_dagrun for consume_1_or_both_2_and_3_with_dataset_expressions to None, run_after=None
[2025-04-22T06:26:13.871+0000] {logging_mixin.py:190} INFO - [2025-04-22T06:26:13.871+0000] {dag.py:4180} INFO - Setting next_dagrun for dataset_consumes_1 to None, run_after=None
[2025-04-22T06:26:13.873+0000] {logging_mixin.py:190} INFO - [2025-04-22T06:26:13.873+0000] {dag.py:4180} INFO - Setting next_dagrun for dataset_consumes_1_and_2 to None, run_after=None
[2025-04-22T06:26:13.875+0000] {logging_mixin.py:190} INFO - [2025-04-22T06:26:13.874+0000] {dag.py:4180} INFO - Setting next_dagrun for dataset_consumes_1_never_scheduled to None, run_after=None
[2025-04-22T06:26:13.876+0000] {logging_mixin.py:190} INFO - [2025-04-22T06:26:13.876+0000] {dag.py:4180} INFO - Setting next_dagrun for dataset_consumes_unknown_never_scheduled to None, run_after=None
[2025-04-22T06:26:13.879+0000] {logging_mixin.py:190} INFO - [2025-04-22T06:26:13.879+0000] {dag.py:4180} INFO - Setting next_dagrun for dataset_produces_1 to 2025-04-21 00:00:00+00:00, run_after=2025-04-22 00:00:00+00:00
[2025-04-22T06:26:13.881+0000] {logging_mixin.py:190} INFO - [2025-04-22T06:26:13.881+0000] {dag.py:4180} INFO - Setting next_dagrun for dataset_produces_2 to None, run_after=None
[2025-04-22T06:26:13.926+0000] {processor.py:208} INFO - Processing /home/airflow/.local/lib/python3.9/site-packages/airflow/example_dags/example_datasets.py took 0.624 seconds
[2025-04-22T06:26:44.024+0000] {processor.py:186} INFO - Started process (PID=835) to work on /home/airflow/.local/lib/python3.9/site-packages/airflow/example_dags/example_datasets.py
[2025-04-22T06:26:44.025+0000] {processor.py:914} INFO - Processing file /home/airflow/.local/lib/python3.9/site-packages/airflow/example_dags/example_datasets.py for tasks to queue
[2025-04-22T06:26:44.027+0000] {logging_mixin.py:190} INFO - [2025-04-22T06:26:44.027+0000] {dagbag.py:588} INFO - Filling up the DagBag from /home/airflow/.local/lib/python3.9/site-packages/airflow/example_dags/example_datasets.py
[2025-04-22T06:26:44.339+0000] {processor.py:925} INFO - DAG(s) 'consume_1_or_2_with_dataset_expressions', 'dataset_consumes_1_and_2', 'conditional_dataset_and_time_based_timetable', 'consume_1_or_both_2_and_3_with_dataset_expressions', 'consume_1_and_2_with_dataset_expressions', 'dataset_consumes_1', 'dataset_consumes_unknown_never_scheduled', 'dataset_consumes_1_never_scheduled', 'dataset_produces_1', 'dataset_produces_2' retrieved from /home/airflow/.local/lib/python3.9/site-packages/airflow/example_dags/example_datasets.py
[2025-04-22T06:26:44.388+0000] {logging_mixin.py:190} INFO - [2025-04-22T06:26:44.388+0000] {dag.py:3239} INFO - Sync 10 DAGs
[2025-04-22T06:26:44.556+0000] {logging_mixin.py:190} INFO - [2025-04-22T06:26:44.556+0000] {dag.py:4180} INFO - Setting next_dagrun for conditional_dataset_and_time_based_timetable to 2025-04-16 01:00:00+00:00, run_after=2025-04-16 01:00:00+00:00
[2025-04-22T06:26:44.560+0000] {logging_mixin.py:190} INFO - [2025-04-22T06:26:44.560+0000] {dag.py:4180} INFO - Setting next_dagrun for consume_1_and_2_with_dataset_expressions to None, run_after=None
[2025-04-22T06:26:44.562+0000] {logging_mixin.py:190} INFO - [2025-04-22T06:26:44.562+0000] {dag.py:4180} INFO - Setting next_dagrun for consume_1_or_2_with_dataset_expressions to None, run_after=None
[2025-04-22T06:26:44.564+0000] {logging_mixin.py:190} INFO - [2025-04-22T06:26:44.564+0000] {dag.py:4180} INFO - Setting next_dagrun for consume_1_or_both_2_and_3_with_dataset_expressions to None, run_after=None
[2025-04-22T06:26:44.565+0000] {logging_mixin.py:190} INFO - [2025-04-22T06:26:44.565+0000] {dag.py:4180} INFO - Setting next_dagrun for dataset_consumes_1 to None, run_after=None
[2025-04-22T06:26:44.567+0000] {logging_mixin.py:190} INFO - [2025-04-22T06:26:44.567+0000] {dag.py:4180} INFO - Setting next_dagrun for dataset_consumes_1_and_2 to None, run_after=None
[2025-04-22T06:26:44.568+0000] {logging_mixin.py:190} INFO - [2025-04-22T06:26:44.568+0000] {dag.py:4180} INFO - Setting next_dagrun for dataset_consumes_1_never_scheduled to None, run_after=None
[2025-04-22T06:26:44.570+0000] {logging_mixin.py:190} INFO - [2025-04-22T06:26:44.570+0000] {dag.py:4180} INFO - Setting next_dagrun for dataset_consumes_unknown_never_scheduled to None, run_after=None
[2025-04-22T06:26:44.573+0000] {logging_mixin.py:190} INFO - [2025-04-22T06:26:44.573+0000] {dag.py:4180} INFO - Setting next_dagrun for dataset_produces_1 to 2025-04-21 00:00:00+00:00, run_after=2025-04-22 00:00:00+00:00
[2025-04-22T06:26:44.575+0000] {logging_mixin.py:190} INFO - [2025-04-22T06:26:44.575+0000] {dag.py:4180} INFO - Setting next_dagrun for dataset_produces_2 to None, run_after=None
[2025-04-22T06:26:44.625+0000] {processor.py:208} INFO - Processing /home/airflow/.local/lib/python3.9/site-packages/airflow/example_dags/example_datasets.py took 0.607 seconds
[2025-04-22T06:27:15.308+0000] {processor.py:186} INFO - Started process (PID=892) to work on /home/airflow/.local/lib/python3.9/site-packages/airflow/example_dags/example_datasets.py
[2025-04-22T06:27:15.309+0000] {processor.py:914} INFO - Processing file /home/airflow/.local/lib/python3.9/site-packages/airflow/example_dags/example_datasets.py for tasks to queue
[2025-04-22T06:27:15.312+0000] {logging_mixin.py:190} INFO - [2025-04-22T06:27:15.311+0000] {dagbag.py:588} INFO - Filling up the DagBag from /home/airflow/.local/lib/python3.9/site-packages/airflow/example_dags/example_datasets.py
[2025-04-22T06:27:15.617+0000] {processor.py:925} INFO - DAG(s) 'dataset_consumes_1', 'consume_1_or_both_2_and_3_with_dataset_expressions', 'dataset_produces_2', 'dataset_consumes_1_and_2', 'dataset_consumes_unknown_never_scheduled', 'consume_1_or_2_with_dataset_expressions', 'dataset_produces_1', 'conditional_dataset_and_time_based_timetable', 'dataset_consumes_1_never_scheduled', 'consume_1_and_2_with_dataset_expressions' retrieved from /home/airflow/.local/lib/python3.9/site-packages/airflow/example_dags/example_datasets.py
[2025-04-22T06:27:15.659+0000] {logging_mixin.py:190} INFO - [2025-04-22T06:27:15.658+0000] {dag.py:3239} INFO - Sync 10 DAGs
[2025-04-22T06:27:15.817+0000] {logging_mixin.py:190} INFO - [2025-04-22T06:27:15.817+0000] {dag.py:4180} INFO - Setting next_dagrun for conditional_dataset_and_time_based_timetable to 2025-04-16 01:00:00+00:00, run_after=2025-04-16 01:00:00+00:00
[2025-04-22T06:27:15.822+0000] {logging_mixin.py:190} INFO - [2025-04-22T06:27:15.821+0000] {dag.py:4180} INFO - Setting next_dagrun for consume_1_and_2_with_dataset_expressions to None, run_after=None
[2025-04-22T06:27:15.823+0000] {logging_mixin.py:190} INFO - [2025-04-22T06:27:15.823+0000] {dag.py:4180} INFO - Setting next_dagrun for consume_1_or_2_with_dataset_expressions to None, run_after=None
[2025-04-22T06:27:15.825+0000] {logging_mixin.py:190} INFO - [2025-04-22T06:27:15.825+0000] {dag.py:4180} INFO - Setting next_dagrun for consume_1_or_both_2_and_3_with_dataset_expressions to None, run_after=None
[2025-04-22T06:27:15.827+0000] {logging_mixin.py:190} INFO - [2025-04-22T06:27:15.827+0000] {dag.py:4180} INFO - Setting next_dagrun for dataset_consumes_1 to None, run_after=None
[2025-04-22T06:27:15.829+0000] {logging_mixin.py:190} INFO - [2025-04-22T06:27:15.828+0000] {dag.py:4180} INFO - Setting next_dagrun for dataset_consumes_1_and_2 to None, run_after=None
[2025-04-22T06:27:15.830+0000] {logging_mixin.py:190} INFO - [2025-04-22T06:27:15.830+0000] {dag.py:4180} INFO - Setting next_dagrun for dataset_consumes_1_never_scheduled to None, run_after=None
[2025-04-22T06:27:15.832+0000] {logging_mixin.py:190} INFO - [2025-04-22T06:27:15.832+0000] {dag.py:4180} INFO - Setting next_dagrun for dataset_consumes_unknown_never_scheduled to None, run_after=None
[2025-04-22T06:27:15.835+0000] {logging_mixin.py:190} INFO - [2025-04-22T06:27:15.835+0000] {dag.py:4180} INFO - Setting next_dagrun for dataset_produces_1 to 2025-04-21 00:00:00+00:00, run_after=2025-04-22 00:00:00+00:00
[2025-04-22T06:27:15.837+0000] {logging_mixin.py:190} INFO - [2025-04-22T06:27:15.837+0000] {dag.py:4180} INFO - Setting next_dagrun for dataset_produces_2 to None, run_after=None
[2025-04-22T06:27:15.875+0000] {processor.py:208} INFO - Processing /home/airflow/.local/lib/python3.9/site-packages/airflow/example_dags/example_datasets.py took 0.573 seconds
[2025-04-22T06:27:46.008+0000] {processor.py:186} INFO - Started process (PID=950) to work on /home/airflow/.local/lib/python3.9/site-packages/airflow/example_dags/example_datasets.py
[2025-04-22T06:27:46.009+0000] {processor.py:914} INFO - Processing file /home/airflow/.local/lib/python3.9/site-packages/airflow/example_dags/example_datasets.py for tasks to queue
[2025-04-22T06:27:46.011+0000] {logging_mixin.py:190} INFO - [2025-04-22T06:27:46.011+0000] {dagbag.py:588} INFO - Filling up the DagBag from /home/airflow/.local/lib/python3.9/site-packages/airflow/example_dags/example_datasets.py
[2025-04-22T06:27:46.311+0000] {processor.py:925} INFO - DAG(s) 'consume_1_or_both_2_and_3_with_dataset_expressions', 'consume_1_and_2_with_dataset_expressions', 'dataset_consumes_1_and_2', 'dataset_consumes_unknown_never_scheduled', 'dataset_produces_2', 'conditional_dataset_and_time_based_timetable', 'dataset_produces_1', 'consume_1_or_2_with_dataset_expressions', 'dataset_consumes_1_never_scheduled', 'dataset_consumes_1' retrieved from /home/airflow/.local/lib/python3.9/site-packages/airflow/example_dags/example_datasets.py
[2025-04-22T06:27:46.352+0000] {logging_mixin.py:190} INFO - [2025-04-22T06:27:46.352+0000] {dag.py:3239} INFO - Sync 10 DAGs
[2025-04-22T06:27:46.511+0000] {logging_mixin.py:190} INFO - [2025-04-22T06:27:46.511+0000] {dag.py:4180} INFO - Setting next_dagrun for conditional_dataset_and_time_based_timetable to 2025-04-16 01:00:00+00:00, run_after=2025-04-16 01:00:00+00:00
[2025-04-22T06:27:46.515+0000] {logging_mixin.py:190} INFO - [2025-04-22T06:27:46.515+0000] {dag.py:4180} INFO - Setting next_dagrun for consume_1_and_2_with_dataset_expressions to None, run_after=None
[2025-04-22T06:27:46.517+0000] {logging_mixin.py:190} INFO - [2025-04-22T06:27:46.517+0000] {dag.py:4180} INFO - Setting next_dagrun for consume_1_or_2_with_dataset_expressions to None, run_after=None
[2025-04-22T06:27:46.519+0000] {logging_mixin.py:190} INFO - [2025-04-22T06:27:46.519+0000] {dag.py:4180} INFO - Setting next_dagrun for consume_1_or_both_2_and_3_with_dataset_expressions to None, run_after=None
[2025-04-22T06:27:46.521+0000] {logging_mixin.py:190} INFO - [2025-04-22T06:27:46.520+0000] {dag.py:4180} INFO - Setting next_dagrun for dataset_consumes_1 to None, run_after=None
[2025-04-22T06:27:46.522+0000] {logging_mixin.py:190} INFO - [2025-04-22T06:27:46.522+0000] {dag.py:4180} INFO - Setting next_dagrun for dataset_consumes_1_and_2 to None, run_after=None
[2025-04-22T06:27:46.524+0000] {logging_mixin.py:190} INFO - [2025-04-22T06:27:46.524+0000] {dag.py:4180} INFO - Setting next_dagrun for dataset_consumes_1_never_scheduled to None, run_after=None
[2025-04-22T06:27:46.526+0000] {logging_mixin.py:190} INFO - [2025-04-22T06:27:46.526+0000] {dag.py:4180} INFO - Setting next_dagrun for dataset_consumes_unknown_never_scheduled to None, run_after=None
[2025-04-22T06:27:46.529+0000] {logging_mixin.py:190} INFO - [2025-04-22T06:27:46.529+0000] {dag.py:4180} INFO - Setting next_dagrun for dataset_produces_1 to 2025-04-21 00:00:00+00:00, run_after=2025-04-22 00:00:00+00:00
[2025-04-22T06:27:46.531+0000] {logging_mixin.py:190} INFO - [2025-04-22T06:27:46.531+0000] {dag.py:4180} INFO - Setting next_dagrun for dataset_produces_2 to None, run_after=None
[2025-04-22T06:27:46.567+0000] {processor.py:208} INFO - Processing /home/airflow/.local/lib/python3.9/site-packages/airflow/example_dags/example_datasets.py took 0.565 seconds
[2025-04-22T06:28:16.828+0000] {processor.py:186} INFO - Started process (PID=1008) to work on /home/airflow/.local/lib/python3.9/site-packages/airflow/example_dags/example_datasets.py
[2025-04-22T06:28:16.829+0000] {processor.py:914} INFO - Processing file /home/airflow/.local/lib/python3.9/site-packages/airflow/example_dags/example_datasets.py for tasks to queue
[2025-04-22T06:28:16.832+0000] {logging_mixin.py:190} INFO - [2025-04-22T06:28:16.831+0000] {dagbag.py:588} INFO - Filling up the DagBag from /home/airflow/.local/lib/python3.9/site-packages/airflow/example_dags/example_datasets.py
[2025-04-22T06:28:17.146+0000] {processor.py:925} INFO - DAG(s) 'consume_1_and_2_with_dataset_expressions', 'dataset_produces_1', 'dataset_consumes_1', 'dataset_consumes_1_and_2', 'dataset_consumes_1_never_scheduled', 'consume_1_or_both_2_and_3_with_dataset_expressions', 'conditional_dataset_and_time_based_timetable', 'dataset_consumes_unknown_never_scheduled', 'dataset_produces_2', 'consume_1_or_2_with_dataset_expressions' retrieved from /home/airflow/.local/lib/python3.9/site-packages/airflow/example_dags/example_datasets.py
[2025-04-22T06:28:17.187+0000] {logging_mixin.py:190} INFO - [2025-04-22T06:28:17.187+0000] {dag.py:3239} INFO - Sync 10 DAGs
[2025-04-22T06:28:17.358+0000] {logging_mixin.py:190} INFO - [2025-04-22T06:28:17.358+0000] {dag.py:4180} INFO - Setting next_dagrun for conditional_dataset_and_time_based_timetable to 2025-04-16 01:00:00+00:00, run_after=2025-04-16 01:00:00+00:00
[2025-04-22T06:28:17.363+0000] {logging_mixin.py:190} INFO - [2025-04-22T06:28:17.363+0000] {dag.py:4180} INFO - Setting next_dagrun for consume_1_and_2_with_dataset_expressions to None, run_after=None
[2025-04-22T06:28:17.365+0000] {logging_mixin.py:190} INFO - [2025-04-22T06:28:17.364+0000] {dag.py:4180} INFO - Setting next_dagrun for consume_1_or_2_with_dataset_expressions to None, run_after=None
[2025-04-22T06:28:17.366+0000] {logging_mixin.py:190} INFO - [2025-04-22T06:28:17.366+0000] {dag.py:4180} INFO - Setting next_dagrun for consume_1_or_both_2_and_3_with_dataset_expressions to None, run_after=None
[2025-04-22T06:28:17.368+0000] {logging_mixin.py:190} INFO - [2025-04-22T06:28:17.368+0000] {dag.py:4180} INFO - Setting next_dagrun for dataset_consumes_1 to None, run_after=None
[2025-04-22T06:28:17.370+0000] {logging_mixin.py:190} INFO - [2025-04-22T06:28:17.369+0000] {dag.py:4180} INFO - Setting next_dagrun for dataset_consumes_1_and_2 to None, run_after=None
[2025-04-22T06:28:17.371+0000] {logging_mixin.py:190} INFO - [2025-04-22T06:28:17.371+0000] {dag.py:4180} INFO - Setting next_dagrun for dataset_consumes_1_never_scheduled to None, run_after=None
[2025-04-22T06:28:17.373+0000] {logging_mixin.py:190} INFO - [2025-04-22T06:28:17.373+0000] {dag.py:4180} INFO - Setting next_dagrun for dataset_consumes_unknown_never_scheduled to None, run_after=None
[2025-04-22T06:28:17.376+0000] {logging_mixin.py:190} INFO - [2025-04-22T06:28:17.376+0000] {dag.py:4180} INFO - Setting next_dagrun for dataset_produces_1 to 2025-04-21 00:00:00+00:00, run_after=2025-04-22 00:00:00+00:00
[2025-04-22T06:28:17.378+0000] {logging_mixin.py:190} INFO - [2025-04-22T06:28:17.378+0000] {dag.py:4180} INFO - Setting next_dagrun for dataset_produces_2 to None, run_after=None
[2025-04-22T06:28:17.419+0000] {processor.py:208} INFO - Processing /home/airflow/.local/lib/python3.9/site-packages/airflow/example_dags/example_datasets.py took 0.598 seconds
[2025-04-22T06:28:48.203+0000] {processor.py:186} INFO - Started process (PID=1066) to work on /home/airflow/.local/lib/python3.9/site-packages/airflow/example_dags/example_datasets.py
[2025-04-22T06:28:48.204+0000] {processor.py:914} INFO - Processing file /home/airflow/.local/lib/python3.9/site-packages/airflow/example_dags/example_datasets.py for tasks to queue
[2025-04-22T06:28:48.207+0000] {logging_mixin.py:190} INFO - [2025-04-22T06:28:48.206+0000] {dagbag.py:588} INFO - Filling up the DagBag from /home/airflow/.local/lib/python3.9/site-packages/airflow/example_dags/example_datasets.py
[2025-04-22T06:28:48.515+0000] {processor.py:925} INFO - DAG(s) 'dataset_produces_1', 'conditional_dataset_and_time_based_timetable', 'dataset_produces_2', 'dataset_consumes_unknown_never_scheduled', 'consume_1_and_2_with_dataset_expressions', 'consume_1_or_both_2_and_3_with_dataset_expressions', 'dataset_consumes_1_never_scheduled', 'consume_1_or_2_with_dataset_expressions', 'dataset_consumes_1', 'dataset_consumes_1_and_2' retrieved from /home/airflow/.local/lib/python3.9/site-packages/airflow/example_dags/example_datasets.py
[2025-04-22T06:28:48.555+0000] {logging_mixin.py:190} INFO - [2025-04-22T06:28:48.555+0000] {dag.py:3239} INFO - Sync 10 DAGs
[2025-04-22T06:28:48.728+0000] {logging_mixin.py:190} INFO - [2025-04-22T06:28:48.728+0000] {dag.py:4180} INFO - Setting next_dagrun for conditional_dataset_and_time_based_timetable to 2025-04-16 01:00:00+00:00, run_after=2025-04-16 01:00:00+00:00
[2025-04-22T06:28:48.733+0000] {logging_mixin.py:190} INFO - [2025-04-22T06:28:48.733+0000] {dag.py:4180} INFO - Setting next_dagrun for consume_1_and_2_with_dataset_expressions to None, run_after=None
[2025-04-22T06:28:48.735+0000] {logging_mixin.py:190} INFO - [2025-04-22T06:28:48.735+0000] {dag.py:4180} INFO - Setting next_dagrun for consume_1_or_2_with_dataset_expressions to None, run_after=None
[2025-04-22T06:28:48.737+0000] {logging_mixin.py:190} INFO - [2025-04-22T06:28:48.736+0000] {dag.py:4180} INFO - Setting next_dagrun for consume_1_or_both_2_and_3_with_dataset_expressions to None, run_after=None
[2025-04-22T06:28:48.738+0000] {logging_mixin.py:190} INFO - [2025-04-22T06:28:48.738+0000] {dag.py:4180} INFO - Setting next_dagrun for dataset_consumes_1 to None, run_after=None
[2025-04-22T06:28:48.740+0000] {logging_mixin.py:190} INFO - [2025-04-22T06:28:48.740+0000] {dag.py:4180} INFO - Setting next_dagrun for dataset_consumes_1_and_2 to None, run_after=None
[2025-04-22T06:28:48.742+0000] {logging_mixin.py:190} INFO - [2025-04-22T06:28:48.742+0000] {dag.py:4180} INFO - Setting next_dagrun for dataset_consumes_1_never_scheduled to None, run_after=None
[2025-04-22T06:28:48.745+0000] {logging_mixin.py:190} INFO - [2025-04-22T06:28:48.744+0000] {dag.py:4180} INFO - Setting next_dagrun for dataset_consumes_unknown_never_scheduled to None, run_after=None
[2025-04-22T06:28:48.748+0000] {logging_mixin.py:190} INFO - [2025-04-22T06:28:48.748+0000] {dag.py:4180} INFO - Setting next_dagrun for dataset_produces_1 to 2025-04-21 00:00:00+00:00, run_after=2025-04-22 00:00:00+00:00
[2025-04-22T06:28:48.751+0000] {logging_mixin.py:190} INFO - [2025-04-22T06:28:48.750+0000] {dag.py:4180} INFO - Setting next_dagrun for dataset_produces_2 to None, run_after=None
[2025-04-22T06:28:48.786+0000] {processor.py:208} INFO - Processing /home/airflow/.local/lib/python3.9/site-packages/airflow/example_dags/example_datasets.py took 0.590 seconds
[2025-04-22T06:29:19.064+0000] {processor.py:186} INFO - Started process (PID=1124) to work on /home/airflow/.local/lib/python3.9/site-packages/airflow/example_dags/example_datasets.py
[2025-04-22T06:29:19.065+0000] {processor.py:914} INFO - Processing file /home/airflow/.local/lib/python3.9/site-packages/airflow/example_dags/example_datasets.py for tasks to queue
[2025-04-22T06:29:19.067+0000] {logging_mixin.py:190} INFO - [2025-04-22T06:29:19.067+0000] {dagbag.py:588} INFO - Filling up the DagBag from /home/airflow/.local/lib/python3.9/site-packages/airflow/example_dags/example_datasets.py
[2025-04-22T06:29:19.374+0000] {processor.py:925} INFO - DAG(s) 'dataset_consumes_unknown_never_scheduled', 'dataset_consumes_1', 'consume_1_and_2_with_dataset_expressions', 'consume_1_or_both_2_and_3_with_dataset_expressions', 'dataset_produces_2', 'dataset_consumes_1_never_scheduled', 'consume_1_or_2_with_dataset_expressions', 'dataset_consumes_1_and_2', 'dataset_produces_1', 'conditional_dataset_and_time_based_timetable' retrieved from /home/airflow/.local/lib/python3.9/site-packages/airflow/example_dags/example_datasets.py
[2025-04-22T06:29:19.417+0000] {logging_mixin.py:190} INFO - [2025-04-22T06:29:19.417+0000] {dag.py:3239} INFO - Sync 10 DAGs
[2025-04-22T06:29:19.443+0000] {logging_mixin.py:190} INFO - [2025-04-22T06:29:19.443+0000] {dag.py:4180} INFO - Setting next_dagrun for conditional_dataset_and_time_based_timetable to 2025-04-16 01:00:00+00:00, run_after=2025-04-16 01:00:00+00:00
[2025-04-22T06:29:19.448+0000] {logging_mixin.py:190} INFO - [2025-04-22T06:29:19.448+0000] {dag.py:4180} INFO - Setting next_dagrun for consume_1_and_2_with_dataset_expressions to None, run_after=None
[2025-04-22T06:29:19.450+0000] {logging_mixin.py:190} INFO - [2025-04-22T06:29:19.450+0000] {dag.py:4180} INFO - Setting next_dagrun for consume_1_or_2_with_dataset_expressions to None, run_after=None
[2025-04-22T06:29:19.452+0000] {logging_mixin.py:190} INFO - [2025-04-22T06:29:19.452+0000] {dag.py:4180} INFO - Setting next_dagrun for consume_1_or_both_2_and_3_with_dataset_expressions to None, run_after=None
[2025-04-22T06:29:19.454+0000] {logging_mixin.py:190} INFO - [2025-04-22T06:29:19.454+0000] {dag.py:4180} INFO - Setting next_dagrun for dataset_consumes_1 to None, run_after=None
[2025-04-22T06:29:19.456+0000] {logging_mixin.py:190} INFO - [2025-04-22T06:29:19.456+0000] {dag.py:4180} INFO - Setting next_dagrun for dataset_consumes_1_and_2 to None, run_after=None
[2025-04-22T06:29:19.459+0000] {logging_mixin.py:190} INFO - [2025-04-22T06:29:19.458+0000] {dag.py:4180} INFO - Setting next_dagrun for dataset_consumes_1_never_scheduled to None, run_after=None
[2025-04-22T06:29:19.460+0000] {logging_mixin.py:190} INFO - [2025-04-22T06:29:19.460+0000] {dag.py:4180} INFO - Setting next_dagrun for dataset_consumes_unknown_never_scheduled to None, run_after=None
[2025-04-22T06:29:19.464+0000] {logging_mixin.py:190} INFO - [2025-04-22T06:29:19.463+0000] {dag.py:4180} INFO - Setting next_dagrun for dataset_produces_1 to 2025-04-21 00:00:00+00:00, run_after=2025-04-22 00:00:00+00:00
[2025-04-22T06:29:19.465+0000] {logging_mixin.py:190} INFO - [2025-04-22T06:29:19.465+0000] {dag.py:4180} INFO - Setting next_dagrun for dataset_produces_2 to None, run_after=None
[2025-04-22T06:29:19.640+0000] {processor.py:208} INFO - Processing /home/airflow/.local/lib/python3.9/site-packages/airflow/example_dags/example_datasets.py took 0.583 seconds
[2025-04-22T06:29:50.333+0000] {processor.py:186} INFO - Started process (PID=1182) to work on /home/airflow/.local/lib/python3.9/site-packages/airflow/example_dags/example_datasets.py
[2025-04-22T06:29:50.334+0000] {processor.py:914} INFO - Processing file /home/airflow/.local/lib/python3.9/site-packages/airflow/example_dags/example_datasets.py for tasks to queue
[2025-04-22T06:29:50.336+0000] {logging_mixin.py:190} INFO - [2025-04-22T06:29:50.335+0000] {dagbag.py:588} INFO - Filling up the DagBag from /home/airflow/.local/lib/python3.9/site-packages/airflow/example_dags/example_datasets.py
[2025-04-22T06:29:50.798+0000] {processor.py:925} INFO - DAG(s) 'consume_1_or_both_2_and_3_with_dataset_expressions', 'dataset_consumes_unknown_never_scheduled', 'dataset_produces_1', 'consume_1_and_2_with_dataset_expressions', 'dataset_consumes_1_never_scheduled', 'dataset_produces_2', 'dataset_consumes_1_and_2', 'conditional_dataset_and_time_based_timetable', 'consume_1_or_2_with_dataset_expressions', 'dataset_consumes_1' retrieved from /home/airflow/.local/lib/python3.9/site-packages/airflow/example_dags/example_datasets.py
[2025-04-22T06:29:50.846+0000] {logging_mixin.py:190} INFO - [2025-04-22T06:29:50.846+0000] {dag.py:3239} INFO - Sync 10 DAGs
[2025-04-22T06:29:50.870+0000] {logging_mixin.py:190} INFO - [2025-04-22T06:29:50.870+0000] {dag.py:4180} INFO - Setting next_dagrun for conditional_dataset_and_time_based_timetable to 2025-04-16 01:00:00+00:00, run_after=2025-04-16 01:00:00+00:00
[2025-04-22T06:29:50.874+0000] {logging_mixin.py:190} INFO - [2025-04-22T06:29:50.873+0000] {dag.py:4180} INFO - Setting next_dagrun for consume_1_and_2_with_dataset_expressions to None, run_after=None
[2025-04-22T06:29:50.875+0000] {logging_mixin.py:190} INFO - [2025-04-22T06:29:50.875+0000] {dag.py:4180} INFO - Setting next_dagrun for consume_1_or_2_with_dataset_expressions to None, run_after=None
[2025-04-22T06:29:50.877+0000] {logging_mixin.py:190} INFO - [2025-04-22T06:29:50.877+0000] {dag.py:4180} INFO - Setting next_dagrun for consume_1_or_both_2_and_3_with_dataset_expressions to None, run_after=None
[2025-04-22T06:29:50.879+0000] {logging_mixin.py:190} INFO - [2025-04-22T06:29:50.878+0000] {dag.py:4180} INFO - Setting next_dagrun for dataset_consumes_1 to None, run_after=None
[2025-04-22T06:29:50.880+0000] {logging_mixin.py:190} INFO - [2025-04-22T06:29:50.880+0000] {dag.py:4180} INFO - Setting next_dagrun for dataset_consumes_1_and_2 to None, run_after=None
[2025-04-22T06:29:50.882+0000] {logging_mixin.py:190} INFO - [2025-04-22T06:29:50.882+0000] {dag.py:4180} INFO - Setting next_dagrun for dataset_consumes_1_never_scheduled to None, run_after=None
[2025-04-22T06:29:50.884+0000] {logging_mixin.py:190} INFO - [2025-04-22T06:29:50.884+0000] {dag.py:4180} INFO - Setting next_dagrun for dataset_consumes_unknown_never_scheduled to None, run_after=None
[2025-04-22T06:29:50.887+0000] {logging_mixin.py:190} INFO - [2025-04-22T06:29:50.887+0000] {dag.py:4180} INFO - Setting next_dagrun for dataset_produces_1 to 2025-04-21 00:00:00+00:00, run_after=2025-04-22 00:00:00+00:00
[2025-04-22T06:29:50.889+0000] {logging_mixin.py:190} INFO - [2025-04-22T06:29:50.889+0000] {dag.py:4180} INFO - Setting next_dagrun for dataset_produces_2 to None, run_after=None
[2025-04-22T06:29:50.922+0000] {processor.py:208} INFO - Processing /home/airflow/.local/lib/python3.9/site-packages/airflow/example_dags/example_datasets.py took 0.595 seconds
[2025-04-22T06:30:21.265+0000] {processor.py:186} INFO - Started process (PID=1240) to work on /home/airflow/.local/lib/python3.9/site-packages/airflow/example_dags/example_datasets.py
[2025-04-22T06:30:21.266+0000] {processor.py:914} INFO - Processing file /home/airflow/.local/lib/python3.9/site-packages/airflow/example_dags/example_datasets.py for tasks to queue
[2025-04-22T06:30:21.268+0000] {logging_mixin.py:190} INFO - [2025-04-22T06:30:21.268+0000] {dagbag.py:588} INFO - Filling up the DagBag from /home/airflow/.local/lib/python3.9/site-packages/airflow/example_dags/example_datasets.py
[2025-04-22T06:30:21.857+0000] {processor.py:925} INFO - DAG(s) 'dataset_consumes_1_never_scheduled', 'dataset_produces_1', 'dataset_produces_2', 'dataset_consumes_1', 'dataset_consumes_unknown_never_scheduled', 'consume_1_or_2_with_dataset_expressions', 'consume_1_or_both_2_and_3_with_dataset_expressions', 'consume_1_and_2_with_dataset_expressions', 'dataset_consumes_1_and_2', 'conditional_dataset_and_time_based_timetable' retrieved from /home/airflow/.local/lib/python3.9/site-packages/airflow/example_dags/example_datasets.py
[2025-04-22T06:30:21.944+0000] {logging_mixin.py:190} INFO - [2025-04-22T06:30:21.943+0000] {dag.py:3239} INFO - Sync 10 DAGs
[2025-04-22T06:30:21.982+0000] {logging_mixin.py:190} INFO - [2025-04-22T06:30:21.981+0000] {dag.py:4180} INFO - Setting next_dagrun for conditional_dataset_and_time_based_timetable to 2025-04-16 01:00:00+00:00, run_after=2025-04-16 01:00:00+00:00
[2025-04-22T06:30:21.988+0000] {logging_mixin.py:190} INFO - [2025-04-22T06:30:21.987+0000] {dag.py:4180} INFO - Setting next_dagrun for consume_1_and_2_with_dataset_expressions to None, run_after=None
[2025-04-22T06:30:21.990+0000] {logging_mixin.py:190} INFO - [2025-04-22T06:30:21.990+0000] {dag.py:4180} INFO - Setting next_dagrun for consume_1_or_2_with_dataset_expressions to None, run_after=None
[2025-04-22T06:30:21.993+0000] {logging_mixin.py:190} INFO - [2025-04-22T06:30:21.993+0000] {dag.py:4180} INFO - Setting next_dagrun for consume_1_or_both_2_and_3_with_dataset_expressions to None, run_after=None
[2025-04-22T06:30:21.996+0000] {logging_mixin.py:190} INFO - [2025-04-22T06:30:21.995+0000] {dag.py:4180} INFO - Setting next_dagrun for dataset_consumes_1 to None, run_after=None
[2025-04-22T06:30:21.998+0000] {logging_mixin.py:190} INFO - [2025-04-22T06:30:21.998+0000] {dag.py:4180} INFO - Setting next_dagrun for dataset_consumes_1_and_2 to None, run_after=None
[2025-04-22T06:30:22.001+0000] {logging_mixin.py:190} INFO - [2025-04-22T06:30:22.001+0000] {dag.py:4180} INFO - Setting next_dagrun for dataset_consumes_1_never_scheduled to None, run_after=None
[2025-04-22T06:30:22.005+0000] {logging_mixin.py:190} INFO - [2025-04-22T06:30:22.004+0000] {dag.py:4180} INFO - Setting next_dagrun for dataset_consumes_unknown_never_scheduled to None, run_after=None
[2025-04-22T06:30:22.009+0000] {logging_mixin.py:190} INFO - [2025-04-22T06:30:22.009+0000] {dag.py:4180} INFO - Setting next_dagrun for dataset_produces_1 to 2025-04-21 00:00:00+00:00, run_after=2025-04-22 00:00:00+00:00
[2025-04-22T06:30:22.012+0000] {logging_mixin.py:190} INFO - [2025-04-22T06:30:22.012+0000] {dag.py:4180} INFO - Setting next_dagrun for dataset_produces_2 to None, run_after=None
[2025-04-22T06:30:22.052+0000] {processor.py:208} INFO - Processing /home/airflow/.local/lib/python3.9/site-packages/airflow/example_dags/example_datasets.py took 0.794 seconds
[2025-04-22T06:30:52.429+0000] {processor.py:186} INFO - Started process (PID=1298) to work on /home/airflow/.local/lib/python3.9/site-packages/airflow/example_dags/example_datasets.py
[2025-04-22T06:30:52.431+0000] {processor.py:914} INFO - Processing file /home/airflow/.local/lib/python3.9/site-packages/airflow/example_dags/example_datasets.py for tasks to queue
[2025-04-22T06:30:52.435+0000] {logging_mixin.py:190} INFO - [2025-04-22T06:30:52.435+0000] {dagbag.py:588} INFO - Filling up the DagBag from /home/airflow/.local/lib/python3.9/site-packages/airflow/example_dags/example_datasets.py
[2025-04-22T06:30:53.291+0000] {processor.py:925} INFO - DAG(s) 'dataset_consumes_1_and_2', 'dataset_consumes_1', 'dataset_produces_2', 'consume_1_or_2_with_dataset_expressions', 'dataset_consumes_1_never_scheduled', 'dataset_produces_1', 'consume_1_and_2_with_dataset_expressions', 'dataset_consumes_unknown_never_scheduled', 'conditional_dataset_and_time_based_timetable', 'consume_1_or_both_2_and_3_with_dataset_expressions' retrieved from /home/airflow/.local/lib/python3.9/site-packages/airflow/example_dags/example_datasets.py
[2025-04-22T06:30:53.603+0000] {logging_mixin.py:190} INFO - [2025-04-22T06:30:53.603+0000] {dag.py:3239} INFO - Sync 10 DAGs
[2025-04-22T06:30:53.650+0000] {logging_mixin.py:190} INFO - [2025-04-22T06:30:53.649+0000] {dag.py:4180} INFO - Setting next_dagrun for conditional_dataset_and_time_based_timetable to 2025-04-16 01:00:00+00:00, run_after=2025-04-16 01:00:00+00:00
[2025-04-22T06:30:53.665+0000] {logging_mixin.py:190} INFO - [2025-04-22T06:30:53.665+0000] {dag.py:4180} INFO - Setting next_dagrun for consume_1_and_2_with_dataset_expressions to None, run_after=None
[2025-04-22T06:30:53.668+0000] {logging_mixin.py:190} INFO - [2025-04-22T06:30:53.667+0000] {dag.py:4180} INFO - Setting next_dagrun for consume_1_or_2_with_dataset_expressions to None, run_after=None
[2025-04-22T06:30:53.670+0000] {logging_mixin.py:190} INFO - [2025-04-22T06:30:53.669+0000] {dag.py:4180} INFO - Setting next_dagrun for consume_1_or_both_2_and_3_with_dataset_expressions to None, run_after=None
[2025-04-22T06:30:53.671+0000] {logging_mixin.py:190} INFO - [2025-04-22T06:30:53.671+0000] {dag.py:4180} INFO - Setting next_dagrun for dataset_consumes_1 to None, run_after=None
[2025-04-22T06:30:53.673+0000] {logging_mixin.py:190} INFO - [2025-04-22T06:30:53.673+0000] {dag.py:4180} INFO - Setting next_dagrun for dataset_consumes_1_and_2 to None, run_after=None
[2025-04-22T06:30:53.675+0000] {logging_mixin.py:190} INFO - [2025-04-22T06:30:53.675+0000] {dag.py:4180} INFO - Setting next_dagrun for dataset_consumes_1_never_scheduled to None, run_after=None
[2025-04-22T06:30:53.679+0000] {logging_mixin.py:190} INFO - [2025-04-22T06:30:53.679+0000] {dag.py:4180} INFO - Setting next_dagrun for dataset_consumes_unknown_never_scheduled to None, run_after=None
[2025-04-22T06:30:53.684+0000] {logging_mixin.py:190} INFO - [2025-04-22T06:30:53.684+0000] {dag.py:4180} INFO - Setting next_dagrun for dataset_produces_1 to 2025-04-21 00:00:00+00:00, run_after=2025-04-22 00:00:00+00:00
[2025-04-22T06:30:53.687+0000] {logging_mixin.py:190} INFO - [2025-04-22T06:30:53.686+0000] {dag.py:4180} INFO - Setting next_dagrun for dataset_produces_2 to None, run_after=None
[2025-04-22T06:30:53.734+0000] {processor.py:208} INFO - Processing /home/airflow/.local/lib/python3.9/site-packages/airflow/example_dags/example_datasets.py took 1.314 seconds
[2025-04-22T06:31:24.503+0000] {processor.py:186} INFO - Started process (PID=1356) to work on /home/airflow/.local/lib/python3.9/site-packages/airflow/example_dags/example_datasets.py
[2025-04-22T06:31:24.505+0000] {processor.py:914} INFO - Processing file /home/airflow/.local/lib/python3.9/site-packages/airflow/example_dags/example_datasets.py for tasks to queue
[2025-04-22T06:31:24.507+0000] {logging_mixin.py:190} INFO - [2025-04-22T06:31:24.507+0000] {dagbag.py:588} INFO - Filling up the DagBag from /home/airflow/.local/lib/python3.9/site-packages/airflow/example_dags/example_datasets.py
[2025-04-22T06:31:24.810+0000] {processor.py:925} INFO - DAG(s) 'dataset_consumes_1_never_scheduled', 'consume_1_or_2_with_dataset_expressions', 'consume_1_or_both_2_and_3_with_dataset_expressions', 'dataset_produces_2', 'dataset_consumes_1', 'conditional_dataset_and_time_based_timetable', 'dataset_consumes_unknown_never_scheduled', 'dataset_produces_1', 'consume_1_and_2_with_dataset_expressions', 'dataset_consumes_1_and_2' retrieved from /home/airflow/.local/lib/python3.9/site-packages/airflow/example_dags/example_datasets.py
[2025-04-22T06:31:24.987+0000] {logging_mixin.py:190} INFO - [2025-04-22T06:31:24.987+0000] {dag.py:3239} INFO - Sync 10 DAGs
[2025-04-22T06:31:25.013+0000] {logging_mixin.py:190} INFO - [2025-04-22T06:31:25.013+0000] {dag.py:4180} INFO - Setting next_dagrun for conditional_dataset_and_time_based_timetable to 2025-04-16 01:00:00+00:00, run_after=2025-04-16 01:00:00+00:00
[2025-04-22T06:31:25.017+0000] {logging_mixin.py:190} INFO - [2025-04-22T06:31:25.017+0000] {dag.py:4180} INFO - Setting next_dagrun for consume_1_and_2_with_dataset_expressions to None, run_after=None
[2025-04-22T06:31:25.018+0000] {logging_mixin.py:190} INFO - [2025-04-22T06:31:25.018+0000] {dag.py:4180} INFO - Setting next_dagrun for consume_1_or_2_with_dataset_expressions to None, run_after=None
[2025-04-22T06:31:25.020+0000] {logging_mixin.py:190} INFO - [2025-04-22T06:31:25.020+0000] {dag.py:4180} INFO - Setting next_dagrun for consume_1_or_both_2_and_3_with_dataset_expressions to None, run_after=None
[2025-04-22T06:31:25.021+0000] {logging_mixin.py:190} INFO - [2025-04-22T06:31:25.021+0000] {dag.py:4180} INFO - Setting next_dagrun for dataset_consumes_1 to None, run_after=None
[2025-04-22T06:31:25.023+0000] {logging_mixin.py:190} INFO - [2025-04-22T06:31:25.023+0000] {dag.py:4180} INFO - Setting next_dagrun for dataset_consumes_1_and_2 to None, run_after=None
[2025-04-22T06:31:25.024+0000] {logging_mixin.py:190} INFO - [2025-04-22T06:31:25.024+0000] {dag.py:4180} INFO - Setting next_dagrun for dataset_consumes_1_never_scheduled to None, run_after=None
[2025-04-22T06:31:25.025+0000] {logging_mixin.py:190} INFO - [2025-04-22T06:31:25.025+0000] {dag.py:4180} INFO - Setting next_dagrun for dataset_consumes_unknown_never_scheduled to None, run_after=None
[2025-04-22T06:31:25.028+0000] {logging_mixin.py:190} INFO - [2025-04-22T06:31:25.028+0000] {dag.py:4180} INFO - Setting next_dagrun for dataset_produces_1 to 2025-04-21 00:00:00+00:00, run_after=2025-04-22 00:00:00+00:00
[2025-04-22T06:31:25.030+0000] {logging_mixin.py:190} INFO - [2025-04-22T06:31:25.030+0000] {dag.py:4180} INFO - Setting next_dagrun for dataset_produces_2 to None, run_after=None
[2025-04-22T06:31:25.061+0000] {processor.py:208} INFO - Processing /home/airflow/.local/lib/python3.9/site-packages/airflow/example_dags/example_datasets.py took 0.564 seconds
[2025-04-22T06:31:55.274+0000] {processor.py:186} INFO - Started process (PID=1414) to work on /home/airflow/.local/lib/python3.9/site-packages/airflow/example_dags/example_datasets.py
[2025-04-22T06:31:55.275+0000] {processor.py:914} INFO - Processing file /home/airflow/.local/lib/python3.9/site-packages/airflow/example_dags/example_datasets.py for tasks to queue
[2025-04-22T06:31:55.277+0000] {logging_mixin.py:190} INFO - [2025-04-22T06:31:55.277+0000] {dagbag.py:588} INFO - Filling up the DagBag from /home/airflow/.local/lib/python3.9/site-packages/airflow/example_dags/example_datasets.py
[2025-04-22T06:31:55.576+0000] {processor.py:925} INFO - DAG(s) 'dataset_consumes_unknown_never_scheduled', 'dataset_consumes_1', 'conditional_dataset_and_time_based_timetable', 'dataset_produces_1', 'consume_1_or_2_with_dataset_expressions', 'dataset_consumes_1_never_scheduled', 'consume_1_or_both_2_and_3_with_dataset_expressions', 'consume_1_and_2_with_dataset_expressions', 'dataset_consumes_1_and_2', 'dataset_produces_2' retrieved from /home/airflow/.local/lib/python3.9/site-packages/airflow/example_dags/example_datasets.py
[2025-04-22T06:31:55.756+0000] {logging_mixin.py:190} INFO - [2025-04-22T06:31:55.755+0000] {dag.py:3239} INFO - Sync 10 DAGs
[2025-04-22T06:31:55.781+0000] {logging_mixin.py:190} INFO - [2025-04-22T06:31:55.781+0000] {dag.py:4180} INFO - Setting next_dagrun for conditional_dataset_and_time_based_timetable to 2025-04-16 01:00:00+00:00, run_after=2025-04-16 01:00:00+00:00
[2025-04-22T06:31:55.785+0000] {logging_mixin.py:190} INFO - [2025-04-22T06:31:55.785+0000] {dag.py:4180} INFO - Setting next_dagrun for consume_1_and_2_with_dataset_expressions to None, run_after=None
[2025-04-22T06:31:55.786+0000] {logging_mixin.py:190} INFO - [2025-04-22T06:31:55.786+0000] {dag.py:4180} INFO - Setting next_dagrun for consume_1_or_2_with_dataset_expressions to None, run_after=None
[2025-04-22T06:31:55.788+0000] {logging_mixin.py:190} INFO - [2025-04-22T06:31:55.788+0000] {dag.py:4180} INFO - Setting next_dagrun for consume_1_or_both_2_and_3_with_dataset_expressions to None, run_after=None
[2025-04-22T06:31:55.789+0000] {logging_mixin.py:190} INFO - [2025-04-22T06:31:55.789+0000] {dag.py:4180} INFO - Setting next_dagrun for dataset_consumes_1 to None, run_after=None
[2025-04-22T06:31:55.791+0000] {logging_mixin.py:190} INFO - [2025-04-22T06:31:55.791+0000] {dag.py:4180} INFO - Setting next_dagrun for dataset_consumes_1_and_2 to None, run_after=None
[2025-04-22T06:31:55.792+0000] {logging_mixin.py:190} INFO - [2025-04-22T06:31:55.792+0000] {dag.py:4180} INFO - Setting next_dagrun for dataset_consumes_1_never_scheduled to None, run_after=None
[2025-04-22T06:31:55.793+0000] {logging_mixin.py:190} INFO - [2025-04-22T06:31:55.793+0000] {dag.py:4180} INFO - Setting next_dagrun for dataset_consumes_unknown_never_scheduled to None, run_after=None
[2025-04-22T06:31:55.796+0000] {logging_mixin.py:190} INFO - [2025-04-22T06:31:55.796+0000] {dag.py:4180} INFO - Setting next_dagrun for dataset_produces_1 to 2025-04-21 00:00:00+00:00, run_after=2025-04-22 00:00:00+00:00
[2025-04-22T06:31:55.798+0000] {logging_mixin.py:190} INFO - [2025-04-22T06:31:55.797+0000] {dag.py:4180} INFO - Setting next_dagrun for dataset_produces_2 to None, run_after=None
[2025-04-22T06:31:55.830+0000] {processor.py:208} INFO - Processing /home/airflow/.local/lib/python3.9/site-packages/airflow/example_dags/example_datasets.py took 0.562 seconds
[2025-04-22T06:32:26.812+0000] {processor.py:186} INFO - Started process (PID=1473) to work on /home/airflow/.local/lib/python3.9/site-packages/airflow/example_dags/example_datasets.py
[2025-04-22T06:32:26.815+0000] {processor.py:914} INFO - Processing file /home/airflow/.local/lib/python3.9/site-packages/airflow/example_dags/example_datasets.py for tasks to queue
[2025-04-22T06:32:26.830+0000] {logging_mixin.py:190} INFO - [2025-04-22T06:32:26.829+0000] {dagbag.py:588} INFO - Filling up the DagBag from /home/airflow/.local/lib/python3.9/site-packages/airflow/example_dags/example_datasets.py
[2025-04-22T06:32:28.067+0000] {processor.py:925} INFO - DAG(s) 'dataset_consumes_unknown_never_scheduled', 'consume_1_or_both_2_and_3_with_dataset_expressions', 'consume_1_and_2_with_dataset_expressions', 'dataset_consumes_1_never_scheduled', 'dataset_consumes_1_and_2', 'conditional_dataset_and_time_based_timetable', 'consume_1_or_2_with_dataset_expressions', 'dataset_produces_1', 'dataset_consumes_1', 'dataset_produces_2' retrieved from /home/airflow/.local/lib/python3.9/site-packages/airflow/example_dags/example_datasets.py
[2025-04-22T06:32:28.216+0000] {logging_mixin.py:190} INFO - [2025-04-22T06:32:28.215+0000] {dag.py:3239} INFO - Sync 10 DAGs
[2025-04-22T06:32:28.302+0000] {logging_mixin.py:190} INFO - [2025-04-22T06:32:28.302+0000] {dag.py:4180} INFO - Setting next_dagrun for conditional_dataset_and_time_based_timetable to 2025-04-16 01:00:00+00:00, run_after=2025-04-16 01:00:00+00:00
[2025-04-22T06:32:28.318+0000] {logging_mixin.py:190} INFO - [2025-04-22T06:32:28.318+0000] {dag.py:4180} INFO - Setting next_dagrun for consume_1_and_2_with_dataset_expressions to None, run_after=None
[2025-04-22T06:32:28.328+0000] {logging_mixin.py:190} INFO - [2025-04-22T06:32:28.327+0000] {dag.py:4180} INFO - Setting next_dagrun for consume_1_or_2_with_dataset_expressions to None, run_after=None
[2025-04-22T06:32:28.335+0000] {logging_mixin.py:190} INFO - [2025-04-22T06:32:28.335+0000] {dag.py:4180} INFO - Setting next_dagrun for consume_1_or_both_2_and_3_with_dataset_expressions to None, run_after=None
[2025-04-22T06:32:28.342+0000] {logging_mixin.py:190} INFO - [2025-04-22T06:32:28.341+0000] {dag.py:4180} INFO - Setting next_dagrun for dataset_consumes_1 to None, run_after=None
[2025-04-22T06:32:28.345+0000] {logging_mixin.py:190} INFO - [2025-04-22T06:32:28.345+0000] {dag.py:4180} INFO - Setting next_dagrun for dataset_consumes_1_and_2 to None, run_after=None
[2025-04-22T06:32:28.348+0000] {logging_mixin.py:190} INFO - [2025-04-22T06:32:28.348+0000] {dag.py:4180} INFO - Setting next_dagrun for dataset_consumes_1_never_scheduled to None, run_after=None
[2025-04-22T06:32:28.352+0000] {logging_mixin.py:190} INFO - [2025-04-22T06:32:28.352+0000] {dag.py:4180} INFO - Setting next_dagrun for dataset_consumes_unknown_never_scheduled to None, run_after=None
[2025-04-22T06:32:28.365+0000] {logging_mixin.py:190} INFO - [2025-04-22T06:32:28.364+0000] {dag.py:4180} INFO - Setting next_dagrun for dataset_produces_1 to 2025-04-21 00:00:00+00:00, run_after=2025-04-22 00:00:00+00:00
[2025-04-22T06:32:28.368+0000] {logging_mixin.py:190} INFO - [2025-04-22T06:32:28.367+0000] {dag.py:4180} INFO - Setting next_dagrun for dataset_produces_2 to None, run_after=None
[2025-04-22T06:32:28.492+0000] {processor.py:208} INFO - Processing /home/airflow/.local/lib/python3.9/site-packages/airflow/example_dags/example_datasets.py took 1.708 seconds
