[2025-04-22T06:19:56.988+0000] {processor.py:186} INFO - Started process (PID=53) to work on /home/airflow/.local/lib/python3.9/site-packages/airflow/example_dags/example_latest_only_with_trigger.py
[2025-04-22T06:19:56.989+0000] {processor.py:914} INFO - Processing file /home/airflow/.local/lib/python3.9/site-packages/airflow/example_dags/example_latest_only_with_trigger.py for tasks to queue
[2025-04-22T06:19:56.992+0000] {logging_mixin.py:190} INFO - [2025-04-22T06:19:56.991+0000] {dagbag.py:588} INFO - Filling up the DagBag from /home/airflow/.local/lib/python3.9/site-packages/airflow/example_dags/example_latest_only_with_trigger.py
[2025-04-22T06:19:57.000+0000] {processor.py:925} INFO - DAG(s) 'latest_only_with_trigger' retrieved from /home/airflow/.local/lib/python3.9/site-packages/airflow/example_dags/example_latest_only_with_trigger.py
[2025-04-22T06:19:57.036+0000] {logging_mixin.py:190} INFO - [2025-04-22T06:19:57.036+0000] {dag.py:3239} INFO - Sync 1 DAGs
[2025-04-22T06:19:57.067+0000] {logging_mixin.py:190} INFO - [2025-04-22T06:19:57.067+0000] {dag.py:4180} INFO - Setting next_dagrun for latest_only_with_trigger to 2025-04-22 00:00:00+00:00, run_after=2025-04-22 04:00:00+00:00
[2025-04-22T06:19:57.088+0000] {processor.py:208} INFO - Processing /home/airflow/.local/lib/python3.9/site-packages/airflow/example_dags/example_latest_only_with_trigger.py took 0.106 seconds
[2025-04-22T06:20:27.156+0000] {processor.py:186} INFO - Started process (PID=110) to work on /home/airflow/.local/lib/python3.9/site-packages/airflow/example_dags/example_latest_only_with_trigger.py
[2025-04-22T06:20:27.157+0000] {processor.py:914} INFO - Processing file /home/airflow/.local/lib/python3.9/site-packages/airflow/example_dags/example_latest_only_with_trigger.py for tasks to queue
[2025-04-22T06:20:27.161+0000] {logging_mixin.py:190} INFO - [2025-04-22T06:20:27.160+0000] {dagbag.py:588} INFO - Filling up the DagBag from /home/airflow/.local/lib/python3.9/site-packages/airflow/example_dags/example_latest_only_with_trigger.py
[2025-04-22T06:20:27.172+0000] {processor.py:925} INFO - DAG(s) 'latest_only_with_trigger' retrieved from /home/airflow/.local/lib/python3.9/site-packages/airflow/example_dags/example_latest_only_with_trigger.py
[2025-04-22T06:20:27.198+0000] {logging_mixin.py:190} INFO - [2025-04-22T06:20:27.198+0000] {dag.py:3239} INFO - Sync 1 DAGs
[2025-04-22T06:20:27.229+0000] {logging_mixin.py:190} INFO - [2025-04-22T06:20:27.229+0000] {dag.py:4180} INFO - Setting next_dagrun for latest_only_with_trigger to 2025-04-22 00:00:00+00:00, run_after=2025-04-22 04:00:00+00:00
[2025-04-22T06:20:27.258+0000] {processor.py:208} INFO - Processing /home/airflow/.local/lib/python3.9/site-packages/airflow/example_dags/example_latest_only_with_trigger.py took 0.112 seconds
[2025-04-22T06:20:57.774+0000] {processor.py:186} INFO - Started process (PID=168) to work on /home/airflow/.local/lib/python3.9/site-packages/airflow/example_dags/example_latest_only_with_trigger.py
[2025-04-22T06:20:57.776+0000] {processor.py:914} INFO - Processing file /home/airflow/.local/lib/python3.9/site-packages/airflow/example_dags/example_latest_only_with_trigger.py for tasks to queue
[2025-04-22T06:20:57.779+0000] {logging_mixin.py:190} INFO - [2025-04-22T06:20:57.779+0000] {dagbag.py:588} INFO - Filling up the DagBag from /home/airflow/.local/lib/python3.9/site-packages/airflow/example_dags/example_latest_only_with_trigger.py
[2025-04-22T06:20:57.788+0000] {processor.py:925} INFO - DAG(s) 'latest_only_with_trigger' retrieved from /home/airflow/.local/lib/python3.9/site-packages/airflow/example_dags/example_latest_only_with_trigger.py
[2025-04-22T06:20:57.808+0000] {logging_mixin.py:190} INFO - [2025-04-22T06:20:57.808+0000] {dag.py:3239} INFO - Sync 1 DAGs
[2025-04-22T06:20:57.837+0000] {logging_mixin.py:190} INFO - [2025-04-22T06:20:57.837+0000] {dag.py:4180} INFO - Setting next_dagrun for latest_only_with_trigger to 2025-04-22 00:00:00+00:00, run_after=2025-04-22 04:00:00+00:00
[2025-04-22T06:20:57.862+0000] {processor.py:208} INFO - Processing /home/airflow/.local/lib/python3.9/site-packages/airflow/example_dags/example_latest_only_with_trigger.py took 0.095 seconds
[2025-04-22T06:21:28.604+0000] {processor.py:186} INFO - Started process (PID=226) to work on /home/airflow/.local/lib/python3.9/site-packages/airflow/example_dags/example_latest_only_with_trigger.py
[2025-04-22T06:21:28.605+0000] {processor.py:914} INFO - Processing file /home/airflow/.local/lib/python3.9/site-packages/airflow/example_dags/example_latest_only_with_trigger.py for tasks to queue
[2025-04-22T06:21:28.608+0000] {logging_mixin.py:190} INFO - [2025-04-22T06:21:28.607+0000] {dagbag.py:588} INFO - Filling up the DagBag from /home/airflow/.local/lib/python3.9/site-packages/airflow/example_dags/example_latest_only_with_trigger.py
[2025-04-22T06:21:28.616+0000] {processor.py:925} INFO - DAG(s) 'latest_only_with_trigger' retrieved from /home/airflow/.local/lib/python3.9/site-packages/airflow/example_dags/example_latest_only_with_trigger.py
[2025-04-22T06:21:28.637+0000] {logging_mixin.py:190} INFO - [2025-04-22T06:21:28.637+0000] {dag.py:3239} INFO - Sync 1 DAGs
[2025-04-22T06:21:28.661+0000] {logging_mixin.py:190} INFO - [2025-04-22T06:21:28.660+0000] {dag.py:4180} INFO - Setting next_dagrun for latest_only_with_trigger to 2025-04-22 00:00:00+00:00, run_after=2025-04-22 04:00:00+00:00
[2025-04-22T06:21:28.680+0000] {processor.py:208} INFO - Processing /home/airflow/.local/lib/python3.9/site-packages/airflow/example_dags/example_latest_only_with_trigger.py took 0.083 seconds
[2025-04-22T06:21:59.012+0000] {processor.py:186} INFO - Started process (PID=284) to work on /home/airflow/.local/lib/python3.9/site-packages/airflow/example_dags/example_latest_only_with_trigger.py
[2025-04-22T06:21:59.014+0000] {processor.py:914} INFO - Processing file /home/airflow/.local/lib/python3.9/site-packages/airflow/example_dags/example_latest_only_with_trigger.py for tasks to queue
[2025-04-22T06:21:59.017+0000] {logging_mixin.py:190} INFO - [2025-04-22T06:21:59.016+0000] {dagbag.py:588} INFO - Filling up the DagBag from /home/airflow/.local/lib/python3.9/site-packages/airflow/example_dags/example_latest_only_with_trigger.py
[2025-04-22T06:21:59.025+0000] {processor.py:925} INFO - DAG(s) 'latest_only_with_trigger' retrieved from /home/airflow/.local/lib/python3.9/site-packages/airflow/example_dags/example_latest_only_with_trigger.py
[2025-04-22T06:21:59.050+0000] {logging_mixin.py:190} INFO - [2025-04-22T06:21:59.050+0000] {dag.py:3239} INFO - Sync 1 DAGs
[2025-04-22T06:21:59.079+0000] {logging_mixin.py:190} INFO - [2025-04-22T06:21:59.079+0000] {dag.py:4180} INFO - Setting next_dagrun for latest_only_with_trigger to 2025-04-22 00:00:00+00:00, run_after=2025-04-22 04:00:00+00:00
[2025-04-22T06:21:59.100+0000] {processor.py:208} INFO - Processing /home/airflow/.local/lib/python3.9/site-packages/airflow/example_dags/example_latest_only_with_trigger.py took 0.096 seconds
[2025-04-22T06:22:29.968+0000] {processor.py:186} INFO - Started process (PID=343) to work on /home/airflow/.local/lib/python3.9/site-packages/airflow/example_dags/example_latest_only_with_trigger.py
[2025-04-22T06:22:29.969+0000] {processor.py:914} INFO - Processing file /home/airflow/.local/lib/python3.9/site-packages/airflow/example_dags/example_latest_only_with_trigger.py for tasks to queue
[2025-04-22T06:22:29.973+0000] {logging_mixin.py:190} INFO - [2025-04-22T06:22:29.973+0000] {dagbag.py:588} INFO - Filling up the DagBag from /home/airflow/.local/lib/python3.9/site-packages/airflow/example_dags/example_latest_only_with_trigger.py
[2025-04-22T06:22:29.984+0000] {processor.py:925} INFO - DAG(s) 'latest_only_with_trigger' retrieved from /home/airflow/.local/lib/python3.9/site-packages/airflow/example_dags/example_latest_only_with_trigger.py
[2025-04-22T06:22:30.009+0000] {logging_mixin.py:190} INFO - [2025-04-22T06:22:30.008+0000] {dag.py:3239} INFO - Sync 1 DAGs
[2025-04-22T06:22:30.037+0000] {logging_mixin.py:190} INFO - [2025-04-22T06:22:30.037+0000] {dag.py:4180} INFO - Setting next_dagrun for latest_only_with_trigger to 2025-04-22 00:00:00+00:00, run_after=2025-04-22 04:00:00+00:00
[2025-04-22T06:22:30.065+0000] {processor.py:208} INFO - Processing /home/airflow/.local/lib/python3.9/site-packages/airflow/example_dags/example_latest_only_with_trigger.py took 0.107 seconds
[2025-04-22T06:23:00.208+0000] {processor.py:186} INFO - Started process (PID=400) to work on /home/airflow/.local/lib/python3.9/site-packages/airflow/example_dags/example_latest_only_with_trigger.py
[2025-04-22T06:23:00.209+0000] {processor.py:914} INFO - Processing file /home/airflow/.local/lib/python3.9/site-packages/airflow/example_dags/example_latest_only_with_trigger.py for tasks to queue
[2025-04-22T06:23:00.212+0000] {logging_mixin.py:190} INFO - [2025-04-22T06:23:00.211+0000] {dagbag.py:588} INFO - Filling up the DagBag from /home/airflow/.local/lib/python3.9/site-packages/airflow/example_dags/example_latest_only_with_trigger.py
[2025-04-22T06:23:00.222+0000] {processor.py:925} INFO - DAG(s) 'latest_only_with_trigger' retrieved from /home/airflow/.local/lib/python3.9/site-packages/airflow/example_dags/example_latest_only_with_trigger.py
[2025-04-22T06:23:00.245+0000] {logging_mixin.py:190} INFO - [2025-04-22T06:23:00.245+0000] {dag.py:3239} INFO - Sync 1 DAGs
[2025-04-22T06:23:00.273+0000] {logging_mixin.py:190} INFO - [2025-04-22T06:23:00.273+0000] {dag.py:4180} INFO - Setting next_dagrun for latest_only_with_trigger to 2025-04-22 00:00:00+00:00, run_after=2025-04-22 04:00:00+00:00
[2025-04-22T06:23:00.294+0000] {processor.py:208} INFO - Processing /home/airflow/.local/lib/python3.9/site-packages/airflow/example_dags/example_latest_only_with_trigger.py took 0.094 seconds
[2025-04-22T06:23:31.081+0000] {processor.py:186} INFO - Started process (PID=458) to work on /home/airflow/.local/lib/python3.9/site-packages/airflow/example_dags/example_latest_only_with_trigger.py
[2025-04-22T06:23:31.082+0000] {processor.py:914} INFO - Processing file /home/airflow/.local/lib/python3.9/site-packages/airflow/example_dags/example_latest_only_with_trigger.py for tasks to queue
[2025-04-22T06:23:31.085+0000] {logging_mixin.py:190} INFO - [2025-04-22T06:23:31.084+0000] {dagbag.py:588} INFO - Filling up the DagBag from /home/airflow/.local/lib/python3.9/site-packages/airflow/example_dags/example_latest_only_with_trigger.py
[2025-04-22T06:23:31.092+0000] {processor.py:925} INFO - DAG(s) 'latest_only_with_trigger' retrieved from /home/airflow/.local/lib/python3.9/site-packages/airflow/example_dags/example_latest_only_with_trigger.py
[2025-04-22T06:23:31.110+0000] {logging_mixin.py:190} INFO - [2025-04-22T06:23:31.110+0000] {dag.py:3239} INFO - Sync 1 DAGs
[2025-04-22T06:23:31.131+0000] {logging_mixin.py:190} INFO - [2025-04-22T06:23:31.131+0000] {dag.py:4180} INFO - Setting next_dagrun for latest_only_with_trigger to 2025-04-22 00:00:00+00:00, run_after=2025-04-22 04:00:00+00:00
[2025-04-22T06:23:31.149+0000] {processor.py:208} INFO - Processing /home/airflow/.local/lib/python3.9/site-packages/airflow/example_dags/example_latest_only_with_trigger.py took 0.074 seconds
[2025-04-22T06:24:02.232+0000] {processor.py:186} INFO - Started process (PID=517) to work on /home/airflow/.local/lib/python3.9/site-packages/airflow/example_dags/example_latest_only_with_trigger.py
[2025-04-22T06:24:02.233+0000] {processor.py:914} INFO - Processing file /home/airflow/.local/lib/python3.9/site-packages/airflow/example_dags/example_latest_only_with_trigger.py for tasks to queue
[2025-04-22T06:24:02.236+0000] {logging_mixin.py:190} INFO - [2025-04-22T06:24:02.235+0000] {dagbag.py:588} INFO - Filling up the DagBag from /home/airflow/.local/lib/python3.9/site-packages/airflow/example_dags/example_latest_only_with_trigger.py
[2025-04-22T06:24:02.242+0000] {processor.py:925} INFO - DAG(s) 'latest_only_with_trigger' retrieved from /home/airflow/.local/lib/python3.9/site-packages/airflow/example_dags/example_latest_only_with_trigger.py
[2025-04-22T06:24:02.261+0000] {logging_mixin.py:190} INFO - [2025-04-22T06:24:02.261+0000] {dag.py:3239} INFO - Sync 1 DAGs
[2025-04-22T06:24:02.283+0000] {logging_mixin.py:190} INFO - [2025-04-22T06:24:02.283+0000] {dag.py:4180} INFO - Setting next_dagrun for latest_only_with_trigger to 2025-04-22 00:00:00+00:00, run_after=2025-04-22 04:00:00+00:00
[2025-04-22T06:24:02.302+0000] {processor.py:208} INFO - Processing /home/airflow/.local/lib/python3.9/site-packages/airflow/example_dags/example_latest_only_with_trigger.py took 0.075 seconds
[2025-04-22T06:24:32.382+0000] {processor.py:186} INFO - Started process (PID=574) to work on /home/airflow/.local/lib/python3.9/site-packages/airflow/example_dags/example_latest_only_with_trigger.py
[2025-04-22T06:24:32.383+0000] {processor.py:914} INFO - Processing file /home/airflow/.local/lib/python3.9/site-packages/airflow/example_dags/example_latest_only_with_trigger.py for tasks to queue
[2025-04-22T06:24:32.386+0000] {logging_mixin.py:190} INFO - [2025-04-22T06:24:32.386+0000] {dagbag.py:588} INFO - Filling up the DagBag from /home/airflow/.local/lib/python3.9/site-packages/airflow/example_dags/example_latest_only_with_trigger.py
[2025-04-22T06:24:32.394+0000] {processor.py:925} INFO - DAG(s) 'latest_only_with_trigger' retrieved from /home/airflow/.local/lib/python3.9/site-packages/airflow/example_dags/example_latest_only_with_trigger.py
[2025-04-22T06:24:32.412+0000] {logging_mixin.py:190} INFO - [2025-04-22T06:24:32.412+0000] {dag.py:3239} INFO - Sync 1 DAGs
[2025-04-22T06:24:32.444+0000] {logging_mixin.py:190} INFO - [2025-04-22T06:24:32.443+0000] {dag.py:4180} INFO - Setting next_dagrun for latest_only_with_trigger to 2025-04-22 00:00:00+00:00, run_after=2025-04-22 04:00:00+00:00
[2025-04-22T06:24:32.461+0000] {processor.py:208} INFO - Processing /home/airflow/.local/lib/python3.9/site-packages/airflow/example_dags/example_latest_only_with_trigger.py took 0.085 seconds
[2025-04-22T06:25:02.943+0000] {processor.py:186} INFO - Started process (PID=632) to work on /home/airflow/.local/lib/python3.9/site-packages/airflow/example_dags/example_latest_only_with_trigger.py
[2025-04-22T06:25:02.944+0000] {processor.py:914} INFO - Processing file /home/airflow/.local/lib/python3.9/site-packages/airflow/example_dags/example_latest_only_with_trigger.py for tasks to queue
[2025-04-22T06:25:02.946+0000] {logging_mixin.py:190} INFO - [2025-04-22T06:25:02.946+0000] {dagbag.py:588} INFO - Filling up the DagBag from /home/airflow/.local/lib/python3.9/site-packages/airflow/example_dags/example_latest_only_with_trigger.py
[2025-04-22T06:25:02.955+0000] {processor.py:925} INFO - DAG(s) 'latest_only_with_trigger' retrieved from /home/airflow/.local/lib/python3.9/site-packages/airflow/example_dags/example_latest_only_with_trigger.py
[2025-04-22T06:25:02.973+0000] {logging_mixin.py:190} INFO - [2025-04-22T06:25:02.973+0000] {dag.py:3239} INFO - Sync 1 DAGs
[2025-04-22T06:25:02.995+0000] {logging_mixin.py:190} INFO - [2025-04-22T06:25:02.995+0000] {dag.py:4180} INFO - Setting next_dagrun for latest_only_with_trigger to 2025-04-22 00:00:00+00:00, run_after=2025-04-22 04:00:00+00:00
[2025-04-22T06:25:03.013+0000] {processor.py:208} INFO - Processing /home/airflow/.local/lib/python3.9/site-packages/airflow/example_dags/example_latest_only_with_trigger.py took 0.077 seconds
[2025-04-22T06:25:33.105+0000] {processor.py:186} INFO - Started process (PID=690) to work on /home/airflow/.local/lib/python3.9/site-packages/airflow/example_dags/example_latest_only_with_trigger.py
[2025-04-22T06:25:33.106+0000] {processor.py:914} INFO - Processing file /home/airflow/.local/lib/python3.9/site-packages/airflow/example_dags/example_latest_only_with_trigger.py for tasks to queue
[2025-04-22T06:25:33.108+0000] {logging_mixin.py:190} INFO - [2025-04-22T06:25:33.108+0000] {dagbag.py:588} INFO - Filling up the DagBag from /home/airflow/.local/lib/python3.9/site-packages/airflow/example_dags/example_latest_only_with_trigger.py
[2025-04-22T06:25:33.117+0000] {processor.py:925} INFO - DAG(s) 'latest_only_with_trigger' retrieved from /home/airflow/.local/lib/python3.9/site-packages/airflow/example_dags/example_latest_only_with_trigger.py
[2025-04-22T06:25:33.135+0000] {logging_mixin.py:190} INFO - [2025-04-22T06:25:33.135+0000] {dag.py:3239} INFO - Sync 1 DAGs
[2025-04-22T06:25:33.157+0000] {logging_mixin.py:190} INFO - [2025-04-22T06:25:33.157+0000] {dag.py:4180} INFO - Setting next_dagrun for latest_only_with_trigger to 2025-04-22 00:00:00+00:00, run_after=2025-04-22 04:00:00+00:00
[2025-04-22T06:25:33.175+0000] {processor.py:208} INFO - Processing /home/airflow/.local/lib/python3.9/site-packages/airflow/example_dags/example_latest_only_with_trigger.py took 0.077 seconds
[2025-04-22T06:26:03.912+0000] {processor.py:186} INFO - Started process (PID=748) to work on /home/airflow/.local/lib/python3.9/site-packages/airflow/example_dags/example_latest_only_with_trigger.py
[2025-04-22T06:26:03.913+0000] {processor.py:914} INFO - Processing file /home/airflow/.local/lib/python3.9/site-packages/airflow/example_dags/example_latest_only_with_trigger.py for tasks to queue
[2025-04-22T06:26:03.915+0000] {logging_mixin.py:190} INFO - [2025-04-22T06:26:03.915+0000] {dagbag.py:588} INFO - Filling up the DagBag from /home/airflow/.local/lib/python3.9/site-packages/airflow/example_dags/example_latest_only_with_trigger.py
[2025-04-22T06:26:03.924+0000] {processor.py:925} INFO - DAG(s) 'latest_only_with_trigger' retrieved from /home/airflow/.local/lib/python3.9/site-packages/airflow/example_dags/example_latest_only_with_trigger.py
[2025-04-22T06:26:03.942+0000] {logging_mixin.py:190} INFO - [2025-04-22T06:26:03.942+0000] {dag.py:3239} INFO - Sync 1 DAGs
[2025-04-22T06:26:03.964+0000] {logging_mixin.py:190} INFO - [2025-04-22T06:26:03.964+0000] {dag.py:4180} INFO - Setting next_dagrun for latest_only_with_trigger to 2025-04-22 00:00:00+00:00, run_after=2025-04-22 04:00:00+00:00
[2025-04-22T06:26:03.985+0000] {processor.py:208} INFO - Processing /home/airflow/.local/lib/python3.9/site-packages/airflow/example_dags/example_latest_only_with_trigger.py took 0.080 seconds
[2025-04-22T06:26:34.538+0000] {processor.py:186} INFO - Started process (PID=806) to work on /home/airflow/.local/lib/python3.9/site-packages/airflow/example_dags/example_latest_only_with_trigger.py
[2025-04-22T06:26:34.539+0000] {processor.py:914} INFO - Processing file /home/airflow/.local/lib/python3.9/site-packages/airflow/example_dags/example_latest_only_with_trigger.py for tasks to queue
[2025-04-22T06:26:34.542+0000] {logging_mixin.py:190} INFO - [2025-04-22T06:26:34.541+0000] {dagbag.py:588} INFO - Filling up the DagBag from /home/airflow/.local/lib/python3.9/site-packages/airflow/example_dags/example_latest_only_with_trigger.py
[2025-04-22T06:26:34.550+0000] {processor.py:925} INFO - DAG(s) 'latest_only_with_trigger' retrieved from /home/airflow/.local/lib/python3.9/site-packages/airflow/example_dags/example_latest_only_with_trigger.py
[2025-04-22T06:26:34.569+0000] {logging_mixin.py:190} INFO - [2025-04-22T06:26:34.569+0000] {dag.py:3239} INFO - Sync 1 DAGs
[2025-04-22T06:26:34.597+0000] {logging_mixin.py:190} INFO - [2025-04-22T06:26:34.597+0000] {dag.py:4180} INFO - Setting next_dagrun for latest_only_with_trigger to 2025-04-22 00:00:00+00:00, run_after=2025-04-22 04:00:00+00:00
[2025-04-22T06:26:34.617+0000] {processor.py:208} INFO - Processing /home/airflow/.local/lib/python3.9/site-packages/airflow/example_dags/example_latest_only_with_trigger.py took 0.085 seconds
[2025-04-22T06:27:05.083+0000] {processor.py:186} INFO - Started process (PID=864) to work on /home/airflow/.local/lib/python3.9/site-packages/airflow/example_dags/example_latest_only_with_trigger.py
[2025-04-22T06:27:05.084+0000] {processor.py:914} INFO - Processing file /home/airflow/.local/lib/python3.9/site-packages/airflow/example_dags/example_latest_only_with_trigger.py for tasks to queue
[2025-04-22T06:27:05.087+0000] {logging_mixin.py:190} INFO - [2025-04-22T06:27:05.087+0000] {dagbag.py:588} INFO - Filling up the DagBag from /home/airflow/.local/lib/python3.9/site-packages/airflow/example_dags/example_latest_only_with_trigger.py
[2025-04-22T06:27:05.097+0000] {processor.py:925} INFO - DAG(s) 'latest_only_with_trigger' retrieved from /home/airflow/.local/lib/python3.9/site-packages/airflow/example_dags/example_latest_only_with_trigger.py
[2025-04-22T06:27:05.120+0000] {logging_mixin.py:190} INFO - [2025-04-22T06:27:05.119+0000] {dag.py:3239} INFO - Sync 1 DAGs
[2025-04-22T06:27:05.144+0000] {logging_mixin.py:190} INFO - [2025-04-22T06:27:05.144+0000] {dag.py:4180} INFO - Setting next_dagrun for latest_only_with_trigger to 2025-04-22 00:00:00+00:00, run_after=2025-04-22 04:00:00+00:00
[2025-04-22T06:27:05.161+0000] {processor.py:208} INFO - Processing /home/airflow/.local/lib/python3.9/site-packages/airflow/example_dags/example_latest_only_with_trigger.py took 0.087 seconds
[2025-04-22T06:27:35.471+0000] {processor.py:186} INFO - Started process (PID=922) to work on /home/airflow/.local/lib/python3.9/site-packages/airflow/example_dags/example_latest_only_with_trigger.py
[2025-04-22T06:27:35.472+0000] {processor.py:914} INFO - Processing file /home/airflow/.local/lib/python3.9/site-packages/airflow/example_dags/example_latest_only_with_trigger.py for tasks to queue
[2025-04-22T06:27:35.474+0000] {logging_mixin.py:190} INFO - [2025-04-22T06:27:35.474+0000] {dagbag.py:588} INFO - Filling up the DagBag from /home/airflow/.local/lib/python3.9/site-packages/airflow/example_dags/example_latest_only_with_trigger.py
[2025-04-22T06:27:35.483+0000] {processor.py:925} INFO - DAG(s) 'latest_only_with_trigger' retrieved from /home/airflow/.local/lib/python3.9/site-packages/airflow/example_dags/example_latest_only_with_trigger.py
[2025-04-22T06:27:35.504+0000] {logging_mixin.py:190} INFO - [2025-04-22T06:27:35.503+0000] {dag.py:3239} INFO - Sync 1 DAGs
[2025-04-22T06:27:35.532+0000] {logging_mixin.py:190} INFO - [2025-04-22T06:27:35.532+0000] {dag.py:4180} INFO - Setting next_dagrun for latest_only_with_trigger to 2025-04-22 00:00:00+00:00, run_after=2025-04-22 04:00:00+00:00
[2025-04-22T06:27:35.554+0000] {processor.py:208} INFO - Processing /home/airflow/.local/lib/python3.9/site-packages/airflow/example_dags/example_latest_only_with_trigger.py took 0.090 seconds
[2025-04-22T06:28:06.154+0000] {processor.py:186} INFO - Started process (PID=980) to work on /home/airflow/.local/lib/python3.9/site-packages/airflow/example_dags/example_latest_only_with_trigger.py
[2025-04-22T06:28:06.155+0000] {processor.py:914} INFO - Processing file /home/airflow/.local/lib/python3.9/site-packages/airflow/example_dags/example_latest_only_with_trigger.py for tasks to queue
[2025-04-22T06:28:06.157+0000] {logging_mixin.py:190} INFO - [2025-04-22T06:28:06.157+0000] {dagbag.py:588} INFO - Filling up the DagBag from /home/airflow/.local/lib/python3.9/site-packages/airflow/example_dags/example_latest_only_with_trigger.py
[2025-04-22T06:28:06.165+0000] {processor.py:925} INFO - DAG(s) 'latest_only_with_trigger' retrieved from /home/airflow/.local/lib/python3.9/site-packages/airflow/example_dags/example_latest_only_with_trigger.py
[2025-04-22T06:28:06.185+0000] {logging_mixin.py:190} INFO - [2025-04-22T06:28:06.185+0000] {dag.py:3239} INFO - Sync 1 DAGs
[2025-04-22T06:28:06.209+0000] {logging_mixin.py:190} INFO - [2025-04-22T06:28:06.209+0000] {dag.py:4180} INFO - Setting next_dagrun for latest_only_with_trigger to 2025-04-22 00:00:00+00:00, run_after=2025-04-22 04:00:00+00:00
[2025-04-22T06:28:06.228+0000] {processor.py:208} INFO - Processing /home/airflow/.local/lib/python3.9/site-packages/airflow/example_dags/example_latest_only_with_trigger.py took 0.080 seconds
[2025-04-22T06:28:37.008+0000] {processor.py:186} INFO - Started process (PID=1038) to work on /home/airflow/.local/lib/python3.9/site-packages/airflow/example_dags/example_latest_only_with_trigger.py
[2025-04-22T06:28:37.008+0000] {processor.py:914} INFO - Processing file /home/airflow/.local/lib/python3.9/site-packages/airflow/example_dags/example_latest_only_with_trigger.py for tasks to queue
[2025-04-22T06:28:37.011+0000] {logging_mixin.py:190} INFO - [2025-04-22T06:28:37.010+0000] {dagbag.py:588} INFO - Filling up the DagBag from /home/airflow/.local/lib/python3.9/site-packages/airflow/example_dags/example_latest_only_with_trigger.py
[2025-04-22T06:28:37.018+0000] {processor.py:925} INFO - DAG(s) 'latest_only_with_trigger' retrieved from /home/airflow/.local/lib/python3.9/site-packages/airflow/example_dags/example_latest_only_with_trigger.py
[2025-04-22T06:28:37.036+0000] {logging_mixin.py:190} INFO - [2025-04-22T06:28:37.036+0000] {dag.py:3239} INFO - Sync 1 DAGs
[2025-04-22T06:28:37.058+0000] {logging_mixin.py:190} INFO - [2025-04-22T06:28:37.058+0000] {dag.py:4180} INFO - Setting next_dagrun for latest_only_with_trigger to 2025-04-22 00:00:00+00:00, run_after=2025-04-22 04:00:00+00:00
[2025-04-22T06:28:37.075+0000] {processor.py:208} INFO - Processing /home/airflow/.local/lib/python3.9/site-packages/airflow/example_dags/example_latest_only_with_trigger.py took 0.074 seconds
[2025-04-22T06:29:07.356+0000] {processor.py:186} INFO - Started process (PID=1096) to work on /home/airflow/.local/lib/python3.9/site-packages/airflow/example_dags/example_latest_only_with_trigger.py
[2025-04-22T06:29:07.357+0000] {processor.py:914} INFO - Processing file /home/airflow/.local/lib/python3.9/site-packages/airflow/example_dags/example_latest_only_with_trigger.py for tasks to queue
[2025-04-22T06:29:07.359+0000] {logging_mixin.py:190} INFO - [2025-04-22T06:29:07.359+0000] {dagbag.py:588} INFO - Filling up the DagBag from /home/airflow/.local/lib/python3.9/site-packages/airflow/example_dags/example_latest_only_with_trigger.py
[2025-04-22T06:29:07.366+0000] {processor.py:925} INFO - DAG(s) 'latest_only_with_trigger' retrieved from /home/airflow/.local/lib/python3.9/site-packages/airflow/example_dags/example_latest_only_with_trigger.py
[2025-04-22T06:29:07.384+0000] {logging_mixin.py:190} INFO - [2025-04-22T06:29:07.384+0000] {dag.py:3239} INFO - Sync 1 DAGs
[2025-04-22T06:29:07.407+0000] {logging_mixin.py:190} INFO - [2025-04-22T06:29:07.406+0000] {dag.py:4180} INFO - Setting next_dagrun for latest_only_with_trigger to 2025-04-22 00:00:00+00:00, run_after=2025-04-22 04:00:00+00:00
[2025-04-22T06:29:07.426+0000] {processor.py:208} INFO - Processing /home/airflow/.local/lib/python3.9/site-packages/airflow/example_dags/example_latest_only_with_trigger.py took 0.076 seconds
[2025-04-22T06:29:38.152+0000] {processor.py:186} INFO - Started process (PID=1154) to work on /home/airflow/.local/lib/python3.9/site-packages/airflow/example_dags/example_latest_only_with_trigger.py
[2025-04-22T06:29:38.153+0000] {processor.py:914} INFO - Processing file /home/airflow/.local/lib/python3.9/site-packages/airflow/example_dags/example_latest_only_with_trigger.py for tasks to queue
[2025-04-22T06:29:38.156+0000] {logging_mixin.py:190} INFO - [2025-04-22T06:29:38.156+0000] {dagbag.py:588} INFO - Filling up the DagBag from /home/airflow/.local/lib/python3.9/site-packages/airflow/example_dags/example_latest_only_with_trigger.py
[2025-04-22T06:29:38.164+0000] {processor.py:925} INFO - DAG(s) 'latest_only_with_trigger' retrieved from /home/airflow/.local/lib/python3.9/site-packages/airflow/example_dags/example_latest_only_with_trigger.py
[2025-04-22T06:29:38.183+0000] {logging_mixin.py:190} INFO - [2025-04-22T06:29:38.182+0000] {dag.py:3239} INFO - Sync 1 DAGs
[2025-04-22T06:29:38.205+0000] {logging_mixin.py:190} INFO - [2025-04-22T06:29:38.205+0000] {dag.py:4180} INFO - Setting next_dagrun for latest_only_with_trigger to 2025-04-22 00:00:00+00:00, run_after=2025-04-22 04:00:00+00:00
[2025-04-22T06:29:38.223+0000] {processor.py:208} INFO - Processing /home/airflow/.local/lib/python3.9/site-packages/airflow/example_dags/example_latest_only_with_trigger.py took 0.078 seconds
[2025-04-22T06:30:08.718+0000] {processor.py:186} INFO - Started process (PID=1212) to work on /home/airflow/.local/lib/python3.9/site-packages/airflow/example_dags/example_latest_only_with_trigger.py
[2025-04-22T06:30:08.719+0000] {processor.py:914} INFO - Processing file /home/airflow/.local/lib/python3.9/site-packages/airflow/example_dags/example_latest_only_with_trigger.py for tasks to queue
[2025-04-22T06:30:08.721+0000] {logging_mixin.py:190} INFO - [2025-04-22T06:30:08.721+0000] {dagbag.py:588} INFO - Filling up the DagBag from /home/airflow/.local/lib/python3.9/site-packages/airflow/example_dags/example_latest_only_with_trigger.py
[2025-04-22T06:30:08.729+0000] {processor.py:925} INFO - DAG(s) 'latest_only_with_trigger' retrieved from /home/airflow/.local/lib/python3.9/site-packages/airflow/example_dags/example_latest_only_with_trigger.py
[2025-04-22T06:30:08.747+0000] {logging_mixin.py:190} INFO - [2025-04-22T06:30:08.747+0000] {dag.py:3239} INFO - Sync 1 DAGs
[2025-04-22T06:30:08.770+0000] {logging_mixin.py:190} INFO - [2025-04-22T06:30:08.769+0000] {dag.py:4180} INFO - Setting next_dagrun for latest_only_with_trigger to 2025-04-22 00:00:00+00:00, run_after=2025-04-22 04:00:00+00:00
[2025-04-22T06:30:08.789+0000] {processor.py:208} INFO - Processing /home/airflow/.local/lib/python3.9/site-packages/airflow/example_dags/example_latest_only_with_trigger.py took 0.077 seconds
[2025-04-22T06:30:38.936+0000] {processor.py:186} INFO - Started process (PID=1270) to work on /home/airflow/.local/lib/python3.9/site-packages/airflow/example_dags/example_latest_only_with_trigger.py
[2025-04-22T06:30:38.937+0000] {processor.py:914} INFO - Processing file /home/airflow/.local/lib/python3.9/site-packages/airflow/example_dags/example_latest_only_with_trigger.py for tasks to queue
[2025-04-22T06:30:38.939+0000] {logging_mixin.py:190} INFO - [2025-04-22T06:30:38.939+0000] {dagbag.py:588} INFO - Filling up the DagBag from /home/airflow/.local/lib/python3.9/site-packages/airflow/example_dags/example_latest_only_with_trigger.py
[2025-04-22T06:30:38.947+0000] {processor.py:925} INFO - DAG(s) 'latest_only_with_trigger' retrieved from /home/airflow/.local/lib/python3.9/site-packages/airflow/example_dags/example_latest_only_with_trigger.py
[2025-04-22T06:30:38.966+0000] {logging_mixin.py:190} INFO - [2025-04-22T06:30:38.966+0000] {dag.py:3239} INFO - Sync 1 DAGs
[2025-04-22T06:30:38.987+0000] {logging_mixin.py:190} INFO - [2025-04-22T06:30:38.987+0000] {dag.py:4180} INFO - Setting next_dagrun for latest_only_with_trigger to 2025-04-22 00:00:00+00:00, run_after=2025-04-22 04:00:00+00:00
[2025-04-22T06:30:39.004+0000] {processor.py:208} INFO - Processing /home/airflow/.local/lib/python3.9/site-packages/airflow/example_dags/example_latest_only_with_trigger.py took 0.075 seconds
[2025-04-22T06:31:09.417+0000] {processor.py:186} INFO - Started process (PID=1328) to work on /home/airflow/.local/lib/python3.9/site-packages/airflow/example_dags/example_latest_only_with_trigger.py
[2025-04-22T06:31:09.418+0000] {processor.py:914} INFO - Processing file /home/airflow/.local/lib/python3.9/site-packages/airflow/example_dags/example_latest_only_with_trigger.py for tasks to queue
[2025-04-22T06:31:09.420+0000] {logging_mixin.py:190} INFO - [2025-04-22T06:31:09.420+0000] {dagbag.py:588} INFO - Filling up the DagBag from /home/airflow/.local/lib/python3.9/site-packages/airflow/example_dags/example_latest_only_with_trigger.py
[2025-04-22T06:31:09.428+0000] {processor.py:925} INFO - DAG(s) 'latest_only_with_trigger' retrieved from /home/airflow/.local/lib/python3.9/site-packages/airflow/example_dags/example_latest_only_with_trigger.py
[2025-04-22T06:31:09.447+0000] {logging_mixin.py:190} INFO - [2025-04-22T06:31:09.446+0000] {dag.py:3239} INFO - Sync 1 DAGs
[2025-04-22T06:31:09.467+0000] {logging_mixin.py:190} INFO - [2025-04-22T06:31:09.467+0000] {dag.py:4180} INFO - Setting next_dagrun for latest_only_with_trigger to 2025-04-22 00:00:00+00:00, run_after=2025-04-22 04:00:00+00:00
[2025-04-22T06:31:09.485+0000] {processor.py:208} INFO - Processing /home/airflow/.local/lib/python3.9/site-packages/airflow/example_dags/example_latest_only_with_trigger.py took 0.074 seconds
[2025-04-22T06:31:39.679+0000] {processor.py:186} INFO - Started process (PID=1386) to work on /home/airflow/.local/lib/python3.9/site-packages/airflow/example_dags/example_latest_only_with_trigger.py
[2025-04-22T06:31:39.679+0000] {processor.py:914} INFO - Processing file /home/airflow/.local/lib/python3.9/site-packages/airflow/example_dags/example_latest_only_with_trigger.py for tasks to queue
[2025-04-22T06:31:39.682+0000] {logging_mixin.py:190} INFO - [2025-04-22T06:31:39.681+0000] {dagbag.py:588} INFO - Filling up the DagBag from /home/airflow/.local/lib/python3.9/site-packages/airflow/example_dags/example_latest_only_with_trigger.py
[2025-04-22T06:31:39.689+0000] {processor.py:925} INFO - DAG(s) 'latest_only_with_trigger' retrieved from /home/airflow/.local/lib/python3.9/site-packages/airflow/example_dags/example_latest_only_with_trigger.py
[2025-04-22T06:31:39.708+0000] {logging_mixin.py:190} INFO - [2025-04-22T06:31:39.707+0000] {dag.py:3239} INFO - Sync 1 DAGs
[2025-04-22T06:31:39.729+0000] {logging_mixin.py:190} INFO - [2025-04-22T06:31:39.729+0000] {dag.py:4180} INFO - Setting next_dagrun for latest_only_with_trigger to 2025-04-22 00:00:00+00:00, run_after=2025-04-22 04:00:00+00:00
[2025-04-22T06:31:39.748+0000] {processor.py:208} INFO - Processing /home/airflow/.local/lib/python3.9/site-packages/airflow/example_dags/example_latest_only_with_trigger.py took 0.075 seconds
[2025-04-22T06:32:10.436+0000] {processor.py:186} INFO - Started process (PID=1444) to work on /home/airflow/.local/lib/python3.9/site-packages/airflow/example_dags/example_latest_only_with_trigger.py
[2025-04-22T06:32:10.437+0000] {processor.py:914} INFO - Processing file /home/airflow/.local/lib/python3.9/site-packages/airflow/example_dags/example_latest_only_with_trigger.py for tasks to queue
[2025-04-22T06:32:10.439+0000] {logging_mixin.py:190} INFO - [2025-04-22T06:32:10.439+0000] {dagbag.py:588} INFO - Filling up the DagBag from /home/airflow/.local/lib/python3.9/site-packages/airflow/example_dags/example_latest_only_with_trigger.py
[2025-04-22T06:32:10.446+0000] {processor.py:925} INFO - DAG(s) 'latest_only_with_trigger' retrieved from /home/airflow/.local/lib/python3.9/site-packages/airflow/example_dags/example_latest_only_with_trigger.py
[2025-04-22T06:32:10.463+0000] {logging_mixin.py:190} INFO - [2025-04-22T06:32:10.462+0000] {dag.py:3239} INFO - Sync 1 DAGs
[2025-04-22T06:32:10.484+0000] {logging_mixin.py:190} INFO - [2025-04-22T06:32:10.484+0000] {dag.py:4180} INFO - Setting next_dagrun for latest_only_with_trigger to 2025-04-22 00:00:00+00:00, run_after=2025-04-22 04:00:00+00:00
[2025-04-22T06:32:10.503+0000] {processor.py:208} INFO - Processing /home/airflow/.local/lib/python3.9/site-packages/airflow/example_dags/example_latest_only_with_trigger.py took 0.073 seconds
