[2025-04-22T06:19:55.267+0000] {processor.py:186} INFO - Started process (PID=39) to work on /home/airflow/.local/lib/python3.9/site-packages/airflow/example_dags/example_sensor_decorator.py
[2025-04-22T06:19:55.268+0000] {processor.py:914} INFO - Processing file /home/airflow/.local/lib/python3.9/site-packages/airflow/example_dags/example_sensor_decorator.py for tasks to queue
[2025-04-22T06:19:55.271+0000] {logging_mixin.py:190} INFO - [2025-04-22T06:19:55.271+0000] {dagbag.py:588} INFO - Filling up the DagBag from /home/airflow/.local/lib/python3.9/site-packages/airflow/example_dags/example_sensor_decorator.py
[2025-04-22T06:19:55.288+0000] {processor.py:925} INFO - DAG(s) 'example_sensor_decorator' retrieved from /home/airflow/.local/lib/python3.9/site-packages/airflow/example_dags/example_sensor_decorator.py
[2025-04-22T06:19:55.330+0000] {logging_mixin.py:190} INFO - [2025-04-22T06:19:55.329+0000] {dag.py:3239} INFO - Sync 1 DAGs
[2025-04-22T06:19:55.366+0000] {logging_mixin.py:190} INFO - [2025-04-22T06:19:55.366+0000] {dag.py:4180} INFO - Setting next_dagrun for example_sensor_decorator to None, run_after=None
[2025-04-22T06:19:55.403+0000] {processor.py:208} INFO - Processing /home/airflow/.local/lib/python3.9/site-packages/airflow/example_dags/example_sensor_decorator.py took 0.144 seconds
[2025-04-22T06:20:25.625+0000] {processor.py:186} INFO - Started process (PID=97) to work on /home/airflow/.local/lib/python3.9/site-packages/airflow/example_dags/example_sensor_decorator.py
[2025-04-22T06:20:25.626+0000] {processor.py:914} INFO - Processing file /home/airflow/.local/lib/python3.9/site-packages/airflow/example_dags/example_sensor_decorator.py for tasks to queue
[2025-04-22T06:20:25.629+0000] {logging_mixin.py:190} INFO - [2025-04-22T06:20:25.628+0000] {dagbag.py:588} INFO - Filling up the DagBag from /home/airflow/.local/lib/python3.9/site-packages/airflow/example_dags/example_sensor_decorator.py
[2025-04-22T06:20:25.642+0000] {processor.py:925} INFO - DAG(s) 'example_sensor_decorator' retrieved from /home/airflow/.local/lib/python3.9/site-packages/airflow/example_dags/example_sensor_decorator.py
[2025-04-22T06:20:25.673+0000] {logging_mixin.py:190} INFO - [2025-04-22T06:20:25.672+0000] {dag.py:3239} INFO - Sync 1 DAGs
[2025-04-22T06:20:25.701+0000] {logging_mixin.py:190} INFO - [2025-04-22T06:20:25.700+0000] {dag.py:4180} INFO - Setting next_dagrun for example_sensor_decorator to None, run_after=None
[2025-04-22T06:20:25.741+0000] {processor.py:208} INFO - Processing /home/airflow/.local/lib/python3.9/site-packages/airflow/example_dags/example_sensor_decorator.py took 0.125 seconds
[2025-04-22T06:20:55.929+0000] {processor.py:186} INFO - Started process (PID=155) to work on /home/airflow/.local/lib/python3.9/site-packages/airflow/example_dags/example_sensor_decorator.py
[2025-04-22T06:20:55.930+0000] {processor.py:914} INFO - Processing file /home/airflow/.local/lib/python3.9/site-packages/airflow/example_dags/example_sensor_decorator.py for tasks to queue
[2025-04-22T06:20:55.932+0000] {logging_mixin.py:190} INFO - [2025-04-22T06:20:55.931+0000] {dagbag.py:588} INFO - Filling up the DagBag from /home/airflow/.local/lib/python3.9/site-packages/airflow/example_dags/example_sensor_decorator.py
[2025-04-22T06:20:55.939+0000] {processor.py:925} INFO - DAG(s) 'example_sensor_decorator' retrieved from /home/airflow/.local/lib/python3.9/site-packages/airflow/example_dags/example_sensor_decorator.py
[2025-04-22T06:20:55.959+0000] {logging_mixin.py:190} INFO - [2025-04-22T06:20:55.959+0000] {dag.py:3239} INFO - Sync 1 DAGs
[2025-04-22T06:20:55.974+0000] {logging_mixin.py:190} INFO - [2025-04-22T06:20:55.974+0000] {dag.py:4180} INFO - Setting next_dagrun for example_sensor_decorator to None, run_after=None
[2025-04-22T06:20:55.993+0000] {processor.py:208} INFO - Processing /home/airflow/.local/lib/python3.9/site-packages/airflow/example_dags/example_sensor_decorator.py took 0.071 seconds
[2025-04-22T06:21:26.891+0000] {processor.py:186} INFO - Started process (PID=213) to work on /home/airflow/.local/lib/python3.9/site-packages/airflow/example_dags/example_sensor_decorator.py
[2025-04-22T06:21:26.892+0000] {processor.py:914} INFO - Processing file /home/airflow/.local/lib/python3.9/site-packages/airflow/example_dags/example_sensor_decorator.py for tasks to queue
[2025-04-22T06:21:26.894+0000] {logging_mixin.py:190} INFO - [2025-04-22T06:21:26.894+0000] {dagbag.py:588} INFO - Filling up the DagBag from /home/airflow/.local/lib/python3.9/site-packages/airflow/example_dags/example_sensor_decorator.py
[2025-04-22T06:21:26.903+0000] {processor.py:925} INFO - DAG(s) 'example_sensor_decorator' retrieved from /home/airflow/.local/lib/python3.9/site-packages/airflow/example_dags/example_sensor_decorator.py
[2025-04-22T06:21:26.924+0000] {logging_mixin.py:190} INFO - [2025-04-22T06:21:26.923+0000] {dag.py:3239} INFO - Sync 1 DAGs
[2025-04-22T06:21:26.940+0000] {logging_mixin.py:190} INFO - [2025-04-22T06:21:26.940+0000] {dag.py:4180} INFO - Setting next_dagrun for example_sensor_decorator to None, run_after=None
[2025-04-22T06:21:26.959+0000] {processor.py:208} INFO - Processing /home/airflow/.local/lib/python3.9/site-packages/airflow/example_dags/example_sensor_decorator.py took 0.078 seconds
[2025-04-22T06:21:57.163+0000] {processor.py:186} INFO - Started process (PID=271) to work on /home/airflow/.local/lib/python3.9/site-packages/airflow/example_dags/example_sensor_decorator.py
[2025-04-22T06:21:57.164+0000] {processor.py:914} INFO - Processing file /home/airflow/.local/lib/python3.9/site-packages/airflow/example_dags/example_sensor_decorator.py for tasks to queue
[2025-04-22T06:21:57.166+0000] {logging_mixin.py:190} INFO - [2025-04-22T06:21:57.166+0000] {dagbag.py:588} INFO - Filling up the DagBag from /home/airflow/.local/lib/python3.9/site-packages/airflow/example_dags/example_sensor_decorator.py
[2025-04-22T06:21:57.174+0000] {processor.py:925} INFO - DAG(s) 'example_sensor_decorator' retrieved from /home/airflow/.local/lib/python3.9/site-packages/airflow/example_dags/example_sensor_decorator.py
[2025-04-22T06:21:57.193+0000] {logging_mixin.py:190} INFO - [2025-04-22T06:21:57.193+0000] {dag.py:3239} INFO - Sync 1 DAGs
[2025-04-22T06:21:57.212+0000] {logging_mixin.py:190} INFO - [2025-04-22T06:21:57.211+0000] {dag.py:4180} INFO - Setting next_dagrun for example_sensor_decorator to None, run_after=None
[2025-04-22T06:21:57.233+0000] {processor.py:208} INFO - Processing /home/airflow/.local/lib/python3.9/site-packages/airflow/example_dags/example_sensor_decorator.py took 0.077 seconds
[2025-04-22T06:22:27.878+0000] {processor.py:186} INFO - Started process (PID=329) to work on /home/airflow/.local/lib/python3.9/site-packages/airflow/example_dags/example_sensor_decorator.py
[2025-04-22T06:22:27.880+0000] {processor.py:914} INFO - Processing file /home/airflow/.local/lib/python3.9/site-packages/airflow/example_dags/example_sensor_decorator.py for tasks to queue
[2025-04-22T06:22:27.884+0000] {logging_mixin.py:190} INFO - [2025-04-22T06:22:27.883+0000] {dagbag.py:588} INFO - Filling up the DagBag from /home/airflow/.local/lib/python3.9/site-packages/airflow/example_dags/example_sensor_decorator.py
[2025-04-22T06:22:27.896+0000] {processor.py:925} INFO - DAG(s) 'example_sensor_decorator' retrieved from /home/airflow/.local/lib/python3.9/site-packages/airflow/example_dags/example_sensor_decorator.py
[2025-04-22T06:22:27.929+0000] {logging_mixin.py:190} INFO - [2025-04-22T06:22:27.928+0000] {dag.py:3239} INFO - Sync 1 DAGs
[2025-04-22T06:22:27.979+0000] {logging_mixin.py:190} INFO - [2025-04-22T06:22:27.979+0000] {dag.py:4180} INFO - Setting next_dagrun for example_sensor_decorator to None, run_after=None
[2025-04-22T06:22:28.027+0000] {processor.py:208} INFO - Processing /home/airflow/.local/lib/python3.9/site-packages/airflow/example_dags/example_sensor_decorator.py took 0.160 seconds
[2025-04-22T06:22:58.168+0000] {processor.py:186} INFO - Started process (PID=387) to work on /home/airflow/.local/lib/python3.9/site-packages/airflow/example_dags/example_sensor_decorator.py
[2025-04-22T06:22:58.169+0000] {processor.py:914} INFO - Processing file /home/airflow/.local/lib/python3.9/site-packages/airflow/example_dags/example_sensor_decorator.py for tasks to queue
[2025-04-22T06:22:58.172+0000] {logging_mixin.py:190} INFO - [2025-04-22T06:22:58.171+0000] {dagbag.py:588} INFO - Filling up the DagBag from /home/airflow/.local/lib/python3.9/site-packages/airflow/example_dags/example_sensor_decorator.py
[2025-04-22T06:22:58.180+0000] {processor.py:925} INFO - DAG(s) 'example_sensor_decorator' retrieved from /home/airflow/.local/lib/python3.9/site-packages/airflow/example_dags/example_sensor_decorator.py
[2025-04-22T06:22:58.203+0000] {logging_mixin.py:190} INFO - [2025-04-22T06:22:58.203+0000] {dag.py:3239} INFO - Sync 1 DAGs
[2025-04-22T06:22:58.217+0000] {logging_mixin.py:190} INFO - [2025-04-22T06:22:58.217+0000] {dag.py:4180} INFO - Setting next_dagrun for example_sensor_decorator to None, run_after=None
[2025-04-22T06:22:58.238+0000] {processor.py:208} INFO - Processing /home/airflow/.local/lib/python3.9/site-packages/airflow/example_dags/example_sensor_decorator.py took 0.078 seconds
[2025-04-22T06:23:28.309+0000] {processor.py:186} INFO - Started process (PID=445) to work on /home/airflow/.local/lib/python3.9/site-packages/airflow/example_dags/example_sensor_decorator.py
[2025-04-22T06:23:28.310+0000] {processor.py:914} INFO - Processing file /home/airflow/.local/lib/python3.9/site-packages/airflow/example_dags/example_sensor_decorator.py for tasks to queue
[2025-04-22T06:23:28.313+0000] {logging_mixin.py:190} INFO - [2025-04-22T06:23:28.312+0000] {dagbag.py:588} INFO - Filling up the DagBag from /home/airflow/.local/lib/python3.9/site-packages/airflow/example_dags/example_sensor_decorator.py
[2025-04-22T06:23:28.321+0000] {processor.py:925} INFO - DAG(s) 'example_sensor_decorator' retrieved from /home/airflow/.local/lib/python3.9/site-packages/airflow/example_dags/example_sensor_decorator.py
[2025-04-22T06:23:28.341+0000] {logging_mixin.py:190} INFO - [2025-04-22T06:23:28.340+0000] {dag.py:3239} INFO - Sync 1 DAGs
[2025-04-22T06:23:28.356+0000] {logging_mixin.py:190} INFO - [2025-04-22T06:23:28.356+0000] {dag.py:4180} INFO - Setting next_dagrun for example_sensor_decorator to None, run_after=None
[2025-04-22T06:23:28.373+0000] {processor.py:208} INFO - Processing /home/airflow/.local/lib/python3.9/site-packages/airflow/example_dags/example_sensor_decorator.py took 0.071 seconds
[2025-04-22T06:23:58.433+0000] {processor.py:186} INFO - Started process (PID=503) to work on /home/airflow/.local/lib/python3.9/site-packages/airflow/example_dags/example_sensor_decorator.py
[2025-04-22T06:23:58.434+0000] {processor.py:914} INFO - Processing file /home/airflow/.local/lib/python3.9/site-packages/airflow/example_dags/example_sensor_decorator.py for tasks to queue
[2025-04-22T06:23:58.436+0000] {logging_mixin.py:190} INFO - [2025-04-22T06:23:58.436+0000] {dagbag.py:588} INFO - Filling up the DagBag from /home/airflow/.local/lib/python3.9/site-packages/airflow/example_dags/example_sensor_decorator.py
[2025-04-22T06:23:58.443+0000] {processor.py:925} INFO - DAG(s) 'example_sensor_decorator' retrieved from /home/airflow/.local/lib/python3.9/site-packages/airflow/example_dags/example_sensor_decorator.py
[2025-04-22T06:23:58.460+0000] {logging_mixin.py:190} INFO - [2025-04-22T06:23:58.460+0000] {dag.py:3239} INFO - Sync 1 DAGs
[2025-04-22T06:23:58.474+0000] {logging_mixin.py:190} INFO - [2025-04-22T06:23:58.473+0000] {dag.py:4180} INFO - Setting next_dagrun for example_sensor_decorator to None, run_after=None
[2025-04-22T06:23:58.492+0000] {processor.py:208} INFO - Processing /home/airflow/.local/lib/python3.9/site-packages/airflow/example_dags/example_sensor_decorator.py took 0.065 seconds
[2025-04-22T06:24:29.573+0000] {processor.py:186} INFO - Started process (PID=561) to work on /home/airflow/.local/lib/python3.9/site-packages/airflow/example_dags/example_sensor_decorator.py
[2025-04-22T06:24:29.574+0000] {processor.py:914} INFO - Processing file /home/airflow/.local/lib/python3.9/site-packages/airflow/example_dags/example_sensor_decorator.py for tasks to queue
[2025-04-22T06:24:29.576+0000] {logging_mixin.py:190} INFO - [2025-04-22T06:24:29.576+0000] {dagbag.py:588} INFO - Filling up the DagBag from /home/airflow/.local/lib/python3.9/site-packages/airflow/example_dags/example_sensor_decorator.py
[2025-04-22T06:24:29.583+0000] {processor.py:925} INFO - DAG(s) 'example_sensor_decorator' retrieved from /home/airflow/.local/lib/python3.9/site-packages/airflow/example_dags/example_sensor_decorator.py
[2025-04-22T06:24:29.599+0000] {logging_mixin.py:190} INFO - [2025-04-22T06:24:29.599+0000] {dag.py:3239} INFO - Sync 1 DAGs
[2025-04-22T06:24:29.613+0000] {logging_mixin.py:190} INFO - [2025-04-22T06:24:29.613+0000] {dag.py:4180} INFO - Setting next_dagrun for example_sensor_decorator to None, run_after=None
[2025-04-22T06:24:29.646+0000] {processor.py:208} INFO - Processing /home/airflow/.local/lib/python3.9/site-packages/airflow/example_dags/example_sensor_decorator.py took 0.078 seconds
[2025-04-22T06:25:00.239+0000] {processor.py:186} INFO - Started process (PID=619) to work on /home/airflow/.local/lib/python3.9/site-packages/airflow/example_dags/example_sensor_decorator.py
[2025-04-22T06:25:00.240+0000] {processor.py:914} INFO - Processing file /home/airflow/.local/lib/python3.9/site-packages/airflow/example_dags/example_sensor_decorator.py for tasks to queue
[2025-04-22T06:25:00.243+0000] {logging_mixin.py:190} INFO - [2025-04-22T06:25:00.243+0000] {dagbag.py:588} INFO - Filling up the DagBag from /home/airflow/.local/lib/python3.9/site-packages/airflow/example_dags/example_sensor_decorator.py
[2025-04-22T06:25:00.254+0000] {processor.py:925} INFO - DAG(s) 'example_sensor_decorator' retrieved from /home/airflow/.local/lib/python3.9/site-packages/airflow/example_dags/example_sensor_decorator.py
[2025-04-22T06:25:00.272+0000] {logging_mixin.py:190} INFO - [2025-04-22T06:25:00.272+0000] {dag.py:3239} INFO - Sync 1 DAGs
[2025-04-22T06:25:00.286+0000] {logging_mixin.py:190} INFO - [2025-04-22T06:25:00.286+0000] {dag.py:4180} INFO - Setting next_dagrun for example_sensor_decorator to None, run_after=None
[2025-04-22T06:25:00.304+0000] {processor.py:208} INFO - Processing /home/airflow/.local/lib/python3.9/site-packages/airflow/example_dags/example_sensor_decorator.py took 0.074 seconds
[2025-04-22T06:25:30.335+0000] {processor.py:186} INFO - Started process (PID=677) to work on /home/airflow/.local/lib/python3.9/site-packages/airflow/example_dags/example_sensor_decorator.py
[2025-04-22T06:25:30.336+0000] {processor.py:914} INFO - Processing file /home/airflow/.local/lib/python3.9/site-packages/airflow/example_dags/example_sensor_decorator.py for tasks to queue
[2025-04-22T06:25:30.337+0000] {logging_mixin.py:190} INFO - [2025-04-22T06:25:30.337+0000] {dagbag.py:588} INFO - Filling up the DagBag from /home/airflow/.local/lib/python3.9/site-packages/airflow/example_dags/example_sensor_decorator.py
[2025-04-22T06:25:30.344+0000] {processor.py:925} INFO - DAG(s) 'example_sensor_decorator' retrieved from /home/airflow/.local/lib/python3.9/site-packages/airflow/example_dags/example_sensor_decorator.py
[2025-04-22T06:25:30.360+0000] {logging_mixin.py:190} INFO - [2025-04-22T06:25:30.360+0000] {dag.py:3239} INFO - Sync 1 DAGs
[2025-04-22T06:25:30.374+0000] {logging_mixin.py:190} INFO - [2025-04-22T06:25:30.374+0000] {dag.py:4180} INFO - Setting next_dagrun for example_sensor_decorator to None, run_after=None
[2025-04-22T06:25:30.389+0000] {processor.py:208} INFO - Processing /home/airflow/.local/lib/python3.9/site-packages/airflow/example_dags/example_sensor_decorator.py took 0.060 seconds
[2025-04-22T06:26:01.164+0000] {processor.py:186} INFO - Started process (PID=735) to work on /home/airflow/.local/lib/python3.9/site-packages/airflow/example_dags/example_sensor_decorator.py
[2025-04-22T06:26:01.165+0000] {processor.py:914} INFO - Processing file /home/airflow/.local/lib/python3.9/site-packages/airflow/example_dags/example_sensor_decorator.py for tasks to queue
[2025-04-22T06:26:01.167+0000] {logging_mixin.py:190} INFO - [2025-04-22T06:26:01.167+0000] {dagbag.py:588} INFO - Filling up the DagBag from /home/airflow/.local/lib/python3.9/site-packages/airflow/example_dags/example_sensor_decorator.py
[2025-04-22T06:26:01.174+0000] {processor.py:925} INFO - DAG(s) 'example_sensor_decorator' retrieved from /home/airflow/.local/lib/python3.9/site-packages/airflow/example_dags/example_sensor_decorator.py
[2025-04-22T06:26:01.191+0000] {logging_mixin.py:190} INFO - [2025-04-22T06:26:01.190+0000] {dag.py:3239} INFO - Sync 1 DAGs
[2025-04-22T06:26:01.205+0000] {logging_mixin.py:190} INFO - [2025-04-22T06:26:01.204+0000] {dag.py:4180} INFO - Setting next_dagrun for example_sensor_decorator to None, run_after=None
[2025-04-22T06:26:01.236+0000] {processor.py:208} INFO - Processing /home/airflow/.local/lib/python3.9/site-packages/airflow/example_dags/example_sensor_decorator.py took 0.079 seconds
[2025-04-22T06:26:31.857+0000] {processor.py:186} INFO - Started process (PID=793) to work on /home/airflow/.local/lib/python3.9/site-packages/airflow/example_dags/example_sensor_decorator.py
[2025-04-22T06:26:31.858+0000] {processor.py:914} INFO - Processing file /home/airflow/.local/lib/python3.9/site-packages/airflow/example_dags/example_sensor_decorator.py for tasks to queue
[2025-04-22T06:26:31.860+0000] {logging_mixin.py:190} INFO - [2025-04-22T06:26:31.859+0000] {dagbag.py:588} INFO - Filling up the DagBag from /home/airflow/.local/lib/python3.9/site-packages/airflow/example_dags/example_sensor_decorator.py
[2025-04-22T06:26:31.867+0000] {processor.py:925} INFO - DAG(s) 'example_sensor_decorator' retrieved from /home/airflow/.local/lib/python3.9/site-packages/airflow/example_dags/example_sensor_decorator.py
[2025-04-22T06:26:31.884+0000] {logging_mixin.py:190} INFO - [2025-04-22T06:26:31.884+0000] {dag.py:3239} INFO - Sync 1 DAGs
[2025-04-22T06:26:31.898+0000] {logging_mixin.py:190} INFO - [2025-04-22T06:26:31.897+0000] {dag.py:4180} INFO - Setting next_dagrun for example_sensor_decorator to None, run_after=None
[2025-04-22T06:26:31.948+0000] {processor.py:208} INFO - Processing /home/airflow/.local/lib/python3.9/site-packages/airflow/example_dags/example_sensor_decorator.py took 0.097 seconds
[2025-04-22T06:27:02.420+0000] {processor.py:186} INFO - Started process (PID=851) to work on /home/airflow/.local/lib/python3.9/site-packages/airflow/example_dags/example_sensor_decorator.py
[2025-04-22T06:27:02.421+0000] {processor.py:914} INFO - Processing file /home/airflow/.local/lib/python3.9/site-packages/airflow/example_dags/example_sensor_decorator.py for tasks to queue
[2025-04-22T06:27:02.423+0000] {logging_mixin.py:190} INFO - [2025-04-22T06:27:02.423+0000] {dagbag.py:588} INFO - Filling up the DagBag from /home/airflow/.local/lib/python3.9/site-packages/airflow/example_dags/example_sensor_decorator.py
[2025-04-22T06:27:02.430+0000] {processor.py:925} INFO - DAG(s) 'example_sensor_decorator' retrieved from /home/airflow/.local/lib/python3.9/site-packages/airflow/example_dags/example_sensor_decorator.py
[2025-04-22T06:27:02.447+0000] {logging_mixin.py:190} INFO - [2025-04-22T06:27:02.446+0000] {dag.py:3239} INFO - Sync 1 DAGs
[2025-04-22T06:27:02.462+0000] {logging_mixin.py:190} INFO - [2025-04-22T06:27:02.462+0000] {dag.py:4180} INFO - Setting next_dagrun for example_sensor_decorator to None, run_after=None
[2025-04-22T06:27:02.483+0000] {processor.py:208} INFO - Processing /home/airflow/.local/lib/python3.9/site-packages/airflow/example_dags/example_sensor_decorator.py took 0.069 seconds
[2025-04-22T06:27:32.760+0000] {processor.py:186} INFO - Started process (PID=909) to work on /home/airflow/.local/lib/python3.9/site-packages/airflow/example_dags/example_sensor_decorator.py
[2025-04-22T06:27:32.761+0000] {processor.py:914} INFO - Processing file /home/airflow/.local/lib/python3.9/site-packages/airflow/example_dags/example_sensor_decorator.py for tasks to queue
[2025-04-22T06:27:32.764+0000] {logging_mixin.py:190} INFO - [2025-04-22T06:27:32.763+0000] {dagbag.py:588} INFO - Filling up the DagBag from /home/airflow/.local/lib/python3.9/site-packages/airflow/example_dags/example_sensor_decorator.py
[2025-04-22T06:27:32.771+0000] {processor.py:925} INFO - DAG(s) 'example_sensor_decorator' retrieved from /home/airflow/.local/lib/python3.9/site-packages/airflow/example_dags/example_sensor_decorator.py
[2025-04-22T06:27:32.787+0000] {logging_mixin.py:190} INFO - [2025-04-22T06:27:32.787+0000] {dag.py:3239} INFO - Sync 1 DAGs
[2025-04-22T06:27:32.800+0000] {logging_mixin.py:190} INFO - [2025-04-22T06:27:32.800+0000] {dag.py:4180} INFO - Setting next_dagrun for example_sensor_decorator to None, run_after=None
[2025-04-22T06:27:32.824+0000] {processor.py:208} INFO - Processing /home/airflow/.local/lib/python3.9/site-packages/airflow/example_dags/example_sensor_decorator.py took 0.070 seconds
[2025-04-22T06:28:03.465+0000] {processor.py:186} INFO - Started process (PID=967) to work on /home/airflow/.local/lib/python3.9/site-packages/airflow/example_dags/example_sensor_decorator.py
[2025-04-22T06:28:03.466+0000] {processor.py:914} INFO - Processing file /home/airflow/.local/lib/python3.9/site-packages/airflow/example_dags/example_sensor_decorator.py for tasks to queue
[2025-04-22T06:28:03.468+0000] {logging_mixin.py:190} INFO - [2025-04-22T06:28:03.468+0000] {dagbag.py:588} INFO - Filling up the DagBag from /home/airflow/.local/lib/python3.9/site-packages/airflow/example_dags/example_sensor_decorator.py
[2025-04-22T06:28:03.475+0000] {processor.py:925} INFO - DAG(s) 'example_sensor_decorator' retrieved from /home/airflow/.local/lib/python3.9/site-packages/airflow/example_dags/example_sensor_decorator.py
[2025-04-22T06:28:03.492+0000] {logging_mixin.py:190} INFO - [2025-04-22T06:28:03.492+0000] {dag.py:3239} INFO - Sync 1 DAGs
[2025-04-22T06:28:03.507+0000] {logging_mixin.py:190} INFO - [2025-04-22T06:28:03.507+0000] {dag.py:4180} INFO - Setting next_dagrun for example_sensor_decorator to None, run_after=None
[2025-04-22T06:28:03.527+0000] {processor.py:208} INFO - Processing /home/airflow/.local/lib/python3.9/site-packages/airflow/example_dags/example_sensor_decorator.py took 0.068 seconds
[2025-04-22T06:28:34.317+0000] {processor.py:186} INFO - Started process (PID=1025) to work on /home/airflow/.local/lib/python3.9/site-packages/airflow/example_dags/example_sensor_decorator.py
[2025-04-22T06:28:34.318+0000] {processor.py:914} INFO - Processing file /home/airflow/.local/lib/python3.9/site-packages/airflow/example_dags/example_sensor_decorator.py for tasks to queue
[2025-04-22T06:28:34.320+0000] {logging_mixin.py:190} INFO - [2025-04-22T06:28:34.320+0000] {dagbag.py:588} INFO - Filling up the DagBag from /home/airflow/.local/lib/python3.9/site-packages/airflow/example_dags/example_sensor_decorator.py
[2025-04-22T06:28:34.327+0000] {processor.py:925} INFO - DAG(s) 'example_sensor_decorator' retrieved from /home/airflow/.local/lib/python3.9/site-packages/airflow/example_dags/example_sensor_decorator.py
[2025-04-22T06:28:34.344+0000] {logging_mixin.py:190} INFO - [2025-04-22T06:28:34.343+0000] {dag.py:3239} INFO - Sync 1 DAGs
[2025-04-22T06:28:34.357+0000] {logging_mixin.py:190} INFO - [2025-04-22T06:28:34.357+0000] {dag.py:4180} INFO - Setting next_dagrun for example_sensor_decorator to None, run_after=None
[2025-04-22T06:28:34.378+0000] {processor.py:208} INFO - Processing /home/airflow/.local/lib/python3.9/site-packages/airflow/example_dags/example_sensor_decorator.py took 0.067 seconds
[2025-04-22T06:29:04.706+0000] {processor.py:186} INFO - Started process (PID=1083) to work on /home/airflow/.local/lib/python3.9/site-packages/airflow/example_dags/example_sensor_decorator.py
[2025-04-22T06:29:04.707+0000] {processor.py:914} INFO - Processing file /home/airflow/.local/lib/python3.9/site-packages/airflow/example_dags/example_sensor_decorator.py for tasks to queue
[2025-04-22T06:29:04.709+0000] {logging_mixin.py:190} INFO - [2025-04-22T06:29:04.709+0000] {dagbag.py:588} INFO - Filling up the DagBag from /home/airflow/.local/lib/python3.9/site-packages/airflow/example_dags/example_sensor_decorator.py
[2025-04-22T06:29:04.716+0000] {processor.py:925} INFO - DAG(s) 'example_sensor_decorator' retrieved from /home/airflow/.local/lib/python3.9/site-packages/airflow/example_dags/example_sensor_decorator.py
[2025-04-22T06:29:04.733+0000] {logging_mixin.py:190} INFO - [2025-04-22T06:29:04.733+0000] {dag.py:3239} INFO - Sync 1 DAGs
[2025-04-22T06:29:04.747+0000] {logging_mixin.py:190} INFO - [2025-04-22T06:29:04.747+0000] {dag.py:4180} INFO - Setting next_dagrun for example_sensor_decorator to None, run_after=None
[2025-04-22T06:29:04.766+0000] {processor.py:208} INFO - Processing /home/airflow/.local/lib/python3.9/site-packages/airflow/example_dags/example_sensor_decorator.py took 0.066 seconds
[2025-04-22T06:29:35.495+0000] {processor.py:186} INFO - Started process (PID=1141) to work on /home/airflow/.local/lib/python3.9/site-packages/airflow/example_dags/example_sensor_decorator.py
[2025-04-22T06:29:35.496+0000] {processor.py:914} INFO - Processing file /home/airflow/.local/lib/python3.9/site-packages/airflow/example_dags/example_sensor_decorator.py for tasks to queue
[2025-04-22T06:29:35.498+0000] {logging_mixin.py:190} INFO - [2025-04-22T06:29:35.498+0000] {dagbag.py:588} INFO - Filling up the DagBag from /home/airflow/.local/lib/python3.9/site-packages/airflow/example_dags/example_sensor_decorator.py
[2025-04-22T06:29:35.505+0000] {processor.py:925} INFO - DAG(s) 'example_sensor_decorator' retrieved from /home/airflow/.local/lib/python3.9/site-packages/airflow/example_dags/example_sensor_decorator.py
[2025-04-22T06:29:35.523+0000] {logging_mixin.py:190} INFO - [2025-04-22T06:29:35.522+0000] {dag.py:3239} INFO - Sync 1 DAGs
[2025-04-22T06:29:35.536+0000] {logging_mixin.py:190} INFO - [2025-04-22T06:29:35.536+0000] {dag.py:4180} INFO - Setting next_dagrun for example_sensor_decorator to None, run_after=None
[2025-04-22T06:29:35.554+0000] {processor.py:208} INFO - Processing /home/airflow/.local/lib/python3.9/site-packages/airflow/example_dags/example_sensor_decorator.py took 0.065 seconds
[2025-04-22T06:30:05.924+0000] {processor.py:186} INFO - Started process (PID=1199) to work on /home/airflow/.local/lib/python3.9/site-packages/airflow/example_dags/example_sensor_decorator.py
[2025-04-22T06:30:05.925+0000] {processor.py:914} INFO - Processing file /home/airflow/.local/lib/python3.9/site-packages/airflow/example_dags/example_sensor_decorator.py for tasks to queue
[2025-04-22T06:30:05.929+0000] {logging_mixin.py:190} INFO - [2025-04-22T06:30:05.928+0000] {dagbag.py:588} INFO - Filling up the DagBag from /home/airflow/.local/lib/python3.9/site-packages/airflow/example_dags/example_sensor_decorator.py
[2025-04-22T06:30:05.939+0000] {processor.py:925} INFO - DAG(s) 'example_sensor_decorator' retrieved from /home/airflow/.local/lib/python3.9/site-packages/airflow/example_dags/example_sensor_decorator.py
[2025-04-22T06:30:05.963+0000] {logging_mixin.py:190} INFO - [2025-04-22T06:30:05.963+0000] {dag.py:3239} INFO - Sync 1 DAGs
[2025-04-22T06:30:05.981+0000] {logging_mixin.py:190} INFO - [2025-04-22T06:30:05.981+0000] {dag.py:4180} INFO - Setting next_dagrun for example_sensor_decorator to None, run_after=None
[2025-04-22T06:30:06.013+0000] {processor.py:208} INFO - Processing /home/airflow/.local/lib/python3.9/site-packages/airflow/example_dags/example_sensor_decorator.py took 0.098 seconds
[2025-04-22T06:30:36.056+0000] {processor.py:186} INFO - Started process (PID=1256) to work on /home/airflow/.local/lib/python3.9/site-packages/airflow/example_dags/example_sensor_decorator.py
[2025-04-22T06:30:36.057+0000] {processor.py:914} INFO - Processing file /home/airflow/.local/lib/python3.9/site-packages/airflow/example_dags/example_sensor_decorator.py for tasks to queue
[2025-04-22T06:30:36.060+0000] {logging_mixin.py:190} INFO - [2025-04-22T06:30:36.060+0000] {dagbag.py:588} INFO - Filling up the DagBag from /home/airflow/.local/lib/python3.9/site-packages/airflow/example_dags/example_sensor_decorator.py
[2025-04-22T06:30:36.069+0000] {processor.py:925} INFO - DAG(s) 'example_sensor_decorator' retrieved from /home/airflow/.local/lib/python3.9/site-packages/airflow/example_dags/example_sensor_decorator.py
[2025-04-22T06:30:36.088+0000] {logging_mixin.py:190} INFO - [2025-04-22T06:30:36.088+0000] {dag.py:3239} INFO - Sync 1 DAGs
[2025-04-22T06:30:36.106+0000] {logging_mixin.py:190} INFO - [2025-04-22T06:30:36.106+0000] {dag.py:4180} INFO - Setting next_dagrun for example_sensor_decorator to None, run_after=None
[2025-04-22T06:30:36.126+0000] {processor.py:208} INFO - Processing /home/airflow/.local/lib/python3.9/site-packages/airflow/example_dags/example_sensor_decorator.py took 0.077 seconds
[2025-04-22T06:31:06.773+0000] {processor.py:186} INFO - Started process (PID=1315) to work on /home/airflow/.local/lib/python3.9/site-packages/airflow/example_dags/example_sensor_decorator.py
[2025-04-22T06:31:06.774+0000] {processor.py:914} INFO - Processing file /home/airflow/.local/lib/python3.9/site-packages/airflow/example_dags/example_sensor_decorator.py for tasks to queue
[2025-04-22T06:31:06.776+0000] {logging_mixin.py:190} INFO - [2025-04-22T06:31:06.776+0000] {dagbag.py:588} INFO - Filling up the DagBag from /home/airflow/.local/lib/python3.9/site-packages/airflow/example_dags/example_sensor_decorator.py
[2025-04-22T06:31:06.783+0000] {processor.py:925} INFO - DAG(s) 'example_sensor_decorator' retrieved from /home/airflow/.local/lib/python3.9/site-packages/airflow/example_dags/example_sensor_decorator.py
[2025-04-22T06:31:06.802+0000] {logging_mixin.py:190} INFO - [2025-04-22T06:31:06.802+0000] {dag.py:3239} INFO - Sync 1 DAGs
[2025-04-22T06:31:06.816+0000] {logging_mixin.py:190} INFO - [2025-04-22T06:31:06.815+0000] {dag.py:4180} INFO - Setting next_dagrun for example_sensor_decorator to None, run_after=None
[2025-04-22T06:31:06.833+0000] {processor.py:208} INFO - Processing /home/airflow/.local/lib/python3.9/site-packages/airflow/example_dags/example_sensor_decorator.py took 0.066 seconds
[2025-04-22T06:31:37.909+0000] {processor.py:186} INFO - Started process (PID=1373) to work on /home/airflow/.local/lib/python3.9/site-packages/airflow/example_dags/example_sensor_decorator.py
[2025-04-22T06:31:37.910+0000] {processor.py:914} INFO - Processing file /home/airflow/.local/lib/python3.9/site-packages/airflow/example_dags/example_sensor_decorator.py for tasks to queue
[2025-04-22T06:31:37.912+0000] {logging_mixin.py:190} INFO - [2025-04-22T06:31:37.912+0000] {dagbag.py:588} INFO - Filling up the DagBag from /home/airflow/.local/lib/python3.9/site-packages/airflow/example_dags/example_sensor_decorator.py
[2025-04-22T06:31:37.921+0000] {processor.py:925} INFO - DAG(s) 'example_sensor_decorator' retrieved from /home/airflow/.local/lib/python3.9/site-packages/airflow/example_dags/example_sensor_decorator.py
[2025-04-22T06:31:37.941+0000] {logging_mixin.py:190} INFO - [2025-04-22T06:31:37.940+0000] {dag.py:3239} INFO - Sync 1 DAGs
[2025-04-22T06:31:37.956+0000] {logging_mixin.py:190} INFO - [2025-04-22T06:31:37.956+0000] {dag.py:4180} INFO - Setting next_dagrun for example_sensor_decorator to None, run_after=None
[2025-04-22T06:31:37.977+0000] {processor.py:208} INFO - Processing /home/airflow/.local/lib/python3.9/site-packages/airflow/example_dags/example_sensor_decorator.py took 0.075 seconds
[2025-04-22T06:32:08.691+0000] {processor.py:186} INFO - Started process (PID=1431) to work on /home/airflow/.local/lib/python3.9/site-packages/airflow/example_dags/example_sensor_decorator.py
[2025-04-22T06:32:08.692+0000] {processor.py:914} INFO - Processing file /home/airflow/.local/lib/python3.9/site-packages/airflow/example_dags/example_sensor_decorator.py for tasks to queue
[2025-04-22T06:32:08.694+0000] {logging_mixin.py:190} INFO - [2025-04-22T06:32:08.693+0000] {dagbag.py:588} INFO - Filling up the DagBag from /home/airflow/.local/lib/python3.9/site-packages/airflow/example_dags/example_sensor_decorator.py
[2025-04-22T06:32:08.701+0000] {processor.py:925} INFO - DAG(s) 'example_sensor_decorator' retrieved from /home/airflow/.local/lib/python3.9/site-packages/airflow/example_dags/example_sensor_decorator.py
[2025-04-22T06:32:08.718+0000] {logging_mixin.py:190} INFO - [2025-04-22T06:32:08.718+0000] {dag.py:3239} INFO - Sync 1 DAGs
[2025-04-22T06:32:08.733+0000] {logging_mixin.py:190} INFO - [2025-04-22T06:32:08.733+0000] {dag.py:4180} INFO - Setting next_dagrun for example_sensor_decorator to None, run_after=None
[2025-04-22T06:32:08.751+0000] {processor.py:208} INFO - Processing /home/airflow/.local/lib/python3.9/site-packages/airflow/example_dags/example_sensor_decorator.py took 0.067 seconds
[2025-04-22T06:32:38.870+0000] {processor.py:186} INFO - Started process (PID=1489) to work on /home/airflow/.local/lib/python3.9/site-packages/airflow/example_dags/example_sensor_decorator.py
[2025-04-22T06:32:38.871+0000] {processor.py:914} INFO - Processing file /home/airflow/.local/lib/python3.9/site-packages/airflow/example_dags/example_sensor_decorator.py for tasks to queue
[2025-04-22T06:32:38.874+0000] {logging_mixin.py:190} INFO - [2025-04-22T06:32:38.874+0000] {dagbag.py:588} INFO - Filling up the DagBag from /home/airflow/.local/lib/python3.9/site-packages/airflow/example_dags/example_sensor_decorator.py
[2025-04-22T06:32:38.883+0000] {processor.py:925} INFO - DAG(s) 'example_sensor_decorator' retrieved from /home/airflow/.local/lib/python3.9/site-packages/airflow/example_dags/example_sensor_decorator.py
[2025-04-22T06:32:38.904+0000] {logging_mixin.py:190} INFO - [2025-04-22T06:32:38.904+0000] {dag.py:3239} INFO - Sync 1 DAGs
[2025-04-22T06:32:38.922+0000] {logging_mixin.py:190} INFO - [2025-04-22T06:32:38.921+0000] {dag.py:4180} INFO - Setting next_dagrun for example_sensor_decorator to None, run_after=None
[2025-04-22T06:32:38.942+0000] {processor.py:208} INFO - Processing /home/airflow/.local/lib/python3.9/site-packages/airflow/example_dags/example_sensor_decorator.py took 0.079 seconds
