[2025-04-22T06:20:00.719+0000] {processor.py:186} INFO - Started process (PID=80) to work on /home/airflow/.local/lib/python3.9/site-packages/airflow/example_dags/example_task_group.py
[2025-04-22T06:20:00.720+0000] {processor.py:914} INFO - Processing file /home/airflow/.local/lib/python3.9/site-packages/airflow/example_dags/example_task_group.py for tasks to queue
[2025-04-22T06:20:00.724+0000] {logging_mixin.py:190} INFO - [2025-04-22T06:20:00.723+0000] {dagbag.py:588} INFO - Filling up the DagBag from /home/airflow/.local/lib/python3.9/site-packages/airflow/example_dags/example_task_group.py
[2025-04-22T06:20:00.740+0000] {processor.py:925} INFO - DAG(s) 'example_task_group' retrieved from /home/airflow/.local/lib/python3.9/site-packages/airflow/example_dags/example_task_group.py
[2025-04-22T06:20:00.790+0000] {logging_mixin.py:190} INFO - [2025-04-22T06:20:00.790+0000] {dag.py:3239} INFO - Sync 1 DAGs
[2025-04-22T06:20:00.826+0000] {logging_mixin.py:190} INFO - [2025-04-22T06:20:00.826+0000] {dag.py:4180} INFO - Setting next_dagrun for example_task_group to None, run_after=None
[2025-04-22T06:20:00.852+0000] {processor.py:208} INFO - Processing /home/airflow/.local/lib/python3.9/site-packages/airflow/example_dags/example_task_group.py took 0.144 seconds
[2025-04-22T06:20:33.713+0000] {processor.py:186} INFO - Started process (PID=138) to work on /home/airflow/.local/lib/python3.9/site-packages/airflow/example_dags/example_task_group.py
[2025-04-22T06:20:33.722+0000] {processor.py:914} INFO - Processing file /home/airflow/.local/lib/python3.9/site-packages/airflow/example_dags/example_task_group.py for tasks to queue
[2025-04-22T06:20:33.742+0000] {logging_mixin.py:190} INFO - [2025-04-22T06:20:33.742+0000] {dagbag.py:588} INFO - Filling up the DagBag from /home/airflow/.local/lib/python3.9/site-packages/airflow/example_dags/example_task_group.py
[2025-04-22T06:20:33.774+0000] {processor.py:925} INFO - DAG(s) 'example_task_group' retrieved from /home/airflow/.local/lib/python3.9/site-packages/airflow/example_dags/example_task_group.py
[2025-04-22T06:20:33.820+0000] {logging_mixin.py:190} INFO - [2025-04-22T06:20:33.820+0000] {dag.py:3239} INFO - Sync 1 DAGs
[2025-04-22T06:20:33.861+0000] {logging_mixin.py:190} INFO - [2025-04-22T06:20:33.861+0000] {dag.py:4180} INFO - Setting next_dagrun for example_task_group to None, run_after=None
[2025-04-22T06:20:33.997+0000] {processor.py:208} INFO - Processing /home/airflow/.local/lib/python3.9/site-packages/airflow/example_dags/example_task_group.py took 0.303 seconds
[2025-04-22T06:21:04.446+0000] {processor.py:186} INFO - Started process (PID=196) to work on /home/airflow/.local/lib/python3.9/site-packages/airflow/example_dags/example_task_group.py
[2025-04-22T06:21:04.447+0000] {processor.py:914} INFO - Processing file /home/airflow/.local/lib/python3.9/site-packages/airflow/example_dags/example_task_group.py for tasks to queue
[2025-04-22T06:21:04.449+0000] {logging_mixin.py:190} INFO - [2025-04-22T06:21:04.449+0000] {dagbag.py:588} INFO - Filling up the DagBag from /home/airflow/.local/lib/python3.9/site-packages/airflow/example_dags/example_task_group.py
[2025-04-22T06:21:04.457+0000] {processor.py:925} INFO - DAG(s) 'example_task_group' retrieved from /home/airflow/.local/lib/python3.9/site-packages/airflow/example_dags/example_task_group.py
[2025-04-22T06:21:04.477+0000] {logging_mixin.py:190} INFO - [2025-04-22T06:21:04.476+0000] {dag.py:3239} INFO - Sync 1 DAGs
[2025-04-22T06:21:04.494+0000] {logging_mixin.py:190} INFO - [2025-04-22T06:21:04.494+0000] {dag.py:4180} INFO - Setting next_dagrun for example_task_group to None, run_after=None
[2025-04-22T06:21:04.522+0000] {processor.py:208} INFO - Processing /home/airflow/.local/lib/python3.9/site-packages/airflow/example_dags/example_task_group.py took 0.082 seconds
[2025-04-22T06:21:35.831+0000] {processor.py:186} INFO - Started process (PID=254) to work on /home/airflow/.local/lib/python3.9/site-packages/airflow/example_dags/example_task_group.py
[2025-04-22T06:21:35.832+0000] {processor.py:914} INFO - Processing file /home/airflow/.local/lib/python3.9/site-packages/airflow/example_dags/example_task_group.py for tasks to queue
[2025-04-22T06:21:35.836+0000] {logging_mixin.py:190} INFO - [2025-04-22T06:21:35.835+0000] {dagbag.py:588} INFO - Filling up the DagBag from /home/airflow/.local/lib/python3.9/site-packages/airflow/example_dags/example_task_group.py
[2025-04-22T06:21:35.848+0000] {processor.py:925} INFO - DAG(s) 'example_task_group' retrieved from /home/airflow/.local/lib/python3.9/site-packages/airflow/example_dags/example_task_group.py
[2025-04-22T06:21:35.879+0000] {logging_mixin.py:190} INFO - [2025-04-22T06:21:35.879+0000] {dag.py:3239} INFO - Sync 1 DAGs
[2025-04-22T06:21:35.899+0000] {logging_mixin.py:190} INFO - [2025-04-22T06:21:35.899+0000] {dag.py:4180} INFO - Setting next_dagrun for example_task_group to None, run_after=None
[2025-04-22T06:21:35.928+0000] {processor.py:208} INFO - Processing /home/airflow/.local/lib/python3.9/site-packages/airflow/example_dags/example_task_group.py took 0.108 seconds
[2025-04-22T06:22:06.412+0000] {processor.py:186} INFO - Started process (PID=312) to work on /home/airflow/.local/lib/python3.9/site-packages/airflow/example_dags/example_task_group.py
[2025-04-22T06:22:06.413+0000] {processor.py:914} INFO - Processing file /home/airflow/.local/lib/python3.9/site-packages/airflow/example_dags/example_task_group.py for tasks to queue
[2025-04-22T06:22:06.416+0000] {logging_mixin.py:190} INFO - [2025-04-22T06:22:06.416+0000] {dagbag.py:588} INFO - Filling up the DagBag from /home/airflow/.local/lib/python3.9/site-packages/airflow/example_dags/example_task_group.py
[2025-04-22T06:22:06.426+0000] {processor.py:925} INFO - DAG(s) 'example_task_group' retrieved from /home/airflow/.local/lib/python3.9/site-packages/airflow/example_dags/example_task_group.py
[2025-04-22T06:22:06.451+0000] {logging_mixin.py:190} INFO - [2025-04-22T06:22:06.451+0000] {dag.py:3239} INFO - Sync 1 DAGs
[2025-04-22T06:22:06.467+0000] {logging_mixin.py:190} INFO - [2025-04-22T06:22:06.466+0000] {dag.py:4180} INFO - Setting next_dagrun for example_task_group to None, run_after=None
[2025-04-22T06:22:06.489+0000] {processor.py:208} INFO - Processing /home/airflow/.local/lib/python3.9/site-packages/airflow/example_dags/example_task_group.py took 0.083 seconds
[2025-04-22T06:22:36.721+0000] {processor.py:186} INFO - Started process (PID=369) to work on /home/airflow/.local/lib/python3.9/site-packages/airflow/example_dags/example_task_group.py
[2025-04-22T06:22:36.722+0000] {processor.py:914} INFO - Processing file /home/airflow/.local/lib/python3.9/site-packages/airflow/example_dags/example_task_group.py for tasks to queue
[2025-04-22T06:22:36.726+0000] {logging_mixin.py:190} INFO - [2025-04-22T06:22:36.726+0000] {dagbag.py:588} INFO - Filling up the DagBag from /home/airflow/.local/lib/python3.9/site-packages/airflow/example_dags/example_task_group.py
[2025-04-22T06:22:36.738+0000] {processor.py:925} INFO - DAG(s) 'example_task_group' retrieved from /home/airflow/.local/lib/python3.9/site-packages/airflow/example_dags/example_task_group.py
[2025-04-22T06:22:36.776+0000] {logging_mixin.py:190} INFO - [2025-04-22T06:22:36.776+0000] {dag.py:3239} INFO - Sync 1 DAGs
[2025-04-22T06:22:36.797+0000] {logging_mixin.py:190} INFO - [2025-04-22T06:22:36.797+0000] {dag.py:4180} INFO - Setting next_dagrun for example_task_group to None, run_after=None
[2025-04-22T06:22:36.862+0000] {processor.py:208} INFO - Processing /home/airflow/.local/lib/python3.9/site-packages/airflow/example_dags/example_task_group.py took 0.154 seconds
[2025-04-22T06:23:07.727+0000] {processor.py:186} INFO - Started process (PID=427) to work on /home/airflow/.local/lib/python3.9/site-packages/airflow/example_dags/example_task_group.py
[2025-04-22T06:23:07.728+0000] {processor.py:914} INFO - Processing file /home/airflow/.local/lib/python3.9/site-packages/airflow/example_dags/example_task_group.py for tasks to queue
[2025-04-22T06:23:07.731+0000] {logging_mixin.py:190} INFO - [2025-04-22T06:23:07.730+0000] {dagbag.py:588} INFO - Filling up the DagBag from /home/airflow/.local/lib/python3.9/site-packages/airflow/example_dags/example_task_group.py
[2025-04-22T06:23:07.741+0000] {processor.py:925} INFO - DAG(s) 'example_task_group' retrieved from /home/airflow/.local/lib/python3.9/site-packages/airflow/example_dags/example_task_group.py
[2025-04-22T06:23:07.764+0000] {logging_mixin.py:190} INFO - [2025-04-22T06:23:07.764+0000] {dag.py:3239} INFO - Sync 1 DAGs
[2025-04-22T06:23:07.784+0000] {logging_mixin.py:190} INFO - [2025-04-22T06:23:07.784+0000] {dag.py:4180} INFO - Setting next_dagrun for example_task_group to None, run_after=None
[2025-04-22T06:23:07.814+0000] {processor.py:208} INFO - Processing /home/airflow/.local/lib/python3.9/site-packages/airflow/example_dags/example_task_group.py took 0.093 seconds
[2025-04-22T06:23:38.002+0000] {processor.py:186} INFO - Started process (PID=484) to work on /home/airflow/.local/lib/python3.9/site-packages/airflow/example_dags/example_task_group.py
[2025-04-22T06:23:38.003+0000] {processor.py:914} INFO - Processing file /home/airflow/.local/lib/python3.9/site-packages/airflow/example_dags/example_task_group.py for tasks to queue
[2025-04-22T06:23:38.005+0000] {logging_mixin.py:190} INFO - [2025-04-22T06:23:38.005+0000] {dagbag.py:588} INFO - Filling up the DagBag from /home/airflow/.local/lib/python3.9/site-packages/airflow/example_dags/example_task_group.py
[2025-04-22T06:23:38.013+0000] {processor.py:925} INFO - DAG(s) 'example_task_group' retrieved from /home/airflow/.local/lib/python3.9/site-packages/airflow/example_dags/example_task_group.py
[2025-04-22T06:23:38.032+0000] {logging_mixin.py:190} INFO - [2025-04-22T06:23:38.032+0000] {dag.py:3239} INFO - Sync 1 DAGs
[2025-04-22T06:23:38.046+0000] {logging_mixin.py:190} INFO - [2025-04-22T06:23:38.046+0000] {dag.py:4180} INFO - Setting next_dagrun for example_task_group to None, run_after=None
[2025-04-22T06:23:38.066+0000] {processor.py:208} INFO - Processing /home/airflow/.local/lib/python3.9/site-packages/airflow/example_dags/example_task_group.py took 0.070 seconds
[2025-04-22T06:24:08.168+0000] {processor.py:186} INFO - Started process (PID=542) to work on /home/airflow/.local/lib/python3.9/site-packages/airflow/example_dags/example_task_group.py
[2025-04-22T06:24:08.169+0000] {processor.py:914} INFO - Processing file /home/airflow/.local/lib/python3.9/site-packages/airflow/example_dags/example_task_group.py for tasks to queue
[2025-04-22T06:24:08.173+0000] {logging_mixin.py:190} INFO - [2025-04-22T06:24:08.172+0000] {dagbag.py:588} INFO - Filling up the DagBag from /home/airflow/.local/lib/python3.9/site-packages/airflow/example_dags/example_task_group.py
[2025-04-22T06:24:08.182+0000] {processor.py:925} INFO - DAG(s) 'example_task_group' retrieved from /home/airflow/.local/lib/python3.9/site-packages/airflow/example_dags/example_task_group.py
[2025-04-22T06:24:08.204+0000] {logging_mixin.py:190} INFO - [2025-04-22T06:24:08.203+0000] {dag.py:3239} INFO - Sync 1 DAGs
[2025-04-22T06:24:08.219+0000] {logging_mixin.py:190} INFO - [2025-04-22T06:24:08.219+0000] {dag.py:4180} INFO - Setting next_dagrun for example_task_group to None, run_after=None
[2025-04-22T06:24:08.239+0000] {processor.py:208} INFO - Processing /home/airflow/.local/lib/python3.9/site-packages/airflow/example_dags/example_task_group.py took 0.079 seconds
[2025-04-22T06:24:38.761+0000] {processor.py:186} INFO - Started process (PID=600) to work on /home/airflow/.local/lib/python3.9/site-packages/airflow/example_dags/example_task_group.py
[2025-04-22T06:24:38.762+0000] {processor.py:914} INFO - Processing file /home/airflow/.local/lib/python3.9/site-packages/airflow/example_dags/example_task_group.py for tasks to queue
[2025-04-22T06:24:38.765+0000] {logging_mixin.py:190} INFO - [2025-04-22T06:24:38.764+0000] {dagbag.py:588} INFO - Filling up the DagBag from /home/airflow/.local/lib/python3.9/site-packages/airflow/example_dags/example_task_group.py
[2025-04-22T06:24:38.772+0000] {processor.py:925} INFO - DAG(s) 'example_task_group' retrieved from /home/airflow/.local/lib/python3.9/site-packages/airflow/example_dags/example_task_group.py
[2025-04-22T06:24:38.791+0000] {logging_mixin.py:190} INFO - [2025-04-22T06:24:38.791+0000] {dag.py:3239} INFO - Sync 1 DAGs
[2025-04-22T06:24:38.805+0000] {logging_mixin.py:190} INFO - [2025-04-22T06:24:38.804+0000] {dag.py:4180} INFO - Setting next_dagrun for example_task_group to None, run_after=None
[2025-04-22T06:24:38.824+0000] {processor.py:208} INFO - Processing /home/airflow/.local/lib/python3.9/site-packages/airflow/example_dags/example_task_group.py took 0.068 seconds
[2025-04-22T06:25:09.907+0000] {processor.py:186} INFO - Started process (PID=658) to work on /home/airflow/.local/lib/python3.9/site-packages/airflow/example_dags/example_task_group.py
[2025-04-22T06:25:09.907+0000] {processor.py:914} INFO - Processing file /home/airflow/.local/lib/python3.9/site-packages/airflow/example_dags/example_task_group.py for tasks to queue
[2025-04-22T06:25:09.910+0000] {logging_mixin.py:190} INFO - [2025-04-22T06:25:09.909+0000] {dagbag.py:588} INFO - Filling up the DagBag from /home/airflow/.local/lib/python3.9/site-packages/airflow/example_dags/example_task_group.py
[2025-04-22T06:25:09.917+0000] {processor.py:925} INFO - DAG(s) 'example_task_group' retrieved from /home/airflow/.local/lib/python3.9/site-packages/airflow/example_dags/example_task_group.py
[2025-04-22T06:25:09.937+0000] {logging_mixin.py:190} INFO - [2025-04-22T06:25:09.936+0000] {dag.py:3239} INFO - Sync 1 DAGs
[2025-04-22T06:25:09.950+0000] {logging_mixin.py:190} INFO - [2025-04-22T06:25:09.950+0000] {dag.py:4180} INFO - Setting next_dagrun for example_task_group to None, run_after=None
[2025-04-22T06:25:09.968+0000] {processor.py:208} INFO - Processing /home/airflow/.local/lib/python3.9/site-packages/airflow/example_dags/example_task_group.py took 0.067 seconds
[2025-04-22T06:25:40.587+0000] {processor.py:186} INFO - Started process (PID=716) to work on /home/airflow/.local/lib/python3.9/site-packages/airflow/example_dags/example_task_group.py
[2025-04-22T06:25:40.588+0000] {processor.py:914} INFO - Processing file /home/airflow/.local/lib/python3.9/site-packages/airflow/example_dags/example_task_group.py for tasks to queue
[2025-04-22T06:25:40.591+0000] {logging_mixin.py:190} INFO - [2025-04-22T06:25:40.591+0000] {dagbag.py:588} INFO - Filling up the DagBag from /home/airflow/.local/lib/python3.9/site-packages/airflow/example_dags/example_task_group.py
[2025-04-22T06:25:40.600+0000] {processor.py:925} INFO - DAG(s) 'example_task_group' retrieved from /home/airflow/.local/lib/python3.9/site-packages/airflow/example_dags/example_task_group.py
[2025-04-22T06:25:40.620+0000] {logging_mixin.py:190} INFO - [2025-04-22T06:25:40.620+0000] {dag.py:3239} INFO - Sync 1 DAGs
[2025-04-22T06:25:40.635+0000] {logging_mixin.py:190} INFO - [2025-04-22T06:25:40.635+0000] {dag.py:4180} INFO - Setting next_dagrun for example_task_group to None, run_after=None
[2025-04-22T06:25:40.657+0000] {processor.py:208} INFO - Processing /home/airflow/.local/lib/python3.9/site-packages/airflow/example_dags/example_task_group.py took 0.077 seconds
[2025-04-22T06:26:11.189+0000] {processor.py:186} INFO - Started process (PID=774) to work on /home/airflow/.local/lib/python3.9/site-packages/airflow/example_dags/example_task_group.py
[2025-04-22T06:26:11.190+0000] {processor.py:914} INFO - Processing file /home/airflow/.local/lib/python3.9/site-packages/airflow/example_dags/example_task_group.py for tasks to queue
[2025-04-22T06:26:11.193+0000] {logging_mixin.py:190} INFO - [2025-04-22T06:26:11.193+0000] {dagbag.py:588} INFO - Filling up the DagBag from /home/airflow/.local/lib/python3.9/site-packages/airflow/example_dags/example_task_group.py
[2025-04-22T06:26:11.202+0000] {processor.py:925} INFO - DAG(s) 'example_task_group' retrieved from /home/airflow/.local/lib/python3.9/site-packages/airflow/example_dags/example_task_group.py
[2025-04-22T06:26:11.221+0000] {logging_mixin.py:190} INFO - [2025-04-22T06:26:11.221+0000] {dag.py:3239} INFO - Sync 1 DAGs
[2025-04-22T06:26:11.235+0000] {logging_mixin.py:190} INFO - [2025-04-22T06:26:11.234+0000] {dag.py:4180} INFO - Setting next_dagrun for example_task_group to None, run_after=None
[2025-04-22T06:26:11.252+0000] {processor.py:208} INFO - Processing /home/airflow/.local/lib/python3.9/site-packages/airflow/example_dags/example_task_group.py took 0.070 seconds
[2025-04-22T06:26:41.894+0000] {processor.py:186} INFO - Started process (PID=832) to work on /home/airflow/.local/lib/python3.9/site-packages/airflow/example_dags/example_task_group.py
[2025-04-22T06:26:41.895+0000] {processor.py:914} INFO - Processing file /home/airflow/.local/lib/python3.9/site-packages/airflow/example_dags/example_task_group.py for tasks to queue
[2025-04-22T06:26:41.897+0000] {logging_mixin.py:190} INFO - [2025-04-22T06:26:41.897+0000] {dagbag.py:588} INFO - Filling up the DagBag from /home/airflow/.local/lib/python3.9/site-packages/airflow/example_dags/example_task_group.py
[2025-04-22T06:26:41.904+0000] {processor.py:925} INFO - DAG(s) 'example_task_group' retrieved from /home/airflow/.local/lib/python3.9/site-packages/airflow/example_dags/example_task_group.py
[2025-04-22T06:26:41.924+0000] {logging_mixin.py:190} INFO - [2025-04-22T06:26:41.923+0000] {dag.py:3239} INFO - Sync 1 DAGs
[2025-04-22T06:26:41.938+0000] {logging_mixin.py:190} INFO - [2025-04-22T06:26:41.937+0000] {dag.py:4180} INFO - Setting next_dagrun for example_task_group to None, run_after=None
[2025-04-22T06:26:41.967+0000] {processor.py:208} INFO - Processing /home/airflow/.local/lib/python3.9/site-packages/airflow/example_dags/example_task_group.py took 0.080 seconds
[2025-04-22T06:27:13.197+0000] {processor.py:186} INFO - Started process (PID=890) to work on /home/airflow/.local/lib/python3.9/site-packages/airflow/example_dags/example_task_group.py
[2025-04-22T06:27:13.198+0000] {processor.py:914} INFO - Processing file /home/airflow/.local/lib/python3.9/site-packages/airflow/example_dags/example_task_group.py for tasks to queue
[2025-04-22T06:27:13.201+0000] {logging_mixin.py:190} INFO - [2025-04-22T06:27:13.201+0000] {dagbag.py:588} INFO - Filling up the DagBag from /home/airflow/.local/lib/python3.9/site-packages/airflow/example_dags/example_task_group.py
[2025-04-22T06:27:13.210+0000] {processor.py:925} INFO - DAG(s) 'example_task_group' retrieved from /home/airflow/.local/lib/python3.9/site-packages/airflow/example_dags/example_task_group.py
[2025-04-22T06:27:13.230+0000] {logging_mixin.py:190} INFO - [2025-04-22T06:27:13.230+0000] {dag.py:3239} INFO - Sync 1 DAGs
[2025-04-22T06:27:13.244+0000] {logging_mixin.py:190} INFO - [2025-04-22T06:27:13.243+0000] {dag.py:4180} INFO - Setting next_dagrun for example_task_group to None, run_after=None
[2025-04-22T06:27:13.262+0000] {processor.py:208} INFO - Processing /home/airflow/.local/lib/python3.9/site-packages/airflow/example_dags/example_task_group.py took 0.072 seconds
[2025-04-22T06:27:43.885+0000] {processor.py:186} INFO - Started process (PID=948) to work on /home/airflow/.local/lib/python3.9/site-packages/airflow/example_dags/example_task_group.py
[2025-04-22T06:27:43.886+0000] {processor.py:914} INFO - Processing file /home/airflow/.local/lib/python3.9/site-packages/airflow/example_dags/example_task_group.py for tasks to queue
[2025-04-22T06:27:43.889+0000] {logging_mixin.py:190} INFO - [2025-04-22T06:27:43.889+0000] {dagbag.py:588} INFO - Filling up the DagBag from /home/airflow/.local/lib/python3.9/site-packages/airflow/example_dags/example_task_group.py
[2025-04-22T06:27:43.900+0000] {processor.py:925} INFO - DAG(s) 'example_task_group' retrieved from /home/airflow/.local/lib/python3.9/site-packages/airflow/example_dags/example_task_group.py
[2025-04-22T06:27:43.923+0000] {logging_mixin.py:190} INFO - [2025-04-22T06:27:43.923+0000] {dag.py:3239} INFO - Sync 1 DAGs
[2025-04-22T06:27:43.937+0000] {logging_mixin.py:190} INFO - [2025-04-22T06:27:43.937+0000] {dag.py:4180} INFO - Setting next_dagrun for example_task_group to None, run_after=None
[2025-04-22T06:27:43.957+0000] {processor.py:208} INFO - Processing /home/airflow/.local/lib/python3.9/site-packages/airflow/example_dags/example_task_group.py took 0.079 seconds
[2025-04-22T06:28:14.802+0000] {processor.py:186} INFO - Started process (PID=1006) to work on /home/airflow/.local/lib/python3.9/site-packages/airflow/example_dags/example_task_group.py
[2025-04-22T06:28:14.803+0000] {processor.py:914} INFO - Processing file /home/airflow/.local/lib/python3.9/site-packages/airflow/example_dags/example_task_group.py for tasks to queue
[2025-04-22T06:28:14.805+0000] {logging_mixin.py:190} INFO - [2025-04-22T06:28:14.805+0000] {dagbag.py:588} INFO - Filling up the DagBag from /home/airflow/.local/lib/python3.9/site-packages/airflow/example_dags/example_task_group.py
[2025-04-22T06:28:14.813+0000] {processor.py:925} INFO - DAG(s) 'example_task_group' retrieved from /home/airflow/.local/lib/python3.9/site-packages/airflow/example_dags/example_task_group.py
[2025-04-22T06:28:14.833+0000] {logging_mixin.py:190} INFO - [2025-04-22T06:28:14.833+0000] {dag.py:3239} INFO - Sync 1 DAGs
[2025-04-22T06:28:14.847+0000] {logging_mixin.py:190} INFO - [2025-04-22T06:28:14.846+0000] {dag.py:4180} INFO - Setting next_dagrun for example_task_group to None, run_after=None
[2025-04-22T06:28:14.865+0000] {processor.py:208} INFO - Processing /home/airflow/.local/lib/python3.9/site-packages/airflow/example_dags/example_task_group.py took 0.069 seconds
[2025-04-22T06:28:46.063+0000] {processor.py:186} INFO - Started process (PID=1064) to work on /home/airflow/.local/lib/python3.9/site-packages/airflow/example_dags/example_task_group.py
[2025-04-22T06:28:46.064+0000] {processor.py:914} INFO - Processing file /home/airflow/.local/lib/python3.9/site-packages/airflow/example_dags/example_task_group.py for tasks to queue
[2025-04-22T06:28:46.067+0000] {logging_mixin.py:190} INFO - [2025-04-22T06:28:46.066+0000] {dagbag.py:588} INFO - Filling up the DagBag from /home/airflow/.local/lib/python3.9/site-packages/airflow/example_dags/example_task_group.py
[2025-04-22T06:28:46.076+0000] {processor.py:925} INFO - DAG(s) 'example_task_group' retrieved from /home/airflow/.local/lib/python3.9/site-packages/airflow/example_dags/example_task_group.py
[2025-04-22T06:28:46.097+0000] {logging_mixin.py:190} INFO - [2025-04-22T06:28:46.097+0000] {dag.py:3239} INFO - Sync 1 DAGs
[2025-04-22T06:28:46.111+0000] {logging_mixin.py:190} INFO - [2025-04-22T06:28:46.111+0000] {dag.py:4180} INFO - Setting next_dagrun for example_task_group to None, run_after=None
[2025-04-22T06:28:46.129+0000] {processor.py:208} INFO - Processing /home/airflow/.local/lib/python3.9/site-packages/airflow/example_dags/example_task_group.py took 0.074 seconds
[2025-04-22T06:29:16.929+0000] {processor.py:186} INFO - Started process (PID=1122) to work on /home/airflow/.local/lib/python3.9/site-packages/airflow/example_dags/example_task_group.py
[2025-04-22T06:29:16.930+0000] {processor.py:914} INFO - Processing file /home/airflow/.local/lib/python3.9/site-packages/airflow/example_dags/example_task_group.py for tasks to queue
[2025-04-22T06:29:16.933+0000] {logging_mixin.py:190} INFO - [2025-04-22T06:29:16.933+0000] {dagbag.py:588} INFO - Filling up the DagBag from /home/airflow/.local/lib/python3.9/site-packages/airflow/example_dags/example_task_group.py
[2025-04-22T06:29:16.941+0000] {processor.py:925} INFO - DAG(s) 'example_task_group' retrieved from /home/airflow/.local/lib/python3.9/site-packages/airflow/example_dags/example_task_group.py
[2025-04-22T06:29:16.960+0000] {logging_mixin.py:190} INFO - [2025-04-22T06:29:16.960+0000] {dag.py:3239} INFO - Sync 1 DAGs
[2025-04-22T06:29:16.973+0000] {logging_mixin.py:190} INFO - [2025-04-22T06:29:16.973+0000] {dag.py:4180} INFO - Setting next_dagrun for example_task_group to None, run_after=None
[2025-04-22T06:29:16.990+0000] {processor.py:208} INFO - Processing /home/airflow/.local/lib/python3.9/site-packages/airflow/example_dags/example_task_group.py took 0.067 seconds
[2025-04-22T06:29:48.224+0000] {processor.py:186} INFO - Started process (PID=1180) to work on /home/airflow/.local/lib/python3.9/site-packages/airflow/example_dags/example_task_group.py
[2025-04-22T06:29:48.225+0000] {processor.py:914} INFO - Processing file /home/airflow/.local/lib/python3.9/site-packages/airflow/example_dags/example_task_group.py for tasks to queue
[2025-04-22T06:29:48.227+0000] {logging_mixin.py:190} INFO - [2025-04-22T06:29:48.227+0000] {dagbag.py:588} INFO - Filling up the DagBag from /home/airflow/.local/lib/python3.9/site-packages/airflow/example_dags/example_task_group.py
[2025-04-22T06:29:48.236+0000] {processor.py:925} INFO - DAG(s) 'example_task_group' retrieved from /home/airflow/.local/lib/python3.9/site-packages/airflow/example_dags/example_task_group.py
[2025-04-22T06:29:48.255+0000] {logging_mixin.py:190} INFO - [2025-04-22T06:29:48.254+0000] {dag.py:3239} INFO - Sync 1 DAGs
[2025-04-22T06:29:48.268+0000] {logging_mixin.py:190} INFO - [2025-04-22T06:29:48.268+0000] {dag.py:4180} INFO - Setting next_dagrun for example_task_group to None, run_after=None
[2025-04-22T06:29:48.286+0000] {processor.py:208} INFO - Processing /home/airflow/.local/lib/python3.9/site-packages/airflow/example_dags/example_task_group.py took 0.069 seconds
[2025-04-22T06:30:19.242+0000] {processor.py:186} INFO - Started process (PID=1238) to work on /home/airflow/.local/lib/python3.9/site-packages/airflow/example_dags/example_task_group.py
[2025-04-22T06:30:19.243+0000] {processor.py:914} INFO - Processing file /home/airflow/.local/lib/python3.9/site-packages/airflow/example_dags/example_task_group.py for tasks to queue
[2025-04-22T06:30:19.245+0000] {logging_mixin.py:190} INFO - [2025-04-22T06:30:19.245+0000] {dagbag.py:588} INFO - Filling up the DagBag from /home/airflow/.local/lib/python3.9/site-packages/airflow/example_dags/example_task_group.py
[2025-04-22T06:30:19.253+0000] {processor.py:925} INFO - DAG(s) 'example_task_group' retrieved from /home/airflow/.local/lib/python3.9/site-packages/airflow/example_dags/example_task_group.py
[2025-04-22T06:30:19.272+0000] {logging_mixin.py:190} INFO - [2025-04-22T06:30:19.271+0000] {dag.py:3239} INFO - Sync 1 DAGs
[2025-04-22T06:30:19.286+0000] {logging_mixin.py:190} INFO - [2025-04-22T06:30:19.286+0000] {dag.py:4180} INFO - Setting next_dagrun for example_task_group to None, run_after=None
[2025-04-22T06:30:19.304+0000] {processor.py:208} INFO - Processing /home/airflow/.local/lib/python3.9/site-packages/airflow/example_dags/example_task_group.py took 0.068 seconds
[2025-04-22T06:30:50.282+0000] {processor.py:186} INFO - Started process (PID=1296) to work on /home/airflow/.local/lib/python3.9/site-packages/airflow/example_dags/example_task_group.py
[2025-04-22T06:30:50.284+0000] {processor.py:914} INFO - Processing file /home/airflow/.local/lib/python3.9/site-packages/airflow/example_dags/example_task_group.py for tasks to queue
[2025-04-22T06:30:50.286+0000] {logging_mixin.py:190} INFO - [2025-04-22T06:30:50.286+0000] {dagbag.py:588} INFO - Filling up the DagBag from /home/airflow/.local/lib/python3.9/site-packages/airflow/example_dags/example_task_group.py
[2025-04-22T06:30:50.299+0000] {processor.py:925} INFO - DAG(s) 'example_task_group' retrieved from /home/airflow/.local/lib/python3.9/site-packages/airflow/example_dags/example_task_group.py
[2025-04-22T06:30:50.326+0000] {logging_mixin.py:190} INFO - [2025-04-22T06:30:50.326+0000] {dag.py:3239} INFO - Sync 1 DAGs
[2025-04-22T06:30:50.345+0000] {logging_mixin.py:190} INFO - [2025-04-22T06:30:50.345+0000] {dag.py:4180} INFO - Setting next_dagrun for example_task_group to None, run_after=None
[2025-04-22T06:30:50.366+0000] {processor.py:208} INFO - Processing /home/airflow/.local/lib/python3.9/site-packages/airflow/example_dags/example_task_group.py took 0.091 seconds
[2025-04-22T06:31:21.349+0000] {processor.py:186} INFO - Started process (PID=1354) to work on /home/airflow/.local/lib/python3.9/site-packages/airflow/example_dags/example_task_group.py
[2025-04-22T06:31:21.350+0000] {processor.py:914} INFO - Processing file /home/airflow/.local/lib/python3.9/site-packages/airflow/example_dags/example_task_group.py for tasks to queue
[2025-04-22T06:31:21.352+0000] {logging_mixin.py:190} INFO - [2025-04-22T06:31:21.352+0000] {dagbag.py:588} INFO - Filling up the DagBag from /home/airflow/.local/lib/python3.9/site-packages/airflow/example_dags/example_task_group.py
[2025-04-22T06:31:21.361+0000] {processor.py:925} INFO - DAG(s) 'example_task_group' retrieved from /home/airflow/.local/lib/python3.9/site-packages/airflow/example_dags/example_task_group.py
[2025-04-22T06:31:21.381+0000] {logging_mixin.py:190} INFO - [2025-04-22T06:31:21.381+0000] {dag.py:3239} INFO - Sync 1 DAGs
[2025-04-22T06:31:21.396+0000] {logging_mixin.py:190} INFO - [2025-04-22T06:31:21.396+0000] {dag.py:4180} INFO - Setting next_dagrun for example_task_group to None, run_after=None
[2025-04-22T06:31:21.415+0000] {processor.py:208} INFO - Processing /home/airflow/.local/lib/python3.9/site-packages/airflow/example_dags/example_task_group.py took 0.073 seconds
[2025-04-22T06:31:52.190+0000] {processor.py:186} INFO - Started process (PID=1412) to work on /home/airflow/.local/lib/python3.9/site-packages/airflow/example_dags/example_task_group.py
[2025-04-22T06:31:52.191+0000] {processor.py:914} INFO - Processing file /home/airflow/.local/lib/python3.9/site-packages/airflow/example_dags/example_task_group.py for tasks to queue
[2025-04-22T06:31:52.193+0000] {logging_mixin.py:190} INFO - [2025-04-22T06:31:52.193+0000] {dagbag.py:588} INFO - Filling up the DagBag from /home/airflow/.local/lib/python3.9/site-packages/airflow/example_dags/example_task_group.py
[2025-04-22T06:31:52.201+0000] {processor.py:925} INFO - DAG(s) 'example_task_group' retrieved from /home/airflow/.local/lib/python3.9/site-packages/airflow/example_dags/example_task_group.py
[2025-04-22T06:31:52.220+0000] {logging_mixin.py:190} INFO - [2025-04-22T06:31:52.220+0000] {dag.py:3239} INFO - Sync 1 DAGs
[2025-04-22T06:31:52.234+0000] {logging_mixin.py:190} INFO - [2025-04-22T06:31:52.234+0000] {dag.py:4180} INFO - Setting next_dagrun for example_task_group to None, run_after=None
[2025-04-22T06:31:52.251+0000] {processor.py:208} INFO - Processing /home/airflow/.local/lib/python3.9/site-packages/airflow/example_dags/example_task_group.py took 0.066 seconds
[2025-04-22T06:32:24.395+0000] {processor.py:186} INFO - Started process (PID=1470) to work on /home/airflow/.local/lib/python3.9/site-packages/airflow/example_dags/example_task_group.py
[2025-04-22T06:32:24.398+0000] {processor.py:914} INFO - Processing file /home/airflow/.local/lib/python3.9/site-packages/airflow/example_dags/example_task_group.py for tasks to queue
[2025-04-22T06:32:24.403+0000] {logging_mixin.py:190} INFO - [2025-04-22T06:32:24.403+0000] {dagbag.py:588} INFO - Filling up the DagBag from /home/airflow/.local/lib/python3.9/site-packages/airflow/example_dags/example_task_group.py
[2025-04-22T06:32:24.418+0000] {processor.py:925} INFO - DAG(s) 'example_task_group' retrieved from /home/airflow/.local/lib/python3.9/site-packages/airflow/example_dags/example_task_group.py
[2025-04-22T06:32:24.468+0000] {logging_mixin.py:190} INFO - [2025-04-22T06:32:24.468+0000] {dag.py:3239} INFO - Sync 1 DAGs
[2025-04-22T06:32:24.530+0000] {logging_mixin.py:190} INFO - [2025-04-22T06:32:24.530+0000] {dag.py:4180} INFO - Setting next_dagrun for example_task_group to None, run_after=None
[2025-04-22T06:32:24.600+0000] {processor.py:208} INFO - Processing /home/airflow/.local/lib/python3.9/site-packages/airflow/example_dags/example_task_group.py took 0.214 seconds
