[2025-04-22T06:20:01.244+0000] {processor.py:186} INFO - Started process (PID=83) to work on /home/airflow/.local/lib/python3.9/site-packages/airflow/example_dags/example_external_task_marker_dag.py
[2025-04-22T06:20:01.245+0000] {processor.py:914} INFO - Processing file /home/airflow/.local/lib/python3.9/site-packages/airflow/example_dags/example_external_task_marker_dag.py for tasks to queue
[2025-04-22T06:20:01.249+0000] {logging_mixin.py:190} INFO - [2025-04-22T06:20:01.248+0000] {dagbag.py:588} INFO - Filling up the DagBag from /home/airflow/.local/lib/python3.9/site-packages/airflow/example_dags/example_external_task_marker_dag.py
[2025-04-22T06:20:01.261+0000] {processor.py:925} INFO - DAG(s) 'example_external_task_marker_parent', 'example_external_task_marker_child' retrieved from /home/airflow/.local/lib/python3.9/site-packages/airflow/example_dags/example_external_task_marker_dag.py
[2025-04-22T06:20:01.293+0000] {logging_mixin.py:190} INFO - [2025-04-22T06:20:01.292+0000] {dag.py:3239} INFO - Sync 2 DAGs
[2025-04-22T06:20:01.320+0000] {logging_mixin.py:190} INFO - [2025-04-22T06:20:01.319+0000] {dag.py:4180} INFO - Setting next_dagrun for example_external_task_marker_child to None, run_after=None
[2025-04-22T06:20:01.324+0000] {logging_mixin.py:190} INFO - [2025-04-22T06:20:01.324+0000] {dag.py:4180} INFO - Setting next_dagrun for example_external_task_marker_parent to None, run_after=None
[2025-04-22T06:20:01.350+0000] {processor.py:208} INFO - Processing /home/airflow/.local/lib/python3.9/site-packages/airflow/example_dags/example_external_task_marker_dag.py took 0.115 seconds
[2025-04-22T06:20:34.635+0000] {processor.py:186} INFO - Started process (PID=141) to work on /home/airflow/.local/lib/python3.9/site-packages/airflow/example_dags/example_external_task_marker_dag.py
[2025-04-22T06:20:34.637+0000] {processor.py:914} INFO - Processing file /home/airflow/.local/lib/python3.9/site-packages/airflow/example_dags/example_external_task_marker_dag.py for tasks to queue
[2025-04-22T06:20:34.641+0000] {logging_mixin.py:190} INFO - [2025-04-22T06:20:34.640+0000] {dagbag.py:588} INFO - Filling up the DagBag from /home/airflow/.local/lib/python3.9/site-packages/airflow/example_dags/example_external_task_marker_dag.py
[2025-04-22T06:20:34.654+0000] {processor.py:925} INFO - DAG(s) 'example_external_task_marker_child', 'example_external_task_marker_parent' retrieved from /home/airflow/.local/lib/python3.9/site-packages/airflow/example_dags/example_external_task_marker_dag.py
[2025-04-22T06:20:34.690+0000] {logging_mixin.py:190} INFO - [2025-04-22T06:20:34.689+0000] {dag.py:3239} INFO - Sync 2 DAGs
[2025-04-22T06:20:34.719+0000] {logging_mixin.py:190} INFO - [2025-04-22T06:20:34.719+0000] {dag.py:4180} INFO - Setting next_dagrun for example_external_task_marker_child to None, run_after=None
[2025-04-22T06:20:34.726+0000] {logging_mixin.py:190} INFO - [2025-04-22T06:20:34.725+0000] {dag.py:4180} INFO - Setting next_dagrun for example_external_task_marker_parent to None, run_after=None
[2025-04-22T06:20:34.757+0000] {processor.py:208} INFO - Processing /home/airflow/.local/lib/python3.9/site-packages/airflow/example_dags/example_external_task_marker_dag.py took 0.133 seconds
[2025-04-22T06:21:04.942+0000] {processor.py:186} INFO - Started process (PID=199) to work on /home/airflow/.local/lib/python3.9/site-packages/airflow/example_dags/example_external_task_marker_dag.py
[2025-04-22T06:21:04.944+0000] {processor.py:914} INFO - Processing file /home/airflow/.local/lib/python3.9/site-packages/airflow/example_dags/example_external_task_marker_dag.py for tasks to queue
[2025-04-22T06:21:04.947+0000] {logging_mixin.py:190} INFO - [2025-04-22T06:21:04.946+0000] {dagbag.py:588} INFO - Filling up the DagBag from /home/airflow/.local/lib/python3.9/site-packages/airflow/example_dags/example_external_task_marker_dag.py
[2025-04-22T06:21:04.954+0000] {processor.py:925} INFO - DAG(s) 'example_external_task_marker_child', 'example_external_task_marker_parent' retrieved from /home/airflow/.local/lib/python3.9/site-packages/airflow/example_dags/example_external_task_marker_dag.py
[2025-04-22T06:21:04.979+0000] {logging_mixin.py:190} INFO - [2025-04-22T06:21:04.979+0000] {dag.py:3239} INFO - Sync 2 DAGs
[2025-04-22T06:21:04.997+0000] {logging_mixin.py:190} INFO - [2025-04-22T06:21:04.996+0000] {dag.py:4180} INFO - Setting next_dagrun for example_external_task_marker_child to None, run_after=None
[2025-04-22T06:21:05.000+0000] {logging_mixin.py:190} INFO - [2025-04-22T06:21:05.000+0000] {dag.py:4180} INFO - Setting next_dagrun for example_external_task_marker_parent to None, run_after=None
[2025-04-22T06:21:05.018+0000] {processor.py:208} INFO - Processing /home/airflow/.local/lib/python3.9/site-packages/airflow/example_dags/example_external_task_marker_dag.py took 0.084 seconds
[2025-04-22T06:21:36.036+0000] {processor.py:186} INFO - Started process (PID=257) to work on /home/airflow/.local/lib/python3.9/site-packages/airflow/example_dags/example_external_task_marker_dag.py
[2025-04-22T06:21:36.038+0000] {processor.py:914} INFO - Processing file /home/airflow/.local/lib/python3.9/site-packages/airflow/example_dags/example_external_task_marker_dag.py for tasks to queue
[2025-04-22T06:21:36.041+0000] {logging_mixin.py:190} INFO - [2025-04-22T06:21:36.041+0000] {dagbag.py:588} INFO - Filling up the DagBag from /home/airflow/.local/lib/python3.9/site-packages/airflow/example_dags/example_external_task_marker_dag.py
[2025-04-22T06:21:36.054+0000] {processor.py:925} INFO - DAG(s) 'example_external_task_marker_parent', 'example_external_task_marker_child' retrieved from /home/airflow/.local/lib/python3.9/site-packages/airflow/example_dags/example_external_task_marker_dag.py
[2025-04-22T06:21:36.087+0000] {logging_mixin.py:190} INFO - [2025-04-22T06:21:36.087+0000] {dag.py:3239} INFO - Sync 2 DAGs
[2025-04-22T06:21:36.113+0000] {logging_mixin.py:190} INFO - [2025-04-22T06:21:36.112+0000] {dag.py:4180} INFO - Setting next_dagrun for example_external_task_marker_child to None, run_after=None
[2025-04-22T06:21:36.119+0000] {logging_mixin.py:190} INFO - [2025-04-22T06:21:36.119+0000] {dag.py:4180} INFO - Setting next_dagrun for example_external_task_marker_parent to None, run_after=None
[2025-04-22T06:21:36.144+0000] {processor.py:208} INFO - Processing /home/airflow/.local/lib/python3.9/site-packages/airflow/example_dags/example_external_task_marker_dag.py took 0.117 seconds
[2025-04-22T06:22:06.632+0000] {processor.py:186} INFO - Started process (PID=314) to work on /home/airflow/.local/lib/python3.9/site-packages/airflow/example_dags/example_external_task_marker_dag.py
[2025-04-22T06:22:06.633+0000] {processor.py:914} INFO - Processing file /home/airflow/.local/lib/python3.9/site-packages/airflow/example_dags/example_external_task_marker_dag.py for tasks to queue
[2025-04-22T06:22:06.635+0000] {logging_mixin.py:190} INFO - [2025-04-22T06:22:06.635+0000] {dagbag.py:588} INFO - Filling up the DagBag from /home/airflow/.local/lib/python3.9/site-packages/airflow/example_dags/example_external_task_marker_dag.py
[2025-04-22T06:22:06.643+0000] {processor.py:925} INFO - DAG(s) 'example_external_task_marker_parent', 'example_external_task_marker_child' retrieved from /home/airflow/.local/lib/python3.9/site-packages/airflow/example_dags/example_external_task_marker_dag.py
[2025-04-22T06:22:06.666+0000] {logging_mixin.py:190} INFO - [2025-04-22T06:22:06.665+0000] {dag.py:3239} INFO - Sync 2 DAGs
[2025-04-22T06:22:06.680+0000] {logging_mixin.py:190} INFO - [2025-04-22T06:22:06.680+0000] {dag.py:4180} INFO - Setting next_dagrun for example_external_task_marker_child to None, run_after=None
[2025-04-22T06:22:06.685+0000] {logging_mixin.py:190} INFO - [2025-04-22T06:22:06.685+0000] {dag.py:4180} INFO - Setting next_dagrun for example_external_task_marker_parent to None, run_after=None
[2025-04-22T06:22:06.705+0000] {processor.py:208} INFO - Processing /home/airflow/.local/lib/python3.9/site-packages/airflow/example_dags/example_external_task_marker_dag.py took 0.082 seconds
[2025-04-22T06:22:37.685+0000] {processor.py:186} INFO - Started process (PID=372) to work on /home/airflow/.local/lib/python3.9/site-packages/airflow/example_dags/example_external_task_marker_dag.py
[2025-04-22T06:22:37.686+0000] {processor.py:914} INFO - Processing file /home/airflow/.local/lib/python3.9/site-packages/airflow/example_dags/example_external_task_marker_dag.py for tasks to queue
[2025-04-22T06:22:37.689+0000] {logging_mixin.py:190} INFO - [2025-04-22T06:22:37.688+0000] {dagbag.py:588} INFO - Filling up the DagBag from /home/airflow/.local/lib/python3.9/site-packages/airflow/example_dags/example_external_task_marker_dag.py
[2025-04-22T06:22:37.702+0000] {processor.py:925} INFO - DAG(s) 'example_external_task_marker_child', 'example_external_task_marker_parent' retrieved from /home/airflow/.local/lib/python3.9/site-packages/airflow/example_dags/example_external_task_marker_dag.py
[2025-04-22T06:22:37.733+0000] {logging_mixin.py:190} INFO - [2025-04-22T06:22:37.733+0000] {dag.py:3239} INFO - Sync 2 DAGs
[2025-04-22T06:22:37.752+0000] {logging_mixin.py:190} INFO - [2025-04-22T06:22:37.752+0000] {dag.py:4180} INFO - Setting next_dagrun for example_external_task_marker_child to None, run_after=None
[2025-04-22T06:22:37.758+0000] {logging_mixin.py:190} INFO - [2025-04-22T06:22:37.758+0000] {dag.py:4180} INFO - Setting next_dagrun for example_external_task_marker_parent to None, run_after=None
[2025-04-22T06:22:37.780+0000] {processor.py:208} INFO - Processing /home/airflow/.local/lib/python3.9/site-packages/airflow/example_dags/example_external_task_marker_dag.py took 0.104 seconds
[2025-04-22T06:23:08.254+0000] {processor.py:186} INFO - Started process (PID=430) to work on /home/airflow/.local/lib/python3.9/site-packages/airflow/example_dags/example_external_task_marker_dag.py
[2025-04-22T06:23:08.255+0000] {processor.py:914} INFO - Processing file /home/airflow/.local/lib/python3.9/site-packages/airflow/example_dags/example_external_task_marker_dag.py for tasks to queue
[2025-04-22T06:23:08.257+0000] {logging_mixin.py:190} INFO - [2025-04-22T06:23:08.257+0000] {dagbag.py:588} INFO - Filling up the DagBag from /home/airflow/.local/lib/python3.9/site-packages/airflow/example_dags/example_external_task_marker_dag.py
[2025-04-22T06:23:08.265+0000] {processor.py:925} INFO - DAG(s) 'example_external_task_marker_parent', 'example_external_task_marker_child' retrieved from /home/airflow/.local/lib/python3.9/site-packages/airflow/example_dags/example_external_task_marker_dag.py
[2025-04-22T06:23:08.289+0000] {logging_mixin.py:190} INFO - [2025-04-22T06:23:08.288+0000] {dag.py:3239} INFO - Sync 2 DAGs
[2025-04-22T06:23:08.306+0000] {logging_mixin.py:190} INFO - [2025-04-22T06:23:08.306+0000] {dag.py:4180} INFO - Setting next_dagrun for example_external_task_marker_child to None, run_after=None
[2025-04-22T06:23:08.310+0000] {logging_mixin.py:190} INFO - [2025-04-22T06:23:08.310+0000] {dag.py:4180} INFO - Setting next_dagrun for example_external_task_marker_parent to None, run_after=None
[2025-04-22T06:23:08.329+0000] {processor.py:208} INFO - Processing /home/airflow/.local/lib/python3.9/site-packages/airflow/example_dags/example_external_task_marker_dag.py took 0.083 seconds
[2025-04-22T06:23:39.594+0000] {processor.py:186} INFO - Started process (PID=489) to work on /home/airflow/.local/lib/python3.9/site-packages/airflow/example_dags/example_external_task_marker_dag.py
[2025-04-22T06:23:39.595+0000] {processor.py:914} INFO - Processing file /home/airflow/.local/lib/python3.9/site-packages/airflow/example_dags/example_external_task_marker_dag.py for tasks to queue
[2025-04-22T06:23:39.597+0000] {logging_mixin.py:190} INFO - [2025-04-22T06:23:39.597+0000] {dagbag.py:588} INFO - Filling up the DagBag from /home/airflow/.local/lib/python3.9/site-packages/airflow/example_dags/example_external_task_marker_dag.py
[2025-04-22T06:23:39.605+0000] {processor.py:925} INFO - DAG(s) 'example_external_task_marker_child', 'example_external_task_marker_parent' retrieved from /home/airflow/.local/lib/python3.9/site-packages/airflow/example_dags/example_external_task_marker_dag.py
[2025-04-22T06:23:39.626+0000] {logging_mixin.py:190} INFO - [2025-04-22T06:23:39.626+0000] {dag.py:3239} INFO - Sync 2 DAGs
[2025-04-22T06:23:39.640+0000] {logging_mixin.py:190} INFO - [2025-04-22T06:23:39.640+0000] {dag.py:4180} INFO - Setting next_dagrun for example_external_task_marker_child to None, run_after=None
[2025-04-22T06:23:39.644+0000] {logging_mixin.py:190} INFO - [2025-04-22T06:23:39.644+0000] {dag.py:4180} INFO - Setting next_dagrun for example_external_task_marker_parent to None, run_after=None
[2025-04-22T06:23:39.661+0000] {processor.py:208} INFO - Processing /home/airflow/.local/lib/python3.9/site-packages/airflow/example_dags/example_external_task_marker_dag.py took 0.073 seconds
[2025-04-22T06:24:10.638+0000] {processor.py:186} INFO - Started process (PID=547) to work on /home/airflow/.local/lib/python3.9/site-packages/airflow/example_dags/example_external_task_marker_dag.py
[2025-04-22T06:24:10.639+0000] {processor.py:914} INFO - Processing file /home/airflow/.local/lib/python3.9/site-packages/airflow/example_dags/example_external_task_marker_dag.py for tasks to queue
[2025-04-22T06:24:10.641+0000] {logging_mixin.py:190} INFO - [2025-04-22T06:24:10.641+0000] {dagbag.py:588} INFO - Filling up the DagBag from /home/airflow/.local/lib/python3.9/site-packages/airflow/example_dags/example_external_task_marker_dag.py
[2025-04-22T06:24:10.649+0000] {processor.py:925} INFO - DAG(s) 'example_external_task_marker_child', 'example_external_task_marker_parent' retrieved from /home/airflow/.local/lib/python3.9/site-packages/airflow/example_dags/example_external_task_marker_dag.py
[2025-04-22T06:24:10.669+0000] {logging_mixin.py:190} INFO - [2025-04-22T06:24:10.669+0000] {dag.py:3239} INFO - Sync 2 DAGs
[2025-04-22T06:24:10.687+0000] {logging_mixin.py:190} INFO - [2025-04-22T06:24:10.687+0000] {dag.py:4180} INFO - Setting next_dagrun for example_external_task_marker_child to None, run_after=None
[2025-04-22T06:24:10.691+0000] {logging_mixin.py:190} INFO - [2025-04-22T06:24:10.691+0000] {dag.py:4180} INFO - Setting next_dagrun for example_external_task_marker_parent to None, run_after=None
[2025-04-22T06:24:10.709+0000] {processor.py:208} INFO - Processing /home/airflow/.local/lib/python3.9/site-packages/airflow/example_dags/example_external_task_marker_dag.py took 0.076 seconds
[2025-04-22T06:24:41.240+0000] {processor.py:186} INFO - Started process (PID=604) to work on /home/airflow/.local/lib/python3.9/site-packages/airflow/example_dags/example_external_task_marker_dag.py
[2025-04-22T06:24:41.241+0000] {processor.py:914} INFO - Processing file /home/airflow/.local/lib/python3.9/site-packages/airflow/example_dags/example_external_task_marker_dag.py for tasks to queue
[2025-04-22T06:24:41.244+0000] {logging_mixin.py:190} INFO - [2025-04-22T06:24:41.243+0000] {dagbag.py:588} INFO - Filling up the DagBag from /home/airflow/.local/lib/python3.9/site-packages/airflow/example_dags/example_external_task_marker_dag.py
[2025-04-22T06:24:41.251+0000] {processor.py:925} INFO - DAG(s) 'example_external_task_marker_parent', 'example_external_task_marker_child' retrieved from /home/airflow/.local/lib/python3.9/site-packages/airflow/example_dags/example_external_task_marker_dag.py
[2025-04-22T06:24:41.273+0000] {logging_mixin.py:190} INFO - [2025-04-22T06:24:41.273+0000] {dag.py:3239} INFO - Sync 2 DAGs
[2025-04-22T06:24:41.288+0000] {logging_mixin.py:190} INFO - [2025-04-22T06:24:41.288+0000] {dag.py:4180} INFO - Setting next_dagrun for example_external_task_marker_child to None, run_after=None
[2025-04-22T06:24:41.292+0000] {logging_mixin.py:190} INFO - [2025-04-22T06:24:41.291+0000] {dag.py:4180} INFO - Setting next_dagrun for example_external_task_marker_parent to None, run_after=None
[2025-04-22T06:24:41.307+0000] {processor.py:208} INFO - Processing /home/airflow/.local/lib/python3.9/site-packages/airflow/example_dags/example_external_task_marker_dag.py took 0.073 seconds
[2025-04-22T06:25:12.518+0000] {processor.py:186} INFO - Started process (PID=663) to work on /home/airflow/.local/lib/python3.9/site-packages/airflow/example_dags/example_external_task_marker_dag.py
[2025-04-22T06:25:12.519+0000] {processor.py:914} INFO - Processing file /home/airflow/.local/lib/python3.9/site-packages/airflow/example_dags/example_external_task_marker_dag.py for tasks to queue
[2025-04-22T06:25:12.522+0000] {logging_mixin.py:190} INFO - [2025-04-22T06:25:12.522+0000] {dagbag.py:588} INFO - Filling up the DagBag from /home/airflow/.local/lib/python3.9/site-packages/airflow/example_dags/example_external_task_marker_dag.py
[2025-04-22T06:25:12.529+0000] {processor.py:925} INFO - DAG(s) 'example_external_task_marker_parent', 'example_external_task_marker_child' retrieved from /home/airflow/.local/lib/python3.9/site-packages/airflow/example_dags/example_external_task_marker_dag.py
[2025-04-22T06:25:12.552+0000] {logging_mixin.py:190} INFO - [2025-04-22T06:25:12.552+0000] {dag.py:3239} INFO - Sync 2 DAGs
[2025-04-22T06:25:12.567+0000] {logging_mixin.py:190} INFO - [2025-04-22T06:25:12.567+0000] {dag.py:4180} INFO - Setting next_dagrun for example_external_task_marker_child to None, run_after=None
[2025-04-22T06:25:12.572+0000] {logging_mixin.py:190} INFO - [2025-04-22T06:25:12.571+0000] {dag.py:4180} INFO - Setting next_dagrun for example_external_task_marker_parent to None, run_after=None
[2025-04-22T06:25:12.588+0000] {processor.py:208} INFO - Processing /home/airflow/.local/lib/python3.9/site-packages/airflow/example_dags/example_external_task_marker_dag.py took 0.076 seconds
[2025-04-22T06:25:43.201+0000] {processor.py:186} INFO - Started process (PID=720) to work on /home/airflow/.local/lib/python3.9/site-packages/airflow/example_dags/example_external_task_marker_dag.py
[2025-04-22T06:25:43.202+0000] {processor.py:914} INFO - Processing file /home/airflow/.local/lib/python3.9/site-packages/airflow/example_dags/example_external_task_marker_dag.py for tasks to queue
[2025-04-22T06:25:43.206+0000] {logging_mixin.py:190} INFO - [2025-04-22T06:25:43.206+0000] {dagbag.py:588} INFO - Filling up the DagBag from /home/airflow/.local/lib/python3.9/site-packages/airflow/example_dags/example_external_task_marker_dag.py
[2025-04-22T06:25:43.215+0000] {processor.py:925} INFO - DAG(s) 'example_external_task_marker_child', 'example_external_task_marker_parent' retrieved from /home/airflow/.local/lib/python3.9/site-packages/airflow/example_dags/example_external_task_marker_dag.py
[2025-04-22T06:25:43.239+0000] {logging_mixin.py:190} INFO - [2025-04-22T06:25:43.239+0000] {dag.py:3239} INFO - Sync 2 DAGs
[2025-04-22T06:25:43.256+0000] {logging_mixin.py:190} INFO - [2025-04-22T06:25:43.255+0000] {dag.py:4180} INFO - Setting next_dagrun for example_external_task_marker_child to None, run_after=None
[2025-04-22T06:25:43.260+0000] {logging_mixin.py:190} INFO - [2025-04-22T06:25:43.259+0000] {dag.py:4180} INFO - Setting next_dagrun for example_external_task_marker_parent to None, run_after=None
[2025-04-22T06:25:43.276+0000] {processor.py:208} INFO - Processing /home/airflow/.local/lib/python3.9/site-packages/airflow/example_dags/example_external_task_marker_dag.py took 0.082 seconds
[2025-04-22T06:26:13.901+0000] {processor.py:186} INFO - Started process (PID=778) to work on /home/airflow/.local/lib/python3.9/site-packages/airflow/example_dags/example_external_task_marker_dag.py
[2025-04-22T06:26:13.902+0000] {processor.py:914} INFO - Processing file /home/airflow/.local/lib/python3.9/site-packages/airflow/example_dags/example_external_task_marker_dag.py for tasks to queue
[2025-04-22T06:26:13.904+0000] {logging_mixin.py:190} INFO - [2025-04-22T06:26:13.904+0000] {dagbag.py:588} INFO - Filling up the DagBag from /home/airflow/.local/lib/python3.9/site-packages/airflow/example_dags/example_external_task_marker_dag.py
[2025-04-22T06:26:13.912+0000] {processor.py:925} INFO - DAG(s) 'example_external_task_marker_parent', 'example_external_task_marker_child' retrieved from /home/airflow/.local/lib/python3.9/site-packages/airflow/example_dags/example_external_task_marker_dag.py
[2025-04-22T06:26:13.935+0000] {logging_mixin.py:190} INFO - [2025-04-22T06:26:13.934+0000] {dag.py:3239} INFO - Sync 2 DAGs
[2025-04-22T06:26:13.952+0000] {logging_mixin.py:190} INFO - [2025-04-22T06:26:13.952+0000] {dag.py:4180} INFO - Setting next_dagrun for example_external_task_marker_child to None, run_after=None
[2025-04-22T06:26:13.956+0000] {logging_mixin.py:190} INFO - [2025-04-22T06:26:13.956+0000] {dag.py:4180} INFO - Setting next_dagrun for example_external_task_marker_parent to None, run_after=None
[2025-04-22T06:26:13.985+0000] {processor.py:208} INFO - Processing /home/airflow/.local/lib/python3.9/site-packages/airflow/example_dags/example_external_task_marker_dag.py took 0.091 seconds
[2025-04-22T06:26:44.487+0000] {processor.py:186} INFO - Started process (PID=836) to work on /home/airflow/.local/lib/python3.9/site-packages/airflow/example_dags/example_external_task_marker_dag.py
[2025-04-22T06:26:44.489+0000] {processor.py:914} INFO - Processing file /home/airflow/.local/lib/python3.9/site-packages/airflow/example_dags/example_external_task_marker_dag.py for tasks to queue
[2025-04-22T06:26:44.492+0000] {logging_mixin.py:190} INFO - [2025-04-22T06:26:44.492+0000] {dagbag.py:588} INFO - Filling up the DagBag from /home/airflow/.local/lib/python3.9/site-packages/airflow/example_dags/example_external_task_marker_dag.py
[2025-04-22T06:26:44.503+0000] {processor.py:925} INFO - DAG(s) 'example_external_task_marker_parent', 'example_external_task_marker_child' retrieved from /home/airflow/.local/lib/python3.9/site-packages/airflow/example_dags/example_external_task_marker_dag.py
[2025-04-22T06:26:44.530+0000] {logging_mixin.py:190} INFO - [2025-04-22T06:26:44.529+0000] {dag.py:3239} INFO - Sync 2 DAGs
[2025-04-22T06:26:44.546+0000] {logging_mixin.py:190} INFO - [2025-04-22T06:26:44.546+0000] {dag.py:4180} INFO - Setting next_dagrun for example_external_task_marker_child to None, run_after=None
[2025-04-22T06:26:44.551+0000] {logging_mixin.py:190} INFO - [2025-04-22T06:26:44.551+0000] {dag.py:4180} INFO - Setting next_dagrun for example_external_task_marker_parent to None, run_after=None
[2025-04-22T06:26:44.568+0000] {processor.py:208} INFO - Processing /home/airflow/.local/lib/python3.9/site-packages/airflow/example_dags/example_external_task_marker_dag.py took 0.090 seconds
[2025-04-22T06:27:15.909+0000] {processor.py:186} INFO - Started process (PID=895) to work on /home/airflow/.local/lib/python3.9/site-packages/airflow/example_dags/example_external_task_marker_dag.py
[2025-04-22T06:27:15.910+0000] {processor.py:914} INFO - Processing file /home/airflow/.local/lib/python3.9/site-packages/airflow/example_dags/example_external_task_marker_dag.py for tasks to queue
[2025-04-22T06:27:15.912+0000] {logging_mixin.py:190} INFO - [2025-04-22T06:27:15.912+0000] {dagbag.py:588} INFO - Filling up the DagBag from /home/airflow/.local/lib/python3.9/site-packages/airflow/example_dags/example_external_task_marker_dag.py
[2025-04-22T06:27:15.920+0000] {processor.py:925} INFO - DAG(s) 'example_external_task_marker_child', 'example_external_task_marker_parent' retrieved from /home/airflow/.local/lib/python3.9/site-packages/airflow/example_dags/example_external_task_marker_dag.py
[2025-04-22T06:27:15.941+0000] {logging_mixin.py:190} INFO - [2025-04-22T06:27:15.940+0000] {dag.py:3239} INFO - Sync 2 DAGs
[2025-04-22T06:27:15.955+0000] {logging_mixin.py:190} INFO - [2025-04-22T06:27:15.955+0000] {dag.py:4180} INFO - Setting next_dagrun for example_external_task_marker_child to None, run_after=None
[2025-04-22T06:27:15.959+0000] {logging_mixin.py:190} INFO - [2025-04-22T06:27:15.959+0000] {dag.py:4180} INFO - Setting next_dagrun for example_external_task_marker_parent to None, run_after=None
[2025-04-22T06:27:15.976+0000] {processor.py:208} INFO - Processing /home/airflow/.local/lib/python3.9/site-packages/airflow/example_dags/example_external_task_marker_dag.py took 0.074 seconds
[2025-04-22T06:27:46.566+0000] {processor.py:186} INFO - Started process (PID=952) to work on /home/airflow/.local/lib/python3.9/site-packages/airflow/example_dags/example_external_task_marker_dag.py
[2025-04-22T06:27:46.567+0000] {processor.py:914} INFO - Processing file /home/airflow/.local/lib/python3.9/site-packages/airflow/example_dags/example_external_task_marker_dag.py for tasks to queue
[2025-04-22T06:27:46.570+0000] {logging_mixin.py:190} INFO - [2025-04-22T06:27:46.569+0000] {dagbag.py:588} INFO - Filling up the DagBag from /home/airflow/.local/lib/python3.9/site-packages/airflow/example_dags/example_external_task_marker_dag.py
[2025-04-22T06:27:46.579+0000] {processor.py:925} INFO - DAG(s) 'example_external_task_marker_child', 'example_external_task_marker_parent' retrieved from /home/airflow/.local/lib/python3.9/site-packages/airflow/example_dags/example_external_task_marker_dag.py
[2025-04-22T06:27:46.604+0000] {logging_mixin.py:190} INFO - [2025-04-22T06:27:46.604+0000] {dag.py:3239} INFO - Sync 2 DAGs
[2025-04-22T06:27:46.620+0000] {logging_mixin.py:190} INFO - [2025-04-22T06:27:46.619+0000] {dag.py:4180} INFO - Setting next_dagrun for example_external_task_marker_child to None, run_after=None
[2025-04-22T06:27:46.624+0000] {logging_mixin.py:190} INFO - [2025-04-22T06:27:46.623+0000] {dag.py:4180} INFO - Setting next_dagrun for example_external_task_marker_parent to None, run_after=None
[2025-04-22T06:27:46.640+0000] {processor.py:208} INFO - Processing /home/airflow/.local/lib/python3.9/site-packages/airflow/example_dags/example_external_task_marker_dag.py took 0.081 seconds
[2025-04-22T06:28:17.402+0000] {processor.py:186} INFO - Started process (PID=1010) to work on /home/airflow/.local/lib/python3.9/site-packages/airflow/example_dags/example_external_task_marker_dag.py
[2025-04-22T06:28:17.403+0000] {processor.py:914} INFO - Processing file /home/airflow/.local/lib/python3.9/site-packages/airflow/example_dags/example_external_task_marker_dag.py for tasks to queue
[2025-04-22T06:28:17.405+0000] {logging_mixin.py:190} INFO - [2025-04-22T06:28:17.405+0000] {dagbag.py:588} INFO - Filling up the DagBag from /home/airflow/.local/lib/python3.9/site-packages/airflow/example_dags/example_external_task_marker_dag.py
[2025-04-22T06:28:17.414+0000] {processor.py:925} INFO - DAG(s) 'example_external_task_marker_parent', 'example_external_task_marker_child' retrieved from /home/airflow/.local/lib/python3.9/site-packages/airflow/example_dags/example_external_task_marker_dag.py
[2025-04-22T06:28:17.441+0000] {logging_mixin.py:190} INFO - [2025-04-22T06:28:17.441+0000] {dag.py:3239} INFO - Sync 2 DAGs
[2025-04-22T06:28:17.459+0000] {logging_mixin.py:190} INFO - [2025-04-22T06:28:17.459+0000] {dag.py:4180} INFO - Setting next_dagrun for example_external_task_marker_child to None, run_after=None
[2025-04-22T06:28:17.464+0000] {logging_mixin.py:190} INFO - [2025-04-22T06:28:17.463+0000] {dag.py:4180} INFO - Setting next_dagrun for example_external_task_marker_parent to None, run_after=None
[2025-04-22T06:28:17.482+0000] {processor.py:208} INFO - Processing /home/airflow/.local/lib/python3.9/site-packages/airflow/example_dags/example_external_task_marker_dag.py took 0.088 seconds
[2025-04-22T06:28:48.819+0000] {processor.py:186} INFO - Started process (PID=1069) to work on /home/airflow/.local/lib/python3.9/site-packages/airflow/example_dags/example_external_task_marker_dag.py
[2025-04-22T06:28:48.820+0000] {processor.py:914} INFO - Processing file /home/airflow/.local/lib/python3.9/site-packages/airflow/example_dags/example_external_task_marker_dag.py for tasks to queue
[2025-04-22T06:28:48.823+0000] {logging_mixin.py:190} INFO - [2025-04-22T06:28:48.822+0000] {dagbag.py:588} INFO - Filling up the DagBag from /home/airflow/.local/lib/python3.9/site-packages/airflow/example_dags/example_external_task_marker_dag.py
[2025-04-22T06:28:48.830+0000] {processor.py:925} INFO - DAG(s) 'example_external_task_marker_parent', 'example_external_task_marker_child' retrieved from /home/airflow/.local/lib/python3.9/site-packages/airflow/example_dags/example_external_task_marker_dag.py
[2025-04-22T06:28:48.852+0000] {logging_mixin.py:190} INFO - [2025-04-22T06:28:48.852+0000] {dag.py:3239} INFO - Sync 2 DAGs
[2025-04-22T06:28:48.866+0000] {logging_mixin.py:190} INFO - [2025-04-22T06:28:48.866+0000] {dag.py:4180} INFO - Setting next_dagrun for example_external_task_marker_child to None, run_after=None
[2025-04-22T06:28:48.870+0000] {logging_mixin.py:190} INFO - [2025-04-22T06:28:48.870+0000] {dag.py:4180} INFO - Setting next_dagrun for example_external_task_marker_parent to None, run_after=None
[2025-04-22T06:28:48.887+0000] {processor.py:208} INFO - Processing /home/airflow/.local/lib/python3.9/site-packages/airflow/example_dags/example_external_task_marker_dag.py took 0.074 seconds
[2025-04-22T06:29:19.677+0000] {processor.py:186} INFO - Started process (PID=1127) to work on /home/airflow/.local/lib/python3.9/site-packages/airflow/example_dags/example_external_task_marker_dag.py
[2025-04-22T06:29:19.678+0000] {processor.py:914} INFO - Processing file /home/airflow/.local/lib/python3.9/site-packages/airflow/example_dags/example_external_task_marker_dag.py for tasks to queue
[2025-04-22T06:29:19.680+0000] {logging_mixin.py:190} INFO - [2025-04-22T06:29:19.680+0000] {dagbag.py:588} INFO - Filling up the DagBag from /home/airflow/.local/lib/python3.9/site-packages/airflow/example_dags/example_external_task_marker_dag.py
[2025-04-22T06:29:19.687+0000] {processor.py:925} INFO - DAG(s) 'example_external_task_marker_parent', 'example_external_task_marker_child' retrieved from /home/airflow/.local/lib/python3.9/site-packages/airflow/example_dags/example_external_task_marker_dag.py
[2025-04-22T06:29:19.709+0000] {logging_mixin.py:190} INFO - [2025-04-22T06:29:19.709+0000] {dag.py:3239} INFO - Sync 2 DAGs
[2025-04-22T06:29:19.723+0000] {logging_mixin.py:190} INFO - [2025-04-22T06:29:19.723+0000] {dag.py:4180} INFO - Setting next_dagrun for example_external_task_marker_child to None, run_after=None
[2025-04-22T06:29:19.727+0000] {logging_mixin.py:190} INFO - [2025-04-22T06:29:19.727+0000] {dag.py:4180} INFO - Setting next_dagrun for example_external_task_marker_parent to None, run_after=None
[2025-04-22T06:29:19.743+0000] {processor.py:208} INFO - Processing /home/airflow/.local/lib/python3.9/site-packages/airflow/example_dags/example_external_task_marker_dag.py took 0.073 seconds
[2025-04-22T06:29:50.954+0000] {processor.py:186} INFO - Started process (PID=1185) to work on /home/airflow/.local/lib/python3.9/site-packages/airflow/example_dags/example_external_task_marker_dag.py
[2025-04-22T06:29:50.955+0000] {processor.py:914} INFO - Processing file /home/airflow/.local/lib/python3.9/site-packages/airflow/example_dags/example_external_task_marker_dag.py for tasks to queue
[2025-04-22T06:29:50.957+0000] {logging_mixin.py:190} INFO - [2025-04-22T06:29:50.957+0000] {dagbag.py:588} INFO - Filling up the DagBag from /home/airflow/.local/lib/python3.9/site-packages/airflow/example_dags/example_external_task_marker_dag.py
[2025-04-22T06:29:50.964+0000] {processor.py:925} INFO - DAG(s) 'example_external_task_marker_child', 'example_external_task_marker_parent' retrieved from /home/airflow/.local/lib/python3.9/site-packages/airflow/example_dags/example_external_task_marker_dag.py
[2025-04-22T06:29:50.985+0000] {logging_mixin.py:190} INFO - [2025-04-22T06:29:50.985+0000] {dag.py:3239} INFO - Sync 2 DAGs
[2025-04-22T06:29:51.000+0000] {logging_mixin.py:190} INFO - [2025-04-22T06:29:51.000+0000] {dag.py:4180} INFO - Setting next_dagrun for example_external_task_marker_child to None, run_after=None
[2025-04-22T06:29:51.004+0000] {logging_mixin.py:190} INFO - [2025-04-22T06:29:51.003+0000] {dag.py:4180} INFO - Setting next_dagrun for example_external_task_marker_parent to None, run_after=None
[2025-04-22T06:29:51.021+0000] {processor.py:208} INFO - Processing /home/airflow/.local/lib/python3.9/site-packages/airflow/example_dags/example_external_task_marker_dag.py took 0.073 seconds
[2025-04-22T06:30:22.089+0000] {processor.py:186} INFO - Started process (PID=1243) to work on /home/airflow/.local/lib/python3.9/site-packages/airflow/example_dags/example_external_task_marker_dag.py
[2025-04-22T06:30:22.090+0000] {processor.py:914} INFO - Processing file /home/airflow/.local/lib/python3.9/site-packages/airflow/example_dags/example_external_task_marker_dag.py for tasks to queue
[2025-04-22T06:30:22.092+0000] {logging_mixin.py:190} INFO - [2025-04-22T06:30:22.092+0000] {dagbag.py:588} INFO - Filling up the DagBag from /home/airflow/.local/lib/python3.9/site-packages/airflow/example_dags/example_external_task_marker_dag.py
[2025-04-22T06:30:22.102+0000] {processor.py:925} INFO - DAG(s) 'example_external_task_marker_child', 'example_external_task_marker_parent' retrieved from /home/airflow/.local/lib/python3.9/site-packages/airflow/example_dags/example_external_task_marker_dag.py
[2025-04-22T06:30:22.143+0000] {logging_mixin.py:190} INFO - [2025-04-22T06:30:22.143+0000] {dag.py:3239} INFO - Sync 2 DAGs
[2025-04-22T06:30:22.160+0000] {logging_mixin.py:190} INFO - [2025-04-22T06:30:22.159+0000] {dag.py:4180} INFO - Setting next_dagrun for example_external_task_marker_child to None, run_after=None
[2025-04-22T06:30:22.164+0000] {logging_mixin.py:190} INFO - [2025-04-22T06:30:22.164+0000] {dag.py:4180} INFO - Setting next_dagrun for example_external_task_marker_parent to None, run_after=None
[2025-04-22T06:30:22.183+0000] {processor.py:208} INFO - Processing /home/airflow/.local/lib/python3.9/site-packages/airflow/example_dags/example_external_task_marker_dag.py took 0.102 seconds
[2025-04-22T06:30:53.773+0000] {processor.py:186} INFO - Started process (PID=1301) to work on /home/airflow/.local/lib/python3.9/site-packages/airflow/example_dags/example_external_task_marker_dag.py
[2025-04-22T06:30:53.774+0000] {processor.py:914} INFO - Processing file /home/airflow/.local/lib/python3.9/site-packages/airflow/example_dags/example_external_task_marker_dag.py for tasks to queue
[2025-04-22T06:30:53.777+0000] {logging_mixin.py:190} INFO - [2025-04-22T06:30:53.776+0000] {dagbag.py:588} INFO - Filling up the DagBag from /home/airflow/.local/lib/python3.9/site-packages/airflow/example_dags/example_external_task_marker_dag.py
[2025-04-22T06:30:53.785+0000] {processor.py:925} INFO - DAG(s) 'example_external_task_marker_child', 'example_external_task_marker_parent' retrieved from /home/airflow/.local/lib/python3.9/site-packages/airflow/example_dags/example_external_task_marker_dag.py
[2025-04-22T06:30:53.811+0000] {logging_mixin.py:190} INFO - [2025-04-22T06:30:53.811+0000] {dag.py:3239} INFO - Sync 2 DAGs
[2025-04-22T06:30:53.838+0000] {logging_mixin.py:190} INFO - [2025-04-22T06:30:53.838+0000] {dag.py:4180} INFO - Setting next_dagrun for example_external_task_marker_child to None, run_after=None
[2025-04-22T06:30:53.842+0000] {logging_mixin.py:190} INFO - [2025-04-22T06:30:53.842+0000] {dag.py:4180} INFO - Setting next_dagrun for example_external_task_marker_parent to None, run_after=None
[2025-04-22T06:30:53.865+0000] {processor.py:208} INFO - Processing /home/airflow/.local/lib/python3.9/site-packages/airflow/example_dags/example_external_task_marker_dag.py took 0.098 seconds
[2025-04-22T06:31:25.095+0000] {processor.py:186} INFO - Started process (PID=1359) to work on /home/airflow/.local/lib/python3.9/site-packages/airflow/example_dags/example_external_task_marker_dag.py
[2025-04-22T06:31:25.096+0000] {processor.py:914} INFO - Processing file /home/airflow/.local/lib/python3.9/site-packages/airflow/example_dags/example_external_task_marker_dag.py for tasks to queue
[2025-04-22T06:31:25.098+0000] {logging_mixin.py:190} INFO - [2025-04-22T06:31:25.097+0000] {dagbag.py:588} INFO - Filling up the DagBag from /home/airflow/.local/lib/python3.9/site-packages/airflow/example_dags/example_external_task_marker_dag.py
[2025-04-22T06:31:25.105+0000] {processor.py:925} INFO - DAG(s) 'example_external_task_marker_child', 'example_external_task_marker_parent' retrieved from /home/airflow/.local/lib/python3.9/site-packages/airflow/example_dags/example_external_task_marker_dag.py
[2025-04-22T06:31:25.127+0000] {logging_mixin.py:190} INFO - [2025-04-22T06:31:25.126+0000] {dag.py:3239} INFO - Sync 2 DAGs
[2025-04-22T06:31:25.141+0000] {logging_mixin.py:190} INFO - [2025-04-22T06:31:25.141+0000] {dag.py:4180} INFO - Setting next_dagrun for example_external_task_marker_child to None, run_after=None
[2025-04-22T06:31:25.145+0000] {logging_mixin.py:190} INFO - [2025-04-22T06:31:25.144+0000] {dag.py:4180} INFO - Setting next_dagrun for example_external_task_marker_parent to None, run_after=None
[2025-04-22T06:31:25.162+0000] {processor.py:208} INFO - Processing /home/airflow/.local/lib/python3.9/site-packages/airflow/example_dags/example_external_task_marker_dag.py took 0.073 seconds
[2025-04-22T06:31:55.817+0000] {processor.py:186} INFO - Started process (PID=1416) to work on /home/airflow/.local/lib/python3.9/site-packages/airflow/example_dags/example_external_task_marker_dag.py
[2025-04-22T06:31:55.818+0000] {processor.py:914} INFO - Processing file /home/airflow/.local/lib/python3.9/site-packages/airflow/example_dags/example_external_task_marker_dag.py for tasks to queue
[2025-04-22T06:31:55.820+0000] {logging_mixin.py:190} INFO - [2025-04-22T06:31:55.820+0000] {dagbag.py:588} INFO - Filling up the DagBag from /home/airflow/.local/lib/python3.9/site-packages/airflow/example_dags/example_external_task_marker_dag.py
[2025-04-22T06:31:55.828+0000] {processor.py:925} INFO - DAG(s) 'example_external_task_marker_parent', 'example_external_task_marker_child' retrieved from /home/airflow/.local/lib/python3.9/site-packages/airflow/example_dags/example_external_task_marker_dag.py
[2025-04-22T06:31:55.849+0000] {logging_mixin.py:190} INFO - [2025-04-22T06:31:55.849+0000] {dag.py:3239} INFO - Sync 2 DAGs
[2025-04-22T06:31:55.863+0000] {logging_mixin.py:190} INFO - [2025-04-22T06:31:55.863+0000] {dag.py:4180} INFO - Setting next_dagrun for example_external_task_marker_child to None, run_after=None
[2025-04-22T06:31:55.867+0000] {logging_mixin.py:190} INFO - [2025-04-22T06:31:55.867+0000] {dag.py:4180} INFO - Setting next_dagrun for example_external_task_marker_parent to None, run_after=None
[2025-04-22T06:31:55.881+0000] {processor.py:208} INFO - Processing /home/airflow/.local/lib/python3.9/site-packages/airflow/example_dags/example_external_task_marker_dag.py took 0.071 seconds
[2025-04-22T06:32:28.305+0000] {processor.py:186} INFO - Started process (PID=1475) to work on /home/airflow/.local/lib/python3.9/site-packages/airflow/example_dags/example_external_task_marker_dag.py
[2025-04-22T06:32:28.311+0000] {processor.py:914} INFO - Processing file /home/airflow/.local/lib/python3.9/site-packages/airflow/example_dags/example_external_task_marker_dag.py for tasks to queue
[2025-04-22T06:32:28.317+0000] {logging_mixin.py:190} INFO - [2025-04-22T06:32:28.316+0000] {dagbag.py:588} INFO - Filling up the DagBag from /home/airflow/.local/lib/python3.9/site-packages/airflow/example_dags/example_external_task_marker_dag.py
[2025-04-22T06:32:28.341+0000] {processor.py:925} INFO - DAG(s) 'example_external_task_marker_parent', 'example_external_task_marker_child' retrieved from /home/airflow/.local/lib/python3.9/site-packages/airflow/example_dags/example_external_task_marker_dag.py
[2025-04-22T06:32:28.392+0000] {logging_mixin.py:190} INFO - [2025-04-22T06:32:28.392+0000] {dag.py:3239} INFO - Sync 2 DAGs
[2025-04-22T06:32:28.430+0000] {logging_mixin.py:190} INFO - [2025-04-22T06:32:28.430+0000] {dag.py:4180} INFO - Setting next_dagrun for example_external_task_marker_child to None, run_after=None
[2025-04-22T06:32:28.448+0000] {logging_mixin.py:190} INFO - [2025-04-22T06:32:28.436+0000] {dag.py:4180} INFO - Setting next_dagrun for example_external_task_marker_parent to None, run_after=None
[2025-04-22T06:32:28.499+0000] {processor.py:208} INFO - Processing /home/airflow/.local/lib/python3.9/site-packages/airflow/example_dags/example_external_task_marker_dag.py took 0.216 seconds
