[2025-04-22T06:19:58.767+0000] {processor.py:186} INFO - Started process (PID=68) to work on /home/airflow/.local/lib/python3.9/site-packages/airflow/example_dags/example_kubernetes_executor.py
[2025-04-22T06:19:58.768+0000] {processor.py:914} INFO - Processing file /home/airflow/.local/lib/python3.9/site-packages/airflow/example_dags/example_kubernetes_executor.py for tasks to queue
[2025-04-22T06:19:58.772+0000] {logging_mixin.py:190} INFO - [2025-04-22T06:19:58.772+0000] {dagbag.py:588} INFO - Filling up the DagBag from /home/airflow/.local/lib/python3.9/site-packages/airflow/example_dags/example_kubernetes_executor.py
[2025-04-22T06:19:58.803+0000] {processor.py:925} INFO - DAG(s) 'example_kubernetes_executor' retrieved from /home/airflow/.local/lib/python3.9/site-packages/airflow/example_dags/example_kubernetes_executor.py
[2025-04-22T06:19:58.852+0000] {logging_mixin.py:190} INFO - [2025-04-22T06:19:58.852+0000] {dag.py:3239} INFO - Sync 1 DAGs
[2025-04-22T06:19:58.877+0000] {logging_mixin.py:190} INFO - [2025-04-22T06:19:58.877+0000] {dag.py:4180} INFO - Setting next_dagrun for example_kubernetes_executor to None, run_after=None
[2025-04-22T06:19:58.922+0000] {processor.py:208} INFO - Processing /home/airflow/.local/lib/python3.9/site-packages/airflow/example_dags/example_kubernetes_executor.py took 0.166 seconds
[2025-04-22T06:20:31.386+0000] {processor.py:186} INFO - Started process (PID=126) to work on /home/airflow/.local/lib/python3.9/site-packages/airflow/example_dags/example_kubernetes_executor.py
[2025-04-22T06:20:31.387+0000] {processor.py:914} INFO - Processing file /home/airflow/.local/lib/python3.9/site-packages/airflow/example_dags/example_kubernetes_executor.py for tasks to queue
[2025-04-22T06:20:31.390+0000] {logging_mixin.py:190} INFO - [2025-04-22T06:20:31.389+0000] {dagbag.py:588} INFO - Filling up the DagBag from /home/airflow/.local/lib/python3.9/site-packages/airflow/example_dags/example_kubernetes_executor.py
[2025-04-22T06:20:31.414+0000] {processor.py:925} INFO - DAG(s) 'example_kubernetes_executor' retrieved from /home/airflow/.local/lib/python3.9/site-packages/airflow/example_dags/example_kubernetes_executor.py
[2025-04-22T06:20:31.453+0000] {logging_mixin.py:190} INFO - [2025-04-22T06:20:31.453+0000] {dag.py:3239} INFO - Sync 1 DAGs
[2025-04-22T06:20:31.503+0000] {logging_mixin.py:190} INFO - [2025-04-22T06:20:31.503+0000] {dag.py:4180} INFO - Setting next_dagrun for example_kubernetes_executor to None, run_after=None
[2025-04-22T06:20:31.588+0000] {processor.py:208} INFO - Processing /home/airflow/.local/lib/python3.9/site-packages/airflow/example_dags/example_kubernetes_executor.py took 0.210 seconds
[2025-04-22T06:21:01.839+0000] {processor.py:186} INFO - Started process (PID=183) to work on /home/airflow/.local/lib/python3.9/site-packages/airflow/example_dags/example_kubernetes_executor.py
[2025-04-22T06:21:01.840+0000] {processor.py:914} INFO - Processing file /home/airflow/.local/lib/python3.9/site-packages/airflow/example_dags/example_kubernetes_executor.py for tasks to queue
[2025-04-22T06:21:01.842+0000] {logging_mixin.py:190} INFO - [2025-04-22T06:21:01.841+0000] {dagbag.py:588} INFO - Filling up the DagBag from /home/airflow/.local/lib/python3.9/site-packages/airflow/example_dags/example_kubernetes_executor.py
[2025-04-22T06:21:01.861+0000] {processor.py:925} INFO - DAG(s) 'example_kubernetes_executor' retrieved from /home/airflow/.local/lib/python3.9/site-packages/airflow/example_dags/example_kubernetes_executor.py
[2025-04-22T06:21:01.891+0000] {logging_mixin.py:190} INFO - [2025-04-22T06:21:01.890+0000] {dag.py:3239} INFO - Sync 1 DAGs
[2025-04-22T06:21:01.907+0000] {logging_mixin.py:190} INFO - [2025-04-22T06:21:01.907+0000] {dag.py:4180} INFO - Setting next_dagrun for example_kubernetes_executor to None, run_after=None
[2025-04-22T06:21:01.926+0000] {processor.py:208} INFO - Processing /home/airflow/.local/lib/python3.9/site-packages/airflow/example_dags/example_kubernetes_executor.py took 0.094 seconds
[2025-04-22T06:21:31.983+0000] {processor.py:186} INFO - Started process (PID=240) to work on /home/airflow/.local/lib/python3.9/site-packages/airflow/example_dags/example_kubernetes_executor.py
[2025-04-22T06:21:31.984+0000] {processor.py:914} INFO - Processing file /home/airflow/.local/lib/python3.9/site-packages/airflow/example_dags/example_kubernetes_executor.py for tasks to queue
[2025-04-22T06:21:31.986+0000] {logging_mixin.py:190} INFO - [2025-04-22T06:21:31.986+0000] {dagbag.py:588} INFO - Filling up the DagBag from /home/airflow/.local/lib/python3.9/site-packages/airflow/example_dags/example_kubernetes_executor.py
[2025-04-22T06:21:32.000+0000] {processor.py:925} INFO - DAG(s) 'example_kubernetes_executor' retrieved from /home/airflow/.local/lib/python3.9/site-packages/airflow/example_dags/example_kubernetes_executor.py
[2025-04-22T06:21:32.021+0000] {logging_mixin.py:190} INFO - [2025-04-22T06:21:32.021+0000] {dag.py:3239} INFO - Sync 1 DAGs
[2025-04-22T06:21:32.034+0000] {logging_mixin.py:190} INFO - [2025-04-22T06:21:32.034+0000] {dag.py:4180} INFO - Setting next_dagrun for example_kubernetes_executor to None, run_after=None
[2025-04-22T06:21:32.054+0000] {processor.py:208} INFO - Processing /home/airflow/.local/lib/python3.9/site-packages/airflow/example_dags/example_kubernetes_executor.py took 0.077 seconds
[2025-04-22T06:22:02.164+0000] {processor.py:186} INFO - Started process (PID=298) to work on /home/airflow/.local/lib/python3.9/site-packages/airflow/example_dags/example_kubernetes_executor.py
[2025-04-22T06:22:02.165+0000] {processor.py:914} INFO - Processing file /home/airflow/.local/lib/python3.9/site-packages/airflow/example_dags/example_kubernetes_executor.py for tasks to queue
[2025-04-22T06:22:02.168+0000] {logging_mixin.py:190} INFO - [2025-04-22T06:22:02.167+0000] {dagbag.py:588} INFO - Filling up the DagBag from /home/airflow/.local/lib/python3.9/site-packages/airflow/example_dags/example_kubernetes_executor.py
[2025-04-22T06:22:02.191+0000] {processor.py:925} INFO - DAG(s) 'example_kubernetes_executor' retrieved from /home/airflow/.local/lib/python3.9/site-packages/airflow/example_dags/example_kubernetes_executor.py
[2025-04-22T06:22:02.217+0000] {logging_mixin.py:190} INFO - [2025-04-22T06:22:02.217+0000] {dag.py:3239} INFO - Sync 1 DAGs
[2025-04-22T06:22:02.232+0000] {logging_mixin.py:190} INFO - [2025-04-22T06:22:02.232+0000] {dag.py:4180} INFO - Setting next_dagrun for example_kubernetes_executor to None, run_after=None
[2025-04-22T06:22:02.253+0000] {processor.py:208} INFO - Processing /home/airflow/.local/lib/python3.9/site-packages/airflow/example_dags/example_kubernetes_executor.py took 0.096 seconds
[2025-04-22T06:22:32.464+0000] {processor.py:186} INFO - Started process (PID=356) to work on /home/airflow/.local/lib/python3.9/site-packages/airflow/example_dags/example_kubernetes_executor.py
[2025-04-22T06:22:32.465+0000] {processor.py:914} INFO - Processing file /home/airflow/.local/lib/python3.9/site-packages/airflow/example_dags/example_kubernetes_executor.py for tasks to queue
[2025-04-22T06:22:32.469+0000] {logging_mixin.py:190} INFO - [2025-04-22T06:22:32.468+0000] {dagbag.py:588} INFO - Filling up the DagBag from /home/airflow/.local/lib/python3.9/site-packages/airflow/example_dags/example_kubernetes_executor.py
[2025-04-22T06:22:32.504+0000] {processor.py:925} INFO - DAG(s) 'example_kubernetes_executor' retrieved from /home/airflow/.local/lib/python3.9/site-packages/airflow/example_dags/example_kubernetes_executor.py
[2025-04-22T06:22:32.570+0000] {logging_mixin.py:190} INFO - [2025-04-22T06:22:32.570+0000] {dag.py:3239} INFO - Sync 1 DAGs
[2025-04-22T06:22:32.592+0000] {logging_mixin.py:190} INFO - [2025-04-22T06:22:32.591+0000] {dag.py:4180} INFO - Setting next_dagrun for example_kubernetes_executor to None, run_after=None
[2025-04-22T06:22:32.637+0000] {processor.py:208} INFO - Processing /home/airflow/.local/lib/python3.9/site-packages/airflow/example_dags/example_kubernetes_executor.py took 0.184 seconds
[2025-04-22T06:23:02.712+0000] {processor.py:186} INFO - Started process (PID=414) to work on /home/airflow/.local/lib/python3.9/site-packages/airflow/example_dags/example_kubernetes_executor.py
[2025-04-22T06:23:02.713+0000] {processor.py:914} INFO - Processing file /home/airflow/.local/lib/python3.9/site-packages/airflow/example_dags/example_kubernetes_executor.py for tasks to queue
[2025-04-22T06:23:02.715+0000] {logging_mixin.py:190} INFO - [2025-04-22T06:23:02.715+0000] {dagbag.py:588} INFO - Filling up the DagBag from /home/airflow/.local/lib/python3.9/site-packages/airflow/example_dags/example_kubernetes_executor.py
[2025-04-22T06:23:02.736+0000] {processor.py:925} INFO - DAG(s) 'example_kubernetes_executor' retrieved from /home/airflow/.local/lib/python3.9/site-packages/airflow/example_dags/example_kubernetes_executor.py
[2025-04-22T06:23:02.778+0000] {logging_mixin.py:190} INFO - [2025-04-22T06:23:02.778+0000] {dag.py:3239} INFO - Sync 1 DAGs
[2025-04-22T06:23:02.804+0000] {logging_mixin.py:190} INFO - [2025-04-22T06:23:02.804+0000] {dag.py:4180} INFO - Setting next_dagrun for example_kubernetes_executor to None, run_after=None
[2025-04-22T06:23:02.829+0000] {processor.py:208} INFO - Processing /home/airflow/.local/lib/python3.9/site-packages/airflow/example_dags/example_kubernetes_executor.py took 0.128 seconds
[2025-04-22T06:23:33.088+0000] {processor.py:186} INFO - Started process (PID=472) to work on /home/airflow/.local/lib/python3.9/site-packages/airflow/example_dags/example_kubernetes_executor.py
[2025-04-22T06:23:33.089+0000] {processor.py:914} INFO - Processing file /home/airflow/.local/lib/python3.9/site-packages/airflow/example_dags/example_kubernetes_executor.py for tasks to queue
[2025-04-22T06:23:33.092+0000] {logging_mixin.py:190} INFO - [2025-04-22T06:23:33.091+0000] {dagbag.py:588} INFO - Filling up the DagBag from /home/airflow/.local/lib/python3.9/site-packages/airflow/example_dags/example_kubernetes_executor.py
[2025-04-22T06:23:33.108+0000] {processor.py:925} INFO - DAG(s) 'example_kubernetes_executor' retrieved from /home/airflow/.local/lib/python3.9/site-packages/airflow/example_dags/example_kubernetes_executor.py
[2025-04-22T06:23:33.129+0000] {logging_mixin.py:190} INFO - [2025-04-22T06:23:33.129+0000] {dag.py:3239} INFO - Sync 1 DAGs
[2025-04-22T06:23:33.145+0000] {logging_mixin.py:190} INFO - [2025-04-22T06:23:33.145+0000] {dag.py:4180} INFO - Setting next_dagrun for example_kubernetes_executor to None, run_after=None
[2025-04-22T06:23:33.165+0000] {processor.py:208} INFO - Processing /home/airflow/.local/lib/python3.9/site-packages/airflow/example_dags/example_kubernetes_executor.py took 0.083 seconds
[2025-04-22T06:24:04.108+0000] {processor.py:186} INFO - Started process (PID=530) to work on /home/airflow/.local/lib/python3.9/site-packages/airflow/example_dags/example_kubernetes_executor.py
[2025-04-22T06:24:04.109+0000] {processor.py:914} INFO - Processing file /home/airflow/.local/lib/python3.9/site-packages/airflow/example_dags/example_kubernetes_executor.py for tasks to queue
[2025-04-22T06:24:04.111+0000] {logging_mixin.py:190} INFO - [2025-04-22T06:24:04.111+0000] {dagbag.py:588} INFO - Filling up the DagBag from /home/airflow/.local/lib/python3.9/site-packages/airflow/example_dags/example_kubernetes_executor.py
[2025-04-22T06:24:04.127+0000] {processor.py:925} INFO - DAG(s) 'example_kubernetes_executor' retrieved from /home/airflow/.local/lib/python3.9/site-packages/airflow/example_dags/example_kubernetes_executor.py
[2025-04-22T06:24:04.148+0000] {logging_mixin.py:190} INFO - [2025-04-22T06:24:04.148+0000] {dag.py:3239} INFO - Sync 1 DAGs
[2025-04-22T06:24:04.163+0000] {logging_mixin.py:190} INFO - [2025-04-22T06:24:04.163+0000] {dag.py:4180} INFO - Setting next_dagrun for example_kubernetes_executor to None, run_after=None
[2025-04-22T06:24:04.182+0000] {processor.py:208} INFO - Processing /home/airflow/.local/lib/python3.9/site-packages/airflow/example_dags/example_kubernetes_executor.py took 0.080 seconds
[2025-04-22T06:24:34.649+0000] {processor.py:186} INFO - Started process (PID=588) to work on /home/airflow/.local/lib/python3.9/site-packages/airflow/example_dags/example_kubernetes_executor.py
[2025-04-22T06:24:34.650+0000] {processor.py:914} INFO - Processing file /home/airflow/.local/lib/python3.9/site-packages/airflow/example_dags/example_kubernetes_executor.py for tasks to queue
[2025-04-22T06:24:34.654+0000] {logging_mixin.py:190} INFO - [2025-04-22T06:24:34.653+0000] {dagbag.py:588} INFO - Filling up the DagBag from /home/airflow/.local/lib/python3.9/site-packages/airflow/example_dags/example_kubernetes_executor.py
[2025-04-22T06:24:34.701+0000] {processor.py:925} INFO - DAG(s) 'example_kubernetes_executor' retrieved from /home/airflow/.local/lib/python3.9/site-packages/airflow/example_dags/example_kubernetes_executor.py
[2025-04-22T06:24:34.740+0000] {logging_mixin.py:190} INFO - [2025-04-22T06:24:34.740+0000] {dag.py:3239} INFO - Sync 1 DAGs
[2025-04-22T06:24:34.765+0000] {logging_mixin.py:190} INFO - [2025-04-22T06:24:34.765+0000] {dag.py:4180} INFO - Setting next_dagrun for example_kubernetes_executor to None, run_after=None
[2025-04-22T06:24:34.797+0000] {processor.py:208} INFO - Processing /home/airflow/.local/lib/python3.9/site-packages/airflow/example_dags/example_kubernetes_executor.py took 0.160 seconds
[2025-04-22T06:25:04.927+0000] {processor.py:186} INFO - Started process (PID=646) to work on /home/airflow/.local/lib/python3.9/site-packages/airflow/example_dags/example_kubernetes_executor.py
[2025-04-22T06:25:04.928+0000] {processor.py:914} INFO - Processing file /home/airflow/.local/lib/python3.9/site-packages/airflow/example_dags/example_kubernetes_executor.py for tasks to queue
[2025-04-22T06:25:04.930+0000] {logging_mixin.py:190} INFO - [2025-04-22T06:25:04.930+0000] {dagbag.py:588} INFO - Filling up the DagBag from /home/airflow/.local/lib/python3.9/site-packages/airflow/example_dags/example_kubernetes_executor.py
[2025-04-22T06:25:04.945+0000] {processor.py:925} INFO - DAG(s) 'example_kubernetes_executor' retrieved from /home/airflow/.local/lib/python3.9/site-packages/airflow/example_dags/example_kubernetes_executor.py
[2025-04-22T06:25:04.967+0000] {logging_mixin.py:190} INFO - [2025-04-22T06:25:04.967+0000] {dag.py:3239} INFO - Sync 1 DAGs
[2025-04-22T06:25:04.981+0000] {logging_mixin.py:190} INFO - [2025-04-22T06:25:04.981+0000] {dag.py:4180} INFO - Setting next_dagrun for example_kubernetes_executor to None, run_after=None
[2025-04-22T06:25:05.004+0000] {processor.py:208} INFO - Processing /home/airflow/.local/lib/python3.9/site-packages/airflow/example_dags/example_kubernetes_executor.py took 0.083 seconds
[2025-04-22T06:25:35.420+0000] {processor.py:186} INFO - Started process (PID=704) to work on /home/airflow/.local/lib/python3.9/site-packages/airflow/example_dags/example_kubernetes_executor.py
[2025-04-22T06:25:35.421+0000] {processor.py:914} INFO - Processing file /home/airflow/.local/lib/python3.9/site-packages/airflow/example_dags/example_kubernetes_executor.py for tasks to queue
[2025-04-22T06:25:35.424+0000] {logging_mixin.py:190} INFO - [2025-04-22T06:25:35.423+0000] {dagbag.py:588} INFO - Filling up the DagBag from /home/airflow/.local/lib/python3.9/site-packages/airflow/example_dags/example_kubernetes_executor.py
[2025-04-22T06:25:35.441+0000] {processor.py:925} INFO - DAG(s) 'example_kubernetes_executor' retrieved from /home/airflow/.local/lib/python3.9/site-packages/airflow/example_dags/example_kubernetes_executor.py
[2025-04-22T06:25:35.468+0000] {logging_mixin.py:190} INFO - [2025-04-22T06:25:35.468+0000] {dag.py:3239} INFO - Sync 1 DAGs
[2025-04-22T06:25:35.483+0000] {logging_mixin.py:190} INFO - [2025-04-22T06:25:35.482+0000] {dag.py:4180} INFO - Setting next_dagrun for example_kubernetes_executor to None, run_after=None
[2025-04-22T06:25:35.499+0000] {processor.py:208} INFO - Processing /home/airflow/.local/lib/python3.9/site-packages/airflow/example_dags/example_kubernetes_executor.py took 0.086 seconds
[2025-04-22T06:26:05.849+0000] {processor.py:186} INFO - Started process (PID=762) to work on /home/airflow/.local/lib/python3.9/site-packages/airflow/example_dags/example_kubernetes_executor.py
[2025-04-22T06:26:05.850+0000] {processor.py:914} INFO - Processing file /home/airflow/.local/lib/python3.9/site-packages/airflow/example_dags/example_kubernetes_executor.py for tasks to queue
[2025-04-22T06:26:05.852+0000] {logging_mixin.py:190} INFO - [2025-04-22T06:26:05.851+0000] {dagbag.py:588} INFO - Filling up the DagBag from /home/airflow/.local/lib/python3.9/site-packages/airflow/example_dags/example_kubernetes_executor.py
[2025-04-22T06:26:05.866+0000] {processor.py:925} INFO - DAG(s) 'example_kubernetes_executor' retrieved from /home/airflow/.local/lib/python3.9/site-packages/airflow/example_dags/example_kubernetes_executor.py
[2025-04-22T06:26:05.889+0000] {logging_mixin.py:190} INFO - [2025-04-22T06:26:05.889+0000] {dag.py:3239} INFO - Sync 1 DAGs
[2025-04-22T06:26:05.903+0000] {logging_mixin.py:190} INFO - [2025-04-22T06:26:05.903+0000] {dag.py:4180} INFO - Setting next_dagrun for example_kubernetes_executor to None, run_after=None
[2025-04-22T06:26:05.931+0000] {processor.py:208} INFO - Processing /home/airflow/.local/lib/python3.9/site-packages/airflow/example_dags/example_kubernetes_executor.py took 0.088 seconds
[2025-04-22T06:26:36.385+0000] {processor.py:186} INFO - Started process (PID=819) to work on /home/airflow/.local/lib/python3.9/site-packages/airflow/example_dags/example_kubernetes_executor.py
[2025-04-22T06:26:36.385+0000] {processor.py:914} INFO - Processing file /home/airflow/.local/lib/python3.9/site-packages/airflow/example_dags/example_kubernetes_executor.py for tasks to queue
[2025-04-22T06:26:36.388+0000] {logging_mixin.py:190} INFO - [2025-04-22T06:26:36.387+0000] {dagbag.py:588} INFO - Filling up the DagBag from /home/airflow/.local/lib/python3.9/site-packages/airflow/example_dags/example_kubernetes_executor.py
[2025-04-22T06:26:36.404+0000] {processor.py:925} INFO - DAG(s) 'example_kubernetes_executor' retrieved from /home/airflow/.local/lib/python3.9/site-packages/airflow/example_dags/example_kubernetes_executor.py
[2025-04-22T06:26:36.427+0000] {logging_mixin.py:190} INFO - [2025-04-22T06:26:36.427+0000] {dag.py:3239} INFO - Sync 1 DAGs
[2025-04-22T06:26:36.440+0000] {logging_mixin.py:190} INFO - [2025-04-22T06:26:36.440+0000] {dag.py:4180} INFO - Setting next_dagrun for example_kubernetes_executor to None, run_after=None
[2025-04-22T06:26:36.477+0000] {processor.py:208} INFO - Processing /home/airflow/.local/lib/python3.9/site-packages/airflow/example_dags/example_kubernetes_executor.py took 0.098 seconds
[2025-04-22T06:27:06.876+0000] {processor.py:186} INFO - Started process (PID=877) to work on /home/airflow/.local/lib/python3.9/site-packages/airflow/example_dags/example_kubernetes_executor.py
[2025-04-22T06:27:06.876+0000] {processor.py:914} INFO - Processing file /home/airflow/.local/lib/python3.9/site-packages/airflow/example_dags/example_kubernetes_executor.py for tasks to queue
[2025-04-22T06:27:06.879+0000] {logging_mixin.py:190} INFO - [2025-04-22T06:27:06.878+0000] {dagbag.py:588} INFO - Filling up the DagBag from /home/airflow/.local/lib/python3.9/site-packages/airflow/example_dags/example_kubernetes_executor.py
[2025-04-22T06:27:06.897+0000] {processor.py:925} INFO - DAG(s) 'example_kubernetes_executor' retrieved from /home/airflow/.local/lib/python3.9/site-packages/airflow/example_dags/example_kubernetes_executor.py
[2025-04-22T06:27:06.919+0000] {logging_mixin.py:190} INFO - [2025-04-22T06:27:06.918+0000] {dag.py:3239} INFO - Sync 1 DAGs
[2025-04-22T06:27:06.932+0000] {logging_mixin.py:190} INFO - [2025-04-22T06:27:06.932+0000] {dag.py:4180} INFO - Setting next_dagrun for example_kubernetes_executor to None, run_after=None
[2025-04-22T06:27:06.950+0000] {processor.py:208} INFO - Processing /home/airflow/.local/lib/python3.9/site-packages/airflow/example_dags/example_kubernetes_executor.py took 0.081 seconds
[2025-04-22T06:27:37.490+0000] {processor.py:186} INFO - Started process (PID=935) to work on /home/airflow/.local/lib/python3.9/site-packages/airflow/example_dags/example_kubernetes_executor.py
[2025-04-22T06:27:37.491+0000] {processor.py:914} INFO - Processing file /home/airflow/.local/lib/python3.9/site-packages/airflow/example_dags/example_kubernetes_executor.py for tasks to queue
[2025-04-22T06:27:37.493+0000] {logging_mixin.py:190} INFO - [2025-04-22T06:27:37.493+0000] {dagbag.py:588} INFO - Filling up the DagBag from /home/airflow/.local/lib/python3.9/site-packages/airflow/example_dags/example_kubernetes_executor.py
[2025-04-22T06:27:37.511+0000] {processor.py:925} INFO - DAG(s) 'example_kubernetes_executor' retrieved from /home/airflow/.local/lib/python3.9/site-packages/airflow/example_dags/example_kubernetes_executor.py
[2025-04-22T06:27:37.535+0000] {logging_mixin.py:190} INFO - [2025-04-22T06:27:37.535+0000] {dag.py:3239} INFO - Sync 1 DAGs
[2025-04-22T06:27:37.551+0000] {logging_mixin.py:190} INFO - [2025-04-22T06:27:37.551+0000] {dag.py:4180} INFO - Setting next_dagrun for example_kubernetes_executor to None, run_after=None
[2025-04-22T06:27:37.571+0000] {processor.py:208} INFO - Processing /home/airflow/.local/lib/python3.9/site-packages/airflow/example_dags/example_kubernetes_executor.py took 0.087 seconds
[2025-04-22T06:28:07.932+0000] {processor.py:186} INFO - Started process (PID=993) to work on /home/airflow/.local/lib/python3.9/site-packages/airflow/example_dags/example_kubernetes_executor.py
[2025-04-22T06:28:07.934+0000] {processor.py:914} INFO - Processing file /home/airflow/.local/lib/python3.9/site-packages/airflow/example_dags/example_kubernetes_executor.py for tasks to queue
[2025-04-22T06:28:07.936+0000] {logging_mixin.py:190} INFO - [2025-04-22T06:28:07.936+0000] {dagbag.py:588} INFO - Filling up the DagBag from /home/airflow/.local/lib/python3.9/site-packages/airflow/example_dags/example_kubernetes_executor.py
[2025-04-22T06:28:07.954+0000] {processor.py:925} INFO - DAG(s) 'example_kubernetes_executor' retrieved from /home/airflow/.local/lib/python3.9/site-packages/airflow/example_dags/example_kubernetes_executor.py
[2025-04-22T06:28:07.977+0000] {logging_mixin.py:190} INFO - [2025-04-22T06:28:07.977+0000] {dag.py:3239} INFO - Sync 1 DAGs
[2025-04-22T06:28:07.993+0000] {logging_mixin.py:190} INFO - [2025-04-22T06:28:07.993+0000] {dag.py:4180} INFO - Setting next_dagrun for example_kubernetes_executor to None, run_after=None
[2025-04-22T06:28:08.014+0000] {processor.py:208} INFO - Processing /home/airflow/.local/lib/python3.9/site-packages/airflow/example_dags/example_kubernetes_executor.py took 0.088 seconds
[2025-04-22T06:28:38.710+0000] {processor.py:186} INFO - Started process (PID=1051) to work on /home/airflow/.local/lib/python3.9/site-packages/airflow/example_dags/example_kubernetes_executor.py
[2025-04-22T06:28:38.711+0000] {processor.py:914} INFO - Processing file /home/airflow/.local/lib/python3.9/site-packages/airflow/example_dags/example_kubernetes_executor.py for tasks to queue
[2025-04-22T06:28:38.713+0000] {logging_mixin.py:190} INFO - [2025-04-22T06:28:38.713+0000] {dagbag.py:588} INFO - Filling up the DagBag from /home/airflow/.local/lib/python3.9/site-packages/airflow/example_dags/example_kubernetes_executor.py
[2025-04-22T06:28:38.728+0000] {processor.py:925} INFO - DAG(s) 'example_kubernetes_executor' retrieved from /home/airflow/.local/lib/python3.9/site-packages/airflow/example_dags/example_kubernetes_executor.py
[2025-04-22T06:28:38.751+0000] {logging_mixin.py:190} INFO - [2025-04-22T06:28:38.751+0000] {dag.py:3239} INFO - Sync 1 DAGs
[2025-04-22T06:28:38.765+0000] {logging_mixin.py:190} INFO - [2025-04-22T06:28:38.765+0000] {dag.py:4180} INFO - Setting next_dagrun for example_kubernetes_executor to None, run_after=None
[2025-04-22T06:28:38.782+0000] {processor.py:208} INFO - Processing /home/airflow/.local/lib/python3.9/site-packages/airflow/example_dags/example_kubernetes_executor.py took 0.078 seconds
[2025-04-22T06:29:09.141+0000] {processor.py:186} INFO - Started process (PID=1109) to work on /home/airflow/.local/lib/python3.9/site-packages/airflow/example_dags/example_kubernetes_executor.py
[2025-04-22T06:29:09.142+0000] {processor.py:914} INFO - Processing file /home/airflow/.local/lib/python3.9/site-packages/airflow/example_dags/example_kubernetes_executor.py for tasks to queue
[2025-04-22T06:29:09.144+0000] {logging_mixin.py:190} INFO - [2025-04-22T06:29:09.144+0000] {dagbag.py:588} INFO - Filling up the DagBag from /home/airflow/.local/lib/python3.9/site-packages/airflow/example_dags/example_kubernetes_executor.py
[2025-04-22T06:29:09.162+0000] {processor.py:925} INFO - DAG(s) 'example_kubernetes_executor' retrieved from /home/airflow/.local/lib/python3.9/site-packages/airflow/example_dags/example_kubernetes_executor.py
[2025-04-22T06:29:09.187+0000] {logging_mixin.py:190} INFO - [2025-04-22T06:29:09.187+0000] {dag.py:3239} INFO - Sync 1 DAGs
[2025-04-22T06:29:09.201+0000] {logging_mixin.py:190} INFO - [2025-04-22T06:29:09.201+0000] {dag.py:4180} INFO - Setting next_dagrun for example_kubernetes_executor to None, run_after=None
[2025-04-22T06:29:09.220+0000] {processor.py:208} INFO - Processing /home/airflow/.local/lib/python3.9/site-packages/airflow/example_dags/example_kubernetes_executor.py took 0.088 seconds
[2025-04-22T06:29:39.946+0000] {processor.py:186} INFO - Started process (PID=1167) to work on /home/airflow/.local/lib/python3.9/site-packages/airflow/example_dags/example_kubernetes_executor.py
[2025-04-22T06:29:39.947+0000] {processor.py:914} INFO - Processing file /home/airflow/.local/lib/python3.9/site-packages/airflow/example_dags/example_kubernetes_executor.py for tasks to queue
[2025-04-22T06:29:39.949+0000] {logging_mixin.py:190} INFO - [2025-04-22T06:29:39.949+0000] {dagbag.py:588} INFO - Filling up the DagBag from /home/airflow/.local/lib/python3.9/site-packages/airflow/example_dags/example_kubernetes_executor.py
[2025-04-22T06:29:39.965+0000] {processor.py:925} INFO - DAG(s) 'example_kubernetes_executor' retrieved from /home/airflow/.local/lib/python3.9/site-packages/airflow/example_dags/example_kubernetes_executor.py
[2025-04-22T06:29:39.987+0000] {logging_mixin.py:190} INFO - [2025-04-22T06:29:39.986+0000] {dag.py:3239} INFO - Sync 1 DAGs
[2025-04-22T06:29:40.001+0000] {logging_mixin.py:190} INFO - [2025-04-22T06:29:40.000+0000] {dag.py:4180} INFO - Setting next_dagrun for example_kubernetes_executor to None, run_after=None
[2025-04-22T06:29:40.019+0000] {processor.py:208} INFO - Processing /home/airflow/.local/lib/python3.9/site-packages/airflow/example_dags/example_kubernetes_executor.py took 0.078 seconds
[2025-04-22T06:30:10.781+0000] {processor.py:186} INFO - Started process (PID=1225) to work on /home/airflow/.local/lib/python3.9/site-packages/airflow/example_dags/example_kubernetes_executor.py
[2025-04-22T06:30:10.782+0000] {processor.py:914} INFO - Processing file /home/airflow/.local/lib/python3.9/site-packages/airflow/example_dags/example_kubernetes_executor.py for tasks to queue
[2025-04-22T06:30:10.786+0000] {logging_mixin.py:190} INFO - [2025-04-22T06:30:10.786+0000] {dagbag.py:588} INFO - Filling up the DagBag from /home/airflow/.local/lib/python3.9/site-packages/airflow/example_dags/example_kubernetes_executor.py
[2025-04-22T06:30:10.808+0000] {processor.py:925} INFO - DAG(s) 'example_kubernetes_executor' retrieved from /home/airflow/.local/lib/python3.9/site-packages/airflow/example_dags/example_kubernetes_executor.py
[2025-04-22T06:30:10.842+0000] {logging_mixin.py:190} INFO - [2025-04-22T06:30:10.842+0000] {dag.py:3239} INFO - Sync 1 DAGs
[2025-04-22T06:30:10.861+0000] {logging_mixin.py:190} INFO - [2025-04-22T06:30:10.861+0000] {dag.py:4180} INFO - Setting next_dagrun for example_kubernetes_executor to None, run_after=None
[2025-04-22T06:30:10.884+0000] {processor.py:208} INFO - Processing /home/airflow/.local/lib/python3.9/site-packages/airflow/example_dags/example_kubernetes_executor.py took 0.109 seconds
[2025-04-22T06:30:41.761+0000] {processor.py:186} INFO - Started process (PID=1283) to work on /home/airflow/.local/lib/python3.9/site-packages/airflow/example_dags/example_kubernetes_executor.py
[2025-04-22T06:30:41.762+0000] {processor.py:914} INFO - Processing file /home/airflow/.local/lib/python3.9/site-packages/airflow/example_dags/example_kubernetes_executor.py for tasks to queue
[2025-04-22T06:30:41.764+0000] {logging_mixin.py:190} INFO - [2025-04-22T06:30:41.764+0000] {dagbag.py:588} INFO - Filling up the DagBag from /home/airflow/.local/lib/python3.9/site-packages/airflow/example_dags/example_kubernetes_executor.py
[2025-04-22T06:30:41.785+0000] {processor.py:925} INFO - DAG(s) 'example_kubernetes_executor' retrieved from /home/airflow/.local/lib/python3.9/site-packages/airflow/example_dags/example_kubernetes_executor.py
[2025-04-22T06:30:41.810+0000] {logging_mixin.py:190} INFO - [2025-04-22T06:30:41.810+0000] {dag.py:3239} INFO - Sync 1 DAGs
[2025-04-22T06:30:41.830+0000] {logging_mixin.py:190} INFO - [2025-04-22T06:30:41.830+0000] {dag.py:4180} INFO - Setting next_dagrun for example_kubernetes_executor to None, run_after=None
[2025-04-22T06:30:41.848+0000] {processor.py:208} INFO - Processing /home/airflow/.local/lib/python3.9/site-packages/airflow/example_dags/example_kubernetes_executor.py took 0.096 seconds
[2025-04-22T06:31:12.127+0000] {processor.py:186} INFO - Started process (PID=1341) to work on /home/airflow/.local/lib/python3.9/site-packages/airflow/example_dags/example_kubernetes_executor.py
[2025-04-22T06:31:12.128+0000] {processor.py:914} INFO - Processing file /home/airflow/.local/lib/python3.9/site-packages/airflow/example_dags/example_kubernetes_executor.py for tasks to queue
[2025-04-22T06:31:12.130+0000] {logging_mixin.py:190} INFO - [2025-04-22T06:31:12.130+0000] {dagbag.py:588} INFO - Filling up the DagBag from /home/airflow/.local/lib/python3.9/site-packages/airflow/example_dags/example_kubernetes_executor.py
[2025-04-22T06:31:12.145+0000] {processor.py:925} INFO - DAG(s) 'example_kubernetes_executor' retrieved from /home/airflow/.local/lib/python3.9/site-packages/airflow/example_dags/example_kubernetes_executor.py
[2025-04-22T06:31:12.167+0000] {logging_mixin.py:190} INFO - [2025-04-22T06:31:12.167+0000] {dag.py:3239} INFO - Sync 1 DAGs
[2025-04-22T06:31:12.181+0000] {logging_mixin.py:190} INFO - [2025-04-22T06:31:12.181+0000] {dag.py:4180} INFO - Setting next_dagrun for example_kubernetes_executor to None, run_after=None
[2025-04-22T06:31:12.200+0000] {processor.py:208} INFO - Processing /home/airflow/.local/lib/python3.9/site-packages/airflow/example_dags/example_kubernetes_executor.py took 0.080 seconds
[2025-04-22T06:31:42.376+0000] {processor.py:186} INFO - Started process (PID=1399) to work on /home/airflow/.local/lib/python3.9/site-packages/airflow/example_dags/example_kubernetes_executor.py
[2025-04-22T06:31:42.377+0000] {processor.py:914} INFO - Processing file /home/airflow/.local/lib/python3.9/site-packages/airflow/example_dags/example_kubernetes_executor.py for tasks to queue
[2025-04-22T06:31:42.380+0000] {logging_mixin.py:190} INFO - [2025-04-22T06:31:42.379+0000] {dagbag.py:588} INFO - Filling up the DagBag from /home/airflow/.local/lib/python3.9/site-packages/airflow/example_dags/example_kubernetes_executor.py
[2025-04-22T06:31:42.394+0000] {processor.py:925} INFO - DAG(s) 'example_kubernetes_executor' retrieved from /home/airflow/.local/lib/python3.9/site-packages/airflow/example_dags/example_kubernetes_executor.py
[2025-04-22T06:31:42.416+0000] {logging_mixin.py:190} INFO - [2025-04-22T06:31:42.415+0000] {dag.py:3239} INFO - Sync 1 DAGs
[2025-04-22T06:31:42.431+0000] {logging_mixin.py:190} INFO - [2025-04-22T06:31:42.431+0000] {dag.py:4180} INFO - Setting next_dagrun for example_kubernetes_executor to None, run_after=None
[2025-04-22T06:31:42.449+0000] {processor.py:208} INFO - Processing /home/airflow/.local/lib/python3.9/site-packages/airflow/example_dags/example_kubernetes_executor.py took 0.078 seconds
[2025-04-22T06:32:13.144+0000] {processor.py:186} INFO - Started process (PID=1457) to work on /home/airflow/.local/lib/python3.9/site-packages/airflow/example_dags/example_kubernetes_executor.py
[2025-04-22T06:32:13.145+0000] {processor.py:914} INFO - Processing file /home/airflow/.local/lib/python3.9/site-packages/airflow/example_dags/example_kubernetes_executor.py for tasks to queue
[2025-04-22T06:32:13.147+0000] {logging_mixin.py:190} INFO - [2025-04-22T06:32:13.147+0000] {dagbag.py:588} INFO - Filling up the DagBag from /home/airflow/.local/lib/python3.9/site-packages/airflow/example_dags/example_kubernetes_executor.py
[2025-04-22T06:32:13.164+0000] {processor.py:925} INFO - DAG(s) 'example_kubernetes_executor' retrieved from /home/airflow/.local/lib/python3.9/site-packages/airflow/example_dags/example_kubernetes_executor.py
[2025-04-22T06:32:13.186+0000] {logging_mixin.py:190} INFO - [2025-04-22T06:32:13.186+0000] {dag.py:3239} INFO - Sync 1 DAGs
[2025-04-22T06:32:13.200+0000] {logging_mixin.py:190} INFO - [2025-04-22T06:32:13.200+0000] {dag.py:4180} INFO - Setting next_dagrun for example_kubernetes_executor to None, run_after=None
[2025-04-22T06:32:13.217+0000] {processor.py:208} INFO - Processing /home/airflow/.local/lib/python3.9/site-packages/airflow/example_dags/example_kubernetes_executor.py took 0.079 seconds
