[2025-04-22T06:19:58.066+0000] {processor.py:186} INFO - Started process (PID=64) to work on /home/airflow/.local/lib/python3.9/site-packages/airflow/example_dags/example_dataset_alias_with_no_taskflow.py
[2025-04-22T06:19:58.068+0000] {processor.py:914} INFO - Processing file /home/airflow/.local/lib/python3.9/site-packages/airflow/example_dags/example_dataset_alias_with_no_taskflow.py for tasks to queue
[2025-04-22T06:19:58.072+0000] {logging_mixin.py:190} INFO - [2025-04-22T06:19:58.071+0000] {dagbag.py:588} INFO - Filling up the DagBag from /home/airflow/.local/lib/python3.9/site-packages/airflow/example_dags/example_dataset_alias_with_no_taskflow.py
[2025-04-22T06:19:58.577+0000] {processor.py:925} INFO - DAG(s) 'dataset_alias_example_alias_consumer_with_no_taskflow', 'dataset_s3_bucket_producer_with_no_taskflow', 'dataset_alias_example_alias_producer_with_no_taskflow', 'dataset_s3_bucket_consumer_with_no_taskflow' retrieved from /home/airflow/.local/lib/python3.9/site-packages/airflow/example_dags/example_dataset_alias_with_no_taskflow.py
[2025-04-22T06:19:58.620+0000] {logging_mixin.py:190} INFO - [2025-04-22T06:19:58.619+0000] {dag.py:3239} INFO - Sync 4 DAGs
[2025-04-22T06:19:58.664+0000] {logging_mixin.py:190} INFO - [2025-04-22T06:19:58.664+0000] {dag.py:4180} INFO - Setting next_dagrun for dataset_alias_example_alias_consumer_with_no_taskflow to None, run_after=None
[2025-04-22T06:19:58.671+0000] {logging_mixin.py:190} INFO - [2025-04-22T06:19:58.671+0000] {dag.py:4180} INFO - Setting next_dagrun for dataset_alias_example_alias_producer_with_no_taskflow to None, run_after=None
[2025-04-22T06:19:58.674+0000] {logging_mixin.py:190} INFO - [2025-04-22T06:19:58.674+0000] {dag.py:4180} INFO - Setting next_dagrun for dataset_s3_bucket_consumer_with_no_taskflow to None, run_after=None
[2025-04-22T06:19:58.676+0000] {logging_mixin.py:190} INFO - [2025-04-22T06:19:58.675+0000] {dag.py:4180} INFO - Setting next_dagrun for dataset_s3_bucket_producer_with_no_taskflow to None, run_after=None
[2025-04-22T06:19:58.711+0000] {processor.py:208} INFO - Processing /home/airflow/.local/lib/python3.9/site-packages/airflow/example_dags/example_dataset_alias_with_no_taskflow.py took 0.653 seconds
[2025-04-22T06:20:30.414+0000] {processor.py:186} INFO - Started process (PID=122) to work on /home/airflow/.local/lib/python3.9/site-packages/airflow/example_dags/example_dataset_alias_with_no_taskflow.py
[2025-04-22T06:20:30.417+0000] {processor.py:914} INFO - Processing file /home/airflow/.local/lib/python3.9/site-packages/airflow/example_dags/example_dataset_alias_with_no_taskflow.py for tasks to queue
[2025-04-22T06:20:30.429+0000] {logging_mixin.py:190} INFO - [2025-04-22T06:20:30.427+0000] {dagbag.py:588} INFO - Filling up the DagBag from /home/airflow/.local/lib/python3.9/site-packages/airflow/example_dags/example_dataset_alias_with_no_taskflow.py
[2025-04-22T06:20:31.080+0000] {processor.py:925} INFO - DAG(s) 'dataset_alias_example_alias_consumer_with_no_taskflow', 'dataset_s3_bucket_consumer_with_no_taskflow', 'dataset_s3_bucket_producer_with_no_taskflow', 'dataset_alias_example_alias_producer_with_no_taskflow' retrieved from /home/airflow/.local/lib/python3.9/site-packages/airflow/example_dags/example_dataset_alias_with_no_taskflow.py
[2025-04-22T06:20:31.108+0000] {logging_mixin.py:190} INFO - [2025-04-22T06:20:31.107+0000] {dag.py:3239} INFO - Sync 4 DAGs
[2025-04-22T06:20:31.139+0000] {logging_mixin.py:190} INFO - [2025-04-22T06:20:31.139+0000] {dag.py:4180} INFO - Setting next_dagrun for dataset_alias_example_alias_consumer_with_no_taskflow to None, run_after=None
[2025-04-22T06:20:31.145+0000] {logging_mixin.py:190} INFO - [2025-04-22T06:20:31.144+0000] {dag.py:4180} INFO - Setting next_dagrun for dataset_alias_example_alias_producer_with_no_taskflow to None, run_after=None
[2025-04-22T06:20:31.147+0000] {logging_mixin.py:190} INFO - [2025-04-22T06:20:31.147+0000] {dag.py:4180} INFO - Setting next_dagrun for dataset_s3_bucket_consumer_with_no_taskflow to None, run_after=None
[2025-04-22T06:20:31.149+0000] {logging_mixin.py:190} INFO - [2025-04-22T06:20:31.148+0000] {dag.py:4180} INFO - Setting next_dagrun for dataset_s3_bucket_producer_with_no_taskflow to None, run_after=None
[2025-04-22T06:20:31.174+0000] {processor.py:208} INFO - Processing /home/airflow/.local/lib/python3.9/site-packages/airflow/example_dags/example_dataset_alias_with_no_taskflow.py took 0.784 seconds
[2025-04-22T06:21:01.524+0000] {processor.py:186} INFO - Started process (PID=180) to work on /home/airflow/.local/lib/python3.9/site-packages/airflow/example_dags/example_dataset_alias_with_no_taskflow.py
[2025-04-22T06:21:01.525+0000] {processor.py:914} INFO - Processing file /home/airflow/.local/lib/python3.9/site-packages/airflow/example_dags/example_dataset_alias_with_no_taskflow.py for tasks to queue
[2025-04-22T06:21:01.527+0000] {logging_mixin.py:190} INFO - [2025-04-22T06:21:01.527+0000] {dagbag.py:588} INFO - Filling up the DagBag from /home/airflow/.local/lib/python3.9/site-packages/airflow/example_dags/example_dataset_alias_with_no_taskflow.py
[2025-04-22T06:21:01.975+0000] {processor.py:925} INFO - DAG(s) 'dataset_alias_example_alias_consumer_with_no_taskflow', 'dataset_alias_example_alias_producer_with_no_taskflow', 'dataset_s3_bucket_producer_with_no_taskflow', 'dataset_s3_bucket_consumer_with_no_taskflow' retrieved from /home/airflow/.local/lib/python3.9/site-packages/airflow/example_dags/example_dataset_alias_with_no_taskflow.py
[2025-04-22T06:21:01.999+0000] {logging_mixin.py:190} INFO - [2025-04-22T06:21:01.998+0000] {dag.py:3239} INFO - Sync 4 DAGs
[2025-04-22T06:21:02.022+0000] {logging_mixin.py:190} INFO - [2025-04-22T06:21:02.022+0000] {dag.py:4180} INFO - Setting next_dagrun for dataset_alias_example_alias_consumer_with_no_taskflow to None, run_after=None
[2025-04-22T06:21:02.025+0000] {logging_mixin.py:190} INFO - [2025-04-22T06:21:02.025+0000] {dag.py:4180} INFO - Setting next_dagrun for dataset_alias_example_alias_producer_with_no_taskflow to None, run_after=None
[2025-04-22T06:21:02.026+0000] {logging_mixin.py:190} INFO - [2025-04-22T06:21:02.026+0000] {dag.py:4180} INFO - Setting next_dagrun for dataset_s3_bucket_consumer_with_no_taskflow to None, run_after=None
[2025-04-22T06:21:02.028+0000] {logging_mixin.py:190} INFO - [2025-04-22T06:21:02.028+0000] {dag.py:4180} INFO - Setting next_dagrun for dataset_s3_bucket_producer_with_no_taskflow to None, run_after=None
[2025-04-22T06:21:02.057+0000] {processor.py:208} INFO - Processing /home/airflow/.local/lib/python3.9/site-packages/airflow/example_dags/example_dataset_alias_with_no_taskflow.py took 0.541 seconds
[2025-04-22T06:21:32.212+0000] {processor.py:186} INFO - Started process (PID=242) to work on /home/airflow/.local/lib/python3.9/site-packages/airflow/example_dags/example_dataset_alias_with_no_taskflow.py
[2025-04-22T06:21:32.213+0000] {processor.py:914} INFO - Processing file /home/airflow/.local/lib/python3.9/site-packages/airflow/example_dags/example_dataset_alias_with_no_taskflow.py for tasks to queue
[2025-04-22T06:21:32.215+0000] {logging_mixin.py:190} INFO - [2025-04-22T06:21:32.215+0000] {dagbag.py:588} INFO - Filling up the DagBag from /home/airflow/.local/lib/python3.9/site-packages/airflow/example_dags/example_dataset_alias_with_no_taskflow.py
[2025-04-22T06:21:32.643+0000] {processor.py:925} INFO - DAG(s) 'dataset_alias_example_alias_producer_with_no_taskflow', 'dataset_s3_bucket_consumer_with_no_taskflow', 'dataset_alias_example_alias_consumer_with_no_taskflow', 'dataset_s3_bucket_producer_with_no_taskflow' retrieved from /home/airflow/.local/lib/python3.9/site-packages/airflow/example_dags/example_dataset_alias_with_no_taskflow.py
[2025-04-22T06:21:32.672+0000] {logging_mixin.py:190} INFO - [2025-04-22T06:21:32.672+0000] {dag.py:3239} INFO - Sync 4 DAGs
[2025-04-22T06:21:32.698+0000] {logging_mixin.py:190} INFO - [2025-04-22T06:21:32.698+0000] {dag.py:4180} INFO - Setting next_dagrun for dataset_alias_example_alias_consumer_with_no_taskflow to None, run_after=None
[2025-04-22T06:21:32.702+0000] {logging_mixin.py:190} INFO - [2025-04-22T06:21:32.702+0000] {dag.py:4180} INFO - Setting next_dagrun for dataset_alias_example_alias_producer_with_no_taskflow to None, run_after=None
[2025-04-22T06:21:32.705+0000] {logging_mixin.py:190} INFO - [2025-04-22T06:21:32.704+0000] {dag.py:4180} INFO - Setting next_dagrun for dataset_s3_bucket_consumer_with_no_taskflow to None, run_after=None
[2025-04-22T06:21:32.707+0000] {logging_mixin.py:190} INFO - [2025-04-22T06:21:32.706+0000] {dag.py:4180} INFO - Setting next_dagrun for dataset_s3_bucket_producer_with_no_taskflow to None, run_after=None
[2025-04-22T06:21:32.739+0000] {processor.py:208} INFO - Processing /home/airflow/.local/lib/python3.9/site-packages/airflow/example_dags/example_dataset_alias_with_no_taskflow.py took 0.534 seconds
[2025-04-22T06:22:02.781+0000] {processor.py:186} INFO - Started process (PID=303) to work on /home/airflow/.local/lib/python3.9/site-packages/airflow/example_dags/example_dataset_alias_with_no_taskflow.py
[2025-04-22T06:22:02.782+0000] {processor.py:914} INFO - Processing file /home/airflow/.local/lib/python3.9/site-packages/airflow/example_dags/example_dataset_alias_with_no_taskflow.py for tasks to queue
[2025-04-22T06:22:02.785+0000] {logging_mixin.py:190} INFO - [2025-04-22T06:22:02.785+0000] {dagbag.py:588} INFO - Filling up the DagBag from /home/airflow/.local/lib/python3.9/site-packages/airflow/example_dags/example_dataset_alias_with_no_taskflow.py
[2025-04-22T06:22:03.195+0000] {processor.py:925} INFO - DAG(s) 'dataset_alias_example_alias_consumer_with_no_taskflow', 'dataset_s3_bucket_consumer_with_no_taskflow', 'dataset_s3_bucket_producer_with_no_taskflow', 'dataset_alias_example_alias_producer_with_no_taskflow' retrieved from /home/airflow/.local/lib/python3.9/site-packages/airflow/example_dags/example_dataset_alias_with_no_taskflow.py
[2025-04-22T06:22:03.223+0000] {logging_mixin.py:190} INFO - [2025-04-22T06:22:03.222+0000] {dag.py:3239} INFO - Sync 4 DAGs
[2025-04-22T06:22:03.250+0000] {logging_mixin.py:190} INFO - [2025-04-22T06:22:03.250+0000] {dag.py:4180} INFO - Setting next_dagrun for dataset_alias_example_alias_consumer_with_no_taskflow to None, run_after=None
[2025-04-22T06:22:03.254+0000] {logging_mixin.py:190} INFO - [2025-04-22T06:22:03.254+0000] {dag.py:4180} INFO - Setting next_dagrun for dataset_alias_example_alias_producer_with_no_taskflow to None, run_after=None
[2025-04-22T06:22:03.256+0000] {logging_mixin.py:190} INFO - [2025-04-22T06:22:03.256+0000] {dag.py:4180} INFO - Setting next_dagrun for dataset_s3_bucket_consumer_with_no_taskflow to None, run_after=None
[2025-04-22T06:22:03.259+0000] {logging_mixin.py:190} INFO - [2025-04-22T06:22:03.259+0000] {dag.py:4180} INFO - Setting next_dagrun for dataset_s3_bucket_producer_with_no_taskflow to None, run_after=None
[2025-04-22T06:22:03.287+0000] {processor.py:208} INFO - Processing /home/airflow/.local/lib/python3.9/site-packages/airflow/example_dags/example_dataset_alias_with_no_taskflow.py took 0.513 seconds
[2025-04-22T06:22:33.349+0000] {processor.py:186} INFO - Started process (PID=364) to work on /home/airflow/.local/lib/python3.9/site-packages/airflow/example_dags/example_dataset_alias_with_no_taskflow.py
[2025-04-22T06:22:33.351+0000] {processor.py:914} INFO - Processing file /home/airflow/.local/lib/python3.9/site-packages/airflow/example_dags/example_dataset_alias_with_no_taskflow.py for tasks to queue
[2025-04-22T06:22:33.356+0000] {logging_mixin.py:190} INFO - [2025-04-22T06:22:33.355+0000] {dagbag.py:588} INFO - Filling up the DagBag from /home/airflow/.local/lib/python3.9/site-packages/airflow/example_dags/example_dataset_alias_with_no_taskflow.py
[2025-04-22T06:22:34.180+0000] {processor.py:925} INFO - DAG(s) 'dataset_alias_example_alias_producer_with_no_taskflow', 'dataset_s3_bucket_producer_with_no_taskflow', 'dataset_alias_example_alias_consumer_with_no_taskflow', 'dataset_s3_bucket_consumer_with_no_taskflow' retrieved from /home/airflow/.local/lib/python3.9/site-packages/airflow/example_dags/example_dataset_alias_with_no_taskflow.py
[2025-04-22T06:22:34.224+0000] {logging_mixin.py:190} INFO - [2025-04-22T06:22:34.223+0000] {dag.py:3239} INFO - Sync 4 DAGs
[2025-04-22T06:22:34.268+0000] {logging_mixin.py:190} INFO - [2025-04-22T06:22:34.268+0000] {dag.py:4180} INFO - Setting next_dagrun for dataset_alias_example_alias_consumer_with_no_taskflow to None, run_after=None
[2025-04-22T06:22:34.274+0000] {logging_mixin.py:190} INFO - [2025-04-22T06:22:34.273+0000] {dag.py:4180} INFO - Setting next_dagrun for dataset_alias_example_alias_producer_with_no_taskflow to None, run_after=None
[2025-04-22T06:22:34.276+0000] {logging_mixin.py:190} INFO - [2025-04-22T06:22:34.275+0000] {dag.py:4180} INFO - Setting next_dagrun for dataset_s3_bucket_consumer_with_no_taskflow to None, run_after=None
[2025-04-22T06:22:34.278+0000] {logging_mixin.py:190} INFO - [2025-04-22T06:22:34.278+0000] {dag.py:4180} INFO - Setting next_dagrun for dataset_s3_bucket_producer_with_no_taskflow to None, run_after=None
[2025-04-22T06:22:34.316+0000] {processor.py:208} INFO - Processing /home/airflow/.local/lib/python3.9/site-packages/airflow/example_dags/example_dataset_alias_with_no_taskflow.py took 0.977 seconds
[2025-04-22T06:23:05.229+0000] {processor.py:186} INFO - Started process (PID=423) to work on /home/airflow/.local/lib/python3.9/site-packages/airflow/example_dags/example_dataset_alias_with_no_taskflow.py
[2025-04-22T06:23:05.230+0000] {processor.py:914} INFO - Processing file /home/airflow/.local/lib/python3.9/site-packages/airflow/example_dags/example_dataset_alias_with_no_taskflow.py for tasks to queue
[2025-04-22T06:23:05.233+0000] {logging_mixin.py:190} INFO - [2025-04-22T06:23:05.233+0000] {dagbag.py:588} INFO - Filling up the DagBag from /home/airflow/.local/lib/python3.9/site-packages/airflow/example_dags/example_dataset_alias_with_no_taskflow.py
[2025-04-22T06:23:05.597+0000] {processor.py:925} INFO - DAG(s) 'dataset_s3_bucket_consumer_with_no_taskflow', 'dataset_alias_example_alias_consumer_with_no_taskflow', 'dataset_alias_example_alias_producer_with_no_taskflow', 'dataset_s3_bucket_producer_with_no_taskflow' retrieved from /home/airflow/.local/lib/python3.9/site-packages/airflow/example_dags/example_dataset_alias_with_no_taskflow.py
[2025-04-22T06:23:05.620+0000] {logging_mixin.py:190} INFO - [2025-04-22T06:23:05.620+0000] {dag.py:3239} INFO - Sync 4 DAGs
[2025-04-22T06:23:05.645+0000] {logging_mixin.py:190} INFO - [2025-04-22T06:23:05.645+0000] {dag.py:4180} INFO - Setting next_dagrun for dataset_alias_example_alias_consumer_with_no_taskflow to None, run_after=None
[2025-04-22T06:23:05.648+0000] {logging_mixin.py:190} INFO - [2025-04-22T06:23:05.648+0000] {dag.py:4180} INFO - Setting next_dagrun for dataset_alias_example_alias_producer_with_no_taskflow to None, run_after=None
[2025-04-22T06:23:05.650+0000] {logging_mixin.py:190} INFO - [2025-04-22T06:23:05.650+0000] {dag.py:4180} INFO - Setting next_dagrun for dataset_s3_bucket_consumer_with_no_taskflow to None, run_after=None
[2025-04-22T06:23:05.651+0000] {logging_mixin.py:190} INFO - [2025-04-22T06:23:05.651+0000] {dag.py:4180} INFO - Setting next_dagrun for dataset_s3_bucket_producer_with_no_taskflow to None, run_after=None
[2025-04-22T06:23:05.674+0000] {processor.py:208} INFO - Processing /home/airflow/.local/lib/python3.9/site-packages/airflow/example_dags/example_dataset_alias_with_no_taskflow.py took 0.452 seconds
[2025-04-22T06:23:36.568+0000] {processor.py:186} INFO - Started process (PID=481) to work on /home/airflow/.local/lib/python3.9/site-packages/airflow/example_dags/example_dataset_alias_with_no_taskflow.py
[2025-04-22T06:23:36.569+0000] {processor.py:914} INFO - Processing file /home/airflow/.local/lib/python3.9/site-packages/airflow/example_dags/example_dataset_alias_with_no_taskflow.py for tasks to queue
[2025-04-22T06:23:36.571+0000] {logging_mixin.py:190} INFO - [2025-04-22T06:23:36.571+0000] {dagbag.py:588} INFO - Filling up the DagBag from /home/airflow/.local/lib/python3.9/site-packages/airflow/example_dags/example_dataset_alias_with_no_taskflow.py
[2025-04-22T06:23:36.893+0000] {processor.py:925} INFO - DAG(s) 'dataset_s3_bucket_producer_with_no_taskflow', 'dataset_alias_example_alias_consumer_with_no_taskflow', 'dataset_s3_bucket_consumer_with_no_taskflow', 'dataset_alias_example_alias_producer_with_no_taskflow' retrieved from /home/airflow/.local/lib/python3.9/site-packages/airflow/example_dags/example_dataset_alias_with_no_taskflow.py
[2025-04-22T06:23:36.914+0000] {logging_mixin.py:190} INFO - [2025-04-22T06:23:36.913+0000] {dag.py:3239} INFO - Sync 4 DAGs
[2025-04-22T06:23:36.935+0000] {logging_mixin.py:190} INFO - [2025-04-22T06:23:36.934+0000] {dag.py:4180} INFO - Setting next_dagrun for dataset_alias_example_alias_consumer_with_no_taskflow to None, run_after=None
[2025-04-22T06:23:36.938+0000] {logging_mixin.py:190} INFO - [2025-04-22T06:23:36.937+0000] {dag.py:4180} INFO - Setting next_dagrun for dataset_alias_example_alias_producer_with_no_taskflow to None, run_after=None
[2025-04-22T06:23:36.939+0000] {logging_mixin.py:190} INFO - [2025-04-22T06:23:36.939+0000] {dag.py:4180} INFO - Setting next_dagrun for dataset_s3_bucket_consumer_with_no_taskflow to None, run_after=None
[2025-04-22T06:23:36.940+0000] {logging_mixin.py:190} INFO - [2025-04-22T06:23:36.940+0000] {dag.py:4180} INFO - Setting next_dagrun for dataset_s3_bucket_producer_with_no_taskflow to None, run_after=None
[2025-04-22T06:23:36.959+0000] {processor.py:208} INFO - Processing /home/airflow/.local/lib/python3.9/site-packages/airflow/example_dags/example_dataset_alias_with_no_taskflow.py took 0.397 seconds
[2025-04-22T06:24:07.586+0000] {processor.py:186} INFO - Started process (PID=539) to work on /home/airflow/.local/lib/python3.9/site-packages/airflow/example_dags/example_dataset_alias_with_no_taskflow.py
[2025-04-22T06:24:07.587+0000] {processor.py:914} INFO - Processing file /home/airflow/.local/lib/python3.9/site-packages/airflow/example_dags/example_dataset_alias_with_no_taskflow.py for tasks to queue
[2025-04-22T06:24:07.589+0000] {logging_mixin.py:190} INFO - [2025-04-22T06:24:07.589+0000] {dagbag.py:588} INFO - Filling up the DagBag from /home/airflow/.local/lib/python3.9/site-packages/airflow/example_dags/example_dataset_alias_with_no_taskflow.py
[2025-04-22T06:24:07.941+0000] {processor.py:925} INFO - DAG(s) 'dataset_alias_example_alias_consumer_with_no_taskflow', 'dataset_s3_bucket_producer_with_no_taskflow', 'dataset_s3_bucket_consumer_with_no_taskflow', 'dataset_alias_example_alias_producer_with_no_taskflow' retrieved from /home/airflow/.local/lib/python3.9/site-packages/airflow/example_dags/example_dataset_alias_with_no_taskflow.py
[2025-04-22T06:24:07.963+0000] {logging_mixin.py:190} INFO - [2025-04-22T06:24:07.962+0000] {dag.py:3239} INFO - Sync 4 DAGs
[2025-04-22T06:24:07.987+0000] {logging_mixin.py:190} INFO - [2025-04-22T06:24:07.987+0000] {dag.py:4180} INFO - Setting next_dagrun for dataset_alias_example_alias_consumer_with_no_taskflow to None, run_after=None
[2025-04-22T06:24:07.990+0000] {logging_mixin.py:190} INFO - [2025-04-22T06:24:07.990+0000] {dag.py:4180} INFO - Setting next_dagrun for dataset_alias_example_alias_producer_with_no_taskflow to None, run_after=None
[2025-04-22T06:24:07.991+0000] {logging_mixin.py:190} INFO - [2025-04-22T06:24:07.991+0000] {dag.py:4180} INFO - Setting next_dagrun for dataset_s3_bucket_consumer_with_no_taskflow to None, run_after=None
[2025-04-22T06:24:07.993+0000] {logging_mixin.py:190} INFO - [2025-04-22T06:24:07.993+0000] {dag.py:4180} INFO - Setting next_dagrun for dataset_s3_bucket_producer_with_no_taskflow to None, run_after=None
[2025-04-22T06:24:08.015+0000] {processor.py:208} INFO - Processing /home/airflow/.local/lib/python3.9/site-packages/airflow/example_dags/example_dataset_alias_with_no_taskflow.py took 0.436 seconds
[2025-04-22T06:24:38.218+0000] {processor.py:186} INFO - Started process (PID=597) to work on /home/airflow/.local/lib/python3.9/site-packages/airflow/example_dags/example_dataset_alias_with_no_taskflow.py
[2025-04-22T06:24:38.219+0000] {processor.py:914} INFO - Processing file /home/airflow/.local/lib/python3.9/site-packages/airflow/example_dags/example_dataset_alias_with_no_taskflow.py for tasks to queue
[2025-04-22T06:24:38.221+0000] {logging_mixin.py:190} INFO - [2025-04-22T06:24:38.221+0000] {dagbag.py:588} INFO - Filling up the DagBag from /home/airflow/.local/lib/python3.9/site-packages/airflow/example_dags/example_dataset_alias_with_no_taskflow.py
[2025-04-22T06:24:38.549+0000] {processor.py:925} INFO - DAG(s) 'dataset_s3_bucket_consumer_with_no_taskflow', 'dataset_alias_example_alias_consumer_with_no_taskflow', 'dataset_s3_bucket_producer_with_no_taskflow', 'dataset_alias_example_alias_producer_with_no_taskflow' retrieved from /home/airflow/.local/lib/python3.9/site-packages/airflow/example_dags/example_dataset_alias_with_no_taskflow.py
[2025-04-22T06:24:38.571+0000] {logging_mixin.py:190} INFO - [2025-04-22T06:24:38.570+0000] {dag.py:3239} INFO - Sync 4 DAGs
[2025-04-22T06:24:38.611+0000] {logging_mixin.py:190} INFO - [2025-04-22T06:24:38.611+0000] {dag.py:4180} INFO - Setting next_dagrun for dataset_alias_example_alias_consumer_with_no_taskflow to None, run_after=None
[2025-04-22T06:24:38.614+0000] {logging_mixin.py:190} INFO - [2025-04-22T06:24:38.614+0000] {dag.py:4180} INFO - Setting next_dagrun for dataset_alias_example_alias_producer_with_no_taskflow to None, run_after=None
[2025-04-22T06:24:38.616+0000] {logging_mixin.py:190} INFO - [2025-04-22T06:24:38.615+0000] {dag.py:4180} INFO - Setting next_dagrun for dataset_s3_bucket_consumer_with_no_taskflow to None, run_after=None
[2025-04-22T06:24:38.617+0000] {logging_mixin.py:190} INFO - [2025-04-22T06:24:38.617+0000] {dag.py:4180} INFO - Setting next_dagrun for dataset_s3_bucket_producer_with_no_taskflow to None, run_after=None
[2025-04-22T06:24:38.642+0000] {processor.py:208} INFO - Processing /home/airflow/.local/lib/python3.9/site-packages/airflow/example_dags/example_dataset_alias_with_no_taskflow.py took 0.430 seconds
[2025-04-22T06:25:09.473+0000] {processor.py:186} INFO - Started process (PID=655) to work on /home/airflow/.local/lib/python3.9/site-packages/airflow/example_dags/example_dataset_alias_with_no_taskflow.py
[2025-04-22T06:25:09.474+0000] {processor.py:914} INFO - Processing file /home/airflow/.local/lib/python3.9/site-packages/airflow/example_dags/example_dataset_alias_with_no_taskflow.py for tasks to queue
[2025-04-22T06:25:09.476+0000] {logging_mixin.py:190} INFO - [2025-04-22T06:25:09.476+0000] {dagbag.py:588} INFO - Filling up the DagBag from /home/airflow/.local/lib/python3.9/site-packages/airflow/example_dags/example_dataset_alias_with_no_taskflow.py
[2025-04-22T06:25:09.807+0000] {processor.py:925} INFO - DAG(s) 'dataset_alias_example_alias_producer_with_no_taskflow', 'dataset_s3_bucket_producer_with_no_taskflow', 'dataset_alias_example_alias_consumer_with_no_taskflow', 'dataset_s3_bucket_consumer_with_no_taskflow' retrieved from /home/airflow/.local/lib/python3.9/site-packages/airflow/example_dags/example_dataset_alias_with_no_taskflow.py
[2025-04-22T06:25:09.828+0000] {logging_mixin.py:190} INFO - [2025-04-22T06:25:09.828+0000] {dag.py:3239} INFO - Sync 4 DAGs
[2025-04-22T06:25:09.850+0000] {logging_mixin.py:190} INFO - [2025-04-22T06:25:09.850+0000] {dag.py:4180} INFO - Setting next_dagrun for dataset_alias_example_alias_consumer_with_no_taskflow to None, run_after=None
[2025-04-22T06:25:09.853+0000] {logging_mixin.py:190} INFO - [2025-04-22T06:25:09.852+0000] {dag.py:4180} INFO - Setting next_dagrun for dataset_alias_example_alias_producer_with_no_taskflow to None, run_after=None
[2025-04-22T06:25:09.854+0000] {logging_mixin.py:190} INFO - [2025-04-22T06:25:09.854+0000] {dag.py:4180} INFO - Setting next_dagrun for dataset_s3_bucket_consumer_with_no_taskflow to None, run_after=None
[2025-04-22T06:25:09.856+0000] {logging_mixin.py:190} INFO - [2025-04-22T06:25:09.855+0000] {dag.py:4180} INFO - Setting next_dagrun for dataset_s3_bucket_producer_with_no_taskflow to None, run_after=None
[2025-04-22T06:25:09.874+0000] {processor.py:208} INFO - Processing /home/airflow/.local/lib/python3.9/site-packages/airflow/example_dags/example_dataset_alias_with_no_taskflow.py took 0.409 seconds
[2025-04-22T06:25:39.997+0000] {processor.py:186} INFO - Started process (PID=713) to work on /home/airflow/.local/lib/python3.9/site-packages/airflow/example_dags/example_dataset_alias_with_no_taskflow.py
[2025-04-22T06:25:39.998+0000] {processor.py:914} INFO - Processing file /home/airflow/.local/lib/python3.9/site-packages/airflow/example_dags/example_dataset_alias_with_no_taskflow.py for tasks to queue
[2025-04-22T06:25:40.001+0000] {logging_mixin.py:190} INFO - [2025-04-22T06:25:40.000+0000] {dagbag.py:588} INFO - Filling up the DagBag from /home/airflow/.local/lib/python3.9/site-packages/airflow/example_dags/example_dataset_alias_with_no_taskflow.py
[2025-04-22T06:25:40.322+0000] {processor.py:925} INFO - DAG(s) 'dataset_alias_example_alias_producer_with_no_taskflow', 'dataset_s3_bucket_producer_with_no_taskflow', 'dataset_s3_bucket_consumer_with_no_taskflow', 'dataset_alias_example_alias_consumer_with_no_taskflow' retrieved from /home/airflow/.local/lib/python3.9/site-packages/airflow/example_dags/example_dataset_alias_with_no_taskflow.py
[2025-04-22T06:25:40.344+0000] {logging_mixin.py:190} INFO - [2025-04-22T06:25:40.344+0000] {dag.py:3239} INFO - Sync 4 DAGs
[2025-04-22T06:25:40.515+0000] {logging_mixin.py:190} INFO - [2025-04-22T06:25:40.515+0000] {dag.py:4180} INFO - Setting next_dagrun for dataset_alias_example_alias_consumer_with_no_taskflow to None, run_after=None
[2025-04-22T06:25:40.518+0000] {logging_mixin.py:190} INFO - [2025-04-22T06:25:40.518+0000] {dag.py:4180} INFO - Setting next_dagrun for dataset_alias_example_alias_producer_with_no_taskflow to None, run_after=None
[2025-04-22T06:25:40.520+0000] {logging_mixin.py:190} INFO - [2025-04-22T06:25:40.520+0000] {dag.py:4180} INFO - Setting next_dagrun for dataset_s3_bucket_consumer_with_no_taskflow to None, run_after=None
[2025-04-22T06:25:40.522+0000] {logging_mixin.py:190} INFO - [2025-04-22T06:25:40.521+0000] {dag.py:4180} INFO - Setting next_dagrun for dataset_s3_bucket_producer_with_no_taskflow to None, run_after=None
[2025-04-22T06:25:40.544+0000] {processor.py:208} INFO - Processing /home/airflow/.local/lib/python3.9/site-packages/airflow/example_dags/example_dataset_alias_with_no_taskflow.py took 0.553 seconds
[2025-04-22T06:26:10.605+0000] {processor.py:186} INFO - Started process (PID=771) to work on /home/airflow/.local/lib/python3.9/site-packages/airflow/example_dags/example_dataset_alias_with_no_taskflow.py
[2025-04-22T06:26:10.606+0000] {processor.py:914} INFO - Processing file /home/airflow/.local/lib/python3.9/site-packages/airflow/example_dags/example_dataset_alias_with_no_taskflow.py for tasks to queue
[2025-04-22T06:26:10.609+0000] {logging_mixin.py:190} INFO - [2025-04-22T06:26:10.608+0000] {dagbag.py:588} INFO - Filling up the DagBag from /home/airflow/.local/lib/python3.9/site-packages/airflow/example_dags/example_dataset_alias_with_no_taskflow.py
[2025-04-22T06:26:10.915+0000] {processor.py:925} INFO - DAG(s) 'dataset_s3_bucket_consumer_with_no_taskflow', 'dataset_alias_example_alias_producer_with_no_taskflow', 'dataset_alias_example_alias_consumer_with_no_taskflow', 'dataset_s3_bucket_producer_with_no_taskflow' retrieved from /home/airflow/.local/lib/python3.9/site-packages/airflow/example_dags/example_dataset_alias_with_no_taskflow.py
[2025-04-22T06:26:10.936+0000] {logging_mixin.py:190} INFO - [2025-04-22T06:26:10.935+0000] {dag.py:3239} INFO - Sync 4 DAGs
[2025-04-22T06:26:11.092+0000] {logging_mixin.py:190} INFO - [2025-04-22T06:26:11.092+0000] {dag.py:4180} INFO - Setting next_dagrun for dataset_alias_example_alias_consumer_with_no_taskflow to None, run_after=None
[2025-04-22T06:26:11.096+0000] {logging_mixin.py:190} INFO - [2025-04-22T06:26:11.096+0000] {dag.py:4180} INFO - Setting next_dagrun for dataset_alias_example_alias_producer_with_no_taskflow to None, run_after=None
[2025-04-22T06:26:11.098+0000] {logging_mixin.py:190} INFO - [2025-04-22T06:26:11.097+0000] {dag.py:4180} INFO - Setting next_dagrun for dataset_s3_bucket_consumer_with_no_taskflow to None, run_after=None
[2025-04-22T06:26:11.100+0000] {logging_mixin.py:190} INFO - [2025-04-22T06:26:11.100+0000] {dag.py:4180} INFO - Setting next_dagrun for dataset_s3_bucket_producer_with_no_taskflow to None, run_after=None
[2025-04-22T06:26:11.134+0000] {processor.py:208} INFO - Processing /home/airflow/.local/lib/python3.9/site-packages/airflow/example_dags/example_dataset_alias_with_no_taskflow.py took 0.535 seconds
[2025-04-22T06:26:41.228+0000] {processor.py:186} INFO - Started process (PID=829) to work on /home/airflow/.local/lib/python3.9/site-packages/airflow/example_dags/example_dataset_alias_with_no_taskflow.py
[2025-04-22T06:26:41.229+0000] {processor.py:914} INFO - Processing file /home/airflow/.local/lib/python3.9/site-packages/airflow/example_dags/example_dataset_alias_with_no_taskflow.py for tasks to queue
[2025-04-22T06:26:41.231+0000] {logging_mixin.py:190} INFO - [2025-04-22T06:26:41.231+0000] {dagbag.py:588} INFO - Filling up the DagBag from /home/airflow/.local/lib/python3.9/site-packages/airflow/example_dags/example_dataset_alias_with_no_taskflow.py
[2025-04-22T06:26:41.540+0000] {processor.py:925} INFO - DAG(s) 'dataset_alias_example_alias_consumer_with_no_taskflow', 'dataset_s3_bucket_producer_with_no_taskflow', 'dataset_s3_bucket_consumer_with_no_taskflow', 'dataset_alias_example_alias_producer_with_no_taskflow' retrieved from /home/airflow/.local/lib/python3.9/site-packages/airflow/example_dags/example_dataset_alias_with_no_taskflow.py
[2025-04-22T06:26:41.560+0000] {logging_mixin.py:190} INFO - [2025-04-22T06:26:41.560+0000] {dag.py:3239} INFO - Sync 4 DAGs
[2025-04-22T06:26:41.713+0000] {logging_mixin.py:190} INFO - [2025-04-22T06:26:41.713+0000] {dag.py:4180} INFO - Setting next_dagrun for dataset_alias_example_alias_consumer_with_no_taskflow to None, run_after=None
[2025-04-22T06:26:41.716+0000] {logging_mixin.py:190} INFO - [2025-04-22T06:26:41.716+0000] {dag.py:4180} INFO - Setting next_dagrun for dataset_alias_example_alias_producer_with_no_taskflow to None, run_after=None
[2025-04-22T06:26:41.718+0000] {logging_mixin.py:190} INFO - [2025-04-22T06:26:41.718+0000] {dag.py:4180} INFO - Setting next_dagrun for dataset_s3_bucket_consumer_with_no_taskflow to None, run_after=None
[2025-04-22T06:26:41.720+0000] {logging_mixin.py:190} INFO - [2025-04-22T06:26:41.720+0000] {dag.py:4180} INFO - Setting next_dagrun for dataset_s3_bucket_producer_with_no_taskflow to None, run_after=None
[2025-04-22T06:26:41.747+0000] {processor.py:208} INFO - Processing /home/airflow/.local/lib/python3.9/site-packages/airflow/example_dags/example_dataset_alias_with_no_taskflow.py took 0.525 seconds
[2025-04-22T06:27:12.580+0000] {processor.py:186} INFO - Started process (PID=887) to work on /home/airflow/.local/lib/python3.9/site-packages/airflow/example_dags/example_dataset_alias_with_no_taskflow.py
[2025-04-22T06:27:12.581+0000] {processor.py:914} INFO - Processing file /home/airflow/.local/lib/python3.9/site-packages/airflow/example_dags/example_dataset_alias_with_no_taskflow.py for tasks to queue
[2025-04-22T06:27:12.585+0000] {logging_mixin.py:190} INFO - [2025-04-22T06:27:12.585+0000] {dagbag.py:588} INFO - Filling up the DagBag from /home/airflow/.local/lib/python3.9/site-packages/airflow/example_dags/example_dataset_alias_with_no_taskflow.py
[2025-04-22T06:27:12.921+0000] {processor.py:925} INFO - DAG(s) 'dataset_s3_bucket_consumer_with_no_taskflow', 'dataset_alias_example_alias_producer_with_no_taskflow', 'dataset_s3_bucket_producer_with_no_taskflow', 'dataset_alias_example_alias_consumer_with_no_taskflow' retrieved from /home/airflow/.local/lib/python3.9/site-packages/airflow/example_dags/example_dataset_alias_with_no_taskflow.py
[2025-04-22T06:27:12.945+0000] {logging_mixin.py:190} INFO - [2025-04-22T06:27:12.943+0000] {dag.py:3239} INFO - Sync 4 DAGs
[2025-04-22T06:27:13.126+0000] {logging_mixin.py:190} INFO - [2025-04-22T06:27:13.125+0000] {dag.py:4180} INFO - Setting next_dagrun for dataset_alias_example_alias_consumer_with_no_taskflow to None, run_after=None
[2025-04-22T06:27:13.129+0000] {logging_mixin.py:190} INFO - [2025-04-22T06:27:13.129+0000] {dag.py:4180} INFO - Setting next_dagrun for dataset_alias_example_alias_producer_with_no_taskflow to None, run_after=None
[2025-04-22T06:27:13.131+0000] {logging_mixin.py:190} INFO - [2025-04-22T06:27:13.131+0000] {dag.py:4180} INFO - Setting next_dagrun for dataset_s3_bucket_consumer_with_no_taskflow to None, run_after=None
[2025-04-22T06:27:13.133+0000] {logging_mixin.py:190} INFO - [2025-04-22T06:27:13.133+0000] {dag.py:4180} INFO - Setting next_dagrun for dataset_s3_bucket_producer_with_no_taskflow to None, run_after=None
[2025-04-22T06:27:13.156+0000] {processor.py:208} INFO - Processing /home/airflow/.local/lib/python3.9/site-packages/airflow/example_dags/example_dataset_alias_with_no_taskflow.py took 0.584 seconds
[2025-04-22T06:27:43.263+0000] {processor.py:186} INFO - Started process (PID=945) to work on /home/airflow/.local/lib/python3.9/site-packages/airflow/example_dags/example_dataset_alias_with_no_taskflow.py
[2025-04-22T06:27:43.264+0000] {processor.py:914} INFO - Processing file /home/airflow/.local/lib/python3.9/site-packages/airflow/example_dags/example_dataset_alias_with_no_taskflow.py for tasks to queue
[2025-04-22T06:27:43.267+0000] {logging_mixin.py:190} INFO - [2025-04-22T06:27:43.267+0000] {dagbag.py:588} INFO - Filling up the DagBag from /home/airflow/.local/lib/python3.9/site-packages/airflow/example_dags/example_dataset_alias_with_no_taskflow.py
[2025-04-22T06:27:43.599+0000] {processor.py:925} INFO - DAG(s) 'dataset_s3_bucket_producer_with_no_taskflow', 'dataset_alias_example_alias_consumer_with_no_taskflow', 'dataset_s3_bucket_consumer_with_no_taskflow', 'dataset_alias_example_alias_producer_with_no_taskflow' retrieved from /home/airflow/.local/lib/python3.9/site-packages/airflow/example_dags/example_dataset_alias_with_no_taskflow.py
[2025-04-22T06:27:43.634+0000] {logging_mixin.py:190} INFO - [2025-04-22T06:27:43.634+0000] {dag.py:3239} INFO - Sync 4 DAGs
[2025-04-22T06:27:43.812+0000] {logging_mixin.py:190} INFO - [2025-04-22T06:27:43.812+0000] {dag.py:4180} INFO - Setting next_dagrun for dataset_alias_example_alias_consumer_with_no_taskflow to None, run_after=None
[2025-04-22T06:27:43.815+0000] {logging_mixin.py:190} INFO - [2025-04-22T06:27:43.815+0000] {dag.py:4180} INFO - Setting next_dagrun for dataset_alias_example_alias_producer_with_no_taskflow to None, run_after=None
[2025-04-22T06:27:43.817+0000] {logging_mixin.py:190} INFO - [2025-04-22T06:27:43.817+0000] {dag.py:4180} INFO - Setting next_dagrun for dataset_s3_bucket_consumer_with_no_taskflow to None, run_after=None
[2025-04-22T06:27:43.819+0000] {logging_mixin.py:190} INFO - [2025-04-22T06:27:43.819+0000] {dag.py:4180} INFO - Setting next_dagrun for dataset_s3_bucket_producer_with_no_taskflow to None, run_after=None
[2025-04-22T06:27:43.843+0000] {processor.py:208} INFO - Processing /home/airflow/.local/lib/python3.9/site-packages/airflow/example_dags/example_dataset_alias_with_no_taskflow.py took 0.587 seconds
[2025-04-22T06:28:14.105+0000] {processor.py:186} INFO - Started process (PID=1003) to work on /home/airflow/.local/lib/python3.9/site-packages/airflow/example_dags/example_dataset_alias_with_no_taskflow.py
[2025-04-22T06:28:14.106+0000] {processor.py:914} INFO - Processing file /home/airflow/.local/lib/python3.9/site-packages/airflow/example_dags/example_dataset_alias_with_no_taskflow.py for tasks to queue
[2025-04-22T06:28:14.109+0000] {logging_mixin.py:190} INFO - [2025-04-22T06:28:14.109+0000] {dagbag.py:588} INFO - Filling up the DagBag from /home/airflow/.local/lib/python3.9/site-packages/airflow/example_dags/example_dataset_alias_with_no_taskflow.py
[2025-04-22T06:28:14.446+0000] {processor.py:925} INFO - DAG(s) 'dataset_alias_example_alias_producer_with_no_taskflow', 'dataset_s3_bucket_producer_with_no_taskflow', 'dataset_s3_bucket_consumer_with_no_taskflow', 'dataset_alias_example_alias_consumer_with_no_taskflow' retrieved from /home/airflow/.local/lib/python3.9/site-packages/airflow/example_dags/example_dataset_alias_with_no_taskflow.py
[2025-04-22T06:28:14.466+0000] {logging_mixin.py:190} INFO - [2025-04-22T06:28:14.465+0000] {dag.py:3239} INFO - Sync 4 DAGs
[2025-04-22T06:28:14.637+0000] {logging_mixin.py:190} INFO - [2025-04-22T06:28:14.637+0000] {dag.py:4180} INFO - Setting next_dagrun for dataset_alias_example_alias_consumer_with_no_taskflow to None, run_after=None
[2025-04-22T06:28:14.641+0000] {logging_mixin.py:190} INFO - [2025-04-22T06:28:14.640+0000] {dag.py:4180} INFO - Setting next_dagrun for dataset_alias_example_alias_producer_with_no_taskflow to None, run_after=None
[2025-04-22T06:28:14.643+0000] {logging_mixin.py:190} INFO - [2025-04-22T06:28:14.643+0000] {dag.py:4180} INFO - Setting next_dagrun for dataset_s3_bucket_consumer_with_no_taskflow to None, run_after=None
[2025-04-22T06:28:14.645+0000] {logging_mixin.py:190} INFO - [2025-04-22T06:28:14.645+0000] {dag.py:4180} INFO - Setting next_dagrun for dataset_s3_bucket_producer_with_no_taskflow to None, run_after=None
[2025-04-22T06:28:14.677+0000] {processor.py:208} INFO - Processing /home/airflow/.local/lib/python3.9/site-packages/airflow/example_dags/example_dataset_alias_with_no_taskflow.py took 0.579 seconds
[2025-04-22T06:28:45.479+0000] {processor.py:186} INFO - Started process (PID=1061) to work on /home/airflow/.local/lib/python3.9/site-packages/airflow/example_dags/example_dataset_alias_with_no_taskflow.py
[2025-04-22T06:28:45.480+0000] {processor.py:914} INFO - Processing file /home/airflow/.local/lib/python3.9/site-packages/airflow/example_dags/example_dataset_alias_with_no_taskflow.py for tasks to queue
[2025-04-22T06:28:45.482+0000] {logging_mixin.py:190} INFO - [2025-04-22T06:28:45.482+0000] {dagbag.py:588} INFO - Filling up the DagBag from /home/airflow/.local/lib/python3.9/site-packages/airflow/example_dags/example_dataset_alias_with_no_taskflow.py
[2025-04-22T06:28:45.798+0000] {processor.py:925} INFO - DAG(s) 'dataset_alias_example_alias_consumer_with_no_taskflow', 'dataset_alias_example_alias_producer_with_no_taskflow', 'dataset_s3_bucket_consumer_with_no_taskflow', 'dataset_s3_bucket_producer_with_no_taskflow' retrieved from /home/airflow/.local/lib/python3.9/site-packages/airflow/example_dags/example_dataset_alias_with_no_taskflow.py
[2025-04-22T06:28:45.818+0000] {logging_mixin.py:190} INFO - [2025-04-22T06:28:45.817+0000] {dag.py:3239} INFO - Sync 4 DAGs
[2025-04-22T06:28:45.840+0000] {logging_mixin.py:190} INFO - [2025-04-22T06:28:45.840+0000] {dag.py:4180} INFO - Setting next_dagrun for dataset_alias_example_alias_consumer_with_no_taskflow to None, run_after=None
[2025-04-22T06:28:45.843+0000] {logging_mixin.py:190} INFO - [2025-04-22T06:28:45.843+0000] {dag.py:4180} INFO - Setting next_dagrun for dataset_alias_example_alias_producer_with_no_taskflow to None, run_after=None
[2025-04-22T06:28:45.845+0000] {logging_mixin.py:190} INFO - [2025-04-22T06:28:45.845+0000] {dag.py:4180} INFO - Setting next_dagrun for dataset_s3_bucket_consumer_with_no_taskflow to None, run_after=None
[2025-04-22T06:28:45.846+0000] {logging_mixin.py:190} INFO - [2025-04-22T06:28:45.846+0000] {dag.py:4180} INFO - Setting next_dagrun for dataset_s3_bucket_producer_with_no_taskflow to None, run_after=None
[2025-04-22T06:28:46.025+0000] {processor.py:208} INFO - Processing /home/airflow/.local/lib/python3.9/site-packages/airflow/example_dags/example_dataset_alias_with_no_taskflow.py took 0.553 seconds
[2025-04-22T06:29:16.244+0000] {processor.py:186} INFO - Started process (PID=1119) to work on /home/airflow/.local/lib/python3.9/site-packages/airflow/example_dags/example_dataset_alias_with_no_taskflow.py
[2025-04-22T06:29:16.245+0000] {processor.py:914} INFO - Processing file /home/airflow/.local/lib/python3.9/site-packages/airflow/example_dags/example_dataset_alias_with_no_taskflow.py for tasks to queue
[2025-04-22T06:29:16.249+0000] {logging_mixin.py:190} INFO - [2025-04-22T06:29:16.248+0000] {dagbag.py:588} INFO - Filling up the DagBag from /home/airflow/.local/lib/python3.9/site-packages/airflow/example_dags/example_dataset_alias_with_no_taskflow.py
[2025-04-22T06:29:16.589+0000] {processor.py:925} INFO - DAG(s) 'dataset_s3_bucket_producer_with_no_taskflow', 'dataset_alias_example_alias_producer_with_no_taskflow', 'dataset_alias_example_alias_consumer_with_no_taskflow', 'dataset_s3_bucket_consumer_with_no_taskflow' retrieved from /home/airflow/.local/lib/python3.9/site-packages/airflow/example_dags/example_dataset_alias_with_no_taskflow.py
[2025-04-22T06:29:16.609+0000] {logging_mixin.py:190} INFO - [2025-04-22T06:29:16.609+0000] {dag.py:3239} INFO - Sync 4 DAGs
[2025-04-22T06:29:16.631+0000] {logging_mixin.py:190} INFO - [2025-04-22T06:29:16.630+0000] {dag.py:4180} INFO - Setting next_dagrun for dataset_alias_example_alias_consumer_with_no_taskflow to None, run_after=None
[2025-04-22T06:29:16.633+0000] {logging_mixin.py:190} INFO - [2025-04-22T06:29:16.633+0000] {dag.py:4180} INFO - Setting next_dagrun for dataset_alias_example_alias_producer_with_no_taskflow to None, run_after=None
[2025-04-22T06:29:16.635+0000] {logging_mixin.py:190} INFO - [2025-04-22T06:29:16.635+0000] {dag.py:4180} INFO - Setting next_dagrun for dataset_s3_bucket_consumer_with_no_taskflow to None, run_after=None
[2025-04-22T06:29:16.637+0000] {logging_mixin.py:190} INFO - [2025-04-22T06:29:16.637+0000] {dag.py:4180} INFO - Setting next_dagrun for dataset_s3_bucket_producer_with_no_taskflow to None, run_after=None
[2025-04-22T06:29:16.796+0000] {processor.py:208} INFO - Processing /home/airflow/.local/lib/python3.9/site-packages/airflow/example_dags/example_dataset_alias_with_no_taskflow.py took 0.559 seconds
[2025-04-22T06:29:47.646+0000] {processor.py:186} INFO - Started process (PID=1177) to work on /home/airflow/.local/lib/python3.9/site-packages/airflow/example_dags/example_dataset_alias_with_no_taskflow.py
[2025-04-22T06:29:47.647+0000] {processor.py:914} INFO - Processing file /home/airflow/.local/lib/python3.9/site-packages/airflow/example_dags/example_dataset_alias_with_no_taskflow.py for tasks to queue
[2025-04-22T06:29:47.650+0000] {logging_mixin.py:190} INFO - [2025-04-22T06:29:47.650+0000] {dagbag.py:588} INFO - Filling up the DagBag from /home/airflow/.local/lib/python3.9/site-packages/airflow/example_dags/example_dataset_alias_with_no_taskflow.py
[2025-04-22T06:29:48.111+0000] {processor.py:925} INFO - DAG(s) 'dataset_s3_bucket_consumer_with_no_taskflow', 'dataset_s3_bucket_producer_with_no_taskflow', 'dataset_alias_example_alias_producer_with_no_taskflow', 'dataset_alias_example_alias_consumer_with_no_taskflow' retrieved from /home/airflow/.local/lib/python3.9/site-packages/airflow/example_dags/example_dataset_alias_with_no_taskflow.py
[2025-04-22T06:29:48.134+0000] {logging_mixin.py:190} INFO - [2025-04-22T06:29:48.133+0000] {dag.py:3239} INFO - Sync 4 DAGs
[2025-04-22T06:29:48.156+0000] {logging_mixin.py:190} INFO - [2025-04-22T06:29:48.156+0000] {dag.py:4180} INFO - Setting next_dagrun for dataset_alias_example_alias_consumer_with_no_taskflow to None, run_after=None
[2025-04-22T06:29:48.159+0000] {logging_mixin.py:190} INFO - [2025-04-22T06:29:48.159+0000] {dag.py:4180} INFO - Setting next_dagrun for dataset_alias_example_alias_producer_with_no_taskflow to None, run_after=None
[2025-04-22T06:29:48.161+0000] {logging_mixin.py:190} INFO - [2025-04-22T06:29:48.160+0000] {dag.py:4180} INFO - Setting next_dagrun for dataset_s3_bucket_consumer_with_no_taskflow to None, run_after=None
[2025-04-22T06:29:48.163+0000] {logging_mixin.py:190} INFO - [2025-04-22T06:29:48.162+0000] {dag.py:4180} INFO - Setting next_dagrun for dataset_s3_bucket_producer_with_no_taskflow to None, run_after=None
[2025-04-22T06:29:48.186+0000] {processor.py:208} INFO - Processing /home/airflow/.local/lib/python3.9/site-packages/airflow/example_dags/example_dataset_alias_with_no_taskflow.py took 0.546 seconds
[2025-04-22T06:30:18.593+0000] {processor.py:186} INFO - Started process (PID=1235) to work on /home/airflow/.local/lib/python3.9/site-packages/airflow/example_dags/example_dataset_alias_with_no_taskflow.py
[2025-04-22T06:30:18.594+0000] {processor.py:914} INFO - Processing file /home/airflow/.local/lib/python3.9/site-packages/airflow/example_dags/example_dataset_alias_with_no_taskflow.py for tasks to queue
[2025-04-22T06:30:18.597+0000] {logging_mixin.py:190} INFO - [2025-04-22T06:30:18.597+0000] {dagbag.py:588} INFO - Filling up the DagBag from /home/airflow/.local/lib/python3.9/site-packages/airflow/example_dags/example_dataset_alias_with_no_taskflow.py
[2025-04-22T06:30:19.044+0000] {processor.py:925} INFO - DAG(s) 'dataset_alias_example_alias_producer_with_no_taskflow', 'dataset_s3_bucket_producer_with_no_taskflow', 'dataset_alias_example_alias_consumer_with_no_taskflow', 'dataset_s3_bucket_consumer_with_no_taskflow' retrieved from /home/airflow/.local/lib/python3.9/site-packages/airflow/example_dags/example_dataset_alias_with_no_taskflow.py
[2025-04-22T06:30:19.069+0000] {logging_mixin.py:190} INFO - [2025-04-22T06:30:19.068+0000] {dag.py:3239} INFO - Sync 4 DAGs
[2025-04-22T06:30:19.091+0000] {logging_mixin.py:190} INFO - [2025-04-22T06:30:19.091+0000] {dag.py:4180} INFO - Setting next_dagrun for dataset_alias_example_alias_consumer_with_no_taskflow to None, run_after=None
[2025-04-22T06:30:19.094+0000] {logging_mixin.py:190} INFO - [2025-04-22T06:30:19.094+0000] {dag.py:4180} INFO - Setting next_dagrun for dataset_alias_example_alias_producer_with_no_taskflow to None, run_after=None
[2025-04-22T06:30:19.096+0000] {logging_mixin.py:190} INFO - [2025-04-22T06:30:19.095+0000] {dag.py:4180} INFO - Setting next_dagrun for dataset_s3_bucket_consumer_with_no_taskflow to None, run_after=None
[2025-04-22T06:30:19.097+0000] {logging_mixin.py:190} INFO - [2025-04-22T06:30:19.097+0000] {dag.py:4180} INFO - Setting next_dagrun for dataset_s3_bucket_producer_with_no_taskflow to None, run_after=None
[2025-04-22T06:30:19.118+0000] {processor.py:208} INFO - Processing /home/airflow/.local/lib/python3.9/site-packages/airflow/example_dags/example_dataset_alias_with_no_taskflow.py took 0.532 seconds
[2025-04-22T06:30:49.335+0000] {processor.py:186} INFO - Started process (PID=1293) to work on /home/airflow/.local/lib/python3.9/site-packages/airflow/example_dags/example_dataset_alias_with_no_taskflow.py
[2025-04-22T06:30:49.336+0000] {processor.py:914} INFO - Processing file /home/airflow/.local/lib/python3.9/site-packages/airflow/example_dags/example_dataset_alias_with_no_taskflow.py for tasks to queue
[2025-04-22T06:30:49.340+0000] {logging_mixin.py:190} INFO - [2025-04-22T06:30:49.340+0000] {dagbag.py:588} INFO - Filling up the DagBag from /home/airflow/.local/lib/python3.9/site-packages/airflow/example_dags/example_dataset_alias_with_no_taskflow.py
[2025-04-22T06:30:49.928+0000] {processor.py:925} INFO - DAG(s) 'dataset_alias_example_alias_producer_with_no_taskflow', 'dataset_alias_example_alias_consumer_with_no_taskflow', 'dataset_s3_bucket_producer_with_no_taskflow', 'dataset_s3_bucket_consumer_with_no_taskflow' retrieved from /home/airflow/.local/lib/python3.9/site-packages/airflow/example_dags/example_dataset_alias_with_no_taskflow.py
[2025-04-22T06:30:50.140+0000] {logging_mixin.py:190} INFO - [2025-04-22T06:30:50.140+0000] {dag.py:3239} INFO - Sync 4 DAGs
[2025-04-22T06:30:50.172+0000] {logging_mixin.py:190} INFO - [2025-04-22T06:30:50.172+0000] {dag.py:4180} INFO - Setting next_dagrun for dataset_alias_example_alias_consumer_with_no_taskflow to None, run_after=None
[2025-04-22T06:30:50.183+0000] {logging_mixin.py:190} INFO - [2025-04-22T06:30:50.183+0000] {dag.py:4180} INFO - Setting next_dagrun for dataset_alias_example_alias_producer_with_no_taskflow to None, run_after=None
[2025-04-22T06:30:50.201+0000] {logging_mixin.py:190} INFO - [2025-04-22T06:30:50.200+0000] {dag.py:4180} INFO - Setting next_dagrun for dataset_s3_bucket_consumer_with_no_taskflow to None, run_after=None
[2025-04-22T06:30:50.204+0000] {logging_mixin.py:190} INFO - [2025-04-22T06:30:50.203+0000] {dag.py:4180} INFO - Setting next_dagrun for dataset_s3_bucket_producer_with_no_taskflow to None, run_after=None
[2025-04-22T06:30:50.240+0000] {processor.py:208} INFO - Processing /home/airflow/.local/lib/python3.9/site-packages/airflow/example_dags/example_dataset_alias_with_no_taskflow.py took 0.916 seconds
[2025-04-22T06:31:20.770+0000] {processor.py:186} INFO - Started process (PID=1351) to work on /home/airflow/.local/lib/python3.9/site-packages/airflow/example_dags/example_dataset_alias_with_no_taskflow.py
[2025-04-22T06:31:20.771+0000] {processor.py:914} INFO - Processing file /home/airflow/.local/lib/python3.9/site-packages/airflow/example_dags/example_dataset_alias_with_no_taskflow.py for tasks to queue
[2025-04-22T06:31:20.773+0000] {logging_mixin.py:190} INFO - [2025-04-22T06:31:20.772+0000] {dagbag.py:588} INFO - Filling up the DagBag from /home/airflow/.local/lib/python3.9/site-packages/airflow/example_dags/example_dataset_alias_with_no_taskflow.py
[2025-04-22T06:31:21.086+0000] {processor.py:925} INFO - DAG(s) 'dataset_alias_example_alias_consumer_with_no_taskflow', 'dataset_s3_bucket_consumer_with_no_taskflow', 'dataset_alias_example_alias_producer_with_no_taskflow', 'dataset_s3_bucket_producer_with_no_taskflow' retrieved from /home/airflow/.local/lib/python3.9/site-packages/airflow/example_dags/example_dataset_alias_with_no_taskflow.py
[2025-04-22T06:31:21.245+0000] {logging_mixin.py:190} INFO - [2025-04-22T06:31:21.244+0000] {dag.py:3239} INFO - Sync 4 DAGs
[2025-04-22T06:31:21.269+0000] {logging_mixin.py:190} INFO - [2025-04-22T06:31:21.268+0000] {dag.py:4180} INFO - Setting next_dagrun for dataset_alias_example_alias_consumer_with_no_taskflow to None, run_after=None
[2025-04-22T06:31:21.272+0000] {logging_mixin.py:190} INFO - [2025-04-22T06:31:21.272+0000] {dag.py:4180} INFO - Setting next_dagrun for dataset_alias_example_alias_producer_with_no_taskflow to None, run_after=None
[2025-04-22T06:31:21.274+0000] {logging_mixin.py:190} INFO - [2025-04-22T06:31:21.274+0000] {dag.py:4180} INFO - Setting next_dagrun for dataset_s3_bucket_consumer_with_no_taskflow to None, run_after=None
[2025-04-22T06:31:21.275+0000] {logging_mixin.py:190} INFO - [2025-04-22T06:31:21.275+0000] {dag.py:4180} INFO - Setting next_dagrun for dataset_s3_bucket_producer_with_no_taskflow to None, run_after=None
[2025-04-22T06:31:21.299+0000] {processor.py:208} INFO - Processing /home/airflow/.local/lib/python3.9/site-packages/airflow/example_dags/example_dataset_alias_with_no_taskflow.py took 0.536 seconds
[2025-04-22T06:31:51.534+0000] {processor.py:186} INFO - Started process (PID=1409) to work on /home/airflow/.local/lib/python3.9/site-packages/airflow/example_dags/example_dataset_alias_with_no_taskflow.py
[2025-04-22T06:31:51.535+0000] {processor.py:914} INFO - Processing file /home/airflow/.local/lib/python3.9/site-packages/airflow/example_dags/example_dataset_alias_with_no_taskflow.py for tasks to queue
[2025-04-22T06:31:51.538+0000] {logging_mixin.py:190} INFO - [2025-04-22T06:31:51.537+0000] {dagbag.py:588} INFO - Filling up the DagBag from /home/airflow/.local/lib/python3.9/site-packages/airflow/example_dags/example_dataset_alias_with_no_taskflow.py
[2025-04-22T06:31:51.848+0000] {processor.py:925} INFO - DAG(s) 'dataset_alias_example_alias_consumer_with_no_taskflow', 'dataset_s3_bucket_producer_with_no_taskflow', 'dataset_s3_bucket_consumer_with_no_taskflow', 'dataset_alias_example_alias_producer_with_no_taskflow' retrieved from /home/airflow/.local/lib/python3.9/site-packages/airflow/example_dags/example_dataset_alias_with_no_taskflow.py
[2025-04-22T06:31:52.017+0000] {logging_mixin.py:190} INFO - [2025-04-22T06:31:52.017+0000] {dag.py:3239} INFO - Sync 4 DAGs
[2025-04-22T06:31:52.040+0000] {logging_mixin.py:190} INFO - [2025-04-22T06:31:52.040+0000] {dag.py:4180} INFO - Setting next_dagrun for dataset_alias_example_alias_consumer_with_no_taskflow to None, run_after=None
[2025-04-22T06:31:52.043+0000] {logging_mixin.py:190} INFO - [2025-04-22T06:31:52.043+0000] {dag.py:4180} INFO - Setting next_dagrun for dataset_alias_example_alias_producer_with_no_taskflow to None, run_after=None
[2025-04-22T06:31:52.045+0000] {logging_mixin.py:190} INFO - [2025-04-22T06:31:52.045+0000] {dag.py:4180} INFO - Setting next_dagrun for dataset_s3_bucket_consumer_with_no_taskflow to None, run_after=None
[2025-04-22T06:31:52.047+0000] {logging_mixin.py:190} INFO - [2025-04-22T06:31:52.047+0000] {dag.py:4180} INFO - Setting next_dagrun for dataset_s3_bucket_producer_with_no_taskflow to None, run_after=None
[2025-04-22T06:31:52.068+0000] {processor.py:208} INFO - Processing /home/airflow/.local/lib/python3.9/site-packages/airflow/example_dags/example_dataset_alias_with_no_taskflow.py took 0.540 seconds
[2025-04-22T06:32:22.446+0000] {processor.py:186} INFO - Started process (PID=1467) to work on /home/airflow/.local/lib/python3.9/site-packages/airflow/example_dags/example_dataset_alias_with_no_taskflow.py
[2025-04-22T06:32:22.452+0000] {processor.py:914} INFO - Processing file /home/airflow/.local/lib/python3.9/site-packages/airflow/example_dags/example_dataset_alias_with_no_taskflow.py for tasks to queue
[2025-04-22T06:32:22.455+0000] {logging_mixin.py:190} INFO - [2025-04-22T06:32:22.455+0000] {dagbag.py:588} INFO - Filling up the DagBag from /home/airflow/.local/lib/python3.9/site-packages/airflow/example_dags/example_dataset_alias_with_no_taskflow.py
[2025-04-22T06:32:23.825+0000] {processor.py:925} INFO - DAG(s) 'dataset_s3_bucket_producer_with_no_taskflow', 'dataset_s3_bucket_consumer_with_no_taskflow', 'dataset_alias_example_alias_producer_with_no_taskflow', 'dataset_alias_example_alias_consumer_with_no_taskflow' retrieved from /home/airflow/.local/lib/python3.9/site-packages/airflow/example_dags/example_dataset_alias_with_no_taskflow.py
[2025-04-22T06:32:23.910+0000] {logging_mixin.py:190} INFO - [2025-04-22T06:32:23.909+0000] {dag.py:3239} INFO - Sync 4 DAGs
[2025-04-22T06:32:23.974+0000] {logging_mixin.py:190} INFO - [2025-04-22T06:32:23.973+0000] {dag.py:4180} INFO - Setting next_dagrun for dataset_alias_example_alias_consumer_with_no_taskflow to None, run_after=None
[2025-04-22T06:32:23.992+0000] {logging_mixin.py:190} INFO - [2025-04-22T06:32:23.992+0000] {dag.py:4180} INFO - Setting next_dagrun for dataset_alias_example_alias_producer_with_no_taskflow to None, run_after=None
[2025-04-22T06:32:23.998+0000] {logging_mixin.py:190} INFO - [2025-04-22T06:32:23.997+0000] {dag.py:4180} INFO - Setting next_dagrun for dataset_s3_bucket_consumer_with_no_taskflow to None, run_after=None
[2025-04-22T06:32:24.001+0000] {logging_mixin.py:190} INFO - [2025-04-22T06:32:24.000+0000] {dag.py:4180} INFO - Setting next_dagrun for dataset_s3_bucket_producer_with_no_taskflow to None, run_after=None
[2025-04-22T06:32:24.064+0000] {processor.py:208} INFO - Processing /home/airflow/.local/lib/python3.9/site-packages/airflow/example_dags/example_dataset_alias_with_no_taskflow.py took 1.632 seconds
