[2025-04-22T06:19:55.858+0000] {processor.py:186} INFO - Started process (PID=44) to work on /home/airflow/.local/lib/python3.9/site-packages/airflow/example_dags/example_task_group_decorator.py
[2025-04-22T06:19:55.859+0000] {processor.py:914} INFO - Processing file /home/airflow/.local/lib/python3.9/site-packages/airflow/example_dags/example_task_group_decorator.py for tasks to queue
[2025-04-22T06:19:55.865+0000] {logging_mixin.py:190} INFO - [2025-04-22T06:19:55.864+0000] {dagbag.py:588} INFO - Filling up the DagBag from /home/airflow/.local/lib/python3.9/site-packages/airflow/example_dags/example_task_group_decorator.py
[2025-04-22T06:19:55.894+0000] {processor.py:925} INFO - DAG(s) 'example_task_group_decorator' retrieved from /home/airflow/.local/lib/python3.9/site-packages/airflow/example_dags/example_task_group_decorator.py
[2025-04-22T06:19:55.961+0000] {logging_mixin.py:190} INFO - [2025-04-22T06:19:55.960+0000] {dag.py:3239} INFO - Sync 1 DAGs
[2025-04-22T06:19:55.986+0000] {logging_mixin.py:190} INFO - [2025-04-22T06:19:55.985+0000] {dag.py:4180} INFO - Setting next_dagrun for example_task_group_decorator to None, run_after=None
[2025-04-22T06:19:56.013+0000] {processor.py:208} INFO - Processing /home/airflow/.local/lib/python3.9/site-packages/airflow/example_dags/example_task_group_decorator.py took 0.166 seconds
[2025-04-22T06:20:26.261+0000] {processor.py:186} INFO - Started process (PID=102) to work on /home/airflow/.local/lib/python3.9/site-packages/airflow/example_dags/example_task_group_decorator.py
[2025-04-22T06:20:26.263+0000] {processor.py:914} INFO - Processing file /home/airflow/.local/lib/python3.9/site-packages/airflow/example_dags/example_task_group_decorator.py for tasks to queue
[2025-04-22T06:20:26.266+0000] {logging_mixin.py:190} INFO - [2025-04-22T06:20:26.266+0000] {dagbag.py:588} INFO - Filling up the DagBag from /home/airflow/.local/lib/python3.9/site-packages/airflow/example_dags/example_task_group_decorator.py
[2025-04-22T06:20:26.298+0000] {processor.py:925} INFO - DAG(s) 'example_task_group_decorator' retrieved from /home/airflow/.local/lib/python3.9/site-packages/airflow/example_dags/example_task_group_decorator.py
[2025-04-22T06:20:26.335+0000] {logging_mixin.py:190} INFO - [2025-04-22T06:20:26.334+0000] {dag.py:3239} INFO - Sync 1 DAGs
[2025-04-22T06:20:26.354+0000] {logging_mixin.py:190} INFO - [2025-04-22T06:20:26.354+0000] {dag.py:4180} INFO - Setting next_dagrun for example_task_group_decorator to None, run_after=None
[2025-04-22T06:20:26.599+0000] {processor.py:208} INFO - Processing /home/airflow/.local/lib/python3.9/site-packages/airflow/example_dags/example_task_group_decorator.py took 0.348 seconds
[2025-04-22T06:20:57.169+0000] {processor.py:186} INFO - Started process (PID=160) to work on /home/airflow/.local/lib/python3.9/site-packages/airflow/example_dags/example_task_group_decorator.py
[2025-04-22T06:20:57.170+0000] {processor.py:914} INFO - Processing file /home/airflow/.local/lib/python3.9/site-packages/airflow/example_dags/example_task_group_decorator.py for tasks to queue
[2025-04-22T06:20:57.174+0000] {logging_mixin.py:190} INFO - [2025-04-22T06:20:57.173+0000] {dagbag.py:588} INFO - Filling up the DagBag from /home/airflow/.local/lib/python3.9/site-packages/airflow/example_dags/example_task_group_decorator.py
[2025-04-22T06:20:57.192+0000] {processor.py:925} INFO - DAG(s) 'example_task_group_decorator' retrieved from /home/airflow/.local/lib/python3.9/site-packages/airflow/example_dags/example_task_group_decorator.py
[2025-04-22T06:20:57.228+0000] {logging_mixin.py:190} INFO - [2025-04-22T06:20:57.227+0000] {dag.py:3239} INFO - Sync 1 DAGs
[2025-04-22T06:20:57.247+0000] {logging_mixin.py:190} INFO - [2025-04-22T06:20:57.247+0000] {dag.py:4180} INFO - Setting next_dagrun for example_task_group_decorator to None, run_after=None
[2025-04-22T06:20:57.269+0000] {processor.py:208} INFO - Processing /home/airflow/.local/lib/python3.9/site-packages/airflow/example_dags/example_task_group_decorator.py took 0.107 seconds
[2025-04-22T06:21:28.137+0000] {processor.py:186} INFO - Started process (PID=218) to work on /home/airflow/.local/lib/python3.9/site-packages/airflow/example_dags/example_task_group_decorator.py
[2025-04-22T06:21:28.138+0000] {processor.py:914} INFO - Processing file /home/airflow/.local/lib/python3.9/site-packages/airflow/example_dags/example_task_group_decorator.py for tasks to queue
[2025-04-22T06:21:28.141+0000] {logging_mixin.py:190} INFO - [2025-04-22T06:21:28.141+0000] {dagbag.py:588} INFO - Filling up the DagBag from /home/airflow/.local/lib/python3.9/site-packages/airflow/example_dags/example_task_group_decorator.py
[2025-04-22T06:21:28.162+0000] {processor.py:925} INFO - DAG(s) 'example_task_group_decorator' retrieved from /home/airflow/.local/lib/python3.9/site-packages/airflow/example_dags/example_task_group_decorator.py
[2025-04-22T06:21:28.195+0000] {logging_mixin.py:190} INFO - [2025-04-22T06:21:28.195+0000] {dag.py:3239} INFO - Sync 1 DAGs
[2025-04-22T06:21:28.213+0000] {logging_mixin.py:190} INFO - [2025-04-22T06:21:28.212+0000] {dag.py:4180} INFO - Setting next_dagrun for example_task_group_decorator to None, run_after=None
[2025-04-22T06:21:28.234+0000] {processor.py:208} INFO - Processing /home/airflow/.local/lib/python3.9/site-packages/airflow/example_dags/example_task_group_decorator.py took 0.105 seconds
[2025-04-22T06:21:58.407+0000] {processor.py:186} INFO - Started process (PID=276) to work on /home/airflow/.local/lib/python3.9/site-packages/airflow/example_dags/example_task_group_decorator.py
[2025-04-22T06:21:58.409+0000] {processor.py:914} INFO - Processing file /home/airflow/.local/lib/python3.9/site-packages/airflow/example_dags/example_task_group_decorator.py for tasks to queue
[2025-04-22T06:21:58.412+0000] {logging_mixin.py:190} INFO - [2025-04-22T06:21:58.412+0000] {dagbag.py:588} INFO - Filling up the DagBag from /home/airflow/.local/lib/python3.9/site-packages/airflow/example_dags/example_task_group_decorator.py
[2025-04-22T06:21:58.433+0000] {processor.py:925} INFO - DAG(s) 'example_task_group_decorator' retrieved from /home/airflow/.local/lib/python3.9/site-packages/airflow/example_dags/example_task_group_decorator.py
[2025-04-22T06:21:58.467+0000] {logging_mixin.py:190} INFO - [2025-04-22T06:21:58.467+0000] {dag.py:3239} INFO - Sync 1 DAGs
[2025-04-22T06:21:58.483+0000] {logging_mixin.py:190} INFO - [2025-04-22T06:21:58.482+0000] {dag.py:4180} INFO - Setting next_dagrun for example_task_group_decorator to None, run_after=None
[2025-04-22T06:21:58.508+0000] {processor.py:208} INFO - Processing /home/airflow/.local/lib/python3.9/site-packages/airflow/example_dags/example_task_group_decorator.py took 0.110 seconds
[2025-04-22T06:22:29.342+0000] {processor.py:186} INFO - Started process (PID=334) to work on /home/airflow/.local/lib/python3.9/site-packages/airflow/example_dags/example_task_group_decorator.py
[2025-04-22T06:22:29.343+0000] {processor.py:914} INFO - Processing file /home/airflow/.local/lib/python3.9/site-packages/airflow/example_dags/example_task_group_decorator.py for tasks to queue
[2025-04-22T06:22:29.346+0000] {logging_mixin.py:190} INFO - [2025-04-22T06:22:29.346+0000] {dagbag.py:588} INFO - Filling up the DagBag from /home/airflow/.local/lib/python3.9/site-packages/airflow/example_dags/example_task_group_decorator.py
[2025-04-22T06:22:29.369+0000] {processor.py:925} INFO - DAG(s) 'example_task_group_decorator' retrieved from /home/airflow/.local/lib/python3.9/site-packages/airflow/example_dags/example_task_group_decorator.py
[2025-04-22T06:22:29.408+0000] {logging_mixin.py:190} INFO - [2025-04-22T06:22:29.407+0000] {dag.py:3239} INFO - Sync 1 DAGs
[2025-04-22T06:22:29.429+0000] {logging_mixin.py:190} INFO - [2025-04-22T06:22:29.429+0000] {dag.py:4180} INFO - Setting next_dagrun for example_task_group_decorator to None, run_after=None
[2025-04-22T06:22:29.455+0000] {processor.py:208} INFO - Processing /home/airflow/.local/lib/python3.9/site-packages/airflow/example_dags/example_task_group_decorator.py took 0.121 seconds
[2025-04-22T06:22:59.534+0000] {processor.py:186} INFO - Started process (PID=392) to work on /home/airflow/.local/lib/python3.9/site-packages/airflow/example_dags/example_task_group_decorator.py
[2025-04-22T06:22:59.535+0000] {processor.py:914} INFO - Processing file /home/airflow/.local/lib/python3.9/site-packages/airflow/example_dags/example_task_group_decorator.py for tasks to queue
[2025-04-22T06:22:59.539+0000] {logging_mixin.py:190} INFO - [2025-04-22T06:22:59.538+0000] {dagbag.py:588} INFO - Filling up the DagBag from /home/airflow/.local/lib/python3.9/site-packages/airflow/example_dags/example_task_group_decorator.py
[2025-04-22T06:22:59.557+0000] {processor.py:925} INFO - DAG(s) 'example_task_group_decorator' retrieved from /home/airflow/.local/lib/python3.9/site-packages/airflow/example_dags/example_task_group_decorator.py
[2025-04-22T06:22:59.583+0000] {logging_mixin.py:190} INFO - [2025-04-22T06:22:59.583+0000] {dag.py:3239} INFO - Sync 1 DAGs
[2025-04-22T06:22:59.599+0000] {logging_mixin.py:190} INFO - [2025-04-22T06:22:59.599+0000] {dag.py:4180} INFO - Setting next_dagrun for example_task_group_decorator to None, run_after=None
[2025-04-22T06:22:59.625+0000] {processor.py:208} INFO - Processing /home/airflow/.local/lib/python3.9/site-packages/airflow/example_dags/example_task_group_decorator.py took 0.098 seconds
[2025-04-22T06:23:29.733+0000] {processor.py:186} INFO - Started process (PID=450) to work on /home/airflow/.local/lib/python3.9/site-packages/airflow/example_dags/example_task_group_decorator.py
[2025-04-22T06:23:29.734+0000] {processor.py:914} INFO - Processing file /home/airflow/.local/lib/python3.9/site-packages/airflow/example_dags/example_task_group_decorator.py for tasks to queue
[2025-04-22T06:23:29.736+0000] {logging_mixin.py:190} INFO - [2025-04-22T06:23:29.736+0000] {dagbag.py:588} INFO - Filling up the DagBag from /home/airflow/.local/lib/python3.9/site-packages/airflow/example_dags/example_task_group_decorator.py
[2025-04-22T06:23:29.753+0000] {processor.py:925} INFO - DAG(s) 'example_task_group_decorator' retrieved from /home/airflow/.local/lib/python3.9/site-packages/airflow/example_dags/example_task_group_decorator.py
[2025-04-22T06:23:29.777+0000] {logging_mixin.py:190} INFO - [2025-04-22T06:23:29.777+0000] {dag.py:3239} INFO - Sync 1 DAGs
[2025-04-22T06:23:29.791+0000] {logging_mixin.py:190} INFO - [2025-04-22T06:23:29.791+0000] {dag.py:4180} INFO - Setting next_dagrun for example_task_group_decorator to None, run_after=None
[2025-04-22T06:23:29.810+0000] {processor.py:208} INFO - Processing /home/airflow/.local/lib/python3.9/site-packages/airflow/example_dags/example_task_group_decorator.py took 0.083 seconds
[2025-04-22T06:24:00.672+0000] {processor.py:186} INFO - Started process (PID=508) to work on /home/airflow/.local/lib/python3.9/site-packages/airflow/example_dags/example_task_group_decorator.py
[2025-04-22T06:24:00.673+0000] {processor.py:914} INFO - Processing file /home/airflow/.local/lib/python3.9/site-packages/airflow/example_dags/example_task_group_decorator.py for tasks to queue
[2025-04-22T06:24:00.676+0000] {logging_mixin.py:190} INFO - [2025-04-22T06:24:00.676+0000] {dagbag.py:588} INFO - Filling up the DagBag from /home/airflow/.local/lib/python3.9/site-packages/airflow/example_dags/example_task_group_decorator.py
[2025-04-22T06:24:00.691+0000] {processor.py:925} INFO - DAG(s) 'example_task_group_decorator' retrieved from /home/airflow/.local/lib/python3.9/site-packages/airflow/example_dags/example_task_group_decorator.py
[2025-04-22T06:24:00.717+0000] {logging_mixin.py:190} INFO - [2025-04-22T06:24:00.717+0000] {dag.py:3239} INFO - Sync 1 DAGs
[2025-04-22T06:24:00.731+0000] {logging_mixin.py:190} INFO - [2025-04-22T06:24:00.731+0000] {dag.py:4180} INFO - Setting next_dagrun for example_task_group_decorator to None, run_after=None
[2025-04-22T06:24:00.749+0000] {processor.py:208} INFO - Processing /home/airflow/.local/lib/python3.9/site-packages/airflow/example_dags/example_task_group_decorator.py took 0.083 seconds
[2025-04-22T06:24:30.835+0000] {processor.py:186} INFO - Started process (PID=566) to work on /home/airflow/.local/lib/python3.9/site-packages/airflow/example_dags/example_task_group_decorator.py
[2025-04-22T06:24:30.836+0000] {processor.py:914} INFO - Processing file /home/airflow/.local/lib/python3.9/site-packages/airflow/example_dags/example_task_group_decorator.py for tasks to queue
[2025-04-22T06:24:30.838+0000] {logging_mixin.py:190} INFO - [2025-04-22T06:24:30.838+0000] {dagbag.py:588} INFO - Filling up the DagBag from /home/airflow/.local/lib/python3.9/site-packages/airflow/example_dags/example_task_group_decorator.py
[2025-04-22T06:24:30.853+0000] {processor.py:925} INFO - DAG(s) 'example_task_group_decorator' retrieved from /home/airflow/.local/lib/python3.9/site-packages/airflow/example_dags/example_task_group_decorator.py
[2025-04-22T06:24:30.878+0000] {logging_mixin.py:190} INFO - [2025-04-22T06:24:30.878+0000] {dag.py:3239} INFO - Sync 1 DAGs
[2025-04-22T06:24:30.893+0000] {logging_mixin.py:190} INFO - [2025-04-22T06:24:30.893+0000] {dag.py:4180} INFO - Setting next_dagrun for example_task_group_decorator to None, run_after=None
[2025-04-22T06:24:30.910+0000] {processor.py:208} INFO - Processing /home/airflow/.local/lib/python3.9/site-packages/airflow/example_dags/example_task_group_decorator.py took 0.081 seconds
[2025-04-22T06:25:01.466+0000] {processor.py:186} INFO - Started process (PID=624) to work on /home/airflow/.local/lib/python3.9/site-packages/airflow/example_dags/example_task_group_decorator.py
[2025-04-22T06:25:01.466+0000] {processor.py:914} INFO - Processing file /home/airflow/.local/lib/python3.9/site-packages/airflow/example_dags/example_task_group_decorator.py for tasks to queue
[2025-04-22T06:25:01.469+0000] {logging_mixin.py:190} INFO - [2025-04-22T06:25:01.469+0000] {dagbag.py:588} INFO - Filling up the DagBag from /home/airflow/.local/lib/python3.9/site-packages/airflow/example_dags/example_task_group_decorator.py
[2025-04-22T06:25:01.484+0000] {processor.py:925} INFO - DAG(s) 'example_task_group_decorator' retrieved from /home/airflow/.local/lib/python3.9/site-packages/airflow/example_dags/example_task_group_decorator.py
[2025-04-22T06:25:01.508+0000] {logging_mixin.py:190} INFO - [2025-04-22T06:25:01.508+0000] {dag.py:3239} INFO - Sync 1 DAGs
[2025-04-22T06:25:01.523+0000] {logging_mixin.py:190} INFO - [2025-04-22T06:25:01.523+0000] {dag.py:4180} INFO - Setting next_dagrun for example_task_group_decorator to None, run_after=None
[2025-04-22T06:25:01.539+0000] {processor.py:208} INFO - Processing /home/airflow/.local/lib/python3.9/site-packages/airflow/example_dags/example_task_group_decorator.py took 0.080 seconds
[2025-04-22T06:25:31.648+0000] {processor.py:186} INFO - Started process (PID=682) to work on /home/airflow/.local/lib/python3.9/site-packages/airflow/example_dags/example_task_group_decorator.py
[2025-04-22T06:25:31.649+0000] {processor.py:914} INFO - Processing file /home/airflow/.local/lib/python3.9/site-packages/airflow/example_dags/example_task_group_decorator.py for tasks to queue
[2025-04-22T06:25:31.652+0000] {logging_mixin.py:190} INFO - [2025-04-22T06:25:31.651+0000] {dagbag.py:588} INFO - Filling up the DagBag from /home/airflow/.local/lib/python3.9/site-packages/airflow/example_dags/example_task_group_decorator.py
[2025-04-22T06:25:31.671+0000] {processor.py:925} INFO - DAG(s) 'example_task_group_decorator' retrieved from /home/airflow/.local/lib/python3.9/site-packages/airflow/example_dags/example_task_group_decorator.py
[2025-04-22T06:25:31.697+0000] {logging_mixin.py:190} INFO - [2025-04-22T06:25:31.697+0000] {dag.py:3239} INFO - Sync 1 DAGs
[2025-04-22T06:25:31.714+0000] {logging_mixin.py:190} INFO - [2025-04-22T06:25:31.713+0000] {dag.py:4180} INFO - Setting next_dagrun for example_task_group_decorator to None, run_after=None
[2025-04-22T06:25:31.735+0000] {processor.py:208} INFO - Processing /home/airflow/.local/lib/python3.9/site-packages/airflow/example_dags/example_task_group_decorator.py took 0.093 seconds
[2025-04-22T06:26:02.430+0000] {processor.py:186} INFO - Started process (PID=740) to work on /home/airflow/.local/lib/python3.9/site-packages/airflow/example_dags/example_task_group_decorator.py
[2025-04-22T06:26:02.431+0000] {processor.py:914} INFO - Processing file /home/airflow/.local/lib/python3.9/site-packages/airflow/example_dags/example_task_group_decorator.py for tasks to queue
[2025-04-22T06:26:02.434+0000] {logging_mixin.py:190} INFO - [2025-04-22T06:26:02.434+0000] {dagbag.py:588} INFO - Filling up the DagBag from /home/airflow/.local/lib/python3.9/site-packages/airflow/example_dags/example_task_group_decorator.py
[2025-04-22T06:26:02.449+0000] {processor.py:925} INFO - DAG(s) 'example_task_group_decorator' retrieved from /home/airflow/.local/lib/python3.9/site-packages/airflow/example_dags/example_task_group_decorator.py
[2025-04-22T06:26:02.473+0000] {logging_mixin.py:190} INFO - [2025-04-22T06:26:02.473+0000] {dag.py:3239} INFO - Sync 1 DAGs
[2025-04-22T06:26:02.489+0000] {logging_mixin.py:190} INFO - [2025-04-22T06:26:02.489+0000] {dag.py:4180} INFO - Setting next_dagrun for example_task_group_decorator to None, run_after=None
[2025-04-22T06:26:02.511+0000] {processor.py:208} INFO - Processing /home/airflow/.local/lib/python3.9/site-packages/airflow/example_dags/example_task_group_decorator.py took 0.087 seconds
[2025-04-22T06:26:33.138+0000] {processor.py:186} INFO - Started process (PID=798) to work on /home/airflow/.local/lib/python3.9/site-packages/airflow/example_dags/example_task_group_decorator.py
[2025-04-22T06:26:33.139+0000] {processor.py:914} INFO - Processing file /home/airflow/.local/lib/python3.9/site-packages/airflow/example_dags/example_task_group_decorator.py for tasks to queue
[2025-04-22T06:26:33.141+0000] {logging_mixin.py:190} INFO - [2025-04-22T06:26:33.141+0000] {dagbag.py:588} INFO - Filling up the DagBag from /home/airflow/.local/lib/python3.9/site-packages/airflow/example_dags/example_task_group_decorator.py
[2025-04-22T06:26:33.156+0000] {processor.py:925} INFO - DAG(s) 'example_task_group_decorator' retrieved from /home/airflow/.local/lib/python3.9/site-packages/airflow/example_dags/example_task_group_decorator.py
[2025-04-22T06:26:33.180+0000] {logging_mixin.py:190} INFO - [2025-04-22T06:26:33.180+0000] {dag.py:3239} INFO - Sync 1 DAGs
[2025-04-22T06:26:33.195+0000] {logging_mixin.py:190} INFO - [2025-04-22T06:26:33.195+0000] {dag.py:4180} INFO - Setting next_dagrun for example_task_group_decorator to None, run_after=None
[2025-04-22T06:26:33.212+0000] {processor.py:208} INFO - Processing /home/airflow/.local/lib/python3.9/site-packages/airflow/example_dags/example_task_group_decorator.py took 0.081 seconds
[2025-04-22T06:27:03.654+0000] {processor.py:186} INFO - Started process (PID=856) to work on /home/airflow/.local/lib/python3.9/site-packages/airflow/example_dags/example_task_group_decorator.py
[2025-04-22T06:27:03.655+0000] {processor.py:914} INFO - Processing file /home/airflow/.local/lib/python3.9/site-packages/airflow/example_dags/example_task_group_decorator.py for tasks to queue
[2025-04-22T06:27:03.657+0000] {logging_mixin.py:190} INFO - [2025-04-22T06:27:03.657+0000] {dagbag.py:588} INFO - Filling up the DagBag from /home/airflow/.local/lib/python3.9/site-packages/airflow/example_dags/example_task_group_decorator.py
[2025-04-22T06:27:03.673+0000] {processor.py:925} INFO - DAG(s) 'example_task_group_decorator' retrieved from /home/airflow/.local/lib/python3.9/site-packages/airflow/example_dags/example_task_group_decorator.py
[2025-04-22T06:27:03.697+0000] {logging_mixin.py:190} INFO - [2025-04-22T06:27:03.697+0000] {dag.py:3239} INFO - Sync 1 DAGs
[2025-04-22T06:27:03.712+0000] {logging_mixin.py:190} INFO - [2025-04-22T06:27:03.712+0000] {dag.py:4180} INFO - Setting next_dagrun for example_task_group_decorator to None, run_after=None
[2025-04-22T06:27:03.729+0000] {processor.py:208} INFO - Processing /home/airflow/.local/lib/python3.9/site-packages/airflow/example_dags/example_task_group_decorator.py took 0.082 seconds
[2025-04-22T06:27:33.998+0000] {processor.py:186} INFO - Started process (PID=914) to work on /home/airflow/.local/lib/python3.9/site-packages/airflow/example_dags/example_task_group_decorator.py
[2025-04-22T06:27:33.999+0000] {processor.py:914} INFO - Processing file /home/airflow/.local/lib/python3.9/site-packages/airflow/example_dags/example_task_group_decorator.py for tasks to queue
[2025-04-22T06:27:34.002+0000] {logging_mixin.py:190} INFO - [2025-04-22T06:27:34.002+0000] {dagbag.py:588} INFO - Filling up the DagBag from /home/airflow/.local/lib/python3.9/site-packages/airflow/example_dags/example_task_group_decorator.py
[2025-04-22T06:27:34.019+0000] {processor.py:925} INFO - DAG(s) 'example_task_group_decorator' retrieved from /home/airflow/.local/lib/python3.9/site-packages/airflow/example_dags/example_task_group_decorator.py
[2025-04-22T06:27:34.047+0000] {logging_mixin.py:190} INFO - [2025-04-22T06:27:34.047+0000] {dag.py:3239} INFO - Sync 1 DAGs
[2025-04-22T06:27:34.063+0000] {logging_mixin.py:190} INFO - [2025-04-22T06:27:34.063+0000] {dag.py:4180} INFO - Setting next_dagrun for example_task_group_decorator to None, run_after=None
[2025-04-22T06:27:34.081+0000] {processor.py:208} INFO - Processing /home/airflow/.local/lib/python3.9/site-packages/airflow/example_dags/example_task_group_decorator.py took 0.090 seconds
[2025-04-22T06:28:04.701+0000] {processor.py:186} INFO - Started process (PID=972) to work on /home/airflow/.local/lib/python3.9/site-packages/airflow/example_dags/example_task_group_decorator.py
[2025-04-22T06:28:04.702+0000] {processor.py:914} INFO - Processing file /home/airflow/.local/lib/python3.9/site-packages/airflow/example_dags/example_task_group_decorator.py for tasks to queue
[2025-04-22T06:28:04.705+0000] {logging_mixin.py:190} INFO - [2025-04-22T06:28:04.705+0000] {dagbag.py:588} INFO - Filling up the DagBag from /home/airflow/.local/lib/python3.9/site-packages/airflow/example_dags/example_task_group_decorator.py
[2025-04-22T06:28:04.720+0000] {processor.py:925} INFO - DAG(s) 'example_task_group_decorator' retrieved from /home/airflow/.local/lib/python3.9/site-packages/airflow/example_dags/example_task_group_decorator.py
[2025-04-22T06:28:04.745+0000] {logging_mixin.py:190} INFO - [2025-04-22T06:28:04.745+0000] {dag.py:3239} INFO - Sync 1 DAGs
[2025-04-22T06:28:04.760+0000] {logging_mixin.py:190} INFO - [2025-04-22T06:28:04.760+0000] {dag.py:4180} INFO - Setting next_dagrun for example_task_group_decorator to None, run_after=None
[2025-04-22T06:28:04.777+0000] {processor.py:208} INFO - Processing /home/airflow/.local/lib/python3.9/site-packages/airflow/example_dags/example_task_group_decorator.py took 0.082 seconds
[2025-04-22T06:28:35.574+0000] {processor.py:186} INFO - Started process (PID=1030) to work on /home/airflow/.local/lib/python3.9/site-packages/airflow/example_dags/example_task_group_decorator.py
[2025-04-22T06:28:35.575+0000] {processor.py:914} INFO - Processing file /home/airflow/.local/lib/python3.9/site-packages/airflow/example_dags/example_task_group_decorator.py for tasks to queue
[2025-04-22T06:28:35.577+0000] {logging_mixin.py:190} INFO - [2025-04-22T06:28:35.577+0000] {dagbag.py:588} INFO - Filling up the DagBag from /home/airflow/.local/lib/python3.9/site-packages/airflow/example_dags/example_task_group_decorator.py
[2025-04-22T06:28:35.593+0000] {processor.py:925} INFO - DAG(s) 'example_task_group_decorator' retrieved from /home/airflow/.local/lib/python3.9/site-packages/airflow/example_dags/example_task_group_decorator.py
[2025-04-22T06:28:35.617+0000] {logging_mixin.py:190} INFO - [2025-04-22T06:28:35.617+0000] {dag.py:3239} INFO - Sync 1 DAGs
[2025-04-22T06:28:35.631+0000] {logging_mixin.py:190} INFO - [2025-04-22T06:28:35.631+0000] {dag.py:4180} INFO - Setting next_dagrun for example_task_group_decorator to None, run_after=None
[2025-04-22T06:28:35.649+0000] {processor.py:208} INFO - Processing /home/airflow/.local/lib/python3.9/site-packages/airflow/example_dags/example_task_group_decorator.py took 0.081 seconds
[2025-04-22T06:29:05.930+0000] {processor.py:186} INFO - Started process (PID=1088) to work on /home/airflow/.local/lib/python3.9/site-packages/airflow/example_dags/example_task_group_decorator.py
[2025-04-22T06:29:05.931+0000] {processor.py:914} INFO - Processing file /home/airflow/.local/lib/python3.9/site-packages/airflow/example_dags/example_task_group_decorator.py for tasks to queue
[2025-04-22T06:29:05.934+0000] {logging_mixin.py:190} INFO - [2025-04-22T06:29:05.933+0000] {dagbag.py:588} INFO - Filling up the DagBag from /home/airflow/.local/lib/python3.9/site-packages/airflow/example_dags/example_task_group_decorator.py
[2025-04-22T06:29:05.948+0000] {processor.py:925} INFO - DAG(s) 'example_task_group_decorator' retrieved from /home/airflow/.local/lib/python3.9/site-packages/airflow/example_dags/example_task_group_decorator.py
[2025-04-22T06:29:05.973+0000] {logging_mixin.py:190} INFO - [2025-04-22T06:29:05.972+0000] {dag.py:3239} INFO - Sync 1 DAGs
[2025-04-22T06:29:05.987+0000] {logging_mixin.py:190} INFO - [2025-04-22T06:29:05.987+0000] {dag.py:4180} INFO - Setting next_dagrun for example_task_group_decorator to None, run_after=None
[2025-04-22T06:29:06.005+0000] {processor.py:208} INFO - Processing /home/airflow/.local/lib/python3.9/site-packages/airflow/example_dags/example_task_group_decorator.py took 0.082 seconds
[2025-04-22T06:29:36.718+0000] {processor.py:186} INFO - Started process (PID=1146) to work on /home/airflow/.local/lib/python3.9/site-packages/airflow/example_dags/example_task_group_decorator.py
[2025-04-22T06:29:36.720+0000] {processor.py:914} INFO - Processing file /home/airflow/.local/lib/python3.9/site-packages/airflow/example_dags/example_task_group_decorator.py for tasks to queue
[2025-04-22T06:29:36.722+0000] {logging_mixin.py:190} INFO - [2025-04-22T06:29:36.722+0000] {dagbag.py:588} INFO - Filling up the DagBag from /home/airflow/.local/lib/python3.9/site-packages/airflow/example_dags/example_task_group_decorator.py
[2025-04-22T06:29:36.737+0000] {processor.py:925} INFO - DAG(s) 'example_task_group_decorator' retrieved from /home/airflow/.local/lib/python3.9/site-packages/airflow/example_dags/example_task_group_decorator.py
[2025-04-22T06:29:36.762+0000] {logging_mixin.py:190} INFO - [2025-04-22T06:29:36.762+0000] {dag.py:3239} INFO - Sync 1 DAGs
[2025-04-22T06:29:36.779+0000] {logging_mixin.py:190} INFO - [2025-04-22T06:29:36.778+0000] {dag.py:4180} INFO - Setting next_dagrun for example_task_group_decorator to None, run_after=None
[2025-04-22T06:29:36.795+0000] {processor.py:208} INFO - Processing /home/airflow/.local/lib/python3.9/site-packages/airflow/example_dags/example_task_group_decorator.py took 0.083 seconds
[2025-04-22T06:30:07.228+0000] {processor.py:186} INFO - Started process (PID=1204) to work on /home/airflow/.local/lib/python3.9/site-packages/airflow/example_dags/example_task_group_decorator.py
[2025-04-22T06:30:07.229+0000] {processor.py:914} INFO - Processing file /home/airflow/.local/lib/python3.9/site-packages/airflow/example_dags/example_task_group_decorator.py for tasks to queue
[2025-04-22T06:30:07.232+0000] {logging_mixin.py:190} INFO - [2025-04-22T06:30:07.231+0000] {dagbag.py:588} INFO - Filling up the DagBag from /home/airflow/.local/lib/python3.9/site-packages/airflow/example_dags/example_task_group_decorator.py
[2025-04-22T06:30:07.251+0000] {processor.py:925} INFO - DAG(s) 'example_task_group_decorator' retrieved from /home/airflow/.local/lib/python3.9/site-packages/airflow/example_dags/example_task_group_decorator.py
[2025-04-22T06:30:07.281+0000] {logging_mixin.py:190} INFO - [2025-04-22T06:30:07.281+0000] {dag.py:3239} INFO - Sync 1 DAGs
[2025-04-22T06:30:07.299+0000] {logging_mixin.py:190} INFO - [2025-04-22T06:30:07.299+0000] {dag.py:4180} INFO - Setting next_dagrun for example_task_group_decorator to None, run_after=None
[2025-04-22T06:30:07.318+0000] {processor.py:208} INFO - Processing /home/airflow/.local/lib/python3.9/site-packages/airflow/example_dags/example_task_group_decorator.py took 0.101 seconds
[2025-04-22T06:30:37.436+0000] {processor.py:186} INFO - Started process (PID=1262) to work on /home/airflow/.local/lib/python3.9/site-packages/airflow/example_dags/example_task_group_decorator.py
[2025-04-22T06:30:37.437+0000] {processor.py:914} INFO - Processing file /home/airflow/.local/lib/python3.9/site-packages/airflow/example_dags/example_task_group_decorator.py for tasks to queue
[2025-04-22T06:30:37.440+0000] {logging_mixin.py:190} INFO - [2025-04-22T06:30:37.439+0000] {dagbag.py:588} INFO - Filling up the DagBag from /home/airflow/.local/lib/python3.9/site-packages/airflow/example_dags/example_task_group_decorator.py
[2025-04-22T06:30:37.455+0000] {processor.py:925} INFO - DAG(s) 'example_task_group_decorator' retrieved from /home/airflow/.local/lib/python3.9/site-packages/airflow/example_dags/example_task_group_decorator.py
[2025-04-22T06:30:37.480+0000] {logging_mixin.py:190} INFO - [2025-04-22T06:30:37.480+0000] {dag.py:3239} INFO - Sync 1 DAGs
[2025-04-22T06:30:37.497+0000] {logging_mixin.py:190} INFO - [2025-04-22T06:30:37.497+0000] {dag.py:4180} INFO - Setting next_dagrun for example_task_group_decorator to None, run_after=None
[2025-04-22T06:30:37.515+0000] {processor.py:208} INFO - Processing /home/airflow/.local/lib/python3.9/site-packages/airflow/example_dags/example_task_group_decorator.py took 0.086 seconds
[2025-04-22T06:31:07.996+0000] {processor.py:186} INFO - Started process (PID=1320) to work on /home/airflow/.local/lib/python3.9/site-packages/airflow/example_dags/example_task_group_decorator.py
[2025-04-22T06:31:07.997+0000] {processor.py:914} INFO - Processing file /home/airflow/.local/lib/python3.9/site-packages/airflow/example_dags/example_task_group_decorator.py for tasks to queue
[2025-04-22T06:31:07.999+0000] {logging_mixin.py:190} INFO - [2025-04-22T06:31:07.999+0000] {dagbag.py:588} INFO - Filling up the DagBag from /home/airflow/.local/lib/python3.9/site-packages/airflow/example_dags/example_task_group_decorator.py
[2025-04-22T06:31:08.014+0000] {processor.py:925} INFO - DAG(s) 'example_task_group_decorator' retrieved from /home/airflow/.local/lib/python3.9/site-packages/airflow/example_dags/example_task_group_decorator.py
[2025-04-22T06:31:08.037+0000] {logging_mixin.py:190} INFO - [2025-04-22T06:31:08.037+0000] {dag.py:3239} INFO - Sync 1 DAGs
[2025-04-22T06:31:08.051+0000] {logging_mixin.py:190} INFO - [2025-04-22T06:31:08.051+0000] {dag.py:4180} INFO - Setting next_dagrun for example_task_group_decorator to None, run_after=None
[2025-04-22T06:31:08.068+0000] {processor.py:208} INFO - Processing /home/airflow/.local/lib/python3.9/site-packages/airflow/example_dags/example_task_group_decorator.py took 0.078 seconds
[2025-04-22T06:31:38.234+0000] {processor.py:186} INFO - Started process (PID=1378) to work on /home/airflow/.local/lib/python3.9/site-packages/airflow/example_dags/example_task_group_decorator.py
[2025-04-22T06:31:38.234+0000] {processor.py:914} INFO - Processing file /home/airflow/.local/lib/python3.9/site-packages/airflow/example_dags/example_task_group_decorator.py for tasks to queue
[2025-04-22T06:31:38.237+0000] {logging_mixin.py:190} INFO - [2025-04-22T06:31:38.236+0000] {dagbag.py:588} INFO - Filling up the DagBag from /home/airflow/.local/lib/python3.9/site-packages/airflow/example_dags/example_task_group_decorator.py
[2025-04-22T06:31:38.252+0000] {processor.py:925} INFO - DAG(s) 'example_task_group_decorator' retrieved from /home/airflow/.local/lib/python3.9/site-packages/airflow/example_dags/example_task_group_decorator.py
[2025-04-22T06:31:38.276+0000] {logging_mixin.py:190} INFO - [2025-04-22T06:31:38.276+0000] {dag.py:3239} INFO - Sync 1 DAGs
[2025-04-22T06:31:38.291+0000] {logging_mixin.py:190} INFO - [2025-04-22T06:31:38.291+0000] {dag.py:4180} INFO - Setting next_dagrun for example_task_group_decorator to None, run_after=None
[2025-04-22T06:31:38.308+0000] {processor.py:208} INFO - Processing /home/airflow/.local/lib/python3.9/site-packages/airflow/example_dags/example_task_group_decorator.py took 0.080 seconds
[2025-04-22T06:32:08.981+0000] {processor.py:186} INFO - Started process (PID=1436) to work on /home/airflow/.local/lib/python3.9/site-packages/airflow/example_dags/example_task_group_decorator.py
[2025-04-22T06:32:08.983+0000] {processor.py:914} INFO - Processing file /home/airflow/.local/lib/python3.9/site-packages/airflow/example_dags/example_task_group_decorator.py for tasks to queue
[2025-04-22T06:32:08.985+0000] {logging_mixin.py:190} INFO - [2025-04-22T06:32:08.985+0000] {dagbag.py:588} INFO - Filling up the DagBag from /home/airflow/.local/lib/python3.9/site-packages/airflow/example_dags/example_task_group_decorator.py
[2025-04-22T06:32:09.002+0000] {processor.py:925} INFO - DAG(s) 'example_task_group_decorator' retrieved from /home/airflow/.local/lib/python3.9/site-packages/airflow/example_dags/example_task_group_decorator.py
[2025-04-22T06:32:09.030+0000] {logging_mixin.py:190} INFO - [2025-04-22T06:32:09.030+0000] {dag.py:3239} INFO - Sync 1 DAGs
[2025-04-22T06:32:09.044+0000] {logging_mixin.py:190} INFO - [2025-04-22T06:32:09.044+0000] {dag.py:4180} INFO - Setting next_dagrun for example_task_group_decorator to None, run_after=None
[2025-04-22T06:32:09.062+0000] {processor.py:208} INFO - Processing /home/airflow/.local/lib/python3.9/site-packages/airflow/example_dags/example_task_group_decorator.py took 0.088 seconds
