[2025-04-22T06:19:59.612+0000] {processor.py:186} INFO - Started process (PID=73) to work on /home/airflow/.local/lib/python3.9/site-packages/airflow/example_dags/example_setup_teardown.py
[2025-04-22T06:19:59.613+0000] {processor.py:914} INFO - Processing file /home/airflow/.local/lib/python3.9/site-packages/airflow/example_dags/example_setup_teardown.py for tasks to queue
[2025-04-22T06:19:59.618+0000] {logging_mixin.py:190} INFO - [2025-04-22T06:19:59.617+0000] {dagbag.py:588} INFO - Filling up the DagBag from /home/airflow/.local/lib/python3.9/site-packages/airflow/example_dags/example_setup_teardown.py
[2025-04-22T06:19:59.629+0000] {processor.py:925} INFO - DAG(s) 'example_setup_teardown' retrieved from /home/airflow/.local/lib/python3.9/site-packages/airflow/example_dags/example_setup_teardown.py
[2025-04-22T06:19:59.669+0000] {logging_mixin.py:190} INFO - [2025-04-22T06:19:59.669+0000] {dag.py:3239} INFO - Sync 1 DAGs
[2025-04-22T06:19:59.693+0000] {logging_mixin.py:190} INFO - [2025-04-22T06:19:59.693+0000] {dag.py:4180} INFO - Setting next_dagrun for example_setup_teardown to None, run_after=None
[2025-04-22T06:19:59.722+0000] {processor.py:208} INFO - Processing /home/airflow/.local/lib/python3.9/site-packages/airflow/example_dags/example_setup_teardown.py took 0.117 seconds
[2025-04-22T06:20:32.170+0000] {processor.py:186} INFO - Started process (PID=131) to work on /home/airflow/.local/lib/python3.9/site-packages/airflow/example_dags/example_setup_teardown.py
[2025-04-22T06:20:32.171+0000] {processor.py:914} INFO - Processing file /home/airflow/.local/lib/python3.9/site-packages/airflow/example_dags/example_setup_teardown.py for tasks to queue
[2025-04-22T06:20:32.175+0000] {logging_mixin.py:190} INFO - [2025-04-22T06:20:32.174+0000] {dagbag.py:588} INFO - Filling up the DagBag from /home/airflow/.local/lib/python3.9/site-packages/airflow/example_dags/example_setup_teardown.py
[2025-04-22T06:20:32.187+0000] {processor.py:925} INFO - DAG(s) 'example_setup_teardown' retrieved from /home/airflow/.local/lib/python3.9/site-packages/airflow/example_dags/example_setup_teardown.py
[2025-04-22T06:20:32.227+0000] {logging_mixin.py:190} INFO - [2025-04-22T06:20:32.226+0000] {dag.py:3239} INFO - Sync 1 DAGs
[2025-04-22T06:20:32.259+0000] {logging_mixin.py:190} INFO - [2025-04-22T06:20:32.258+0000] {dag.py:4180} INFO - Setting next_dagrun for example_setup_teardown to None, run_after=None
[2025-04-22T06:20:32.289+0000] {processor.py:208} INFO - Processing /home/airflow/.local/lib/python3.9/site-packages/airflow/example_dags/example_setup_teardown.py took 0.127 seconds
[2025-04-22T06:21:02.487+0000] {processor.py:186} INFO - Started process (PID=189) to work on /home/airflow/.local/lib/python3.9/site-packages/airflow/example_dags/example_setup_teardown.py
[2025-04-22T06:21:02.489+0000] {processor.py:914} INFO - Processing file /home/airflow/.local/lib/python3.9/site-packages/airflow/example_dags/example_setup_teardown.py for tasks to queue
[2025-04-22T06:21:02.492+0000] {logging_mixin.py:190} INFO - [2025-04-22T06:21:02.492+0000] {dagbag.py:588} INFO - Filling up the DagBag from /home/airflow/.local/lib/python3.9/site-packages/airflow/example_dags/example_setup_teardown.py
[2025-04-22T06:21:02.501+0000] {processor.py:925} INFO - DAG(s) 'example_setup_teardown' retrieved from /home/airflow/.local/lib/python3.9/site-packages/airflow/example_dags/example_setup_teardown.py
[2025-04-22T06:21:02.523+0000] {logging_mixin.py:190} INFO - [2025-04-22T06:21:02.523+0000] {dag.py:3239} INFO - Sync 1 DAGs
[2025-04-22T06:21:02.543+0000] {logging_mixin.py:190} INFO - [2025-04-22T06:21:02.542+0000] {dag.py:4180} INFO - Setting next_dagrun for example_setup_teardown to None, run_after=None
[2025-04-22T06:21:02.569+0000] {processor.py:208} INFO - Processing /home/airflow/.local/lib/python3.9/site-packages/airflow/example_dags/example_setup_teardown.py took 0.089 seconds
[2025-04-22T06:21:32.618+0000] {processor.py:186} INFO - Started process (PID=246) to work on /home/airflow/.local/lib/python3.9/site-packages/airflow/example_dags/example_setup_teardown.py
[2025-04-22T06:21:32.619+0000] {processor.py:914} INFO - Processing file /home/airflow/.local/lib/python3.9/site-packages/airflow/example_dags/example_setup_teardown.py for tasks to queue
[2025-04-22T06:21:32.621+0000] {logging_mixin.py:190} INFO - [2025-04-22T06:21:32.621+0000] {dagbag.py:588} INFO - Filling up the DagBag from /home/airflow/.local/lib/python3.9/site-packages/airflow/example_dags/example_setup_teardown.py
[2025-04-22T06:21:32.631+0000] {processor.py:925} INFO - DAG(s) 'example_setup_teardown' retrieved from /home/airflow/.local/lib/python3.9/site-packages/airflow/example_dags/example_setup_teardown.py
[2025-04-22T06:21:32.656+0000] {logging_mixin.py:190} INFO - [2025-04-22T06:21:32.655+0000] {dag.py:3239} INFO - Sync 1 DAGs
[2025-04-22T06:21:32.674+0000] {logging_mixin.py:190} INFO - [2025-04-22T06:21:32.674+0000] {dag.py:4180} INFO - Setting next_dagrun for example_setup_teardown to None, run_after=None
[2025-04-22T06:21:32.697+0000] {processor.py:208} INFO - Processing /home/airflow/.local/lib/python3.9/site-packages/airflow/example_dags/example_setup_teardown.py took 0.086 seconds
[2025-04-22T06:22:02.782+0000] {processor.py:186} INFO - Started process (PID=304) to work on /home/airflow/.local/lib/python3.9/site-packages/airflow/example_dags/example_setup_teardown.py
[2025-04-22T06:22:02.784+0000] {processor.py:914} INFO - Processing file /home/airflow/.local/lib/python3.9/site-packages/airflow/example_dags/example_setup_teardown.py for tasks to queue
[2025-04-22T06:22:02.787+0000] {logging_mixin.py:190} INFO - [2025-04-22T06:22:02.786+0000] {dagbag.py:588} INFO - Filling up the DagBag from /home/airflow/.local/lib/python3.9/site-packages/airflow/example_dags/example_setup_teardown.py
[2025-04-22T06:22:02.797+0000] {processor.py:925} INFO - DAG(s) 'example_setup_teardown' retrieved from /home/airflow/.local/lib/python3.9/site-packages/airflow/example_dags/example_setup_teardown.py
[2025-04-22T06:22:02.819+0000] {logging_mixin.py:190} INFO - [2025-04-22T06:22:02.819+0000] {dag.py:3239} INFO - Sync 1 DAGs
[2025-04-22T06:22:02.840+0000] {logging_mixin.py:190} INFO - [2025-04-22T06:22:02.840+0000] {dag.py:4180} INFO - Setting next_dagrun for example_setup_teardown to None, run_after=None
[2025-04-22T06:22:02.865+0000] {processor.py:208} INFO - Processing /home/airflow/.local/lib/python3.9/site-packages/airflow/example_dags/example_setup_teardown.py took 0.090 seconds
[2025-04-22T06:22:32.981+0000] {processor.py:186} INFO - Started process (PID=361) to work on /home/airflow/.local/lib/python3.9/site-packages/airflow/example_dags/example_setup_teardown.py
[2025-04-22T06:22:32.984+0000] {processor.py:914} INFO - Processing file /home/airflow/.local/lib/python3.9/site-packages/airflow/example_dags/example_setup_teardown.py for tasks to queue
[2025-04-22T06:22:32.988+0000] {logging_mixin.py:190} INFO - [2025-04-22T06:22:32.988+0000] {dagbag.py:588} INFO - Filling up the DagBag from /home/airflow/.local/lib/python3.9/site-packages/airflow/example_dags/example_setup_teardown.py
[2025-04-22T06:22:33.007+0000] {processor.py:925} INFO - DAG(s) 'example_setup_teardown' retrieved from /home/airflow/.local/lib/python3.9/site-packages/airflow/example_dags/example_setup_teardown.py
[2025-04-22T06:22:33.031+0000] {logging_mixin.py:190} INFO - [2025-04-22T06:22:33.030+0000] {dag.py:3239} INFO - Sync 1 DAGs
[2025-04-22T06:22:33.048+0000] {logging_mixin.py:190} INFO - [2025-04-22T06:22:33.048+0000] {dag.py:4180} INFO - Setting next_dagrun for example_setup_teardown to None, run_after=None
[2025-04-22T06:22:33.064+0000] {processor.py:208} INFO - Processing /home/airflow/.local/lib/python3.9/site-packages/airflow/example_dags/example_setup_teardown.py took 0.092 seconds
[2025-04-22T06:23:04.011+0000] {processor.py:186} INFO - Started process (PID=419) to work on /home/airflow/.local/lib/python3.9/site-packages/airflow/example_dags/example_setup_teardown.py
[2025-04-22T06:23:04.012+0000] {processor.py:914} INFO - Processing file /home/airflow/.local/lib/python3.9/site-packages/airflow/example_dags/example_setup_teardown.py for tasks to queue
[2025-04-22T06:23:04.014+0000] {logging_mixin.py:190} INFO - [2025-04-22T06:23:04.014+0000] {dagbag.py:588} INFO - Filling up the DagBag from /home/airflow/.local/lib/python3.9/site-packages/airflow/example_dags/example_setup_teardown.py
[2025-04-22T06:23:04.025+0000] {processor.py:925} INFO - DAG(s) 'example_setup_teardown' retrieved from /home/airflow/.local/lib/python3.9/site-packages/airflow/example_dags/example_setup_teardown.py
[2025-04-22T06:23:04.045+0000] {logging_mixin.py:190} INFO - [2025-04-22T06:23:04.044+0000] {dag.py:3239} INFO - Sync 1 DAGs
[2025-04-22T06:23:04.061+0000] {logging_mixin.py:190} INFO - [2025-04-22T06:23:04.060+0000] {dag.py:4180} INFO - Setting next_dagrun for example_setup_teardown to None, run_after=None
[2025-04-22T06:23:04.082+0000] {processor.py:208} INFO - Processing /home/airflow/.local/lib/python3.9/site-packages/airflow/example_dags/example_setup_teardown.py took 0.077 seconds
[2025-04-22T06:23:34.344+0000] {processor.py:186} INFO - Started process (PID=477) to work on /home/airflow/.local/lib/python3.9/site-packages/airflow/example_dags/example_setup_teardown.py
[2025-04-22T06:23:34.345+0000] {processor.py:914} INFO - Processing file /home/airflow/.local/lib/python3.9/site-packages/airflow/example_dags/example_setup_teardown.py for tasks to queue
[2025-04-22T06:23:34.347+0000] {logging_mixin.py:190} INFO - [2025-04-22T06:23:34.347+0000] {dagbag.py:588} INFO - Filling up the DagBag from /home/airflow/.local/lib/python3.9/site-packages/airflow/example_dags/example_setup_teardown.py
[2025-04-22T06:23:34.356+0000] {processor.py:925} INFO - DAG(s) 'example_setup_teardown' retrieved from /home/airflow/.local/lib/python3.9/site-packages/airflow/example_dags/example_setup_teardown.py
[2025-04-22T06:23:34.376+0000] {logging_mixin.py:190} INFO - [2025-04-22T06:23:34.376+0000] {dag.py:3239} INFO - Sync 1 DAGs
[2025-04-22T06:23:34.391+0000] {logging_mixin.py:190} INFO - [2025-04-22T06:23:34.390+0000] {dag.py:4180} INFO - Setting next_dagrun for example_setup_teardown to None, run_after=None
[2025-04-22T06:23:34.411+0000] {processor.py:208} INFO - Processing /home/airflow/.local/lib/python3.9/site-packages/airflow/example_dags/example_setup_teardown.py took 0.073 seconds
[2025-04-22T06:24:05.363+0000] {processor.py:186} INFO - Started process (PID=535) to work on /home/airflow/.local/lib/python3.9/site-packages/airflow/example_dags/example_setup_teardown.py
[2025-04-22T06:24:05.364+0000] {processor.py:914} INFO - Processing file /home/airflow/.local/lib/python3.9/site-packages/airflow/example_dags/example_setup_teardown.py for tasks to queue
[2025-04-22T06:24:05.367+0000] {logging_mixin.py:190} INFO - [2025-04-22T06:24:05.366+0000] {dagbag.py:588} INFO - Filling up the DagBag from /home/airflow/.local/lib/python3.9/site-packages/airflow/example_dags/example_setup_teardown.py
[2025-04-22T06:24:05.377+0000] {processor.py:925} INFO - DAG(s) 'example_setup_teardown' retrieved from /home/airflow/.local/lib/python3.9/site-packages/airflow/example_dags/example_setup_teardown.py
[2025-04-22T06:24:05.400+0000] {logging_mixin.py:190} INFO - [2025-04-22T06:24:05.400+0000] {dag.py:3239} INFO - Sync 1 DAGs
[2025-04-22T06:24:05.417+0000] {logging_mixin.py:190} INFO - [2025-04-22T06:24:05.416+0000] {dag.py:4180} INFO - Setting next_dagrun for example_setup_teardown to None, run_after=None
[2025-04-22T06:24:05.436+0000] {processor.py:208} INFO - Processing /home/airflow/.local/lib/python3.9/site-packages/airflow/example_dags/example_setup_teardown.py took 0.081 seconds
[2025-04-22T06:24:36.018+0000] {processor.py:186} INFO - Started process (PID=593) to work on /home/airflow/.local/lib/python3.9/site-packages/airflow/example_dags/example_setup_teardown.py
[2025-04-22T06:24:36.019+0000] {processor.py:914} INFO - Processing file /home/airflow/.local/lib/python3.9/site-packages/airflow/example_dags/example_setup_teardown.py for tasks to queue
[2025-04-22T06:24:36.021+0000] {logging_mixin.py:190} INFO - [2025-04-22T06:24:36.020+0000] {dagbag.py:588} INFO - Filling up the DagBag from /home/airflow/.local/lib/python3.9/site-packages/airflow/example_dags/example_setup_teardown.py
[2025-04-22T06:24:36.028+0000] {processor.py:925} INFO - DAG(s) 'example_setup_teardown' retrieved from /home/airflow/.local/lib/python3.9/site-packages/airflow/example_dags/example_setup_teardown.py
[2025-04-22T06:24:36.048+0000] {logging_mixin.py:190} INFO - [2025-04-22T06:24:36.048+0000] {dag.py:3239} INFO - Sync 1 DAGs
[2025-04-22T06:24:36.061+0000] {logging_mixin.py:190} INFO - [2025-04-22T06:24:36.061+0000] {dag.py:4180} INFO - Setting next_dagrun for example_setup_teardown to None, run_after=None
[2025-04-22T06:24:36.079+0000] {processor.py:208} INFO - Processing /home/airflow/.local/lib/python3.9/site-packages/airflow/example_dags/example_setup_teardown.py took 0.067 seconds
[2025-04-22T06:25:06.246+0000] {processor.py:186} INFO - Started process (PID=651) to work on /home/airflow/.local/lib/python3.9/site-packages/airflow/example_dags/example_setup_teardown.py
[2025-04-22T06:25:06.247+0000] {processor.py:914} INFO - Processing file /home/airflow/.local/lib/python3.9/site-packages/airflow/example_dags/example_setup_teardown.py for tasks to queue
[2025-04-22T06:25:06.249+0000] {logging_mixin.py:190} INFO - [2025-04-22T06:25:06.249+0000] {dagbag.py:588} INFO - Filling up the DagBag from /home/airflow/.local/lib/python3.9/site-packages/airflow/example_dags/example_setup_teardown.py
[2025-04-22T06:25:06.257+0000] {processor.py:925} INFO - DAG(s) 'example_setup_teardown' retrieved from /home/airflow/.local/lib/python3.9/site-packages/airflow/example_dags/example_setup_teardown.py
[2025-04-22T06:25:06.276+0000] {logging_mixin.py:190} INFO - [2025-04-22T06:25:06.276+0000] {dag.py:3239} INFO - Sync 1 DAGs
[2025-04-22T06:25:06.289+0000] {logging_mixin.py:190} INFO - [2025-04-22T06:25:06.289+0000] {dag.py:4180} INFO - Setting next_dagrun for example_setup_teardown to None, run_after=None
[2025-04-22T06:25:06.308+0000] {processor.py:208} INFO - Processing /home/airflow/.local/lib/python3.9/site-packages/airflow/example_dags/example_setup_teardown.py took 0.068 seconds
[2025-04-22T06:25:36.725+0000] {processor.py:186} INFO - Started process (PID=709) to work on /home/airflow/.local/lib/python3.9/site-packages/airflow/example_dags/example_setup_teardown.py
[2025-04-22T06:25:36.727+0000] {processor.py:914} INFO - Processing file /home/airflow/.local/lib/python3.9/site-packages/airflow/example_dags/example_setup_teardown.py for tasks to queue
[2025-04-22T06:25:36.729+0000] {logging_mixin.py:190} INFO - [2025-04-22T06:25:36.728+0000] {dagbag.py:588} INFO - Filling up the DagBag from /home/airflow/.local/lib/python3.9/site-packages/airflow/example_dags/example_setup_teardown.py
[2025-04-22T06:25:36.739+0000] {processor.py:925} INFO - DAG(s) 'example_setup_teardown' retrieved from /home/airflow/.local/lib/python3.9/site-packages/airflow/example_dags/example_setup_teardown.py
[2025-04-22T06:25:36.761+0000] {logging_mixin.py:190} INFO - [2025-04-22T06:25:36.761+0000] {dag.py:3239} INFO - Sync 1 DAGs
[2025-04-22T06:25:36.779+0000] {logging_mixin.py:190} INFO - [2025-04-22T06:25:36.779+0000] {dag.py:4180} INFO - Setting next_dagrun for example_setup_teardown to None, run_after=None
[2025-04-22T06:25:36.802+0000] {processor.py:208} INFO - Processing /home/airflow/.local/lib/python3.9/site-packages/airflow/example_dags/example_setup_teardown.py took 0.085 seconds
[2025-04-22T06:26:07.320+0000] {processor.py:186} INFO - Started process (PID=767) to work on /home/airflow/.local/lib/python3.9/site-packages/airflow/example_dags/example_setup_teardown.py
[2025-04-22T06:26:07.322+0000] {processor.py:914} INFO - Processing file /home/airflow/.local/lib/python3.9/site-packages/airflow/example_dags/example_setup_teardown.py for tasks to queue
[2025-04-22T06:26:07.324+0000] {logging_mixin.py:190} INFO - [2025-04-22T06:26:07.324+0000] {dagbag.py:588} INFO - Filling up the DagBag from /home/airflow/.local/lib/python3.9/site-packages/airflow/example_dags/example_setup_teardown.py
[2025-04-22T06:26:07.333+0000] {processor.py:925} INFO - DAG(s) 'example_setup_teardown' retrieved from /home/airflow/.local/lib/python3.9/site-packages/airflow/example_dags/example_setup_teardown.py
[2025-04-22T06:26:07.352+0000] {logging_mixin.py:190} INFO - [2025-04-22T06:26:07.352+0000] {dag.py:3239} INFO - Sync 1 DAGs
[2025-04-22T06:26:07.367+0000] {logging_mixin.py:190} INFO - [2025-04-22T06:26:07.367+0000] {dag.py:4180} INFO - Setting next_dagrun for example_setup_teardown to None, run_after=None
[2025-04-22T06:26:07.387+0000] {processor.py:208} INFO - Processing /home/airflow/.local/lib/python3.9/site-packages/airflow/example_dags/example_setup_teardown.py took 0.073 seconds
[2025-04-22T06:26:37.869+0000] {processor.py:186} INFO - Started process (PID=825) to work on /home/airflow/.local/lib/python3.9/site-packages/airflow/example_dags/example_setup_teardown.py
[2025-04-22T06:26:37.870+0000] {processor.py:914} INFO - Processing file /home/airflow/.local/lib/python3.9/site-packages/airflow/example_dags/example_setup_teardown.py for tasks to queue
[2025-04-22T06:26:37.873+0000] {logging_mixin.py:190} INFO - [2025-04-22T06:26:37.873+0000] {dagbag.py:588} INFO - Filling up the DagBag from /home/airflow/.local/lib/python3.9/site-packages/airflow/example_dags/example_setup_teardown.py
[2025-04-22T06:26:37.882+0000] {processor.py:925} INFO - DAG(s) 'example_setup_teardown' retrieved from /home/airflow/.local/lib/python3.9/site-packages/airflow/example_dags/example_setup_teardown.py
[2025-04-22T06:26:37.901+0000] {logging_mixin.py:190} INFO - [2025-04-22T06:26:37.900+0000] {dag.py:3239} INFO - Sync 1 DAGs
[2025-04-22T06:26:37.915+0000] {logging_mixin.py:190} INFO - [2025-04-22T06:26:37.915+0000] {dag.py:4180} INFO - Setting next_dagrun for example_setup_teardown to None, run_after=None
[2025-04-22T06:26:37.945+0000] {processor.py:208} INFO - Processing /home/airflow/.local/lib/python3.9/site-packages/airflow/example_dags/example_setup_teardown.py took 0.082 seconds
[2025-04-22T06:27:08.124+0000] {processor.py:186} INFO - Started process (PID=883) to work on /home/airflow/.local/lib/python3.9/site-packages/airflow/example_dags/example_setup_teardown.py
[2025-04-22T06:27:08.125+0000] {processor.py:914} INFO - Processing file /home/airflow/.local/lib/python3.9/site-packages/airflow/example_dags/example_setup_teardown.py for tasks to queue
[2025-04-22T06:27:08.127+0000] {logging_mixin.py:190} INFO - [2025-04-22T06:27:08.127+0000] {dagbag.py:588} INFO - Filling up the DagBag from /home/airflow/.local/lib/python3.9/site-packages/airflow/example_dags/example_setup_teardown.py
[2025-04-22T06:27:08.134+0000] {processor.py:925} INFO - DAG(s) 'example_setup_teardown' retrieved from /home/airflow/.local/lib/python3.9/site-packages/airflow/example_dags/example_setup_teardown.py
[2025-04-22T06:27:08.154+0000] {logging_mixin.py:190} INFO - [2025-04-22T06:27:08.154+0000] {dag.py:3239} INFO - Sync 1 DAGs
[2025-04-22T06:27:08.168+0000] {logging_mixin.py:190} INFO - [2025-04-22T06:27:08.168+0000] {dag.py:4180} INFO - Setting next_dagrun for example_setup_teardown to None, run_after=None
[2025-04-22T06:27:08.188+0000] {processor.py:208} INFO - Processing /home/airflow/.local/lib/python3.9/site-packages/airflow/example_dags/example_setup_teardown.py took 0.070 seconds
[2025-04-22T06:27:38.773+0000] {processor.py:186} INFO - Started process (PID=941) to work on /home/airflow/.local/lib/python3.9/site-packages/airflow/example_dags/example_setup_teardown.py
[2025-04-22T06:27:38.774+0000] {processor.py:914} INFO - Processing file /home/airflow/.local/lib/python3.9/site-packages/airflow/example_dags/example_setup_teardown.py for tasks to queue
[2025-04-22T06:27:38.777+0000] {logging_mixin.py:190} INFO - [2025-04-22T06:27:38.777+0000] {dagbag.py:588} INFO - Filling up the DagBag from /home/airflow/.local/lib/python3.9/site-packages/airflow/example_dags/example_setup_teardown.py
[2025-04-22T06:27:38.793+0000] {processor.py:925} INFO - DAG(s) 'example_setup_teardown' retrieved from /home/airflow/.local/lib/python3.9/site-packages/airflow/example_dags/example_setup_teardown.py
[2025-04-22T06:27:38.820+0000] {logging_mixin.py:190} INFO - [2025-04-22T06:27:38.819+0000] {dag.py:3239} INFO - Sync 1 DAGs
[2025-04-22T06:27:38.838+0000] {logging_mixin.py:190} INFO - [2025-04-22T06:27:38.838+0000] {dag.py:4180} INFO - Setting next_dagrun for example_setup_teardown to None, run_after=None
[2025-04-22T06:27:38.861+0000] {processor.py:208} INFO - Processing /home/airflow/.local/lib/python3.9/site-packages/airflow/example_dags/example_setup_teardown.py took 0.094 seconds
[2025-04-22T06:28:09.197+0000] {processor.py:186} INFO - Started process (PID=998) to work on /home/airflow/.local/lib/python3.9/site-packages/airflow/example_dags/example_setup_teardown.py
[2025-04-22T06:28:09.198+0000] {processor.py:914} INFO - Processing file /home/airflow/.local/lib/python3.9/site-packages/airflow/example_dags/example_setup_teardown.py for tasks to queue
[2025-04-22T06:28:09.200+0000] {logging_mixin.py:190} INFO - [2025-04-22T06:28:09.199+0000] {dagbag.py:588} INFO - Filling up the DagBag from /home/airflow/.local/lib/python3.9/site-packages/airflow/example_dags/example_setup_teardown.py
[2025-04-22T06:28:09.207+0000] {processor.py:925} INFO - DAG(s) 'example_setup_teardown' retrieved from /home/airflow/.local/lib/python3.9/site-packages/airflow/example_dags/example_setup_teardown.py
[2025-04-22T06:28:09.226+0000] {logging_mixin.py:190} INFO - [2025-04-22T06:28:09.226+0000] {dag.py:3239} INFO - Sync 1 DAGs
[2025-04-22T06:28:09.240+0000] {logging_mixin.py:190} INFO - [2025-04-22T06:28:09.239+0000] {dag.py:4180} INFO - Setting next_dagrun for example_setup_teardown to None, run_after=None
[2025-04-22T06:28:09.257+0000] {processor.py:208} INFO - Processing /home/airflow/.local/lib/python3.9/site-packages/airflow/example_dags/example_setup_teardown.py took 0.066 seconds
[2025-04-22T06:28:40.024+0000] {processor.py:186} INFO - Started process (PID=1057) to work on /home/airflow/.local/lib/python3.9/site-packages/airflow/example_dags/example_setup_teardown.py
[2025-04-22T06:28:40.025+0000] {processor.py:914} INFO - Processing file /home/airflow/.local/lib/python3.9/site-packages/airflow/example_dags/example_setup_teardown.py for tasks to queue
[2025-04-22T06:28:40.027+0000] {logging_mixin.py:190} INFO - [2025-04-22T06:28:40.027+0000] {dagbag.py:588} INFO - Filling up the DagBag from /home/airflow/.local/lib/python3.9/site-packages/airflow/example_dags/example_setup_teardown.py
[2025-04-22T06:28:40.034+0000] {processor.py:925} INFO - DAG(s) 'example_setup_teardown' retrieved from /home/airflow/.local/lib/python3.9/site-packages/airflow/example_dags/example_setup_teardown.py
[2025-04-22T06:28:40.053+0000] {logging_mixin.py:190} INFO - [2025-04-22T06:28:40.052+0000] {dag.py:3239} INFO - Sync 1 DAGs
[2025-04-22T06:28:40.067+0000] {logging_mixin.py:190} INFO - [2025-04-22T06:28:40.066+0000] {dag.py:4180} INFO - Setting next_dagrun for example_setup_teardown to None, run_after=None
[2025-04-22T06:28:40.085+0000] {processor.py:208} INFO - Processing /home/airflow/.local/lib/python3.9/site-packages/airflow/example_dags/example_setup_teardown.py took 0.067 seconds
[2025-04-22T06:29:10.413+0000] {processor.py:186} INFO - Started process (PID=1114) to work on /home/airflow/.local/lib/python3.9/site-packages/airflow/example_dags/example_setup_teardown.py
[2025-04-22T06:29:10.415+0000] {processor.py:914} INFO - Processing file /home/airflow/.local/lib/python3.9/site-packages/airflow/example_dags/example_setup_teardown.py for tasks to queue
[2025-04-22T06:29:10.418+0000] {logging_mixin.py:190} INFO - [2025-04-22T06:29:10.417+0000] {dagbag.py:588} INFO - Filling up the DagBag from /home/airflow/.local/lib/python3.9/site-packages/airflow/example_dags/example_setup_teardown.py
[2025-04-22T06:29:10.432+0000] {processor.py:925} INFO - DAG(s) 'example_setup_teardown' retrieved from /home/airflow/.local/lib/python3.9/site-packages/airflow/example_dags/example_setup_teardown.py
[2025-04-22T06:29:10.462+0000] {logging_mixin.py:190} INFO - [2025-04-22T06:29:10.461+0000] {dag.py:3239} INFO - Sync 1 DAGs
[2025-04-22T06:29:10.481+0000] {logging_mixin.py:190} INFO - [2025-04-22T06:29:10.481+0000] {dag.py:4180} INFO - Setting next_dagrun for example_setup_teardown to None, run_after=None
[2025-04-22T06:29:10.508+0000] {processor.py:208} INFO - Processing /home/airflow/.local/lib/python3.9/site-packages/airflow/example_dags/example_setup_teardown.py took 0.103 seconds
[2025-04-22T06:29:41.185+0000] {processor.py:186} INFO - Started process (PID=1173) to work on /home/airflow/.local/lib/python3.9/site-packages/airflow/example_dags/example_setup_teardown.py
[2025-04-22T06:29:41.186+0000] {processor.py:914} INFO - Processing file /home/airflow/.local/lib/python3.9/site-packages/airflow/example_dags/example_setup_teardown.py for tasks to queue
[2025-04-22T06:29:41.188+0000] {logging_mixin.py:190} INFO - [2025-04-22T06:29:41.187+0000] {dagbag.py:588} INFO - Filling up the DagBag from /home/airflow/.local/lib/python3.9/site-packages/airflow/example_dags/example_setup_teardown.py
[2025-04-22T06:29:41.195+0000] {processor.py:925} INFO - DAG(s) 'example_setup_teardown' retrieved from /home/airflow/.local/lib/python3.9/site-packages/airflow/example_dags/example_setup_teardown.py
[2025-04-22T06:29:41.215+0000] {logging_mixin.py:190} INFO - [2025-04-22T06:29:41.215+0000] {dag.py:3239} INFO - Sync 1 DAGs
[2025-04-22T06:29:41.231+0000] {logging_mixin.py:190} INFO - [2025-04-22T06:29:41.230+0000] {dag.py:4180} INFO - Setting next_dagrun for example_setup_teardown to None, run_after=None
[2025-04-22T06:29:41.250+0000] {processor.py:208} INFO - Processing /home/airflow/.local/lib/python3.9/site-packages/airflow/example_dags/example_setup_teardown.py took 0.072 seconds
[2025-04-22T06:30:12.139+0000] {processor.py:186} INFO - Started process (PID=1231) to work on /home/airflow/.local/lib/python3.9/site-packages/airflow/example_dags/example_setup_teardown.py
[2025-04-22T06:30:12.140+0000] {processor.py:914} INFO - Processing file /home/airflow/.local/lib/python3.9/site-packages/airflow/example_dags/example_setup_teardown.py for tasks to queue
[2025-04-22T06:30:12.143+0000] {logging_mixin.py:190} INFO - [2025-04-22T06:30:12.142+0000] {dagbag.py:588} INFO - Filling up the DagBag from /home/airflow/.local/lib/python3.9/site-packages/airflow/example_dags/example_setup_teardown.py
[2025-04-22T06:30:12.151+0000] {processor.py:925} INFO - DAG(s) 'example_setup_teardown' retrieved from /home/airflow/.local/lib/python3.9/site-packages/airflow/example_dags/example_setup_teardown.py
[2025-04-22T06:30:12.170+0000] {logging_mixin.py:190} INFO - [2025-04-22T06:30:12.170+0000] {dag.py:3239} INFO - Sync 1 DAGs
[2025-04-22T06:30:12.184+0000] {logging_mixin.py:190} INFO - [2025-04-22T06:30:12.184+0000] {dag.py:4180} INFO - Setting next_dagrun for example_setup_teardown to None, run_after=None
[2025-04-22T06:30:12.202+0000] {processor.py:208} INFO - Processing /home/airflow/.local/lib/python3.9/site-packages/airflow/example_dags/example_setup_teardown.py took 0.070 seconds
[2025-04-22T06:30:42.325+0000] {processor.py:186} INFO - Started process (PID=1288) to work on /home/airflow/.local/lib/python3.9/site-packages/airflow/example_dags/example_setup_teardown.py
[2025-04-22T06:30:42.327+0000] {processor.py:914} INFO - Processing file /home/airflow/.local/lib/python3.9/site-packages/airflow/example_dags/example_setup_teardown.py for tasks to queue
[2025-04-22T06:30:42.330+0000] {logging_mixin.py:190} INFO - [2025-04-22T06:30:42.330+0000] {dagbag.py:588} INFO - Filling up the DagBag from /home/airflow/.local/lib/python3.9/site-packages/airflow/example_dags/example_setup_teardown.py
[2025-04-22T06:30:42.351+0000] {processor.py:925} INFO - DAG(s) 'example_setup_teardown' retrieved from /home/airflow/.local/lib/python3.9/site-packages/airflow/example_dags/example_setup_teardown.py
[2025-04-22T06:30:42.420+0000] {logging_mixin.py:190} INFO - [2025-04-22T06:30:42.420+0000] {dag.py:3239} INFO - Sync 1 DAGs
[2025-04-22T06:30:42.468+0000] {logging_mixin.py:190} INFO - [2025-04-22T06:30:42.467+0000] {dag.py:4180} INFO - Setting next_dagrun for example_setup_teardown to None, run_after=None
[2025-04-22T06:30:42.556+0000] {processor.py:208} INFO - Processing /home/airflow/.local/lib/python3.9/site-packages/airflow/example_dags/example_setup_teardown.py took 0.264 seconds
[2025-04-22T06:31:13.374+0000] {processor.py:186} INFO - Started process (PID=1346) to work on /home/airflow/.local/lib/python3.9/site-packages/airflow/example_dags/example_setup_teardown.py
[2025-04-22T06:31:13.375+0000] {processor.py:914} INFO - Processing file /home/airflow/.local/lib/python3.9/site-packages/airflow/example_dags/example_setup_teardown.py for tasks to queue
[2025-04-22T06:31:13.378+0000] {logging_mixin.py:190} INFO - [2025-04-22T06:31:13.377+0000] {dagbag.py:588} INFO - Filling up the DagBag from /home/airflow/.local/lib/python3.9/site-packages/airflow/example_dags/example_setup_teardown.py
[2025-04-22T06:31:13.387+0000] {processor.py:925} INFO - DAG(s) 'example_setup_teardown' retrieved from /home/airflow/.local/lib/python3.9/site-packages/airflow/example_dags/example_setup_teardown.py
[2025-04-22T06:31:13.407+0000] {logging_mixin.py:190} INFO - [2025-04-22T06:31:13.407+0000] {dag.py:3239} INFO - Sync 1 DAGs
[2025-04-22T06:31:13.421+0000] {logging_mixin.py:190} INFO - [2025-04-22T06:31:13.421+0000] {dag.py:4180} INFO - Setting next_dagrun for example_setup_teardown to None, run_after=None
[2025-04-22T06:31:13.441+0000] {processor.py:208} INFO - Processing /home/airflow/.local/lib/python3.9/site-packages/airflow/example_dags/example_setup_teardown.py took 0.074 seconds
[2025-04-22T06:31:43.621+0000] {processor.py:186} INFO - Started process (PID=1404) to work on /home/airflow/.local/lib/python3.9/site-packages/airflow/example_dags/example_setup_teardown.py
[2025-04-22T06:31:43.622+0000] {processor.py:914} INFO - Processing file /home/airflow/.local/lib/python3.9/site-packages/airflow/example_dags/example_setup_teardown.py for tasks to queue
[2025-04-22T06:31:43.625+0000] {logging_mixin.py:190} INFO - [2025-04-22T06:31:43.624+0000] {dagbag.py:588} INFO - Filling up the DagBag from /home/airflow/.local/lib/python3.9/site-packages/airflow/example_dags/example_setup_teardown.py
[2025-04-22T06:31:43.632+0000] {processor.py:925} INFO - DAG(s) 'example_setup_teardown' retrieved from /home/airflow/.local/lib/python3.9/site-packages/airflow/example_dags/example_setup_teardown.py
[2025-04-22T06:31:43.650+0000] {logging_mixin.py:190} INFO - [2025-04-22T06:31:43.650+0000] {dag.py:3239} INFO - Sync 1 DAGs
[2025-04-22T06:31:43.664+0000] {logging_mixin.py:190} INFO - [2025-04-22T06:31:43.663+0000] {dag.py:4180} INFO - Setting next_dagrun for example_setup_teardown to None, run_after=None
[2025-04-22T06:31:43.685+0000] {processor.py:208} INFO - Processing /home/airflow/.local/lib/python3.9/site-packages/airflow/example_dags/example_setup_teardown.py took 0.070 seconds
[2025-04-22T06:32:14.364+0000] {processor.py:186} INFO - Started process (PID=1462) to work on /home/airflow/.local/lib/python3.9/site-packages/airflow/example_dags/example_setup_teardown.py
[2025-04-22T06:32:14.365+0000] {processor.py:914} INFO - Processing file /home/airflow/.local/lib/python3.9/site-packages/airflow/example_dags/example_setup_teardown.py for tasks to queue
[2025-04-22T06:32:14.367+0000] {logging_mixin.py:190} INFO - [2025-04-22T06:32:14.367+0000] {dagbag.py:588} INFO - Filling up the DagBag from /home/airflow/.local/lib/python3.9/site-packages/airflow/example_dags/example_setup_teardown.py
[2025-04-22T06:32:14.375+0000] {processor.py:925} INFO - DAG(s) 'example_setup_teardown' retrieved from /home/airflow/.local/lib/python3.9/site-packages/airflow/example_dags/example_setup_teardown.py
[2025-04-22T06:32:14.393+0000] {logging_mixin.py:190} INFO - [2025-04-22T06:32:14.392+0000] {dag.py:3239} INFO - Sync 1 DAGs
[2025-04-22T06:32:14.406+0000] {logging_mixin.py:190} INFO - [2025-04-22T06:32:14.406+0000] {dag.py:4180} INFO - Setting next_dagrun for example_setup_teardown to None, run_after=None
[2025-04-22T06:32:14.423+0000] {processor.py:208} INFO - Processing /home/airflow/.local/lib/python3.9/site-packages/airflow/example_dags/example_setup_teardown.py took 0.065 seconds
