[2025-04-22T06:19:55.840+0000] {processor.py:186} INFO - Started process (PID=43) to work on /home/airflow/.local/lib/python3.9/site-packages/airflow/example_dags/example_branch_labels.py
[2025-04-22T06:19:55.842+0000] {processor.py:914} INFO - Processing file /home/airflow/.local/lib/python3.9/site-packages/airflow/example_dags/example_branch_labels.py for tasks to queue
[2025-04-22T06:19:55.846+0000] {logging_mixin.py:190} INFO - [2025-04-22T06:19:55.845+0000] {dagbag.py:588} INFO - Filling up the DagBag from /home/airflow/.local/lib/python3.9/site-packages/airflow/example_dags/example_branch_labels.py
[2025-04-22T06:19:55.865+0000] {processor.py:925} INFO - DAG(s) 'example_branch_labels' retrieved from /home/airflow/.local/lib/python3.9/site-packages/airflow/example_dags/example_branch_labels.py
[2025-04-22T06:19:55.920+0000] {logging_mixin.py:190} INFO - [2025-04-22T06:19:55.917+0000] {dag.py:3239} INFO - Sync 1 DAGs
[2025-04-22T06:19:55.967+0000] {logging_mixin.py:190} INFO - [2025-04-22T06:19:55.966+0000] {dag.py:4180} INFO - Setting next_dagrun for example_branch_labels to 2025-04-21 00:00:00+00:00, run_after=2025-04-22 00:00:00+00:00
[2025-04-22T06:19:55.996+0000] {processor.py:208} INFO - Processing /home/airflow/.local/lib/python3.9/site-packages/airflow/example_dags/example_branch_labels.py took 0.164 seconds
[2025-04-22T06:20:26.250+0000] {processor.py:186} INFO - Started process (PID=101) to work on /home/airflow/.local/lib/python3.9/site-packages/airflow/example_dags/example_branch_labels.py
[2025-04-22T06:20:26.254+0000] {processor.py:914} INFO - Processing file /home/airflow/.local/lib/python3.9/site-packages/airflow/example_dags/example_branch_labels.py for tasks to queue
[2025-04-22T06:20:26.261+0000] {logging_mixin.py:190} INFO - [2025-04-22T06:20:26.260+0000] {dagbag.py:588} INFO - Filling up the DagBag from /home/airflow/.local/lib/python3.9/site-packages/airflow/example_dags/example_branch_labels.py
[2025-04-22T06:20:26.277+0000] {processor.py:925} INFO - DAG(s) 'example_branch_labels' retrieved from /home/airflow/.local/lib/python3.9/site-packages/airflow/example_dags/example_branch_labels.py
[2025-04-22T06:20:26.304+0000] {logging_mixin.py:190} INFO - [2025-04-22T06:20:26.304+0000] {dag.py:3239} INFO - Sync 1 DAGs
[2025-04-22T06:20:26.340+0000] {logging_mixin.py:190} INFO - [2025-04-22T06:20:26.339+0000] {dag.py:4180} INFO - Setting next_dagrun for example_branch_labels to 2025-04-21 00:00:00+00:00, run_after=2025-04-22 00:00:00+00:00
[2025-04-22T06:20:26.363+0000] {processor.py:208} INFO - Processing /home/airflow/.local/lib/python3.9/site-packages/airflow/example_dags/example_branch_labels.py took 0.129 seconds
[2025-04-22T06:20:57.093+0000] {processor.py:186} INFO - Started process (PID=159) to work on /home/airflow/.local/lib/python3.9/site-packages/airflow/example_dags/example_branch_labels.py
[2025-04-22T06:20:57.094+0000] {processor.py:914} INFO - Processing file /home/airflow/.local/lib/python3.9/site-packages/airflow/example_dags/example_branch_labels.py for tasks to queue
[2025-04-22T06:20:57.097+0000] {logging_mixin.py:190} INFO - [2025-04-22T06:20:57.097+0000] {dagbag.py:588} INFO - Filling up the DagBag from /home/airflow/.local/lib/python3.9/site-packages/airflow/example_dags/example_branch_labels.py
[2025-04-22T06:20:57.108+0000] {processor.py:925} INFO - DAG(s) 'example_branch_labels' retrieved from /home/airflow/.local/lib/python3.9/site-packages/airflow/example_dags/example_branch_labels.py
[2025-04-22T06:20:57.130+0000] {logging_mixin.py:190} INFO - [2025-04-22T06:20:57.129+0000] {dag.py:3239} INFO - Sync 1 DAGs
[2025-04-22T06:20:57.162+0000] {logging_mixin.py:190} INFO - [2025-04-22T06:20:57.162+0000] {dag.py:4180} INFO - Setting next_dagrun for example_branch_labels to 2025-04-21 00:00:00+00:00, run_after=2025-04-22 00:00:00+00:00
[2025-04-22T06:20:57.183+0000] {processor.py:208} INFO - Processing /home/airflow/.local/lib/python3.9/site-packages/airflow/example_dags/example_branch_labels.py took 0.097 seconds
[2025-04-22T06:21:28.052+0000] {processor.py:186} INFO - Started process (PID=217) to work on /home/airflow/.local/lib/python3.9/site-packages/airflow/example_dags/example_branch_labels.py
[2025-04-22T06:21:28.053+0000] {processor.py:914} INFO - Processing file /home/airflow/.local/lib/python3.9/site-packages/airflow/example_dags/example_branch_labels.py for tasks to queue
[2025-04-22T06:21:28.056+0000] {logging_mixin.py:190} INFO - [2025-04-22T06:21:28.056+0000] {dagbag.py:588} INFO - Filling up the DagBag from /home/airflow/.local/lib/python3.9/site-packages/airflow/example_dags/example_branch_labels.py
[2025-04-22T06:21:28.071+0000] {processor.py:925} INFO - DAG(s) 'example_branch_labels' retrieved from /home/airflow/.local/lib/python3.9/site-packages/airflow/example_dags/example_branch_labels.py
[2025-04-22T06:21:28.097+0000] {logging_mixin.py:190} INFO - [2025-04-22T06:21:28.097+0000] {dag.py:3239} INFO - Sync 1 DAGs
[2025-04-22T06:21:28.130+0000] {logging_mixin.py:190} INFO - [2025-04-22T06:21:28.129+0000] {dag.py:4180} INFO - Setting next_dagrun for example_branch_labels to 2025-04-21 00:00:00+00:00, run_after=2025-04-22 00:00:00+00:00
[2025-04-22T06:21:28.150+0000] {processor.py:208} INFO - Processing /home/airflow/.local/lib/python3.9/site-packages/airflow/example_dags/example_branch_labels.py took 0.108 seconds
[2025-04-22T06:21:58.329+0000] {processor.py:186} INFO - Started process (PID=275) to work on /home/airflow/.local/lib/python3.9/site-packages/airflow/example_dags/example_branch_labels.py
[2025-04-22T06:21:58.330+0000] {processor.py:914} INFO - Processing file /home/airflow/.local/lib/python3.9/site-packages/airflow/example_dags/example_branch_labels.py for tasks to queue
[2025-04-22T06:21:58.334+0000] {logging_mixin.py:190} INFO - [2025-04-22T06:21:58.333+0000] {dagbag.py:588} INFO - Filling up the DagBag from /home/airflow/.local/lib/python3.9/site-packages/airflow/example_dags/example_branch_labels.py
[2025-04-22T06:21:58.348+0000] {processor.py:925} INFO - DAG(s) 'example_branch_labels' retrieved from /home/airflow/.local/lib/python3.9/site-packages/airflow/example_dags/example_branch_labels.py
[2025-04-22T06:21:58.371+0000] {logging_mixin.py:190} INFO - [2025-04-22T06:21:58.371+0000] {dag.py:3239} INFO - Sync 1 DAGs
[2025-04-22T06:21:58.404+0000] {logging_mixin.py:190} INFO - [2025-04-22T06:21:58.404+0000] {dag.py:4180} INFO - Setting next_dagrun for example_branch_labels to 2025-04-21 00:00:00+00:00, run_after=2025-04-22 00:00:00+00:00
[2025-04-22T06:21:58.429+0000] {processor.py:208} INFO - Processing /home/airflow/.local/lib/python3.9/site-packages/airflow/example_dags/example_branch_labels.py took 0.107 seconds
[2025-04-22T06:22:29.257+0000] {processor.py:186} INFO - Started process (PID=333) to work on /home/airflow/.local/lib/python3.9/site-packages/airflow/example_dags/example_branch_labels.py
[2025-04-22T06:22:29.258+0000] {processor.py:914} INFO - Processing file /home/airflow/.local/lib/python3.9/site-packages/airflow/example_dags/example_branch_labels.py for tasks to queue
[2025-04-22T06:22:29.261+0000] {logging_mixin.py:190} INFO - [2025-04-22T06:22:29.261+0000] {dagbag.py:588} INFO - Filling up the DagBag from /home/airflow/.local/lib/python3.9/site-packages/airflow/example_dags/example_branch_labels.py
[2025-04-22T06:22:29.274+0000] {processor.py:925} INFO - DAG(s) 'example_branch_labels' retrieved from /home/airflow/.local/lib/python3.9/site-packages/airflow/example_dags/example_branch_labels.py
[2025-04-22T06:22:29.303+0000] {logging_mixin.py:190} INFO - [2025-04-22T06:22:29.302+0000] {dag.py:3239} INFO - Sync 1 DAGs
[2025-04-22T06:22:29.344+0000] {logging_mixin.py:190} INFO - [2025-04-22T06:22:29.344+0000] {dag.py:4180} INFO - Setting next_dagrun for example_branch_labels to 2025-04-21 00:00:00+00:00, run_after=2025-04-22 00:00:00+00:00
[2025-04-22T06:22:29.372+0000] {processor.py:208} INFO - Processing /home/airflow/.local/lib/python3.9/site-packages/airflow/example_dags/example_branch_labels.py took 0.123 seconds
[2025-04-22T06:22:59.446+0000] {processor.py:186} INFO - Started process (PID=391) to work on /home/airflow/.local/lib/python3.9/site-packages/airflow/example_dags/example_branch_labels.py
[2025-04-22T06:22:59.447+0000] {processor.py:914} INFO - Processing file /home/airflow/.local/lib/python3.9/site-packages/airflow/example_dags/example_branch_labels.py for tasks to queue
[2025-04-22T06:22:59.451+0000] {logging_mixin.py:190} INFO - [2025-04-22T06:22:59.450+0000] {dagbag.py:588} INFO - Filling up the DagBag from /home/airflow/.local/lib/python3.9/site-packages/airflow/example_dags/example_branch_labels.py
[2025-04-22T06:22:59.466+0000] {processor.py:925} INFO - DAG(s) 'example_branch_labels' retrieved from /home/airflow/.local/lib/python3.9/site-packages/airflow/example_dags/example_branch_labels.py
[2025-04-22T06:22:59.496+0000] {logging_mixin.py:190} INFO - [2025-04-22T06:22:59.496+0000] {dag.py:3239} INFO - Sync 1 DAGs
[2025-04-22T06:22:59.530+0000] {logging_mixin.py:190} INFO - [2025-04-22T06:22:59.530+0000] {dag.py:4180} INFO - Setting next_dagrun for example_branch_labels to 2025-04-21 00:00:00+00:00, run_after=2025-04-22 00:00:00+00:00
[2025-04-22T06:22:59.552+0000] {processor.py:208} INFO - Processing /home/airflow/.local/lib/python3.9/site-packages/airflow/example_dags/example_branch_labels.py took 0.118 seconds
[2025-04-22T06:23:29.639+0000] {processor.py:186} INFO - Started process (PID=449) to work on /home/airflow/.local/lib/python3.9/site-packages/airflow/example_dags/example_branch_labels.py
[2025-04-22T06:23:29.640+0000] {processor.py:914} INFO - Processing file /home/airflow/.local/lib/python3.9/site-packages/airflow/example_dags/example_branch_labels.py for tasks to queue
[2025-04-22T06:23:29.642+0000] {logging_mixin.py:190} INFO - [2025-04-22T06:23:29.642+0000] {dagbag.py:588} INFO - Filling up the DagBag from /home/airflow/.local/lib/python3.9/site-packages/airflow/example_dags/example_branch_labels.py
[2025-04-22T06:23:29.652+0000] {processor.py:925} INFO - DAG(s) 'example_branch_labels' retrieved from /home/airflow/.local/lib/python3.9/site-packages/airflow/example_dags/example_branch_labels.py
[2025-04-22T06:23:29.670+0000] {logging_mixin.py:190} INFO - [2025-04-22T06:23:29.670+0000] {dag.py:3239} INFO - Sync 1 DAGs
[2025-04-22T06:23:29.696+0000] {logging_mixin.py:190} INFO - [2025-04-22T06:23:29.696+0000] {dag.py:4180} INFO - Setting next_dagrun for example_branch_labels to 2025-04-21 00:00:00+00:00, run_after=2025-04-22 00:00:00+00:00
[2025-04-22T06:23:29.713+0000] {processor.py:208} INFO - Processing /home/airflow/.local/lib/python3.9/site-packages/airflow/example_dags/example_branch_labels.py took 0.080 seconds
[2025-04-22T06:24:00.633+0000] {processor.py:186} INFO - Started process (PID=507) to work on /home/airflow/.local/lib/python3.9/site-packages/airflow/example_dags/example_branch_labels.py
[2025-04-22T06:24:00.634+0000] {processor.py:914} INFO - Processing file /home/airflow/.local/lib/python3.9/site-packages/airflow/example_dags/example_branch_labels.py for tasks to queue
[2025-04-22T06:24:00.637+0000] {logging_mixin.py:190} INFO - [2025-04-22T06:24:00.636+0000] {dagbag.py:588} INFO - Filling up the DagBag from /home/airflow/.local/lib/python3.9/site-packages/airflow/example_dags/example_branch_labels.py
[2025-04-22T06:24:00.647+0000] {processor.py:925} INFO - DAG(s) 'example_branch_labels' retrieved from /home/airflow/.local/lib/python3.9/site-packages/airflow/example_dags/example_branch_labels.py
[2025-04-22T06:24:00.670+0000] {logging_mixin.py:190} INFO - [2025-04-22T06:24:00.670+0000] {dag.py:3239} INFO - Sync 1 DAGs
[2025-04-22T06:24:00.695+0000] {logging_mixin.py:190} INFO - [2025-04-22T06:24:00.695+0000] {dag.py:4180} INFO - Setting next_dagrun for example_branch_labels to 2025-04-21 00:00:00+00:00, run_after=2025-04-22 00:00:00+00:00
[2025-04-22T06:24:00.714+0000] {processor.py:208} INFO - Processing /home/airflow/.local/lib/python3.9/site-packages/airflow/example_dags/example_branch_labels.py took 0.087 seconds
[2025-04-22T06:24:30.798+0000] {processor.py:186} INFO - Started process (PID=565) to work on /home/airflow/.local/lib/python3.9/site-packages/airflow/example_dags/example_branch_labels.py
[2025-04-22T06:24:30.799+0000] {processor.py:914} INFO - Processing file /home/airflow/.local/lib/python3.9/site-packages/airflow/example_dags/example_branch_labels.py for tasks to queue
[2025-04-22T06:24:30.801+0000] {logging_mixin.py:190} INFO - [2025-04-22T06:24:30.801+0000] {dagbag.py:588} INFO - Filling up the DagBag from /home/airflow/.local/lib/python3.9/site-packages/airflow/example_dags/example_branch_labels.py
[2025-04-22T06:24:30.810+0000] {processor.py:925} INFO - DAG(s) 'example_branch_labels' retrieved from /home/airflow/.local/lib/python3.9/site-packages/airflow/example_dags/example_branch_labels.py
[2025-04-22T06:24:30.831+0000] {logging_mixin.py:190} INFO - [2025-04-22T06:24:30.831+0000] {dag.py:3239} INFO - Sync 1 DAGs
[2025-04-22T06:24:30.854+0000] {logging_mixin.py:190} INFO - [2025-04-22T06:24:30.854+0000] {dag.py:4180} INFO - Setting next_dagrun for example_branch_labels to 2025-04-21 00:00:00+00:00, run_after=2025-04-22 00:00:00+00:00
[2025-04-22T06:24:30.872+0000] {processor.py:208} INFO - Processing /home/airflow/.local/lib/python3.9/site-packages/airflow/example_dags/example_branch_labels.py took 0.080 seconds
[2025-04-22T06:25:01.430+0000] {processor.py:186} INFO - Started process (PID=623) to work on /home/airflow/.local/lib/python3.9/site-packages/airflow/example_dags/example_branch_labels.py
[2025-04-22T06:25:01.431+0000] {processor.py:914} INFO - Processing file /home/airflow/.local/lib/python3.9/site-packages/airflow/example_dags/example_branch_labels.py for tasks to queue
[2025-04-22T06:25:01.433+0000] {logging_mixin.py:190} INFO - [2025-04-22T06:25:01.433+0000] {dagbag.py:588} INFO - Filling up the DagBag from /home/airflow/.local/lib/python3.9/site-packages/airflow/example_dags/example_branch_labels.py
[2025-04-22T06:25:01.443+0000] {processor.py:925} INFO - DAG(s) 'example_branch_labels' retrieved from /home/airflow/.local/lib/python3.9/site-packages/airflow/example_dags/example_branch_labels.py
[2025-04-22T06:25:01.462+0000] {logging_mixin.py:190} INFO - [2025-04-22T06:25:01.461+0000] {dag.py:3239} INFO - Sync 1 DAGs
[2025-04-22T06:25:01.485+0000] {logging_mixin.py:190} INFO - [2025-04-22T06:25:01.485+0000] {dag.py:4180} INFO - Setting next_dagrun for example_branch_labels to 2025-04-21 00:00:00+00:00, run_after=2025-04-22 00:00:00+00:00
[2025-04-22T06:25:01.502+0000] {processor.py:208} INFO - Processing /home/airflow/.local/lib/python3.9/site-packages/airflow/example_dags/example_branch_labels.py took 0.079 seconds
[2025-04-22T06:25:31.610+0000] {processor.py:186} INFO - Started process (PID=681) to work on /home/airflow/.local/lib/python3.9/site-packages/airflow/example_dags/example_branch_labels.py
[2025-04-22T06:25:31.611+0000] {processor.py:914} INFO - Processing file /home/airflow/.local/lib/python3.9/site-packages/airflow/example_dags/example_branch_labels.py for tasks to queue
[2025-04-22T06:25:31.614+0000] {logging_mixin.py:190} INFO - [2025-04-22T06:25:31.613+0000] {dagbag.py:588} INFO - Filling up the DagBag from /home/airflow/.local/lib/python3.9/site-packages/airflow/example_dags/example_branch_labels.py
[2025-04-22T06:25:31.627+0000] {processor.py:925} INFO - DAG(s) 'example_branch_labels' retrieved from /home/airflow/.local/lib/python3.9/site-packages/airflow/example_dags/example_branch_labels.py
[2025-04-22T06:25:31.648+0000] {logging_mixin.py:190} INFO - [2025-04-22T06:25:31.648+0000] {dag.py:3239} INFO - Sync 1 DAGs
[2025-04-22T06:25:31.676+0000] {logging_mixin.py:190} INFO - [2025-04-22T06:25:31.676+0000] {dag.py:4180} INFO - Setting next_dagrun for example_branch_labels to 2025-04-21 00:00:00+00:00, run_after=2025-04-22 00:00:00+00:00
[2025-04-22T06:25:31.694+0000] {processor.py:208} INFO - Processing /home/airflow/.local/lib/python3.9/site-packages/airflow/example_dags/example_branch_labels.py took 0.090 seconds
[2025-04-22T06:26:02.408+0000] {processor.py:186} INFO - Started process (PID=739) to work on /home/airflow/.local/lib/python3.9/site-packages/airflow/example_dags/example_branch_labels.py
[2025-04-22T06:26:02.409+0000] {processor.py:914} INFO - Processing file /home/airflow/.local/lib/python3.9/site-packages/airflow/example_dags/example_branch_labels.py for tasks to queue
[2025-04-22T06:26:02.413+0000] {logging_mixin.py:190} INFO - [2025-04-22T06:26:02.412+0000] {dagbag.py:588} INFO - Filling up the DagBag from /home/airflow/.local/lib/python3.9/site-packages/airflow/example_dags/example_branch_labels.py
[2025-04-22T06:26:02.424+0000] {processor.py:925} INFO - DAG(s) 'example_branch_labels' retrieved from /home/airflow/.local/lib/python3.9/site-packages/airflow/example_dags/example_branch_labels.py
[2025-04-22T06:26:02.441+0000] {logging_mixin.py:190} INFO - [2025-04-22T06:26:02.441+0000] {dag.py:3239} INFO - Sync 1 DAGs
[2025-04-22T06:26:02.465+0000] {logging_mixin.py:190} INFO - [2025-04-22T06:26:02.464+0000] {dag.py:4180} INFO - Setting next_dagrun for example_branch_labels to 2025-04-21 00:00:00+00:00, run_after=2025-04-22 00:00:00+00:00
[2025-04-22T06:26:02.495+0000] {processor.py:208} INFO - Processing /home/airflow/.local/lib/python3.9/site-packages/airflow/example_dags/example_branch_labels.py took 0.093 seconds
[2025-04-22T06:26:33.105+0000] {processor.py:186} INFO - Started process (PID=797) to work on /home/airflow/.local/lib/python3.9/site-packages/airflow/example_dags/example_branch_labels.py
[2025-04-22T06:26:33.106+0000] {processor.py:914} INFO - Processing file /home/airflow/.local/lib/python3.9/site-packages/airflow/example_dags/example_branch_labels.py for tasks to queue
[2025-04-22T06:26:33.109+0000] {logging_mixin.py:190} INFO - [2025-04-22T06:26:33.109+0000] {dagbag.py:588} INFO - Filling up the DagBag from /home/airflow/.local/lib/python3.9/site-packages/airflow/example_dags/example_branch_labels.py
[2025-04-22T06:26:33.118+0000] {processor.py:925} INFO - DAG(s) 'example_branch_labels' retrieved from /home/airflow/.local/lib/python3.9/site-packages/airflow/example_dags/example_branch_labels.py
[2025-04-22T06:26:33.137+0000] {logging_mixin.py:190} INFO - [2025-04-22T06:26:33.137+0000] {dag.py:3239} INFO - Sync 1 DAGs
[2025-04-22T06:26:33.160+0000] {logging_mixin.py:190} INFO - [2025-04-22T06:26:33.160+0000] {dag.py:4180} INFO - Setting next_dagrun for example_branch_labels to 2025-04-21 00:00:00+00:00, run_after=2025-04-22 00:00:00+00:00
[2025-04-22T06:26:33.175+0000] {processor.py:208} INFO - Processing /home/airflow/.local/lib/python3.9/site-packages/airflow/example_dags/example_branch_labels.py took 0.076 seconds
[2025-04-22T06:27:03.621+0000] {processor.py:186} INFO - Started process (PID=855) to work on /home/airflow/.local/lib/python3.9/site-packages/airflow/example_dags/example_branch_labels.py
[2025-04-22T06:27:03.622+0000] {processor.py:914} INFO - Processing file /home/airflow/.local/lib/python3.9/site-packages/airflow/example_dags/example_branch_labels.py for tasks to queue
[2025-04-22T06:27:03.624+0000] {logging_mixin.py:190} INFO - [2025-04-22T06:27:03.624+0000] {dagbag.py:588} INFO - Filling up the DagBag from /home/airflow/.local/lib/python3.9/site-packages/airflow/example_dags/example_branch_labels.py
[2025-04-22T06:27:03.634+0000] {processor.py:925} INFO - DAG(s) 'example_branch_labels' retrieved from /home/airflow/.local/lib/python3.9/site-packages/airflow/example_dags/example_branch_labels.py
[2025-04-22T06:27:03.653+0000] {logging_mixin.py:190} INFO - [2025-04-22T06:27:03.653+0000] {dag.py:3239} INFO - Sync 1 DAGs
[2025-04-22T06:27:03.676+0000] {logging_mixin.py:190} INFO - [2025-04-22T06:27:03.676+0000] {dag.py:4180} INFO - Setting next_dagrun for example_branch_labels to 2025-04-21 00:00:00+00:00, run_after=2025-04-22 00:00:00+00:00
[2025-04-22T06:27:03.694+0000] {processor.py:208} INFO - Processing /home/airflow/.local/lib/python3.9/site-packages/airflow/example_dags/example_branch_labels.py took 0.079 seconds
[2025-04-22T06:27:33.959+0000] {processor.py:186} INFO - Started process (PID=913) to work on /home/airflow/.local/lib/python3.9/site-packages/airflow/example_dags/example_branch_labels.py
[2025-04-22T06:27:33.960+0000] {processor.py:914} INFO - Processing file /home/airflow/.local/lib/python3.9/site-packages/airflow/example_dags/example_branch_labels.py for tasks to queue
[2025-04-22T06:27:33.962+0000] {logging_mixin.py:190} INFO - [2025-04-22T06:27:33.962+0000] {dagbag.py:588} INFO - Filling up the DagBag from /home/airflow/.local/lib/python3.9/site-packages/airflow/example_dags/example_branch_labels.py
[2025-04-22T06:27:33.971+0000] {processor.py:925} INFO - DAG(s) 'example_branch_labels' retrieved from /home/airflow/.local/lib/python3.9/site-packages/airflow/example_dags/example_branch_labels.py
[2025-04-22T06:27:33.993+0000] {logging_mixin.py:190} INFO - [2025-04-22T06:27:33.992+0000] {dag.py:3239} INFO - Sync 1 DAGs
[2025-04-22T06:27:34.017+0000] {logging_mixin.py:190} INFO - [2025-04-22T06:27:34.017+0000] {dag.py:4180} INFO - Setting next_dagrun for example_branch_labels to 2025-04-21 00:00:00+00:00, run_after=2025-04-22 00:00:00+00:00
[2025-04-22T06:27:34.037+0000] {processor.py:208} INFO - Processing /home/airflow/.local/lib/python3.9/site-packages/airflow/example_dags/example_branch_labels.py took 0.084 seconds
[2025-04-22T06:28:04.663+0000] {processor.py:186} INFO - Started process (PID=971) to work on /home/airflow/.local/lib/python3.9/site-packages/airflow/example_dags/example_branch_labels.py
[2025-04-22T06:28:04.665+0000] {processor.py:914} INFO - Processing file /home/airflow/.local/lib/python3.9/site-packages/airflow/example_dags/example_branch_labels.py for tasks to queue
[2025-04-22T06:28:04.668+0000] {logging_mixin.py:190} INFO - [2025-04-22T06:28:04.668+0000] {dagbag.py:588} INFO - Filling up the DagBag from /home/airflow/.local/lib/python3.9/site-packages/airflow/example_dags/example_branch_labels.py
[2025-04-22T06:28:04.678+0000] {processor.py:925} INFO - DAG(s) 'example_branch_labels' retrieved from /home/airflow/.local/lib/python3.9/site-packages/airflow/example_dags/example_branch_labels.py
[2025-04-22T06:28:04.697+0000] {logging_mixin.py:190} INFO - [2025-04-22T06:28:04.697+0000] {dag.py:3239} INFO - Sync 1 DAGs
[2025-04-22T06:28:04.721+0000] {logging_mixin.py:190} INFO - [2025-04-22T06:28:04.720+0000] {dag.py:4180} INFO - Setting next_dagrun for example_branch_labels to 2025-04-21 00:00:00+00:00, run_after=2025-04-22 00:00:00+00:00
[2025-04-22T06:28:04.738+0000] {processor.py:208} INFO - Processing /home/airflow/.local/lib/python3.9/site-packages/airflow/example_dags/example_branch_labels.py took 0.085 seconds
[2025-04-22T06:28:35.538+0000] {processor.py:186} INFO - Started process (PID=1029) to work on /home/airflow/.local/lib/python3.9/site-packages/airflow/example_dags/example_branch_labels.py
[2025-04-22T06:28:35.539+0000] {processor.py:914} INFO - Processing file /home/airflow/.local/lib/python3.9/site-packages/airflow/example_dags/example_branch_labels.py for tasks to queue
[2025-04-22T06:28:35.542+0000] {logging_mixin.py:190} INFO - [2025-04-22T06:28:35.542+0000] {dagbag.py:588} INFO - Filling up the DagBag from /home/airflow/.local/lib/python3.9/site-packages/airflow/example_dags/example_branch_labels.py
[2025-04-22T06:28:35.553+0000] {processor.py:925} INFO - DAG(s) 'example_branch_labels' retrieved from /home/airflow/.local/lib/python3.9/site-packages/airflow/example_dags/example_branch_labels.py
[2025-04-22T06:28:35.574+0000] {logging_mixin.py:190} INFO - [2025-04-22T06:28:35.574+0000] {dag.py:3239} INFO - Sync 1 DAGs
[2025-04-22T06:28:35.598+0000] {logging_mixin.py:190} INFO - [2025-04-22T06:28:35.598+0000] {dag.py:4180} INFO - Setting next_dagrun for example_branch_labels to 2025-04-21 00:00:00+00:00, run_after=2025-04-22 00:00:00+00:00
[2025-04-22T06:28:35.615+0000] {processor.py:208} INFO - Processing /home/airflow/.local/lib/python3.9/site-packages/airflow/example_dags/example_branch_labels.py took 0.084 seconds
[2025-04-22T06:29:05.895+0000] {processor.py:186} INFO - Started process (PID=1087) to work on /home/airflow/.local/lib/python3.9/site-packages/airflow/example_dags/example_branch_labels.py
[2025-04-22T06:29:05.896+0000] {processor.py:914} INFO - Processing file /home/airflow/.local/lib/python3.9/site-packages/airflow/example_dags/example_branch_labels.py for tasks to queue
[2025-04-22T06:29:05.898+0000] {logging_mixin.py:190} INFO - [2025-04-22T06:29:05.898+0000] {dagbag.py:588} INFO - Filling up the DagBag from /home/airflow/.local/lib/python3.9/site-packages/airflow/example_dags/example_branch_labels.py
[2025-04-22T06:29:05.908+0000] {processor.py:925} INFO - DAG(s) 'example_branch_labels' retrieved from /home/airflow/.local/lib/python3.9/site-packages/airflow/example_dags/example_branch_labels.py
[2025-04-22T06:29:05.928+0000] {logging_mixin.py:190} INFO - [2025-04-22T06:29:05.927+0000] {dag.py:3239} INFO - Sync 1 DAGs
[2025-04-22T06:29:05.951+0000] {logging_mixin.py:190} INFO - [2025-04-22T06:29:05.951+0000] {dag.py:4180} INFO - Setting next_dagrun for example_branch_labels to 2025-04-21 00:00:00+00:00, run_after=2025-04-22 00:00:00+00:00
[2025-04-22T06:29:05.971+0000] {processor.py:208} INFO - Processing /home/airflow/.local/lib/python3.9/site-packages/airflow/example_dags/example_branch_labels.py took 0.082 seconds
[2025-04-22T06:29:36.684+0000] {processor.py:186} INFO - Started process (PID=1145) to work on /home/airflow/.local/lib/python3.9/site-packages/airflow/example_dags/example_branch_labels.py
[2025-04-22T06:29:36.684+0000] {processor.py:914} INFO - Processing file /home/airflow/.local/lib/python3.9/site-packages/airflow/example_dags/example_branch_labels.py for tasks to queue
[2025-04-22T06:29:36.687+0000] {logging_mixin.py:190} INFO - [2025-04-22T06:29:36.687+0000] {dagbag.py:588} INFO - Filling up the DagBag from /home/airflow/.local/lib/python3.9/site-packages/airflow/example_dags/example_branch_labels.py
[2025-04-22T06:29:36.696+0000] {processor.py:925} INFO - DAG(s) 'example_branch_labels' retrieved from /home/airflow/.local/lib/python3.9/site-packages/airflow/example_dags/example_branch_labels.py
[2025-04-22T06:29:36.716+0000] {logging_mixin.py:190} INFO - [2025-04-22T06:29:36.715+0000] {dag.py:3239} INFO - Sync 1 DAGs
[2025-04-22T06:29:36.739+0000] {logging_mixin.py:190} INFO - [2025-04-22T06:29:36.738+0000] {dag.py:4180} INFO - Setting next_dagrun for example_branch_labels to 2025-04-21 00:00:00+00:00, run_after=2025-04-22 00:00:00+00:00
[2025-04-22T06:29:36.757+0000] {processor.py:208} INFO - Processing /home/airflow/.local/lib/python3.9/site-packages/airflow/example_dags/example_branch_labels.py took 0.080 seconds
[2025-04-22T06:30:07.176+0000] {processor.py:186} INFO - Started process (PID=1203) to work on /home/airflow/.local/lib/python3.9/site-packages/airflow/example_dags/example_branch_labels.py
[2025-04-22T06:30:07.177+0000] {processor.py:914} INFO - Processing file /home/airflow/.local/lib/python3.9/site-packages/airflow/example_dags/example_branch_labels.py for tasks to queue
[2025-04-22T06:30:07.179+0000] {logging_mixin.py:190} INFO - [2025-04-22T06:30:07.179+0000] {dagbag.py:588} INFO - Filling up the DagBag from /home/airflow/.local/lib/python3.9/site-packages/airflow/example_dags/example_branch_labels.py
[2025-04-22T06:30:07.196+0000] {processor.py:925} INFO - DAG(s) 'example_branch_labels' retrieved from /home/airflow/.local/lib/python3.9/site-packages/airflow/example_dags/example_branch_labels.py
[2025-04-22T06:30:07.229+0000] {logging_mixin.py:190} INFO - [2025-04-22T06:30:07.229+0000] {dag.py:3239} INFO - Sync 1 DAGs
[2025-04-22T06:30:07.258+0000] {logging_mixin.py:190} INFO - [2025-04-22T06:30:07.258+0000] {dag.py:4180} INFO - Setting next_dagrun for example_branch_labels to 2025-04-21 00:00:00+00:00, run_after=2025-04-22 00:00:00+00:00
[2025-04-22T06:30:07.279+0000] {processor.py:208} INFO - Processing /home/airflow/.local/lib/python3.9/site-packages/airflow/example_dags/example_branch_labels.py took 0.112 seconds
[2025-04-22T06:30:37.394+0000] {processor.py:186} INFO - Started process (PID=1261) to work on /home/airflow/.local/lib/python3.9/site-packages/airflow/example_dags/example_branch_labels.py
[2025-04-22T06:30:37.395+0000] {processor.py:914} INFO - Processing file /home/airflow/.local/lib/python3.9/site-packages/airflow/example_dags/example_branch_labels.py for tasks to queue
[2025-04-22T06:30:37.398+0000] {logging_mixin.py:190} INFO - [2025-04-22T06:30:37.397+0000] {dagbag.py:588} INFO - Filling up the DagBag from /home/airflow/.local/lib/python3.9/site-packages/airflow/example_dags/example_branch_labels.py
[2025-04-22T06:30:37.408+0000] {processor.py:925} INFO - DAG(s) 'example_branch_labels' retrieved from /home/airflow/.local/lib/python3.9/site-packages/airflow/example_dags/example_branch_labels.py
[2025-04-22T06:30:37.433+0000] {logging_mixin.py:190} INFO - [2025-04-22T06:30:37.433+0000] {dag.py:3239} INFO - Sync 1 DAGs
[2025-04-22T06:30:37.457+0000] {logging_mixin.py:190} INFO - [2025-04-22T06:30:37.457+0000] {dag.py:4180} INFO - Setting next_dagrun for example_branch_labels to 2025-04-21 00:00:00+00:00, run_after=2025-04-22 00:00:00+00:00
[2025-04-22T06:30:37.476+0000] {processor.py:208} INFO - Processing /home/airflow/.local/lib/python3.9/site-packages/airflow/example_dags/example_branch_labels.py took 0.089 seconds
[2025-04-22T06:31:07.965+0000] {processor.py:186} INFO - Started process (PID=1319) to work on /home/airflow/.local/lib/python3.9/site-packages/airflow/example_dags/example_branch_labels.py
[2025-04-22T06:31:07.966+0000] {processor.py:914} INFO - Processing file /home/airflow/.local/lib/python3.9/site-packages/airflow/example_dags/example_branch_labels.py for tasks to queue
[2025-04-22T06:31:07.968+0000] {logging_mixin.py:190} INFO - [2025-04-22T06:31:07.968+0000] {dagbag.py:588} INFO - Filling up the DagBag from /home/airflow/.local/lib/python3.9/site-packages/airflow/example_dags/example_branch_labels.py
[2025-04-22T06:31:07.978+0000] {processor.py:925} INFO - DAG(s) 'example_branch_labels' retrieved from /home/airflow/.local/lib/python3.9/site-packages/airflow/example_dags/example_branch_labels.py
[2025-04-22T06:31:07.998+0000] {logging_mixin.py:190} INFO - [2025-04-22T06:31:07.997+0000] {dag.py:3239} INFO - Sync 1 DAGs
[2025-04-22T06:31:08.020+0000] {logging_mixin.py:190} INFO - [2025-04-22T06:31:08.020+0000] {dag.py:4180} INFO - Setting next_dagrun for example_branch_labels to 2025-04-21 00:00:00+00:00, run_after=2025-04-22 00:00:00+00:00
[2025-04-22T06:31:08.038+0000] {processor.py:208} INFO - Processing /home/airflow/.local/lib/python3.9/site-packages/airflow/example_dags/example_branch_labels.py took 0.079 seconds
[2025-04-22T06:31:38.201+0000] {processor.py:186} INFO - Started process (PID=1377) to work on /home/airflow/.local/lib/python3.9/site-packages/airflow/example_dags/example_branch_labels.py
[2025-04-22T06:31:38.202+0000] {processor.py:914} INFO - Processing file /home/airflow/.local/lib/python3.9/site-packages/airflow/example_dags/example_branch_labels.py for tasks to queue
[2025-04-22T06:31:38.204+0000] {logging_mixin.py:190} INFO - [2025-04-22T06:31:38.204+0000] {dagbag.py:588} INFO - Filling up the DagBag from /home/airflow/.local/lib/python3.9/site-packages/airflow/example_dags/example_branch_labels.py
[2025-04-22T06:31:38.214+0000] {processor.py:925} INFO - DAG(s) 'example_branch_labels' retrieved from /home/airflow/.local/lib/python3.9/site-packages/airflow/example_dags/example_branch_labels.py
[2025-04-22T06:31:38.234+0000] {logging_mixin.py:190} INFO - [2025-04-22T06:31:38.234+0000] {dag.py:3239} INFO - Sync 1 DAGs
[2025-04-22T06:31:38.257+0000] {logging_mixin.py:190} INFO - [2025-04-22T06:31:38.257+0000] {dag.py:4180} INFO - Setting next_dagrun for example_branch_labels to 2025-04-21 00:00:00+00:00, run_after=2025-04-22 00:00:00+00:00
[2025-04-22T06:31:38.275+0000] {processor.py:208} INFO - Processing /home/airflow/.local/lib/python3.9/site-packages/airflow/example_dags/example_branch_labels.py took 0.080 seconds
[2025-04-22T06:32:08.920+0000] {processor.py:186} INFO - Started process (PID=1435) to work on /home/airflow/.local/lib/python3.9/site-packages/airflow/example_dags/example_branch_labels.py
[2025-04-22T06:32:08.921+0000] {processor.py:914} INFO - Processing file /home/airflow/.local/lib/python3.9/site-packages/airflow/example_dags/example_branch_labels.py for tasks to queue
[2025-04-22T06:32:08.924+0000] {logging_mixin.py:190} INFO - [2025-04-22T06:32:08.924+0000] {dagbag.py:588} INFO - Filling up the DagBag from /home/airflow/.local/lib/python3.9/site-packages/airflow/example_dags/example_branch_labels.py
[2025-04-22T06:32:08.935+0000] {processor.py:925} INFO - DAG(s) 'example_branch_labels' retrieved from /home/airflow/.local/lib/python3.9/site-packages/airflow/example_dags/example_branch_labels.py
[2025-04-22T06:32:08.958+0000] {logging_mixin.py:190} INFO - [2025-04-22T06:32:08.957+0000] {dag.py:3239} INFO - Sync 1 DAGs
[2025-04-22T06:32:08.985+0000] {logging_mixin.py:190} INFO - [2025-04-22T06:32:08.985+0000] {dag.py:4180} INFO - Setting next_dagrun for example_branch_labels to 2025-04-21 00:00:00+00:00, run_after=2025-04-22 00:00:00+00:00
[2025-04-22T06:32:09.004+0000] {processor.py:208} INFO - Processing /home/airflow/.local/lib/python3.9/site-packages/airflow/example_dags/example_branch_labels.py took 0.091 seconds
