[2025-04-22T06:20:00.026+0000] {processor.py:186} INFO - Started process (PID=77) to work on /home/airflow/.local/lib/python3.9/site-packages/airflow/example_dags/example_branch_operator_decorator.py
[2025-04-22T06:20:00.028+0000] {processor.py:914} INFO - Processing file /home/airflow/.local/lib/python3.9/site-packages/airflow/example_dags/example_branch_operator_decorator.py for tasks to queue
[2025-04-22T06:20:00.030+0000] {logging_mixin.py:190} INFO - [2025-04-22T06:20:00.030+0000] {dagbag.py:588} INFO - Filling up the DagBag from /home/airflow/.local/lib/python3.9/site-packages/airflow/example_dags/example_branch_operator_decorator.py
[2025-04-22T06:20:00.066+0000] {processor.py:925} INFO - DAG(s) 'example_branch_python_operator_decorator' retrieved from /home/airflow/.local/lib/python3.9/site-packages/airflow/example_dags/example_branch_operator_decorator.py
[2025-04-22T06:20:00.243+0000] {logging_mixin.py:190} INFO - [2025-04-22T06:20:00.243+0000] {dag.py:3239} INFO - Sync 1 DAGs
[2025-04-22T06:20:00.277+0000] {logging_mixin.py:190} INFO - [2025-04-22T06:20:00.276+0000] {dag.py:4180} INFO - Setting next_dagrun for example_branch_python_operator_decorator to 2025-04-21 00:00:00+00:00, run_after=2025-04-22 00:00:00+00:00
[2025-04-22T06:20:00.306+0000] {processor.py:208} INFO - Processing /home/airflow/.local/lib/python3.9/site-packages/airflow/example_dags/example_branch_operator_decorator.py took 0.289 seconds
[2025-04-22T06:20:32.460+0000] {processor.py:186} INFO - Started process (PID=135) to work on /home/airflow/.local/lib/python3.9/site-packages/airflow/example_dags/example_branch_operator_decorator.py
[2025-04-22T06:20:32.461+0000] {processor.py:914} INFO - Processing file /home/airflow/.local/lib/python3.9/site-packages/airflow/example_dags/example_branch_operator_decorator.py for tasks to queue
[2025-04-22T06:20:32.465+0000] {logging_mixin.py:190} INFO - [2025-04-22T06:20:32.465+0000] {dagbag.py:588} INFO - Filling up the DagBag from /home/airflow/.local/lib/python3.9/site-packages/airflow/example_dags/example_branch_operator_decorator.py
[2025-04-22T06:20:32.493+0000] {processor.py:925} INFO - DAG(s) 'example_branch_python_operator_decorator' retrieved from /home/airflow/.local/lib/python3.9/site-packages/airflow/example_dags/example_branch_operator_decorator.py
[2025-04-22T06:20:32.535+0000] {logging_mixin.py:190} INFO - [2025-04-22T06:20:32.535+0000] {dag.py:3239} INFO - Sync 1 DAGs
[2025-04-22T06:20:32.568+0000] {logging_mixin.py:190} INFO - [2025-04-22T06:20:32.568+0000] {dag.py:4180} INFO - Setting next_dagrun for example_branch_python_operator_decorator to 2025-04-21 00:00:00+00:00, run_after=2025-04-22 00:00:00+00:00
[2025-04-22T06:20:32.594+0000] {processor.py:208} INFO - Processing /home/airflow/.local/lib/python3.9/site-packages/airflow/example_dags/example_branch_operator_decorator.py took 0.142 seconds
[2025-04-22T06:21:02.777+0000] {processor.py:186} INFO - Started process (PID=192) to work on /home/airflow/.local/lib/python3.9/site-packages/airflow/example_dags/example_branch_operator_decorator.py
[2025-04-22T06:21:02.779+0000] {processor.py:914} INFO - Processing file /home/airflow/.local/lib/python3.9/site-packages/airflow/example_dags/example_branch_operator_decorator.py for tasks to queue
[2025-04-22T06:21:02.782+0000] {logging_mixin.py:190} INFO - [2025-04-22T06:21:02.782+0000] {dagbag.py:588} INFO - Filling up the DagBag from /home/airflow/.local/lib/python3.9/site-packages/airflow/example_dags/example_branch_operator_decorator.py
[2025-04-22T06:21:02.821+0000] {processor.py:925} INFO - DAG(s) 'example_branch_python_operator_decorator' retrieved from /home/airflow/.local/lib/python3.9/site-packages/airflow/example_dags/example_branch_operator_decorator.py
[2025-04-22T06:21:02.868+0000] {logging_mixin.py:190} INFO - [2025-04-22T06:21:02.868+0000] {dag.py:3239} INFO - Sync 1 DAGs
[2025-04-22T06:21:02.905+0000] {logging_mixin.py:190} INFO - [2025-04-22T06:21:02.905+0000] {dag.py:4180} INFO - Setting next_dagrun for example_branch_python_operator_decorator to 2025-04-21 00:00:00+00:00, run_after=2025-04-22 00:00:00+00:00
[2025-04-22T06:21:02.932+0000] {processor.py:208} INFO - Processing /home/airflow/.local/lib/python3.9/site-packages/airflow/example_dags/example_branch_operator_decorator.py took 0.164 seconds
[2025-04-22T06:21:32.964+0000] {processor.py:186} INFO - Started process (PID=250) to work on /home/airflow/.local/lib/python3.9/site-packages/airflow/example_dags/example_branch_operator_decorator.py
[2025-04-22T06:21:32.965+0000] {processor.py:914} INFO - Processing file /home/airflow/.local/lib/python3.9/site-packages/airflow/example_dags/example_branch_operator_decorator.py for tasks to queue
[2025-04-22T06:21:32.968+0000] {logging_mixin.py:190} INFO - [2025-04-22T06:21:32.967+0000] {dagbag.py:588} INFO - Filling up the DagBag from /home/airflow/.local/lib/python3.9/site-packages/airflow/example_dags/example_branch_operator_decorator.py
[2025-04-22T06:21:32.993+0000] {processor.py:925} INFO - DAG(s) 'example_branch_python_operator_decorator' retrieved from /home/airflow/.local/lib/python3.9/site-packages/airflow/example_dags/example_branch_operator_decorator.py
[2025-04-22T06:21:33.031+0000] {logging_mixin.py:190} INFO - [2025-04-22T06:21:33.030+0000] {dag.py:3239} INFO - Sync 1 DAGs
[2025-04-22T06:21:33.061+0000] {logging_mixin.py:190} INFO - [2025-04-22T06:21:33.060+0000] {dag.py:4180} INFO - Setting next_dagrun for example_branch_python_operator_decorator to 2025-04-21 00:00:00+00:00, run_after=2025-04-22 00:00:00+00:00
[2025-04-22T06:21:33.084+0000] {processor.py:208} INFO - Processing /home/airflow/.local/lib/python3.9/site-packages/airflow/example_dags/example_branch_operator_decorator.py took 0.127 seconds
[2025-04-22T06:22:03.123+0000] {processor.py:186} INFO - Started process (PID=307) to work on /home/airflow/.local/lib/python3.9/site-packages/airflow/example_dags/example_branch_operator_decorator.py
[2025-04-22T06:22:03.125+0000] {processor.py:914} INFO - Processing file /home/airflow/.local/lib/python3.9/site-packages/airflow/example_dags/example_branch_operator_decorator.py for tasks to queue
[2025-04-22T06:22:03.127+0000] {logging_mixin.py:190} INFO - [2025-04-22T06:22:03.127+0000] {dagbag.py:588} INFO - Filling up the DagBag from /home/airflow/.local/lib/python3.9/site-packages/airflow/example_dags/example_branch_operator_decorator.py
[2025-04-22T06:22:03.156+0000] {processor.py:925} INFO - DAG(s) 'example_branch_python_operator_decorator' retrieved from /home/airflow/.local/lib/python3.9/site-packages/airflow/example_dags/example_branch_operator_decorator.py
[2025-04-22T06:22:03.189+0000] {logging_mixin.py:190} INFO - [2025-04-22T06:22:03.189+0000] {dag.py:3239} INFO - Sync 1 DAGs
[2025-04-22T06:22:03.216+0000] {logging_mixin.py:190} INFO - [2025-04-22T06:22:03.216+0000] {dag.py:4180} INFO - Setting next_dagrun for example_branch_python_operator_decorator to 2025-04-21 00:00:00+00:00, run_after=2025-04-22 00:00:00+00:00
[2025-04-22T06:22:03.238+0000] {processor.py:208} INFO - Processing /home/airflow/.local/lib/python3.9/site-packages/airflow/example_dags/example_branch_operator_decorator.py took 0.122 seconds
[2025-04-22T06:22:33.350+0000] {processor.py:186} INFO - Started process (PID=365) to work on /home/airflow/.local/lib/python3.9/site-packages/airflow/example_dags/example_branch_operator_decorator.py
[2025-04-22T06:22:33.352+0000] {processor.py:914} INFO - Processing file /home/airflow/.local/lib/python3.9/site-packages/airflow/example_dags/example_branch_operator_decorator.py for tasks to queue
[2025-04-22T06:22:33.356+0000] {logging_mixin.py:190} INFO - [2025-04-22T06:22:33.356+0000] {dagbag.py:588} INFO - Filling up the DagBag from /home/airflow/.local/lib/python3.9/site-packages/airflow/example_dags/example_branch_operator_decorator.py
[2025-04-22T06:22:33.397+0000] {processor.py:925} INFO - DAG(s) 'example_branch_python_operator_decorator' retrieved from /home/airflow/.local/lib/python3.9/site-packages/airflow/example_dags/example_branch_operator_decorator.py
[2025-04-22T06:22:33.445+0000] {logging_mixin.py:190} INFO - [2025-04-22T06:22:33.445+0000] {dag.py:3239} INFO - Sync 1 DAGs
[2025-04-22T06:22:33.484+0000] {logging_mixin.py:190} INFO - [2025-04-22T06:22:33.483+0000] {dag.py:4180} INFO - Setting next_dagrun for example_branch_python_operator_decorator to 2025-04-21 00:00:00+00:00, run_after=2025-04-22 00:00:00+00:00
[2025-04-22T06:22:33.515+0000] {processor.py:208} INFO - Processing /home/airflow/.local/lib/python3.9/site-packages/airflow/example_dags/example_branch_operator_decorator.py took 0.172 seconds
[2025-04-22T06:23:04.215+0000] {processor.py:186} INFO - Started process (PID=422) to work on /home/airflow/.local/lib/python3.9/site-packages/airflow/example_dags/example_branch_operator_decorator.py
[2025-04-22T06:23:04.216+0000] {processor.py:914} INFO - Processing file /home/airflow/.local/lib/python3.9/site-packages/airflow/example_dags/example_branch_operator_decorator.py for tasks to queue
[2025-04-22T06:23:04.219+0000] {logging_mixin.py:190} INFO - [2025-04-22T06:23:04.219+0000] {dagbag.py:588} INFO - Filling up the DagBag from /home/airflow/.local/lib/python3.9/site-packages/airflow/example_dags/example_branch_operator_decorator.py
[2025-04-22T06:23:04.242+0000] {processor.py:925} INFO - DAG(s) 'example_branch_python_operator_decorator' retrieved from /home/airflow/.local/lib/python3.9/site-packages/airflow/example_dags/example_branch_operator_decorator.py
[2025-04-22T06:23:04.271+0000] {logging_mixin.py:190} INFO - [2025-04-22T06:23:04.270+0000] {dag.py:3239} INFO - Sync 1 DAGs
[2025-04-22T06:23:04.295+0000] {logging_mixin.py:190} INFO - [2025-04-22T06:23:04.295+0000] {dag.py:4180} INFO - Setting next_dagrun for example_branch_python_operator_decorator to 2025-04-21 00:00:00+00:00, run_after=2025-04-22 00:00:00+00:00
[2025-04-22T06:23:04.315+0000] {processor.py:208} INFO - Processing /home/airflow/.local/lib/python3.9/site-packages/airflow/example_dags/example_branch_operator_decorator.py took 0.107 seconds
[2025-04-22T06:23:34.551+0000] {processor.py:186} INFO - Started process (PID=480) to work on /home/airflow/.local/lib/python3.9/site-packages/airflow/example_dags/example_branch_operator_decorator.py
[2025-04-22T06:23:34.552+0000] {processor.py:914} INFO - Processing file /home/airflow/.local/lib/python3.9/site-packages/airflow/example_dags/example_branch_operator_decorator.py for tasks to queue
[2025-04-22T06:23:34.555+0000] {logging_mixin.py:190} INFO - [2025-04-22T06:23:34.555+0000] {dagbag.py:588} INFO - Filling up the DagBag from /home/airflow/.local/lib/python3.9/site-packages/airflow/example_dags/example_branch_operator_decorator.py
[2025-04-22T06:23:34.576+0000] {processor.py:925} INFO - DAG(s) 'example_branch_python_operator_decorator' retrieved from /home/airflow/.local/lib/python3.9/site-packages/airflow/example_dags/example_branch_operator_decorator.py
[2025-04-22T06:23:34.605+0000] {logging_mixin.py:190} INFO - [2025-04-22T06:23:34.605+0000] {dag.py:3239} INFO - Sync 1 DAGs
[2025-04-22T06:23:34.629+0000] {logging_mixin.py:190} INFO - [2025-04-22T06:23:34.629+0000] {dag.py:4180} INFO - Setting next_dagrun for example_branch_python_operator_decorator to 2025-04-21 00:00:00+00:00, run_after=2025-04-22 00:00:00+00:00
[2025-04-22T06:23:34.647+0000] {processor.py:208} INFO - Processing /home/airflow/.local/lib/python3.9/site-packages/airflow/example_dags/example_branch_operator_decorator.py took 0.102 seconds
[2025-04-22T06:24:05.469+0000] {processor.py:186} INFO - Started process (PID=538) to work on /home/airflow/.local/lib/python3.9/site-packages/airflow/example_dags/example_branch_operator_decorator.py
[2025-04-22T06:24:05.470+0000] {processor.py:914} INFO - Processing file /home/airflow/.local/lib/python3.9/site-packages/airflow/example_dags/example_branch_operator_decorator.py for tasks to queue
[2025-04-22T06:24:05.473+0000] {logging_mixin.py:190} INFO - [2025-04-22T06:24:05.472+0000] {dagbag.py:588} INFO - Filling up the DagBag from /home/airflow/.local/lib/python3.9/site-packages/airflow/example_dags/example_branch_operator_decorator.py
[2025-04-22T06:24:05.498+0000] {processor.py:925} INFO - DAG(s) 'example_branch_python_operator_decorator' retrieved from /home/airflow/.local/lib/python3.9/site-packages/airflow/example_dags/example_branch_operator_decorator.py
[2025-04-22T06:24:05.535+0000] {logging_mixin.py:190} INFO - [2025-04-22T06:24:05.535+0000] {dag.py:3239} INFO - Sync 1 DAGs
[2025-04-22T06:24:05.562+0000] {logging_mixin.py:190} INFO - [2025-04-22T06:24:05.562+0000] {dag.py:4180} INFO - Setting next_dagrun for example_branch_python_operator_decorator to 2025-04-21 00:00:00+00:00, run_after=2025-04-22 00:00:00+00:00
[2025-04-22T06:24:05.582+0000] {processor.py:208} INFO - Processing /home/airflow/.local/lib/python3.9/site-packages/airflow/example_dags/example_branch_operator_decorator.py took 0.118 seconds
[2025-04-22T06:24:36.200+0000] {processor.py:186} INFO - Started process (PID=596) to work on /home/airflow/.local/lib/python3.9/site-packages/airflow/example_dags/example_branch_operator_decorator.py
[2025-04-22T06:24:36.201+0000] {processor.py:914} INFO - Processing file /home/airflow/.local/lib/python3.9/site-packages/airflow/example_dags/example_branch_operator_decorator.py for tasks to queue
[2025-04-22T06:24:36.203+0000] {logging_mixin.py:190} INFO - [2025-04-22T06:24:36.203+0000] {dagbag.py:588} INFO - Filling up the DagBag from /home/airflow/.local/lib/python3.9/site-packages/airflow/example_dags/example_branch_operator_decorator.py
[2025-04-22T06:24:36.227+0000] {processor.py:925} INFO - DAG(s) 'example_branch_python_operator_decorator' retrieved from /home/airflow/.local/lib/python3.9/site-packages/airflow/example_dags/example_branch_operator_decorator.py
[2025-04-22T06:24:36.258+0000] {logging_mixin.py:190} INFO - [2025-04-22T06:24:36.258+0000] {dag.py:3239} INFO - Sync 1 DAGs
[2025-04-22T06:24:36.286+0000] {logging_mixin.py:190} INFO - [2025-04-22T06:24:36.286+0000] {dag.py:4180} INFO - Setting next_dagrun for example_branch_python_operator_decorator to 2025-04-21 00:00:00+00:00, run_after=2025-04-22 00:00:00+00:00
[2025-04-22T06:24:36.308+0000] {processor.py:208} INFO - Processing /home/airflow/.local/lib/python3.9/site-packages/airflow/example_dags/example_branch_operator_decorator.py took 0.116 seconds
[2025-04-22T06:25:06.428+0000] {processor.py:186} INFO - Started process (PID=654) to work on /home/airflow/.local/lib/python3.9/site-packages/airflow/example_dags/example_branch_operator_decorator.py
[2025-04-22T06:25:06.428+0000] {processor.py:914} INFO - Processing file /home/airflow/.local/lib/python3.9/site-packages/airflow/example_dags/example_branch_operator_decorator.py for tasks to queue
[2025-04-22T06:25:06.430+0000] {logging_mixin.py:190} INFO - [2025-04-22T06:25:06.430+0000] {dagbag.py:588} INFO - Filling up the DagBag from /home/airflow/.local/lib/python3.9/site-packages/airflow/example_dags/example_branch_operator_decorator.py
[2025-04-22T06:25:06.451+0000] {processor.py:925} INFO - DAG(s) 'example_branch_python_operator_decorator' retrieved from /home/airflow/.local/lib/python3.9/site-packages/airflow/example_dags/example_branch_operator_decorator.py
[2025-04-22T06:25:06.480+0000] {logging_mixin.py:190} INFO - [2025-04-22T06:25:06.479+0000] {dag.py:3239} INFO - Sync 1 DAGs
[2025-04-22T06:25:06.507+0000] {logging_mixin.py:190} INFO - [2025-04-22T06:25:06.506+0000] {dag.py:4180} INFO - Setting next_dagrun for example_branch_python_operator_decorator to 2025-04-21 00:00:00+00:00, run_after=2025-04-22 00:00:00+00:00
[2025-04-22T06:25:06.525+0000] {processor.py:208} INFO - Processing /home/airflow/.local/lib/python3.9/site-packages/airflow/example_dags/example_branch_operator_decorator.py took 0.103 seconds
[2025-04-22T06:25:36.954+0000] {processor.py:186} INFO - Started process (PID=712) to work on /home/airflow/.local/lib/python3.9/site-packages/airflow/example_dags/example_branch_operator_decorator.py
[2025-04-22T06:25:36.955+0000] {processor.py:914} INFO - Processing file /home/airflow/.local/lib/python3.9/site-packages/airflow/example_dags/example_branch_operator_decorator.py for tasks to queue
[2025-04-22T06:25:36.958+0000] {logging_mixin.py:190} INFO - [2025-04-22T06:25:36.957+0000] {dagbag.py:588} INFO - Filling up the DagBag from /home/airflow/.local/lib/python3.9/site-packages/airflow/example_dags/example_branch_operator_decorator.py
[2025-04-22T06:25:36.984+0000] {processor.py:925} INFO - DAG(s) 'example_branch_python_operator_decorator' retrieved from /home/airflow/.local/lib/python3.9/site-packages/airflow/example_dags/example_branch_operator_decorator.py
[2025-04-22T06:25:37.013+0000] {logging_mixin.py:190} INFO - [2025-04-22T06:25:37.013+0000] {dag.py:3239} INFO - Sync 1 DAGs
[2025-04-22T06:25:37.039+0000] {logging_mixin.py:190} INFO - [2025-04-22T06:25:37.039+0000] {dag.py:4180} INFO - Setting next_dagrun for example_branch_python_operator_decorator to 2025-04-21 00:00:00+00:00, run_after=2025-04-22 00:00:00+00:00
[2025-04-22T06:25:37.061+0000] {processor.py:208} INFO - Processing /home/airflow/.local/lib/python3.9/site-packages/airflow/example_dags/example_branch_operator_decorator.py took 0.115 seconds
[2025-04-22T06:26:07.433+0000] {processor.py:186} INFO - Started process (PID=770) to work on /home/airflow/.local/lib/python3.9/site-packages/airflow/example_dags/example_branch_operator_decorator.py
[2025-04-22T06:26:07.434+0000] {processor.py:914} INFO - Processing file /home/airflow/.local/lib/python3.9/site-packages/airflow/example_dags/example_branch_operator_decorator.py for tasks to queue
[2025-04-22T06:26:07.436+0000] {logging_mixin.py:190} INFO - [2025-04-22T06:26:07.436+0000] {dagbag.py:588} INFO - Filling up the DagBag from /home/airflow/.local/lib/python3.9/site-packages/airflow/example_dags/example_branch_operator_decorator.py
[2025-04-22T06:26:07.462+0000] {processor.py:925} INFO - DAG(s) 'example_branch_python_operator_decorator' retrieved from /home/airflow/.local/lib/python3.9/site-packages/airflow/example_dags/example_branch_operator_decorator.py
[2025-04-22T06:26:07.488+0000] {logging_mixin.py:190} INFO - [2025-04-22T06:26:07.488+0000] {dag.py:3239} INFO - Sync 1 DAGs
[2025-04-22T06:26:07.511+0000] {logging_mixin.py:190} INFO - [2025-04-22T06:26:07.511+0000] {dag.py:4180} INFO - Setting next_dagrun for example_branch_python_operator_decorator to 2025-04-21 00:00:00+00:00, run_after=2025-04-22 00:00:00+00:00
[2025-04-22T06:26:07.533+0000] {processor.py:208} INFO - Processing /home/airflow/.local/lib/python3.9/site-packages/airflow/example_dags/example_branch_operator_decorator.py took 0.106 seconds
[2025-04-22T06:26:38.079+0000] {processor.py:186} INFO - Started process (PID=828) to work on /home/airflow/.local/lib/python3.9/site-packages/airflow/example_dags/example_branch_operator_decorator.py
[2025-04-22T06:26:38.080+0000] {processor.py:914} INFO - Processing file /home/airflow/.local/lib/python3.9/site-packages/airflow/example_dags/example_branch_operator_decorator.py for tasks to queue
[2025-04-22T06:26:38.082+0000] {logging_mixin.py:190} INFO - [2025-04-22T06:26:38.082+0000] {dagbag.py:588} INFO - Filling up the DagBag from /home/airflow/.local/lib/python3.9/site-packages/airflow/example_dags/example_branch_operator_decorator.py
[2025-04-22T06:26:38.103+0000] {processor.py:925} INFO - DAG(s) 'example_branch_python_operator_decorator' retrieved from /home/airflow/.local/lib/python3.9/site-packages/airflow/example_dags/example_branch_operator_decorator.py
[2025-04-22T06:26:38.130+0000] {logging_mixin.py:190} INFO - [2025-04-22T06:26:38.130+0000] {dag.py:3239} INFO - Sync 1 DAGs
[2025-04-22T06:26:38.152+0000] {logging_mixin.py:190} INFO - [2025-04-22T06:26:38.152+0000] {dag.py:4180} INFO - Setting next_dagrun for example_branch_python_operator_decorator to 2025-04-21 00:00:00+00:00, run_after=2025-04-22 00:00:00+00:00
[2025-04-22T06:26:38.168+0000] {processor.py:208} INFO - Processing /home/airflow/.local/lib/python3.9/site-packages/airflow/example_dags/example_branch_operator_decorator.py took 0.096 seconds
[2025-04-22T06:27:08.391+0000] {processor.py:186} INFO - Started process (PID=886) to work on /home/airflow/.local/lib/python3.9/site-packages/airflow/example_dags/example_branch_operator_decorator.py
[2025-04-22T06:27:08.392+0000] {processor.py:914} INFO - Processing file /home/airflow/.local/lib/python3.9/site-packages/airflow/example_dags/example_branch_operator_decorator.py for tasks to queue
[2025-04-22T06:27:08.394+0000] {logging_mixin.py:190} INFO - [2025-04-22T06:27:08.393+0000] {dagbag.py:588} INFO - Filling up the DagBag from /home/airflow/.local/lib/python3.9/site-packages/airflow/example_dags/example_branch_operator_decorator.py
[2025-04-22T06:27:08.415+0000] {processor.py:925} INFO - DAG(s) 'example_branch_python_operator_decorator' retrieved from /home/airflow/.local/lib/python3.9/site-packages/airflow/example_dags/example_branch_operator_decorator.py
[2025-04-22T06:27:08.443+0000] {logging_mixin.py:190} INFO - [2025-04-22T06:27:08.443+0000] {dag.py:3239} INFO - Sync 1 DAGs
[2025-04-22T06:27:08.465+0000] {logging_mixin.py:190} INFO - [2025-04-22T06:27:08.465+0000] {dag.py:4180} INFO - Setting next_dagrun for example_branch_python_operator_decorator to 2025-04-21 00:00:00+00:00, run_after=2025-04-22 00:00:00+00:00
[2025-04-22T06:27:08.484+0000] {processor.py:208} INFO - Processing /home/airflow/.local/lib/python3.9/site-packages/airflow/example_dags/example_branch_operator_decorator.py took 0.099 seconds
[2025-04-22T06:27:39.096+0000] {processor.py:186} INFO - Started process (PID=944) to work on /home/airflow/.local/lib/python3.9/site-packages/airflow/example_dags/example_branch_operator_decorator.py
[2025-04-22T06:27:39.097+0000] {processor.py:914} INFO - Processing file /home/airflow/.local/lib/python3.9/site-packages/airflow/example_dags/example_branch_operator_decorator.py for tasks to queue
[2025-04-22T06:27:39.099+0000] {logging_mixin.py:190} INFO - [2025-04-22T06:27:39.099+0000] {dagbag.py:588} INFO - Filling up the DagBag from /home/airflow/.local/lib/python3.9/site-packages/airflow/example_dags/example_branch_operator_decorator.py
[2025-04-22T06:27:39.121+0000] {processor.py:925} INFO - DAG(s) 'example_branch_python_operator_decorator' retrieved from /home/airflow/.local/lib/python3.9/site-packages/airflow/example_dags/example_branch_operator_decorator.py
[2025-04-22T06:27:39.151+0000] {logging_mixin.py:190} INFO - [2025-04-22T06:27:39.151+0000] {dag.py:3239} INFO - Sync 1 DAGs
[2025-04-22T06:27:39.175+0000] {logging_mixin.py:190} INFO - [2025-04-22T06:27:39.174+0000] {dag.py:4180} INFO - Setting next_dagrun for example_branch_python_operator_decorator to 2025-04-21 00:00:00+00:00, run_after=2025-04-22 00:00:00+00:00
[2025-04-22T06:27:39.193+0000] {processor.py:208} INFO - Processing /home/airflow/.local/lib/python3.9/site-packages/airflow/example_dags/example_branch_operator_decorator.py took 0.103 seconds
[2025-04-22T06:28:09.374+0000] {processor.py:186} INFO - Started process (PID=1001) to work on /home/airflow/.local/lib/python3.9/site-packages/airflow/example_dags/example_branch_operator_decorator.py
[2025-04-22T06:28:09.375+0000] {processor.py:914} INFO - Processing file /home/airflow/.local/lib/python3.9/site-packages/airflow/example_dags/example_branch_operator_decorator.py for tasks to queue
[2025-04-22T06:28:09.377+0000] {logging_mixin.py:190} INFO - [2025-04-22T06:28:09.377+0000] {dagbag.py:588} INFO - Filling up the DagBag from /home/airflow/.local/lib/python3.9/site-packages/airflow/example_dags/example_branch_operator_decorator.py
[2025-04-22T06:28:09.398+0000] {processor.py:925} INFO - DAG(s) 'example_branch_python_operator_decorator' retrieved from /home/airflow/.local/lib/python3.9/site-packages/airflow/example_dags/example_branch_operator_decorator.py
[2025-04-22T06:28:09.429+0000] {logging_mixin.py:190} INFO - [2025-04-22T06:28:09.429+0000] {dag.py:3239} INFO - Sync 1 DAGs
[2025-04-22T06:28:09.452+0000] {logging_mixin.py:190} INFO - [2025-04-22T06:28:09.451+0000] {dag.py:4180} INFO - Setting next_dagrun for example_branch_python_operator_decorator to 2025-04-21 00:00:00+00:00, run_after=2025-04-22 00:00:00+00:00
[2025-04-22T06:28:09.470+0000] {processor.py:208} INFO - Processing /home/airflow/.local/lib/python3.9/site-packages/airflow/example_dags/example_branch_operator_decorator.py took 0.101 seconds
[2025-04-22T06:28:40.290+0000] {processor.py:186} INFO - Started process (PID=1060) to work on /home/airflow/.local/lib/python3.9/site-packages/airflow/example_dags/example_branch_operator_decorator.py
[2025-04-22T06:28:40.291+0000] {processor.py:914} INFO - Processing file /home/airflow/.local/lib/python3.9/site-packages/airflow/example_dags/example_branch_operator_decorator.py for tasks to queue
[2025-04-22T06:28:40.294+0000] {logging_mixin.py:190} INFO - [2025-04-22T06:28:40.293+0000] {dagbag.py:588} INFO - Filling up the DagBag from /home/airflow/.local/lib/python3.9/site-packages/airflow/example_dags/example_branch_operator_decorator.py
[2025-04-22T06:28:40.315+0000] {processor.py:925} INFO - DAG(s) 'example_branch_python_operator_decorator' retrieved from /home/airflow/.local/lib/python3.9/site-packages/airflow/example_dags/example_branch_operator_decorator.py
[2025-04-22T06:28:40.342+0000] {logging_mixin.py:190} INFO - [2025-04-22T06:28:40.342+0000] {dag.py:3239} INFO - Sync 1 DAGs
[2025-04-22T06:28:40.364+0000] {logging_mixin.py:190} INFO - [2025-04-22T06:28:40.364+0000] {dag.py:4180} INFO - Setting next_dagrun for example_branch_python_operator_decorator to 2025-04-21 00:00:00+00:00, run_after=2025-04-22 00:00:00+00:00
[2025-04-22T06:28:40.383+0000] {processor.py:208} INFO - Processing /home/airflow/.local/lib/python3.9/site-packages/airflow/example_dags/example_branch_operator_decorator.py took 0.099 seconds
[2025-04-22T06:29:10.631+0000] {processor.py:186} INFO - Started process (PID=1118) to work on /home/airflow/.local/lib/python3.9/site-packages/airflow/example_dags/example_branch_operator_decorator.py
[2025-04-22T06:29:10.632+0000] {processor.py:914} INFO - Processing file /home/airflow/.local/lib/python3.9/site-packages/airflow/example_dags/example_branch_operator_decorator.py for tasks to queue
[2025-04-22T06:29:10.634+0000] {logging_mixin.py:190} INFO - [2025-04-22T06:29:10.634+0000] {dagbag.py:588} INFO - Filling up the DagBag from /home/airflow/.local/lib/python3.9/site-packages/airflow/example_dags/example_branch_operator_decorator.py
[2025-04-22T06:29:10.656+0000] {processor.py:925} INFO - DAG(s) 'example_branch_python_operator_decorator' retrieved from /home/airflow/.local/lib/python3.9/site-packages/airflow/example_dags/example_branch_operator_decorator.py
[2025-04-22T06:29:10.683+0000] {logging_mixin.py:190} INFO - [2025-04-22T06:29:10.683+0000] {dag.py:3239} INFO - Sync 1 DAGs
[2025-04-22T06:29:10.705+0000] {logging_mixin.py:190} INFO - [2025-04-22T06:29:10.705+0000] {dag.py:4180} INFO - Setting next_dagrun for example_branch_python_operator_decorator to 2025-04-21 00:00:00+00:00, run_after=2025-04-22 00:00:00+00:00
[2025-04-22T06:29:10.725+0000] {processor.py:208} INFO - Processing /home/airflow/.local/lib/python3.9/site-packages/airflow/example_dags/example_branch_operator_decorator.py took 0.101 seconds
[2025-04-22T06:29:41.463+0000] {processor.py:186} INFO - Started process (PID=1176) to work on /home/airflow/.local/lib/python3.9/site-packages/airflow/example_dags/example_branch_operator_decorator.py
[2025-04-22T06:29:41.464+0000] {processor.py:914} INFO - Processing file /home/airflow/.local/lib/python3.9/site-packages/airflow/example_dags/example_branch_operator_decorator.py for tasks to queue
[2025-04-22T06:29:41.466+0000] {logging_mixin.py:190} INFO - [2025-04-22T06:29:41.466+0000] {dagbag.py:588} INFO - Filling up the DagBag from /home/airflow/.local/lib/python3.9/site-packages/airflow/example_dags/example_branch_operator_decorator.py
[2025-04-22T06:29:41.487+0000] {processor.py:925} INFO - DAG(s) 'example_branch_python_operator_decorator' retrieved from /home/airflow/.local/lib/python3.9/site-packages/airflow/example_dags/example_branch_operator_decorator.py
[2025-04-22T06:29:41.515+0000] {logging_mixin.py:190} INFO - [2025-04-22T06:29:41.515+0000] {dag.py:3239} INFO - Sync 1 DAGs
[2025-04-22T06:29:41.538+0000] {logging_mixin.py:190} INFO - [2025-04-22T06:29:41.538+0000] {dag.py:4180} INFO - Setting next_dagrun for example_branch_python_operator_decorator to 2025-04-21 00:00:00+00:00, run_after=2025-04-22 00:00:00+00:00
[2025-04-22T06:29:41.557+0000] {processor.py:208} INFO - Processing /home/airflow/.local/lib/python3.9/site-packages/airflow/example_dags/example_branch_operator_decorator.py took 0.100 seconds
[2025-04-22T06:30:12.413+0000] {processor.py:186} INFO - Started process (PID=1234) to work on /home/airflow/.local/lib/python3.9/site-packages/airflow/example_dags/example_branch_operator_decorator.py
[2025-04-22T06:30:12.414+0000] {processor.py:914} INFO - Processing file /home/airflow/.local/lib/python3.9/site-packages/airflow/example_dags/example_branch_operator_decorator.py for tasks to queue
[2025-04-22T06:30:12.416+0000] {logging_mixin.py:190} INFO - [2025-04-22T06:30:12.416+0000] {dagbag.py:588} INFO - Filling up the DagBag from /home/airflow/.local/lib/python3.9/site-packages/airflow/example_dags/example_branch_operator_decorator.py
[2025-04-22T06:30:12.443+0000] {processor.py:925} INFO - DAG(s) 'example_branch_python_operator_decorator' retrieved from /home/airflow/.local/lib/python3.9/site-packages/airflow/example_dags/example_branch_operator_decorator.py
[2025-04-22T06:30:12.473+0000] {logging_mixin.py:190} INFO - [2025-04-22T06:30:12.472+0000] {dag.py:3239} INFO - Sync 1 DAGs
[2025-04-22T06:30:12.496+0000] {logging_mixin.py:190} INFO - [2025-04-22T06:30:12.496+0000] {dag.py:4180} INFO - Setting next_dagrun for example_branch_python_operator_decorator to 2025-04-21 00:00:00+00:00, run_after=2025-04-22 00:00:00+00:00
[2025-04-22T06:30:12.516+0000] {processor.py:208} INFO - Processing /home/airflow/.local/lib/python3.9/site-packages/airflow/example_dags/example_branch_operator_decorator.py took 0.109 seconds
[2025-04-22T06:30:42.972+0000] {processor.py:186} INFO - Started process (PID=1292) to work on /home/airflow/.local/lib/python3.9/site-packages/airflow/example_dags/example_branch_operator_decorator.py
[2025-04-22T06:30:42.974+0000] {processor.py:914} INFO - Processing file /home/airflow/.local/lib/python3.9/site-packages/airflow/example_dags/example_branch_operator_decorator.py for tasks to queue
[2025-04-22T06:30:42.980+0000] {logging_mixin.py:190} INFO - [2025-04-22T06:30:42.979+0000] {dagbag.py:588} INFO - Filling up the DagBag from /home/airflow/.local/lib/python3.9/site-packages/airflow/example_dags/example_branch_operator_decorator.py
[2025-04-22T06:30:43.023+0000] {processor.py:925} INFO - DAG(s) 'example_branch_python_operator_decorator' retrieved from /home/airflow/.local/lib/python3.9/site-packages/airflow/example_dags/example_branch_operator_decorator.py
[2025-04-22T06:30:43.111+0000] {logging_mixin.py:190} INFO - [2025-04-22T06:30:43.105+0000] {dag.py:3239} INFO - Sync 1 DAGs
[2025-04-22T06:30:43.173+0000] {logging_mixin.py:190} INFO - [2025-04-22T06:30:43.172+0000] {dag.py:4180} INFO - Setting next_dagrun for example_branch_python_operator_decorator to 2025-04-21 00:00:00+00:00, run_after=2025-04-22 00:00:00+00:00
[2025-04-22T06:30:43.208+0000] {processor.py:208} INFO - Processing /home/airflow/.local/lib/python3.9/site-packages/airflow/example_dags/example_branch_operator_decorator.py took 0.247 seconds
[2025-04-22T06:31:13.595+0000] {processor.py:186} INFO - Started process (PID=1349) to work on /home/airflow/.local/lib/python3.9/site-packages/airflow/example_dags/example_branch_operator_decorator.py
[2025-04-22T06:31:13.596+0000] {processor.py:914} INFO - Processing file /home/airflow/.local/lib/python3.9/site-packages/airflow/example_dags/example_branch_operator_decorator.py for tasks to queue
[2025-04-22T06:31:13.598+0000] {logging_mixin.py:190} INFO - [2025-04-22T06:31:13.598+0000] {dagbag.py:588} INFO - Filling up the DagBag from /home/airflow/.local/lib/python3.9/site-packages/airflow/example_dags/example_branch_operator_decorator.py
[2025-04-22T06:31:13.622+0000] {processor.py:925} INFO - DAG(s) 'example_branch_python_operator_decorator' retrieved from /home/airflow/.local/lib/python3.9/site-packages/airflow/example_dags/example_branch_operator_decorator.py
[2025-04-22T06:31:13.648+0000] {logging_mixin.py:190} INFO - [2025-04-22T06:31:13.648+0000] {dag.py:3239} INFO - Sync 1 DAGs
[2025-04-22T06:31:13.671+0000] {logging_mixin.py:190} INFO - [2025-04-22T06:31:13.670+0000] {dag.py:4180} INFO - Setting next_dagrun for example_branch_python_operator_decorator to 2025-04-21 00:00:00+00:00, run_after=2025-04-22 00:00:00+00:00
[2025-04-22T06:31:13.689+0000] {processor.py:208} INFO - Processing /home/airflow/.local/lib/python3.9/site-packages/airflow/example_dags/example_branch_operator_decorator.py took 0.101 seconds
[2025-04-22T06:31:43.813+0000] {processor.py:186} INFO - Started process (PID=1407) to work on /home/airflow/.local/lib/python3.9/site-packages/airflow/example_dags/example_branch_operator_decorator.py
[2025-04-22T06:31:43.814+0000] {processor.py:914} INFO - Processing file /home/airflow/.local/lib/python3.9/site-packages/airflow/example_dags/example_branch_operator_decorator.py for tasks to queue
[2025-04-22T06:31:43.816+0000] {logging_mixin.py:190} INFO - [2025-04-22T06:31:43.816+0000] {dagbag.py:588} INFO - Filling up the DagBag from /home/airflow/.local/lib/python3.9/site-packages/airflow/example_dags/example_branch_operator_decorator.py
[2025-04-22T06:31:43.841+0000] {processor.py:925} INFO - DAG(s) 'example_branch_python_operator_decorator' retrieved from /home/airflow/.local/lib/python3.9/site-packages/airflow/example_dags/example_branch_operator_decorator.py
[2025-04-22T06:31:43.868+0000] {logging_mixin.py:190} INFO - [2025-04-22T06:31:43.867+0000] {dag.py:3239} INFO - Sync 1 DAGs
[2025-04-22T06:31:43.892+0000] {logging_mixin.py:190} INFO - [2025-04-22T06:31:43.892+0000] {dag.py:4180} INFO - Setting next_dagrun for example_branch_python_operator_decorator to 2025-04-21 00:00:00+00:00, run_after=2025-04-22 00:00:00+00:00
[2025-04-22T06:31:43.908+0000] {processor.py:208} INFO - Processing /home/airflow/.local/lib/python3.9/site-packages/airflow/example_dags/example_branch_operator_decorator.py took 0.101 seconds
[2025-04-22T06:32:14.556+0000] {processor.py:186} INFO - Started process (PID=1465) to work on /home/airflow/.local/lib/python3.9/site-packages/airflow/example_dags/example_branch_operator_decorator.py
[2025-04-22T06:32:14.557+0000] {processor.py:914} INFO - Processing file /home/airflow/.local/lib/python3.9/site-packages/airflow/example_dags/example_branch_operator_decorator.py for tasks to queue
[2025-04-22T06:32:14.559+0000] {logging_mixin.py:190} INFO - [2025-04-22T06:32:14.559+0000] {dagbag.py:588} INFO - Filling up the DagBag from /home/airflow/.local/lib/python3.9/site-packages/airflow/example_dags/example_branch_operator_decorator.py
[2025-04-22T06:32:14.580+0000] {processor.py:925} INFO - DAG(s) 'example_branch_python_operator_decorator' retrieved from /home/airflow/.local/lib/python3.9/site-packages/airflow/example_dags/example_branch_operator_decorator.py
[2025-04-22T06:32:14.608+0000] {logging_mixin.py:190} INFO - [2025-04-22T06:32:14.608+0000] {dag.py:3239} INFO - Sync 1 DAGs
[2025-04-22T06:32:14.630+0000] {logging_mixin.py:190} INFO - [2025-04-22T06:32:14.630+0000] {dag.py:4180} INFO - Setting next_dagrun for example_branch_python_operator_decorator to 2025-04-21 00:00:00+00:00, run_after=2025-04-22 00:00:00+00:00
[2025-04-22T06:32:14.648+0000] {processor.py:208} INFO - Processing /home/airflow/.local/lib/python3.9/site-packages/airflow/example_dags/example_branch_operator_decorator.py took 0.098 seconds
