[2025-04-22T06:19:56.038+0000] {processor.py:186} INFO - Started process (PID=45) to work on /home/airflow/.local/lib/python3.9/site-packages/airflow/example_dags/example_branch_python_dop_operator_3.py
[2025-04-22T06:19:56.039+0000] {processor.py:914} INFO - Processing file /home/airflow/.local/lib/python3.9/site-packages/airflow/example_dags/example_branch_python_dop_operator_3.py for tasks to queue
[2025-04-22T06:19:56.045+0000] {logging_mixin.py:190} INFO - [2025-04-22T06:19:56.044+0000] {dagbag.py:588} INFO - Filling up the DagBag from /home/airflow/.local/lib/python3.9/site-packages/airflow/example_dags/example_branch_python_dop_operator_3.py
[2025-04-22T06:19:56.062+0000] {processor.py:925} INFO - DAG(s) 'example_branch_dop_operator_v3' retrieved from /home/airflow/.local/lib/python3.9/site-packages/airflow/example_dags/example_branch_python_dop_operator_3.py
[2025-04-22T06:19:56.107+0000] {logging_mixin.py:190} INFO - [2025-04-22T06:19:56.107+0000] {dag.py:3239} INFO - Sync 1 DAGs
[2025-04-22T06:19:56.158+0000] {logging_mixin.py:190} INFO - [2025-04-22T06:19:56.158+0000] {dag.py:4180} INFO - Setting next_dagrun for example_branch_dop_operator_v3 to 2025-04-22 06:18:00+00:00, run_after=2025-04-22 06:19:00+00:00
[2025-04-22T06:19:56.184+0000] {processor.py:208} INFO - Processing /home/airflow/.local/lib/python3.9/site-packages/airflow/example_dags/example_branch_python_dop_operator_3.py took 0.155 seconds
[2025-04-22T06:20:26.396+0000] {processor.py:186} INFO - Started process (PID=103) to work on /home/airflow/.local/lib/python3.9/site-packages/airflow/example_dags/example_branch_python_dop_operator_3.py
[2025-04-22T06:20:26.397+0000] {processor.py:914} INFO - Processing file /home/airflow/.local/lib/python3.9/site-packages/airflow/example_dags/example_branch_python_dop_operator_3.py for tasks to queue
[2025-04-22T06:20:26.399+0000] {logging_mixin.py:190} INFO - [2025-04-22T06:20:26.399+0000] {dagbag.py:588} INFO - Filling up the DagBag from /home/airflow/.local/lib/python3.9/site-packages/airflow/example_dags/example_branch_python_dop_operator_3.py
[2025-04-22T06:20:26.410+0000] {processor.py:925} INFO - DAG(s) 'example_branch_dop_operator_v3' retrieved from /home/airflow/.local/lib/python3.9/site-packages/airflow/example_dags/example_branch_python_dop_operator_3.py
[2025-04-22T06:20:26.430+0000] {logging_mixin.py:190} INFO - [2025-04-22T06:20:26.430+0000] {dag.py:3239} INFO - Sync 1 DAGs
[2025-04-22T06:20:26.465+0000] {logging_mixin.py:190} INFO - [2025-04-22T06:20:26.464+0000] {dag.py:4180} INFO - Setting next_dagrun for example_branch_dop_operator_v3 to 2025-04-22 06:19:00+00:00, run_after=2025-04-22 06:20:00+00:00
[2025-04-22T06:20:26.600+0000] {processor.py:208} INFO - Processing /home/airflow/.local/lib/python3.9/site-packages/airflow/example_dags/example_branch_python_dop_operator_3.py took 0.211 seconds
[2025-04-22T06:20:57.223+0000] {processor.py:186} INFO - Started process (PID=161) to work on /home/airflow/.local/lib/python3.9/site-packages/airflow/example_dags/example_branch_python_dop_operator_3.py
[2025-04-22T06:20:57.224+0000] {processor.py:914} INFO - Processing file /home/airflow/.local/lib/python3.9/site-packages/airflow/example_dags/example_branch_python_dop_operator_3.py for tasks to queue
[2025-04-22T06:20:57.228+0000] {logging_mixin.py:190} INFO - [2025-04-22T06:20:57.227+0000] {dagbag.py:588} INFO - Filling up the DagBag from /home/airflow/.local/lib/python3.9/site-packages/airflow/example_dags/example_branch_python_dop_operator_3.py
[2025-04-22T06:20:57.243+0000] {processor.py:925} INFO - DAG(s) 'example_branch_dop_operator_v3' retrieved from /home/airflow/.local/lib/python3.9/site-packages/airflow/example_dags/example_branch_python_dop_operator_3.py
[2025-04-22T06:20:57.265+0000] {logging_mixin.py:190} INFO - [2025-04-22T06:20:57.264+0000] {dag.py:3239} INFO - Sync 1 DAGs
[2025-04-22T06:20:57.302+0000] {logging_mixin.py:190} INFO - [2025-04-22T06:20:57.301+0000] {dag.py:4180} INFO - Setting next_dagrun for example_branch_dop_operator_v3 to 2025-04-22 06:19:00+00:00, run_after=2025-04-22 06:20:00+00:00
[2025-04-22T06:20:57.324+0000] {processor.py:208} INFO - Processing /home/airflow/.local/lib/python3.9/site-packages/airflow/example_dags/example_branch_python_dop_operator_3.py took 0.113 seconds
[2025-04-22T06:21:28.184+0000] {processor.py:186} INFO - Started process (PID=219) to work on /home/airflow/.local/lib/python3.9/site-packages/airflow/example_dags/example_branch_python_dop_operator_3.py
[2025-04-22T06:21:28.186+0000] {processor.py:914} INFO - Processing file /home/airflow/.local/lib/python3.9/site-packages/airflow/example_dags/example_branch_python_dop_operator_3.py for tasks to queue
[2025-04-22T06:21:28.189+0000] {logging_mixin.py:190} INFO - [2025-04-22T06:21:28.188+0000] {dagbag.py:588} INFO - Filling up the DagBag from /home/airflow/.local/lib/python3.9/site-packages/airflow/example_dags/example_branch_python_dop_operator_3.py
[2025-04-22T06:21:28.201+0000] {processor.py:925} INFO - DAG(s) 'example_branch_dop_operator_v3' retrieved from /home/airflow/.local/lib/python3.9/site-packages/airflow/example_dags/example_branch_python_dop_operator_3.py
[2025-04-22T06:21:28.224+0000] {logging_mixin.py:190} INFO - [2025-04-22T06:21:28.223+0000] {dag.py:3239} INFO - Sync 1 DAGs
[2025-04-22T06:21:28.254+0000] {logging_mixin.py:190} INFO - [2025-04-22T06:21:28.254+0000] {dag.py:4180} INFO - Setting next_dagrun for example_branch_dop_operator_v3 to 2025-04-22 06:20:00+00:00, run_after=2025-04-22 06:21:00+00:00
[2025-04-22T06:21:28.272+0000] {processor.py:208} INFO - Processing /home/airflow/.local/lib/python3.9/site-packages/airflow/example_dags/example_branch_python_dop_operator_3.py took 0.096 seconds
[2025-04-22T06:21:58.464+0000] {processor.py:186} INFO - Started process (PID=277) to work on /home/airflow/.local/lib/python3.9/site-packages/airflow/example_dags/example_branch_python_dop_operator_3.py
[2025-04-22T06:21:58.465+0000] {processor.py:914} INFO - Processing file /home/airflow/.local/lib/python3.9/site-packages/airflow/example_dags/example_branch_python_dop_operator_3.py for tasks to queue
[2025-04-22T06:21:58.468+0000] {logging_mixin.py:190} INFO - [2025-04-22T06:21:58.468+0000] {dagbag.py:588} INFO - Filling up the DagBag from /home/airflow/.local/lib/python3.9/site-packages/airflow/example_dags/example_branch_python_dop_operator_3.py
[2025-04-22T06:21:58.479+0000] {processor.py:925} INFO - DAG(s) 'example_branch_dop_operator_v3' retrieved from /home/airflow/.local/lib/python3.9/site-packages/airflow/example_dags/example_branch_python_dop_operator_3.py
[2025-04-22T06:21:58.498+0000] {logging_mixin.py:190} INFO - [2025-04-22T06:21:58.497+0000] {dag.py:3239} INFO - Sync 1 DAGs
[2025-04-22T06:21:58.544+0000] {logging_mixin.py:190} INFO - [2025-04-22T06:21:58.544+0000] {dag.py:4180} INFO - Setting next_dagrun for example_branch_dop_operator_v3 to 2025-04-22 06:20:00+00:00, run_after=2025-04-22 06:21:00+00:00
[2025-04-22T06:21:58.566+0000] {processor.py:208} INFO - Processing /home/airflow/.local/lib/python3.9/site-packages/airflow/example_dags/example_branch_python_dop_operator_3.py took 0.109 seconds
[2025-04-22T06:22:29.411+0000] {processor.py:186} INFO - Started process (PID=335) to work on /home/airflow/.local/lib/python3.9/site-packages/airflow/example_dags/example_branch_python_dop_operator_3.py
[2025-04-22T06:22:29.412+0000] {processor.py:914} INFO - Processing file /home/airflow/.local/lib/python3.9/site-packages/airflow/example_dags/example_branch_python_dop_operator_3.py for tasks to queue
[2025-04-22T06:22:29.415+0000] {logging_mixin.py:190} INFO - [2025-04-22T06:22:29.415+0000] {dagbag.py:588} INFO - Filling up the DagBag from /home/airflow/.local/lib/python3.9/site-packages/airflow/example_dags/example_branch_python_dop_operator_3.py
[2025-04-22T06:22:29.431+0000] {processor.py:925} INFO - DAG(s) 'example_branch_dop_operator_v3' retrieved from /home/airflow/.local/lib/python3.9/site-packages/airflow/example_dags/example_branch_python_dop_operator_3.py
[2025-04-22T06:22:29.458+0000] {logging_mixin.py:190} INFO - [2025-04-22T06:22:29.457+0000] {dag.py:3239} INFO - Sync 1 DAGs
[2025-04-22T06:22:29.494+0000] {logging_mixin.py:190} INFO - [2025-04-22T06:22:29.494+0000] {dag.py:4180} INFO - Setting next_dagrun for example_branch_dop_operator_v3 to 2025-04-22 06:21:00+00:00, run_after=2025-04-22 06:22:00+00:00
[2025-04-22T06:22:29.517+0000] {processor.py:208} INFO - Processing /home/airflow/.local/lib/python3.9/site-packages/airflow/example_dags/example_branch_python_dop_operator_3.py took 0.115 seconds
[2025-04-22T06:22:59.583+0000] {processor.py:186} INFO - Started process (PID=393) to work on /home/airflow/.local/lib/python3.9/site-packages/airflow/example_dags/example_branch_python_dop_operator_3.py
[2025-04-22T06:22:59.584+0000] {processor.py:914} INFO - Processing file /home/airflow/.local/lib/python3.9/site-packages/airflow/example_dags/example_branch_python_dop_operator_3.py for tasks to queue
[2025-04-22T06:22:59.586+0000] {logging_mixin.py:190} INFO - [2025-04-22T06:22:59.586+0000] {dagbag.py:588} INFO - Filling up the DagBag from /home/airflow/.local/lib/python3.9/site-packages/airflow/example_dags/example_branch_python_dop_operator_3.py
[2025-04-22T06:22:59.597+0000] {processor.py:925} INFO - DAG(s) 'example_branch_dop_operator_v3' retrieved from /home/airflow/.local/lib/python3.9/site-packages/airflow/example_dags/example_branch_python_dop_operator_3.py
[2025-04-22T06:22:59.615+0000] {logging_mixin.py:190} INFO - [2025-04-22T06:22:59.615+0000] {dag.py:3239} INFO - Sync 1 DAGs
[2025-04-22T06:22:59.650+0000] {logging_mixin.py:190} INFO - [2025-04-22T06:22:59.650+0000] {dag.py:4180} INFO - Setting next_dagrun for example_branch_dop_operator_v3 to 2025-04-22 06:21:00+00:00, run_after=2025-04-22 06:22:00+00:00
[2025-04-22T06:22:59.671+0000] {processor.py:208} INFO - Processing /home/airflow/.local/lib/python3.9/site-packages/airflow/example_dags/example_branch_python_dop_operator_3.py took 0.094 seconds
[2025-04-22T06:23:29.745+0000] {processor.py:186} INFO - Started process (PID=451) to work on /home/airflow/.local/lib/python3.9/site-packages/airflow/example_dags/example_branch_python_dop_operator_3.py
[2025-04-22T06:23:29.746+0000] {processor.py:914} INFO - Processing file /home/airflow/.local/lib/python3.9/site-packages/airflow/example_dags/example_branch_python_dop_operator_3.py for tasks to queue
[2025-04-22T06:23:29.749+0000] {logging_mixin.py:190} INFO - [2025-04-22T06:23:29.749+0000] {dagbag.py:588} INFO - Filling up the DagBag from /home/airflow/.local/lib/python3.9/site-packages/airflow/example_dags/example_branch_python_dop_operator_3.py
[2025-04-22T06:23:29.760+0000] {processor.py:925} INFO - DAG(s) 'example_branch_dop_operator_v3' retrieved from /home/airflow/.local/lib/python3.9/site-packages/airflow/example_dags/example_branch_python_dop_operator_3.py
[2025-04-22T06:23:29.777+0000] {logging_mixin.py:190} INFO - [2025-04-22T06:23:29.777+0000] {dag.py:3239} INFO - Sync 1 DAGs
[2025-04-22T06:23:29.805+0000] {logging_mixin.py:190} INFO - [2025-04-22T06:23:29.805+0000] {dag.py:4180} INFO - Setting next_dagrun for example_branch_dop_operator_v3 to 2025-04-22 06:22:00+00:00, run_after=2025-04-22 06:23:00+00:00
[2025-04-22T06:23:29.826+0000] {processor.py:208} INFO - Processing /home/airflow/.local/lib/python3.9/site-packages/airflow/example_dags/example_branch_python_dop_operator_3.py took 0.088 seconds
[2025-04-22T06:24:00.742+0000] {processor.py:186} INFO - Started process (PID=509) to work on /home/airflow/.local/lib/python3.9/site-packages/airflow/example_dags/example_branch_python_dop_operator_3.py
[2025-04-22T06:24:00.743+0000] {processor.py:914} INFO - Processing file /home/airflow/.local/lib/python3.9/site-packages/airflow/example_dags/example_branch_python_dop_operator_3.py for tasks to queue
[2025-04-22T06:24:00.746+0000] {logging_mixin.py:190} INFO - [2025-04-22T06:24:00.745+0000] {dagbag.py:588} INFO - Filling up the DagBag from /home/airflow/.local/lib/python3.9/site-packages/airflow/example_dags/example_branch_python_dop_operator_3.py
[2025-04-22T06:24:00.756+0000] {processor.py:925} INFO - DAG(s) 'example_branch_dop_operator_v3' retrieved from /home/airflow/.local/lib/python3.9/site-packages/airflow/example_dags/example_branch_python_dop_operator_3.py
[2025-04-22T06:24:00.773+0000] {logging_mixin.py:190} INFO - [2025-04-22T06:24:00.772+0000] {dag.py:3239} INFO - Sync 1 DAGs
[2025-04-22T06:24:00.798+0000] {logging_mixin.py:190} INFO - [2025-04-22T06:24:00.798+0000] {dag.py:4180} INFO - Setting next_dagrun for example_branch_dop_operator_v3 to 2025-04-22 06:23:00+00:00, run_after=2025-04-22 06:24:00+00:00
[2025-04-22T06:24:00.817+0000] {processor.py:208} INFO - Processing /home/airflow/.local/lib/python3.9/site-packages/airflow/example_dags/example_branch_python_dop_operator_3.py took 0.081 seconds
[2025-04-22T06:24:30.900+0000] {processor.py:186} INFO - Started process (PID=567) to work on /home/airflow/.local/lib/python3.9/site-packages/airflow/example_dags/example_branch_python_dop_operator_3.py
[2025-04-22T06:24:30.901+0000] {processor.py:914} INFO - Processing file /home/airflow/.local/lib/python3.9/site-packages/airflow/example_dags/example_branch_python_dop_operator_3.py for tasks to queue
[2025-04-22T06:24:30.903+0000] {logging_mixin.py:190} INFO - [2025-04-22T06:24:30.903+0000] {dagbag.py:588} INFO - Filling up the DagBag from /home/airflow/.local/lib/python3.9/site-packages/airflow/example_dags/example_branch_python_dop_operator_3.py
[2025-04-22T06:24:30.914+0000] {processor.py:925} INFO - DAG(s) 'example_branch_dop_operator_v3' retrieved from /home/airflow/.local/lib/python3.9/site-packages/airflow/example_dags/example_branch_python_dop_operator_3.py
[2025-04-22T06:24:30.932+0000] {logging_mixin.py:190} INFO - [2025-04-22T06:24:30.932+0000] {dag.py:3239} INFO - Sync 1 DAGs
[2025-04-22T06:24:30.958+0000] {logging_mixin.py:190} INFO - [2025-04-22T06:24:30.958+0000] {dag.py:4180} INFO - Setting next_dagrun for example_branch_dop_operator_v3 to 2025-04-22 06:23:00+00:00, run_after=2025-04-22 06:24:00+00:00
[2025-04-22T06:24:30.976+0000] {processor.py:208} INFO - Processing /home/airflow/.local/lib/python3.9/site-packages/airflow/example_dags/example_branch_python_dop_operator_3.py took 0.082 seconds
[2025-04-22T06:25:01.529+0000] {processor.py:186} INFO - Started process (PID=625) to work on /home/airflow/.local/lib/python3.9/site-packages/airflow/example_dags/example_branch_python_dop_operator_3.py
[2025-04-22T06:25:01.530+0000] {processor.py:914} INFO - Processing file /home/airflow/.local/lib/python3.9/site-packages/airflow/example_dags/example_branch_python_dop_operator_3.py for tasks to queue
[2025-04-22T06:25:01.533+0000] {logging_mixin.py:190} INFO - [2025-04-22T06:25:01.532+0000] {dagbag.py:588} INFO - Filling up the DagBag from /home/airflow/.local/lib/python3.9/site-packages/airflow/example_dags/example_branch_python_dop_operator_3.py
[2025-04-22T06:25:01.543+0000] {processor.py:925} INFO - DAG(s) 'example_branch_dop_operator_v3' retrieved from /home/airflow/.local/lib/python3.9/site-packages/airflow/example_dags/example_branch_python_dop_operator_3.py
[2025-04-22T06:25:01.562+0000] {logging_mixin.py:190} INFO - [2025-04-22T06:25:01.562+0000] {dag.py:3239} INFO - Sync 1 DAGs
[2025-04-22T06:25:01.589+0000] {logging_mixin.py:190} INFO - [2025-04-22T06:25:01.589+0000] {dag.py:4180} INFO - Setting next_dagrun for example_branch_dop_operator_v3 to 2025-04-22 06:24:00+00:00, run_after=2025-04-22 06:25:00+00:00
[2025-04-22T06:25:01.610+0000] {processor.py:208} INFO - Processing /home/airflow/.local/lib/python3.9/site-packages/airflow/example_dags/example_branch_python_dop_operator_3.py took 0.087 seconds
[2025-04-22T06:25:31.725+0000] {processor.py:186} INFO - Started process (PID=683) to work on /home/airflow/.local/lib/python3.9/site-packages/airflow/example_dags/example_branch_python_dop_operator_3.py
[2025-04-22T06:25:31.726+0000] {processor.py:914} INFO - Processing file /home/airflow/.local/lib/python3.9/site-packages/airflow/example_dags/example_branch_python_dop_operator_3.py for tasks to queue
[2025-04-22T06:25:31.730+0000] {logging_mixin.py:190} INFO - [2025-04-22T06:25:31.730+0000] {dagbag.py:588} INFO - Filling up the DagBag from /home/airflow/.local/lib/python3.9/site-packages/airflow/example_dags/example_branch_python_dop_operator_3.py
[2025-04-22T06:25:31.742+0000] {processor.py:925} INFO - DAG(s) 'example_branch_dop_operator_v3' retrieved from /home/airflow/.local/lib/python3.9/site-packages/airflow/example_dags/example_branch_python_dop_operator_3.py
[2025-04-22T06:25:31.763+0000] {logging_mixin.py:190} INFO - [2025-04-22T06:25:31.762+0000] {dag.py:3239} INFO - Sync 1 DAGs
[2025-04-22T06:25:31.795+0000] {logging_mixin.py:190} INFO - [2025-04-22T06:25:31.794+0000] {dag.py:4180} INFO - Setting next_dagrun for example_branch_dop_operator_v3 to 2025-04-22 06:24:00+00:00, run_after=2025-04-22 06:25:00+00:00
[2025-04-22T06:25:31.815+0000] {processor.py:208} INFO - Processing /home/airflow/.local/lib/python3.9/site-packages/airflow/example_dags/example_branch_python_dop_operator_3.py took 0.097 seconds
[2025-04-22T06:26:02.531+0000] {processor.py:186} INFO - Started process (PID=741) to work on /home/airflow/.local/lib/python3.9/site-packages/airflow/example_dags/example_branch_python_dop_operator_3.py
[2025-04-22T06:26:02.535+0000] {processor.py:914} INFO - Processing file /home/airflow/.local/lib/python3.9/site-packages/airflow/example_dags/example_branch_python_dop_operator_3.py for tasks to queue
[2025-04-22T06:26:02.538+0000] {logging_mixin.py:190} INFO - [2025-04-22T06:26:02.538+0000] {dagbag.py:588} INFO - Filling up the DagBag from /home/airflow/.local/lib/python3.9/site-packages/airflow/example_dags/example_branch_python_dop_operator_3.py
[2025-04-22T06:26:02.556+0000] {processor.py:925} INFO - DAG(s) 'example_branch_dop_operator_v3' retrieved from /home/airflow/.local/lib/python3.9/site-packages/airflow/example_dags/example_branch_python_dop_operator_3.py
[2025-04-22T06:26:02.581+0000] {logging_mixin.py:190} INFO - [2025-04-22T06:26:02.581+0000] {dag.py:3239} INFO - Sync 1 DAGs
[2025-04-22T06:26:02.617+0000] {logging_mixin.py:190} INFO - [2025-04-22T06:26:02.617+0000] {dag.py:4180} INFO - Setting next_dagrun for example_branch_dop_operator_v3 to 2025-04-22 06:25:00+00:00, run_after=2025-04-22 06:26:00+00:00
[2025-04-22T06:26:02.638+0000] {processor.py:208} INFO - Processing /home/airflow/.local/lib/python3.9/site-packages/airflow/example_dags/example_branch_python_dop_operator_3.py took 0.117 seconds
[2025-04-22T06:26:33.202+0000] {processor.py:186} INFO - Started process (PID=799) to work on /home/airflow/.local/lib/python3.9/site-packages/airflow/example_dags/example_branch_python_dop_operator_3.py
[2025-04-22T06:26:33.203+0000] {processor.py:914} INFO - Processing file /home/airflow/.local/lib/python3.9/site-packages/airflow/example_dags/example_branch_python_dop_operator_3.py for tasks to queue
[2025-04-22T06:26:33.206+0000] {logging_mixin.py:190} INFO - [2025-04-22T06:26:33.206+0000] {dagbag.py:588} INFO - Filling up the DagBag from /home/airflow/.local/lib/python3.9/site-packages/airflow/example_dags/example_branch_python_dop_operator_3.py
[2025-04-22T06:26:33.217+0000] {processor.py:925} INFO - DAG(s) 'example_branch_dop_operator_v3' retrieved from /home/airflow/.local/lib/python3.9/site-packages/airflow/example_dags/example_branch_python_dop_operator_3.py
[2025-04-22T06:26:33.237+0000] {logging_mixin.py:190} INFO - [2025-04-22T06:26:33.236+0000] {dag.py:3239} INFO - Sync 1 DAGs
[2025-04-22T06:26:33.263+0000] {logging_mixin.py:190} INFO - [2025-04-22T06:26:33.263+0000] {dag.py:4180} INFO - Setting next_dagrun for example_branch_dop_operator_v3 to 2025-04-22 06:25:00+00:00, run_after=2025-04-22 06:26:00+00:00
[2025-04-22T06:26:33.279+0000] {processor.py:208} INFO - Processing /home/airflow/.local/lib/python3.9/site-packages/airflow/example_dags/example_branch_python_dop_operator_3.py took 0.083 seconds
[2025-04-22T06:27:03.723+0000] {processor.py:186} INFO - Started process (PID=857) to work on /home/airflow/.local/lib/python3.9/site-packages/airflow/example_dags/example_branch_python_dop_operator_3.py
[2025-04-22T06:27:03.723+0000] {processor.py:914} INFO - Processing file /home/airflow/.local/lib/python3.9/site-packages/airflow/example_dags/example_branch_python_dop_operator_3.py for tasks to queue
[2025-04-22T06:27:03.726+0000] {logging_mixin.py:190} INFO - [2025-04-22T06:27:03.726+0000] {dagbag.py:588} INFO - Filling up the DagBag from /home/airflow/.local/lib/python3.9/site-packages/airflow/example_dags/example_branch_python_dop_operator_3.py
[2025-04-22T06:27:03.736+0000] {processor.py:925} INFO - DAG(s) 'example_branch_dop_operator_v3' retrieved from /home/airflow/.local/lib/python3.9/site-packages/airflow/example_dags/example_branch_python_dop_operator_3.py
[2025-04-22T06:27:03.754+0000] {logging_mixin.py:190} INFO - [2025-04-22T06:27:03.754+0000] {dag.py:3239} INFO - Sync 1 DAGs
[2025-04-22T06:27:03.780+0000] {logging_mixin.py:190} INFO - [2025-04-22T06:27:03.780+0000] {dag.py:4180} INFO - Setting next_dagrun for example_branch_dop_operator_v3 to 2025-04-22 06:26:00+00:00, run_after=2025-04-22 06:27:00+00:00
[2025-04-22T06:27:03.800+0000] {processor.py:208} INFO - Processing /home/airflow/.local/lib/python3.9/site-packages/airflow/example_dags/example_branch_python_dop_operator_3.py took 0.083 seconds
[2025-04-22T06:27:34.068+0000] {processor.py:186} INFO - Started process (PID=915) to work on /home/airflow/.local/lib/python3.9/site-packages/airflow/example_dags/example_branch_python_dop_operator_3.py
[2025-04-22T06:27:34.069+0000] {processor.py:914} INFO - Processing file /home/airflow/.local/lib/python3.9/site-packages/airflow/example_dags/example_branch_python_dop_operator_3.py for tasks to queue
[2025-04-22T06:27:34.072+0000] {logging_mixin.py:190} INFO - [2025-04-22T06:27:34.072+0000] {dagbag.py:588} INFO - Filling up the DagBag from /home/airflow/.local/lib/python3.9/site-packages/airflow/example_dags/example_branch_python_dop_operator_3.py
[2025-04-22T06:27:34.082+0000] {processor.py:925} INFO - DAG(s) 'example_branch_dop_operator_v3' retrieved from /home/airflow/.local/lib/python3.9/site-packages/airflow/example_dags/example_branch_python_dop_operator_3.py
[2025-04-22T06:27:34.100+0000] {logging_mixin.py:190} INFO - [2025-04-22T06:27:34.100+0000] {dag.py:3239} INFO - Sync 1 DAGs
[2025-04-22T06:27:34.130+0000] {logging_mixin.py:190} INFO - [2025-04-22T06:27:34.129+0000] {dag.py:4180} INFO - Setting next_dagrun for example_branch_dop_operator_v3 to 2025-04-22 06:26:00+00:00, run_after=2025-04-22 06:27:00+00:00
[2025-04-22T06:27:34.149+0000] {processor.py:208} INFO - Processing /home/airflow/.local/lib/python3.9/site-packages/airflow/example_dags/example_branch_python_dop_operator_3.py took 0.088 seconds
[2025-04-22T06:28:04.765+0000] {processor.py:186} INFO - Started process (PID=973) to work on /home/airflow/.local/lib/python3.9/site-packages/airflow/example_dags/example_branch_python_dop_operator_3.py
[2025-04-22T06:28:04.766+0000] {processor.py:914} INFO - Processing file /home/airflow/.local/lib/python3.9/site-packages/airflow/example_dags/example_branch_python_dop_operator_3.py for tasks to queue
[2025-04-22T06:28:04.769+0000] {logging_mixin.py:190} INFO - [2025-04-22T06:28:04.769+0000] {dagbag.py:588} INFO - Filling up the DagBag from /home/airflow/.local/lib/python3.9/site-packages/airflow/example_dags/example_branch_python_dop_operator_3.py
[2025-04-22T06:28:04.779+0000] {processor.py:925} INFO - DAG(s) 'example_branch_dop_operator_v3' retrieved from /home/airflow/.local/lib/python3.9/site-packages/airflow/example_dags/example_branch_python_dop_operator_3.py
[2025-04-22T06:28:04.798+0000] {logging_mixin.py:190} INFO - [2025-04-22T06:28:04.798+0000] {dag.py:3239} INFO - Sync 1 DAGs
[2025-04-22T06:28:04.825+0000] {logging_mixin.py:190} INFO - [2025-04-22T06:28:04.825+0000] {dag.py:4180} INFO - Setting next_dagrun for example_branch_dop_operator_v3 to 2025-04-22 06:27:00+00:00, run_after=2025-04-22 06:28:00+00:00
[2025-04-22T06:28:04.844+0000] {processor.py:208} INFO - Processing /home/airflow/.local/lib/python3.9/site-packages/airflow/example_dags/example_branch_python_dop_operator_3.py took 0.085 seconds
[2025-04-22T06:28:35.644+0000] {processor.py:186} INFO - Started process (PID=1031) to work on /home/airflow/.local/lib/python3.9/site-packages/airflow/example_dags/example_branch_python_dop_operator_3.py
[2025-04-22T06:28:35.645+0000] {processor.py:914} INFO - Processing file /home/airflow/.local/lib/python3.9/site-packages/airflow/example_dags/example_branch_python_dop_operator_3.py for tasks to queue
[2025-04-22T06:28:35.647+0000] {logging_mixin.py:190} INFO - [2025-04-22T06:28:35.647+0000] {dagbag.py:588} INFO - Filling up the DagBag from /home/airflow/.local/lib/python3.9/site-packages/airflow/example_dags/example_branch_python_dop_operator_3.py
[2025-04-22T06:28:35.657+0000] {processor.py:925} INFO - DAG(s) 'example_branch_dop_operator_v3' retrieved from /home/airflow/.local/lib/python3.9/site-packages/airflow/example_dags/example_branch_python_dop_operator_3.py
[2025-04-22T06:28:35.675+0000] {logging_mixin.py:190} INFO - [2025-04-22T06:28:35.675+0000] {dag.py:3239} INFO - Sync 1 DAGs
[2025-04-22T06:28:35.702+0000] {logging_mixin.py:190} INFO - [2025-04-22T06:28:35.701+0000] {dag.py:4180} INFO - Setting next_dagrun for example_branch_dop_operator_v3 to 2025-04-22 06:27:00+00:00, run_after=2025-04-22 06:28:00+00:00
[2025-04-22T06:28:35.721+0000] {processor.py:208} INFO - Processing /home/airflow/.local/lib/python3.9/site-packages/airflow/example_dags/example_branch_python_dop_operator_3.py took 0.083 seconds
[2025-04-22T06:29:05.999+0000] {processor.py:186} INFO - Started process (PID=1089) to work on /home/airflow/.local/lib/python3.9/site-packages/airflow/example_dags/example_branch_python_dop_operator_3.py
[2025-04-22T06:29:06.000+0000] {processor.py:914} INFO - Processing file /home/airflow/.local/lib/python3.9/site-packages/airflow/example_dags/example_branch_python_dop_operator_3.py for tasks to queue
[2025-04-22T06:29:06.003+0000] {logging_mixin.py:190} INFO - [2025-04-22T06:29:06.002+0000] {dagbag.py:588} INFO - Filling up the DagBag from /home/airflow/.local/lib/python3.9/site-packages/airflow/example_dags/example_branch_python_dop_operator_3.py
[2025-04-22T06:29:06.013+0000] {processor.py:925} INFO - DAG(s) 'example_branch_dop_operator_v3' retrieved from /home/airflow/.local/lib/python3.9/site-packages/airflow/example_dags/example_branch_python_dop_operator_3.py
[2025-04-22T06:29:06.030+0000] {logging_mixin.py:190} INFO - [2025-04-22T06:29:06.029+0000] {dag.py:3239} INFO - Sync 1 DAGs
[2025-04-22T06:29:06.057+0000] {logging_mixin.py:190} INFO - [2025-04-22T06:29:06.056+0000] {dag.py:4180} INFO - Setting next_dagrun for example_branch_dop_operator_v3 to 2025-04-22 06:28:00+00:00, run_after=2025-04-22 06:29:00+00:00
[2025-04-22T06:29:06.076+0000] {processor.py:208} INFO - Processing /home/airflow/.local/lib/python3.9/site-packages/airflow/example_dags/example_branch_python_dop_operator_3.py took 0.083 seconds
[2025-04-22T06:29:36.787+0000] {processor.py:186} INFO - Started process (PID=1147) to work on /home/airflow/.local/lib/python3.9/site-packages/airflow/example_dags/example_branch_python_dop_operator_3.py
[2025-04-22T06:29:36.788+0000] {processor.py:914} INFO - Processing file /home/airflow/.local/lib/python3.9/site-packages/airflow/example_dags/example_branch_python_dop_operator_3.py for tasks to queue
[2025-04-22T06:29:36.790+0000] {logging_mixin.py:190} INFO - [2025-04-22T06:29:36.790+0000] {dagbag.py:588} INFO - Filling up the DagBag from /home/airflow/.local/lib/python3.9/site-packages/airflow/example_dags/example_branch_python_dop_operator_3.py
[2025-04-22T06:29:36.800+0000] {processor.py:925} INFO - DAG(s) 'example_branch_dop_operator_v3' retrieved from /home/airflow/.local/lib/python3.9/site-packages/airflow/example_dags/example_branch_python_dop_operator_3.py
[2025-04-22T06:29:36.818+0000] {logging_mixin.py:190} INFO - [2025-04-22T06:29:36.818+0000] {dag.py:3239} INFO - Sync 1 DAGs
[2025-04-22T06:29:36.844+0000] {logging_mixin.py:190} INFO - [2025-04-22T06:29:36.844+0000] {dag.py:4180} INFO - Setting next_dagrun for example_branch_dop_operator_v3 to 2025-04-22 06:28:00+00:00, run_after=2025-04-22 06:29:00+00:00
[2025-04-22T06:29:36.863+0000] {processor.py:208} INFO - Processing /home/airflow/.local/lib/python3.9/site-packages/airflow/example_dags/example_branch_python_dop_operator_3.py took 0.083 seconds
[2025-04-22T06:30:07.311+0000] {processor.py:186} INFO - Started process (PID=1205) to work on /home/airflow/.local/lib/python3.9/site-packages/airflow/example_dags/example_branch_python_dop_operator_3.py
[2025-04-22T06:30:07.312+0000] {processor.py:914} INFO - Processing file /home/airflow/.local/lib/python3.9/site-packages/airflow/example_dags/example_branch_python_dop_operator_3.py for tasks to queue
[2025-04-22T06:30:07.314+0000] {logging_mixin.py:190} INFO - [2025-04-22T06:30:07.314+0000] {dagbag.py:588} INFO - Filling up the DagBag from /home/airflow/.local/lib/python3.9/site-packages/airflow/example_dags/example_branch_python_dop_operator_3.py
[2025-04-22T06:30:07.327+0000] {processor.py:925} INFO - DAG(s) 'example_branch_dop_operator_v3' retrieved from /home/airflow/.local/lib/python3.9/site-packages/airflow/example_dags/example_branch_python_dop_operator_3.py
[2025-04-22T06:30:07.347+0000] {logging_mixin.py:190} INFO - [2025-04-22T06:30:07.347+0000] {dag.py:3239} INFO - Sync 1 DAGs
[2025-04-22T06:30:07.375+0000] {logging_mixin.py:190} INFO - [2025-04-22T06:30:07.375+0000] {dag.py:4180} INFO - Setting next_dagrun for example_branch_dop_operator_v3 to 2025-04-22 06:29:00+00:00, run_after=2025-04-22 06:30:00+00:00
[2025-04-22T06:30:07.394+0000] {processor.py:208} INFO - Processing /home/airflow/.local/lib/python3.9/site-packages/airflow/example_dags/example_branch_python_dop_operator_3.py took 0.090 seconds
[2025-04-22T06:30:37.508+0000] {processor.py:186} INFO - Started process (PID=1263) to work on /home/airflow/.local/lib/python3.9/site-packages/airflow/example_dags/example_branch_python_dop_operator_3.py
[2025-04-22T06:30:37.509+0000] {processor.py:914} INFO - Processing file /home/airflow/.local/lib/python3.9/site-packages/airflow/example_dags/example_branch_python_dop_operator_3.py for tasks to queue
[2025-04-22T06:30:37.512+0000] {logging_mixin.py:190} INFO - [2025-04-22T06:30:37.512+0000] {dagbag.py:588} INFO - Filling up the DagBag from /home/airflow/.local/lib/python3.9/site-packages/airflow/example_dags/example_branch_python_dop_operator_3.py
[2025-04-22T06:30:37.523+0000] {processor.py:925} INFO - DAG(s) 'example_branch_dop_operator_v3' retrieved from /home/airflow/.local/lib/python3.9/site-packages/airflow/example_dags/example_branch_python_dop_operator_3.py
[2025-04-22T06:30:37.541+0000] {logging_mixin.py:190} INFO - [2025-04-22T06:30:37.540+0000] {dag.py:3239} INFO - Sync 1 DAGs
[2025-04-22T06:30:37.569+0000] {logging_mixin.py:190} INFO - [2025-04-22T06:30:37.569+0000] {dag.py:4180} INFO - Setting next_dagrun for example_branch_dop_operator_v3 to 2025-04-22 06:29:00+00:00, run_after=2025-04-22 06:30:00+00:00
[2025-04-22T06:30:37.590+0000] {processor.py:208} INFO - Processing /home/airflow/.local/lib/python3.9/site-packages/airflow/example_dags/example_branch_python_dop_operator_3.py took 0.088 seconds
[2025-04-22T06:31:08.065+0000] {processor.py:186} INFO - Started process (PID=1321) to work on /home/airflow/.local/lib/python3.9/site-packages/airflow/example_dags/example_branch_python_dop_operator_3.py
[2025-04-22T06:31:08.066+0000] {processor.py:914} INFO - Processing file /home/airflow/.local/lib/python3.9/site-packages/airflow/example_dags/example_branch_python_dop_operator_3.py for tasks to queue
[2025-04-22T06:31:08.068+0000] {logging_mixin.py:190} INFO - [2025-04-22T06:31:08.068+0000] {dagbag.py:588} INFO - Filling up the DagBag from /home/airflow/.local/lib/python3.9/site-packages/airflow/example_dags/example_branch_python_dop_operator_3.py
[2025-04-22T06:31:08.080+0000] {processor.py:925} INFO - DAG(s) 'example_branch_dop_operator_v3' retrieved from /home/airflow/.local/lib/python3.9/site-packages/airflow/example_dags/example_branch_python_dop_operator_3.py
[2025-04-22T06:31:08.098+0000] {logging_mixin.py:190} INFO - [2025-04-22T06:31:08.098+0000] {dag.py:3239} INFO - Sync 1 DAGs
[2025-04-22T06:31:08.124+0000] {logging_mixin.py:190} INFO - [2025-04-22T06:31:08.124+0000] {dag.py:4180} INFO - Setting next_dagrun for example_branch_dop_operator_v3 to 2025-04-22 06:30:00+00:00, run_after=2025-04-22 06:31:00+00:00
[2025-04-22T06:31:08.143+0000] {processor.py:208} INFO - Processing /home/airflow/.local/lib/python3.9/site-packages/airflow/example_dags/example_branch_python_dop_operator_3.py took 0.084 seconds
[2025-04-22T06:31:38.304+0000] {processor.py:186} INFO - Started process (PID=1379) to work on /home/airflow/.local/lib/python3.9/site-packages/airflow/example_dags/example_branch_python_dop_operator_3.py
[2025-04-22T06:31:38.305+0000] {processor.py:914} INFO - Processing file /home/airflow/.local/lib/python3.9/site-packages/airflow/example_dags/example_branch_python_dop_operator_3.py for tasks to queue
[2025-04-22T06:31:38.307+0000] {logging_mixin.py:190} INFO - [2025-04-22T06:31:38.307+0000] {dagbag.py:588} INFO - Filling up the DagBag from /home/airflow/.local/lib/python3.9/site-packages/airflow/example_dags/example_branch_python_dop_operator_3.py
[2025-04-22T06:31:38.317+0000] {processor.py:925} INFO - DAG(s) 'example_branch_dop_operator_v3' retrieved from /home/airflow/.local/lib/python3.9/site-packages/airflow/example_dags/example_branch_python_dop_operator_3.py
[2025-04-22T06:31:38.335+0000] {logging_mixin.py:190} INFO - [2025-04-22T06:31:38.335+0000] {dag.py:3239} INFO - Sync 1 DAGs
[2025-04-22T06:31:38.360+0000] {logging_mixin.py:190} INFO - [2025-04-22T06:31:38.360+0000] {dag.py:4180} INFO - Setting next_dagrun for example_branch_dop_operator_v3 to 2025-04-22 06:30:00+00:00, run_after=2025-04-22 06:31:00+00:00
[2025-04-22T06:31:38.378+0000] {processor.py:208} INFO - Processing /home/airflow/.local/lib/python3.9/site-packages/airflow/example_dags/example_branch_python_dop_operator_3.py took 0.080 seconds
[2025-04-22T06:32:09.032+0000] {processor.py:186} INFO - Started process (PID=1437) to work on /home/airflow/.local/lib/python3.9/site-packages/airflow/example_dags/example_branch_python_dop_operator_3.py
[2025-04-22T06:32:09.033+0000] {processor.py:914} INFO - Processing file /home/airflow/.local/lib/python3.9/site-packages/airflow/example_dags/example_branch_python_dop_operator_3.py for tasks to queue
[2025-04-22T06:32:09.035+0000] {logging_mixin.py:190} INFO - [2025-04-22T06:32:09.035+0000] {dagbag.py:588} INFO - Filling up the DagBag from /home/airflow/.local/lib/python3.9/site-packages/airflow/example_dags/example_branch_python_dop_operator_3.py
[2025-04-22T06:32:09.047+0000] {processor.py:925} INFO - DAG(s) 'example_branch_dop_operator_v3' retrieved from /home/airflow/.local/lib/python3.9/site-packages/airflow/example_dags/example_branch_python_dop_operator_3.py
[2025-04-22T06:32:09.064+0000] {logging_mixin.py:190} INFO - [2025-04-22T06:32:09.064+0000] {dag.py:3239} INFO - Sync 1 DAGs
[2025-04-22T06:32:09.090+0000] {logging_mixin.py:190} INFO - [2025-04-22T06:32:09.090+0000] {dag.py:4180} INFO - Setting next_dagrun for example_branch_dop_operator_v3 to 2025-04-22 06:31:00+00:00, run_after=2025-04-22 06:32:00+00:00
[2025-04-22T06:32:09.109+0000] {processor.py:208} INFO - Processing /home/airflow/.local/lib/python3.9/site-packages/airflow/example_dags/example_branch_python_dop_operator_3.py took 0.083 seconds
