[2025-04-22T06:19:59.761+0000] {processor.py:186} INFO - Started process (PID=75) to work on /home/airflow/.local/lib/python3.9/site-packages/airflow/example_dags/example_short_circuit_decorator.py
[2025-04-22T06:19:59.762+0000] {processor.py:914} INFO - Processing file /home/airflow/.local/lib/python3.9/site-packages/airflow/example_dags/example_short_circuit_decorator.py for tasks to queue
[2025-04-22T06:19:59.765+0000] {logging_mixin.py:190} INFO - [2025-04-22T06:19:59.764+0000] {dagbag.py:588} INFO - Filling up the DagBag from /home/airflow/.local/lib/python3.9/site-packages/airflow/example_dags/example_short_circuit_decorator.py
[2025-04-22T06:19:59.787+0000] {processor.py:925} INFO - DAG(s) 'example_short_circuit_decorator' retrieved from /home/airflow/.local/lib/python3.9/site-packages/airflow/example_dags/example_short_circuit_decorator.py
[2025-04-22T06:19:59.821+0000] {logging_mixin.py:190} INFO - [2025-04-22T06:19:59.820+0000] {dag.py:3239} INFO - Sync 1 DAGs
[2025-04-22T06:19:59.839+0000] {logging_mixin.py:190} INFO - [2025-04-22T06:19:59.839+0000] {dag.py:4180} INFO - Setting next_dagrun for example_short_circuit_decorator to None, run_after=None
[2025-04-22T06:19:59.862+0000] {processor.py:208} INFO - Processing /home/airflow/.local/lib/python3.9/site-packages/airflow/example_dags/example_short_circuit_decorator.py took 0.108 seconds
[2025-04-22T06:20:32.294+0000] {processor.py:186} INFO - Started process (PID=132) to work on /home/airflow/.local/lib/python3.9/site-packages/airflow/example_dags/example_short_circuit_decorator.py
[2025-04-22T06:20:32.296+0000] {processor.py:914} INFO - Processing file /home/airflow/.local/lib/python3.9/site-packages/airflow/example_dags/example_short_circuit_decorator.py for tasks to queue
[2025-04-22T06:20:32.300+0000] {logging_mixin.py:190} INFO - [2025-04-22T06:20:32.300+0000] {dagbag.py:588} INFO - Filling up the DagBag from /home/airflow/.local/lib/python3.9/site-packages/airflow/example_dags/example_short_circuit_decorator.py
[2025-04-22T06:20:32.320+0000] {processor.py:925} INFO - DAG(s) 'example_short_circuit_decorator' retrieved from /home/airflow/.local/lib/python3.9/site-packages/airflow/example_dags/example_short_circuit_decorator.py
[2025-04-22T06:20:32.351+0000] {logging_mixin.py:190} INFO - [2025-04-22T06:20:32.350+0000] {dag.py:3239} INFO - Sync 1 DAGs
[2025-04-22T06:20:32.371+0000] {logging_mixin.py:190} INFO - [2025-04-22T06:20:32.370+0000] {dag.py:4180} INFO - Setting next_dagrun for example_short_circuit_decorator to None, run_after=None
[2025-04-22T06:20:32.396+0000] {processor.py:208} INFO - Processing /home/airflow/.local/lib/python3.9/site-packages/airflow/example_dags/example_short_circuit_decorator.py took 0.111 seconds
[2025-04-22T06:21:02.598+0000] {processor.py:186} INFO - Started process (PID=190) to work on /home/airflow/.local/lib/python3.9/site-packages/airflow/example_dags/example_short_circuit_decorator.py
[2025-04-22T06:21:02.599+0000] {processor.py:914} INFO - Processing file /home/airflow/.local/lib/python3.9/site-packages/airflow/example_dags/example_short_circuit_decorator.py for tasks to queue
[2025-04-22T06:21:02.602+0000] {logging_mixin.py:190} INFO - [2025-04-22T06:21:02.602+0000] {dagbag.py:588} INFO - Filling up the DagBag from /home/airflow/.local/lib/python3.9/site-packages/airflow/example_dags/example_short_circuit_decorator.py
[2025-04-22T06:21:02.614+0000] {processor.py:925} INFO - DAG(s) 'example_short_circuit_decorator' retrieved from /home/airflow/.local/lib/python3.9/site-packages/airflow/example_dags/example_short_circuit_decorator.py
[2025-04-22T06:21:02.635+0000] {logging_mixin.py:190} INFO - [2025-04-22T06:21:02.635+0000] {dag.py:3239} INFO - Sync 1 DAGs
[2025-04-22T06:21:02.652+0000] {logging_mixin.py:190} INFO - [2025-04-22T06:21:02.652+0000] {dag.py:4180} INFO - Setting next_dagrun for example_short_circuit_decorator to None, run_after=None
[2025-04-22T06:21:02.680+0000] {processor.py:208} INFO - Processing /home/airflow/.local/lib/python3.9/site-packages/airflow/example_dags/example_short_circuit_decorator.py took 0.088 seconds
[2025-04-22T06:21:32.731+0000] {processor.py:186} INFO - Started process (PID=247) to work on /home/airflow/.local/lib/python3.9/site-packages/airflow/example_dags/example_short_circuit_decorator.py
[2025-04-22T06:21:32.732+0000] {processor.py:914} INFO - Processing file /home/airflow/.local/lib/python3.9/site-packages/airflow/example_dags/example_short_circuit_decorator.py for tasks to queue
[2025-04-22T06:21:32.735+0000] {logging_mixin.py:190} INFO - [2025-04-22T06:21:32.735+0000] {dagbag.py:588} INFO - Filling up the DagBag from /home/airflow/.local/lib/python3.9/site-packages/airflow/example_dags/example_short_circuit_decorator.py
[2025-04-22T06:21:32.750+0000] {processor.py:925} INFO - DAG(s) 'example_short_circuit_decorator' retrieved from /home/airflow/.local/lib/python3.9/site-packages/airflow/example_dags/example_short_circuit_decorator.py
[2025-04-22T06:21:32.776+0000] {logging_mixin.py:190} INFO - [2025-04-22T06:21:32.776+0000] {dag.py:3239} INFO - Sync 1 DAGs
[2025-04-22T06:21:32.795+0000] {logging_mixin.py:190} INFO - [2025-04-22T06:21:32.795+0000] {dag.py:4180} INFO - Setting next_dagrun for example_short_circuit_decorator to None, run_after=None
[2025-04-22T06:21:32.818+0000] {processor.py:208} INFO - Processing /home/airflow/.local/lib/python3.9/site-packages/airflow/example_dags/example_short_circuit_decorator.py took 0.095 seconds
[2025-04-22T06:22:02.898+0000] {processor.py:186} INFO - Started process (PID=305) to work on /home/airflow/.local/lib/python3.9/site-packages/airflow/example_dags/example_short_circuit_decorator.py
[2025-04-22T06:22:02.899+0000] {processor.py:914} INFO - Processing file /home/airflow/.local/lib/python3.9/site-packages/airflow/example_dags/example_short_circuit_decorator.py for tasks to queue
[2025-04-22T06:22:02.902+0000] {logging_mixin.py:190} INFO - [2025-04-22T06:22:02.902+0000] {dagbag.py:588} INFO - Filling up the DagBag from /home/airflow/.local/lib/python3.9/site-packages/airflow/example_dags/example_short_circuit_decorator.py
[2025-04-22T06:22:02.912+0000] {processor.py:925} INFO - DAG(s) 'example_short_circuit_decorator' retrieved from /home/airflow/.local/lib/python3.9/site-packages/airflow/example_dags/example_short_circuit_decorator.py
[2025-04-22T06:22:02.937+0000] {logging_mixin.py:190} INFO - [2025-04-22T06:22:02.937+0000] {dag.py:3239} INFO - Sync 1 DAGs
[2025-04-22T06:22:02.953+0000] {logging_mixin.py:190} INFO - [2025-04-22T06:22:02.953+0000] {dag.py:4180} INFO - Setting next_dagrun for example_short_circuit_decorator to None, run_after=None
[2025-04-22T06:22:02.979+0000] {processor.py:208} INFO - Processing /home/airflow/.local/lib/python3.9/site-packages/airflow/example_dags/example_short_circuit_decorator.py took 0.087 seconds
[2025-04-22T06:22:33.103+0000] {processor.py:186} INFO - Started process (PID=362) to work on /home/airflow/.local/lib/python3.9/site-packages/airflow/example_dags/example_short_circuit_decorator.py
[2025-04-22T06:22:33.104+0000] {processor.py:914} INFO - Processing file /home/airflow/.local/lib/python3.9/site-packages/airflow/example_dags/example_short_circuit_decorator.py for tasks to queue
[2025-04-22T06:22:33.107+0000] {logging_mixin.py:190} INFO - [2025-04-22T06:22:33.106+0000] {dagbag.py:588} INFO - Filling up the DagBag from /home/airflow/.local/lib/python3.9/site-packages/airflow/example_dags/example_short_circuit_decorator.py
[2025-04-22T06:22:33.120+0000] {processor.py:925} INFO - DAG(s) 'example_short_circuit_decorator' retrieved from /home/airflow/.local/lib/python3.9/site-packages/airflow/example_dags/example_short_circuit_decorator.py
[2025-04-22T06:22:33.142+0000] {logging_mixin.py:190} INFO - [2025-04-22T06:22:33.142+0000] {dag.py:3239} INFO - Sync 1 DAGs
[2025-04-22T06:22:33.159+0000] {logging_mixin.py:190} INFO - [2025-04-22T06:22:33.159+0000] {dag.py:4180} INFO - Setting next_dagrun for example_short_circuit_decorator to None, run_after=None
[2025-04-22T06:22:33.177+0000] {processor.py:208} INFO - Processing /home/airflow/.local/lib/python3.9/site-packages/airflow/example_dags/example_short_circuit_decorator.py took 0.084 seconds
[2025-04-22T06:23:04.012+0000] {processor.py:186} INFO - Started process (PID=420) to work on /home/airflow/.local/lib/python3.9/site-packages/airflow/example_dags/example_short_circuit_decorator.py
[2025-04-22T06:23:04.013+0000] {processor.py:914} INFO - Processing file /home/airflow/.local/lib/python3.9/site-packages/airflow/example_dags/example_short_circuit_decorator.py for tasks to queue
[2025-04-22T06:23:04.016+0000] {logging_mixin.py:190} INFO - [2025-04-22T06:23:04.016+0000] {dagbag.py:588} INFO - Filling up the DagBag from /home/airflow/.local/lib/python3.9/site-packages/airflow/example_dags/example_short_circuit_decorator.py
[2025-04-22T06:23:04.027+0000] {processor.py:925} INFO - DAG(s) 'example_short_circuit_decorator' retrieved from /home/airflow/.local/lib/python3.9/site-packages/airflow/example_dags/example_short_circuit_decorator.py
[2025-04-22T06:23:04.050+0000] {logging_mixin.py:190} INFO - [2025-04-22T06:23:04.049+0000] {dag.py:3239} INFO - Sync 1 DAGs
[2025-04-22T06:23:04.066+0000] {logging_mixin.py:190} INFO - [2025-04-22T06:23:04.066+0000] {dag.py:4180} INFO - Setting next_dagrun for example_short_circuit_decorator to None, run_after=None
[2025-04-22T06:23:04.086+0000] {processor.py:208} INFO - Processing /home/airflow/.local/lib/python3.9/site-packages/airflow/example_dags/example_short_circuit_decorator.py took 0.080 seconds
[2025-04-22T06:23:34.345+0000] {processor.py:186} INFO - Started process (PID=478) to work on /home/airflow/.local/lib/python3.9/site-packages/airflow/example_dags/example_short_circuit_decorator.py
[2025-04-22T06:23:34.346+0000] {processor.py:914} INFO - Processing file /home/airflow/.local/lib/python3.9/site-packages/airflow/example_dags/example_short_circuit_decorator.py for tasks to queue
[2025-04-22T06:23:34.348+0000] {logging_mixin.py:190} INFO - [2025-04-22T06:23:34.348+0000] {dagbag.py:588} INFO - Filling up the DagBag from /home/airflow/.local/lib/python3.9/site-packages/airflow/example_dags/example_short_circuit_decorator.py
[2025-04-22T06:23:34.358+0000] {processor.py:925} INFO - DAG(s) 'example_short_circuit_decorator' retrieved from /home/airflow/.local/lib/python3.9/site-packages/airflow/example_dags/example_short_circuit_decorator.py
[2025-04-22T06:23:34.380+0000] {logging_mixin.py:190} INFO - [2025-04-22T06:23:34.380+0000] {dag.py:3239} INFO - Sync 1 DAGs
[2025-04-22T06:23:34.396+0000] {logging_mixin.py:190} INFO - [2025-04-22T06:23:34.396+0000] {dag.py:4180} INFO - Setting next_dagrun for example_short_circuit_decorator to None, run_after=None
[2025-04-22T06:23:34.414+0000] {processor.py:208} INFO - Processing /home/airflow/.local/lib/python3.9/site-packages/airflow/example_dags/example_short_circuit_decorator.py took 0.075 seconds
[2025-04-22T06:24:05.363+0000] {processor.py:186} INFO - Started process (PID=536) to work on /home/airflow/.local/lib/python3.9/site-packages/airflow/example_dags/example_short_circuit_decorator.py
[2025-04-22T06:24:05.364+0000] {processor.py:914} INFO - Processing file /home/airflow/.local/lib/python3.9/site-packages/airflow/example_dags/example_short_circuit_decorator.py for tasks to queue
[2025-04-22T06:24:05.367+0000] {logging_mixin.py:190} INFO - [2025-04-22T06:24:05.367+0000] {dagbag.py:588} INFO - Filling up the DagBag from /home/airflow/.local/lib/python3.9/site-packages/airflow/example_dags/example_short_circuit_decorator.py
[2025-04-22T06:24:05.379+0000] {processor.py:925} INFO - DAG(s) 'example_short_circuit_decorator' retrieved from /home/airflow/.local/lib/python3.9/site-packages/airflow/example_dags/example_short_circuit_decorator.py
[2025-04-22T06:24:05.404+0000] {logging_mixin.py:190} INFO - [2025-04-22T06:24:05.403+0000] {dag.py:3239} INFO - Sync 1 DAGs
[2025-04-22T06:24:05.418+0000] {logging_mixin.py:190} INFO - [2025-04-22T06:24:05.418+0000] {dag.py:4180} INFO - Setting next_dagrun for example_short_circuit_decorator to None, run_after=None
[2025-04-22T06:24:05.437+0000] {processor.py:208} INFO - Processing /home/airflow/.local/lib/python3.9/site-packages/airflow/example_dags/example_short_circuit_decorator.py took 0.080 seconds
[2025-04-22T06:24:36.019+0000] {processor.py:186} INFO - Started process (PID=594) to work on /home/airflow/.local/lib/python3.9/site-packages/airflow/example_dags/example_short_circuit_decorator.py
[2025-04-22T06:24:36.020+0000] {processor.py:914} INFO - Processing file /home/airflow/.local/lib/python3.9/site-packages/airflow/example_dags/example_short_circuit_decorator.py for tasks to queue
[2025-04-22T06:24:36.022+0000] {logging_mixin.py:190} INFO - [2025-04-22T06:24:36.022+0000] {dagbag.py:588} INFO - Filling up the DagBag from /home/airflow/.local/lib/python3.9/site-packages/airflow/example_dags/example_short_circuit_decorator.py
[2025-04-22T06:24:36.031+0000] {processor.py:925} INFO - DAG(s) 'example_short_circuit_decorator' retrieved from /home/airflow/.local/lib/python3.9/site-packages/airflow/example_dags/example_short_circuit_decorator.py
[2025-04-22T06:24:36.053+0000] {logging_mixin.py:190} INFO - [2025-04-22T06:24:36.053+0000] {dag.py:3239} INFO - Sync 1 DAGs
[2025-04-22T06:24:36.067+0000] {logging_mixin.py:190} INFO - [2025-04-22T06:24:36.067+0000] {dag.py:4180} INFO - Setting next_dagrun for example_short_circuit_decorator to None, run_after=None
[2025-04-22T06:24:36.084+0000] {processor.py:208} INFO - Processing /home/airflow/.local/lib/python3.9/site-packages/airflow/example_dags/example_short_circuit_decorator.py took 0.071 seconds
[2025-04-22T06:25:06.246+0000] {processor.py:186} INFO - Started process (PID=652) to work on /home/airflow/.local/lib/python3.9/site-packages/airflow/example_dags/example_short_circuit_decorator.py
[2025-04-22T06:25:06.247+0000] {processor.py:914} INFO - Processing file /home/airflow/.local/lib/python3.9/site-packages/airflow/example_dags/example_short_circuit_decorator.py for tasks to queue
[2025-04-22T06:25:06.250+0000] {logging_mixin.py:190} INFO - [2025-04-22T06:25:06.249+0000] {dagbag.py:588} INFO - Filling up the DagBag from /home/airflow/.local/lib/python3.9/site-packages/airflow/example_dags/example_short_circuit_decorator.py
[2025-04-22T06:25:06.259+0000] {processor.py:925} INFO - DAG(s) 'example_short_circuit_decorator' retrieved from /home/airflow/.local/lib/python3.9/site-packages/airflow/example_dags/example_short_circuit_decorator.py
[2025-04-22T06:25:06.278+0000] {logging_mixin.py:190} INFO - [2025-04-22T06:25:06.278+0000] {dag.py:3239} INFO - Sync 1 DAGs
[2025-04-22T06:25:06.292+0000] {logging_mixin.py:190} INFO - [2025-04-22T06:25:06.291+0000] {dag.py:4180} INFO - Setting next_dagrun for example_short_circuit_decorator to None, run_after=None
[2025-04-22T06:25:06.310+0000] {processor.py:208} INFO - Processing /home/airflow/.local/lib/python3.9/site-packages/airflow/example_dags/example_short_circuit_decorator.py took 0.069 seconds
[2025-04-22T06:25:36.727+0000] {processor.py:186} INFO - Started process (PID=710) to work on /home/airflow/.local/lib/python3.9/site-packages/airflow/example_dags/example_short_circuit_decorator.py
[2025-04-22T06:25:36.727+0000] {processor.py:914} INFO - Processing file /home/airflow/.local/lib/python3.9/site-packages/airflow/example_dags/example_short_circuit_decorator.py for tasks to queue
[2025-04-22T06:25:36.730+0000] {logging_mixin.py:190} INFO - [2025-04-22T06:25:36.730+0000] {dagbag.py:588} INFO - Filling up the DagBag from /home/airflow/.local/lib/python3.9/site-packages/airflow/example_dags/example_short_circuit_decorator.py
[2025-04-22T06:25:36.742+0000] {processor.py:925} INFO - DAG(s) 'example_short_circuit_decorator' retrieved from /home/airflow/.local/lib/python3.9/site-packages/airflow/example_dags/example_short_circuit_decorator.py
[2025-04-22T06:25:36.768+0000] {logging_mixin.py:190} INFO - [2025-04-22T06:25:36.767+0000] {dag.py:3239} INFO - Sync 1 DAGs
[2025-04-22T06:25:36.785+0000] {logging_mixin.py:190} INFO - [2025-04-22T06:25:36.785+0000] {dag.py:4180} INFO - Setting next_dagrun for example_short_circuit_decorator to None, run_after=None
[2025-04-22T06:25:36.808+0000] {processor.py:208} INFO - Processing /home/airflow/.local/lib/python3.9/site-packages/airflow/example_dags/example_short_circuit_decorator.py took 0.090 seconds
[2025-04-22T06:26:07.322+0000] {processor.py:186} INFO - Started process (PID=768) to work on /home/airflow/.local/lib/python3.9/site-packages/airflow/example_dags/example_short_circuit_decorator.py
[2025-04-22T06:26:07.323+0000] {processor.py:914} INFO - Processing file /home/airflow/.local/lib/python3.9/site-packages/airflow/example_dags/example_short_circuit_decorator.py for tasks to queue
[2025-04-22T06:26:07.325+0000] {logging_mixin.py:190} INFO - [2025-04-22T06:26:07.325+0000] {dagbag.py:588} INFO - Filling up the DagBag from /home/airflow/.local/lib/python3.9/site-packages/airflow/example_dags/example_short_circuit_decorator.py
[2025-04-22T06:26:07.336+0000] {processor.py:925} INFO - DAG(s) 'example_short_circuit_decorator' retrieved from /home/airflow/.local/lib/python3.9/site-packages/airflow/example_dags/example_short_circuit_decorator.py
[2025-04-22T06:26:07.357+0000] {logging_mixin.py:190} INFO - [2025-04-22T06:26:07.357+0000] {dag.py:3239} INFO - Sync 1 DAGs
[2025-04-22T06:26:07.373+0000] {logging_mixin.py:190} INFO - [2025-04-22T06:26:07.373+0000] {dag.py:4180} INFO - Setting next_dagrun for example_short_circuit_decorator to None, run_after=None
[2025-04-22T06:26:07.403+0000] {processor.py:208} INFO - Processing /home/airflow/.local/lib/python3.9/site-packages/airflow/example_dags/example_short_circuit_decorator.py took 0.088 seconds
[2025-04-22T06:26:37.870+0000] {processor.py:186} INFO - Started process (PID=826) to work on /home/airflow/.local/lib/python3.9/site-packages/airflow/example_dags/example_short_circuit_decorator.py
[2025-04-22T06:26:37.871+0000] {processor.py:914} INFO - Processing file /home/airflow/.local/lib/python3.9/site-packages/airflow/example_dags/example_short_circuit_decorator.py for tasks to queue
[2025-04-22T06:26:37.873+0000] {logging_mixin.py:190} INFO - [2025-04-22T06:26:37.873+0000] {dagbag.py:588} INFO - Filling up the DagBag from /home/airflow/.local/lib/python3.9/site-packages/airflow/example_dags/example_short_circuit_decorator.py
[2025-04-22T06:26:37.884+0000] {processor.py:925} INFO - DAG(s) 'example_short_circuit_decorator' retrieved from /home/airflow/.local/lib/python3.9/site-packages/airflow/example_dags/example_short_circuit_decorator.py
[2025-04-22T06:26:37.905+0000] {logging_mixin.py:190} INFO - [2025-04-22T06:26:37.905+0000] {dag.py:3239} INFO - Sync 1 DAGs
[2025-04-22T06:26:37.919+0000] {logging_mixin.py:190} INFO - [2025-04-22T06:26:37.919+0000] {dag.py:4180} INFO - Setting next_dagrun for example_short_circuit_decorator to None, run_after=None
[2025-04-22T06:26:37.945+0000] {processor.py:208} INFO - Processing /home/airflow/.local/lib/python3.9/site-packages/airflow/example_dags/example_short_circuit_decorator.py took 0.082 seconds
[2025-04-22T06:27:08.214+0000] {processor.py:186} INFO - Started process (PID=884) to work on /home/airflow/.local/lib/python3.9/site-packages/airflow/example_dags/example_short_circuit_decorator.py
[2025-04-22T06:27:08.215+0000] {processor.py:914} INFO - Processing file /home/airflow/.local/lib/python3.9/site-packages/airflow/example_dags/example_short_circuit_decorator.py for tasks to queue
[2025-04-22T06:27:08.217+0000] {logging_mixin.py:190} INFO - [2025-04-22T06:27:08.217+0000] {dagbag.py:588} INFO - Filling up the DagBag from /home/airflow/.local/lib/python3.9/site-packages/airflow/example_dags/example_short_circuit_decorator.py
[2025-04-22T06:27:08.226+0000] {processor.py:925} INFO - DAG(s) 'example_short_circuit_decorator' retrieved from /home/airflow/.local/lib/python3.9/site-packages/airflow/example_dags/example_short_circuit_decorator.py
[2025-04-22T06:27:08.249+0000] {logging_mixin.py:190} INFO - [2025-04-22T06:27:08.248+0000] {dag.py:3239} INFO - Sync 1 DAGs
[2025-04-22T06:27:08.263+0000] {logging_mixin.py:190} INFO - [2025-04-22T06:27:08.262+0000] {dag.py:4180} INFO - Setting next_dagrun for example_short_circuit_decorator to None, run_after=None
[2025-04-22T06:27:08.281+0000] {processor.py:208} INFO - Processing /home/airflow/.local/lib/python3.9/site-packages/airflow/example_dags/example_short_circuit_decorator.py took 0.073 seconds
[2025-04-22T06:27:38.899+0000] {processor.py:186} INFO - Started process (PID=942) to work on /home/airflow/.local/lib/python3.9/site-packages/airflow/example_dags/example_short_circuit_decorator.py
[2025-04-22T06:27:38.900+0000] {processor.py:914} INFO - Processing file /home/airflow/.local/lib/python3.9/site-packages/airflow/example_dags/example_short_circuit_decorator.py for tasks to queue
[2025-04-22T06:27:38.904+0000] {logging_mixin.py:190} INFO - [2025-04-22T06:27:38.903+0000] {dagbag.py:588} INFO - Filling up the DagBag from /home/airflow/.local/lib/python3.9/site-packages/airflow/example_dags/example_short_circuit_decorator.py
[2025-04-22T06:27:38.918+0000] {processor.py:925} INFO - DAG(s) 'example_short_circuit_decorator' retrieved from /home/airflow/.local/lib/python3.9/site-packages/airflow/example_dags/example_short_circuit_decorator.py
[2025-04-22T06:27:38.945+0000] {logging_mixin.py:190} INFO - [2025-04-22T06:27:38.945+0000] {dag.py:3239} INFO - Sync 1 DAGs
[2025-04-22T06:27:38.958+0000] {logging_mixin.py:190} INFO - [2025-04-22T06:27:38.958+0000] {dag.py:4180} INFO - Setting next_dagrun for example_short_circuit_decorator to None, run_after=None
[2025-04-22T06:27:38.981+0000] {processor.py:208} INFO - Processing /home/airflow/.local/lib/python3.9/site-packages/airflow/example_dags/example_short_circuit_decorator.py took 0.094 seconds
[2025-04-22T06:28:09.197+0000] {processor.py:186} INFO - Started process (PID=999) to work on /home/airflow/.local/lib/python3.9/site-packages/airflow/example_dags/example_short_circuit_decorator.py
[2025-04-22T06:28:09.198+0000] {processor.py:914} INFO - Processing file /home/airflow/.local/lib/python3.9/site-packages/airflow/example_dags/example_short_circuit_decorator.py for tasks to queue
[2025-04-22T06:28:09.201+0000] {logging_mixin.py:190} INFO - [2025-04-22T06:28:09.200+0000] {dagbag.py:588} INFO - Filling up the DagBag from /home/airflow/.local/lib/python3.9/site-packages/airflow/example_dags/example_short_circuit_decorator.py
[2025-04-22T06:28:09.210+0000] {processor.py:925} INFO - DAG(s) 'example_short_circuit_decorator' retrieved from /home/airflow/.local/lib/python3.9/site-packages/airflow/example_dags/example_short_circuit_decorator.py
[2025-04-22T06:28:09.230+0000] {logging_mixin.py:190} INFO - [2025-04-22T06:28:09.230+0000] {dag.py:3239} INFO - Sync 1 DAGs
[2025-04-22T06:28:09.244+0000] {logging_mixin.py:190} INFO - [2025-04-22T06:28:09.244+0000] {dag.py:4180} INFO - Setting next_dagrun for example_short_circuit_decorator to None, run_after=None
[2025-04-22T06:28:09.260+0000] {processor.py:208} INFO - Processing /home/airflow/.local/lib/python3.9/site-packages/airflow/example_dags/example_short_circuit_decorator.py took 0.069 seconds
[2025-04-22T06:28:40.110+0000] {processor.py:186} INFO - Started process (PID=1058) to work on /home/airflow/.local/lib/python3.9/site-packages/airflow/example_dags/example_short_circuit_decorator.py
[2025-04-22T06:28:40.111+0000] {processor.py:914} INFO - Processing file /home/airflow/.local/lib/python3.9/site-packages/airflow/example_dags/example_short_circuit_decorator.py for tasks to queue
[2025-04-22T06:28:40.114+0000] {logging_mixin.py:190} INFO - [2025-04-22T06:28:40.113+0000] {dagbag.py:588} INFO - Filling up the DagBag from /home/airflow/.local/lib/python3.9/site-packages/airflow/example_dags/example_short_circuit_decorator.py
[2025-04-22T06:28:40.123+0000] {processor.py:925} INFO - DAG(s) 'example_short_circuit_decorator' retrieved from /home/airflow/.local/lib/python3.9/site-packages/airflow/example_dags/example_short_circuit_decorator.py
[2025-04-22T06:28:40.145+0000] {logging_mixin.py:190} INFO - [2025-04-22T06:28:40.144+0000] {dag.py:3239} INFO - Sync 1 DAGs
[2025-04-22T06:28:40.158+0000] {logging_mixin.py:190} INFO - [2025-04-22T06:28:40.158+0000] {dag.py:4180} INFO - Setting next_dagrun for example_short_circuit_decorator to None, run_after=None
[2025-04-22T06:28:40.177+0000] {processor.py:208} INFO - Processing /home/airflow/.local/lib/python3.9/site-packages/airflow/example_dags/example_short_circuit_decorator.py took 0.073 seconds
[2025-04-22T06:29:10.415+0000] {processor.py:186} INFO - Started process (PID=1115) to work on /home/airflow/.local/lib/python3.9/site-packages/airflow/example_dags/example_short_circuit_decorator.py
[2025-04-22T06:29:10.417+0000] {processor.py:914} INFO - Processing file /home/airflow/.local/lib/python3.9/site-packages/airflow/example_dags/example_short_circuit_decorator.py for tasks to queue
[2025-04-22T06:29:10.421+0000] {logging_mixin.py:190} INFO - [2025-04-22T06:29:10.421+0000] {dagbag.py:588} INFO - Filling up the DagBag from /home/airflow/.local/lib/python3.9/site-packages/airflow/example_dags/example_short_circuit_decorator.py
[2025-04-22T06:29:10.438+0000] {processor.py:925} INFO - DAG(s) 'example_short_circuit_decorator' retrieved from /home/airflow/.local/lib/python3.9/site-packages/airflow/example_dags/example_short_circuit_decorator.py
[2025-04-22T06:29:10.470+0000] {logging_mixin.py:190} INFO - [2025-04-22T06:29:10.470+0000] {dag.py:3239} INFO - Sync 1 DAGs
[2025-04-22T06:29:10.489+0000] {logging_mixin.py:190} INFO - [2025-04-22T06:29:10.489+0000] {dag.py:4180} INFO - Setting next_dagrun for example_short_circuit_decorator to None, run_after=None
[2025-04-22T06:29:10.512+0000] {processor.py:208} INFO - Processing /home/airflow/.local/lib/python3.9/site-packages/airflow/example_dags/example_short_circuit_decorator.py took 0.106 seconds
[2025-04-22T06:29:41.276+0000] {processor.py:186} INFO - Started process (PID=1174) to work on /home/airflow/.local/lib/python3.9/site-packages/airflow/example_dags/example_short_circuit_decorator.py
[2025-04-22T06:29:41.277+0000] {processor.py:914} INFO - Processing file /home/airflow/.local/lib/python3.9/site-packages/airflow/example_dags/example_short_circuit_decorator.py for tasks to queue
[2025-04-22T06:29:41.279+0000] {logging_mixin.py:190} INFO - [2025-04-22T06:29:41.279+0000] {dagbag.py:588} INFO - Filling up the DagBag from /home/airflow/.local/lib/python3.9/site-packages/airflow/example_dags/example_short_circuit_decorator.py
[2025-04-22T06:29:41.288+0000] {processor.py:925} INFO - DAG(s) 'example_short_circuit_decorator' retrieved from /home/airflow/.local/lib/python3.9/site-packages/airflow/example_dags/example_short_circuit_decorator.py
[2025-04-22T06:29:41.310+0000] {logging_mixin.py:190} INFO - [2025-04-22T06:29:41.310+0000] {dag.py:3239} INFO - Sync 1 DAGs
[2025-04-22T06:29:41.324+0000] {logging_mixin.py:190} INFO - [2025-04-22T06:29:41.324+0000] {dag.py:4180} INFO - Setting next_dagrun for example_short_circuit_decorator to None, run_after=None
[2025-04-22T06:29:41.342+0000] {processor.py:208} INFO - Processing /home/airflow/.local/lib/python3.9/site-packages/airflow/example_dags/example_short_circuit_decorator.py took 0.072 seconds
[2025-04-22T06:30:12.228+0000] {processor.py:186} INFO - Started process (PID=1232) to work on /home/airflow/.local/lib/python3.9/site-packages/airflow/example_dags/example_short_circuit_decorator.py
[2025-04-22T06:30:12.229+0000] {processor.py:914} INFO - Processing file /home/airflow/.local/lib/python3.9/site-packages/airflow/example_dags/example_short_circuit_decorator.py for tasks to queue
[2025-04-22T06:30:12.231+0000] {logging_mixin.py:190} INFO - [2025-04-22T06:30:12.231+0000] {dagbag.py:588} INFO - Filling up the DagBag from /home/airflow/.local/lib/python3.9/site-packages/airflow/example_dags/example_short_circuit_decorator.py
[2025-04-22T06:30:12.241+0000] {processor.py:925} INFO - DAG(s) 'example_short_circuit_decorator' retrieved from /home/airflow/.local/lib/python3.9/site-packages/airflow/example_dags/example_short_circuit_decorator.py
[2025-04-22T06:30:12.262+0000] {logging_mixin.py:190} INFO - [2025-04-22T06:30:12.262+0000] {dag.py:3239} INFO - Sync 1 DAGs
[2025-04-22T06:30:12.277+0000] {logging_mixin.py:190} INFO - [2025-04-22T06:30:12.276+0000] {dag.py:4180} INFO - Setting next_dagrun for example_short_circuit_decorator to None, run_after=None
[2025-04-22T06:30:12.296+0000] {processor.py:208} INFO - Processing /home/airflow/.local/lib/python3.9/site-packages/airflow/example_dags/example_short_circuit_decorator.py took 0.074 seconds
[2025-04-22T06:30:42.466+0000] {processor.py:186} INFO - Started process (PID=1289) to work on /home/airflow/.local/lib/python3.9/site-packages/airflow/example_dags/example_short_circuit_decorator.py
[2025-04-22T06:30:42.486+0000] {processor.py:914} INFO - Processing file /home/airflow/.local/lib/python3.9/site-packages/airflow/example_dags/example_short_circuit_decorator.py for tasks to queue
[2025-04-22T06:30:42.490+0000] {logging_mixin.py:190} INFO - [2025-04-22T06:30:42.490+0000] {dagbag.py:588} INFO - Filling up the DagBag from /home/airflow/.local/lib/python3.9/site-packages/airflow/example_dags/example_short_circuit_decorator.py
[2025-04-22T06:30:42.530+0000] {processor.py:925} INFO - DAG(s) 'example_short_circuit_decorator' retrieved from /home/airflow/.local/lib/python3.9/site-packages/airflow/example_dags/example_short_circuit_decorator.py
[2025-04-22T06:30:42.635+0000] {logging_mixin.py:190} INFO - [2025-04-22T06:30:42.635+0000] {dag.py:3239} INFO - Sync 1 DAGs
[2025-04-22T06:30:42.698+0000] {logging_mixin.py:190} INFO - [2025-04-22T06:30:42.697+0000] {dag.py:4180} INFO - Setting next_dagrun for example_short_circuit_decorator to None, run_after=None
[2025-04-22T06:30:42.804+0000] {processor.py:208} INFO - Processing /home/airflow/.local/lib/python3.9/site-packages/airflow/example_dags/example_short_circuit_decorator.py took 0.349 seconds
[2025-04-22T06:31:13.473+0000] {processor.py:186} INFO - Started process (PID=1347) to work on /home/airflow/.local/lib/python3.9/site-packages/airflow/example_dags/example_short_circuit_decorator.py
[2025-04-22T06:31:13.475+0000] {processor.py:914} INFO - Processing file /home/airflow/.local/lib/python3.9/site-packages/airflow/example_dags/example_short_circuit_decorator.py for tasks to queue
[2025-04-22T06:31:13.477+0000] {logging_mixin.py:190} INFO - [2025-04-22T06:31:13.477+0000] {dagbag.py:588} INFO - Filling up the DagBag from /home/airflow/.local/lib/python3.9/site-packages/airflow/example_dags/example_short_circuit_decorator.py
[2025-04-22T06:31:13.488+0000] {processor.py:925} INFO - DAG(s) 'example_short_circuit_decorator' retrieved from /home/airflow/.local/lib/python3.9/site-packages/airflow/example_dags/example_short_circuit_decorator.py
[2025-04-22T06:31:13.514+0000] {logging_mixin.py:190} INFO - [2025-04-22T06:31:13.513+0000] {dag.py:3239} INFO - Sync 1 DAGs
[2025-04-22T06:31:13.533+0000] {logging_mixin.py:190} INFO - [2025-04-22T06:31:13.532+0000] {dag.py:4180} INFO - Setting next_dagrun for example_short_circuit_decorator to None, run_after=None
[2025-04-22T06:31:13.557+0000] {processor.py:208} INFO - Processing /home/airflow/.local/lib/python3.9/site-packages/airflow/example_dags/example_short_circuit_decorator.py took 0.091 seconds
[2025-04-22T06:31:43.716+0000] {processor.py:186} INFO - Started process (PID=1405) to work on /home/airflow/.local/lib/python3.9/site-packages/airflow/example_dags/example_short_circuit_decorator.py
[2025-04-22T06:31:43.717+0000] {processor.py:914} INFO - Processing file /home/airflow/.local/lib/python3.9/site-packages/airflow/example_dags/example_short_circuit_decorator.py for tasks to queue
[2025-04-22T06:31:43.719+0000] {logging_mixin.py:190} INFO - [2025-04-22T06:31:43.719+0000] {dagbag.py:588} INFO - Filling up the DagBag from /home/airflow/.local/lib/python3.9/site-packages/airflow/example_dags/example_short_circuit_decorator.py
[2025-04-22T06:31:43.728+0000] {processor.py:925} INFO - DAG(s) 'example_short_circuit_decorator' retrieved from /home/airflow/.local/lib/python3.9/site-packages/airflow/example_dags/example_short_circuit_decorator.py
[2025-04-22T06:31:43.749+0000] {logging_mixin.py:190} INFO - [2025-04-22T06:31:43.749+0000] {dag.py:3239} INFO - Sync 1 DAGs
[2025-04-22T06:31:43.762+0000] {logging_mixin.py:190} INFO - [2025-04-22T06:31:43.762+0000] {dag.py:4180} INFO - Setting next_dagrun for example_short_circuit_decorator to None, run_after=None
[2025-04-22T06:31:43.781+0000] {processor.py:208} INFO - Processing /home/airflow/.local/lib/python3.9/site-packages/airflow/example_dags/example_short_circuit_decorator.py took 0.071 seconds
[2025-04-22T06:32:14.454+0000] {processor.py:186} INFO - Started process (PID=1463) to work on /home/airflow/.local/lib/python3.9/site-packages/airflow/example_dags/example_short_circuit_decorator.py
[2025-04-22T06:32:14.455+0000] {processor.py:914} INFO - Processing file /home/airflow/.local/lib/python3.9/site-packages/airflow/example_dags/example_short_circuit_decorator.py for tasks to queue
[2025-04-22T06:32:14.458+0000] {logging_mixin.py:190} INFO - [2025-04-22T06:32:14.458+0000] {dagbag.py:588} INFO - Filling up the DagBag from /home/airflow/.local/lib/python3.9/site-packages/airflow/example_dags/example_short_circuit_decorator.py
[2025-04-22T06:32:14.470+0000] {processor.py:925} INFO - DAG(s) 'example_short_circuit_decorator' retrieved from /home/airflow/.local/lib/python3.9/site-packages/airflow/example_dags/example_short_circuit_decorator.py
[2025-04-22T06:32:14.493+0000] {logging_mixin.py:190} INFO - [2025-04-22T06:32:14.492+0000] {dag.py:3239} INFO - Sync 1 DAGs
[2025-04-22T06:32:14.507+0000] {logging_mixin.py:190} INFO - [2025-04-22T06:32:14.507+0000] {dag.py:4180} INFO - Setting next_dagrun for example_short_circuit_decorator to None, run_after=None
[2025-04-22T06:32:14.523+0000] {processor.py:208} INFO - Processing /home/airflow/.local/lib/python3.9/site-packages/airflow/example_dags/example_short_circuit_decorator.py took 0.076 seconds
