[2025-04-22T06:20:02.319+0000] {processor.py:186} INFO - Started process (PID=86) to work on /home/airflow/.local/lib/python3.9/site-packages/airflow/example_dags/example_xcomargs.py
[2025-04-22T06:20:02.321+0000] {processor.py:914} INFO - Processing file /home/airflow/.local/lib/python3.9/site-packages/airflow/example_dags/example_xcomargs.py for tasks to queue
[2025-04-22T06:20:02.323+0000] {logging_mixin.py:190} INFO - [2025-04-22T06:20:02.323+0000] {dagbag.py:588} INFO - Filling up the DagBag from /home/airflow/.local/lib/python3.9/site-packages/airflow/example_dags/example_xcomargs.py
[2025-04-22T06:20:02.341+0000] {processor.py:925} INFO - DAG(s) 'example_xcom_args', 'example_xcom_args_with_operators' retrieved from /home/airflow/.local/lib/python3.9/site-packages/airflow/example_dags/example_xcomargs.py
[2025-04-22T06:20:02.387+0000] {logging_mixin.py:190} INFO - [2025-04-22T06:20:02.387+0000] {dag.py:3239} INFO - Sync 2 DAGs
[2025-04-22T06:20:02.423+0000] {logging_mixin.py:190} INFO - [2025-04-22T06:20:02.422+0000] {dag.py:4180} INFO - Setting next_dagrun for example_xcom_args to None, run_after=None
[2025-04-22T06:20:02.431+0000] {logging_mixin.py:190} INFO - [2025-04-22T06:20:02.430+0000] {dag.py:4180} INFO - Setting next_dagrun for example_xcom_args_with_operators to None, run_after=None
[2025-04-22T06:20:02.469+0000] {processor.py:208} INFO - Processing /home/airflow/.local/lib/python3.9/site-packages/airflow/example_dags/example_xcomargs.py took 0.161 seconds
[2025-04-22T06:20:35.031+0000] {processor.py:186} INFO - Started process (PID=144) to work on /home/airflow/.local/lib/python3.9/site-packages/airflow/example_dags/example_xcomargs.py
[2025-04-22T06:20:35.033+0000] {processor.py:914} INFO - Processing file /home/airflow/.local/lib/python3.9/site-packages/airflow/example_dags/example_xcomargs.py for tasks to queue
[2025-04-22T06:20:35.037+0000] {logging_mixin.py:190} INFO - [2025-04-22T06:20:35.037+0000] {dagbag.py:588} INFO - Filling up the DagBag from /home/airflow/.local/lib/python3.9/site-packages/airflow/example_dags/example_xcomargs.py
[2025-04-22T06:20:35.057+0000] {processor.py:925} INFO - DAG(s) 'example_xcom_args_with_operators', 'example_xcom_args' retrieved from /home/airflow/.local/lib/python3.9/site-packages/airflow/example_dags/example_xcomargs.py
[2025-04-22T06:20:35.108+0000] {logging_mixin.py:190} INFO - [2025-04-22T06:20:35.107+0000] {dag.py:3239} INFO - Sync 2 DAGs
[2025-04-22T06:20:35.145+0000] {logging_mixin.py:190} INFO - [2025-04-22T06:20:35.145+0000] {dag.py:4180} INFO - Setting next_dagrun for example_xcom_args to None, run_after=None
[2025-04-22T06:20:35.156+0000] {logging_mixin.py:190} INFO - [2025-04-22T06:20:35.156+0000] {dag.py:4180} INFO - Setting next_dagrun for example_xcom_args_with_operators to None, run_after=None
[2025-04-22T06:20:35.193+0000] {processor.py:208} INFO - Processing /home/airflow/.local/lib/python3.9/site-packages/airflow/example_dags/example_xcomargs.py took 0.174 seconds
[2025-04-22T06:21:06.080+0000] {processor.py:186} INFO - Started process (PID=202) to work on /home/airflow/.local/lib/python3.9/site-packages/airflow/example_dags/example_xcomargs.py
[2025-04-22T06:21:06.080+0000] {processor.py:914} INFO - Processing file /home/airflow/.local/lib/python3.9/site-packages/airflow/example_dags/example_xcomargs.py for tasks to queue
[2025-04-22T06:21:06.083+0000] {logging_mixin.py:190} INFO - [2025-04-22T06:21:06.083+0000] {dagbag.py:588} INFO - Filling up the DagBag from /home/airflow/.local/lib/python3.9/site-packages/airflow/example_dags/example_xcomargs.py
[2025-04-22T06:21:06.092+0000] {processor.py:925} INFO - DAG(s) 'example_xcom_args', 'example_xcom_args_with_operators' retrieved from /home/airflow/.local/lib/python3.9/site-packages/airflow/example_dags/example_xcomargs.py
[2025-04-22T06:21:06.120+0000] {logging_mixin.py:190} INFO - [2025-04-22T06:21:06.120+0000] {dag.py:3239} INFO - Sync 2 DAGs
[2025-04-22T06:21:06.138+0000] {logging_mixin.py:190} INFO - [2025-04-22T06:21:06.137+0000] {dag.py:4180} INFO - Setting next_dagrun for example_xcom_args to None, run_after=None
[2025-04-22T06:21:06.142+0000] {logging_mixin.py:190} INFO - [2025-04-22T06:21:06.141+0000] {dag.py:4180} INFO - Setting next_dagrun for example_xcom_args_with_operators to None, run_after=None
[2025-04-22T06:21:06.164+0000] {processor.py:208} INFO - Processing /home/airflow/.local/lib/python3.9/site-packages/airflow/example_dags/example_xcomargs.py took 0.093 seconds
[2025-04-22T06:21:36.383+0000] {processor.py:186} INFO - Started process (PID=260) to work on /home/airflow/.local/lib/python3.9/site-packages/airflow/example_dags/example_xcomargs.py
[2025-04-22T06:21:36.384+0000] {processor.py:914} INFO - Processing file /home/airflow/.local/lib/python3.9/site-packages/airflow/example_dags/example_xcomargs.py for tasks to queue
[2025-04-22T06:21:36.387+0000] {logging_mixin.py:190} INFO - [2025-04-22T06:21:36.387+0000] {dagbag.py:588} INFO - Filling up the DagBag from /home/airflow/.local/lib/python3.9/site-packages/airflow/example_dags/example_xcomargs.py
[2025-04-22T06:21:36.401+0000] {processor.py:925} INFO - DAG(s) 'example_xcom_args_with_operators', 'example_xcom_args' retrieved from /home/airflow/.local/lib/python3.9/site-packages/airflow/example_dags/example_xcomargs.py
[2025-04-22T06:21:36.432+0000] {logging_mixin.py:190} INFO - [2025-04-22T06:21:36.431+0000] {dag.py:3239} INFO - Sync 2 DAGs
[2025-04-22T06:21:36.451+0000] {logging_mixin.py:190} INFO - [2025-04-22T06:21:36.451+0000] {dag.py:4180} INFO - Setting next_dagrun for example_xcom_args to None, run_after=None
[2025-04-22T06:21:36.456+0000] {logging_mixin.py:190} INFO - [2025-04-22T06:21:36.456+0000] {dag.py:4180} INFO - Setting next_dagrun for example_xcom_args_with_operators to None, run_after=None
[2025-04-22T06:21:36.476+0000] {processor.py:208} INFO - Processing /home/airflow/.local/lib/python3.9/site-packages/airflow/example_dags/example_xcomargs.py took 0.103 seconds
[2025-04-22T06:22:07.051+0000] {processor.py:186} INFO - Started process (PID=318) to work on /home/airflow/.local/lib/python3.9/site-packages/airflow/example_dags/example_xcomargs.py
[2025-04-22T06:22:07.053+0000] {processor.py:914} INFO - Processing file /home/airflow/.local/lib/python3.9/site-packages/airflow/example_dags/example_xcomargs.py for tasks to queue
[2025-04-22T06:22:07.055+0000] {logging_mixin.py:190} INFO - [2025-04-22T06:22:07.055+0000] {dagbag.py:588} INFO - Filling up the DagBag from /home/airflow/.local/lib/python3.9/site-packages/airflow/example_dags/example_xcomargs.py
[2025-04-22T06:22:07.069+0000] {processor.py:925} INFO - DAG(s) 'example_xcom_args', 'example_xcom_args_with_operators' retrieved from /home/airflow/.local/lib/python3.9/site-packages/airflow/example_dags/example_xcomargs.py
[2025-04-22T06:22:07.101+0000] {logging_mixin.py:190} INFO - [2025-04-22T06:22:07.101+0000] {dag.py:3239} INFO - Sync 2 DAGs
[2025-04-22T06:22:07.124+0000] {logging_mixin.py:190} INFO - [2025-04-22T06:22:07.123+0000] {dag.py:4180} INFO - Setting next_dagrun for example_xcom_args to None, run_after=None
[2025-04-22T06:22:07.129+0000] {logging_mixin.py:190} INFO - [2025-04-22T06:22:07.129+0000] {dag.py:4180} INFO - Setting next_dagrun for example_xcom_args_with_operators to None, run_after=None
[2025-04-22T06:22:07.151+0000] {processor.py:208} INFO - Processing /home/airflow/.local/lib/python3.9/site-packages/airflow/example_dags/example_xcomargs.py took 0.106 seconds
[2025-04-22T06:22:38.395+0000] {processor.py:186} INFO - Started process (PID=376) to work on /home/airflow/.local/lib/python3.9/site-packages/airflow/example_dags/example_xcomargs.py
[2025-04-22T06:22:38.397+0000] {processor.py:914} INFO - Processing file /home/airflow/.local/lib/python3.9/site-packages/airflow/example_dags/example_xcomargs.py for tasks to queue
[2025-04-22T06:22:38.402+0000] {logging_mixin.py:190} INFO - [2025-04-22T06:22:38.402+0000] {dagbag.py:588} INFO - Filling up the DagBag from /home/airflow/.local/lib/python3.9/site-packages/airflow/example_dags/example_xcomargs.py
[2025-04-22T06:22:38.424+0000] {processor.py:925} INFO - DAG(s) 'example_xcom_args', 'example_xcom_args_with_operators' retrieved from /home/airflow/.local/lib/python3.9/site-packages/airflow/example_dags/example_xcomargs.py
[2025-04-22T06:22:38.460+0000] {logging_mixin.py:190} INFO - [2025-04-22T06:22:38.460+0000] {dag.py:3239} INFO - Sync 2 DAGs
[2025-04-22T06:22:38.484+0000] {logging_mixin.py:190} INFO - [2025-04-22T06:22:38.483+0000] {dag.py:4180} INFO - Setting next_dagrun for example_xcom_args to None, run_after=None
[2025-04-22T06:22:38.490+0000] {logging_mixin.py:190} INFO - [2025-04-22T06:22:38.490+0000] {dag.py:4180} INFO - Setting next_dagrun for example_xcom_args_with_operators to None, run_after=None
[2025-04-22T06:22:38.512+0000] {processor.py:208} INFO - Processing /home/airflow/.local/lib/python3.9/site-packages/airflow/example_dags/example_xcomargs.py took 0.124 seconds
[2025-04-22T06:23:08.625+0000] {processor.py:186} INFO - Started process (PID=434) to work on /home/airflow/.local/lib/python3.9/site-packages/airflow/example_dags/example_xcomargs.py
[2025-04-22T06:23:08.626+0000] {processor.py:914} INFO - Processing file /home/airflow/.local/lib/python3.9/site-packages/airflow/example_dags/example_xcomargs.py for tasks to queue
[2025-04-22T06:23:08.628+0000] {logging_mixin.py:190} INFO - [2025-04-22T06:23:08.628+0000] {dagbag.py:588} INFO - Filling up the DagBag from /home/airflow/.local/lib/python3.9/site-packages/airflow/example_dags/example_xcomargs.py
[2025-04-22T06:23:08.639+0000] {processor.py:925} INFO - DAG(s) 'example_xcom_args', 'example_xcom_args_with_operators' retrieved from /home/airflow/.local/lib/python3.9/site-packages/airflow/example_dags/example_xcomargs.py
[2025-04-22T06:23:08.665+0000] {logging_mixin.py:190} INFO - [2025-04-22T06:23:08.665+0000] {dag.py:3239} INFO - Sync 2 DAGs
[2025-04-22T06:23:08.680+0000] {logging_mixin.py:190} INFO - [2025-04-22T06:23:08.679+0000] {dag.py:4180} INFO - Setting next_dagrun for example_xcom_args to None, run_after=None
[2025-04-22T06:23:08.684+0000] {logging_mixin.py:190} INFO - [2025-04-22T06:23:08.683+0000] {dag.py:4180} INFO - Setting next_dagrun for example_xcom_args_with_operators to None, run_after=None
[2025-04-22T06:23:08.701+0000] {processor.py:208} INFO - Processing /home/airflow/.local/lib/python3.9/site-packages/airflow/example_dags/example_xcomargs.py took 0.083 seconds
[2025-04-22T06:23:39.792+0000] {processor.py:186} INFO - Started process (PID=492) to work on /home/airflow/.local/lib/python3.9/site-packages/airflow/example_dags/example_xcomargs.py
[2025-04-22T06:23:39.793+0000] {processor.py:914} INFO - Processing file /home/airflow/.local/lib/python3.9/site-packages/airflow/example_dags/example_xcomargs.py for tasks to queue
[2025-04-22T06:23:39.797+0000] {logging_mixin.py:190} INFO - [2025-04-22T06:23:39.796+0000] {dagbag.py:588} INFO - Filling up the DagBag from /home/airflow/.local/lib/python3.9/site-packages/airflow/example_dags/example_xcomargs.py
[2025-04-22T06:23:39.829+0000] {processor.py:925} INFO - DAG(s) 'example_xcom_args_with_operators', 'example_xcom_args' retrieved from /home/airflow/.local/lib/python3.9/site-packages/airflow/example_dags/example_xcomargs.py
[2025-04-22T06:23:39.853+0000] {logging_mixin.py:190} INFO - [2025-04-22T06:23:39.853+0000] {dag.py:3239} INFO - Sync 2 DAGs
[2025-04-22T06:23:39.868+0000] {logging_mixin.py:190} INFO - [2025-04-22T06:23:39.868+0000] {dag.py:4180} INFO - Setting next_dagrun for example_xcom_args to None, run_after=None
[2025-04-22T06:23:39.873+0000] {logging_mixin.py:190} INFO - [2025-04-22T06:23:39.872+0000] {dag.py:4180} INFO - Setting next_dagrun for example_xcom_args_with_operators to None, run_after=None
[2025-04-22T06:23:39.887+0000] {processor.py:208} INFO - Processing /home/airflow/.local/lib/python3.9/site-packages/airflow/example_dags/example_xcomargs.py took 0.103 seconds
[2025-04-22T06:24:10.861+0000] {processor.py:186} INFO - Started process (PID=550) to work on /home/airflow/.local/lib/python3.9/site-packages/airflow/example_dags/example_xcomargs.py
[2025-04-22T06:24:10.862+0000] {processor.py:914} INFO - Processing file /home/airflow/.local/lib/python3.9/site-packages/airflow/example_dags/example_xcomargs.py for tasks to queue
[2025-04-22T06:24:10.865+0000] {logging_mixin.py:190} INFO - [2025-04-22T06:24:10.864+0000] {dagbag.py:588} INFO - Filling up the DagBag from /home/airflow/.local/lib/python3.9/site-packages/airflow/example_dags/example_xcomargs.py
[2025-04-22T06:24:10.874+0000] {processor.py:925} INFO - DAG(s) 'example_xcom_args_with_operators', 'example_xcom_args' retrieved from /home/airflow/.local/lib/python3.9/site-packages/airflow/example_dags/example_xcomargs.py
[2025-04-22T06:24:10.895+0000] {logging_mixin.py:190} INFO - [2025-04-22T06:24:10.895+0000] {dag.py:3239} INFO - Sync 2 DAGs
[2025-04-22T06:24:10.910+0000] {logging_mixin.py:190} INFO - [2025-04-22T06:24:10.910+0000] {dag.py:4180} INFO - Setting next_dagrun for example_xcom_args to None, run_after=None
[2025-04-22T06:24:10.914+0000] {logging_mixin.py:190} INFO - [2025-04-22T06:24:10.913+0000] {dag.py:4180} INFO - Setting next_dagrun for example_xcom_args_with_operators to None, run_after=None
[2025-04-22T06:24:10.928+0000] {processor.py:208} INFO - Processing /home/airflow/.local/lib/python3.9/site-packages/airflow/example_dags/example_xcomargs.py took 0.072 seconds
[2025-04-22T06:24:41.518+0000] {processor.py:186} INFO - Started process (PID=608) to work on /home/airflow/.local/lib/python3.9/site-packages/airflow/example_dags/example_xcomargs.py
[2025-04-22T06:24:41.519+0000] {processor.py:914} INFO - Processing file /home/airflow/.local/lib/python3.9/site-packages/airflow/example_dags/example_xcomargs.py for tasks to queue
[2025-04-22T06:24:41.522+0000] {logging_mixin.py:190} INFO - [2025-04-22T06:24:41.521+0000] {dagbag.py:588} INFO - Filling up the DagBag from /home/airflow/.local/lib/python3.9/site-packages/airflow/example_dags/example_xcomargs.py
[2025-04-22T06:24:41.532+0000] {processor.py:925} INFO - DAG(s) 'example_xcom_args_with_operators', 'example_xcom_args' retrieved from /home/airflow/.local/lib/python3.9/site-packages/airflow/example_dags/example_xcomargs.py
[2025-04-22T06:24:41.554+0000] {logging_mixin.py:190} INFO - [2025-04-22T06:24:41.554+0000] {dag.py:3239} INFO - Sync 2 DAGs
[2025-04-22T06:24:41.568+0000] {logging_mixin.py:190} INFO - [2025-04-22T06:24:41.568+0000] {dag.py:4180} INFO - Setting next_dagrun for example_xcom_args to None, run_after=None
[2025-04-22T06:24:41.572+0000] {logging_mixin.py:190} INFO - [2025-04-22T06:24:41.571+0000] {dag.py:4180} INFO - Setting next_dagrun for example_xcom_args_with_operators to None, run_after=None
[2025-04-22T06:24:41.589+0000] {processor.py:208} INFO - Processing /home/airflow/.local/lib/python3.9/site-packages/airflow/example_dags/example_xcomargs.py took 0.077 seconds
[2025-04-22T06:25:12.731+0000] {processor.py:186} INFO - Started process (PID=666) to work on /home/airflow/.local/lib/python3.9/site-packages/airflow/example_dags/example_xcomargs.py
[2025-04-22T06:25:12.732+0000] {processor.py:914} INFO - Processing file /home/airflow/.local/lib/python3.9/site-packages/airflow/example_dags/example_xcomargs.py for tasks to queue
[2025-04-22T06:25:12.734+0000] {logging_mixin.py:190} INFO - [2025-04-22T06:25:12.734+0000] {dagbag.py:588} INFO - Filling up the DagBag from /home/airflow/.local/lib/python3.9/site-packages/airflow/example_dags/example_xcomargs.py
[2025-04-22T06:25:12.744+0000] {processor.py:925} INFO - DAG(s) 'example_xcom_args', 'example_xcom_args_with_operators' retrieved from /home/airflow/.local/lib/python3.9/site-packages/airflow/example_dags/example_xcomargs.py
[2025-04-22T06:25:12.765+0000] {logging_mixin.py:190} INFO - [2025-04-22T06:25:12.765+0000] {dag.py:3239} INFO - Sync 2 DAGs
[2025-04-22T06:25:12.779+0000] {logging_mixin.py:190} INFO - [2025-04-22T06:25:12.779+0000] {dag.py:4180} INFO - Setting next_dagrun for example_xcom_args to None, run_after=None
[2025-04-22T06:25:12.783+0000] {logging_mixin.py:190} INFO - [2025-04-22T06:25:12.783+0000] {dag.py:4180} INFO - Setting next_dagrun for example_xcom_args_with_operators to None, run_after=None
[2025-04-22T06:25:12.799+0000] {processor.py:208} INFO - Processing /home/airflow/.local/lib/python3.9/site-packages/airflow/example_dags/example_xcomargs.py took 0.075 seconds
[2025-04-22T06:25:43.442+0000] {processor.py:186} INFO - Started process (PID=724) to work on /home/airflow/.local/lib/python3.9/site-packages/airflow/example_dags/example_xcomargs.py
[2025-04-22T06:25:43.443+0000] {processor.py:914} INFO - Processing file /home/airflow/.local/lib/python3.9/site-packages/airflow/example_dags/example_xcomargs.py for tasks to queue
[2025-04-22T06:25:43.445+0000] {logging_mixin.py:190} INFO - [2025-04-22T06:25:43.444+0000] {dagbag.py:588} INFO - Filling up the DagBag from /home/airflow/.local/lib/python3.9/site-packages/airflow/example_dags/example_xcomargs.py
[2025-04-22T06:25:43.454+0000] {processor.py:925} INFO - DAG(s) 'example_xcom_args', 'example_xcom_args_with_operators' retrieved from /home/airflow/.local/lib/python3.9/site-packages/airflow/example_dags/example_xcomargs.py
[2025-04-22T06:25:43.480+0000] {logging_mixin.py:190} INFO - [2025-04-22T06:25:43.480+0000] {dag.py:3239} INFO - Sync 2 DAGs
[2025-04-22T06:25:43.497+0000] {logging_mixin.py:190} INFO - [2025-04-22T06:25:43.497+0000] {dag.py:4180} INFO - Setting next_dagrun for example_xcom_args to None, run_after=None
[2025-04-22T06:25:43.501+0000] {logging_mixin.py:190} INFO - [2025-04-22T06:25:43.500+0000] {dag.py:4180} INFO - Setting next_dagrun for example_xcom_args_with_operators to None, run_after=None
[2025-04-22T06:25:43.523+0000] {processor.py:208} INFO - Processing /home/airflow/.local/lib/python3.9/site-packages/airflow/example_dags/example_xcomargs.py took 0.088 seconds
[2025-04-22T06:26:14.166+0000] {processor.py:186} INFO - Started process (PID=782) to work on /home/airflow/.local/lib/python3.9/site-packages/airflow/example_dags/example_xcomargs.py
[2025-04-22T06:26:14.167+0000] {processor.py:914} INFO - Processing file /home/airflow/.local/lib/python3.9/site-packages/airflow/example_dags/example_xcomargs.py for tasks to queue
[2025-04-22T06:26:14.169+0000] {logging_mixin.py:190} INFO - [2025-04-22T06:26:14.169+0000] {dagbag.py:588} INFO - Filling up the DagBag from /home/airflow/.local/lib/python3.9/site-packages/airflow/example_dags/example_xcomargs.py
[2025-04-22T06:26:14.179+0000] {processor.py:925} INFO - DAG(s) 'example_xcom_args_with_operators', 'example_xcom_args' retrieved from /home/airflow/.local/lib/python3.9/site-packages/airflow/example_dags/example_xcomargs.py
[2025-04-22T06:26:14.199+0000] {logging_mixin.py:190} INFO - [2025-04-22T06:26:14.199+0000] {dag.py:3239} INFO - Sync 2 DAGs
[2025-04-22T06:26:14.214+0000] {logging_mixin.py:190} INFO - [2025-04-22T06:26:14.214+0000] {dag.py:4180} INFO - Setting next_dagrun for example_xcom_args to None, run_after=None
[2025-04-22T06:26:14.218+0000] {logging_mixin.py:190} INFO - [2025-04-22T06:26:14.218+0000] {dag.py:4180} INFO - Setting next_dagrun for example_xcom_args_with_operators to None, run_after=None
[2025-04-22T06:26:14.233+0000] {processor.py:208} INFO - Processing /home/airflow/.local/lib/python3.9/site-packages/airflow/example_dags/example_xcomargs.py took 0.072 seconds
[2025-04-22T06:26:44.783+0000] {processor.py:186} INFO - Started process (PID=840) to work on /home/airflow/.local/lib/python3.9/site-packages/airflow/example_dags/example_xcomargs.py
[2025-04-22T06:26:44.784+0000] {processor.py:914} INFO - Processing file /home/airflow/.local/lib/python3.9/site-packages/airflow/example_dags/example_xcomargs.py for tasks to queue
[2025-04-22T06:26:44.786+0000] {logging_mixin.py:190} INFO - [2025-04-22T06:26:44.786+0000] {dagbag.py:588} INFO - Filling up the DagBag from /home/airflow/.local/lib/python3.9/site-packages/airflow/example_dags/example_xcomargs.py
[2025-04-22T06:26:44.796+0000] {processor.py:925} INFO - DAG(s) 'example_xcom_args_with_operators', 'example_xcom_args' retrieved from /home/airflow/.local/lib/python3.9/site-packages/airflow/example_dags/example_xcomargs.py
[2025-04-22T06:26:44.818+0000] {logging_mixin.py:190} INFO - [2025-04-22T06:26:44.818+0000] {dag.py:3239} INFO - Sync 2 DAGs
[2025-04-22T06:26:44.833+0000] {logging_mixin.py:190} INFO - [2025-04-22T06:26:44.832+0000] {dag.py:4180} INFO - Setting next_dagrun for example_xcom_args to None, run_after=None
[2025-04-22T06:26:44.836+0000] {logging_mixin.py:190} INFO - [2025-04-22T06:26:44.836+0000] {dag.py:4180} INFO - Setting next_dagrun for example_xcom_args_with_operators to None, run_after=None
[2025-04-22T06:26:44.853+0000] {processor.py:208} INFO - Processing /home/airflow/.local/lib/python3.9/site-packages/airflow/example_dags/example_xcomargs.py took 0.077 seconds
[2025-04-22T06:27:16.125+0000] {processor.py:186} INFO - Started process (PID=898) to work on /home/airflow/.local/lib/python3.9/site-packages/airflow/example_dags/example_xcomargs.py
[2025-04-22T06:27:16.126+0000] {processor.py:914} INFO - Processing file /home/airflow/.local/lib/python3.9/site-packages/airflow/example_dags/example_xcomargs.py for tasks to queue
[2025-04-22T06:27:16.128+0000] {logging_mixin.py:190} INFO - [2025-04-22T06:27:16.128+0000] {dagbag.py:588} INFO - Filling up the DagBag from /home/airflow/.local/lib/python3.9/site-packages/airflow/example_dags/example_xcomargs.py
[2025-04-22T06:27:16.138+0000] {processor.py:925} INFO - DAG(s) 'example_xcom_args_with_operators', 'example_xcom_args' retrieved from /home/airflow/.local/lib/python3.9/site-packages/airflow/example_dags/example_xcomargs.py
[2025-04-22T06:27:16.160+0000] {logging_mixin.py:190} INFO - [2025-04-22T06:27:16.160+0000] {dag.py:3239} INFO - Sync 2 DAGs
[2025-04-22T06:27:16.174+0000] {logging_mixin.py:190} INFO - [2025-04-22T06:27:16.174+0000] {dag.py:4180} INFO - Setting next_dagrun for example_xcom_args to None, run_after=None
[2025-04-22T06:27:16.178+0000] {logging_mixin.py:190} INFO - [2025-04-22T06:27:16.178+0000] {dag.py:4180} INFO - Setting next_dagrun for example_xcom_args_with_operators to None, run_after=None
[2025-04-22T06:27:16.192+0000] {processor.py:208} INFO - Processing /home/airflow/.local/lib/python3.9/site-packages/airflow/example_dags/example_xcomargs.py took 0.074 seconds
[2025-04-22T06:27:46.855+0000] {processor.py:186} INFO - Started process (PID=956) to work on /home/airflow/.local/lib/python3.9/site-packages/airflow/example_dags/example_xcomargs.py
[2025-04-22T06:27:46.856+0000] {processor.py:914} INFO - Processing file /home/airflow/.local/lib/python3.9/site-packages/airflow/example_dags/example_xcomargs.py for tasks to queue
[2025-04-22T06:27:46.859+0000] {logging_mixin.py:190} INFO - [2025-04-22T06:27:46.859+0000] {dagbag.py:588} INFO - Filling up the DagBag from /home/airflow/.local/lib/python3.9/site-packages/airflow/example_dags/example_xcomargs.py
[2025-04-22T06:27:46.870+0000] {processor.py:925} INFO - DAG(s) 'example_xcom_args', 'example_xcom_args_with_operators' retrieved from /home/airflow/.local/lib/python3.9/site-packages/airflow/example_dags/example_xcomargs.py
[2025-04-22T06:27:46.891+0000] {logging_mixin.py:190} INFO - [2025-04-22T06:27:46.891+0000] {dag.py:3239} INFO - Sync 2 DAGs
[2025-04-22T06:27:46.905+0000] {logging_mixin.py:190} INFO - [2025-04-22T06:27:46.905+0000] {dag.py:4180} INFO - Setting next_dagrun for example_xcom_args to None, run_after=None
[2025-04-22T06:27:46.909+0000] {logging_mixin.py:190} INFO - [2025-04-22T06:27:46.908+0000] {dag.py:4180} INFO - Setting next_dagrun for example_xcom_args_with_operators to None, run_after=None
[2025-04-22T06:27:46.928+0000] {processor.py:208} INFO - Processing /home/airflow/.local/lib/python3.9/site-packages/airflow/example_dags/example_xcomargs.py took 0.080 seconds
[2025-04-22T06:28:17.643+0000] {processor.py:186} INFO - Started process (PID=1014) to work on /home/airflow/.local/lib/python3.9/site-packages/airflow/example_dags/example_xcomargs.py
[2025-04-22T06:28:17.644+0000] {processor.py:914} INFO - Processing file /home/airflow/.local/lib/python3.9/site-packages/airflow/example_dags/example_xcomargs.py for tasks to queue
[2025-04-22T06:28:17.646+0000] {logging_mixin.py:190} INFO - [2025-04-22T06:28:17.646+0000] {dagbag.py:588} INFO - Filling up the DagBag from /home/airflow/.local/lib/python3.9/site-packages/airflow/example_dags/example_xcomargs.py
[2025-04-22T06:28:17.655+0000] {processor.py:925} INFO - DAG(s) 'example_xcom_args', 'example_xcom_args_with_operators' retrieved from /home/airflow/.local/lib/python3.9/site-packages/airflow/example_dags/example_xcomargs.py
[2025-04-22T06:28:17.677+0000] {logging_mixin.py:190} INFO - [2025-04-22T06:28:17.677+0000] {dag.py:3239} INFO - Sync 2 DAGs
[2025-04-22T06:28:17.691+0000] {logging_mixin.py:190} INFO - [2025-04-22T06:28:17.691+0000] {dag.py:4180} INFO - Setting next_dagrun for example_xcom_args to None, run_after=None
[2025-04-22T06:28:17.695+0000] {logging_mixin.py:190} INFO - [2025-04-22T06:28:17.695+0000] {dag.py:4180} INFO - Setting next_dagrun for example_xcom_args_with_operators to None, run_after=None
[2025-04-22T06:28:17.713+0000] {processor.py:208} INFO - Processing /home/airflow/.local/lib/python3.9/site-packages/airflow/example_dags/example_xcomargs.py took 0.076 seconds
[2025-04-22T06:28:49.025+0000] {processor.py:186} INFO - Started process (PID=1072) to work on /home/airflow/.local/lib/python3.9/site-packages/airflow/example_dags/example_xcomargs.py
[2025-04-22T06:28:49.026+0000] {processor.py:914} INFO - Processing file /home/airflow/.local/lib/python3.9/site-packages/airflow/example_dags/example_xcomargs.py for tasks to queue
[2025-04-22T06:28:49.029+0000] {logging_mixin.py:190} INFO - [2025-04-22T06:28:49.028+0000] {dagbag.py:588} INFO - Filling up the DagBag from /home/airflow/.local/lib/python3.9/site-packages/airflow/example_dags/example_xcomargs.py
[2025-04-22T06:28:49.038+0000] {processor.py:925} INFO - DAG(s) 'example_xcom_args', 'example_xcom_args_with_operators' retrieved from /home/airflow/.local/lib/python3.9/site-packages/airflow/example_dags/example_xcomargs.py
[2025-04-22T06:28:49.065+0000] {logging_mixin.py:190} INFO - [2025-04-22T06:28:49.065+0000] {dag.py:3239} INFO - Sync 2 DAGs
[2025-04-22T06:28:49.080+0000] {logging_mixin.py:190} INFO - [2025-04-22T06:28:49.079+0000] {dag.py:4180} INFO - Setting next_dagrun for example_xcom_args to None, run_after=None
[2025-04-22T06:28:49.084+0000] {logging_mixin.py:190} INFO - [2025-04-22T06:28:49.083+0000] {dag.py:4180} INFO - Setting next_dagrun for example_xcom_args_with_operators to None, run_after=None
[2025-04-22T06:28:49.102+0000] {processor.py:208} INFO - Processing /home/airflow/.local/lib/python3.9/site-packages/airflow/example_dags/example_xcomargs.py took 0.083 seconds
[2025-04-22T06:29:19.886+0000] {processor.py:186} INFO - Started process (PID=1130) to work on /home/airflow/.local/lib/python3.9/site-packages/airflow/example_dags/example_xcomargs.py
[2025-04-22T06:29:19.887+0000] {processor.py:914} INFO - Processing file /home/airflow/.local/lib/python3.9/site-packages/airflow/example_dags/example_xcomargs.py for tasks to queue
[2025-04-22T06:29:19.889+0000] {logging_mixin.py:190} INFO - [2025-04-22T06:29:19.889+0000] {dagbag.py:588} INFO - Filling up the DagBag from /home/airflow/.local/lib/python3.9/site-packages/airflow/example_dags/example_xcomargs.py
[2025-04-22T06:29:19.899+0000] {processor.py:925} INFO - DAG(s) 'example_xcom_args_with_operators', 'example_xcom_args' retrieved from /home/airflow/.local/lib/python3.9/site-packages/airflow/example_dags/example_xcomargs.py
[2025-04-22T06:29:19.920+0000] {logging_mixin.py:190} INFO - [2025-04-22T06:29:19.920+0000] {dag.py:3239} INFO - Sync 2 DAGs
[2025-04-22T06:29:19.935+0000] {logging_mixin.py:190} INFO - [2025-04-22T06:29:19.935+0000] {dag.py:4180} INFO - Setting next_dagrun for example_xcom_args to None, run_after=None
[2025-04-22T06:29:19.939+0000] {logging_mixin.py:190} INFO - [2025-04-22T06:29:19.939+0000] {dag.py:4180} INFO - Setting next_dagrun for example_xcom_args_with_operators to None, run_after=None
[2025-04-22T06:29:19.955+0000] {processor.py:208} INFO - Processing /home/airflow/.local/lib/python3.9/site-packages/airflow/example_dags/example_xcomargs.py took 0.075 seconds
[2025-04-22T06:29:51.181+0000] {processor.py:186} INFO - Started process (PID=1188) to work on /home/airflow/.local/lib/python3.9/site-packages/airflow/example_dags/example_xcomargs.py
[2025-04-22T06:29:51.182+0000] {processor.py:914} INFO - Processing file /home/airflow/.local/lib/python3.9/site-packages/airflow/example_dags/example_xcomargs.py for tasks to queue
[2025-04-22T06:29:51.184+0000] {logging_mixin.py:190} INFO - [2025-04-22T06:29:51.184+0000] {dagbag.py:588} INFO - Filling up the DagBag from /home/airflow/.local/lib/python3.9/site-packages/airflow/example_dags/example_xcomargs.py
[2025-04-22T06:29:51.194+0000] {processor.py:925} INFO - DAG(s) 'example_xcom_args', 'example_xcom_args_with_operators' retrieved from /home/airflow/.local/lib/python3.9/site-packages/airflow/example_dags/example_xcomargs.py
[2025-04-22T06:29:51.222+0000] {logging_mixin.py:190} INFO - [2025-04-22T06:29:51.222+0000] {dag.py:3239} INFO - Sync 2 DAGs
[2025-04-22T06:29:51.241+0000] {logging_mixin.py:190} INFO - [2025-04-22T06:29:51.241+0000] {dag.py:4180} INFO - Setting next_dagrun for example_xcom_args to None, run_after=None
[2025-04-22T06:29:51.247+0000] {logging_mixin.py:190} INFO - [2025-04-22T06:29:51.247+0000] {dag.py:4180} INFO - Setting next_dagrun for example_xcom_args_with_operators to None, run_after=None
[2025-04-22T06:29:51.267+0000] {processor.py:208} INFO - Processing /home/airflow/.local/lib/python3.9/site-packages/airflow/example_dags/example_xcomargs.py took 0.092 seconds
[2025-04-22T06:30:22.352+0000] {processor.py:186} INFO - Started process (PID=1246) to work on /home/airflow/.local/lib/python3.9/site-packages/airflow/example_dags/example_xcomargs.py
[2025-04-22T06:30:22.353+0000] {processor.py:914} INFO - Processing file /home/airflow/.local/lib/python3.9/site-packages/airflow/example_dags/example_xcomargs.py for tasks to queue
[2025-04-22T06:30:22.355+0000] {logging_mixin.py:190} INFO - [2025-04-22T06:30:22.355+0000] {dagbag.py:588} INFO - Filling up the DagBag from /home/airflow/.local/lib/python3.9/site-packages/airflow/example_dags/example_xcomargs.py
[2025-04-22T06:30:22.366+0000] {processor.py:925} INFO - DAG(s) 'example_xcom_args_with_operators', 'example_xcom_args' retrieved from /home/airflow/.local/lib/python3.9/site-packages/airflow/example_dags/example_xcomargs.py
[2025-04-22T06:30:22.391+0000] {logging_mixin.py:190} INFO - [2025-04-22T06:30:22.390+0000] {dag.py:3239} INFO - Sync 2 DAGs
[2025-04-22T06:30:22.410+0000] {logging_mixin.py:190} INFO - [2025-04-22T06:30:22.409+0000] {dag.py:4180} INFO - Setting next_dagrun for example_xcom_args to None, run_after=None
[2025-04-22T06:30:22.414+0000] {logging_mixin.py:190} INFO - [2025-04-22T06:30:22.414+0000] {dag.py:4180} INFO - Setting next_dagrun for example_xcom_args_with_operators to None, run_after=None
[2025-04-22T06:30:22.435+0000] {processor.py:208} INFO - Processing /home/airflow/.local/lib/python3.9/site-packages/airflow/example_dags/example_xcomargs.py took 0.091 seconds
[2025-04-22T06:30:54.130+0000] {processor.py:186} INFO - Started process (PID=1304) to work on /home/airflow/.local/lib/python3.9/site-packages/airflow/example_dags/example_xcomargs.py
[2025-04-22T06:30:54.131+0000] {processor.py:914} INFO - Processing file /home/airflow/.local/lib/python3.9/site-packages/airflow/example_dags/example_xcomargs.py for tasks to queue
[2025-04-22T06:30:54.133+0000] {logging_mixin.py:190} INFO - [2025-04-22T06:30:54.133+0000] {dagbag.py:588} INFO - Filling up the DagBag from /home/airflow/.local/lib/python3.9/site-packages/airflow/example_dags/example_xcomargs.py
[2025-04-22T06:30:54.144+0000] {processor.py:925} INFO - DAG(s) 'example_xcom_args', 'example_xcom_args_with_operators' retrieved from /home/airflow/.local/lib/python3.9/site-packages/airflow/example_dags/example_xcomargs.py
[2025-04-22T06:30:54.170+0000] {logging_mixin.py:190} INFO - [2025-04-22T06:30:54.169+0000] {dag.py:3239} INFO - Sync 2 DAGs
[2025-04-22T06:30:54.191+0000] {logging_mixin.py:190} INFO - [2025-04-22T06:30:54.191+0000] {dag.py:4180} INFO - Setting next_dagrun for example_xcom_args to None, run_after=None
[2025-04-22T06:30:54.197+0000] {logging_mixin.py:190} INFO - [2025-04-22T06:30:54.197+0000] {dag.py:4180} INFO - Setting next_dagrun for example_xcom_args_with_operators to None, run_after=None
[2025-04-22T06:30:54.221+0000] {processor.py:208} INFO - Processing /home/airflow/.local/lib/python3.9/site-packages/airflow/example_dags/example_xcomargs.py took 0.097 seconds
[2025-04-22T06:31:25.312+0000] {processor.py:186} INFO - Started process (PID=1362) to work on /home/airflow/.local/lib/python3.9/site-packages/airflow/example_dags/example_xcomargs.py
[2025-04-22T06:31:25.313+0000] {processor.py:914} INFO - Processing file /home/airflow/.local/lib/python3.9/site-packages/airflow/example_dags/example_xcomargs.py for tasks to queue
[2025-04-22T06:31:25.315+0000] {logging_mixin.py:190} INFO - [2025-04-22T06:31:25.315+0000] {dagbag.py:588} INFO - Filling up the DagBag from /home/airflow/.local/lib/python3.9/site-packages/airflow/example_dags/example_xcomargs.py
[2025-04-22T06:31:25.324+0000] {processor.py:925} INFO - DAG(s) 'example_xcom_args_with_operators', 'example_xcom_args' retrieved from /home/airflow/.local/lib/python3.9/site-packages/airflow/example_dags/example_xcomargs.py
[2025-04-22T06:31:25.349+0000] {logging_mixin.py:190} INFO - [2025-04-22T06:31:25.348+0000] {dag.py:3239} INFO - Sync 2 DAGs
[2025-04-22T06:31:25.363+0000] {logging_mixin.py:190} INFO - [2025-04-22T06:31:25.363+0000] {dag.py:4180} INFO - Setting next_dagrun for example_xcom_args to None, run_after=None
[2025-04-22T06:31:25.367+0000] {logging_mixin.py:190} INFO - [2025-04-22T06:31:25.367+0000] {dag.py:4180} INFO - Setting next_dagrun for example_xcom_args_with_operators to None, run_after=None
[2025-04-22T06:31:25.381+0000] {processor.py:208} INFO - Processing /home/airflow/.local/lib/python3.9/site-packages/airflow/example_dags/example_xcomargs.py took 0.075 seconds
[2025-04-22T06:31:56.098+0000] {processor.py:186} INFO - Started process (PID=1420) to work on /home/airflow/.local/lib/python3.9/site-packages/airflow/example_dags/example_xcomargs.py
[2025-04-22T06:31:56.099+0000] {processor.py:914} INFO - Processing file /home/airflow/.local/lib/python3.9/site-packages/airflow/example_dags/example_xcomargs.py for tasks to queue
[2025-04-22T06:31:56.101+0000] {logging_mixin.py:190} INFO - [2025-04-22T06:31:56.100+0000] {dagbag.py:588} INFO - Filling up the DagBag from /home/airflow/.local/lib/python3.9/site-packages/airflow/example_dags/example_xcomargs.py
[2025-04-22T06:31:56.110+0000] {processor.py:925} INFO - DAG(s) 'example_xcom_args_with_operators', 'example_xcom_args' retrieved from /home/airflow/.local/lib/python3.9/site-packages/airflow/example_dags/example_xcomargs.py
[2025-04-22T06:31:56.130+0000] {logging_mixin.py:190} INFO - [2025-04-22T06:31:56.130+0000] {dag.py:3239} INFO - Sync 2 DAGs
[2025-04-22T06:31:56.145+0000] {logging_mixin.py:190} INFO - [2025-04-22T06:31:56.144+0000] {dag.py:4180} INFO - Setting next_dagrun for example_xcom_args to None, run_after=None
[2025-04-22T06:31:56.149+0000] {logging_mixin.py:190} INFO - [2025-04-22T06:31:56.148+0000] {dag.py:4180} INFO - Setting next_dagrun for example_xcom_args_with_operators to None, run_after=None
[2025-04-22T06:31:56.166+0000] {processor.py:208} INFO - Processing /home/airflow/.local/lib/python3.9/site-packages/airflow/example_dags/example_xcomargs.py took 0.074 seconds
[2025-04-22T06:32:28.826+0000] {processor.py:186} INFO - Started process (PID=1478) to work on /home/airflow/.local/lib/python3.9/site-packages/airflow/example_dags/example_xcomargs.py
[2025-04-22T06:32:28.829+0000] {processor.py:914} INFO - Processing file /home/airflow/.local/lib/python3.9/site-packages/airflow/example_dags/example_xcomargs.py for tasks to queue
[2025-04-22T06:32:28.834+0000] {logging_mixin.py:190} INFO - [2025-04-22T06:32:28.833+0000] {dagbag.py:588} INFO - Filling up the DagBag from /home/airflow/.local/lib/python3.9/site-packages/airflow/example_dags/example_xcomargs.py
[2025-04-22T06:32:28.859+0000] {processor.py:925} INFO - DAG(s) 'example_xcom_args_with_operators', 'example_xcom_args' retrieved from /home/airflow/.local/lib/python3.9/site-packages/airflow/example_dags/example_xcomargs.py
[2025-04-22T06:32:28.920+0000] {logging_mixin.py:190} INFO - [2025-04-22T06:32:28.919+0000] {dag.py:3239} INFO - Sync 2 DAGs
[2025-04-22T06:32:28.957+0000] {logging_mixin.py:190} INFO - [2025-04-22T06:32:28.956+0000] {dag.py:4180} INFO - Setting next_dagrun for example_xcom_args to None, run_after=None
[2025-04-22T06:32:28.963+0000] {logging_mixin.py:190} INFO - [2025-04-22T06:32:28.963+0000] {dag.py:4180} INFO - Setting next_dagrun for example_xcom_args_with_operators to None, run_after=None
[2025-04-22T06:32:29.034+0000] {processor.py:208} INFO - Processing /home/airflow/.local/lib/python3.9/site-packages/airflow/example_dags/example_xcomargs.py took 0.218 seconds
