[2025-04-22T06:19:57.119+0000] {processor.py:186} INFO - Started process (PID=54) to work on /home/airflow/.local/lib/python3.9/site-packages/airflow/example_dags/example_setup_teardown_taskflow.py
[2025-04-22T06:19:57.120+0000] {processor.py:914} INFO - Processing file /home/airflow/.local/lib/python3.9/site-packages/airflow/example_dags/example_setup_teardown_taskflow.py for tasks to queue
[2025-04-22T06:19:57.125+0000] {logging_mixin.py:190} INFO - [2025-04-22T06:19:57.124+0000] {dagbag.py:588} INFO - Filling up the DagBag from /home/airflow/.local/lib/python3.9/site-packages/airflow/example_dags/example_setup_teardown_taskflow.py
[2025-04-22T06:19:57.136+0000] {processor.py:925} INFO - DAG(s) 'example_setup_teardown_taskflow' retrieved from /home/airflow/.local/lib/python3.9/site-packages/airflow/example_dags/example_setup_teardown_taskflow.py
[2025-04-22T06:19:57.167+0000] {logging_mixin.py:190} INFO - [2025-04-22T06:19:57.167+0000] {dag.py:3239} INFO - Sync 1 DAGs
[2025-04-22T06:19:57.183+0000] {logging_mixin.py:190} INFO - [2025-04-22T06:19:57.183+0000] {dag.py:4180} INFO - Setting next_dagrun for example_setup_teardown_taskflow to None, run_after=None
[2025-04-22T06:19:57.202+0000] {processor.py:208} INFO - Processing /home/airflow/.local/lib/python3.9/site-packages/airflow/example_dags/example_setup_teardown_taskflow.py took 0.091 seconds
[2025-04-22T06:20:27.271+0000] {processor.py:186} INFO - Started process (PID=111) to work on /home/airflow/.local/lib/python3.9/site-packages/airflow/example_dags/example_setup_teardown_taskflow.py
[2025-04-22T06:20:27.273+0000] {processor.py:914} INFO - Processing file /home/airflow/.local/lib/python3.9/site-packages/airflow/example_dags/example_setup_teardown_taskflow.py for tasks to queue
[2025-04-22T06:20:27.276+0000] {logging_mixin.py:190} INFO - [2025-04-22T06:20:27.275+0000] {dagbag.py:588} INFO - Filling up the DagBag from /home/airflow/.local/lib/python3.9/site-packages/airflow/example_dags/example_setup_teardown_taskflow.py
[2025-04-22T06:20:27.289+0000] {processor.py:925} INFO - DAG(s) 'example_setup_teardown_taskflow' retrieved from /home/airflow/.local/lib/python3.9/site-packages/airflow/example_dags/example_setup_teardown_taskflow.py
[2025-04-22T06:20:27.314+0000] {logging_mixin.py:190} INFO - [2025-04-22T06:20:27.314+0000] {dag.py:3239} INFO - Sync 1 DAGs
[2025-04-22T06:20:27.336+0000] {logging_mixin.py:190} INFO - [2025-04-22T06:20:27.336+0000] {dag.py:4180} INFO - Setting next_dagrun for example_setup_teardown_taskflow to None, run_after=None
[2025-04-22T06:20:27.359+0000] {processor.py:208} INFO - Processing /home/airflow/.local/lib/python3.9/site-packages/airflow/example_dags/example_setup_teardown_taskflow.py took 0.098 seconds
[2025-04-22T06:20:57.908+0000] {processor.py:186} INFO - Started process (PID=169) to work on /home/airflow/.local/lib/python3.9/site-packages/airflow/example_dags/example_setup_teardown_taskflow.py
[2025-04-22T06:20:57.909+0000] {processor.py:914} INFO - Processing file /home/airflow/.local/lib/python3.9/site-packages/airflow/example_dags/example_setup_teardown_taskflow.py for tasks to queue
[2025-04-22T06:20:57.912+0000] {logging_mixin.py:190} INFO - [2025-04-22T06:20:57.911+0000] {dagbag.py:588} INFO - Filling up the DagBag from /home/airflow/.local/lib/python3.9/site-packages/airflow/example_dags/example_setup_teardown_taskflow.py
[2025-04-22T06:20:57.928+0000] {processor.py:925} INFO - DAG(s) 'example_setup_teardown_taskflow' retrieved from /home/airflow/.local/lib/python3.9/site-packages/airflow/example_dags/example_setup_teardown_taskflow.py
[2025-04-22T06:20:57.960+0000] {logging_mixin.py:190} INFO - [2025-04-22T06:20:57.959+0000] {dag.py:3239} INFO - Sync 1 DAGs
[2025-04-22T06:20:57.978+0000] {logging_mixin.py:190} INFO - [2025-04-22T06:20:57.978+0000] {dag.py:4180} INFO - Setting next_dagrun for example_setup_teardown_taskflow to None, run_after=None
[2025-04-22T06:20:57.999+0000] {processor.py:208} INFO - Processing /home/airflow/.local/lib/python3.9/site-packages/airflow/example_dags/example_setup_teardown_taskflow.py took 0.099 seconds
[2025-04-22T06:21:28.717+0000] {processor.py:186} INFO - Started process (PID=228) to work on /home/airflow/.local/lib/python3.9/site-packages/airflow/example_dags/example_setup_teardown_taskflow.py
[2025-04-22T06:21:28.719+0000] {processor.py:914} INFO - Processing file /home/airflow/.local/lib/python3.9/site-packages/airflow/example_dags/example_setup_teardown_taskflow.py for tasks to queue
[2025-04-22T06:21:28.721+0000] {logging_mixin.py:190} INFO - [2025-04-22T06:21:28.720+0000] {dagbag.py:588} INFO - Filling up the DagBag from /home/airflow/.local/lib/python3.9/site-packages/airflow/example_dags/example_setup_teardown_taskflow.py
[2025-04-22T06:21:28.731+0000] {processor.py:925} INFO - DAG(s) 'example_setup_teardown_taskflow' retrieved from /home/airflow/.local/lib/python3.9/site-packages/airflow/example_dags/example_setup_teardown_taskflow.py
[2025-04-22T06:21:28.753+0000] {logging_mixin.py:190} INFO - [2025-04-22T06:21:28.752+0000] {dag.py:3239} INFO - Sync 1 DAGs
[2025-04-22T06:21:28.766+0000] {logging_mixin.py:190} INFO - [2025-04-22T06:21:28.766+0000] {dag.py:4180} INFO - Setting next_dagrun for example_setup_teardown_taskflow to None, run_after=None
[2025-04-22T06:21:28.785+0000] {processor.py:208} INFO - Processing /home/airflow/.local/lib/python3.9/site-packages/airflow/example_dags/example_setup_teardown_taskflow.py took 0.074 seconds
[2025-04-22T06:21:59.139+0000] {processor.py:186} INFO - Started process (PID=285) to work on /home/airflow/.local/lib/python3.9/site-packages/airflow/example_dags/example_setup_teardown_taskflow.py
[2025-04-22T06:21:59.140+0000] {processor.py:914} INFO - Processing file /home/airflow/.local/lib/python3.9/site-packages/airflow/example_dags/example_setup_teardown_taskflow.py for tasks to queue
[2025-04-22T06:21:59.142+0000] {logging_mixin.py:190} INFO - [2025-04-22T06:21:59.142+0000] {dagbag.py:588} INFO - Filling up the DagBag from /home/airflow/.local/lib/python3.9/site-packages/airflow/example_dags/example_setup_teardown_taskflow.py
[2025-04-22T06:21:59.155+0000] {processor.py:925} INFO - DAG(s) 'example_setup_teardown_taskflow' retrieved from /home/airflow/.local/lib/python3.9/site-packages/airflow/example_dags/example_setup_teardown_taskflow.py
[2025-04-22T06:21:59.178+0000] {logging_mixin.py:190} INFO - [2025-04-22T06:21:59.178+0000] {dag.py:3239} INFO - Sync 1 DAGs
[2025-04-22T06:21:59.193+0000] {logging_mixin.py:190} INFO - [2025-04-22T06:21:59.193+0000] {dag.py:4180} INFO - Setting next_dagrun for example_setup_teardown_taskflow to None, run_after=None
[2025-04-22T06:21:59.209+0000] {processor.py:208} INFO - Processing /home/airflow/.local/lib/python3.9/site-packages/airflow/example_dags/example_setup_teardown_taskflow.py took 0.079 seconds
[2025-04-22T06:22:30.103+0000] {processor.py:186} INFO - Started process (PID=344) to work on /home/airflow/.local/lib/python3.9/site-packages/airflow/example_dags/example_setup_teardown_taskflow.py
[2025-04-22T06:22:30.104+0000] {processor.py:914} INFO - Processing file /home/airflow/.local/lib/python3.9/site-packages/airflow/example_dags/example_setup_teardown_taskflow.py for tasks to queue
[2025-04-22T06:22:30.107+0000] {logging_mixin.py:190} INFO - [2025-04-22T06:22:30.107+0000] {dagbag.py:588} INFO - Filling up the DagBag from /home/airflow/.local/lib/python3.9/site-packages/airflow/example_dags/example_setup_teardown_taskflow.py
[2025-04-22T06:22:30.119+0000] {processor.py:925} INFO - DAG(s) 'example_setup_teardown_taskflow' retrieved from /home/airflow/.local/lib/python3.9/site-packages/airflow/example_dags/example_setup_teardown_taskflow.py
[2025-04-22T06:22:30.143+0000] {logging_mixin.py:190} INFO - [2025-04-22T06:22:30.142+0000] {dag.py:3239} INFO - Sync 1 DAGs
[2025-04-22T06:22:30.160+0000] {logging_mixin.py:190} INFO - [2025-04-22T06:22:30.159+0000] {dag.py:4180} INFO - Setting next_dagrun for example_setup_teardown_taskflow to None, run_after=None
[2025-04-22T06:22:30.182+0000] {processor.py:208} INFO - Processing /home/airflow/.local/lib/python3.9/site-packages/airflow/example_dags/example_setup_teardown_taskflow.py took 0.087 seconds
[2025-04-22T06:23:00.329+0000] {processor.py:186} INFO - Started process (PID=401) to work on /home/airflow/.local/lib/python3.9/site-packages/airflow/example_dags/example_setup_teardown_taskflow.py
[2025-04-22T06:23:00.330+0000] {processor.py:914} INFO - Processing file /home/airflow/.local/lib/python3.9/site-packages/airflow/example_dags/example_setup_teardown_taskflow.py for tasks to queue
[2025-04-22T06:23:00.332+0000] {logging_mixin.py:190} INFO - [2025-04-22T06:23:00.332+0000] {dagbag.py:588} INFO - Filling up the DagBag from /home/airflow/.local/lib/python3.9/site-packages/airflow/example_dags/example_setup_teardown_taskflow.py
[2025-04-22T06:23:00.345+0000] {processor.py:925} INFO - DAG(s) 'example_setup_teardown_taskflow' retrieved from /home/airflow/.local/lib/python3.9/site-packages/airflow/example_dags/example_setup_teardown_taskflow.py
[2025-04-22T06:23:00.370+0000] {logging_mixin.py:190} INFO - [2025-04-22T06:23:00.369+0000] {dag.py:3239} INFO - Sync 1 DAGs
[2025-04-22T06:23:00.385+0000] {logging_mixin.py:190} INFO - [2025-04-22T06:23:00.384+0000] {dag.py:4180} INFO - Setting next_dagrun for example_setup_teardown_taskflow to None, run_after=None
[2025-04-22T06:23:00.410+0000] {processor.py:208} INFO - Processing /home/airflow/.local/lib/python3.9/site-packages/airflow/example_dags/example_setup_teardown_taskflow.py took 0.087 seconds
[2025-04-22T06:23:31.101+0000] {processor.py:186} INFO - Started process (PID=459) to work on /home/airflow/.local/lib/python3.9/site-packages/airflow/example_dags/example_setup_teardown_taskflow.py
[2025-04-22T06:23:31.102+0000] {processor.py:914} INFO - Processing file /home/airflow/.local/lib/python3.9/site-packages/airflow/example_dags/example_setup_teardown_taskflow.py for tasks to queue
[2025-04-22T06:23:31.104+0000] {logging_mixin.py:190} INFO - [2025-04-22T06:23:31.104+0000] {dagbag.py:588} INFO - Filling up the DagBag from /home/airflow/.local/lib/python3.9/site-packages/airflow/example_dags/example_setup_teardown_taskflow.py
[2025-04-22T06:23:31.114+0000] {processor.py:925} INFO - DAG(s) 'example_setup_teardown_taskflow' retrieved from /home/airflow/.local/lib/python3.9/site-packages/airflow/example_dags/example_setup_teardown_taskflow.py
[2025-04-22T06:23:31.138+0000] {logging_mixin.py:190} INFO - [2025-04-22T06:23:31.138+0000] {dag.py:3239} INFO - Sync 1 DAGs
[2025-04-22T06:23:31.153+0000] {logging_mixin.py:190} INFO - [2025-04-22T06:23:31.152+0000] {dag.py:4180} INFO - Setting next_dagrun for example_setup_teardown_taskflow to None, run_after=None
[2025-04-22T06:23:31.170+0000] {processor.py:208} INFO - Processing /home/airflow/.local/lib/python3.9/site-packages/airflow/example_dags/example_setup_teardown_taskflow.py took 0.075 seconds
[2025-04-22T06:24:02.329+0000] {processor.py:186} INFO - Started process (PID=518) to work on /home/airflow/.local/lib/python3.9/site-packages/airflow/example_dags/example_setup_teardown_taskflow.py
[2025-04-22T06:24:02.330+0000] {processor.py:914} INFO - Processing file /home/airflow/.local/lib/python3.9/site-packages/airflow/example_dags/example_setup_teardown_taskflow.py for tasks to queue
[2025-04-22T06:24:02.332+0000] {logging_mixin.py:190} INFO - [2025-04-22T06:24:02.332+0000] {dagbag.py:588} INFO - Filling up the DagBag from /home/airflow/.local/lib/python3.9/site-packages/airflow/example_dags/example_setup_teardown_taskflow.py
[2025-04-22T06:24:02.342+0000] {processor.py:925} INFO - DAG(s) 'example_setup_teardown_taskflow' retrieved from /home/airflow/.local/lib/python3.9/site-packages/airflow/example_dags/example_setup_teardown_taskflow.py
[2025-04-22T06:24:02.365+0000] {logging_mixin.py:190} INFO - [2025-04-22T06:24:02.364+0000] {dag.py:3239} INFO - Sync 1 DAGs
[2025-04-22T06:24:02.380+0000] {logging_mixin.py:190} INFO - [2025-04-22T06:24:02.379+0000] {dag.py:4180} INFO - Setting next_dagrun for example_setup_teardown_taskflow to None, run_after=None
[2025-04-22T06:24:02.401+0000] {processor.py:208} INFO - Processing /home/airflow/.local/lib/python3.9/site-packages/airflow/example_dags/example_setup_teardown_taskflow.py took 0.078 seconds
[2025-04-22T06:24:32.495+0000] {processor.py:186} INFO - Started process (PID=575) to work on /home/airflow/.local/lib/python3.9/site-packages/airflow/example_dags/example_setup_teardown_taskflow.py
[2025-04-22T06:24:32.496+0000] {processor.py:914} INFO - Processing file /home/airflow/.local/lib/python3.9/site-packages/airflow/example_dags/example_setup_teardown_taskflow.py for tasks to queue
[2025-04-22T06:24:32.498+0000] {logging_mixin.py:190} INFO - [2025-04-22T06:24:32.498+0000] {dagbag.py:588} INFO - Filling up the DagBag from /home/airflow/.local/lib/python3.9/site-packages/airflow/example_dags/example_setup_teardown_taskflow.py
[2025-04-22T06:24:32.508+0000] {processor.py:925} INFO - DAG(s) 'example_setup_teardown_taskflow' retrieved from /home/airflow/.local/lib/python3.9/site-packages/airflow/example_dags/example_setup_teardown_taskflow.py
[2025-04-22T06:24:32.527+0000] {logging_mixin.py:190} INFO - [2025-04-22T06:24:32.527+0000] {dag.py:3239} INFO - Sync 1 DAGs
[2025-04-22T06:24:32.541+0000] {logging_mixin.py:190} INFO - [2025-04-22T06:24:32.540+0000] {dag.py:4180} INFO - Setting next_dagrun for example_setup_teardown_taskflow to None, run_after=None
[2025-04-22T06:24:32.558+0000] {processor.py:208} INFO - Processing /home/airflow/.local/lib/python3.9/site-packages/airflow/example_dags/example_setup_teardown_taskflow.py took 0.070 seconds
[2025-04-22T06:25:02.960+0000] {processor.py:186} INFO - Started process (PID=633) to work on /home/airflow/.local/lib/python3.9/site-packages/airflow/example_dags/example_setup_teardown_taskflow.py
[2025-04-22T06:25:02.961+0000] {processor.py:914} INFO - Processing file /home/airflow/.local/lib/python3.9/site-packages/airflow/example_dags/example_setup_teardown_taskflow.py for tasks to queue
[2025-04-22T06:25:02.963+0000] {logging_mixin.py:190} INFO - [2025-04-22T06:25:02.963+0000] {dagbag.py:588} INFO - Filling up the DagBag from /home/airflow/.local/lib/python3.9/site-packages/airflow/example_dags/example_setup_teardown_taskflow.py
[2025-04-22T06:25:02.973+0000] {processor.py:925} INFO - DAG(s) 'example_setup_teardown_taskflow' retrieved from /home/airflow/.local/lib/python3.9/site-packages/airflow/example_dags/example_setup_teardown_taskflow.py
[2025-04-22T06:25:02.994+0000] {logging_mixin.py:190} INFO - [2025-04-22T06:25:02.993+0000] {dag.py:3239} INFO - Sync 1 DAGs
[2025-04-22T06:25:03.007+0000] {logging_mixin.py:190} INFO - [2025-04-22T06:25:03.007+0000] {dag.py:4180} INFO - Setting next_dagrun for example_setup_teardown_taskflow to None, run_after=None
[2025-04-22T06:25:03.025+0000] {processor.py:208} INFO - Processing /home/airflow/.local/lib/python3.9/site-packages/airflow/example_dags/example_setup_teardown_taskflow.py took 0.072 seconds
[2025-04-22T06:25:33.127+0000] {processor.py:186} INFO - Started process (PID=691) to work on /home/airflow/.local/lib/python3.9/site-packages/airflow/example_dags/example_setup_teardown_taskflow.py
[2025-04-22T06:25:33.128+0000] {processor.py:914} INFO - Processing file /home/airflow/.local/lib/python3.9/site-packages/airflow/example_dags/example_setup_teardown_taskflow.py for tasks to queue
[2025-04-22T06:25:33.131+0000] {logging_mixin.py:190} INFO - [2025-04-22T06:25:33.130+0000] {dagbag.py:588} INFO - Filling up the DagBag from /home/airflow/.local/lib/python3.9/site-packages/airflow/example_dags/example_setup_teardown_taskflow.py
[2025-04-22T06:25:33.141+0000] {processor.py:925} INFO - DAG(s) 'example_setup_teardown_taskflow' retrieved from /home/airflow/.local/lib/python3.9/site-packages/airflow/example_dags/example_setup_teardown_taskflow.py
[2025-04-22T06:25:33.162+0000] {logging_mixin.py:190} INFO - [2025-04-22T06:25:33.161+0000] {dag.py:3239} INFO - Sync 1 DAGs
[2025-04-22T06:25:33.175+0000] {logging_mixin.py:190} INFO - [2025-04-22T06:25:33.175+0000] {dag.py:4180} INFO - Setting next_dagrun for example_setup_teardown_taskflow to None, run_after=None
[2025-04-22T06:25:33.195+0000] {processor.py:208} INFO - Processing /home/airflow/.local/lib/python3.9/site-packages/airflow/example_dags/example_setup_teardown_taskflow.py took 0.074 seconds
[2025-04-22T06:26:03.928+0000] {processor.py:186} INFO - Started process (PID=749) to work on /home/airflow/.local/lib/python3.9/site-packages/airflow/example_dags/example_setup_teardown_taskflow.py
[2025-04-22T06:26:03.929+0000] {processor.py:914} INFO - Processing file /home/airflow/.local/lib/python3.9/site-packages/airflow/example_dags/example_setup_teardown_taskflow.py for tasks to queue
[2025-04-22T06:26:03.932+0000] {logging_mixin.py:190} INFO - [2025-04-22T06:26:03.931+0000] {dagbag.py:588} INFO - Filling up the DagBag from /home/airflow/.local/lib/python3.9/site-packages/airflow/example_dags/example_setup_teardown_taskflow.py
[2025-04-22T06:26:03.942+0000] {processor.py:925} INFO - DAG(s) 'example_setup_teardown_taskflow' retrieved from /home/airflow/.local/lib/python3.9/site-packages/airflow/example_dags/example_setup_teardown_taskflow.py
[2025-04-22T06:26:03.963+0000] {logging_mixin.py:190} INFO - [2025-04-22T06:26:03.963+0000] {dag.py:3239} INFO - Sync 1 DAGs
[2025-04-22T06:26:03.978+0000] {logging_mixin.py:190} INFO - [2025-04-22T06:26:03.978+0000] {dag.py:4180} INFO - Setting next_dagrun for example_setup_teardown_taskflow to None, run_after=None
[2025-04-22T06:26:03.996+0000] {processor.py:208} INFO - Processing /home/airflow/.local/lib/python3.9/site-packages/airflow/example_dags/example_setup_teardown_taskflow.py took 0.075 seconds
[2025-04-22T06:26:34.568+0000] {processor.py:186} INFO - Started process (PID=807) to work on /home/airflow/.local/lib/python3.9/site-packages/airflow/example_dags/example_setup_teardown_taskflow.py
[2025-04-22T06:26:34.569+0000] {processor.py:914} INFO - Processing file /home/airflow/.local/lib/python3.9/site-packages/airflow/example_dags/example_setup_teardown_taskflow.py for tasks to queue
[2025-04-22T06:26:34.571+0000] {logging_mixin.py:190} INFO - [2025-04-22T06:26:34.570+0000] {dagbag.py:588} INFO - Filling up the DagBag from /home/airflow/.local/lib/python3.9/site-packages/airflow/example_dags/example_setup_teardown_taskflow.py
[2025-04-22T06:26:34.581+0000] {processor.py:925} INFO - DAG(s) 'example_setup_teardown_taskflow' retrieved from /home/airflow/.local/lib/python3.9/site-packages/airflow/example_dags/example_setup_teardown_taskflow.py
[2025-04-22T06:26:34.610+0000] {logging_mixin.py:190} INFO - [2025-04-22T06:26:34.610+0000] {dag.py:3239} INFO - Sync 1 DAGs
[2025-04-22T06:26:34.625+0000] {logging_mixin.py:190} INFO - [2025-04-22T06:26:34.625+0000] {dag.py:4180} INFO - Setting next_dagrun for example_setup_teardown_taskflow to None, run_after=None
[2025-04-22T06:26:34.642+0000] {processor.py:208} INFO - Processing /home/airflow/.local/lib/python3.9/site-packages/airflow/example_dags/example_setup_teardown_taskflow.py took 0.081 seconds
[2025-04-22T06:27:05.103+0000] {processor.py:186} INFO - Started process (PID=865) to work on /home/airflow/.local/lib/python3.9/site-packages/airflow/example_dags/example_setup_teardown_taskflow.py
[2025-04-22T06:27:05.105+0000] {processor.py:914} INFO - Processing file /home/airflow/.local/lib/python3.9/site-packages/airflow/example_dags/example_setup_teardown_taskflow.py for tasks to queue
[2025-04-22T06:27:05.107+0000] {logging_mixin.py:190} INFO - [2025-04-22T06:27:05.107+0000] {dagbag.py:588} INFO - Filling up the DagBag from /home/airflow/.local/lib/python3.9/site-packages/airflow/example_dags/example_setup_teardown_taskflow.py
[2025-04-22T06:27:05.122+0000] {processor.py:925} INFO - DAG(s) 'example_setup_teardown_taskflow' retrieved from /home/airflow/.local/lib/python3.9/site-packages/airflow/example_dags/example_setup_teardown_taskflow.py
[2025-04-22T06:27:05.143+0000] {logging_mixin.py:190} INFO - [2025-04-22T06:27:05.143+0000] {dag.py:3239} INFO - Sync 1 DAGs
[2025-04-22T06:27:05.157+0000] {logging_mixin.py:190} INFO - [2025-04-22T06:27:05.157+0000] {dag.py:4180} INFO - Setting next_dagrun for example_setup_teardown_taskflow to None, run_after=None
[2025-04-22T06:27:05.174+0000] {processor.py:208} INFO - Processing /home/airflow/.local/lib/python3.9/site-packages/airflow/example_dags/example_setup_teardown_taskflow.py took 0.078 seconds
[2025-04-22T06:27:35.489+0000] {processor.py:186} INFO - Started process (PID=923) to work on /home/airflow/.local/lib/python3.9/site-packages/airflow/example_dags/example_setup_teardown_taskflow.py
[2025-04-22T06:27:35.491+0000] {processor.py:914} INFO - Processing file /home/airflow/.local/lib/python3.9/site-packages/airflow/example_dags/example_setup_teardown_taskflow.py for tasks to queue
[2025-04-22T06:27:35.493+0000] {logging_mixin.py:190} INFO - [2025-04-22T06:27:35.493+0000] {dagbag.py:588} INFO - Filling up the DagBag from /home/airflow/.local/lib/python3.9/site-packages/airflow/example_dags/example_setup_teardown_taskflow.py
[2025-04-22T06:27:35.507+0000] {processor.py:925} INFO - DAG(s) 'example_setup_teardown_taskflow' retrieved from /home/airflow/.local/lib/python3.9/site-packages/airflow/example_dags/example_setup_teardown_taskflow.py
[2025-04-22T06:27:35.531+0000] {logging_mixin.py:190} INFO - [2025-04-22T06:27:35.531+0000] {dag.py:3239} INFO - Sync 1 DAGs
[2025-04-22T06:27:35.547+0000] {logging_mixin.py:190} INFO - [2025-04-22T06:27:35.547+0000] {dag.py:4180} INFO - Setting next_dagrun for example_setup_teardown_taskflow to None, run_after=None
[2025-04-22T06:27:35.569+0000] {processor.py:208} INFO - Processing /home/airflow/.local/lib/python3.9/site-packages/airflow/example_dags/example_setup_teardown_taskflow.py took 0.086 seconds
[2025-04-22T06:28:06.174+0000] {processor.py:186} INFO - Started process (PID=981) to work on /home/airflow/.local/lib/python3.9/site-packages/airflow/example_dags/example_setup_teardown_taskflow.py
[2025-04-22T06:28:06.175+0000] {processor.py:914} INFO - Processing file /home/airflow/.local/lib/python3.9/site-packages/airflow/example_dags/example_setup_teardown_taskflow.py for tasks to queue
[2025-04-22T06:28:06.178+0000] {logging_mixin.py:190} INFO - [2025-04-22T06:28:06.177+0000] {dagbag.py:588} INFO - Filling up the DagBag from /home/airflow/.local/lib/python3.9/site-packages/airflow/example_dags/example_setup_teardown_taskflow.py
[2025-04-22T06:28:06.194+0000] {processor.py:925} INFO - DAG(s) 'example_setup_teardown_taskflow' retrieved from /home/airflow/.local/lib/python3.9/site-packages/airflow/example_dags/example_setup_teardown_taskflow.py
[2025-04-22T06:28:06.215+0000] {logging_mixin.py:190} INFO - [2025-04-22T06:28:06.215+0000] {dag.py:3239} INFO - Sync 1 DAGs
[2025-04-22T06:28:06.232+0000] {logging_mixin.py:190} INFO - [2025-04-22T06:28:06.232+0000] {dag.py:4180} INFO - Setting next_dagrun for example_setup_teardown_taskflow to None, run_after=None
[2025-04-22T06:28:06.255+0000] {processor.py:208} INFO - Processing /home/airflow/.local/lib/python3.9/site-packages/airflow/example_dags/example_setup_teardown_taskflow.py took 0.087 seconds
[2025-04-22T06:28:37.024+0000] {processor.py:186} INFO - Started process (PID=1039) to work on /home/airflow/.local/lib/python3.9/site-packages/airflow/example_dags/example_setup_teardown_taskflow.py
[2025-04-22T06:28:37.025+0000] {processor.py:914} INFO - Processing file /home/airflow/.local/lib/python3.9/site-packages/airflow/example_dags/example_setup_teardown_taskflow.py for tasks to queue
[2025-04-22T06:28:37.027+0000] {logging_mixin.py:190} INFO - [2025-04-22T06:28:37.027+0000] {dagbag.py:588} INFO - Filling up the DagBag from /home/airflow/.local/lib/python3.9/site-packages/airflow/example_dags/example_setup_teardown_taskflow.py
[2025-04-22T06:28:37.037+0000] {processor.py:925} INFO - DAG(s) 'example_setup_teardown_taskflow' retrieved from /home/airflow/.local/lib/python3.9/site-packages/airflow/example_dags/example_setup_teardown_taskflow.py
[2025-04-22T06:28:37.057+0000] {logging_mixin.py:190} INFO - [2025-04-22T06:28:37.057+0000] {dag.py:3239} INFO - Sync 1 DAGs
[2025-04-22T06:28:37.071+0000] {logging_mixin.py:190} INFO - [2025-04-22T06:28:37.071+0000] {dag.py:4180} INFO - Setting next_dagrun for example_setup_teardown_taskflow to None, run_after=None
[2025-04-22T06:28:37.089+0000] {processor.py:208} INFO - Processing /home/airflow/.local/lib/python3.9/site-packages/airflow/example_dags/example_setup_teardown_taskflow.py took 0.072 seconds
[2025-04-22T06:29:07.374+0000] {processor.py:186} INFO - Started process (PID=1097) to work on /home/airflow/.local/lib/python3.9/site-packages/airflow/example_dags/example_setup_teardown_taskflow.py
[2025-04-22T06:29:07.375+0000] {processor.py:914} INFO - Processing file /home/airflow/.local/lib/python3.9/site-packages/airflow/example_dags/example_setup_teardown_taskflow.py for tasks to queue
[2025-04-22T06:29:07.377+0000] {logging_mixin.py:190} INFO - [2025-04-22T06:29:07.377+0000] {dagbag.py:588} INFO - Filling up the DagBag from /home/airflow/.local/lib/python3.9/site-packages/airflow/example_dags/example_setup_teardown_taskflow.py
[2025-04-22T06:29:07.388+0000] {processor.py:925} INFO - DAG(s) 'example_setup_teardown_taskflow' retrieved from /home/airflow/.local/lib/python3.9/site-packages/airflow/example_dags/example_setup_teardown_taskflow.py
[2025-04-22T06:29:07.409+0000] {logging_mixin.py:190} INFO - [2025-04-22T06:29:07.409+0000] {dag.py:3239} INFO - Sync 1 DAGs
[2025-04-22T06:29:07.423+0000] {logging_mixin.py:190} INFO - [2025-04-22T06:29:07.423+0000] {dag.py:4180} INFO - Setting next_dagrun for example_setup_teardown_taskflow to None, run_after=None
[2025-04-22T06:29:07.443+0000] {processor.py:208} INFO - Processing /home/airflow/.local/lib/python3.9/site-packages/airflow/example_dags/example_setup_teardown_taskflow.py took 0.075 seconds
[2025-04-22T06:29:38.170+0000] {processor.py:186} INFO - Started process (PID=1155) to work on /home/airflow/.local/lib/python3.9/site-packages/airflow/example_dags/example_setup_teardown_taskflow.py
[2025-04-22T06:29:38.171+0000] {processor.py:914} INFO - Processing file /home/airflow/.local/lib/python3.9/site-packages/airflow/example_dags/example_setup_teardown_taskflow.py for tasks to queue
[2025-04-22T06:29:38.174+0000] {logging_mixin.py:190} INFO - [2025-04-22T06:29:38.173+0000] {dagbag.py:588} INFO - Filling up the DagBag from /home/airflow/.local/lib/python3.9/site-packages/airflow/example_dags/example_setup_teardown_taskflow.py
[2025-04-22T06:29:38.184+0000] {processor.py:925} INFO - DAG(s) 'example_setup_teardown_taskflow' retrieved from /home/airflow/.local/lib/python3.9/site-packages/airflow/example_dags/example_setup_teardown_taskflow.py
[2025-04-22T06:29:38.203+0000] {logging_mixin.py:190} INFO - [2025-04-22T06:29:38.203+0000] {dag.py:3239} INFO - Sync 1 DAGs
[2025-04-22T06:29:38.217+0000] {logging_mixin.py:190} INFO - [2025-04-22T06:29:38.216+0000] {dag.py:4180} INFO - Setting next_dagrun for example_setup_teardown_taskflow to None, run_after=None
[2025-04-22T06:29:38.233+0000] {processor.py:208} INFO - Processing /home/airflow/.local/lib/python3.9/site-packages/airflow/example_dags/example_setup_teardown_taskflow.py took 0.070 seconds
[2025-04-22T06:30:08.737+0000] {processor.py:186} INFO - Started process (PID=1213) to work on /home/airflow/.local/lib/python3.9/site-packages/airflow/example_dags/example_setup_teardown_taskflow.py
[2025-04-22T06:30:08.738+0000] {processor.py:914} INFO - Processing file /home/airflow/.local/lib/python3.9/site-packages/airflow/example_dags/example_setup_teardown_taskflow.py for tasks to queue
[2025-04-22T06:30:08.740+0000] {logging_mixin.py:190} INFO - [2025-04-22T06:30:08.740+0000] {dagbag.py:588} INFO - Filling up the DagBag from /home/airflow/.local/lib/python3.9/site-packages/airflow/example_dags/example_setup_teardown_taskflow.py
[2025-04-22T06:30:08.751+0000] {processor.py:925} INFO - DAG(s) 'example_setup_teardown_taskflow' retrieved from /home/airflow/.local/lib/python3.9/site-packages/airflow/example_dags/example_setup_teardown_taskflow.py
[2025-04-22T06:30:08.772+0000] {logging_mixin.py:190} INFO - [2025-04-22T06:30:08.771+0000] {dag.py:3239} INFO - Sync 1 DAGs
[2025-04-22T06:30:08.785+0000] {logging_mixin.py:190} INFO - [2025-04-22T06:30:08.785+0000] {dag.py:4180} INFO - Setting next_dagrun for example_setup_teardown_taskflow to None, run_after=None
[2025-04-22T06:30:08.805+0000] {processor.py:208} INFO - Processing /home/airflow/.local/lib/python3.9/site-packages/airflow/example_dags/example_setup_teardown_taskflow.py took 0.074 seconds
[2025-04-22T06:30:38.956+0000] {processor.py:186} INFO - Started process (PID=1271) to work on /home/airflow/.local/lib/python3.9/site-packages/airflow/example_dags/example_setup_teardown_taskflow.py
[2025-04-22T06:30:38.957+0000] {processor.py:914} INFO - Processing file /home/airflow/.local/lib/python3.9/site-packages/airflow/example_dags/example_setup_teardown_taskflow.py for tasks to queue
[2025-04-22T06:30:38.960+0000] {logging_mixin.py:190} INFO - [2025-04-22T06:30:38.959+0000] {dagbag.py:588} INFO - Filling up the DagBag from /home/airflow/.local/lib/python3.9/site-packages/airflow/example_dags/example_setup_teardown_taskflow.py
[2025-04-22T06:30:38.970+0000] {processor.py:925} INFO - DAG(s) 'example_setup_teardown_taskflow' retrieved from /home/airflow/.local/lib/python3.9/site-packages/airflow/example_dags/example_setup_teardown_taskflow.py
[2025-04-22T06:30:38.991+0000] {logging_mixin.py:190} INFO - [2025-04-22T06:30:38.990+0000] {dag.py:3239} INFO - Sync 1 DAGs
[2025-04-22T06:30:39.004+0000] {logging_mixin.py:190} INFO - [2025-04-22T06:30:39.004+0000] {dag.py:4180} INFO - Setting next_dagrun for example_setup_teardown_taskflow to None, run_after=None
[2025-04-22T06:30:39.023+0000] {processor.py:208} INFO - Processing /home/airflow/.local/lib/python3.9/site-packages/airflow/example_dags/example_setup_teardown_taskflow.py took 0.074 seconds
[2025-04-22T06:31:09.435+0000] {processor.py:186} INFO - Started process (PID=1329) to work on /home/airflow/.local/lib/python3.9/site-packages/airflow/example_dags/example_setup_teardown_taskflow.py
[2025-04-22T06:31:09.436+0000] {processor.py:914} INFO - Processing file /home/airflow/.local/lib/python3.9/site-packages/airflow/example_dags/example_setup_teardown_taskflow.py for tasks to queue
[2025-04-22T06:31:09.438+0000] {logging_mixin.py:190} INFO - [2025-04-22T06:31:09.438+0000] {dagbag.py:588} INFO - Filling up the DagBag from /home/airflow/.local/lib/python3.9/site-packages/airflow/example_dags/example_setup_teardown_taskflow.py
[2025-04-22T06:31:09.449+0000] {processor.py:925} INFO - DAG(s) 'example_setup_teardown_taskflow' retrieved from /home/airflow/.local/lib/python3.9/site-packages/airflow/example_dags/example_setup_teardown_taskflow.py
[2025-04-22T06:31:09.469+0000] {logging_mixin.py:190} INFO - [2025-04-22T06:31:09.469+0000] {dag.py:3239} INFO - Sync 1 DAGs
[2025-04-22T06:31:09.482+0000] {logging_mixin.py:190} INFO - [2025-04-22T06:31:09.482+0000] {dag.py:4180} INFO - Setting next_dagrun for example_setup_teardown_taskflow to None, run_after=None
[2025-04-22T06:31:09.500+0000] {processor.py:208} INFO - Processing /home/airflow/.local/lib/python3.9/site-packages/airflow/example_dags/example_setup_teardown_taskflow.py took 0.071 seconds
[2025-04-22T06:31:39.696+0000] {processor.py:186} INFO - Started process (PID=1387) to work on /home/airflow/.local/lib/python3.9/site-packages/airflow/example_dags/example_setup_teardown_taskflow.py
[2025-04-22T06:31:39.697+0000] {processor.py:914} INFO - Processing file /home/airflow/.local/lib/python3.9/site-packages/airflow/example_dags/example_setup_teardown_taskflow.py for tasks to queue
[2025-04-22T06:31:39.699+0000] {logging_mixin.py:190} INFO - [2025-04-22T06:31:39.699+0000] {dagbag.py:588} INFO - Filling up the DagBag from /home/airflow/.local/lib/python3.9/site-packages/airflow/example_dags/example_setup_teardown_taskflow.py
[2025-04-22T06:31:39.710+0000] {processor.py:925} INFO - DAG(s) 'example_setup_teardown_taskflow' retrieved from /home/airflow/.local/lib/python3.9/site-packages/airflow/example_dags/example_setup_teardown_taskflow.py
[2025-04-22T06:31:39.729+0000] {logging_mixin.py:190} INFO - [2025-04-22T06:31:39.729+0000] {dag.py:3239} INFO - Sync 1 DAGs
[2025-04-22T06:31:39.743+0000] {logging_mixin.py:190} INFO - [2025-04-22T06:31:39.742+0000] {dag.py:4180} INFO - Setting next_dagrun for example_setup_teardown_taskflow to None, run_after=None
[2025-04-22T06:31:39.761+0000] {processor.py:208} INFO - Processing /home/airflow/.local/lib/python3.9/site-packages/airflow/example_dags/example_setup_teardown_taskflow.py took 0.071 seconds
[2025-04-22T06:32:10.446+0000] {processor.py:186} INFO - Started process (PID=1445) to work on /home/airflow/.local/lib/python3.9/site-packages/airflow/example_dags/example_setup_teardown_taskflow.py
[2025-04-22T06:32:10.446+0000] {processor.py:914} INFO - Processing file /home/airflow/.local/lib/python3.9/site-packages/airflow/example_dags/example_setup_teardown_taskflow.py for tasks to queue
[2025-04-22T06:32:10.449+0000] {logging_mixin.py:190} INFO - [2025-04-22T06:32:10.448+0000] {dagbag.py:588} INFO - Filling up the DagBag from /home/airflow/.local/lib/python3.9/site-packages/airflow/example_dags/example_setup_teardown_taskflow.py
[2025-04-22T06:32:10.459+0000] {processor.py:925} INFO - DAG(s) 'example_setup_teardown_taskflow' retrieved from /home/airflow/.local/lib/python3.9/site-packages/airflow/example_dags/example_setup_teardown_taskflow.py
[2025-04-22T06:32:10.479+0000] {logging_mixin.py:190} INFO - [2025-04-22T06:32:10.479+0000] {dag.py:3239} INFO - Sync 1 DAGs
[2025-04-22T06:32:10.493+0000] {logging_mixin.py:190} INFO - [2025-04-22T06:32:10.493+0000] {dag.py:4180} INFO - Setting next_dagrun for example_setup_teardown_taskflow to None, run_after=None
[2025-04-22T06:32:10.512+0000] {processor.py:208} INFO - Processing /home/airflow/.local/lib/python3.9/site-packages/airflow/example_dags/example_setup_teardown_taskflow.py took 0.072 seconds
