[2025-04-22T06:19:56.367+0000] {processor.py:186} INFO - Started process (PID=49) to work on /home/airflow/.local/lib/python3.9/site-packages/airflow/example_dags/example_python_operator.py
[2025-04-22T06:19:56.369+0000] {processor.py:914} INFO - Processing file /home/airflow/.local/lib/python3.9/site-packages/airflow/example_dags/example_python_operator.py for tasks to queue
[2025-04-22T06:19:56.373+0000] {logging_mixin.py:190} INFO - [2025-04-22T06:19:56.372+0000] {dagbag.py:588} INFO - Filling up the DagBag from /home/airflow/.local/lib/python3.9/site-packages/airflow/example_dags/example_python_operator.py
[2025-04-22T06:19:56.397+0000] {processor.py:925} INFO - DAG(s) 'example_python_operator' retrieved from /home/airflow/.local/lib/python3.9/site-packages/airflow/example_dags/example_python_operator.py
[2025-04-22T06:19:56.559+0000] {logging_mixin.py:190} INFO - [2025-04-22T06:19:56.559+0000] {dag.py:3239} INFO - Sync 1 DAGs
[2025-04-22T06:19:56.576+0000] {logging_mixin.py:190} INFO - [2025-04-22T06:19:56.576+0000] {dag.py:4180} INFO - Setting next_dagrun for example_python_operator to None, run_after=None
[2025-04-22T06:19:56.604+0000] {processor.py:208} INFO - Processing /home/airflow/.local/lib/python3.9/site-packages/airflow/example_dags/example_python_operator.py took 0.247 seconds
[2025-04-22T06:20:26.973+0000] {processor.py:186} INFO - Started process (PID=107) to work on /home/airflow/.local/lib/python3.9/site-packages/airflow/example_dags/example_python_operator.py
[2025-04-22T06:20:26.975+0000] {processor.py:914} INFO - Processing file /home/airflow/.local/lib/python3.9/site-packages/airflow/example_dags/example_python_operator.py for tasks to queue
[2025-04-22T06:20:26.978+0000] {logging_mixin.py:190} INFO - [2025-04-22T06:20:26.977+0000] {dagbag.py:588} INFO - Filling up the DagBag from /home/airflow/.local/lib/python3.9/site-packages/airflow/example_dags/example_python_operator.py
[2025-04-22T06:20:26.996+0000] {processor.py:925} INFO - DAG(s) 'example_python_operator' retrieved from /home/airflow/.local/lib/python3.9/site-packages/airflow/example_dags/example_python_operator.py
[2025-04-22T06:20:27.025+0000] {logging_mixin.py:190} INFO - [2025-04-22T06:20:27.025+0000] {dag.py:3239} INFO - Sync 1 DAGs
[2025-04-22T06:20:27.045+0000] {logging_mixin.py:190} INFO - [2025-04-22T06:20:27.044+0000] {dag.py:4180} INFO - Setting next_dagrun for example_python_operator to None, run_after=None
[2025-04-22T06:20:27.073+0000] {processor.py:208} INFO - Processing /home/airflow/.local/lib/python3.9/site-packages/airflow/example_dags/example_python_operator.py took 0.125 seconds
[2025-04-22T06:20:57.476+0000] {processor.py:186} INFO - Started process (PID=165) to work on /home/airflow/.local/lib/python3.9/site-packages/airflow/example_dags/example_python_operator.py
[2025-04-22T06:20:57.477+0000] {processor.py:914} INFO - Processing file /home/airflow/.local/lib/python3.9/site-packages/airflow/example_dags/example_python_operator.py for tasks to queue
[2025-04-22T06:20:57.480+0000] {logging_mixin.py:190} INFO - [2025-04-22T06:20:57.479+0000] {dagbag.py:588} INFO - Filling up the DagBag from /home/airflow/.local/lib/python3.9/site-packages/airflow/example_dags/example_python_operator.py
[2025-04-22T06:20:57.492+0000] {processor.py:925} INFO - DAG(s) 'example_python_operator' retrieved from /home/airflow/.local/lib/python3.9/site-packages/airflow/example_dags/example_python_operator.py
[2025-04-22T06:20:57.517+0000] {logging_mixin.py:190} INFO - [2025-04-22T06:20:57.516+0000] {dag.py:3239} INFO - Sync 1 DAGs
[2025-04-22T06:20:57.536+0000] {logging_mixin.py:190} INFO - [2025-04-22T06:20:57.536+0000] {dag.py:4180} INFO - Setting next_dagrun for example_python_operator to None, run_after=None
[2025-04-22T06:20:57.563+0000] {processor.py:208} INFO - Processing /home/airflow/.local/lib/python3.9/site-packages/airflow/example_dags/example_python_operator.py took 0.094 seconds
[2025-04-22T06:21:28.399+0000] {processor.py:186} INFO - Started process (PID=223) to work on /home/airflow/.local/lib/python3.9/site-packages/airflow/example_dags/example_python_operator.py
[2025-04-22T06:21:28.400+0000] {processor.py:914} INFO - Processing file /home/airflow/.local/lib/python3.9/site-packages/airflow/example_dags/example_python_operator.py for tasks to queue
[2025-04-22T06:21:28.402+0000] {logging_mixin.py:190} INFO - [2025-04-22T06:21:28.402+0000] {dagbag.py:588} INFO - Filling up the DagBag from /home/airflow/.local/lib/python3.9/site-packages/airflow/example_dags/example_python_operator.py
[2025-04-22T06:21:28.414+0000] {processor.py:925} INFO - DAG(s) 'example_python_operator' retrieved from /home/airflow/.local/lib/python3.9/site-packages/airflow/example_dags/example_python_operator.py
[2025-04-22T06:21:28.435+0000] {logging_mixin.py:190} INFO - [2025-04-22T06:21:28.434+0000] {dag.py:3239} INFO - Sync 1 DAGs
[2025-04-22T06:21:28.449+0000] {logging_mixin.py:190} INFO - [2025-04-22T06:21:28.449+0000] {dag.py:4180} INFO - Setting next_dagrun for example_python_operator to None, run_after=None
[2025-04-22T06:21:28.469+0000] {processor.py:208} INFO - Processing /home/airflow/.local/lib/python3.9/site-packages/airflow/example_dags/example_python_operator.py took 0.076 seconds
[2025-04-22T06:21:58.738+0000] {processor.py:186} INFO - Started process (PID=281) to work on /home/airflow/.local/lib/python3.9/site-packages/airflow/example_dags/example_python_operator.py
[2025-04-22T06:21:58.739+0000] {processor.py:914} INFO - Processing file /home/airflow/.local/lib/python3.9/site-packages/airflow/example_dags/example_python_operator.py for tasks to queue
[2025-04-22T06:21:58.742+0000] {logging_mixin.py:190} INFO - [2025-04-22T06:21:58.742+0000] {dagbag.py:588} INFO - Filling up the DagBag from /home/airflow/.local/lib/python3.9/site-packages/airflow/example_dags/example_python_operator.py
[2025-04-22T06:21:58.757+0000] {processor.py:925} INFO - DAG(s) 'example_python_operator' retrieved from /home/airflow/.local/lib/python3.9/site-packages/airflow/example_dags/example_python_operator.py
[2025-04-22T06:21:58.786+0000] {logging_mixin.py:190} INFO - [2025-04-22T06:21:58.786+0000] {dag.py:3239} INFO - Sync 1 DAGs
[2025-04-22T06:21:58.810+0000] {logging_mixin.py:190} INFO - [2025-04-22T06:21:58.809+0000] {dag.py:4180} INFO - Setting next_dagrun for example_python_operator to None, run_after=None
[2025-04-22T06:21:58.837+0000] {processor.py:208} INFO - Processing /home/airflow/.local/lib/python3.9/site-packages/airflow/example_dags/example_python_operator.py took 0.109 seconds
[2025-04-22T06:22:29.668+0000] {processor.py:186} INFO - Started process (PID=339) to work on /home/airflow/.local/lib/python3.9/site-packages/airflow/example_dags/example_python_operator.py
[2025-04-22T06:22:29.669+0000] {processor.py:914} INFO - Processing file /home/airflow/.local/lib/python3.9/site-packages/airflow/example_dags/example_python_operator.py for tasks to queue
[2025-04-22T06:22:29.672+0000] {logging_mixin.py:190} INFO - [2025-04-22T06:22:29.672+0000] {dagbag.py:588} INFO - Filling up the DagBag from /home/airflow/.local/lib/python3.9/site-packages/airflow/example_dags/example_python_operator.py
[2025-04-22T06:22:29.686+0000] {processor.py:925} INFO - DAG(s) 'example_python_operator' retrieved from /home/airflow/.local/lib/python3.9/site-packages/airflow/example_dags/example_python_operator.py
[2025-04-22T06:22:29.716+0000] {logging_mixin.py:190} INFO - [2025-04-22T06:22:29.715+0000] {dag.py:3239} INFO - Sync 1 DAGs
[2025-04-22T06:22:29.740+0000] {logging_mixin.py:190} INFO - [2025-04-22T06:22:29.740+0000] {dag.py:4180} INFO - Setting next_dagrun for example_python_operator to None, run_after=None
[2025-04-22T06:22:29.767+0000] {processor.py:208} INFO - Processing /home/airflow/.local/lib/python3.9/site-packages/airflow/example_dags/example_python_operator.py took 0.107 seconds
[2025-04-22T06:22:59.828+0000] {processor.py:186} INFO - Started process (PID=397) to work on /home/airflow/.local/lib/python3.9/site-packages/airflow/example_dags/example_python_operator.py
[2025-04-22T06:22:59.829+0000] {processor.py:914} INFO - Processing file /home/airflow/.local/lib/python3.9/site-packages/airflow/example_dags/example_python_operator.py for tasks to queue
[2025-04-22T06:22:59.831+0000] {logging_mixin.py:190} INFO - [2025-04-22T06:22:59.831+0000] {dagbag.py:588} INFO - Filling up the DagBag from /home/airflow/.local/lib/python3.9/site-packages/airflow/example_dags/example_python_operator.py
[2025-04-22T06:22:59.843+0000] {processor.py:925} INFO - DAG(s) 'example_python_operator' retrieved from /home/airflow/.local/lib/python3.9/site-packages/airflow/example_dags/example_python_operator.py
[2025-04-22T06:22:59.864+0000] {logging_mixin.py:190} INFO - [2025-04-22T06:22:59.864+0000] {dag.py:3239} INFO - Sync 1 DAGs
[2025-04-22T06:22:59.880+0000] {logging_mixin.py:190} INFO - [2025-04-22T06:22:59.880+0000] {dag.py:4180} INFO - Setting next_dagrun for example_python_operator to None, run_after=None
[2025-04-22T06:22:59.903+0000] {processor.py:208} INFO - Processing /home/airflow/.local/lib/python3.9/site-packages/airflow/example_dags/example_python_operator.py took 0.082 seconds
[2025-04-22T06:23:29.964+0000] {processor.py:186} INFO - Started process (PID=455) to work on /home/airflow/.local/lib/python3.9/site-packages/airflow/example_dags/example_python_operator.py
[2025-04-22T06:23:29.965+0000] {processor.py:914} INFO - Processing file /home/airflow/.local/lib/python3.9/site-packages/airflow/example_dags/example_python_operator.py for tasks to queue
[2025-04-22T06:23:29.967+0000] {logging_mixin.py:190} INFO - [2025-04-22T06:23:29.966+0000] {dagbag.py:588} INFO - Filling up the DagBag from /home/airflow/.local/lib/python3.9/site-packages/airflow/example_dags/example_python_operator.py
[2025-04-22T06:23:29.978+0000] {processor.py:925} INFO - DAG(s) 'example_python_operator' retrieved from /home/airflow/.local/lib/python3.9/site-packages/airflow/example_dags/example_python_operator.py
[2025-04-22T06:23:29.999+0000] {logging_mixin.py:190} INFO - [2025-04-22T06:23:29.999+0000] {dag.py:3239} INFO - Sync 1 DAGs
[2025-04-22T06:23:30.012+0000] {logging_mixin.py:190} INFO - [2025-04-22T06:23:30.012+0000] {dag.py:4180} INFO - Setting next_dagrun for example_python_operator to None, run_after=None
[2025-04-22T06:23:30.029+0000] {processor.py:208} INFO - Processing /home/airflow/.local/lib/python3.9/site-packages/airflow/example_dags/example_python_operator.py took 0.073 seconds
[2025-04-22T06:24:00.943+0000] {processor.py:186} INFO - Started process (PID=513) to work on /home/airflow/.local/lib/python3.9/site-packages/airflow/example_dags/example_python_operator.py
[2025-04-22T06:24:00.944+0000] {processor.py:914} INFO - Processing file /home/airflow/.local/lib/python3.9/site-packages/airflow/example_dags/example_python_operator.py for tasks to queue
[2025-04-22T06:24:00.946+0000] {logging_mixin.py:190} INFO - [2025-04-22T06:24:00.946+0000] {dagbag.py:588} INFO - Filling up the DagBag from /home/airflow/.local/lib/python3.9/site-packages/airflow/example_dags/example_python_operator.py
[2025-04-22T06:24:00.958+0000] {processor.py:925} INFO - DAG(s) 'example_python_operator' retrieved from /home/airflow/.local/lib/python3.9/site-packages/airflow/example_dags/example_python_operator.py
[2025-04-22T06:24:00.978+0000] {logging_mixin.py:190} INFO - [2025-04-22T06:24:00.977+0000] {dag.py:3239} INFO - Sync 1 DAGs
[2025-04-22T06:24:00.991+0000] {logging_mixin.py:190} INFO - [2025-04-22T06:24:00.990+0000] {dag.py:4180} INFO - Setting next_dagrun for example_python_operator to None, run_after=None
[2025-04-22T06:24:01.007+0000] {processor.py:208} INFO - Processing /home/airflow/.local/lib/python3.9/site-packages/airflow/example_dags/example_python_operator.py took 0.070 seconds
[2025-04-22T06:24:31.104+0000] {processor.py:186} INFO - Started process (PID=571) to work on /home/airflow/.local/lib/python3.9/site-packages/airflow/example_dags/example_python_operator.py
[2025-04-22T06:24:31.105+0000] {processor.py:914} INFO - Processing file /home/airflow/.local/lib/python3.9/site-packages/airflow/example_dags/example_python_operator.py for tasks to queue
[2025-04-22T06:24:31.107+0000] {logging_mixin.py:190} INFO - [2025-04-22T06:24:31.107+0000] {dagbag.py:588} INFO - Filling up the DagBag from /home/airflow/.local/lib/python3.9/site-packages/airflow/example_dags/example_python_operator.py
[2025-04-22T06:24:31.119+0000] {processor.py:925} INFO - DAG(s) 'example_python_operator' retrieved from /home/airflow/.local/lib/python3.9/site-packages/airflow/example_dags/example_python_operator.py
[2025-04-22T06:24:31.139+0000] {logging_mixin.py:190} INFO - [2025-04-22T06:24:31.139+0000] {dag.py:3239} INFO - Sync 1 DAGs
[2025-04-22T06:24:31.153+0000] {logging_mixin.py:190} INFO - [2025-04-22T06:24:31.152+0000] {dag.py:4180} INFO - Setting next_dagrun for example_python_operator to None, run_after=None
[2025-04-22T06:24:31.170+0000] {processor.py:208} INFO - Processing /home/airflow/.local/lib/python3.9/site-packages/airflow/example_dags/example_python_operator.py took 0.072 seconds
[2025-04-22T06:25:01.753+0000] {processor.py:186} INFO - Started process (PID=629) to work on /home/airflow/.local/lib/python3.9/site-packages/airflow/example_dags/example_python_operator.py
[2025-04-22T06:25:01.754+0000] {processor.py:914} INFO - Processing file /home/airflow/.local/lib/python3.9/site-packages/airflow/example_dags/example_python_operator.py for tasks to queue
[2025-04-22T06:25:01.756+0000] {logging_mixin.py:190} INFO - [2025-04-22T06:25:01.756+0000] {dagbag.py:588} INFO - Filling up the DagBag from /home/airflow/.local/lib/python3.9/site-packages/airflow/example_dags/example_python_operator.py
[2025-04-22T06:25:01.768+0000] {processor.py:925} INFO - DAG(s) 'example_python_operator' retrieved from /home/airflow/.local/lib/python3.9/site-packages/airflow/example_dags/example_python_operator.py
[2025-04-22T06:25:01.790+0000] {logging_mixin.py:190} INFO - [2025-04-22T06:25:01.789+0000] {dag.py:3239} INFO - Sync 1 DAGs
[2025-04-22T06:25:01.803+0000] {logging_mixin.py:190} INFO - [2025-04-22T06:25:01.803+0000] {dag.py:4180} INFO - Setting next_dagrun for example_python_operator to None, run_after=None
[2025-04-22T06:25:01.820+0000] {processor.py:208} INFO - Processing /home/airflow/.local/lib/python3.9/site-packages/airflow/example_dags/example_python_operator.py took 0.073 seconds
[2025-04-22T06:25:31.949+0000] {processor.py:186} INFO - Started process (PID=687) to work on /home/airflow/.local/lib/python3.9/site-packages/airflow/example_dags/example_python_operator.py
[2025-04-22T06:25:31.950+0000] {processor.py:914} INFO - Processing file /home/airflow/.local/lib/python3.9/site-packages/airflow/example_dags/example_python_operator.py for tasks to queue
[2025-04-22T06:25:31.952+0000] {logging_mixin.py:190} INFO - [2025-04-22T06:25:31.952+0000] {dagbag.py:588} INFO - Filling up the DagBag from /home/airflow/.local/lib/python3.9/site-packages/airflow/example_dags/example_python_operator.py
[2025-04-22T06:25:31.965+0000] {processor.py:925} INFO - DAG(s) 'example_python_operator' retrieved from /home/airflow/.local/lib/python3.9/site-packages/airflow/example_dags/example_python_operator.py
[2025-04-22T06:25:31.986+0000] {logging_mixin.py:190} INFO - [2025-04-22T06:25:31.985+0000] {dag.py:3239} INFO - Sync 1 DAGs
[2025-04-22T06:25:31.999+0000] {logging_mixin.py:190} INFO - [2025-04-22T06:25:31.999+0000] {dag.py:4180} INFO - Setting next_dagrun for example_python_operator to None, run_after=None
[2025-04-22T06:25:32.014+0000] {processor.py:208} INFO - Processing /home/airflow/.local/lib/python3.9/site-packages/airflow/example_dags/example_python_operator.py took 0.071 seconds
[2025-04-22T06:26:02.776+0000] {processor.py:186} INFO - Started process (PID=745) to work on /home/airflow/.local/lib/python3.9/site-packages/airflow/example_dags/example_python_operator.py
[2025-04-22T06:26:02.778+0000] {processor.py:914} INFO - Processing file /home/airflow/.local/lib/python3.9/site-packages/airflow/example_dags/example_python_operator.py for tasks to queue
[2025-04-22T06:26:02.780+0000] {logging_mixin.py:190} INFO - [2025-04-22T06:26:02.780+0000] {dagbag.py:588} INFO - Filling up the DagBag from /home/airflow/.local/lib/python3.9/site-packages/airflow/example_dags/example_python_operator.py
[2025-04-22T06:26:02.792+0000] {processor.py:925} INFO - DAG(s) 'example_python_operator' retrieved from /home/airflow/.local/lib/python3.9/site-packages/airflow/example_dags/example_python_operator.py
[2025-04-22T06:26:02.811+0000] {logging_mixin.py:190} INFO - [2025-04-22T06:26:02.811+0000] {dag.py:3239} INFO - Sync 1 DAGs
[2025-04-22T06:26:02.825+0000] {logging_mixin.py:190} INFO - [2025-04-22T06:26:02.824+0000] {dag.py:4180} INFO - Setting next_dagrun for example_python_operator to None, run_after=None
[2025-04-22T06:26:02.856+0000] {processor.py:208} INFO - Processing /home/airflow/.local/lib/python3.9/site-packages/airflow/example_dags/example_python_operator.py took 0.085 seconds
[2025-04-22T06:26:33.404+0000] {processor.py:186} INFO - Started process (PID=803) to work on /home/airflow/.local/lib/python3.9/site-packages/airflow/example_dags/example_python_operator.py
[2025-04-22T06:26:33.405+0000] {processor.py:914} INFO - Processing file /home/airflow/.local/lib/python3.9/site-packages/airflow/example_dags/example_python_operator.py for tasks to queue
[2025-04-22T06:26:33.407+0000] {logging_mixin.py:190} INFO - [2025-04-22T06:26:33.406+0000] {dagbag.py:588} INFO - Filling up the DagBag from /home/airflow/.local/lib/python3.9/site-packages/airflow/example_dags/example_python_operator.py
[2025-04-22T06:26:33.418+0000] {processor.py:925} INFO - DAG(s) 'example_python_operator' retrieved from /home/airflow/.local/lib/python3.9/site-packages/airflow/example_dags/example_python_operator.py
[2025-04-22T06:26:33.438+0000] {logging_mixin.py:190} INFO - [2025-04-22T06:26:33.438+0000] {dag.py:3239} INFO - Sync 1 DAGs
[2025-04-22T06:26:33.452+0000] {logging_mixin.py:190} INFO - [2025-04-22T06:26:33.452+0000] {dag.py:4180} INFO - Setting next_dagrun for example_python_operator to None, run_after=None
[2025-04-22T06:26:33.487+0000] {processor.py:208} INFO - Processing /home/airflow/.local/lib/python3.9/site-packages/airflow/example_dags/example_python_operator.py took 0.091 seconds
[2025-04-22T06:27:03.925+0000] {processor.py:186} INFO - Started process (PID=861) to work on /home/airflow/.local/lib/python3.9/site-packages/airflow/example_dags/example_python_operator.py
[2025-04-22T06:27:03.926+0000] {processor.py:914} INFO - Processing file /home/airflow/.local/lib/python3.9/site-packages/airflow/example_dags/example_python_operator.py for tasks to queue
[2025-04-22T06:27:03.928+0000] {logging_mixin.py:190} INFO - [2025-04-22T06:27:03.928+0000] {dagbag.py:588} INFO - Filling up the DagBag from /home/airflow/.local/lib/python3.9/site-packages/airflow/example_dags/example_python_operator.py
[2025-04-22T06:27:03.940+0000] {processor.py:925} INFO - DAG(s) 'example_python_operator' retrieved from /home/airflow/.local/lib/python3.9/site-packages/airflow/example_dags/example_python_operator.py
[2025-04-22T06:27:03.961+0000] {logging_mixin.py:190} INFO - [2025-04-22T06:27:03.961+0000] {dag.py:3239} INFO - Sync 1 DAGs
[2025-04-22T06:27:03.975+0000] {logging_mixin.py:190} INFO - [2025-04-22T06:27:03.975+0000] {dag.py:4180} INFO - Setting next_dagrun for example_python_operator to None, run_after=None
[2025-04-22T06:27:03.992+0000] {processor.py:208} INFO - Processing /home/airflow/.local/lib/python3.9/site-packages/airflow/example_dags/example_python_operator.py took 0.072 seconds
[2025-04-22T06:27:34.281+0000] {processor.py:186} INFO - Started process (PID=919) to work on /home/airflow/.local/lib/python3.9/site-packages/airflow/example_dags/example_python_operator.py
[2025-04-22T06:27:34.282+0000] {processor.py:914} INFO - Processing file /home/airflow/.local/lib/python3.9/site-packages/airflow/example_dags/example_python_operator.py for tasks to queue
[2025-04-22T06:27:34.284+0000] {logging_mixin.py:190} INFO - [2025-04-22T06:27:34.284+0000] {dagbag.py:588} INFO - Filling up the DagBag from /home/airflow/.local/lib/python3.9/site-packages/airflow/example_dags/example_python_operator.py
[2025-04-22T06:27:34.296+0000] {processor.py:925} INFO - DAG(s) 'example_python_operator' retrieved from /home/airflow/.local/lib/python3.9/site-packages/airflow/example_dags/example_python_operator.py
[2025-04-22T06:27:34.317+0000] {logging_mixin.py:190} INFO - [2025-04-22T06:27:34.317+0000] {dag.py:3239} INFO - Sync 1 DAGs
[2025-04-22T06:27:34.331+0000] {logging_mixin.py:190} INFO - [2025-04-22T06:27:34.331+0000] {dag.py:4180} INFO - Setting next_dagrun for example_python_operator to None, run_after=None
[2025-04-22T06:27:34.349+0000] {processor.py:208} INFO - Processing /home/airflow/.local/lib/python3.9/site-packages/airflow/example_dags/example_python_operator.py took 0.075 seconds
[2025-04-22T06:28:04.968+0000] {processor.py:186} INFO - Started process (PID=977) to work on /home/airflow/.local/lib/python3.9/site-packages/airflow/example_dags/example_python_operator.py
[2025-04-22T06:28:04.969+0000] {processor.py:914} INFO - Processing file /home/airflow/.local/lib/python3.9/site-packages/airflow/example_dags/example_python_operator.py for tasks to queue
[2025-04-22T06:28:04.971+0000] {logging_mixin.py:190} INFO - [2025-04-22T06:28:04.971+0000] {dagbag.py:588} INFO - Filling up the DagBag from /home/airflow/.local/lib/python3.9/site-packages/airflow/example_dags/example_python_operator.py
[2025-04-22T06:28:04.983+0000] {processor.py:925} INFO - DAG(s) 'example_python_operator' retrieved from /home/airflow/.local/lib/python3.9/site-packages/airflow/example_dags/example_python_operator.py
[2025-04-22T06:28:05.005+0000] {logging_mixin.py:190} INFO - [2025-04-22T06:28:05.005+0000] {dag.py:3239} INFO - Sync 1 DAGs
[2025-04-22T06:28:05.019+0000] {logging_mixin.py:190} INFO - [2025-04-22T06:28:05.019+0000] {dag.py:4180} INFO - Setting next_dagrun for example_python_operator to None, run_after=None
[2025-04-22T06:28:05.035+0000] {processor.py:208} INFO - Processing /home/airflow/.local/lib/python3.9/site-packages/airflow/example_dags/example_python_operator.py took 0.072 seconds
[2025-04-22T06:28:35.846+0000] {processor.py:186} INFO - Started process (PID=1035) to work on /home/airflow/.local/lib/python3.9/site-packages/airflow/example_dags/example_python_operator.py
[2025-04-22T06:28:35.847+0000] {processor.py:914} INFO - Processing file /home/airflow/.local/lib/python3.9/site-packages/airflow/example_dags/example_python_operator.py for tasks to queue
[2025-04-22T06:28:35.849+0000] {logging_mixin.py:190} INFO - [2025-04-22T06:28:35.849+0000] {dagbag.py:588} INFO - Filling up the DagBag from /home/airflow/.local/lib/python3.9/site-packages/airflow/example_dags/example_python_operator.py
[2025-04-22T06:28:35.861+0000] {processor.py:925} INFO - DAG(s) 'example_python_operator' retrieved from /home/airflow/.local/lib/python3.9/site-packages/airflow/example_dags/example_python_operator.py
[2025-04-22T06:28:35.882+0000] {logging_mixin.py:190} INFO - [2025-04-22T06:28:35.882+0000] {dag.py:3239} INFO - Sync 1 DAGs
[2025-04-22T06:28:35.896+0000] {logging_mixin.py:190} INFO - [2025-04-22T06:28:35.895+0000] {dag.py:4180} INFO - Setting next_dagrun for example_python_operator to None, run_after=None
[2025-04-22T06:28:35.911+0000] {processor.py:208} INFO - Processing /home/airflow/.local/lib/python3.9/site-packages/airflow/example_dags/example_python_operator.py took 0.072 seconds
[2025-04-22T06:29:06.201+0000] {processor.py:186} INFO - Started process (PID=1093) to work on /home/airflow/.local/lib/python3.9/site-packages/airflow/example_dags/example_python_operator.py
[2025-04-22T06:29:06.202+0000] {processor.py:914} INFO - Processing file /home/airflow/.local/lib/python3.9/site-packages/airflow/example_dags/example_python_operator.py for tasks to queue
[2025-04-22T06:29:06.204+0000] {logging_mixin.py:190} INFO - [2025-04-22T06:29:06.204+0000] {dagbag.py:588} INFO - Filling up the DagBag from /home/airflow/.local/lib/python3.9/site-packages/airflow/example_dags/example_python_operator.py
[2025-04-22T06:29:06.217+0000] {processor.py:925} INFO - DAG(s) 'example_python_operator' retrieved from /home/airflow/.local/lib/python3.9/site-packages/airflow/example_dags/example_python_operator.py
[2025-04-22T06:29:06.237+0000] {logging_mixin.py:190} INFO - [2025-04-22T06:29:06.237+0000] {dag.py:3239} INFO - Sync 1 DAGs
[2025-04-22T06:29:06.250+0000] {logging_mixin.py:190} INFO - [2025-04-22T06:29:06.250+0000] {dag.py:4180} INFO - Setting next_dagrun for example_python_operator to None, run_after=None
[2025-04-22T06:29:06.268+0000] {processor.py:208} INFO - Processing /home/airflow/.local/lib/python3.9/site-packages/airflow/example_dags/example_python_operator.py took 0.073 seconds
[2025-04-22T06:29:36.989+0000] {processor.py:186} INFO - Started process (PID=1151) to work on /home/airflow/.local/lib/python3.9/site-packages/airflow/example_dags/example_python_operator.py
[2025-04-22T06:29:36.990+0000] {processor.py:914} INFO - Processing file /home/airflow/.local/lib/python3.9/site-packages/airflow/example_dags/example_python_operator.py for tasks to queue
[2025-04-22T06:29:36.992+0000] {logging_mixin.py:190} INFO - [2025-04-22T06:29:36.992+0000] {dagbag.py:588} INFO - Filling up the DagBag from /home/airflow/.local/lib/python3.9/site-packages/airflow/example_dags/example_python_operator.py
[2025-04-22T06:29:37.004+0000] {processor.py:925} INFO - DAG(s) 'example_python_operator' retrieved from /home/airflow/.local/lib/python3.9/site-packages/airflow/example_dags/example_python_operator.py
[2025-04-22T06:29:37.025+0000] {logging_mixin.py:190} INFO - [2025-04-22T06:29:37.025+0000] {dag.py:3239} INFO - Sync 1 DAGs
[2025-04-22T06:29:37.038+0000] {logging_mixin.py:190} INFO - [2025-04-22T06:29:37.038+0000] {dag.py:4180} INFO - Setting next_dagrun for example_python_operator to None, run_after=None
[2025-04-22T06:29:37.054+0000] {processor.py:208} INFO - Processing /home/airflow/.local/lib/python3.9/site-packages/airflow/example_dags/example_python_operator.py took 0.072 seconds
[2025-04-22T06:30:07.544+0000] {processor.py:186} INFO - Started process (PID=1209) to work on /home/airflow/.local/lib/python3.9/site-packages/airflow/example_dags/example_python_operator.py
[2025-04-22T06:30:07.545+0000] {processor.py:914} INFO - Processing file /home/airflow/.local/lib/python3.9/site-packages/airflow/example_dags/example_python_operator.py for tasks to queue
[2025-04-22T06:30:07.548+0000] {logging_mixin.py:190} INFO - [2025-04-22T06:30:07.548+0000] {dagbag.py:588} INFO - Filling up the DagBag from /home/airflow/.local/lib/python3.9/site-packages/airflow/example_dags/example_python_operator.py
[2025-04-22T06:30:07.562+0000] {processor.py:925} INFO - DAG(s) 'example_python_operator' retrieved from /home/airflow/.local/lib/python3.9/site-packages/airflow/example_dags/example_python_operator.py
[2025-04-22T06:30:07.591+0000] {logging_mixin.py:190} INFO - [2025-04-22T06:30:07.591+0000] {dag.py:3239} INFO - Sync 1 DAGs
[2025-04-22T06:30:07.607+0000] {logging_mixin.py:190} INFO - [2025-04-22T06:30:07.607+0000] {dag.py:4180} INFO - Setting next_dagrun for example_python_operator to None, run_after=None
[2025-04-22T06:30:07.625+0000] {processor.py:208} INFO - Processing /home/airflow/.local/lib/python3.9/site-packages/airflow/example_dags/example_python_operator.py took 0.088 seconds
[2025-04-22T06:30:37.747+0000] {processor.py:186} INFO - Started process (PID=1267) to work on /home/airflow/.local/lib/python3.9/site-packages/airflow/example_dags/example_python_operator.py
[2025-04-22T06:30:37.747+0000] {processor.py:914} INFO - Processing file /home/airflow/.local/lib/python3.9/site-packages/airflow/example_dags/example_python_operator.py for tasks to queue
[2025-04-22T06:30:37.750+0000] {logging_mixin.py:190} INFO - [2025-04-22T06:30:37.749+0000] {dagbag.py:588} INFO - Filling up the DagBag from /home/airflow/.local/lib/python3.9/site-packages/airflow/example_dags/example_python_operator.py
[2025-04-22T06:30:37.763+0000] {processor.py:925} INFO - DAG(s) 'example_python_operator' retrieved from /home/airflow/.local/lib/python3.9/site-packages/airflow/example_dags/example_python_operator.py
[2025-04-22T06:30:37.789+0000] {logging_mixin.py:190} INFO - [2025-04-22T06:30:37.788+0000] {dag.py:3239} INFO - Sync 1 DAGs
[2025-04-22T06:30:37.803+0000] {logging_mixin.py:190} INFO - [2025-04-22T06:30:37.803+0000] {dag.py:4180} INFO - Setting next_dagrun for example_python_operator to None, run_after=None
[2025-04-22T06:30:37.819+0000] {processor.py:208} INFO - Processing /home/airflow/.local/lib/python3.9/site-packages/airflow/example_dags/example_python_operator.py took 0.079 seconds
[2025-04-22T06:31:08.264+0000] {processor.py:186} INFO - Started process (PID=1325) to work on /home/airflow/.local/lib/python3.9/site-packages/airflow/example_dags/example_python_operator.py
[2025-04-22T06:31:08.265+0000] {processor.py:914} INFO - Processing file /home/airflow/.local/lib/python3.9/site-packages/airflow/example_dags/example_python_operator.py for tasks to queue
[2025-04-22T06:31:08.267+0000] {logging_mixin.py:190} INFO - [2025-04-22T06:31:08.267+0000] {dagbag.py:588} INFO - Filling up the DagBag from /home/airflow/.local/lib/python3.9/site-packages/airflow/example_dags/example_python_operator.py
[2025-04-22T06:31:08.279+0000] {processor.py:925} INFO - DAG(s) 'example_python_operator' retrieved from /home/airflow/.local/lib/python3.9/site-packages/airflow/example_dags/example_python_operator.py
[2025-04-22T06:31:08.299+0000] {logging_mixin.py:190} INFO - [2025-04-22T06:31:08.299+0000] {dag.py:3239} INFO - Sync 1 DAGs
[2025-04-22T06:31:08.313+0000] {logging_mixin.py:190} INFO - [2025-04-22T06:31:08.312+0000] {dag.py:4180} INFO - Setting next_dagrun for example_python_operator to None, run_after=None
[2025-04-22T06:31:08.329+0000] {processor.py:208} INFO - Processing /home/airflow/.local/lib/python3.9/site-packages/airflow/example_dags/example_python_operator.py took 0.072 seconds
[2025-04-22T06:31:38.500+0000] {processor.py:186} INFO - Started process (PID=1383) to work on /home/airflow/.local/lib/python3.9/site-packages/airflow/example_dags/example_python_operator.py
[2025-04-22T06:31:38.501+0000] {processor.py:914} INFO - Processing file /home/airflow/.local/lib/python3.9/site-packages/airflow/example_dags/example_python_operator.py for tasks to queue
[2025-04-22T06:31:38.504+0000] {logging_mixin.py:190} INFO - [2025-04-22T06:31:38.503+0000] {dagbag.py:588} INFO - Filling up the DagBag from /home/airflow/.local/lib/python3.9/site-packages/airflow/example_dags/example_python_operator.py
[2025-04-22T06:31:38.515+0000] {processor.py:925} INFO - DAG(s) 'example_python_operator' retrieved from /home/airflow/.local/lib/python3.9/site-packages/airflow/example_dags/example_python_operator.py
[2025-04-22T06:31:38.535+0000] {logging_mixin.py:190} INFO - [2025-04-22T06:31:38.535+0000] {dag.py:3239} INFO - Sync 1 DAGs
[2025-04-22T06:31:38.549+0000] {logging_mixin.py:190} INFO - [2025-04-22T06:31:38.549+0000] {dag.py:4180} INFO - Setting next_dagrun for example_python_operator to None, run_after=None
[2025-04-22T06:31:38.566+0000] {processor.py:208} INFO - Processing /home/airflow/.local/lib/python3.9/site-packages/airflow/example_dags/example_python_operator.py took 0.072 seconds
[2025-04-22T06:32:09.229+0000] {processor.py:186} INFO - Started process (PID=1441) to work on /home/airflow/.local/lib/python3.9/site-packages/airflow/example_dags/example_python_operator.py
[2025-04-22T06:32:09.230+0000] {processor.py:914} INFO - Processing file /home/airflow/.local/lib/python3.9/site-packages/airflow/example_dags/example_python_operator.py for tasks to queue
[2025-04-22T06:32:09.232+0000] {logging_mixin.py:190} INFO - [2025-04-22T06:32:09.232+0000] {dagbag.py:588} INFO - Filling up the DagBag from /home/airflow/.local/lib/python3.9/site-packages/airflow/example_dags/example_python_operator.py
[2025-04-22T06:32:09.244+0000] {processor.py:925} INFO - DAG(s) 'example_python_operator' retrieved from /home/airflow/.local/lib/python3.9/site-packages/airflow/example_dags/example_python_operator.py
[2025-04-22T06:32:09.264+0000] {logging_mixin.py:190} INFO - [2025-04-22T06:32:09.263+0000] {dag.py:3239} INFO - Sync 1 DAGs
[2025-04-22T06:32:09.278+0000] {logging_mixin.py:190} INFO - [2025-04-22T06:32:09.278+0000] {dag.py:4180} INFO - Setting next_dagrun for example_python_operator to None, run_after=None
[2025-04-22T06:32:09.293+0000] {processor.py:208} INFO - Processing /home/airflow/.local/lib/python3.9/site-packages/airflow/example_dags/example_python_operator.py took 0.070 seconds
