[2025-04-22T06:19:57.544+0000] {processor.py:186} INFO - Started process (PID=58) to work on /home/airflow/.local/lib/python3.9/site-packages/airflow/example_dags/example_params_trigger_ui.py
[2025-04-22T06:19:57.545+0000] {processor.py:914} INFO - Processing file /home/airflow/.local/lib/python3.9/site-packages/airflow/example_dags/example_params_trigger_ui.py for tasks to queue
[2025-04-22T06:19:57.549+0000] {logging_mixin.py:190} INFO - [2025-04-22T06:19:57.548+0000] {dagbag.py:588} INFO - Filling up the DagBag from /home/airflow/.local/lib/python3.9/site-packages/airflow/example_dags/example_params_trigger_ui.py
[2025-04-22T06:19:57.567+0000] {processor.py:925} INFO - DAG(s) 'example_params_trigger_ui' retrieved from /home/airflow/.local/lib/python3.9/site-packages/airflow/example_dags/example_params_trigger_ui.py
[2025-04-22T06:19:57.656+0000] {logging_mixin.py:190} INFO - [2025-04-22T06:19:57.655+0000] {dag.py:3239} INFO - Sync 1 DAGs
[2025-04-22T06:19:57.675+0000] {logging_mixin.py:190} INFO - [2025-04-22T06:19:57.675+0000] {dag.py:4180} INFO - Setting next_dagrun for example_params_trigger_ui to None, run_after=None
[2025-04-22T06:19:57.700+0000] {processor.py:208} INFO - Processing /home/airflow/.local/lib/python3.9/site-packages/airflow/example_dags/example_params_trigger_ui.py took 0.166 seconds
[2025-04-22T06:20:28.672+0000] {processor.py:186} INFO - Started process (PID=116) to work on /home/airflow/.local/lib/python3.9/site-packages/airflow/example_dags/example_params_trigger_ui.py
[2025-04-22T06:20:28.674+0000] {processor.py:914} INFO - Processing file /home/airflow/.local/lib/python3.9/site-packages/airflow/example_dags/example_params_trigger_ui.py for tasks to queue
[2025-04-22T06:20:28.678+0000] {logging_mixin.py:190} INFO - [2025-04-22T06:20:28.677+0000] {dagbag.py:588} INFO - Filling up the DagBag from /home/airflow/.local/lib/python3.9/site-packages/airflow/example_dags/example_params_trigger_ui.py
[2025-04-22T06:20:28.701+0000] {processor.py:925} INFO - DAG(s) 'example_params_trigger_ui' retrieved from /home/airflow/.local/lib/python3.9/site-packages/airflow/example_dags/example_params_trigger_ui.py
[2025-04-22T06:20:28.803+0000] {logging_mixin.py:190} INFO - [2025-04-22T06:20:28.802+0000] {dag.py:3239} INFO - Sync 1 DAGs
[2025-04-22T06:20:28.829+0000] {logging_mixin.py:190} INFO - [2025-04-22T06:20:28.829+0000] {dag.py:4180} INFO - Setting next_dagrun for example_params_trigger_ui to None, run_after=None
[2025-04-22T06:20:28.867+0000] {processor.py:208} INFO - Processing /home/airflow/.local/lib/python3.9/site-packages/airflow/example_dags/example_params_trigger_ui.py took 0.207 seconds
[2025-04-22T06:20:59.095+0000] {processor.py:186} INFO - Started process (PID=174) to work on /home/airflow/.local/lib/python3.9/site-packages/airflow/example_dags/example_params_trigger_ui.py
[2025-04-22T06:20:59.098+0000] {processor.py:914} INFO - Processing file /home/airflow/.local/lib/python3.9/site-packages/airflow/example_dags/example_params_trigger_ui.py for tasks to queue
[2025-04-22T06:20:59.101+0000] {logging_mixin.py:190} INFO - [2025-04-22T06:20:59.101+0000] {dagbag.py:588} INFO - Filling up the DagBag from /home/airflow/.local/lib/python3.9/site-packages/airflow/example_dags/example_params_trigger_ui.py
[2025-04-22T06:20:59.129+0000] {processor.py:925} INFO - DAG(s) 'example_params_trigger_ui' retrieved from /home/airflow/.local/lib/python3.9/site-packages/airflow/example_dags/example_params_trigger_ui.py
[2025-04-22T06:20:59.219+0000] {logging_mixin.py:190} INFO - [2025-04-22T06:20:59.218+0000] {dag.py:3239} INFO - Sync 1 DAGs
[2025-04-22T06:20:59.237+0000] {logging_mixin.py:190} INFO - [2025-04-22T06:20:59.237+0000] {dag.py:4180} INFO - Setting next_dagrun for example_params_trigger_ui to None, run_after=None
[2025-04-22T06:20:59.270+0000] {processor.py:208} INFO - Processing /home/airflow/.local/lib/python3.9/site-packages/airflow/example_dags/example_params_trigger_ui.py took 0.186 seconds
[2025-04-22T06:21:29.368+0000] {processor.py:186} INFO - Started process (PID=232) to work on /home/airflow/.local/lib/python3.9/site-packages/airflow/example_dags/example_params_trigger_ui.py
[2025-04-22T06:21:29.369+0000] {processor.py:914} INFO - Processing file /home/airflow/.local/lib/python3.9/site-packages/airflow/example_dags/example_params_trigger_ui.py for tasks to queue
[2025-04-22T06:21:29.371+0000] {logging_mixin.py:190} INFO - [2025-04-22T06:21:29.371+0000] {dagbag.py:588} INFO - Filling up the DagBag from /home/airflow/.local/lib/python3.9/site-packages/airflow/example_dags/example_params_trigger_ui.py
[2025-04-22T06:21:29.382+0000] {processor.py:925} INFO - DAG(s) 'example_params_trigger_ui' retrieved from /home/airflow/.local/lib/python3.9/site-packages/airflow/example_dags/example_params_trigger_ui.py
[2025-04-22T06:21:29.436+0000] {logging_mixin.py:190} INFO - [2025-04-22T06:21:29.436+0000] {dag.py:3239} INFO - Sync 1 DAGs
[2025-04-22T06:21:29.450+0000] {logging_mixin.py:190} INFO - [2025-04-22T06:21:29.450+0000] {dag.py:4180} INFO - Setting next_dagrun for example_params_trigger_ui to None, run_after=None
[2025-04-22T06:21:29.472+0000] {processor.py:208} INFO - Processing /home/airflow/.local/lib/python3.9/site-packages/airflow/example_dags/example_params_trigger_ui.py took 0.110 seconds
[2025-04-22T06:21:59.678+0000] {processor.py:186} INFO - Started process (PID=290) to work on /home/airflow/.local/lib/python3.9/site-packages/airflow/example_dags/example_params_trigger_ui.py
[2025-04-22T06:21:59.679+0000] {processor.py:914} INFO - Processing file /home/airflow/.local/lib/python3.9/site-packages/airflow/example_dags/example_params_trigger_ui.py for tasks to queue
[2025-04-22T06:21:59.682+0000] {logging_mixin.py:190} INFO - [2025-04-22T06:21:59.682+0000] {dagbag.py:588} INFO - Filling up the DagBag from /home/airflow/.local/lib/python3.9/site-packages/airflow/example_dags/example_params_trigger_ui.py
[2025-04-22T06:21:59.696+0000] {processor.py:925} INFO - DAG(s) 'example_params_trigger_ui' retrieved from /home/airflow/.local/lib/python3.9/site-packages/airflow/example_dags/example_params_trigger_ui.py
[2025-04-22T06:21:59.762+0000] {logging_mixin.py:190} INFO - [2025-04-22T06:21:59.761+0000] {dag.py:3239} INFO - Sync 1 DAGs
[2025-04-22T06:21:59.779+0000] {logging_mixin.py:190} INFO - [2025-04-22T06:21:59.778+0000] {dag.py:4180} INFO - Setting next_dagrun for example_params_trigger_ui to None, run_after=None
[2025-04-22T06:21:59.802+0000] {processor.py:208} INFO - Processing /home/airflow/.local/lib/python3.9/site-packages/airflow/example_dags/example_params_trigger_ui.py took 0.132 seconds
[2025-04-22T06:22:30.630+0000] {processor.py:186} INFO - Started process (PID=348) to work on /home/airflow/.local/lib/python3.9/site-packages/airflow/example_dags/example_params_trigger_ui.py
[2025-04-22T06:22:30.631+0000] {processor.py:914} INFO - Processing file /home/airflow/.local/lib/python3.9/site-packages/airflow/example_dags/example_params_trigger_ui.py for tasks to queue
[2025-04-22T06:22:30.634+0000] {logging_mixin.py:190} INFO - [2025-04-22T06:22:30.633+0000] {dagbag.py:588} INFO - Filling up the DagBag from /home/airflow/.local/lib/python3.9/site-packages/airflow/example_dags/example_params_trigger_ui.py
[2025-04-22T06:22:30.647+0000] {processor.py:925} INFO - DAG(s) 'example_params_trigger_ui' retrieved from /home/airflow/.local/lib/python3.9/site-packages/airflow/example_dags/example_params_trigger_ui.py
[2025-04-22T06:22:30.700+0000] {logging_mixin.py:190} INFO - [2025-04-22T06:22:30.699+0000] {dag.py:3239} INFO - Sync 1 DAGs
[2025-04-22T06:22:30.716+0000] {logging_mixin.py:190} INFO - [2025-04-22T06:22:30.716+0000] {dag.py:4180} INFO - Setting next_dagrun for example_params_trigger_ui to None, run_after=None
[2025-04-22T06:22:30.741+0000] {processor.py:208} INFO - Processing /home/airflow/.local/lib/python3.9/site-packages/airflow/example_dags/example_params_trigger_ui.py took 0.118 seconds
[2025-04-22T06:23:00.985+0000] {processor.py:186} INFO - Started process (PID=406) to work on /home/airflow/.local/lib/python3.9/site-packages/airflow/example_dags/example_params_trigger_ui.py
[2025-04-22T06:23:00.987+0000] {processor.py:914} INFO - Processing file /home/airflow/.local/lib/python3.9/site-packages/airflow/example_dags/example_params_trigger_ui.py for tasks to queue
[2025-04-22T06:23:00.990+0000] {logging_mixin.py:190} INFO - [2025-04-22T06:23:00.989+0000] {dagbag.py:588} INFO - Filling up the DagBag from /home/airflow/.local/lib/python3.9/site-packages/airflow/example_dags/example_params_trigger_ui.py
[2025-04-22T06:23:01.006+0000] {processor.py:925} INFO - DAG(s) 'example_params_trigger_ui' retrieved from /home/airflow/.local/lib/python3.9/site-packages/airflow/example_dags/example_params_trigger_ui.py
[2025-04-22T06:23:01.079+0000] {logging_mixin.py:190} INFO - [2025-04-22T06:23:01.079+0000] {dag.py:3239} INFO - Sync 1 DAGs
[2025-04-22T06:23:01.098+0000] {logging_mixin.py:190} INFO - [2025-04-22T06:23:01.097+0000] {dag.py:4180} INFO - Setting next_dagrun for example_params_trigger_ui to None, run_after=None
[2025-04-22T06:23:01.123+0000] {processor.py:208} INFO - Processing /home/airflow/.local/lib/python3.9/site-packages/airflow/example_dags/example_params_trigger_ui.py took 0.148 seconds
[2025-04-22T06:23:31.421+0000] {processor.py:186} INFO - Started process (PID=464) to work on /home/airflow/.local/lib/python3.9/site-packages/airflow/example_dags/example_params_trigger_ui.py
[2025-04-22T06:23:31.422+0000] {processor.py:914} INFO - Processing file /home/airflow/.local/lib/python3.9/site-packages/airflow/example_dags/example_params_trigger_ui.py for tasks to queue
[2025-04-22T06:23:31.425+0000] {logging_mixin.py:190} INFO - [2025-04-22T06:23:31.424+0000] {dagbag.py:588} INFO - Filling up the DagBag from /home/airflow/.local/lib/python3.9/site-packages/airflow/example_dags/example_params_trigger_ui.py
[2025-04-22T06:23:31.435+0000] {processor.py:925} INFO - DAG(s) 'example_params_trigger_ui' retrieved from /home/airflow/.local/lib/python3.9/site-packages/airflow/example_dags/example_params_trigger_ui.py
[2025-04-22T06:23:31.490+0000] {logging_mixin.py:190} INFO - [2025-04-22T06:23:31.490+0000] {dag.py:3239} INFO - Sync 1 DAGs
[2025-04-22T06:23:31.509+0000] {logging_mixin.py:190} INFO - [2025-04-22T06:23:31.508+0000] {dag.py:4180} INFO - Setting next_dagrun for example_params_trigger_ui to None, run_after=None
[2025-04-22T06:23:31.529+0000] {processor.py:208} INFO - Processing /home/airflow/.local/lib/python3.9/site-packages/airflow/example_dags/example_params_trigger_ui.py took 0.113 seconds
[2025-04-22T06:24:02.658+0000] {processor.py:186} INFO - Started process (PID=522) to work on /home/airflow/.local/lib/python3.9/site-packages/airflow/example_dags/example_params_trigger_ui.py
[2025-04-22T06:24:02.659+0000] {processor.py:914} INFO - Processing file /home/airflow/.local/lib/python3.9/site-packages/airflow/example_dags/example_params_trigger_ui.py for tasks to queue
[2025-04-22T06:24:02.662+0000] {logging_mixin.py:190} INFO - [2025-04-22T06:24:02.661+0000] {dagbag.py:588} INFO - Filling up the DagBag from /home/airflow/.local/lib/python3.9/site-packages/airflow/example_dags/example_params_trigger_ui.py
[2025-04-22T06:24:02.673+0000] {processor.py:925} INFO - DAG(s) 'example_params_trigger_ui' retrieved from /home/airflow/.local/lib/python3.9/site-packages/airflow/example_dags/example_params_trigger_ui.py
[2025-04-22T06:24:02.719+0000] {logging_mixin.py:190} INFO - [2025-04-22T06:24:02.718+0000] {dag.py:3239} INFO - Sync 1 DAGs
[2025-04-22T06:24:02.732+0000] {logging_mixin.py:190} INFO - [2025-04-22T06:24:02.731+0000] {dag.py:4180} INFO - Setting next_dagrun for example_params_trigger_ui to None, run_after=None
[2025-04-22T06:24:02.750+0000] {processor.py:208} INFO - Processing /home/airflow/.local/lib/python3.9/site-packages/airflow/example_dags/example_params_trigger_ui.py took 0.098 seconds
[2025-04-22T06:24:33.012+0000] {processor.py:186} INFO - Started process (PID=580) to work on /home/airflow/.local/lib/python3.9/site-packages/airflow/example_dags/example_params_trigger_ui.py
[2025-04-22T06:24:33.013+0000] {processor.py:914} INFO - Processing file /home/airflow/.local/lib/python3.9/site-packages/airflow/example_dags/example_params_trigger_ui.py for tasks to queue
[2025-04-22T06:24:33.015+0000] {logging_mixin.py:190} INFO - [2025-04-22T06:24:33.015+0000] {dagbag.py:588} INFO - Filling up the DagBag from /home/airflow/.local/lib/python3.9/site-packages/airflow/example_dags/example_params_trigger_ui.py
[2025-04-22T06:24:33.030+0000] {processor.py:925} INFO - DAG(s) 'example_params_trigger_ui' retrieved from /home/airflow/.local/lib/python3.9/site-packages/airflow/example_dags/example_params_trigger_ui.py
[2025-04-22T06:24:33.080+0000] {logging_mixin.py:190} INFO - [2025-04-22T06:24:33.080+0000] {dag.py:3239} INFO - Sync 1 DAGs
[2025-04-22T06:24:33.095+0000] {logging_mixin.py:190} INFO - [2025-04-22T06:24:33.094+0000] {dag.py:4180} INFO - Setting next_dagrun for example_params_trigger_ui to None, run_after=None
[2025-04-22T06:24:33.114+0000] {processor.py:208} INFO - Processing /home/airflow/.local/lib/python3.9/site-packages/airflow/example_dags/example_params_trigger_ui.py took 0.114 seconds
[2025-04-22T06:25:03.286+0000] {processor.py:186} INFO - Started process (PID=637) to work on /home/airflow/.local/lib/python3.9/site-packages/airflow/example_dags/example_params_trigger_ui.py
[2025-04-22T06:25:03.287+0000] {processor.py:914} INFO - Processing file /home/airflow/.local/lib/python3.9/site-packages/airflow/example_dags/example_params_trigger_ui.py for tasks to queue
[2025-04-22T06:25:03.289+0000] {logging_mixin.py:190} INFO - [2025-04-22T06:25:03.289+0000] {dagbag.py:588} INFO - Filling up the DagBag from /home/airflow/.local/lib/python3.9/site-packages/airflow/example_dags/example_params_trigger_ui.py
[2025-04-22T06:25:03.299+0000] {processor.py:925} INFO - DAG(s) 'example_params_trigger_ui' retrieved from /home/airflow/.local/lib/python3.9/site-packages/airflow/example_dags/example_params_trigger_ui.py
[2025-04-22T06:25:03.345+0000] {logging_mixin.py:190} INFO - [2025-04-22T06:25:03.345+0000] {dag.py:3239} INFO - Sync 1 DAGs
[2025-04-22T06:25:03.359+0000] {logging_mixin.py:190} INFO - [2025-04-22T06:25:03.359+0000] {dag.py:4180} INFO - Setting next_dagrun for example_params_trigger_ui to None, run_after=None
[2025-04-22T06:25:03.377+0000] {processor.py:208} INFO - Processing /home/airflow/.local/lib/python3.9/site-packages/airflow/example_dags/example_params_trigger_ui.py took 0.097 seconds
[2025-04-22T06:25:33.452+0000] {processor.py:186} INFO - Started process (PID=695) to work on /home/airflow/.local/lib/python3.9/site-packages/airflow/example_dags/example_params_trigger_ui.py
[2025-04-22T06:25:33.453+0000] {processor.py:914} INFO - Processing file /home/airflow/.local/lib/python3.9/site-packages/airflow/example_dags/example_params_trigger_ui.py for tasks to queue
[2025-04-22T06:25:33.455+0000] {logging_mixin.py:190} INFO - [2025-04-22T06:25:33.455+0000] {dagbag.py:588} INFO - Filling up the DagBag from /home/airflow/.local/lib/python3.9/site-packages/airflow/example_dags/example_params_trigger_ui.py
[2025-04-22T06:25:33.467+0000] {processor.py:925} INFO - DAG(s) 'example_params_trigger_ui' retrieved from /home/airflow/.local/lib/python3.9/site-packages/airflow/example_dags/example_params_trigger_ui.py
[2025-04-22T06:25:33.522+0000] {logging_mixin.py:190} INFO - [2025-04-22T06:25:33.522+0000] {dag.py:3239} INFO - Sync 1 DAGs
[2025-04-22T06:25:33.538+0000] {logging_mixin.py:190} INFO - [2025-04-22T06:25:33.538+0000] {dag.py:4180} INFO - Setting next_dagrun for example_params_trigger_ui to None, run_after=None
[2025-04-22T06:25:33.557+0000] {processor.py:208} INFO - Processing /home/airflow/.local/lib/python3.9/site-packages/airflow/example_dags/example_params_trigger_ui.py took 0.111 seconds
[2025-04-22T06:26:04.275+0000] {processor.py:186} INFO - Started process (PID=753) to work on /home/airflow/.local/lib/python3.9/site-packages/airflow/example_dags/example_params_trigger_ui.py
[2025-04-22T06:26:04.277+0000] {processor.py:914} INFO - Processing file /home/airflow/.local/lib/python3.9/site-packages/airflow/example_dags/example_params_trigger_ui.py for tasks to queue
[2025-04-22T06:26:04.279+0000] {logging_mixin.py:190} INFO - [2025-04-22T06:26:04.279+0000] {dagbag.py:588} INFO - Filling up the DagBag from /home/airflow/.local/lib/python3.9/site-packages/airflow/example_dags/example_params_trigger_ui.py
[2025-04-22T06:26:04.289+0000] {processor.py:925} INFO - DAG(s) 'example_params_trigger_ui' retrieved from /home/airflow/.local/lib/python3.9/site-packages/airflow/example_dags/example_params_trigger_ui.py
[2025-04-22T06:26:04.336+0000] {logging_mixin.py:190} INFO - [2025-04-22T06:26:04.336+0000] {dag.py:3239} INFO - Sync 1 DAGs
[2025-04-22T06:26:04.350+0000] {logging_mixin.py:190} INFO - [2025-04-22T06:26:04.349+0000] {dag.py:4180} INFO - Setting next_dagrun for example_params_trigger_ui to None, run_after=None
[2025-04-22T06:26:04.366+0000] {processor.py:208} INFO - Processing /home/airflow/.local/lib/python3.9/site-packages/airflow/example_dags/example_params_trigger_ui.py took 0.096 seconds
[2025-04-22T06:26:34.788+0000] {processor.py:186} INFO - Started process (PID=811) to work on /home/airflow/.local/lib/python3.9/site-packages/airflow/example_dags/example_params_trigger_ui.py
[2025-04-22T06:26:34.789+0000] {processor.py:914} INFO - Processing file /home/airflow/.local/lib/python3.9/site-packages/airflow/example_dags/example_params_trigger_ui.py for tasks to queue
[2025-04-22T06:26:34.791+0000] {logging_mixin.py:190} INFO - [2025-04-22T06:26:34.790+0000] {dagbag.py:588} INFO - Filling up the DagBag from /home/airflow/.local/lib/python3.9/site-packages/airflow/example_dags/example_params_trigger_ui.py
[2025-04-22T06:26:34.801+0000] {processor.py:925} INFO - DAG(s) 'example_params_trigger_ui' retrieved from /home/airflow/.local/lib/python3.9/site-packages/airflow/example_dags/example_params_trigger_ui.py
[2025-04-22T06:26:34.850+0000] {logging_mixin.py:190} INFO - [2025-04-22T06:26:34.850+0000] {dag.py:3239} INFO - Sync 1 DAGs
[2025-04-22T06:26:34.865+0000] {logging_mixin.py:190} INFO - [2025-04-22T06:26:34.865+0000] {dag.py:4180} INFO - Setting next_dagrun for example_params_trigger_ui to None, run_after=None
[2025-04-22T06:26:34.889+0000] {processor.py:208} INFO - Processing /home/airflow/.local/lib/python3.9/site-packages/airflow/example_dags/example_params_trigger_ui.py took 0.107 seconds
[2025-04-22T06:27:05.317+0000] {processor.py:186} INFO - Started process (PID=869) to work on /home/airflow/.local/lib/python3.9/site-packages/airflow/example_dags/example_params_trigger_ui.py
[2025-04-22T06:27:05.318+0000] {processor.py:914} INFO - Processing file /home/airflow/.local/lib/python3.9/site-packages/airflow/example_dags/example_params_trigger_ui.py for tasks to queue
[2025-04-22T06:27:05.319+0000] {logging_mixin.py:190} INFO - [2025-04-22T06:27:05.319+0000] {dagbag.py:588} INFO - Filling up the DagBag from /home/airflow/.local/lib/python3.9/site-packages/airflow/example_dags/example_params_trigger_ui.py
[2025-04-22T06:27:05.330+0000] {processor.py:925} INFO - DAG(s) 'example_params_trigger_ui' retrieved from /home/airflow/.local/lib/python3.9/site-packages/airflow/example_dags/example_params_trigger_ui.py
[2025-04-22T06:27:05.377+0000] {logging_mixin.py:190} INFO - [2025-04-22T06:27:05.377+0000] {dag.py:3239} INFO - Sync 1 DAGs
[2025-04-22T06:27:05.392+0000] {logging_mixin.py:190} INFO - [2025-04-22T06:27:05.392+0000] {dag.py:4180} INFO - Setting next_dagrun for example_params_trigger_ui to None, run_after=None
[2025-04-22T06:27:05.409+0000] {processor.py:208} INFO - Processing /home/airflow/.local/lib/python3.9/site-packages/airflow/example_dags/example_params_trigger_ui.py took 0.098 seconds
[2025-04-22T06:27:35.965+0000] {processor.py:186} INFO - Started process (PID=927) to work on /home/airflow/.local/lib/python3.9/site-packages/airflow/example_dags/example_params_trigger_ui.py
[2025-04-22T06:27:35.966+0000] {processor.py:914} INFO - Processing file /home/airflow/.local/lib/python3.9/site-packages/airflow/example_dags/example_params_trigger_ui.py for tasks to queue
[2025-04-22T06:27:35.970+0000] {logging_mixin.py:190} INFO - [2025-04-22T06:27:35.970+0000] {dagbag.py:588} INFO - Filling up the DagBag from /home/airflow/.local/lib/python3.9/site-packages/airflow/example_dags/example_params_trigger_ui.py
[2025-04-22T06:27:35.997+0000] {processor.py:925} INFO - DAG(s) 'example_params_trigger_ui' retrieved from /home/airflow/.local/lib/python3.9/site-packages/airflow/example_dags/example_params_trigger_ui.py
[2025-04-22T06:27:36.079+0000] {logging_mixin.py:190} INFO - [2025-04-22T06:27:36.079+0000] {dag.py:3239} INFO - Sync 1 DAGs
[2025-04-22T06:27:36.103+0000] {logging_mixin.py:190} INFO - [2025-04-22T06:27:36.103+0000] {dag.py:4180} INFO - Setting next_dagrun for example_params_trigger_ui to None, run_after=None
[2025-04-22T06:27:36.129+0000] {processor.py:208} INFO - Processing /home/airflow/.local/lib/python3.9/site-packages/airflow/example_dags/example_params_trigger_ui.py took 0.176 seconds
[2025-04-22T06:28:06.397+0000] {processor.py:186} INFO - Started process (PID=985) to work on /home/airflow/.local/lib/python3.9/site-packages/airflow/example_dags/example_params_trigger_ui.py
[2025-04-22T06:28:06.399+0000] {processor.py:914} INFO - Processing file /home/airflow/.local/lib/python3.9/site-packages/airflow/example_dags/example_params_trigger_ui.py for tasks to queue
[2025-04-22T06:28:06.402+0000] {logging_mixin.py:190} INFO - [2025-04-22T06:28:06.401+0000] {dagbag.py:588} INFO - Filling up the DagBag from /home/airflow/.local/lib/python3.9/site-packages/airflow/example_dags/example_params_trigger_ui.py
[2025-04-22T06:28:06.412+0000] {processor.py:925} INFO - DAG(s) 'example_params_trigger_ui' retrieved from /home/airflow/.local/lib/python3.9/site-packages/airflow/example_dags/example_params_trigger_ui.py
[2025-04-22T06:28:06.459+0000] {logging_mixin.py:190} INFO - [2025-04-22T06:28:06.459+0000] {dag.py:3239} INFO - Sync 1 DAGs
[2025-04-22T06:28:06.474+0000] {logging_mixin.py:190} INFO - [2025-04-22T06:28:06.473+0000] {dag.py:4180} INFO - Setting next_dagrun for example_params_trigger_ui to None, run_after=None
[2025-04-22T06:28:06.491+0000] {processor.py:208} INFO - Processing /home/airflow/.local/lib/python3.9/site-packages/airflow/example_dags/example_params_trigger_ui.py took 0.100 seconds
[2025-04-22T06:28:37.347+0000] {processor.py:186} INFO - Started process (PID=1043) to work on /home/airflow/.local/lib/python3.9/site-packages/airflow/example_dags/example_params_trigger_ui.py
[2025-04-22T06:28:37.348+0000] {processor.py:914} INFO - Processing file /home/airflow/.local/lib/python3.9/site-packages/airflow/example_dags/example_params_trigger_ui.py for tasks to queue
[2025-04-22T06:28:37.350+0000] {logging_mixin.py:190} INFO - [2025-04-22T06:28:37.350+0000] {dagbag.py:588} INFO - Filling up the DagBag from /home/airflow/.local/lib/python3.9/site-packages/airflow/example_dags/example_params_trigger_ui.py
[2025-04-22T06:28:37.360+0000] {processor.py:925} INFO - DAG(s) 'example_params_trigger_ui' retrieved from /home/airflow/.local/lib/python3.9/site-packages/airflow/example_dags/example_params_trigger_ui.py
[2025-04-22T06:28:37.407+0000] {logging_mixin.py:190} INFO - [2025-04-22T06:28:37.407+0000] {dag.py:3239} INFO - Sync 1 DAGs
[2025-04-22T06:28:37.422+0000] {logging_mixin.py:190} INFO - [2025-04-22T06:28:37.422+0000] {dag.py:4180} INFO - Setting next_dagrun for example_params_trigger_ui to None, run_after=None
[2025-04-22T06:28:37.441+0000] {processor.py:208} INFO - Processing /home/airflow/.local/lib/python3.9/site-packages/airflow/example_dags/example_params_trigger_ui.py took 0.100 seconds
[2025-04-22T06:29:07.704+0000] {processor.py:186} INFO - Started process (PID=1101) to work on /home/airflow/.local/lib/python3.9/site-packages/airflow/example_dags/example_params_trigger_ui.py
[2025-04-22T06:29:07.705+0000] {processor.py:914} INFO - Processing file /home/airflow/.local/lib/python3.9/site-packages/airflow/example_dags/example_params_trigger_ui.py for tasks to queue
[2025-04-22T06:29:07.707+0000] {logging_mixin.py:190} INFO - [2025-04-22T06:29:07.706+0000] {dagbag.py:588} INFO - Filling up the DagBag from /home/airflow/.local/lib/python3.9/site-packages/airflow/example_dags/example_params_trigger_ui.py
[2025-04-22T06:29:07.717+0000] {processor.py:925} INFO - DAG(s) 'example_params_trigger_ui' retrieved from /home/airflow/.local/lib/python3.9/site-packages/airflow/example_dags/example_params_trigger_ui.py
[2025-04-22T06:29:07.764+0000] {logging_mixin.py:190} INFO - [2025-04-22T06:29:07.764+0000] {dag.py:3239} INFO - Sync 1 DAGs
[2025-04-22T06:29:07.778+0000] {logging_mixin.py:190} INFO - [2025-04-22T06:29:07.778+0000] {dag.py:4180} INFO - Setting next_dagrun for example_params_trigger_ui to None, run_after=None
[2025-04-22T06:29:07.796+0000] {processor.py:208} INFO - Processing /home/airflow/.local/lib/python3.9/site-packages/airflow/example_dags/example_params_trigger_ui.py took 0.098 seconds
[2025-04-22T06:29:38.500+0000] {processor.py:186} INFO - Started process (PID=1159) to work on /home/airflow/.local/lib/python3.9/site-packages/airflow/example_dags/example_params_trigger_ui.py
[2025-04-22T06:29:38.501+0000] {processor.py:914} INFO - Processing file /home/airflow/.local/lib/python3.9/site-packages/airflow/example_dags/example_params_trigger_ui.py for tasks to queue
[2025-04-22T06:29:38.504+0000] {logging_mixin.py:190} INFO - [2025-04-22T06:29:38.503+0000] {dagbag.py:588} INFO - Filling up the DagBag from /home/airflow/.local/lib/python3.9/site-packages/airflow/example_dags/example_params_trigger_ui.py
[2025-04-22T06:29:38.514+0000] {processor.py:925} INFO - DAG(s) 'example_params_trigger_ui' retrieved from /home/airflow/.local/lib/python3.9/site-packages/airflow/example_dags/example_params_trigger_ui.py
[2025-04-22T06:29:38.560+0000] {logging_mixin.py:190} INFO - [2025-04-22T06:29:38.560+0000] {dag.py:3239} INFO - Sync 1 DAGs
[2025-04-22T06:29:38.574+0000] {logging_mixin.py:190} INFO - [2025-04-22T06:29:38.574+0000] {dag.py:4180} INFO - Setting next_dagrun for example_params_trigger_ui to None, run_after=None
[2025-04-22T06:29:38.593+0000] {processor.py:208} INFO - Processing /home/airflow/.local/lib/python3.9/site-packages/airflow/example_dags/example_params_trigger_ui.py took 0.098 seconds
[2025-04-22T06:30:09.212+0000] {processor.py:186} INFO - Started process (PID=1218) to work on /home/airflow/.local/lib/python3.9/site-packages/airflow/example_dags/example_params_trigger_ui.py
[2025-04-22T06:30:09.213+0000] {processor.py:914} INFO - Processing file /home/airflow/.local/lib/python3.9/site-packages/airflow/example_dags/example_params_trigger_ui.py for tasks to queue
[2025-04-22T06:30:09.215+0000] {logging_mixin.py:190} INFO - [2025-04-22T06:30:09.215+0000] {dagbag.py:588} INFO - Filling up the DagBag from /home/airflow/.local/lib/python3.9/site-packages/airflow/example_dags/example_params_trigger_ui.py
[2025-04-22T06:30:09.228+0000] {processor.py:925} INFO - DAG(s) 'example_params_trigger_ui' retrieved from /home/airflow/.local/lib/python3.9/site-packages/airflow/example_dags/example_params_trigger_ui.py
[2025-04-22T06:30:09.287+0000] {logging_mixin.py:190} INFO - [2025-04-22T06:30:09.286+0000] {dag.py:3239} INFO - Sync 1 DAGs
[2025-04-22T06:30:09.312+0000] {logging_mixin.py:190} INFO - [2025-04-22T06:30:09.312+0000] {dag.py:4180} INFO - Setting next_dagrun for example_params_trigger_ui to None, run_after=None
[2025-04-22T06:30:09.341+0000] {processor.py:208} INFO - Processing /home/airflow/.local/lib/python3.9/site-packages/airflow/example_dags/example_params_trigger_ui.py took 0.135 seconds
[2025-04-22T06:30:39.386+0000] {processor.py:186} INFO - Started process (PID=1276) to work on /home/airflow/.local/lib/python3.9/site-packages/airflow/example_dags/example_params_trigger_ui.py
[2025-04-22T06:30:39.387+0000] {processor.py:914} INFO - Processing file /home/airflow/.local/lib/python3.9/site-packages/airflow/example_dags/example_params_trigger_ui.py for tasks to queue
[2025-04-22T06:30:39.389+0000] {logging_mixin.py:190} INFO - [2025-04-22T06:30:39.389+0000] {dagbag.py:588} INFO - Filling up the DagBag from /home/airflow/.local/lib/python3.9/site-packages/airflow/example_dags/example_params_trigger_ui.py
[2025-04-22T06:30:39.400+0000] {processor.py:925} INFO - DAG(s) 'example_params_trigger_ui' retrieved from /home/airflow/.local/lib/python3.9/site-packages/airflow/example_dags/example_params_trigger_ui.py
[2025-04-22T06:30:39.450+0000] {logging_mixin.py:190} INFO - [2025-04-22T06:30:39.449+0000] {dag.py:3239} INFO - Sync 1 DAGs
[2025-04-22T06:30:39.464+0000] {logging_mixin.py:190} INFO - [2025-04-22T06:30:39.464+0000] {dag.py:4180} INFO - Setting next_dagrun for example_params_trigger_ui to None, run_after=None
[2025-04-22T06:30:39.479+0000] {processor.py:208} INFO - Processing /home/airflow/.local/lib/python3.9/site-packages/airflow/example_dags/example_params_trigger_ui.py took 0.099 seconds
[2025-04-22T06:31:09.758+0000] {processor.py:186} INFO - Started process (PID=1333) to work on /home/airflow/.local/lib/python3.9/site-packages/airflow/example_dags/example_params_trigger_ui.py
[2025-04-22T06:31:09.759+0000] {processor.py:914} INFO - Processing file /home/airflow/.local/lib/python3.9/site-packages/airflow/example_dags/example_params_trigger_ui.py for tasks to queue
[2025-04-22T06:31:09.761+0000] {logging_mixin.py:190} INFO - [2025-04-22T06:31:09.761+0000] {dagbag.py:588} INFO - Filling up the DagBag from /home/airflow/.local/lib/python3.9/site-packages/airflow/example_dags/example_params_trigger_ui.py
[2025-04-22T06:31:09.774+0000] {processor.py:925} INFO - DAG(s) 'example_params_trigger_ui' retrieved from /home/airflow/.local/lib/python3.9/site-packages/airflow/example_dags/example_params_trigger_ui.py
[2025-04-22T06:31:09.822+0000] {logging_mixin.py:190} INFO - [2025-04-22T06:31:09.822+0000] {dag.py:3239} INFO - Sync 1 DAGs
[2025-04-22T06:31:09.837+0000] {logging_mixin.py:190} INFO - [2025-04-22T06:31:09.837+0000] {dag.py:4180} INFO - Setting next_dagrun for example_params_trigger_ui to None, run_after=None
[2025-04-22T06:31:09.857+0000] {processor.py:208} INFO - Processing /home/airflow/.local/lib/python3.9/site-packages/airflow/example_dags/example_params_trigger_ui.py took 0.104 seconds
[2025-04-22T06:31:40.026+0000] {processor.py:186} INFO - Started process (PID=1391) to work on /home/airflow/.local/lib/python3.9/site-packages/airflow/example_dags/example_params_trigger_ui.py
[2025-04-22T06:31:40.026+0000] {processor.py:914} INFO - Processing file /home/airflow/.local/lib/python3.9/site-packages/airflow/example_dags/example_params_trigger_ui.py for tasks to queue
[2025-04-22T06:31:40.028+0000] {logging_mixin.py:190} INFO - [2025-04-22T06:31:40.028+0000] {dagbag.py:588} INFO - Filling up the DagBag from /home/airflow/.local/lib/python3.9/site-packages/airflow/example_dags/example_params_trigger_ui.py
[2025-04-22T06:31:40.039+0000] {processor.py:925} INFO - DAG(s) 'example_params_trigger_ui' retrieved from /home/airflow/.local/lib/python3.9/site-packages/airflow/example_dags/example_params_trigger_ui.py
[2025-04-22T06:31:40.089+0000] {logging_mixin.py:190} INFO - [2025-04-22T06:31:40.089+0000] {dag.py:3239} INFO - Sync 1 DAGs
[2025-04-22T06:31:40.103+0000] {logging_mixin.py:190} INFO - [2025-04-22T06:31:40.102+0000] {dag.py:4180} INFO - Setting next_dagrun for example_params_trigger_ui to None, run_after=None
[2025-04-22T06:31:40.121+0000] {processor.py:208} INFO - Processing /home/airflow/.local/lib/python3.9/site-packages/airflow/example_dags/example_params_trigger_ui.py took 0.101 seconds
[2025-04-22T06:32:10.774+0000] {processor.py:186} INFO - Started process (PID=1449) to work on /home/airflow/.local/lib/python3.9/site-packages/airflow/example_dags/example_params_trigger_ui.py
[2025-04-22T06:32:10.775+0000] {processor.py:914} INFO - Processing file /home/airflow/.local/lib/python3.9/site-packages/airflow/example_dags/example_params_trigger_ui.py for tasks to queue
[2025-04-22T06:32:10.777+0000] {logging_mixin.py:190} INFO - [2025-04-22T06:32:10.777+0000] {dagbag.py:588} INFO - Filling up the DagBag from /home/airflow/.local/lib/python3.9/site-packages/airflow/example_dags/example_params_trigger_ui.py
[2025-04-22T06:32:10.791+0000] {processor.py:925} INFO - DAG(s) 'example_params_trigger_ui' retrieved from /home/airflow/.local/lib/python3.9/site-packages/airflow/example_dags/example_params_trigger_ui.py
[2025-04-22T06:32:10.837+0000] {logging_mixin.py:190} INFO - [2025-04-22T06:32:10.837+0000] {dag.py:3239} INFO - Sync 1 DAGs
[2025-04-22T06:32:10.850+0000] {logging_mixin.py:190} INFO - [2025-04-22T06:32:10.850+0000] {dag.py:4180} INFO - Setting next_dagrun for example_params_trigger_ui to None, run_after=None
[2025-04-22T06:32:10.869+0000] {processor.py:208} INFO - Processing /home/airflow/.local/lib/python3.9/site-packages/airflow/example_dags/example_params_trigger_ui.py took 0.107 seconds
