[2025-04-22T06:19:55.373+0000] {processor.py:186} INFO - Started process (PID=40) to work on /home/airflow/.local/lib/python3.9/site-packages/airflow/example_dags/example_subdag_operator.py
[2025-04-22T06:19:55.375+0000] {processor.py:914} INFO - Processing file /home/airflow/.local/lib/python3.9/site-packages/airflow/example_dags/example_subdag_operator.py for tasks to queue
[2025-04-22T06:19:55.380+0000] {logging_mixin.py:190} INFO - [2025-04-22T06:19:55.379+0000] {dagbag.py:588} INFO - Filling up the DagBag from /home/airflow/.local/lib/python3.9/site-packages/airflow/example_dags/example_subdag_operator.py
[2025-04-22T06:19:55.442+0000] {processor.py:925} INFO - DAG(s) 'example_subdag_operator.section-1', 'example_subdag_operator.section-2', 'example_subdag_operator' retrieved from /home/airflow/.local/lib/python3.9/site-packages/airflow/example_dags/example_subdag_operator.py
[2025-04-22T06:19:55.485+0000] {logging_mixin.py:190} INFO - [2025-04-22T06:19:55.485+0000] {dag.py:3239} INFO - Sync 3 DAGs
[2025-04-22T06:19:55.559+0000] {logging_mixin.py:190} INFO - [2025-04-22T06:19:55.558+0000] {dag.py:4180} INFO - Setting next_dagrun for example_subdag_operator to 2022-01-01 00:00:00+00:00, run_after=2022-01-01 00:00:00+00:00
[2025-04-22T06:19:55.566+0000] {logging_mixin.py:190} INFO - [2025-04-22T06:19:55.566+0000] {dag.py:4180} INFO - Setting next_dagrun for example_subdag_operator.section-1 to None, run_after=None
[2025-04-22T06:19:55.569+0000] {logging_mixin.py:190} INFO - [2025-04-22T06:19:55.568+0000] {dag.py:4180} INFO - Setting next_dagrun for example_subdag_operator.section-2 to None, run_after=None
[2025-04-22T06:19:55.583+0000] {logging_mixin.py:190} INFO - [2025-04-22T06:19:55.582+0000] {dag.py:3239} INFO - Sync 2 DAGs
[2025-04-22T06:19:55.596+0000] {logging_mixin.py:190} INFO - [2025-04-22T06:19:55.596+0000] {dag.py:4180} INFO - Setting next_dagrun for example_subdag_operator.section-1 to None, run_after=None
[2025-04-22T06:19:55.598+0000] {logging_mixin.py:190} INFO - [2025-04-22T06:19:55.597+0000] {dag.py:4180} INFO - Setting next_dagrun for example_subdag_operator.section-2 to None, run_after=None
[2025-04-22T06:19:55.629+0000] {processor.py:208} INFO - Processing /home/airflow/.local/lib/python3.9/site-packages/airflow/example_dags/example_subdag_operator.py took 0.266 seconds
[2025-04-22T06:20:25.809+0000] {processor.py:186} INFO - Started process (PID=98) to work on /home/airflow/.local/lib/python3.9/site-packages/airflow/example_dags/example_subdag_operator.py
[2025-04-22T06:20:25.810+0000] {processor.py:914} INFO - Processing file /home/airflow/.local/lib/python3.9/site-packages/airflow/example_dags/example_subdag_operator.py for tasks to queue
[2025-04-22T06:20:25.813+0000] {logging_mixin.py:190} INFO - [2025-04-22T06:20:25.813+0000] {dagbag.py:588} INFO - Filling up the DagBag from /home/airflow/.local/lib/python3.9/site-packages/airflow/example_dags/example_subdag_operator.py
[2025-04-22T06:20:25.849+0000] {processor.py:925} INFO - DAG(s) 'example_subdag_operator.section-1', 'example_subdag_operator.section-2', 'example_subdag_operator' retrieved from /home/airflow/.local/lib/python3.9/site-packages/airflow/example_dags/example_subdag_operator.py
[2025-04-22T06:20:25.902+0000] {logging_mixin.py:190} INFO - [2025-04-22T06:20:25.902+0000] {dag.py:3239} INFO - Sync 3 DAGs
[2025-04-22T06:20:25.946+0000] {logging_mixin.py:190} INFO - [2025-04-22T06:20:25.945+0000] {dag.py:4180} INFO - Setting next_dagrun for example_subdag_operator to 2022-01-01 00:00:00+00:00, run_after=2022-01-01 00:00:00+00:00
[2025-04-22T06:20:25.951+0000] {logging_mixin.py:190} INFO - [2025-04-22T06:20:25.951+0000] {dag.py:4180} INFO - Setting next_dagrun for example_subdag_operator.section-1 to None, run_after=None
[2025-04-22T06:20:25.956+0000] {logging_mixin.py:190} INFO - [2025-04-22T06:20:25.955+0000] {dag.py:4180} INFO - Setting next_dagrun for example_subdag_operator.section-2 to None, run_after=None
[2025-04-22T06:20:25.968+0000] {logging_mixin.py:190} INFO - [2025-04-22T06:20:25.967+0000] {dag.py:3239} INFO - Sync 2 DAGs
[2025-04-22T06:20:25.978+0000] {logging_mixin.py:190} INFO - [2025-04-22T06:20:25.978+0000] {dag.py:4180} INFO - Setting next_dagrun for example_subdag_operator.section-1 to None, run_after=None
[2025-04-22T06:20:25.979+0000] {logging_mixin.py:190} INFO - [2025-04-22T06:20:25.979+0000] {dag.py:4180} INFO - Setting next_dagrun for example_subdag_operator.section-2 to None, run_after=None
[2025-04-22T06:20:25.996+0000] {processor.py:208} INFO - Processing /home/airflow/.local/lib/python3.9/site-packages/airflow/example_dags/example_subdag_operator.py took 0.196 seconds
[2025-04-22T06:20:56.948+0000] {processor.py:186} INFO - Started process (PID=156) to work on /home/airflow/.local/lib/python3.9/site-packages/airflow/example_dags/example_subdag_operator.py
[2025-04-22T06:20:56.949+0000] {processor.py:914} INFO - Processing file /home/airflow/.local/lib/python3.9/site-packages/airflow/example_dags/example_subdag_operator.py for tasks to queue
[2025-04-22T06:20:56.951+0000] {logging_mixin.py:190} INFO - [2025-04-22T06:20:56.951+0000] {dagbag.py:588} INFO - Filling up the DagBag from /home/airflow/.local/lib/python3.9/site-packages/airflow/example_dags/example_subdag_operator.py
[2025-04-22T06:20:56.978+0000] {processor.py:925} INFO - DAG(s) 'example_subdag_operator.section-1', 'example_subdag_operator.section-2', 'example_subdag_operator' retrieved from /home/airflow/.local/lib/python3.9/site-packages/airflow/example_dags/example_subdag_operator.py
[2025-04-22T06:20:56.999+0000] {logging_mixin.py:190} INFO - [2025-04-22T06:20:56.998+0000] {dag.py:3239} INFO - Sync 3 DAGs
[2025-04-22T06:20:57.023+0000] {logging_mixin.py:190} INFO - [2025-04-22T06:20:57.022+0000] {dag.py:4180} INFO - Setting next_dagrun for example_subdag_operator to 2022-01-01 00:00:00+00:00, run_after=2022-01-01 00:00:00+00:00
[2025-04-22T06:20:57.027+0000] {logging_mixin.py:190} INFO - [2025-04-22T06:20:57.027+0000] {dag.py:4180} INFO - Setting next_dagrun for example_subdag_operator.section-1 to None, run_after=None
[2025-04-22T06:20:57.030+0000] {logging_mixin.py:190} INFO - [2025-04-22T06:20:57.029+0000] {dag.py:4180} INFO - Setting next_dagrun for example_subdag_operator.section-2 to None, run_after=None
[2025-04-22T06:20:57.039+0000] {logging_mixin.py:190} INFO - [2025-04-22T06:20:57.039+0000] {dag.py:3239} INFO - Sync 2 DAGs
[2025-04-22T06:20:57.048+0000] {logging_mixin.py:190} INFO - [2025-04-22T06:20:57.048+0000] {dag.py:4180} INFO - Setting next_dagrun for example_subdag_operator.section-1 to None, run_after=None
[2025-04-22T06:20:57.049+0000] {logging_mixin.py:190} INFO - [2025-04-22T06:20:57.048+0000] {dag.py:4180} INFO - Setting next_dagrun for example_subdag_operator.section-2 to None, run_after=None
[2025-04-22T06:20:57.061+0000] {processor.py:208} INFO - Processing /home/airflow/.local/lib/python3.9/site-packages/airflow/example_dags/example_subdag_operator.py took 0.120 seconds
[2025-04-22T06:21:27.908+0000] {processor.py:186} INFO - Started process (PID=214) to work on /home/airflow/.local/lib/python3.9/site-packages/airflow/example_dags/example_subdag_operator.py
[2025-04-22T06:21:27.909+0000] {processor.py:914} INFO - Processing file /home/airflow/.local/lib/python3.9/site-packages/airflow/example_dags/example_subdag_operator.py for tasks to queue
[2025-04-22T06:21:27.912+0000] {logging_mixin.py:190} INFO - [2025-04-22T06:21:27.911+0000] {dagbag.py:588} INFO - Filling up the DagBag from /home/airflow/.local/lib/python3.9/site-packages/airflow/example_dags/example_subdag_operator.py
[2025-04-22T06:21:27.935+0000] {processor.py:925} INFO - DAG(s) 'example_subdag_operator.section-1', 'example_subdag_operator.section-2', 'example_subdag_operator' retrieved from /home/airflow/.local/lib/python3.9/site-packages/airflow/example_dags/example_subdag_operator.py
[2025-04-22T06:21:27.950+0000] {logging_mixin.py:190} INFO - [2025-04-22T06:21:27.950+0000] {dag.py:3239} INFO - Sync 3 DAGs
[2025-04-22T06:21:27.975+0000] {logging_mixin.py:190} INFO - [2025-04-22T06:21:27.975+0000] {dag.py:4180} INFO - Setting next_dagrun for example_subdag_operator to 2022-01-01 00:00:00+00:00, run_after=2022-01-01 00:00:00+00:00
[2025-04-22T06:21:27.979+0000] {logging_mixin.py:190} INFO - [2025-04-22T06:21:27.979+0000] {dag.py:4180} INFO - Setting next_dagrun for example_subdag_operator.section-1 to None, run_after=None
[2025-04-22T06:21:27.981+0000] {logging_mixin.py:190} INFO - [2025-04-22T06:21:27.980+0000] {dag.py:4180} INFO - Setting next_dagrun for example_subdag_operator.section-2 to None, run_after=None
[2025-04-22T06:21:27.988+0000] {logging_mixin.py:190} INFO - [2025-04-22T06:21:27.987+0000] {dag.py:3239} INFO - Sync 2 DAGs
[2025-04-22T06:21:27.994+0000] {logging_mixin.py:190} INFO - [2025-04-22T06:21:27.993+0000] {dag.py:4180} INFO - Setting next_dagrun for example_subdag_operator.section-1 to None, run_after=None
[2025-04-22T06:21:27.994+0000] {logging_mixin.py:190} INFO - [2025-04-22T06:21:27.994+0000] {dag.py:4180} INFO - Setting next_dagrun for example_subdag_operator.section-2 to None, run_after=None
[2025-04-22T06:21:28.010+0000] {processor.py:208} INFO - Processing /home/airflow/.local/lib/python3.9/site-packages/airflow/example_dags/example_subdag_operator.py took 0.108 seconds
[2025-04-22T06:21:58.178+0000] {processor.py:186} INFO - Started process (PID=272) to work on /home/airflow/.local/lib/python3.9/site-packages/airflow/example_dags/example_subdag_operator.py
[2025-04-22T06:21:58.179+0000] {processor.py:914} INFO - Processing file /home/airflow/.local/lib/python3.9/site-packages/airflow/example_dags/example_subdag_operator.py for tasks to queue
[2025-04-22T06:21:58.181+0000] {logging_mixin.py:190} INFO - [2025-04-22T06:21:58.181+0000] {dagbag.py:588} INFO - Filling up the DagBag from /home/airflow/.local/lib/python3.9/site-packages/airflow/example_dags/example_subdag_operator.py
[2025-04-22T06:21:58.210+0000] {processor.py:925} INFO - DAG(s) 'example_subdag_operator.section-1', 'example_subdag_operator.section-2', 'example_subdag_operator' retrieved from /home/airflow/.local/lib/python3.9/site-packages/airflow/example_dags/example_subdag_operator.py
[2025-04-22T06:21:58.230+0000] {logging_mixin.py:190} INFO - [2025-04-22T06:21:58.230+0000] {dag.py:3239} INFO - Sync 3 DAGs
[2025-04-22T06:21:58.256+0000] {logging_mixin.py:190} INFO - [2025-04-22T06:21:58.256+0000] {dag.py:4180} INFO - Setting next_dagrun for example_subdag_operator to 2022-01-01 00:00:00+00:00, run_after=2022-01-01 00:00:00+00:00
[2025-04-22T06:21:58.261+0000] {logging_mixin.py:190} INFO - [2025-04-22T06:21:58.261+0000] {dag.py:4180} INFO - Setting next_dagrun for example_subdag_operator.section-1 to None, run_after=None
[2025-04-22T06:21:58.263+0000] {logging_mixin.py:190} INFO - [2025-04-22T06:21:58.263+0000] {dag.py:4180} INFO - Setting next_dagrun for example_subdag_operator.section-2 to None, run_after=None
[2025-04-22T06:21:58.272+0000] {logging_mixin.py:190} INFO - [2025-04-22T06:21:58.272+0000] {dag.py:3239} INFO - Sync 2 DAGs
[2025-04-22T06:21:58.281+0000] {logging_mixin.py:190} INFO - [2025-04-22T06:21:58.280+0000] {dag.py:4180} INFO - Setting next_dagrun for example_subdag_operator.section-1 to None, run_after=None
[2025-04-22T06:21:58.282+0000] {logging_mixin.py:190} INFO - [2025-04-22T06:21:58.282+0000] {dag.py:4180} INFO - Setting next_dagrun for example_subdag_operator.section-2 to None, run_after=None
[2025-04-22T06:21:58.295+0000] {processor.py:208} INFO - Processing /home/airflow/.local/lib/python3.9/site-packages/airflow/example_dags/example_subdag_operator.py took 0.124 seconds
[2025-04-22T06:22:29.082+0000] {processor.py:186} INFO - Started process (PID=330) to work on /home/airflow/.local/lib/python3.9/site-packages/airflow/example_dags/example_subdag_operator.py
[2025-04-22T06:22:29.083+0000] {processor.py:914} INFO - Processing file /home/airflow/.local/lib/python3.9/site-packages/airflow/example_dags/example_subdag_operator.py for tasks to queue
[2025-04-22T06:22:29.085+0000] {logging_mixin.py:190} INFO - [2025-04-22T06:22:29.085+0000] {dagbag.py:588} INFO - Filling up the DagBag from /home/airflow/.local/lib/python3.9/site-packages/airflow/example_dags/example_subdag_operator.py
[2025-04-22T06:22:29.117+0000] {processor.py:925} INFO - DAG(s) 'example_subdag_operator.section-1', 'example_subdag_operator.section-2', 'example_subdag_operator' retrieved from /home/airflow/.local/lib/python3.9/site-packages/airflow/example_dags/example_subdag_operator.py
[2025-04-22T06:22:29.144+0000] {logging_mixin.py:190} INFO - [2025-04-22T06:22:29.143+0000] {dag.py:3239} INFO - Sync 3 DAGs
[2025-04-22T06:22:29.177+0000] {logging_mixin.py:190} INFO - [2025-04-22T06:22:29.177+0000] {dag.py:4180} INFO - Setting next_dagrun for example_subdag_operator to 2022-01-01 00:00:00+00:00, run_after=2022-01-01 00:00:00+00:00
[2025-04-22T06:22:29.181+0000] {logging_mixin.py:190} INFO - [2025-04-22T06:22:29.181+0000] {dag.py:4180} INFO - Setting next_dagrun for example_subdag_operator.section-1 to None, run_after=None
[2025-04-22T06:22:29.183+0000] {logging_mixin.py:190} INFO - [2025-04-22T06:22:29.183+0000] {dag.py:4180} INFO - Setting next_dagrun for example_subdag_operator.section-2 to None, run_after=None
[2025-04-22T06:22:29.195+0000] {logging_mixin.py:190} INFO - [2025-04-22T06:22:29.194+0000] {dag.py:3239} INFO - Sync 2 DAGs
[2025-04-22T06:22:29.203+0000] {logging_mixin.py:190} INFO - [2025-04-22T06:22:29.203+0000] {dag.py:4180} INFO - Setting next_dagrun for example_subdag_operator.section-1 to None, run_after=None
[2025-04-22T06:22:29.204+0000] {logging_mixin.py:190} INFO - [2025-04-22T06:22:29.204+0000] {dag.py:4180} INFO - Setting next_dagrun for example_subdag_operator.section-2 to None, run_after=None
[2025-04-22T06:22:29.217+0000] {processor.py:208} INFO - Processing /home/airflow/.local/lib/python3.9/site-packages/airflow/example_dags/example_subdag_operator.py took 0.143 seconds
[2025-04-22T06:22:59.289+0000] {processor.py:186} INFO - Started process (PID=388) to work on /home/airflow/.local/lib/python3.9/site-packages/airflow/example_dags/example_subdag_operator.py
[2025-04-22T06:22:59.290+0000] {processor.py:914} INFO - Processing file /home/airflow/.local/lib/python3.9/site-packages/airflow/example_dags/example_subdag_operator.py for tasks to queue
[2025-04-22T06:22:59.292+0000] {logging_mixin.py:190} INFO - [2025-04-22T06:22:59.292+0000] {dagbag.py:588} INFO - Filling up the DagBag from /home/airflow/.local/lib/python3.9/site-packages/airflow/example_dags/example_subdag_operator.py
[2025-04-22T06:22:59.318+0000] {processor.py:925} INFO - DAG(s) 'example_subdag_operator.section-1', 'example_subdag_operator.section-2', 'example_subdag_operator' retrieved from /home/airflow/.local/lib/python3.9/site-packages/airflow/example_dags/example_subdag_operator.py
[2025-04-22T06:22:59.334+0000] {logging_mixin.py:190} INFO - [2025-04-22T06:22:59.333+0000] {dag.py:3239} INFO - Sync 3 DAGs
[2025-04-22T06:22:59.361+0000] {logging_mixin.py:190} INFO - [2025-04-22T06:22:59.361+0000] {dag.py:4180} INFO - Setting next_dagrun for example_subdag_operator to 2022-01-01 00:00:00+00:00, run_after=2022-01-01 00:00:00+00:00
[2025-04-22T06:22:59.367+0000] {logging_mixin.py:190} INFO - [2025-04-22T06:22:59.366+0000] {dag.py:4180} INFO - Setting next_dagrun for example_subdag_operator.section-1 to None, run_after=None
[2025-04-22T06:22:59.369+0000] {logging_mixin.py:190} INFO - [2025-04-22T06:22:59.369+0000] {dag.py:4180} INFO - Setting next_dagrun for example_subdag_operator.section-2 to None, run_after=None
[2025-04-22T06:22:59.378+0000] {logging_mixin.py:190} INFO - [2025-04-22T06:22:59.378+0000] {dag.py:3239} INFO - Sync 2 DAGs
[2025-04-22T06:22:59.386+0000] {logging_mixin.py:190} INFO - [2025-04-22T06:22:59.386+0000] {dag.py:4180} INFO - Setting next_dagrun for example_subdag_operator.section-1 to None, run_after=None
[2025-04-22T06:22:59.387+0000] {logging_mixin.py:190} INFO - [2025-04-22T06:22:59.387+0000] {dag.py:4180} INFO - Setting next_dagrun for example_subdag_operator.section-2 to None, run_after=None
[2025-04-22T06:22:59.403+0000] {processor.py:208} INFO - Processing /home/airflow/.local/lib/python3.9/site-packages/airflow/example_dags/example_subdag_operator.py took 0.121 seconds
[2025-04-22T06:23:29.517+0000] {processor.py:186} INFO - Started process (PID=447) to work on /home/airflow/.local/lib/python3.9/site-packages/airflow/example_dags/example_subdag_operator.py
[2025-04-22T06:23:29.518+0000] {processor.py:914} INFO - Processing file /home/airflow/.local/lib/python3.9/site-packages/airflow/example_dags/example_subdag_operator.py for tasks to queue
[2025-04-22T06:23:29.520+0000] {logging_mixin.py:190} INFO - [2025-04-22T06:23:29.520+0000] {dagbag.py:588} INFO - Filling up the DagBag from /home/airflow/.local/lib/python3.9/site-packages/airflow/example_dags/example_subdag_operator.py
[2025-04-22T06:23:29.543+0000] {processor.py:925} INFO - DAG(s) 'example_subdag_operator.section-1', 'example_subdag_operator.section-2', 'example_subdag_operator' retrieved from /home/airflow/.local/lib/python3.9/site-packages/airflow/example_dags/example_subdag_operator.py
[2025-04-22T06:23:29.558+0000] {logging_mixin.py:190} INFO - [2025-04-22T06:23:29.557+0000] {dag.py:3239} INFO - Sync 3 DAGs
[2025-04-22T06:23:29.579+0000] {logging_mixin.py:190} INFO - [2025-04-22T06:23:29.578+0000] {dag.py:4180} INFO - Setting next_dagrun for example_subdag_operator to 2022-01-01 00:00:00+00:00, run_after=2022-01-01 00:00:00+00:00
[2025-04-22T06:23:29.582+0000] {logging_mixin.py:190} INFO - [2025-04-22T06:23:29.582+0000] {dag.py:4180} INFO - Setting next_dagrun for example_subdag_operator.section-1 to None, run_after=None
[2025-04-22T06:23:29.584+0000] {logging_mixin.py:190} INFO - [2025-04-22T06:23:29.584+0000] {dag.py:4180} INFO - Setting next_dagrun for example_subdag_operator.section-2 to None, run_after=None
[2025-04-22T06:23:29.590+0000] {logging_mixin.py:190} INFO - [2025-04-22T06:23:29.590+0000] {dag.py:3239} INFO - Sync 2 DAGs
[2025-04-22T06:23:29.595+0000] {logging_mixin.py:190} INFO - [2025-04-22T06:23:29.595+0000] {dag.py:4180} INFO - Setting next_dagrun for example_subdag_operator.section-1 to None, run_after=None
[2025-04-22T06:23:29.596+0000] {logging_mixin.py:190} INFO - [2025-04-22T06:23:29.596+0000] {dag.py:4180} INFO - Setting next_dagrun for example_subdag_operator.section-2 to None, run_after=None
[2025-04-22T06:23:29.607+0000] {processor.py:208} INFO - Processing /home/airflow/.local/lib/python3.9/site-packages/airflow/example_dags/example_subdag_operator.py took 0.097 seconds
[2025-04-22T06:24:00.538+0000] {processor.py:186} INFO - Started process (PID=505) to work on /home/airflow/.local/lib/python3.9/site-packages/airflow/example_dags/example_subdag_operator.py
[2025-04-22T06:24:00.539+0000] {processor.py:914} INFO - Processing file /home/airflow/.local/lib/python3.9/site-packages/airflow/example_dags/example_subdag_operator.py for tasks to queue
[2025-04-22T06:24:00.542+0000] {logging_mixin.py:190} INFO - [2025-04-22T06:24:00.542+0000] {dagbag.py:588} INFO - Filling up the DagBag from /home/airflow/.local/lib/python3.9/site-packages/airflow/example_dags/example_subdag_operator.py
[2025-04-22T06:24:00.567+0000] {processor.py:925} INFO - DAG(s) 'example_subdag_operator.section-1', 'example_subdag_operator.section-2', 'example_subdag_operator' retrieved from /home/airflow/.local/lib/python3.9/site-packages/airflow/example_dags/example_subdag_operator.py
[2025-04-22T06:24:00.585+0000] {logging_mixin.py:190} INFO - [2025-04-22T06:24:00.585+0000] {dag.py:3239} INFO - Sync 3 DAGs
[2025-04-22T06:24:00.608+0000] {logging_mixin.py:190} INFO - [2025-04-22T06:24:00.608+0000] {dag.py:4180} INFO - Setting next_dagrun for example_subdag_operator to 2022-01-01 00:00:00+00:00, run_after=2022-01-01 00:00:00+00:00
[2025-04-22T06:24:00.612+0000] {logging_mixin.py:190} INFO - [2025-04-22T06:24:00.612+0000] {dag.py:4180} INFO - Setting next_dagrun for example_subdag_operator.section-1 to None, run_after=None
[2025-04-22T06:24:00.614+0000] {logging_mixin.py:190} INFO - [2025-04-22T06:24:00.613+0000] {dag.py:4180} INFO - Setting next_dagrun for example_subdag_operator.section-2 to None, run_after=None
[2025-04-22T06:24:00.621+0000] {logging_mixin.py:190} INFO - [2025-04-22T06:24:00.621+0000] {dag.py:3239} INFO - Sync 2 DAGs
[2025-04-22T06:24:00.628+0000] {logging_mixin.py:190} INFO - [2025-04-22T06:24:00.628+0000] {dag.py:4180} INFO - Setting next_dagrun for example_subdag_operator.section-1 to None, run_after=None
[2025-04-22T06:24:00.629+0000] {logging_mixin.py:190} INFO - [2025-04-22T06:24:00.629+0000] {dag.py:4180} INFO - Setting next_dagrun for example_subdag_operator.section-2 to None, run_after=None
[2025-04-22T06:24:00.640+0000] {processor.py:208} INFO - Processing /home/airflow/.local/lib/python3.9/site-packages/airflow/example_dags/example_subdag_operator.py took 0.108 seconds
[2025-04-22T06:24:30.712+0000] {processor.py:186} INFO - Started process (PID=563) to work on /home/airflow/.local/lib/python3.9/site-packages/airflow/example_dags/example_subdag_operator.py
[2025-04-22T06:24:30.713+0000] {processor.py:914} INFO - Processing file /home/airflow/.local/lib/python3.9/site-packages/airflow/example_dags/example_subdag_operator.py for tasks to queue
[2025-04-22T06:24:30.716+0000] {logging_mixin.py:190} INFO - [2025-04-22T06:24:30.716+0000] {dagbag.py:588} INFO - Filling up the DagBag from /home/airflow/.local/lib/python3.9/site-packages/airflow/example_dags/example_subdag_operator.py
[2025-04-22T06:24:30.740+0000] {processor.py:925} INFO - DAG(s) 'example_subdag_operator.section-1', 'example_subdag_operator.section-2', 'example_subdag_operator' retrieved from /home/airflow/.local/lib/python3.9/site-packages/airflow/example_dags/example_subdag_operator.py
[2025-04-22T06:24:30.755+0000] {logging_mixin.py:190} INFO - [2025-04-22T06:24:30.755+0000] {dag.py:3239} INFO - Sync 3 DAGs
[2025-04-22T06:24:30.778+0000] {logging_mixin.py:190} INFO - [2025-04-22T06:24:30.778+0000] {dag.py:4180} INFO - Setting next_dagrun for example_subdag_operator to 2022-01-01 00:00:00+00:00, run_after=2022-01-01 00:00:00+00:00
[2025-04-22T06:24:30.782+0000] {logging_mixin.py:190} INFO - [2025-04-22T06:24:30.782+0000] {dag.py:4180} INFO - Setting next_dagrun for example_subdag_operator.section-1 to None, run_after=None
[2025-04-22T06:24:30.784+0000] {logging_mixin.py:190} INFO - [2025-04-22T06:24:30.784+0000] {dag.py:4180} INFO - Setting next_dagrun for example_subdag_operator.section-2 to None, run_after=None
[2025-04-22T06:24:30.791+0000] {logging_mixin.py:190} INFO - [2025-04-22T06:24:30.791+0000] {dag.py:3239} INFO - Sync 2 DAGs
[2025-04-22T06:24:30.796+0000] {logging_mixin.py:190} INFO - [2025-04-22T06:24:30.796+0000] {dag.py:4180} INFO - Setting next_dagrun for example_subdag_operator.section-1 to None, run_after=None
[2025-04-22T06:24:30.797+0000] {logging_mixin.py:190} INFO - [2025-04-22T06:24:30.797+0000] {dag.py:4180} INFO - Setting next_dagrun for example_subdag_operator.section-2 to None, run_after=None
[2025-04-22T06:24:30.807+0000] {processor.py:208} INFO - Processing /home/airflow/.local/lib/python3.9/site-packages/airflow/example_dags/example_subdag_operator.py took 0.101 seconds
[2025-04-22T06:25:01.342+0000] {processor.py:186} INFO - Started process (PID=621) to work on /home/airflow/.local/lib/python3.9/site-packages/airflow/example_dags/example_subdag_operator.py
[2025-04-22T06:25:01.343+0000] {processor.py:914} INFO - Processing file /home/airflow/.local/lib/python3.9/site-packages/airflow/example_dags/example_subdag_operator.py for tasks to queue
[2025-04-22T06:25:01.345+0000] {logging_mixin.py:190} INFO - [2025-04-22T06:25:01.345+0000] {dagbag.py:588} INFO - Filling up the DagBag from /home/airflow/.local/lib/python3.9/site-packages/airflow/example_dags/example_subdag_operator.py
[2025-04-22T06:25:01.368+0000] {processor.py:925} INFO - DAG(s) 'example_subdag_operator.section-1', 'example_subdag_operator.section-2', 'example_subdag_operator' retrieved from /home/airflow/.local/lib/python3.9/site-packages/airflow/example_dags/example_subdag_operator.py
[2025-04-22T06:25:01.384+0000] {logging_mixin.py:190} INFO - [2025-04-22T06:25:01.384+0000] {dag.py:3239} INFO - Sync 3 DAGs
[2025-04-22T06:25:01.406+0000] {logging_mixin.py:190} INFO - [2025-04-22T06:25:01.406+0000] {dag.py:4180} INFO - Setting next_dagrun for example_subdag_operator to 2022-01-01 00:00:00+00:00, run_after=2022-01-01 00:00:00+00:00
[2025-04-22T06:25:01.410+0000] {logging_mixin.py:190} INFO - [2025-04-22T06:25:01.410+0000] {dag.py:4180} INFO - Setting next_dagrun for example_subdag_operator.section-1 to None, run_after=None
[2025-04-22T06:25:01.412+0000] {logging_mixin.py:190} INFO - [2025-04-22T06:25:01.412+0000] {dag.py:4180} INFO - Setting next_dagrun for example_subdag_operator.section-2 to None, run_after=None
[2025-04-22T06:25:01.420+0000] {logging_mixin.py:190} INFO - [2025-04-22T06:25:01.420+0000] {dag.py:3239} INFO - Sync 2 DAGs
[2025-04-22T06:25:01.425+0000] {logging_mixin.py:190} INFO - [2025-04-22T06:25:01.425+0000] {dag.py:4180} INFO - Setting next_dagrun for example_subdag_operator.section-1 to None, run_after=None
[2025-04-22T06:25:01.426+0000] {logging_mixin.py:190} INFO - [2025-04-22T06:25:01.426+0000] {dag.py:4180} INFO - Setting next_dagrun for example_subdag_operator.section-2 to None, run_after=None
[2025-04-22T06:25:01.436+0000] {processor.py:208} INFO - Processing /home/airflow/.local/lib/python3.9/site-packages/airflow/example_dags/example_subdag_operator.py took 0.100 seconds
[2025-04-22T06:25:31.524+0000] {processor.py:186} INFO - Started process (PID=679) to work on /home/airflow/.local/lib/python3.9/site-packages/airflow/example_dags/example_subdag_operator.py
[2025-04-22T06:25:31.525+0000] {processor.py:914} INFO - Processing file /home/airflow/.local/lib/python3.9/site-packages/airflow/example_dags/example_subdag_operator.py for tasks to queue
[2025-04-22T06:25:31.527+0000] {logging_mixin.py:190} INFO - [2025-04-22T06:25:31.527+0000] {dagbag.py:588} INFO - Filling up the DagBag from /home/airflow/.local/lib/python3.9/site-packages/airflow/example_dags/example_subdag_operator.py
[2025-04-22T06:25:31.549+0000] {processor.py:925} INFO - DAG(s) 'example_subdag_operator.section-1', 'example_subdag_operator.section-2', 'example_subdag_operator' retrieved from /home/airflow/.local/lib/python3.9/site-packages/airflow/example_dags/example_subdag_operator.py
[2025-04-22T06:25:31.565+0000] {logging_mixin.py:190} INFO - [2025-04-22T06:25:31.564+0000] {dag.py:3239} INFO - Sync 3 DAGs
[2025-04-22T06:25:31.588+0000] {logging_mixin.py:190} INFO - [2025-04-22T06:25:31.587+0000] {dag.py:4180} INFO - Setting next_dagrun for example_subdag_operator to 2022-01-01 00:00:00+00:00, run_after=2022-01-01 00:00:00+00:00
[2025-04-22T06:25:31.591+0000] {logging_mixin.py:190} INFO - [2025-04-22T06:25:31.591+0000] {dag.py:4180} INFO - Setting next_dagrun for example_subdag_operator.section-1 to None, run_after=None
[2025-04-22T06:25:31.593+0000] {logging_mixin.py:190} INFO - [2025-04-22T06:25:31.593+0000] {dag.py:4180} INFO - Setting next_dagrun for example_subdag_operator.section-2 to None, run_after=None
[2025-04-22T06:25:31.600+0000] {logging_mixin.py:190} INFO - [2025-04-22T06:25:31.600+0000] {dag.py:3239} INFO - Sync 2 DAGs
[2025-04-22T06:25:31.605+0000] {logging_mixin.py:190} INFO - [2025-04-22T06:25:31.605+0000] {dag.py:4180} INFO - Setting next_dagrun for example_subdag_operator.section-1 to None, run_after=None
[2025-04-22T06:25:31.606+0000] {logging_mixin.py:190} INFO - [2025-04-22T06:25:31.606+0000] {dag.py:4180} INFO - Setting next_dagrun for example_subdag_operator.section-2 to None, run_after=None
[2025-04-22T06:25:31.616+0000] {processor.py:208} INFO - Processing /home/airflow/.local/lib/python3.9/site-packages/airflow/example_dags/example_subdag_operator.py took 0.099 seconds
[2025-04-22T06:26:02.305+0000] {processor.py:186} INFO - Started process (PID=737) to work on /home/airflow/.local/lib/python3.9/site-packages/airflow/example_dags/example_subdag_operator.py
[2025-04-22T06:26:02.306+0000] {processor.py:914} INFO - Processing file /home/airflow/.local/lib/python3.9/site-packages/airflow/example_dags/example_subdag_operator.py for tasks to queue
[2025-04-22T06:26:02.308+0000] {logging_mixin.py:190} INFO - [2025-04-22T06:26:02.308+0000] {dagbag.py:588} INFO - Filling up the DagBag from /home/airflow/.local/lib/python3.9/site-packages/airflow/example_dags/example_subdag_operator.py
[2025-04-22T06:26:02.333+0000] {processor.py:925} INFO - DAG(s) 'example_subdag_operator.section-1', 'example_subdag_operator.section-2', 'example_subdag_operator' retrieved from /home/airflow/.local/lib/python3.9/site-packages/airflow/example_dags/example_subdag_operator.py
[2025-04-22T06:26:02.348+0000] {logging_mixin.py:190} INFO - [2025-04-22T06:26:02.348+0000] {dag.py:3239} INFO - Sync 3 DAGs
[2025-04-22T06:26:02.370+0000] {logging_mixin.py:190} INFO - [2025-04-22T06:26:02.370+0000] {dag.py:4180} INFO - Setting next_dagrun for example_subdag_operator to 2022-01-01 00:00:00+00:00, run_after=2022-01-01 00:00:00+00:00
[2025-04-22T06:26:02.373+0000] {logging_mixin.py:190} INFO - [2025-04-22T06:26:02.373+0000] {dag.py:4180} INFO - Setting next_dagrun for example_subdag_operator.section-1 to None, run_after=None
[2025-04-22T06:26:02.375+0000] {logging_mixin.py:190} INFO - [2025-04-22T06:26:02.375+0000] {dag.py:4180} INFO - Setting next_dagrun for example_subdag_operator.section-2 to None, run_after=None
[2025-04-22T06:26:02.381+0000] {logging_mixin.py:190} INFO - [2025-04-22T06:26:02.381+0000] {dag.py:3239} INFO - Sync 2 DAGs
[2025-04-22T06:26:02.387+0000] {logging_mixin.py:190} INFO - [2025-04-22T06:26:02.386+0000] {dag.py:4180} INFO - Setting next_dagrun for example_subdag_operator.section-1 to None, run_after=None
[2025-04-22T06:26:02.387+0000] {logging_mixin.py:190} INFO - [2025-04-22T06:26:02.387+0000] {dag.py:4180} INFO - Setting next_dagrun for example_subdag_operator.section-2 to None, run_after=None
[2025-04-22T06:26:02.399+0000] {processor.py:208} INFO - Processing /home/airflow/.local/lib/python3.9/site-packages/airflow/example_dags/example_subdag_operator.py took 0.101 seconds
[2025-04-22T06:26:33.013+0000] {processor.py:186} INFO - Started process (PID=795) to work on /home/airflow/.local/lib/python3.9/site-packages/airflow/example_dags/example_subdag_operator.py
[2025-04-22T06:26:33.014+0000] {processor.py:914} INFO - Processing file /home/airflow/.local/lib/python3.9/site-packages/airflow/example_dags/example_subdag_operator.py for tasks to queue
[2025-04-22T06:26:33.017+0000] {logging_mixin.py:190} INFO - [2025-04-22T06:26:33.016+0000] {dagbag.py:588} INFO - Filling up the DagBag from /home/airflow/.local/lib/python3.9/site-packages/airflow/example_dags/example_subdag_operator.py
[2025-04-22T06:26:33.042+0000] {processor.py:925} INFO - DAG(s) 'example_subdag_operator.section-1', 'example_subdag_operator.section-2', 'example_subdag_operator' retrieved from /home/airflow/.local/lib/python3.9/site-packages/airflow/example_dags/example_subdag_operator.py
[2025-04-22T06:26:33.057+0000] {logging_mixin.py:190} INFO - [2025-04-22T06:26:33.057+0000] {dag.py:3239} INFO - Sync 3 DAGs
[2025-04-22T06:26:33.081+0000] {logging_mixin.py:190} INFO - [2025-04-22T06:26:33.080+0000] {dag.py:4180} INFO - Setting next_dagrun for example_subdag_operator to 2022-01-01 00:00:00+00:00, run_after=2022-01-01 00:00:00+00:00
[2025-04-22T06:26:33.085+0000] {logging_mixin.py:190} INFO - [2025-04-22T06:26:33.084+0000] {dag.py:4180} INFO - Setting next_dagrun for example_subdag_operator.section-1 to None, run_after=None
[2025-04-22T06:26:33.086+0000] {logging_mixin.py:190} INFO - [2025-04-22T06:26:33.086+0000] {dag.py:4180} INFO - Setting next_dagrun for example_subdag_operator.section-2 to None, run_after=None
[2025-04-22T06:26:33.093+0000] {logging_mixin.py:190} INFO - [2025-04-22T06:26:33.093+0000] {dag.py:3239} INFO - Sync 2 DAGs
[2025-04-22T06:26:33.100+0000] {logging_mixin.py:190} INFO - [2025-04-22T06:26:33.100+0000] {dag.py:4180} INFO - Setting next_dagrun for example_subdag_operator.section-1 to None, run_after=None
[2025-04-22T06:26:33.100+0000] {logging_mixin.py:190} INFO - [2025-04-22T06:26:33.100+0000] {dag.py:4180} INFO - Setting next_dagrun for example_subdag_operator.section-2 to None, run_after=None
[2025-04-22T06:26:33.110+0000] {processor.py:208} INFO - Processing /home/airflow/.local/lib/python3.9/site-packages/airflow/example_dags/example_subdag_operator.py took 0.104 seconds
[2025-04-22T06:27:03.527+0000] {processor.py:186} INFO - Started process (PID=853) to work on /home/airflow/.local/lib/python3.9/site-packages/airflow/example_dags/example_subdag_operator.py
[2025-04-22T06:27:03.528+0000] {processor.py:914} INFO - Processing file /home/airflow/.local/lib/python3.9/site-packages/airflow/example_dags/example_subdag_operator.py for tasks to queue
[2025-04-22T06:27:03.530+0000] {logging_mixin.py:190} INFO - [2025-04-22T06:27:03.530+0000] {dagbag.py:588} INFO - Filling up the DagBag from /home/airflow/.local/lib/python3.9/site-packages/airflow/example_dags/example_subdag_operator.py
[2025-04-22T06:27:03.553+0000] {processor.py:925} INFO - DAG(s) 'example_subdag_operator.section-1', 'example_subdag_operator.section-2', 'example_subdag_operator' retrieved from /home/airflow/.local/lib/python3.9/site-packages/airflow/example_dags/example_subdag_operator.py
[2025-04-22T06:27:03.569+0000] {logging_mixin.py:190} INFO - [2025-04-22T06:27:03.568+0000] {dag.py:3239} INFO - Sync 3 DAGs
[2025-04-22T06:27:03.598+0000] {logging_mixin.py:190} INFO - [2025-04-22T06:27:03.597+0000] {dag.py:4180} INFO - Setting next_dagrun for example_subdag_operator to 2022-01-01 00:00:00+00:00, run_after=2022-01-01 00:00:00+00:00
[2025-04-22T06:27:03.602+0000] {logging_mixin.py:190} INFO - [2025-04-22T06:27:03.602+0000] {dag.py:4180} INFO - Setting next_dagrun for example_subdag_operator.section-1 to None, run_after=None
[2025-04-22T06:27:03.603+0000] {logging_mixin.py:190} INFO - [2025-04-22T06:27:03.603+0000] {dag.py:4180} INFO - Setting next_dagrun for example_subdag_operator.section-2 to None, run_after=None
[2025-04-22T06:27:03.610+0000] {logging_mixin.py:190} INFO - [2025-04-22T06:27:03.610+0000] {dag.py:3239} INFO - Sync 2 DAGs
[2025-04-22T06:27:03.616+0000] {logging_mixin.py:190} INFO - [2025-04-22T06:27:03.616+0000] {dag.py:4180} INFO - Setting next_dagrun for example_subdag_operator.section-1 to None, run_after=None
[2025-04-22T06:27:03.617+0000] {logging_mixin.py:190} INFO - [2025-04-22T06:27:03.617+0000] {dag.py:4180} INFO - Setting next_dagrun for example_subdag_operator.section-2 to None, run_after=None
[2025-04-22T06:27:03.626+0000] {processor.py:208} INFO - Processing /home/airflow/.local/lib/python3.9/site-packages/airflow/example_dags/example_subdag_operator.py took 0.106 seconds
[2025-04-22T06:27:33.869+0000] {processor.py:186} INFO - Started process (PID=911) to work on /home/airflow/.local/lib/python3.9/site-packages/airflow/example_dags/example_subdag_operator.py
[2025-04-22T06:27:33.870+0000] {processor.py:914} INFO - Processing file /home/airflow/.local/lib/python3.9/site-packages/airflow/example_dags/example_subdag_operator.py for tasks to queue
[2025-04-22T06:27:33.872+0000] {logging_mixin.py:190} INFO - [2025-04-22T06:27:33.872+0000] {dagbag.py:588} INFO - Filling up the DagBag from /home/airflow/.local/lib/python3.9/site-packages/airflow/example_dags/example_subdag_operator.py
[2025-04-22T06:27:33.896+0000] {processor.py:925} INFO - DAG(s) 'example_subdag_operator.section-1', 'example_subdag_operator.section-2', 'example_subdag_operator' retrieved from /home/airflow/.local/lib/python3.9/site-packages/airflow/example_dags/example_subdag_operator.py
[2025-04-22T06:27:33.912+0000] {logging_mixin.py:190} INFO - [2025-04-22T06:27:33.911+0000] {dag.py:3239} INFO - Sync 3 DAGs
[2025-04-22T06:27:33.937+0000] {logging_mixin.py:190} INFO - [2025-04-22T06:27:33.936+0000] {dag.py:4180} INFO - Setting next_dagrun for example_subdag_operator to 2022-01-01 00:00:00+00:00, run_after=2022-01-01 00:00:00+00:00
[2025-04-22T06:27:33.941+0000] {logging_mixin.py:190} INFO - [2025-04-22T06:27:33.941+0000] {dag.py:4180} INFO - Setting next_dagrun for example_subdag_operator.section-1 to None, run_after=None
[2025-04-22T06:27:33.943+0000] {logging_mixin.py:190} INFO - [2025-04-22T06:27:33.942+0000] {dag.py:4180} INFO - Setting next_dagrun for example_subdag_operator.section-2 to None, run_after=None
[2025-04-22T06:27:33.950+0000] {logging_mixin.py:190} INFO - [2025-04-22T06:27:33.950+0000] {dag.py:3239} INFO - Sync 2 DAGs
[2025-04-22T06:27:33.956+0000] {logging_mixin.py:190} INFO - [2025-04-22T06:27:33.955+0000] {dag.py:4180} INFO - Setting next_dagrun for example_subdag_operator.section-1 to None, run_after=None
[2025-04-22T06:27:33.956+0000] {logging_mixin.py:190} INFO - [2025-04-22T06:27:33.956+0000] {dag.py:4180} INFO - Setting next_dagrun for example_subdag_operator.section-2 to None, run_after=None
[2025-04-22T06:27:33.967+0000] {processor.py:208} INFO - Processing /home/airflow/.local/lib/python3.9/site-packages/airflow/example_dags/example_subdag_operator.py took 0.103 seconds
[2025-04-22T06:28:04.570+0000] {processor.py:186} INFO - Started process (PID=969) to work on /home/airflow/.local/lib/python3.9/site-packages/airflow/example_dags/example_subdag_operator.py
[2025-04-22T06:28:04.571+0000] {processor.py:914} INFO - Processing file /home/airflow/.local/lib/python3.9/site-packages/airflow/example_dags/example_subdag_operator.py for tasks to queue
[2025-04-22T06:28:04.573+0000] {logging_mixin.py:190} INFO - [2025-04-22T06:28:04.573+0000] {dagbag.py:588} INFO - Filling up the DagBag from /home/airflow/.local/lib/python3.9/site-packages/airflow/example_dags/example_subdag_operator.py
[2025-04-22T06:28:04.596+0000] {processor.py:925} INFO - DAG(s) 'example_subdag_operator.section-1', 'example_subdag_operator.section-2', 'example_subdag_operator' retrieved from /home/airflow/.local/lib/python3.9/site-packages/airflow/example_dags/example_subdag_operator.py
[2025-04-22T06:28:04.612+0000] {logging_mixin.py:190} INFO - [2025-04-22T06:28:04.611+0000] {dag.py:3239} INFO - Sync 3 DAGs
[2025-04-22T06:28:04.637+0000] {logging_mixin.py:190} INFO - [2025-04-22T06:28:04.636+0000] {dag.py:4180} INFO - Setting next_dagrun for example_subdag_operator to 2022-01-01 00:00:00+00:00, run_after=2022-01-01 00:00:00+00:00
[2025-04-22T06:28:04.640+0000] {logging_mixin.py:190} INFO - [2025-04-22T06:28:04.640+0000] {dag.py:4180} INFO - Setting next_dagrun for example_subdag_operator.section-1 to None, run_after=None
[2025-04-22T06:28:04.642+0000] {logging_mixin.py:190} INFO - [2025-04-22T06:28:04.642+0000] {dag.py:4180} INFO - Setting next_dagrun for example_subdag_operator.section-2 to None, run_after=None
[2025-04-22T06:28:04.650+0000] {logging_mixin.py:190} INFO - [2025-04-22T06:28:04.650+0000] {dag.py:3239} INFO - Sync 2 DAGs
[2025-04-22T06:28:04.657+0000] {logging_mixin.py:190} INFO - [2025-04-22T06:28:04.657+0000] {dag.py:4180} INFO - Setting next_dagrun for example_subdag_operator.section-1 to None, run_after=None
[2025-04-22T06:28:04.658+0000] {logging_mixin.py:190} INFO - [2025-04-22T06:28:04.658+0000] {dag.py:4180} INFO - Setting next_dagrun for example_subdag_operator.section-2 to None, run_after=None
[2025-04-22T06:28:04.672+0000] {processor.py:208} INFO - Processing /home/airflow/.local/lib/python3.9/site-packages/airflow/example_dags/example_subdag_operator.py took 0.107 seconds
[2025-04-22T06:28:35.441+0000] {processor.py:186} INFO - Started process (PID=1027) to work on /home/airflow/.local/lib/python3.9/site-packages/airflow/example_dags/example_subdag_operator.py
[2025-04-22T06:28:35.442+0000] {processor.py:914} INFO - Processing file /home/airflow/.local/lib/python3.9/site-packages/airflow/example_dags/example_subdag_operator.py for tasks to queue
[2025-04-22T06:28:35.445+0000] {logging_mixin.py:190} INFO - [2025-04-22T06:28:35.444+0000] {dagbag.py:588} INFO - Filling up the DagBag from /home/airflow/.local/lib/python3.9/site-packages/airflow/example_dags/example_subdag_operator.py
[2025-04-22T06:28:35.474+0000] {processor.py:925} INFO - DAG(s) 'example_subdag_operator.section-1', 'example_subdag_operator.section-2', 'example_subdag_operator' retrieved from /home/airflow/.local/lib/python3.9/site-packages/airflow/example_dags/example_subdag_operator.py
[2025-04-22T06:28:35.490+0000] {logging_mixin.py:190} INFO - [2025-04-22T06:28:35.490+0000] {dag.py:3239} INFO - Sync 3 DAGs
[2025-04-22T06:28:35.513+0000] {logging_mixin.py:190} INFO - [2025-04-22T06:28:35.512+0000] {dag.py:4180} INFO - Setting next_dagrun for example_subdag_operator to 2022-01-01 00:00:00+00:00, run_after=2022-01-01 00:00:00+00:00
[2025-04-22T06:28:35.517+0000] {logging_mixin.py:190} INFO - [2025-04-22T06:28:35.517+0000] {dag.py:4180} INFO - Setting next_dagrun for example_subdag_operator.section-1 to None, run_after=None
[2025-04-22T06:28:35.519+0000] {logging_mixin.py:190} INFO - [2025-04-22T06:28:35.518+0000] {dag.py:4180} INFO - Setting next_dagrun for example_subdag_operator.section-2 to None, run_after=None
[2025-04-22T06:28:35.526+0000] {logging_mixin.py:190} INFO - [2025-04-22T06:28:35.525+0000] {dag.py:3239} INFO - Sync 2 DAGs
[2025-04-22T06:28:35.532+0000] {logging_mixin.py:190} INFO - [2025-04-22T06:28:35.531+0000] {dag.py:4180} INFO - Setting next_dagrun for example_subdag_operator.section-1 to None, run_after=None
[2025-04-22T06:28:35.532+0000] {logging_mixin.py:190} INFO - [2025-04-22T06:28:35.532+0000] {dag.py:4180} INFO - Setting next_dagrun for example_subdag_operator.section-2 to None, run_after=None
[2025-04-22T06:28:35.543+0000] {processor.py:208} INFO - Processing /home/airflow/.local/lib/python3.9/site-packages/airflow/example_dags/example_subdag_operator.py took 0.109 seconds
[2025-04-22T06:29:05.808+0000] {processor.py:186} INFO - Started process (PID=1085) to work on /home/airflow/.local/lib/python3.9/site-packages/airflow/example_dags/example_subdag_operator.py
[2025-04-22T06:29:05.809+0000] {processor.py:914} INFO - Processing file /home/airflow/.local/lib/python3.9/site-packages/airflow/example_dags/example_subdag_operator.py for tasks to queue
[2025-04-22T06:29:05.811+0000] {logging_mixin.py:190} INFO - [2025-04-22T06:29:05.810+0000] {dagbag.py:588} INFO - Filling up the DagBag from /home/airflow/.local/lib/python3.9/site-packages/airflow/example_dags/example_subdag_operator.py
[2025-04-22T06:29:05.833+0000] {processor.py:925} INFO - DAG(s) 'example_subdag_operator.section-1', 'example_subdag_operator.section-2', 'example_subdag_operator' retrieved from /home/airflow/.local/lib/python3.9/site-packages/airflow/example_dags/example_subdag_operator.py
[2025-04-22T06:29:05.848+0000] {logging_mixin.py:190} INFO - [2025-04-22T06:29:05.848+0000] {dag.py:3239} INFO - Sync 3 DAGs
[2025-04-22T06:29:05.871+0000] {logging_mixin.py:190} INFO - [2025-04-22T06:29:05.871+0000] {dag.py:4180} INFO - Setting next_dagrun for example_subdag_operator to 2022-01-01 00:00:00+00:00, run_after=2022-01-01 00:00:00+00:00
[2025-04-22T06:29:05.876+0000] {logging_mixin.py:190} INFO - [2025-04-22T06:29:05.876+0000] {dag.py:4180} INFO - Setting next_dagrun for example_subdag_operator.section-1 to None, run_after=None
[2025-04-22T06:29:05.878+0000] {logging_mixin.py:190} INFO - [2025-04-22T06:29:05.878+0000] {dag.py:4180} INFO - Setting next_dagrun for example_subdag_operator.section-2 to None, run_after=None
[2025-04-22T06:29:05.885+0000] {logging_mixin.py:190} INFO - [2025-04-22T06:29:05.885+0000] {dag.py:3239} INFO - Sync 2 DAGs
[2025-04-22T06:29:05.891+0000] {logging_mixin.py:190} INFO - [2025-04-22T06:29:05.891+0000] {dag.py:4180} INFO - Setting next_dagrun for example_subdag_operator.section-1 to None, run_after=None
[2025-04-22T06:29:05.891+0000] {logging_mixin.py:190} INFO - [2025-04-22T06:29:05.891+0000] {dag.py:4180} INFO - Setting next_dagrun for example_subdag_operator.section-2 to None, run_after=None
[2025-04-22T06:29:05.901+0000] {processor.py:208} INFO - Processing /home/airflow/.local/lib/python3.9/site-packages/airflow/example_dags/example_subdag_operator.py took 0.100 seconds
[2025-04-22T06:29:36.596+0000] {processor.py:186} INFO - Started process (PID=1143) to work on /home/airflow/.local/lib/python3.9/site-packages/airflow/example_dags/example_subdag_operator.py
[2025-04-22T06:29:36.597+0000] {processor.py:914} INFO - Processing file /home/airflow/.local/lib/python3.9/site-packages/airflow/example_dags/example_subdag_operator.py for tasks to queue
[2025-04-22T06:29:36.599+0000] {logging_mixin.py:190} INFO - [2025-04-22T06:29:36.599+0000] {dagbag.py:588} INFO - Filling up the DagBag from /home/airflow/.local/lib/python3.9/site-packages/airflow/example_dags/example_subdag_operator.py
[2025-04-22T06:29:36.622+0000] {processor.py:925} INFO - DAG(s) 'example_subdag_operator.section-1', 'example_subdag_operator.section-2', 'example_subdag_operator' retrieved from /home/airflow/.local/lib/python3.9/site-packages/airflow/example_dags/example_subdag_operator.py
[2025-04-22T06:29:36.637+0000] {logging_mixin.py:190} INFO - [2025-04-22T06:29:36.637+0000] {dag.py:3239} INFO - Sync 3 DAGs
[2025-04-22T06:29:36.660+0000] {logging_mixin.py:190} INFO - [2025-04-22T06:29:36.660+0000] {dag.py:4180} INFO - Setting next_dagrun for example_subdag_operator to 2022-01-01 00:00:00+00:00, run_after=2022-01-01 00:00:00+00:00
[2025-04-22T06:29:36.664+0000] {logging_mixin.py:190} INFO - [2025-04-22T06:29:36.664+0000] {dag.py:4180} INFO - Setting next_dagrun for example_subdag_operator.section-1 to None, run_after=None
[2025-04-22T06:29:36.666+0000] {logging_mixin.py:190} INFO - [2025-04-22T06:29:36.666+0000] {dag.py:4180} INFO - Setting next_dagrun for example_subdag_operator.section-2 to None, run_after=None
[2025-04-22T06:29:36.673+0000] {logging_mixin.py:190} INFO - [2025-04-22T06:29:36.673+0000] {dag.py:3239} INFO - Sync 2 DAGs
[2025-04-22T06:29:36.679+0000] {logging_mixin.py:190} INFO - [2025-04-22T06:29:36.679+0000] {dag.py:4180} INFO - Setting next_dagrun for example_subdag_operator.section-1 to None, run_after=None
[2025-04-22T06:29:36.680+0000] {logging_mixin.py:190} INFO - [2025-04-22T06:29:36.680+0000] {dag.py:4180} INFO - Setting next_dagrun for example_subdag_operator.section-2 to None, run_after=None
[2025-04-22T06:29:36.690+0000] {processor.py:208} INFO - Processing /home/airflow/.local/lib/python3.9/site-packages/airflow/example_dags/example_subdag_operator.py took 0.100 seconds
[2025-04-22T06:30:07.071+0000] {processor.py:186} INFO - Started process (PID=1201) to work on /home/airflow/.local/lib/python3.9/site-packages/airflow/example_dags/example_subdag_operator.py
[2025-04-22T06:30:07.072+0000] {processor.py:914} INFO - Processing file /home/airflow/.local/lib/python3.9/site-packages/airflow/example_dags/example_subdag_operator.py for tasks to queue
[2025-04-22T06:30:07.075+0000] {logging_mixin.py:190} INFO - [2025-04-22T06:30:07.074+0000] {dagbag.py:588} INFO - Filling up the DagBag from /home/airflow/.local/lib/python3.9/site-packages/airflow/example_dags/example_subdag_operator.py
[2025-04-22T06:30:07.105+0000] {processor.py:925} INFO - DAG(s) 'example_subdag_operator.section-1', 'example_subdag_operator.section-2', 'example_subdag_operator' retrieved from /home/airflow/.local/lib/python3.9/site-packages/airflow/example_dags/example_subdag_operator.py
[2025-04-22T06:30:07.122+0000] {logging_mixin.py:190} INFO - [2025-04-22T06:30:07.122+0000] {dag.py:3239} INFO - Sync 3 DAGs
[2025-04-22T06:30:07.145+0000] {logging_mixin.py:190} INFO - [2025-04-22T06:30:07.145+0000] {dag.py:4180} INFO - Setting next_dagrun for example_subdag_operator to 2022-01-01 00:00:00+00:00, run_after=2022-01-01 00:00:00+00:00
[2025-04-22T06:30:07.149+0000] {logging_mixin.py:190} INFO - [2025-04-22T06:30:07.149+0000] {dag.py:4180} INFO - Setting next_dagrun for example_subdag_operator.section-1 to None, run_after=None
[2025-04-22T06:30:07.151+0000] {logging_mixin.py:190} INFO - [2025-04-22T06:30:07.151+0000] {dag.py:4180} INFO - Setting next_dagrun for example_subdag_operator.section-2 to None, run_after=None
[2025-04-22T06:30:07.161+0000] {logging_mixin.py:190} INFO - [2025-04-22T06:30:07.161+0000] {dag.py:3239} INFO - Sync 2 DAGs
[2025-04-22T06:30:07.169+0000] {logging_mixin.py:190} INFO - [2025-04-22T06:30:07.168+0000] {dag.py:4180} INFO - Setting next_dagrun for example_subdag_operator.section-1 to None, run_after=None
[2025-04-22T06:30:07.170+0000] {logging_mixin.py:190} INFO - [2025-04-22T06:30:07.170+0000] {dag.py:4180} INFO - Setting next_dagrun for example_subdag_operator.section-2 to None, run_after=None
[2025-04-22T06:30:07.183+0000] {processor.py:208} INFO - Processing /home/airflow/.local/lib/python3.9/site-packages/airflow/example_dags/example_subdag_operator.py took 0.120 seconds
[2025-04-22T06:30:37.300+0000] {processor.py:186} INFO - Started process (PID=1259) to work on /home/airflow/.local/lib/python3.9/site-packages/airflow/example_dags/example_subdag_operator.py
[2025-04-22T06:30:37.301+0000] {processor.py:914} INFO - Processing file /home/airflow/.local/lib/python3.9/site-packages/airflow/example_dags/example_subdag_operator.py for tasks to queue
[2025-04-22T06:30:37.304+0000] {logging_mixin.py:190} INFO - [2025-04-22T06:30:37.304+0000] {dagbag.py:588} INFO - Filling up the DagBag from /home/airflow/.local/lib/python3.9/site-packages/airflow/example_dags/example_subdag_operator.py
[2025-04-22T06:30:37.330+0000] {processor.py:925} INFO - DAG(s) 'example_subdag_operator.section-1', 'example_subdag_operator.section-2', 'example_subdag_operator' retrieved from /home/airflow/.local/lib/python3.9/site-packages/airflow/example_dags/example_subdag_operator.py
[2025-04-22T06:30:37.348+0000] {logging_mixin.py:190} INFO - [2025-04-22T06:30:37.348+0000] {dag.py:3239} INFO - Sync 3 DAGs
[2025-04-22T06:30:37.373+0000] {logging_mixin.py:190} INFO - [2025-04-22T06:30:37.372+0000] {dag.py:4180} INFO - Setting next_dagrun for example_subdag_operator to 2022-01-01 00:00:00+00:00, run_after=2022-01-01 00:00:00+00:00
[2025-04-22T06:30:37.377+0000] {logging_mixin.py:190} INFO - [2025-04-22T06:30:37.376+0000] {dag.py:4180} INFO - Setting next_dagrun for example_subdag_operator.section-1 to None, run_after=None
[2025-04-22T06:30:37.378+0000] {logging_mixin.py:190} INFO - [2025-04-22T06:30:37.378+0000] {dag.py:4180} INFO - Setting next_dagrun for example_subdag_operator.section-2 to None, run_after=None
[2025-04-22T06:30:37.386+0000] {logging_mixin.py:190} INFO - [2025-04-22T06:30:37.386+0000] {dag.py:3239} INFO - Sync 2 DAGs
[2025-04-22T06:30:37.392+0000] {logging_mixin.py:190} INFO - [2025-04-22T06:30:37.392+0000] {dag.py:4180} INFO - Setting next_dagrun for example_subdag_operator.section-1 to None, run_after=None
[2025-04-22T06:30:37.393+0000] {logging_mixin.py:190} INFO - [2025-04-22T06:30:37.392+0000] {dag.py:4180} INFO - Setting next_dagrun for example_subdag_operator.section-2 to None, run_after=None
[2025-04-22T06:30:37.403+0000] {processor.py:208} INFO - Processing /home/airflow/.local/lib/python3.9/site-packages/airflow/example_dags/example_subdag_operator.py took 0.110 seconds
[2025-04-22T06:31:07.875+0000] {processor.py:186} INFO - Started process (PID=1317) to work on /home/airflow/.local/lib/python3.9/site-packages/airflow/example_dags/example_subdag_operator.py
[2025-04-22T06:31:07.876+0000] {processor.py:914} INFO - Processing file /home/airflow/.local/lib/python3.9/site-packages/airflow/example_dags/example_subdag_operator.py for tasks to queue
[2025-04-22T06:31:07.878+0000] {logging_mixin.py:190} INFO - [2025-04-22T06:31:07.878+0000] {dagbag.py:588} INFO - Filling up the DagBag from /home/airflow/.local/lib/python3.9/site-packages/airflow/example_dags/example_subdag_operator.py
[2025-04-22T06:31:07.902+0000] {processor.py:925} INFO - DAG(s) 'example_subdag_operator.section-1', 'example_subdag_operator.section-2', 'example_subdag_operator' retrieved from /home/airflow/.local/lib/python3.9/site-packages/airflow/example_dags/example_subdag_operator.py
[2025-04-22T06:31:07.918+0000] {logging_mixin.py:190} INFO - [2025-04-22T06:31:07.917+0000] {dag.py:3239} INFO - Sync 3 DAGs
[2025-04-22T06:31:07.940+0000] {logging_mixin.py:190} INFO - [2025-04-22T06:31:07.939+0000] {dag.py:4180} INFO - Setting next_dagrun for example_subdag_operator to 2022-01-01 00:00:00+00:00, run_after=2022-01-01 00:00:00+00:00
[2025-04-22T06:31:07.944+0000] {logging_mixin.py:190} INFO - [2025-04-22T06:31:07.943+0000] {dag.py:4180} INFO - Setting next_dagrun for example_subdag_operator.section-1 to None, run_after=None
[2025-04-22T06:31:07.945+0000] {logging_mixin.py:190} INFO - [2025-04-22T06:31:07.945+0000] {dag.py:4180} INFO - Setting next_dagrun for example_subdag_operator.section-2 to None, run_after=None
[2025-04-22T06:31:07.952+0000] {logging_mixin.py:190} INFO - [2025-04-22T06:31:07.952+0000] {dag.py:3239} INFO - Sync 2 DAGs
[2025-04-22T06:31:07.958+0000] {logging_mixin.py:190} INFO - [2025-04-22T06:31:07.957+0000] {dag.py:4180} INFO - Setting next_dagrun for example_subdag_operator.section-1 to None, run_after=None
[2025-04-22T06:31:07.958+0000] {logging_mixin.py:190} INFO - [2025-04-22T06:31:07.958+0000] {dag.py:4180} INFO - Setting next_dagrun for example_subdag_operator.section-2 to None, run_after=None
[2025-04-22T06:31:07.968+0000] {processor.py:208} INFO - Processing /home/airflow/.local/lib/python3.9/site-packages/airflow/example_dags/example_subdag_operator.py took 0.099 seconds
[2025-04-22T06:31:38.117+0000] {processor.py:186} INFO - Started process (PID=1375) to work on /home/airflow/.local/lib/python3.9/site-packages/airflow/example_dags/example_subdag_operator.py
[2025-04-22T06:31:38.117+0000] {processor.py:914} INFO - Processing file /home/airflow/.local/lib/python3.9/site-packages/airflow/example_dags/example_subdag_operator.py for tasks to queue
[2025-04-22T06:31:38.120+0000] {logging_mixin.py:190} INFO - [2025-04-22T06:31:38.119+0000] {dagbag.py:588} INFO - Filling up the DagBag from /home/airflow/.local/lib/python3.9/site-packages/airflow/example_dags/example_subdag_operator.py
[2025-04-22T06:31:38.142+0000] {processor.py:925} INFO - DAG(s) 'example_subdag_operator.section-1', 'example_subdag_operator.section-2', 'example_subdag_operator' retrieved from /home/airflow/.local/lib/python3.9/site-packages/airflow/example_dags/example_subdag_operator.py
[2025-04-22T06:31:38.156+0000] {logging_mixin.py:190} INFO - [2025-04-22T06:31:38.156+0000] {dag.py:3239} INFO - Sync 3 DAGs
[2025-04-22T06:31:38.177+0000] {logging_mixin.py:190} INFO - [2025-04-22T06:31:38.177+0000] {dag.py:4180} INFO - Setting next_dagrun for example_subdag_operator to 2022-01-01 00:00:00+00:00, run_after=2022-01-01 00:00:00+00:00
[2025-04-22T06:31:38.181+0000] {logging_mixin.py:190} INFO - [2025-04-22T06:31:38.181+0000] {dag.py:4180} INFO - Setting next_dagrun for example_subdag_operator.section-1 to None, run_after=None
[2025-04-22T06:31:38.183+0000] {logging_mixin.py:190} INFO - [2025-04-22T06:31:38.183+0000] {dag.py:4180} INFO - Setting next_dagrun for example_subdag_operator.section-2 to None, run_after=None
[2025-04-22T06:31:38.190+0000] {logging_mixin.py:190} INFO - [2025-04-22T06:31:38.190+0000] {dag.py:3239} INFO - Sync 2 DAGs
[2025-04-22T06:31:38.195+0000] {logging_mixin.py:190} INFO - [2025-04-22T06:31:38.195+0000] {dag.py:4180} INFO - Setting next_dagrun for example_subdag_operator.section-1 to None, run_after=None
[2025-04-22T06:31:38.196+0000] {logging_mixin.py:190} INFO - [2025-04-22T06:31:38.196+0000] {dag.py:4180} INFO - Setting next_dagrun for example_subdag_operator.section-2 to None, run_after=None
[2025-04-22T06:31:38.206+0000] {processor.py:208} INFO - Processing /home/airflow/.local/lib/python3.9/site-packages/airflow/example_dags/example_subdag_operator.py took 0.096 seconds
[2025-04-22T06:32:08.785+0000] {processor.py:186} INFO - Started process (PID=1432) to work on /home/airflow/.local/lib/python3.9/site-packages/airflow/example_dags/example_subdag_operator.py
[2025-04-22T06:32:08.785+0000] {processor.py:914} INFO - Processing file /home/airflow/.local/lib/python3.9/site-packages/airflow/example_dags/example_subdag_operator.py for tasks to queue
[2025-04-22T06:32:08.788+0000] {logging_mixin.py:190} INFO - [2025-04-22T06:32:08.787+0000] {dagbag.py:588} INFO - Filling up the DagBag from /home/airflow/.local/lib/python3.9/site-packages/airflow/example_dags/example_subdag_operator.py
[2025-04-22T06:32:08.811+0000] {processor.py:925} INFO - DAG(s) 'example_subdag_operator.section-1', 'example_subdag_operator.section-2', 'example_subdag_operator' retrieved from /home/airflow/.local/lib/python3.9/site-packages/airflow/example_dags/example_subdag_operator.py
[2025-04-22T06:32:08.827+0000] {logging_mixin.py:190} INFO - [2025-04-22T06:32:08.827+0000] {dag.py:3239} INFO - Sync 3 DAGs
[2025-04-22T06:32:08.854+0000] {logging_mixin.py:190} INFO - [2025-04-22T06:32:08.854+0000] {dag.py:4180} INFO - Setting next_dagrun for example_subdag_operator to 2022-01-01 00:00:00+00:00, run_after=2022-01-01 00:00:00+00:00
[2025-04-22T06:32:08.859+0000] {logging_mixin.py:190} INFO - [2025-04-22T06:32:08.858+0000] {dag.py:4180} INFO - Setting next_dagrun for example_subdag_operator.section-1 to None, run_after=None
[2025-04-22T06:32:08.863+0000] {logging_mixin.py:190} INFO - [2025-04-22T06:32:08.863+0000] {dag.py:4180} INFO - Setting next_dagrun for example_subdag_operator.section-2 to None, run_after=None
[2025-04-22T06:32:08.870+0000] {logging_mixin.py:190} INFO - [2025-04-22T06:32:08.870+0000] {dag.py:3239} INFO - Sync 2 DAGs
[2025-04-22T06:32:08.877+0000] {logging_mixin.py:190} INFO - [2025-04-22T06:32:08.877+0000] {dag.py:4180} INFO - Setting next_dagrun for example_subdag_operator.section-1 to None, run_after=None
[2025-04-22T06:32:08.877+0000] {logging_mixin.py:190} INFO - [2025-04-22T06:32:08.877+0000] {dag.py:4180} INFO - Setting next_dagrun for example_subdag_operator.section-2 to None, run_after=None
[2025-04-22T06:32:08.887+0000] {processor.py:208} INFO - Processing /home/airflow/.local/lib/python3.9/site-packages/airflow/example_dags/example_subdag_operator.py took 0.109 seconds
[2025-04-22T06:32:38.980+0000] {processor.py:186} INFO - Started process (PID=1490) to work on /home/airflow/.local/lib/python3.9/site-packages/airflow/example_dags/example_subdag_operator.py
[2025-04-22T06:32:38.981+0000] {processor.py:914} INFO - Processing file /home/airflow/.local/lib/python3.9/site-packages/airflow/example_dags/example_subdag_operator.py for tasks to queue
[2025-04-22T06:32:38.984+0000] {logging_mixin.py:190} INFO - [2025-04-22T06:32:38.984+0000] {dagbag.py:588} INFO - Filling up the DagBag from /home/airflow/.local/lib/python3.9/site-packages/airflow/example_dags/example_subdag_operator.py
[2025-04-22T06:32:39.012+0000] {processor.py:925} INFO - DAG(s) 'example_subdag_operator.section-1', 'example_subdag_operator.section-2', 'example_subdag_operator' retrieved from /home/airflow/.local/lib/python3.9/site-packages/airflow/example_dags/example_subdag_operator.py
[2025-04-22T06:32:39.030+0000] {logging_mixin.py:190} INFO - [2025-04-22T06:32:39.030+0000] {dag.py:3239} INFO - Sync 3 DAGs
[2025-04-22T06:32:39.055+0000] {logging_mixin.py:190} INFO - [2025-04-22T06:32:39.055+0000] {dag.py:4180} INFO - Setting next_dagrun for example_subdag_operator to 2022-01-01 00:00:00+00:00, run_after=2022-01-01 00:00:00+00:00
[2025-04-22T06:32:39.060+0000] {logging_mixin.py:190} INFO - [2025-04-22T06:32:39.059+0000] {dag.py:4180} INFO - Setting next_dagrun for example_subdag_operator.section-1 to None, run_after=None
[2025-04-22T06:32:39.062+0000] {logging_mixin.py:190} INFO - [2025-04-22T06:32:39.061+0000] {dag.py:4180} INFO - Setting next_dagrun for example_subdag_operator.section-2 to None, run_after=None
[2025-04-22T06:32:39.070+0000] {logging_mixin.py:190} INFO - [2025-04-22T06:32:39.069+0000] {dag.py:3239} INFO - Sync 2 DAGs
[2025-04-22T06:32:39.078+0000] {logging_mixin.py:190} INFO - [2025-04-22T06:32:39.078+0000] {dag.py:4180} INFO - Setting next_dagrun for example_subdag_operator.section-1 to None, run_after=None
[2025-04-22T06:32:39.080+0000] {logging_mixin.py:190} INFO - [2025-04-22T06:32:39.079+0000] {dag.py:4180} INFO - Setting next_dagrun for example_subdag_operator.section-2 to None, run_after=None
[2025-04-22T06:32:39.098+0000] {processor.py:208} INFO - Processing /home/airflow/.local/lib/python3.9/site-packages/airflow/example_dags/example_subdag_operator.py took 0.126 seconds
