[2025-04-22T06:20:00.904+0000] {processor.py:186} INFO - Started process (PID=81) to work on /home/airflow/.local/lib/python3.9/site-packages/airflow/example_dags/example_trigger_controller_dag.py
[2025-04-22T06:20:00.905+0000] {processor.py:914} INFO - Processing file /home/airflow/.local/lib/python3.9/site-packages/airflow/example_dags/example_trigger_controller_dag.py for tasks to queue
[2025-04-22T06:20:00.916+0000] {logging_mixin.py:190} INFO - [2025-04-22T06:20:00.915+0000] {dagbag.py:588} INFO - Filling up the DagBag from /home/airflow/.local/lib/python3.9/site-packages/airflow/example_dags/example_trigger_controller_dag.py
[2025-04-22T06:20:00.938+0000] {processor.py:925} INFO - DAG(s) 'example_trigger_controller_dag' retrieved from /home/airflow/.local/lib/python3.9/site-packages/airflow/example_dags/example_trigger_controller_dag.py
[2025-04-22T06:20:00.984+0000] {logging_mixin.py:190} INFO - [2025-04-22T06:20:00.984+0000] {dag.py:3239} INFO - Sync 1 DAGs
[2025-04-22T06:20:01.021+0000] {logging_mixin.py:190} INFO - [2025-04-22T06:20:01.021+0000] {dag.py:4180} INFO - Setting next_dagrun for example_trigger_controller_dag to 2021-01-01 00:00:00+00:00, run_after=2021-01-01 00:00:00+00:00
[2025-04-22T06:20:01.059+0000] {processor.py:208} INFO - Processing /home/airflow/.local/lib/python3.9/site-packages/airflow/example_dags/example_trigger_controller_dag.py took 0.165 seconds
[2025-04-22T06:20:33.767+0000] {processor.py:186} INFO - Started process (PID=139) to work on /home/airflow/.local/lib/python3.9/site-packages/airflow/example_dags/example_trigger_controller_dag.py
[2025-04-22T06:20:33.772+0000] {processor.py:914} INFO - Processing file /home/airflow/.local/lib/python3.9/site-packages/airflow/example_dags/example_trigger_controller_dag.py for tasks to queue
[2025-04-22T06:20:33.781+0000] {logging_mixin.py:190} INFO - [2025-04-22T06:20:33.780+0000] {dagbag.py:588} INFO - Filling up the DagBag from /home/airflow/.local/lib/python3.9/site-packages/airflow/example_dags/example_trigger_controller_dag.py
[2025-04-22T06:20:33.801+0000] {processor.py:925} INFO - DAG(s) 'example_trigger_controller_dag' retrieved from /home/airflow/.local/lib/python3.9/site-packages/airflow/example_dags/example_trigger_controller_dag.py
[2025-04-22T06:20:33.844+0000] {logging_mixin.py:190} INFO - [2025-04-22T06:20:33.843+0000] {dag.py:3239} INFO - Sync 1 DAGs
[2025-04-22T06:20:33.931+0000] {logging_mixin.py:190} INFO - [2025-04-22T06:20:33.931+0000] {dag.py:4180} INFO - Setting next_dagrun for example_trigger_controller_dag to 2021-01-01 00:00:00+00:00, run_after=2021-01-01 00:00:00+00:00
[2025-04-22T06:20:34.009+0000] {processor.py:208} INFO - Processing /home/airflow/.local/lib/python3.9/site-packages/airflow/example_dags/example_trigger_controller_dag.py took 0.263 seconds
[2025-04-22T06:21:04.498+0000] {processor.py:186} INFO - Started process (PID=197) to work on /home/airflow/.local/lib/python3.9/site-packages/airflow/example_dags/example_trigger_controller_dag.py
[2025-04-22T06:21:04.499+0000] {processor.py:914} INFO - Processing file /home/airflow/.local/lib/python3.9/site-packages/airflow/example_dags/example_trigger_controller_dag.py for tasks to queue
[2025-04-22T06:21:04.502+0000] {logging_mixin.py:190} INFO - [2025-04-22T06:21:04.502+0000] {dagbag.py:588} INFO - Filling up the DagBag from /home/airflow/.local/lib/python3.9/site-packages/airflow/example_dags/example_trigger_controller_dag.py
[2025-04-22T06:21:04.511+0000] {processor.py:925} INFO - DAG(s) 'example_trigger_controller_dag' retrieved from /home/airflow/.local/lib/python3.9/site-packages/airflow/example_dags/example_trigger_controller_dag.py
[2025-04-22T06:21:04.542+0000] {logging_mixin.py:190} INFO - [2025-04-22T06:21:04.542+0000] {dag.py:3239} INFO - Sync 1 DAGs
[2025-04-22T06:21:04.570+0000] {logging_mixin.py:190} INFO - [2025-04-22T06:21:04.570+0000] {dag.py:4180} INFO - Setting next_dagrun for example_trigger_controller_dag to 2021-01-01 00:00:00+00:00, run_after=2021-01-01 00:00:00+00:00
[2025-04-22T06:21:04.592+0000] {processor.py:208} INFO - Processing /home/airflow/.local/lib/python3.9/site-packages/airflow/example_dags/example_trigger_controller_dag.py took 0.100 seconds
[2025-04-22T06:21:35.883+0000] {processor.py:186} INFO - Started process (PID=255) to work on /home/airflow/.local/lib/python3.9/site-packages/airflow/example_dags/example_trigger_controller_dag.py
[2025-04-22T06:21:35.884+0000] {processor.py:914} INFO - Processing file /home/airflow/.local/lib/python3.9/site-packages/airflow/example_dags/example_trigger_controller_dag.py for tasks to queue
[2025-04-22T06:21:35.886+0000] {logging_mixin.py:190} INFO - [2025-04-22T06:21:35.886+0000] {dagbag.py:588} INFO - Filling up the DagBag from /home/airflow/.local/lib/python3.9/site-packages/airflow/example_dags/example_trigger_controller_dag.py
[2025-04-22T06:21:35.895+0000] {processor.py:925} INFO - DAG(s) 'example_trigger_controller_dag' retrieved from /home/airflow/.local/lib/python3.9/site-packages/airflow/example_dags/example_trigger_controller_dag.py
[2025-04-22T06:21:35.921+0000] {logging_mixin.py:190} INFO - [2025-04-22T06:21:35.921+0000] {dag.py:3239} INFO - Sync 1 DAGs
[2025-04-22T06:21:35.960+0000] {logging_mixin.py:190} INFO - [2025-04-22T06:21:35.960+0000] {dag.py:4180} INFO - Setting next_dagrun for example_trigger_controller_dag to 2021-01-01 00:00:00+00:00, run_after=2021-01-01 00:00:00+00:00
[2025-04-22T06:21:35.993+0000] {processor.py:208} INFO - Processing /home/airflow/.local/lib/python3.9/site-packages/airflow/example_dags/example_trigger_controller_dag.py took 0.118 seconds
[2025-04-22T06:22:06.522+0000] {processor.py:186} INFO - Started process (PID=313) to work on /home/airflow/.local/lib/python3.9/site-packages/airflow/example_dags/example_trigger_controller_dag.py
[2025-04-22T06:22:06.523+0000] {processor.py:914} INFO - Processing file /home/airflow/.local/lib/python3.9/site-packages/airflow/example_dags/example_trigger_controller_dag.py for tasks to queue
[2025-04-22T06:22:06.526+0000] {logging_mixin.py:190} INFO - [2025-04-22T06:22:06.526+0000] {dagbag.py:588} INFO - Filling up the DagBag from /home/airflow/.local/lib/python3.9/site-packages/airflow/example_dags/example_trigger_controller_dag.py
[2025-04-22T06:22:06.534+0000] {processor.py:925} INFO - DAG(s) 'example_trigger_controller_dag' retrieved from /home/airflow/.local/lib/python3.9/site-packages/airflow/example_dags/example_trigger_controller_dag.py
[2025-04-22T06:22:06.559+0000] {logging_mixin.py:190} INFO - [2025-04-22T06:22:06.559+0000] {dag.py:3239} INFO - Sync 1 DAGs
[2025-04-22T06:22:06.583+0000] {logging_mixin.py:190} INFO - [2025-04-22T06:22:06.582+0000] {dag.py:4180} INFO - Setting next_dagrun for example_trigger_controller_dag to 2021-01-01 00:00:00+00:00, run_after=2021-01-01 00:00:00+00:00
[2025-04-22T06:22:06.602+0000] {processor.py:208} INFO - Processing /home/airflow/.local/lib/python3.9/site-packages/airflow/example_dags/example_trigger_controller_dag.py took 0.088 seconds
[2025-04-22T06:22:37.513+0000] {processor.py:186} INFO - Started process (PID=371) to work on /home/airflow/.local/lib/python3.9/site-packages/airflow/example_dags/example_trigger_controller_dag.py
[2025-04-22T06:22:37.515+0000] {processor.py:914} INFO - Processing file /home/airflow/.local/lib/python3.9/site-packages/airflow/example_dags/example_trigger_controller_dag.py for tasks to queue
[2025-04-22T06:22:37.520+0000] {logging_mixin.py:190} INFO - [2025-04-22T06:22:37.520+0000] {dagbag.py:588} INFO - Filling up the DagBag from /home/airflow/.local/lib/python3.9/site-packages/airflow/example_dags/example_trigger_controller_dag.py
[2025-04-22T06:22:37.529+0000] {processor.py:925} INFO - DAG(s) 'example_trigger_controller_dag' retrieved from /home/airflow/.local/lib/python3.9/site-packages/airflow/example_dags/example_trigger_controller_dag.py
[2025-04-22T06:22:37.557+0000] {logging_mixin.py:190} INFO - [2025-04-22T06:22:37.556+0000] {dag.py:3239} INFO - Sync 1 DAGs
[2025-04-22T06:22:37.594+0000] {logging_mixin.py:190} INFO - [2025-04-22T06:22:37.594+0000] {dag.py:4180} INFO - Setting next_dagrun for example_trigger_controller_dag to 2021-01-01 00:00:00+00:00, run_after=2021-01-01 00:00:00+00:00
[2025-04-22T06:22:37.645+0000] {processor.py:208} INFO - Processing /home/airflow/.local/lib/python3.9/site-packages/airflow/example_dags/example_trigger_controller_dag.py took 0.138 seconds
[2025-04-22T06:23:07.860+0000] {processor.py:186} INFO - Started process (PID=428) to work on /home/airflow/.local/lib/python3.9/site-packages/airflow/example_dags/example_trigger_controller_dag.py
[2025-04-22T06:23:07.861+0000] {processor.py:914} INFO - Processing file /home/airflow/.local/lib/python3.9/site-packages/airflow/example_dags/example_trigger_controller_dag.py for tasks to queue
[2025-04-22T06:23:07.865+0000] {logging_mixin.py:190} INFO - [2025-04-22T06:23:07.865+0000] {dagbag.py:588} INFO - Filling up the DagBag from /home/airflow/.local/lib/python3.9/site-packages/airflow/example_dags/example_trigger_controller_dag.py
[2025-04-22T06:23:07.874+0000] {processor.py:925} INFO - DAG(s) 'example_trigger_controller_dag' retrieved from /home/airflow/.local/lib/python3.9/site-packages/airflow/example_dags/example_trigger_controller_dag.py
[2025-04-22T06:23:07.896+0000] {logging_mixin.py:190} INFO - [2025-04-22T06:23:07.896+0000] {dag.py:3239} INFO - Sync 1 DAGs
[2025-04-22T06:23:07.925+0000] {logging_mixin.py:190} INFO - [2025-04-22T06:23:07.925+0000] {dag.py:4180} INFO - Setting next_dagrun for example_trigger_controller_dag to 2021-01-01 00:00:00+00:00, run_after=2021-01-01 00:00:00+00:00
[2025-04-22T06:23:07.945+0000] {processor.py:208} INFO - Processing /home/airflow/.local/lib/python3.9/site-packages/airflow/example_dags/example_trigger_controller_dag.py took 0.094 seconds
[2025-04-22T06:23:38.002+0000] {processor.py:186} INFO - Started process (PID=485) to work on /home/airflow/.local/lib/python3.9/site-packages/airflow/example_dags/example_trigger_controller_dag.py
[2025-04-22T06:23:38.003+0000] {processor.py:914} INFO - Processing file /home/airflow/.local/lib/python3.9/site-packages/airflow/example_dags/example_trigger_controller_dag.py for tasks to queue
[2025-04-22T06:23:38.005+0000] {logging_mixin.py:190} INFO - [2025-04-22T06:23:38.005+0000] {dagbag.py:588} INFO - Filling up the DagBag from /home/airflow/.local/lib/python3.9/site-packages/airflow/example_dags/example_trigger_controller_dag.py
[2025-04-22T06:23:38.011+0000] {processor.py:925} INFO - DAG(s) 'example_trigger_controller_dag' retrieved from /home/airflow/.local/lib/python3.9/site-packages/airflow/example_dags/example_trigger_controller_dag.py
[2025-04-22T06:23:38.028+0000] {logging_mixin.py:190} INFO - [2025-04-22T06:23:38.028+0000] {dag.py:3239} INFO - Sync 1 DAGs
[2025-04-22T06:23:38.049+0000] {logging_mixin.py:190} INFO - [2025-04-22T06:23:38.049+0000] {dag.py:4180} INFO - Setting next_dagrun for example_trigger_controller_dag to 2021-01-01 00:00:00+00:00, run_after=2021-01-01 00:00:00+00:00
[2025-04-22T06:23:38.067+0000] {processor.py:208} INFO - Processing /home/airflow/.local/lib/python3.9/site-packages/airflow/example_dags/example_trigger_controller_dag.py took 0.071 seconds
[2025-04-22T06:24:08.168+0000] {processor.py:186} INFO - Started process (PID=543) to work on /home/airflow/.local/lib/python3.9/site-packages/airflow/example_dags/example_trigger_controller_dag.py
[2025-04-22T06:24:08.169+0000] {processor.py:914} INFO - Processing file /home/airflow/.local/lib/python3.9/site-packages/airflow/example_dags/example_trigger_controller_dag.py for tasks to queue
[2025-04-22T06:24:08.173+0000] {logging_mixin.py:190} INFO - [2025-04-22T06:24:08.172+0000] {dagbag.py:588} INFO - Filling up the DagBag from /home/airflow/.local/lib/python3.9/site-packages/airflow/example_dags/example_trigger_controller_dag.py
[2025-04-22T06:24:08.180+0000] {processor.py:925} INFO - DAG(s) 'example_trigger_controller_dag' retrieved from /home/airflow/.local/lib/python3.9/site-packages/airflow/example_dags/example_trigger_controller_dag.py
[2025-04-22T06:24:08.198+0000] {logging_mixin.py:190} INFO - [2025-04-22T06:24:08.198+0000] {dag.py:3239} INFO - Sync 1 DAGs
[2025-04-22T06:24:08.222+0000] {logging_mixin.py:190} INFO - [2025-04-22T06:24:08.222+0000] {dag.py:4180} INFO - Setting next_dagrun for example_trigger_controller_dag to 2021-01-01 00:00:00+00:00, run_after=2021-01-01 00:00:00+00:00
[2025-04-22T06:24:08.241+0000] {processor.py:208} INFO - Processing /home/airflow/.local/lib/python3.9/site-packages/airflow/example_dags/example_trigger_controller_dag.py took 0.080 seconds
[2025-04-22T06:24:38.762+0000] {processor.py:186} INFO - Started process (PID=601) to work on /home/airflow/.local/lib/python3.9/site-packages/airflow/example_dags/example_trigger_controller_dag.py
[2025-04-22T06:24:38.763+0000] {processor.py:914} INFO - Processing file /home/airflow/.local/lib/python3.9/site-packages/airflow/example_dags/example_trigger_controller_dag.py for tasks to queue
[2025-04-22T06:24:38.766+0000] {logging_mixin.py:190} INFO - [2025-04-22T06:24:38.765+0000] {dagbag.py:588} INFO - Filling up the DagBag from /home/airflow/.local/lib/python3.9/site-packages/airflow/example_dags/example_trigger_controller_dag.py
[2025-04-22T06:24:38.771+0000] {processor.py:925} INFO - DAG(s) 'example_trigger_controller_dag' retrieved from /home/airflow/.local/lib/python3.9/site-packages/airflow/example_dags/example_trigger_controller_dag.py
[2025-04-22T06:24:38.788+0000] {logging_mixin.py:190} INFO - [2025-04-22T06:24:38.788+0000] {dag.py:3239} INFO - Sync 1 DAGs
[2025-04-22T06:24:38.809+0000] {logging_mixin.py:190} INFO - [2025-04-22T06:24:38.809+0000] {dag.py:4180} INFO - Setting next_dagrun for example_trigger_controller_dag to 2021-01-01 00:00:00+00:00, run_after=2021-01-01 00:00:00+00:00
[2025-04-22T06:24:38.826+0000] {processor.py:208} INFO - Processing /home/airflow/.local/lib/python3.9/site-packages/airflow/example_dags/example_trigger_controller_dag.py took 0.069 seconds
[2025-04-22T06:25:09.995+0000] {processor.py:186} INFO - Started process (PID=659) to work on /home/airflow/.local/lib/python3.9/site-packages/airflow/example_dags/example_trigger_controller_dag.py
[2025-04-22T06:25:09.996+0000] {processor.py:914} INFO - Processing file /home/airflow/.local/lib/python3.9/site-packages/airflow/example_dags/example_trigger_controller_dag.py for tasks to queue
[2025-04-22T06:25:09.998+0000] {logging_mixin.py:190} INFO - [2025-04-22T06:25:09.998+0000] {dagbag.py:588} INFO - Filling up the DagBag from /home/airflow/.local/lib/python3.9/site-packages/airflow/example_dags/example_trigger_controller_dag.py
[2025-04-22T06:25:10.004+0000] {processor.py:925} INFO - DAG(s) 'example_trigger_controller_dag' retrieved from /home/airflow/.local/lib/python3.9/site-packages/airflow/example_dags/example_trigger_controller_dag.py
[2025-04-22T06:25:10.021+0000] {logging_mixin.py:190} INFO - [2025-04-22T06:25:10.021+0000] {dag.py:3239} INFO - Sync 1 DAGs
[2025-04-22T06:25:10.042+0000] {logging_mixin.py:190} INFO - [2025-04-22T06:25:10.042+0000] {dag.py:4180} INFO - Setting next_dagrun for example_trigger_controller_dag to 2021-01-01 00:00:00+00:00, run_after=2021-01-01 00:00:00+00:00
[2025-04-22T06:25:10.060+0000] {processor.py:208} INFO - Processing /home/airflow/.local/lib/python3.9/site-packages/airflow/example_dags/example_trigger_controller_dag.py took 0.070 seconds
[2025-04-22T06:25:40.673+0000] {processor.py:186} INFO - Started process (PID=717) to work on /home/airflow/.local/lib/python3.9/site-packages/airflow/example_dags/example_trigger_controller_dag.py
[2025-04-22T06:25:40.674+0000] {processor.py:914} INFO - Processing file /home/airflow/.local/lib/python3.9/site-packages/airflow/example_dags/example_trigger_controller_dag.py for tasks to queue
[2025-04-22T06:25:40.677+0000] {logging_mixin.py:190} INFO - [2025-04-22T06:25:40.677+0000] {dagbag.py:588} INFO - Filling up the DagBag from /home/airflow/.local/lib/python3.9/site-packages/airflow/example_dags/example_trigger_controller_dag.py
[2025-04-22T06:25:40.692+0000] {processor.py:925} INFO - DAG(s) 'example_trigger_controller_dag' retrieved from /home/airflow/.local/lib/python3.9/site-packages/airflow/example_dags/example_trigger_controller_dag.py
[2025-04-22T06:25:40.732+0000] {logging_mixin.py:190} INFO - [2025-04-22T06:25:40.731+0000] {dag.py:3239} INFO - Sync 1 DAGs
[2025-04-22T06:25:40.759+0000] {logging_mixin.py:190} INFO - [2025-04-22T06:25:40.758+0000] {dag.py:4180} INFO - Setting next_dagrun for example_trigger_controller_dag to 2021-01-01 00:00:00+00:00, run_after=2021-01-01 00:00:00+00:00
[2025-04-22T06:25:40.779+0000] {processor.py:208} INFO - Processing /home/airflow/.local/lib/python3.9/site-packages/airflow/example_dags/example_trigger_controller_dag.py took 0.114 seconds
[2025-04-22T06:26:11.264+0000] {processor.py:186} INFO - Started process (PID=775) to work on /home/airflow/.local/lib/python3.9/site-packages/airflow/example_dags/example_trigger_controller_dag.py
[2025-04-22T06:26:11.265+0000] {processor.py:914} INFO - Processing file /home/airflow/.local/lib/python3.9/site-packages/airflow/example_dags/example_trigger_controller_dag.py for tasks to queue
[2025-04-22T06:26:11.268+0000] {logging_mixin.py:190} INFO - [2025-04-22T06:26:11.267+0000] {dagbag.py:588} INFO - Filling up the DagBag from /home/airflow/.local/lib/python3.9/site-packages/airflow/example_dags/example_trigger_controller_dag.py
[2025-04-22T06:26:11.274+0000] {processor.py:925} INFO - DAG(s) 'example_trigger_controller_dag' retrieved from /home/airflow/.local/lib/python3.9/site-packages/airflow/example_dags/example_trigger_controller_dag.py
[2025-04-22T06:26:11.290+0000] {logging_mixin.py:190} INFO - [2025-04-22T06:26:11.290+0000] {dag.py:3239} INFO - Sync 1 DAGs
[2025-04-22T06:26:11.311+0000] {logging_mixin.py:190} INFO - [2025-04-22T06:26:11.311+0000] {dag.py:4180} INFO - Setting next_dagrun for example_trigger_controller_dag to 2021-01-01 00:00:00+00:00, run_after=2021-01-01 00:00:00+00:00
[2025-04-22T06:26:11.338+0000] {processor.py:208} INFO - Processing /home/airflow/.local/lib/python3.9/site-packages/airflow/example_dags/example_trigger_controller_dag.py took 0.080 seconds
[2025-04-22T06:26:41.894+0000] {processor.py:186} INFO - Started process (PID=833) to work on /home/airflow/.local/lib/python3.9/site-packages/airflow/example_dags/example_trigger_controller_dag.py
[2025-04-22T06:26:41.895+0000] {processor.py:914} INFO - Processing file /home/airflow/.local/lib/python3.9/site-packages/airflow/example_dags/example_trigger_controller_dag.py for tasks to queue
[2025-04-22T06:26:41.897+0000] {logging_mixin.py:190} INFO - [2025-04-22T06:26:41.897+0000] {dagbag.py:588} INFO - Filling up the DagBag from /home/airflow/.local/lib/python3.9/site-packages/airflow/example_dags/example_trigger_controller_dag.py
[2025-04-22T06:26:41.903+0000] {processor.py:925} INFO - DAG(s) 'example_trigger_controller_dag' retrieved from /home/airflow/.local/lib/python3.9/site-packages/airflow/example_dags/example_trigger_controller_dag.py
[2025-04-22T06:26:41.919+0000] {logging_mixin.py:190} INFO - [2025-04-22T06:26:41.919+0000] {dag.py:3239} INFO - Sync 1 DAGs
[2025-04-22T06:26:41.941+0000] {logging_mixin.py:190} INFO - [2025-04-22T06:26:41.940+0000] {dag.py:4180} INFO - Setting next_dagrun for example_trigger_controller_dag to 2021-01-01 00:00:00+00:00, run_after=2021-01-01 00:00:00+00:00
[2025-04-22T06:26:41.968+0000] {processor.py:208} INFO - Processing /home/airflow/.local/lib/python3.9/site-packages/airflow/example_dags/example_trigger_controller_dag.py took 0.080 seconds
[2025-04-22T06:27:13.271+0000] {processor.py:186} INFO - Started process (PID=891) to work on /home/airflow/.local/lib/python3.9/site-packages/airflow/example_dags/example_trigger_controller_dag.py
[2025-04-22T06:27:13.272+0000] {processor.py:914} INFO - Processing file /home/airflow/.local/lib/python3.9/site-packages/airflow/example_dags/example_trigger_controller_dag.py for tasks to queue
[2025-04-22T06:27:13.275+0000] {logging_mixin.py:190} INFO - [2025-04-22T06:27:13.274+0000] {dagbag.py:588} INFO - Filling up the DagBag from /home/airflow/.local/lib/python3.9/site-packages/airflow/example_dags/example_trigger_controller_dag.py
[2025-04-22T06:27:13.281+0000] {processor.py:925} INFO - DAG(s) 'example_trigger_controller_dag' retrieved from /home/airflow/.local/lib/python3.9/site-packages/airflow/example_dags/example_trigger_controller_dag.py
[2025-04-22T06:27:13.299+0000] {logging_mixin.py:190} INFO - [2025-04-22T06:27:13.299+0000] {dag.py:3239} INFO - Sync 1 DAGs
[2025-04-22T06:27:13.320+0000] {logging_mixin.py:190} INFO - [2025-04-22T06:27:13.320+0000] {dag.py:4180} INFO - Setting next_dagrun for example_trigger_controller_dag to 2021-01-01 00:00:00+00:00, run_after=2021-01-01 00:00:00+00:00
[2025-04-22T06:27:13.338+0000] {processor.py:208} INFO - Processing /home/airflow/.local/lib/python3.9/site-packages/airflow/example_dags/example_trigger_controller_dag.py took 0.073 seconds
[2025-04-22T06:27:43.968+0000] {processor.py:186} INFO - Started process (PID=949) to work on /home/airflow/.local/lib/python3.9/site-packages/airflow/example_dags/example_trigger_controller_dag.py
[2025-04-22T06:27:43.970+0000] {processor.py:914} INFO - Processing file /home/airflow/.local/lib/python3.9/site-packages/airflow/example_dags/example_trigger_controller_dag.py for tasks to queue
[2025-04-22T06:27:43.973+0000] {logging_mixin.py:190} INFO - [2025-04-22T06:27:43.973+0000] {dagbag.py:588} INFO - Filling up the DagBag from /home/airflow/.local/lib/python3.9/site-packages/airflow/example_dags/example_trigger_controller_dag.py
[2025-04-22T06:27:43.982+0000] {processor.py:925} INFO - DAG(s) 'example_trigger_controller_dag' retrieved from /home/airflow/.local/lib/python3.9/site-packages/airflow/example_dags/example_trigger_controller_dag.py
[2025-04-22T06:27:44.001+0000] {logging_mixin.py:190} INFO - [2025-04-22T06:27:44.001+0000] {dag.py:3239} INFO - Sync 1 DAGs
[2025-04-22T06:27:44.022+0000] {logging_mixin.py:190} INFO - [2025-04-22T06:27:44.022+0000] {dag.py:4180} INFO - Setting next_dagrun for example_trigger_controller_dag to 2021-01-01 00:00:00+00:00, run_after=2021-01-01 00:00:00+00:00
[2025-04-22T06:27:44.040+0000] {processor.py:208} INFO - Processing /home/airflow/.local/lib/python3.9/site-packages/airflow/example_dags/example_trigger_controller_dag.py took 0.080 seconds
[2025-04-22T06:28:14.802+0000] {processor.py:186} INFO - Started process (PID=1007) to work on /home/airflow/.local/lib/python3.9/site-packages/airflow/example_dags/example_trigger_controller_dag.py
[2025-04-22T06:28:14.803+0000] {processor.py:914} INFO - Processing file /home/airflow/.local/lib/python3.9/site-packages/airflow/example_dags/example_trigger_controller_dag.py for tasks to queue
[2025-04-22T06:28:14.805+0000] {logging_mixin.py:190} INFO - [2025-04-22T06:28:14.805+0000] {dagbag.py:588} INFO - Filling up the DagBag from /home/airflow/.local/lib/python3.9/site-packages/airflow/example_dags/example_trigger_controller_dag.py
[2025-04-22T06:28:14.811+0000] {processor.py:925} INFO - DAG(s) 'example_trigger_controller_dag' retrieved from /home/airflow/.local/lib/python3.9/site-packages/airflow/example_dags/example_trigger_controller_dag.py
[2025-04-22T06:28:14.828+0000] {logging_mixin.py:190} INFO - [2025-04-22T06:28:14.828+0000] {dag.py:3239} INFO - Sync 1 DAGs
[2025-04-22T06:28:14.850+0000] {logging_mixin.py:190} INFO - [2025-04-22T06:28:14.849+0000] {dag.py:4180} INFO - Setting next_dagrun for example_trigger_controller_dag to 2021-01-01 00:00:00+00:00, run_after=2021-01-01 00:00:00+00:00
[2025-04-22T06:28:14.867+0000] {processor.py:208} INFO - Processing /home/airflow/.local/lib/python3.9/site-packages/airflow/example_dags/example_trigger_controller_dag.py took 0.071 seconds
[2025-04-22T06:28:46.135+0000] {processor.py:186} INFO - Started process (PID=1065) to work on /home/airflow/.local/lib/python3.9/site-packages/airflow/example_dags/example_trigger_controller_dag.py
[2025-04-22T06:28:46.136+0000] {processor.py:914} INFO - Processing file /home/airflow/.local/lib/python3.9/site-packages/airflow/example_dags/example_trigger_controller_dag.py for tasks to queue
[2025-04-22T06:28:46.139+0000] {logging_mixin.py:190} INFO - [2025-04-22T06:28:46.139+0000] {dagbag.py:588} INFO - Filling up the DagBag from /home/airflow/.local/lib/python3.9/site-packages/airflow/example_dags/example_trigger_controller_dag.py
[2025-04-22T06:28:46.145+0000] {processor.py:925} INFO - DAG(s) 'example_trigger_controller_dag' retrieved from /home/airflow/.local/lib/python3.9/site-packages/airflow/example_dags/example_trigger_controller_dag.py
[2025-04-22T06:28:46.162+0000] {logging_mixin.py:190} INFO - [2025-04-22T06:28:46.161+0000] {dag.py:3239} INFO - Sync 1 DAGs
[2025-04-22T06:28:46.183+0000] {logging_mixin.py:190} INFO - [2025-04-22T06:28:46.182+0000] {dag.py:4180} INFO - Setting next_dagrun for example_trigger_controller_dag to 2021-01-01 00:00:00+00:00, run_after=2021-01-01 00:00:00+00:00
[2025-04-22T06:28:46.200+0000] {processor.py:208} INFO - Processing /home/airflow/.local/lib/python3.9/site-packages/airflow/example_dags/example_trigger_controller_dag.py took 0.071 seconds
[2025-04-22T06:29:17.022+0000] {processor.py:186} INFO - Started process (PID=1123) to work on /home/airflow/.local/lib/python3.9/site-packages/airflow/example_dags/example_trigger_controller_dag.py
[2025-04-22T06:29:17.023+0000] {processor.py:914} INFO - Processing file /home/airflow/.local/lib/python3.9/site-packages/airflow/example_dags/example_trigger_controller_dag.py for tasks to queue
[2025-04-22T06:29:17.025+0000] {logging_mixin.py:190} INFO - [2025-04-22T06:29:17.025+0000] {dagbag.py:588} INFO - Filling up the DagBag from /home/airflow/.local/lib/python3.9/site-packages/airflow/example_dags/example_trigger_controller_dag.py
[2025-04-22T06:29:17.031+0000] {processor.py:925} INFO - DAG(s) 'example_trigger_controller_dag' retrieved from /home/airflow/.local/lib/python3.9/site-packages/airflow/example_dags/example_trigger_controller_dag.py
[2025-04-22T06:29:17.048+0000] {logging_mixin.py:190} INFO - [2025-04-22T06:29:17.048+0000] {dag.py:3239} INFO - Sync 1 DAGs
[2025-04-22T06:29:17.070+0000] {logging_mixin.py:190} INFO - [2025-04-22T06:29:17.070+0000] {dag.py:4180} INFO - Setting next_dagrun for example_trigger_controller_dag to 2021-01-01 00:00:00+00:00, run_after=2021-01-01 00:00:00+00:00
[2025-04-22T06:29:17.088+0000] {processor.py:208} INFO - Processing /home/airflow/.local/lib/python3.9/site-packages/airflow/example_dags/example_trigger_controller_dag.py took 0.073 seconds
[2025-04-22T06:29:48.298+0000] {processor.py:186} INFO - Started process (PID=1181) to work on /home/airflow/.local/lib/python3.9/site-packages/airflow/example_dags/example_trigger_controller_dag.py
[2025-04-22T06:29:48.299+0000] {processor.py:914} INFO - Processing file /home/airflow/.local/lib/python3.9/site-packages/airflow/example_dags/example_trigger_controller_dag.py for tasks to queue
[2025-04-22T06:29:48.301+0000] {logging_mixin.py:190} INFO - [2025-04-22T06:29:48.301+0000] {dagbag.py:588} INFO - Filling up the DagBag from /home/airflow/.local/lib/python3.9/site-packages/airflow/example_dags/example_trigger_controller_dag.py
[2025-04-22T06:29:48.308+0000] {processor.py:925} INFO - DAG(s) 'example_trigger_controller_dag' retrieved from /home/airflow/.local/lib/python3.9/site-packages/airflow/example_dags/example_trigger_controller_dag.py
[2025-04-22T06:29:48.324+0000] {logging_mixin.py:190} INFO - [2025-04-22T06:29:48.324+0000] {dag.py:3239} INFO - Sync 1 DAGs
[2025-04-22T06:29:48.345+0000] {logging_mixin.py:190} INFO - [2025-04-22T06:29:48.344+0000] {dag.py:4180} INFO - Setting next_dagrun for example_trigger_controller_dag to 2021-01-01 00:00:00+00:00, run_after=2021-01-01 00:00:00+00:00
[2025-04-22T06:29:48.362+0000] {processor.py:208} INFO - Processing /home/airflow/.local/lib/python3.9/site-packages/airflow/example_dags/example_trigger_controller_dag.py took 0.070 seconds
[2025-04-22T06:30:19.242+0000] {processor.py:186} INFO - Started process (PID=1239) to work on /home/airflow/.local/lib/python3.9/site-packages/airflow/example_dags/example_trigger_controller_dag.py
[2025-04-22T06:30:19.243+0000] {processor.py:914} INFO - Processing file /home/airflow/.local/lib/python3.9/site-packages/airflow/example_dags/example_trigger_controller_dag.py for tasks to queue
[2025-04-22T06:30:19.245+0000] {logging_mixin.py:190} INFO - [2025-04-22T06:30:19.245+0000] {dagbag.py:588} INFO - Filling up the DagBag from /home/airflow/.local/lib/python3.9/site-packages/airflow/example_dags/example_trigger_controller_dag.py
[2025-04-22T06:30:19.251+0000] {processor.py:925} INFO - DAG(s) 'example_trigger_controller_dag' retrieved from /home/airflow/.local/lib/python3.9/site-packages/airflow/example_dags/example_trigger_controller_dag.py
[2025-04-22T06:30:19.268+0000] {logging_mixin.py:190} INFO - [2025-04-22T06:30:19.268+0000] {dag.py:3239} INFO - Sync 1 DAGs
[2025-04-22T06:30:19.291+0000] {logging_mixin.py:190} INFO - [2025-04-22T06:30:19.291+0000] {dag.py:4180} INFO - Setting next_dagrun for example_trigger_controller_dag to 2021-01-01 00:00:00+00:00, run_after=2021-01-01 00:00:00+00:00
[2025-04-22T06:30:19.309+0000] {processor.py:208} INFO - Processing /home/airflow/.local/lib/python3.9/site-packages/airflow/example_dags/example_trigger_controller_dag.py took 0.072 seconds
[2025-04-22T06:30:50.354+0000] {processor.py:186} INFO - Started process (PID=1297) to work on /home/airflow/.local/lib/python3.9/site-packages/airflow/example_dags/example_trigger_controller_dag.py
[2025-04-22T06:30:50.355+0000] {processor.py:914} INFO - Processing file /home/airflow/.local/lib/python3.9/site-packages/airflow/example_dags/example_trigger_controller_dag.py for tasks to queue
[2025-04-22T06:30:50.357+0000] {logging_mixin.py:190} INFO - [2025-04-22T06:30:50.357+0000] {dagbag.py:588} INFO - Filling up the DagBag from /home/airflow/.local/lib/python3.9/site-packages/airflow/example_dags/example_trigger_controller_dag.py
[2025-04-22T06:30:50.364+0000] {processor.py:925} INFO - DAG(s) 'example_trigger_controller_dag' retrieved from /home/airflow/.local/lib/python3.9/site-packages/airflow/example_dags/example_trigger_controller_dag.py
[2025-04-22T06:30:50.381+0000] {logging_mixin.py:190} INFO - [2025-04-22T06:30:50.381+0000] {dag.py:3239} INFO - Sync 1 DAGs
[2025-04-22T06:30:50.404+0000] {logging_mixin.py:190} INFO - [2025-04-22T06:30:50.404+0000] {dag.py:4180} INFO - Setting next_dagrun for example_trigger_controller_dag to 2021-01-01 00:00:00+00:00, run_after=2021-01-01 00:00:00+00:00
[2025-04-22T06:30:50.421+0000] {processor.py:208} INFO - Processing /home/airflow/.local/lib/python3.9/site-packages/airflow/example_dags/example_trigger_controller_dag.py took 0.075 seconds
[2025-04-22T06:31:21.422+0000] {processor.py:186} INFO - Started process (PID=1355) to work on /home/airflow/.local/lib/python3.9/site-packages/airflow/example_dags/example_trigger_controller_dag.py
[2025-04-22T06:31:21.423+0000] {processor.py:914} INFO - Processing file /home/airflow/.local/lib/python3.9/site-packages/airflow/example_dags/example_trigger_controller_dag.py for tasks to queue
[2025-04-22T06:31:21.426+0000] {logging_mixin.py:190} INFO - [2025-04-22T06:31:21.426+0000] {dagbag.py:588} INFO - Filling up the DagBag from /home/airflow/.local/lib/python3.9/site-packages/airflow/example_dags/example_trigger_controller_dag.py
[2025-04-22T06:31:21.433+0000] {processor.py:925} INFO - DAG(s) 'example_trigger_controller_dag' retrieved from /home/airflow/.local/lib/python3.9/site-packages/airflow/example_dags/example_trigger_controller_dag.py
[2025-04-22T06:31:21.449+0000] {logging_mixin.py:190} INFO - [2025-04-22T06:31:21.449+0000] {dag.py:3239} INFO - Sync 1 DAGs
[2025-04-22T06:31:21.470+0000] {logging_mixin.py:190} INFO - [2025-04-22T06:31:21.469+0000] {dag.py:4180} INFO - Setting next_dagrun for example_trigger_controller_dag to 2021-01-01 00:00:00+00:00, run_after=2021-01-01 00:00:00+00:00
[2025-04-22T06:31:21.496+0000] {processor.py:208} INFO - Processing /home/airflow/.local/lib/python3.9/site-packages/airflow/example_dags/example_trigger_controller_dag.py took 0.081 seconds
[2025-04-22T06:31:52.192+0000] {processor.py:186} INFO - Started process (PID=1413) to work on /home/airflow/.local/lib/python3.9/site-packages/airflow/example_dags/example_trigger_controller_dag.py
[2025-04-22T06:31:52.192+0000] {processor.py:914} INFO - Processing file /home/airflow/.local/lib/python3.9/site-packages/airflow/example_dags/example_trigger_controller_dag.py for tasks to queue
[2025-04-22T06:31:52.194+0000] {logging_mixin.py:190} INFO - [2025-04-22T06:31:52.194+0000] {dagbag.py:588} INFO - Filling up the DagBag from /home/airflow/.local/lib/python3.9/site-packages/airflow/example_dags/example_trigger_controller_dag.py
[2025-04-22T06:31:52.200+0000] {processor.py:925} INFO - DAG(s) 'example_trigger_controller_dag' retrieved from /home/airflow/.local/lib/python3.9/site-packages/airflow/example_dags/example_trigger_controller_dag.py
[2025-04-22T06:31:52.217+0000] {logging_mixin.py:190} INFO - [2025-04-22T06:31:52.217+0000] {dag.py:3239} INFO - Sync 1 DAGs
[2025-04-22T06:31:52.239+0000] {logging_mixin.py:190} INFO - [2025-04-22T06:31:52.239+0000] {dag.py:4180} INFO - Setting next_dagrun for example_trigger_controller_dag to 2021-01-01 00:00:00+00:00, run_after=2021-01-01 00:00:00+00:00
[2025-04-22T06:31:52.257+0000] {processor.py:208} INFO - Processing /home/airflow/.local/lib/python3.9/site-packages/airflow/example_dags/example_trigger_controller_dag.py took 0.071 seconds
[2025-04-22T06:32:24.485+0000] {processor.py:186} INFO - Started process (PID=1471) to work on /home/airflow/.local/lib/python3.9/site-packages/airflow/example_dags/example_trigger_controller_dag.py
[2025-04-22T06:32:24.498+0000] {processor.py:914} INFO - Processing file /home/airflow/.local/lib/python3.9/site-packages/airflow/example_dags/example_trigger_controller_dag.py for tasks to queue
[2025-04-22T06:32:24.502+0000] {logging_mixin.py:190} INFO - [2025-04-22T06:32:24.501+0000] {dagbag.py:588} INFO - Filling up the DagBag from /home/airflow/.local/lib/python3.9/site-packages/airflow/example_dags/example_trigger_controller_dag.py
[2025-04-22T06:32:24.522+0000] {processor.py:925} INFO - DAG(s) 'example_trigger_controller_dag' retrieved from /home/airflow/.local/lib/python3.9/site-packages/airflow/example_dags/example_trigger_controller_dag.py
[2025-04-22T06:32:24.575+0000] {logging_mixin.py:190} INFO - [2025-04-22T06:32:24.574+0000] {dag.py:3239} INFO - Sync 1 DAGs
[2025-04-22T06:32:24.653+0000] {logging_mixin.py:190} INFO - [2025-04-22T06:32:24.653+0000] {dag.py:4180} INFO - Setting next_dagrun for example_trigger_controller_dag to 2021-01-01 00:00:00+00:00, run_after=2021-01-01 00:00:00+00:00
[2025-04-22T06:32:24.781+0000] {processor.py:208} INFO - Processing /home/airflow/.local/lib/python3.9/site-packages/airflow/example_dags/example_trigger_controller_dag.py took 0.314 seconds
