[2025-04-22T06:19:56.867+0000] {processor.py:186} INFO - Started process (PID=52) to work on /home/airflow/.local/lib/python3.9/site-packages/airflow/example_dags/example_sla_dag.py
[2025-04-22T06:19:56.868+0000] {processor.py:914} INFO - Processing file /home/airflow/.local/lib/python3.9/site-packages/airflow/example_dags/example_sla_dag.py for tasks to queue
[2025-04-22T06:19:56.870+0000] {logging_mixin.py:190} INFO - [2025-04-22T06:19:56.870+0000] {dagbag.py:588} INFO - Filling up the DagBag from /home/airflow/.local/lib/python3.9/site-packages/airflow/example_dags/example_sla_dag.py
[2025-04-22T06:19:56.882+0000] {processor.py:925} INFO - DAG(s) 'example_sla_dag' retrieved from /home/airflow/.local/lib/python3.9/site-packages/airflow/example_dags/example_sla_dag.py
[2025-04-22T06:19:56.912+0000] {logging_mixin.py:190} INFO - [2025-04-22T06:19:56.911+0000] {dag.py:3239} INFO - Sync 1 DAGs
[2025-04-22T06:19:56.941+0000] {logging_mixin.py:190} INFO - [2025-04-22T06:19:56.940+0000] {dag.py:4180} INFO - Setting next_dagrun for example_sla_dag to 2025-04-22 06:16:00+00:00, run_after=2025-04-22 06:18:00+00:00
[2025-04-22T06:19:56.959+0000] {processor.py:208} INFO - Processing /home/airflow/.local/lib/python3.9/site-packages/airflow/example_dags/example_sla_dag.py took 0.100 seconds
[2025-04-22T06:20:27.116+0000] {processor.py:186} INFO - Started process (PID=109) to work on /home/airflow/.local/lib/python3.9/site-packages/airflow/example_dags/example_sla_dag.py
[2025-04-22T06:20:27.117+0000] {processor.py:914} INFO - Processing file /home/airflow/.local/lib/python3.9/site-packages/airflow/example_dags/example_sla_dag.py for tasks to queue
[2025-04-22T06:20:27.120+0000] {logging_mixin.py:190} INFO - [2025-04-22T06:20:27.119+0000] {dagbag.py:588} INFO - Filling up the DagBag from /home/airflow/.local/lib/python3.9/site-packages/airflow/example_dags/example_sla_dag.py
[2025-04-22T06:20:27.135+0000] {processor.py:925} INFO - DAG(s) 'example_sla_dag' retrieved from /home/airflow/.local/lib/python3.9/site-packages/airflow/example_dags/example_sla_dag.py
[2025-04-22T06:20:27.160+0000] {logging_mixin.py:190} INFO - [2025-04-22T06:20:27.160+0000] {dag.py:3239} INFO - Sync 1 DAGs
[2025-04-22T06:20:27.202+0000] {logging_mixin.py:190} INFO - [2025-04-22T06:20:27.202+0000] {dag.py:4180} INFO - Setting next_dagrun for example_sla_dag to 2025-04-22 06:18:00+00:00, run_after=2025-04-22 06:20:00+00:00
[2025-04-22T06:20:27.228+0000] {processor.py:208} INFO - Processing /home/airflow/.local/lib/python3.9/site-packages/airflow/example_dags/example_sla_dag.py took 0.122 seconds
[2025-04-22T06:20:57.600+0000] {processor.py:186} INFO - Started process (PID=167) to work on /home/airflow/.local/lib/python3.9/site-packages/airflow/example_dags/example_sla_dag.py
[2025-04-22T06:20:57.601+0000] {processor.py:914} INFO - Processing file /home/airflow/.local/lib/python3.9/site-packages/airflow/example_dags/example_sla_dag.py for tasks to queue
[2025-04-22T06:20:57.604+0000] {logging_mixin.py:190} INFO - [2025-04-22T06:20:57.603+0000] {dagbag.py:588} INFO - Filling up the DagBag from /home/airflow/.local/lib/python3.9/site-packages/airflow/example_dags/example_sla_dag.py
[2025-04-22T06:20:57.614+0000] {processor.py:925} INFO - DAG(s) 'example_sla_dag' retrieved from /home/airflow/.local/lib/python3.9/site-packages/airflow/example_dags/example_sla_dag.py
[2025-04-22T06:20:57.634+0000] {logging_mixin.py:190} INFO - [2025-04-22T06:20:57.633+0000] {dag.py:3239} INFO - Sync 1 DAGs
[2025-04-22T06:20:57.664+0000] {logging_mixin.py:190} INFO - [2025-04-22T06:20:57.663+0000] {dag.py:4180} INFO - Setting next_dagrun for example_sla_dag to 2025-04-22 06:18:00+00:00, run_after=2025-04-22 06:20:00+00:00
[2025-04-22T06:20:57.682+0000] {processor.py:208} INFO - Processing /home/airflow/.local/lib/python3.9/site-packages/airflow/example_dags/example_sla_dag.py took 0.092 seconds
[2025-04-22T06:21:28.498+0000] {processor.py:186} INFO - Started process (PID=225) to work on /home/airflow/.local/lib/python3.9/site-packages/airflow/example_dags/example_sla_dag.py
[2025-04-22T06:21:28.499+0000] {processor.py:914} INFO - Processing file /home/airflow/.local/lib/python3.9/site-packages/airflow/example_dags/example_sla_dag.py for tasks to queue
[2025-04-22T06:21:28.502+0000] {logging_mixin.py:190} INFO - [2025-04-22T06:21:28.502+0000] {dagbag.py:588} INFO - Filling up the DagBag from /home/airflow/.local/lib/python3.9/site-packages/airflow/example_dags/example_sla_dag.py
[2025-04-22T06:21:28.512+0000] {processor.py:925} INFO - DAG(s) 'example_sla_dag' retrieved from /home/airflow/.local/lib/python3.9/site-packages/airflow/example_dags/example_sla_dag.py
[2025-04-22T06:21:28.529+0000] {logging_mixin.py:190} INFO - [2025-04-22T06:21:28.529+0000] {dag.py:3239} INFO - Sync 1 DAGs
[2025-04-22T06:21:28.554+0000] {logging_mixin.py:190} INFO - [2025-04-22T06:21:28.554+0000] {dag.py:4180} INFO - Setting next_dagrun for example_sla_dag to 2025-04-22 06:18:00+00:00, run_after=2025-04-22 06:20:00+00:00
[2025-04-22T06:21:28.572+0000] {processor.py:208} INFO - Processing /home/airflow/.local/lib/python3.9/site-packages/airflow/example_dags/example_sla_dag.py took 0.080 seconds
[2025-04-22T06:21:58.876+0000] {processor.py:186} INFO - Started process (PID=283) to work on /home/airflow/.local/lib/python3.9/site-packages/airflow/example_dags/example_sla_dag.py
[2025-04-22T06:21:58.877+0000] {processor.py:914} INFO - Processing file /home/airflow/.local/lib/python3.9/site-packages/airflow/example_dags/example_sla_dag.py for tasks to queue
[2025-04-22T06:21:58.879+0000] {logging_mixin.py:190} INFO - [2025-04-22T06:21:58.879+0000] {dagbag.py:588} INFO - Filling up the DagBag from /home/airflow/.local/lib/python3.9/site-packages/airflow/example_dags/example_sla_dag.py
[2025-04-22T06:21:58.890+0000] {processor.py:925} INFO - DAG(s) 'example_sla_dag' retrieved from /home/airflow/.local/lib/python3.9/site-packages/airflow/example_dags/example_sla_dag.py
[2025-04-22T06:21:58.913+0000] {logging_mixin.py:190} INFO - [2025-04-22T06:21:58.913+0000] {dag.py:3239} INFO - Sync 1 DAGs
[2025-04-22T06:21:58.946+0000] {logging_mixin.py:190} INFO - [2025-04-22T06:21:58.945+0000] {dag.py:4180} INFO - Setting next_dagrun for example_sla_dag to 2025-04-22 06:18:00+00:00, run_after=2025-04-22 06:20:00+00:00
[2025-04-22T06:21:58.972+0000] {processor.py:208} INFO - Processing /home/airflow/.local/lib/python3.9/site-packages/airflow/example_dags/example_sla_dag.py took 0.106 seconds
[2025-04-22T06:22:29.812+0000] {processor.py:186} INFO - Started process (PID=341) to work on /home/airflow/.local/lib/python3.9/site-packages/airflow/example_dags/example_sla_dag.py
[2025-04-22T06:22:29.814+0000] {processor.py:914} INFO - Processing file /home/airflow/.local/lib/python3.9/site-packages/airflow/example_dags/example_sla_dag.py for tasks to queue
[2025-04-22T06:22:29.817+0000] {logging_mixin.py:190} INFO - [2025-04-22T06:22:29.817+0000] {dagbag.py:588} INFO - Filling up the DagBag from /home/airflow/.local/lib/python3.9/site-packages/airflow/example_dags/example_sla_dag.py
[2025-04-22T06:22:29.836+0000] {processor.py:925} INFO - DAG(s) 'example_sla_dag' retrieved from /home/airflow/.local/lib/python3.9/site-packages/airflow/example_dags/example_sla_dag.py
[2025-04-22T06:22:29.864+0000] {logging_mixin.py:190} INFO - [2025-04-22T06:22:29.863+0000] {dag.py:3239} INFO - Sync 1 DAGs
[2025-04-22T06:22:29.901+0000] {logging_mixin.py:190} INFO - [2025-04-22T06:22:29.900+0000] {dag.py:4180} INFO - Setting next_dagrun for example_sla_dag to 2025-04-22 06:20:00+00:00, run_after=2025-04-22 06:22:00+00:00
[2025-04-22T06:22:29.924+0000] {processor.py:208} INFO - Processing /home/airflow/.local/lib/python3.9/site-packages/airflow/example_dags/example_sla_dag.py took 0.125 seconds
[2025-04-22T06:23:00.090+0000] {processor.py:186} INFO - Started process (PID=399) to work on /home/airflow/.local/lib/python3.9/site-packages/airflow/example_dags/example_sla_dag.py
[2025-04-22T06:23:00.091+0000] {processor.py:914} INFO - Processing file /home/airflow/.local/lib/python3.9/site-packages/airflow/example_dags/example_sla_dag.py for tasks to queue
[2025-04-22T06:23:00.094+0000] {logging_mixin.py:190} INFO - [2025-04-22T06:23:00.093+0000] {dagbag.py:588} INFO - Filling up the DagBag from /home/airflow/.local/lib/python3.9/site-packages/airflow/example_dags/example_sla_dag.py
[2025-04-22T06:23:00.104+0000] {processor.py:925} INFO - DAG(s) 'example_sla_dag' retrieved from /home/airflow/.local/lib/python3.9/site-packages/airflow/example_dags/example_sla_dag.py
[2025-04-22T06:23:00.122+0000] {logging_mixin.py:190} INFO - [2025-04-22T06:23:00.122+0000] {dag.py:3239} INFO - Sync 1 DAGs
[2025-04-22T06:23:00.149+0000] {logging_mixin.py:190} INFO - [2025-04-22T06:23:00.149+0000] {dag.py:4180} INFO - Setting next_dagrun for example_sla_dag to 2025-04-22 06:20:00+00:00, run_after=2025-04-22 06:22:00+00:00
[2025-04-22T06:23:00.170+0000] {processor.py:208} INFO - Processing /home/airflow/.local/lib/python3.9/site-packages/airflow/example_dags/example_sla_dag.py took 0.086 seconds
[2025-04-22T06:23:30.980+0000] {processor.py:186} INFO - Started process (PID=457) to work on /home/airflow/.local/lib/python3.9/site-packages/airflow/example_dags/example_sla_dag.py
[2025-04-22T06:23:30.981+0000] {processor.py:914} INFO - Processing file /home/airflow/.local/lib/python3.9/site-packages/airflow/example_dags/example_sla_dag.py for tasks to queue
[2025-04-22T06:23:30.983+0000] {logging_mixin.py:190} INFO - [2025-04-22T06:23:30.983+0000] {dagbag.py:588} INFO - Filling up the DagBag from /home/airflow/.local/lib/python3.9/site-packages/airflow/example_dags/example_sla_dag.py
[2025-04-22T06:23:30.992+0000] {processor.py:925} INFO - DAG(s) 'example_sla_dag' retrieved from /home/airflow/.local/lib/python3.9/site-packages/airflow/example_dags/example_sla_dag.py
[2025-04-22T06:23:31.011+0000] {logging_mixin.py:190} INFO - [2025-04-22T06:23:31.011+0000] {dag.py:3239} INFO - Sync 1 DAGs
[2025-04-22T06:23:31.037+0000] {logging_mixin.py:190} INFO - [2025-04-22T06:23:31.036+0000] {dag.py:4180} INFO - Setting next_dagrun for example_sla_dag to 2025-04-22 06:20:00+00:00, run_after=2025-04-22 06:22:00+00:00
[2025-04-22T06:23:31.056+0000] {processor.py:208} INFO - Processing /home/airflow/.local/lib/python3.9/site-packages/airflow/example_dags/example_sla_dag.py took 0.082 seconds
[2025-04-22T06:24:02.136+0000] {processor.py:186} INFO - Started process (PID=516) to work on /home/airflow/.local/lib/python3.9/site-packages/airflow/example_dags/example_sla_dag.py
[2025-04-22T06:24:02.137+0000] {processor.py:914} INFO - Processing file /home/airflow/.local/lib/python3.9/site-packages/airflow/example_dags/example_sla_dag.py for tasks to queue
[2025-04-22T06:24:02.139+0000] {logging_mixin.py:190} INFO - [2025-04-22T06:24:02.139+0000] {dagbag.py:588} INFO - Filling up the DagBag from /home/airflow/.local/lib/python3.9/site-packages/airflow/example_dags/example_sla_dag.py
[2025-04-22T06:24:02.148+0000] {processor.py:925} INFO - DAG(s) 'example_sla_dag' retrieved from /home/airflow/.local/lib/python3.9/site-packages/airflow/example_dags/example_sla_dag.py
[2025-04-22T06:24:02.165+0000] {logging_mixin.py:190} INFO - [2025-04-22T06:24:02.165+0000] {dag.py:3239} INFO - Sync 1 DAGs
[2025-04-22T06:24:02.189+0000] {logging_mixin.py:190} INFO - [2025-04-22T06:24:02.189+0000] {dag.py:4180} INFO - Setting next_dagrun for example_sla_dag to 2025-04-22 06:22:00+00:00, run_after=2025-04-22 06:24:00+00:00
[2025-04-22T06:24:02.207+0000] {processor.py:208} INFO - Processing /home/airflow/.local/lib/python3.9/site-packages/airflow/example_dags/example_sla_dag.py took 0.077 seconds
[2025-04-22T06:24:32.275+0000] {processor.py:186} INFO - Started process (PID=573) to work on /home/airflow/.local/lib/python3.9/site-packages/airflow/example_dags/example_sla_dag.py
[2025-04-22T06:24:32.276+0000] {processor.py:914} INFO - Processing file /home/airflow/.local/lib/python3.9/site-packages/airflow/example_dags/example_sla_dag.py for tasks to queue
[2025-04-22T06:24:32.278+0000] {logging_mixin.py:190} INFO - [2025-04-22T06:24:32.278+0000] {dagbag.py:588} INFO - Filling up the DagBag from /home/airflow/.local/lib/python3.9/site-packages/airflow/example_dags/example_sla_dag.py
[2025-04-22T06:24:32.288+0000] {processor.py:925} INFO - DAG(s) 'example_sla_dag' retrieved from /home/airflow/.local/lib/python3.9/site-packages/airflow/example_dags/example_sla_dag.py
[2025-04-22T06:24:32.305+0000] {logging_mixin.py:190} INFO - [2025-04-22T06:24:32.305+0000] {dag.py:3239} INFO - Sync 1 DAGs
[2025-04-22T06:24:32.332+0000] {logging_mixin.py:190} INFO - [2025-04-22T06:24:32.332+0000] {dag.py:4180} INFO - Setting next_dagrun for example_sla_dag to 2025-04-22 06:22:00+00:00, run_after=2025-04-22 06:24:00+00:00
[2025-04-22T06:24:32.349+0000] {processor.py:208} INFO - Processing /home/airflow/.local/lib/python3.9/site-packages/airflow/example_dags/example_sla_dag.py took 0.081 seconds
[2025-04-22T06:25:02.842+0000] {processor.py:186} INFO - Started process (PID=631) to work on /home/airflow/.local/lib/python3.9/site-packages/airflow/example_dags/example_sla_dag.py
[2025-04-22T06:25:02.843+0000] {processor.py:914} INFO - Processing file /home/airflow/.local/lib/python3.9/site-packages/airflow/example_dags/example_sla_dag.py for tasks to queue
[2025-04-22T06:25:02.845+0000] {logging_mixin.py:190} INFO - [2025-04-22T06:25:02.845+0000] {dagbag.py:588} INFO - Filling up the DagBag from /home/airflow/.local/lib/python3.9/site-packages/airflow/example_dags/example_sla_dag.py
[2025-04-22T06:25:02.855+0000] {processor.py:925} INFO - DAG(s) 'example_sla_dag' retrieved from /home/airflow/.local/lib/python3.9/site-packages/airflow/example_dags/example_sla_dag.py
[2025-04-22T06:25:02.872+0000] {logging_mixin.py:190} INFO - [2025-04-22T06:25:02.872+0000] {dag.py:3239} INFO - Sync 1 DAGs
[2025-04-22T06:25:02.898+0000] {logging_mixin.py:190} INFO - [2025-04-22T06:25:02.898+0000] {dag.py:4180} INFO - Setting next_dagrun for example_sla_dag to 2025-04-22 06:22:00+00:00, run_after=2025-04-22 06:24:00+00:00
[2025-04-22T06:25:02.915+0000] {processor.py:208} INFO - Processing /home/airflow/.local/lib/python3.9/site-packages/airflow/example_dags/example_sla_dag.py took 0.082 seconds
[2025-04-22T06:25:33.004+0000] {processor.py:186} INFO - Started process (PID=689) to work on /home/airflow/.local/lib/python3.9/site-packages/airflow/example_dags/example_sla_dag.py
[2025-04-22T06:25:33.005+0000] {processor.py:914} INFO - Processing file /home/airflow/.local/lib/python3.9/site-packages/airflow/example_dags/example_sla_dag.py for tasks to queue
[2025-04-22T06:25:33.007+0000] {logging_mixin.py:190} INFO - [2025-04-22T06:25:33.007+0000] {dagbag.py:588} INFO - Filling up the DagBag from /home/airflow/.local/lib/python3.9/site-packages/airflow/example_dags/example_sla_dag.py
[2025-04-22T06:25:33.017+0000] {processor.py:925} INFO - DAG(s) 'example_sla_dag' retrieved from /home/airflow/.local/lib/python3.9/site-packages/airflow/example_dags/example_sla_dag.py
[2025-04-22T06:25:33.034+0000] {logging_mixin.py:190} INFO - [2025-04-22T06:25:33.034+0000] {dag.py:3239} INFO - Sync 1 DAGs
[2025-04-22T06:25:33.061+0000] {logging_mixin.py:190} INFO - [2025-04-22T06:25:33.061+0000] {dag.py:4180} INFO - Setting next_dagrun for example_sla_dag to 2025-04-22 06:22:00+00:00, run_after=2025-04-22 06:24:00+00:00
[2025-04-22T06:25:33.079+0000] {processor.py:208} INFO - Processing /home/airflow/.local/lib/python3.9/site-packages/airflow/example_dags/example_sla_dag.py took 0.080 seconds
[2025-04-22T06:26:03.809+0000] {processor.py:186} INFO - Started process (PID=747) to work on /home/airflow/.local/lib/python3.9/site-packages/airflow/example_dags/example_sla_dag.py
[2025-04-22T06:26:03.810+0000] {processor.py:914} INFO - Processing file /home/airflow/.local/lib/python3.9/site-packages/airflow/example_dags/example_sla_dag.py for tasks to queue
[2025-04-22T06:26:03.813+0000] {logging_mixin.py:190} INFO - [2025-04-22T06:26:03.812+0000] {dagbag.py:588} INFO - Filling up the DagBag from /home/airflow/.local/lib/python3.9/site-packages/airflow/example_dags/example_sla_dag.py
[2025-04-22T06:26:03.822+0000] {processor.py:925} INFO - DAG(s) 'example_sla_dag' retrieved from /home/airflow/.local/lib/python3.9/site-packages/airflow/example_dags/example_sla_dag.py
[2025-04-22T06:26:03.839+0000] {logging_mixin.py:190} INFO - [2025-04-22T06:26:03.839+0000] {dag.py:3239} INFO - Sync 1 DAGs
[2025-04-22T06:26:03.864+0000] {logging_mixin.py:190} INFO - [2025-04-22T06:26:03.864+0000] {dag.py:4180} INFO - Setting next_dagrun for example_sla_dag to 2025-04-22 06:24:00+00:00, run_after=2025-04-22 06:26:00+00:00
[2025-04-22T06:26:03.885+0000] {processor.py:208} INFO - Processing /home/airflow/.local/lib/python3.9/site-packages/airflow/example_dags/example_sla_dag.py took 0.082 seconds
[2025-04-22T06:26:34.419+0000] {processor.py:186} INFO - Started process (PID=805) to work on /home/airflow/.local/lib/python3.9/site-packages/airflow/example_dags/example_sla_dag.py
[2025-04-22T06:26:34.420+0000] {processor.py:914} INFO - Processing file /home/airflow/.local/lib/python3.9/site-packages/airflow/example_dags/example_sla_dag.py for tasks to queue
[2025-04-22T06:26:34.423+0000] {logging_mixin.py:190} INFO - [2025-04-22T06:26:34.423+0000] {dagbag.py:588} INFO - Filling up the DagBag from /home/airflow/.local/lib/python3.9/site-packages/airflow/example_dags/example_sla_dag.py
[2025-04-22T06:26:34.436+0000] {processor.py:925} INFO - DAG(s) 'example_sla_dag' retrieved from /home/airflow/.local/lib/python3.9/site-packages/airflow/example_dags/example_sla_dag.py
[2025-04-22T06:26:34.456+0000] {logging_mixin.py:190} INFO - [2025-04-22T06:26:34.455+0000] {dag.py:3239} INFO - Sync 1 DAGs
[2025-04-22T06:26:34.488+0000] {logging_mixin.py:190} INFO - [2025-04-22T06:26:34.487+0000] {dag.py:4180} INFO - Setting next_dagrun for example_sla_dag to 2025-04-22 06:24:00+00:00, run_after=2025-04-22 06:26:00+00:00
[2025-04-22T06:26:34.509+0000] {processor.py:208} INFO - Processing /home/airflow/.local/lib/python3.9/site-packages/airflow/example_dags/example_sla_dag.py took 0.097 seconds
[2025-04-22T06:27:04.979+0000] {processor.py:186} INFO - Started process (PID=863) to work on /home/airflow/.local/lib/python3.9/site-packages/airflow/example_dags/example_sla_dag.py
[2025-04-22T06:27:04.980+0000] {processor.py:914} INFO - Processing file /home/airflow/.local/lib/python3.9/site-packages/airflow/example_dags/example_sla_dag.py for tasks to queue
[2025-04-22T06:27:04.982+0000] {logging_mixin.py:190} INFO - [2025-04-22T06:27:04.982+0000] {dagbag.py:588} INFO - Filling up the DagBag from /home/airflow/.local/lib/python3.9/site-packages/airflow/example_dags/example_sla_dag.py
[2025-04-22T06:27:04.992+0000] {processor.py:925} INFO - DAG(s) 'example_sla_dag' retrieved from /home/airflow/.local/lib/python3.9/site-packages/airflow/example_dags/example_sla_dag.py
[2025-04-22T06:27:05.013+0000] {logging_mixin.py:190} INFO - [2025-04-22T06:27:05.013+0000] {dag.py:3239} INFO - Sync 1 DAGs
[2025-04-22T06:27:05.038+0000] {logging_mixin.py:190} INFO - [2025-04-22T06:27:05.038+0000] {dag.py:4180} INFO - Setting next_dagrun for example_sla_dag to 2025-04-22 06:24:00+00:00, run_after=2025-04-22 06:26:00+00:00
[2025-04-22T06:27:05.056+0000] {processor.py:208} INFO - Processing /home/airflow/.local/lib/python3.9/site-packages/airflow/example_dags/example_sla_dag.py took 0.083 seconds
[2025-04-22T06:27:35.340+0000] {processor.py:186} INFO - Started process (PID=921) to work on /home/airflow/.local/lib/python3.9/site-packages/airflow/example_dags/example_sla_dag.py
[2025-04-22T06:27:35.342+0000] {processor.py:914} INFO - Processing file /home/airflow/.local/lib/python3.9/site-packages/airflow/example_dags/example_sla_dag.py for tasks to queue
[2025-04-22T06:27:35.346+0000] {logging_mixin.py:190} INFO - [2025-04-22T06:27:35.346+0000] {dagbag.py:588} INFO - Filling up the DagBag from /home/airflow/.local/lib/python3.9/site-packages/airflow/example_dags/example_sla_dag.py
[2025-04-22T06:27:35.360+0000] {processor.py:925} INFO - DAG(s) 'example_sla_dag' retrieved from /home/airflow/.local/lib/python3.9/site-packages/airflow/example_dags/example_sla_dag.py
[2025-04-22T06:27:35.386+0000] {logging_mixin.py:190} INFO - [2025-04-22T06:27:35.385+0000] {dag.py:3239} INFO - Sync 1 DAGs
[2025-04-22T06:27:35.419+0000] {logging_mixin.py:190} INFO - [2025-04-22T06:27:35.419+0000] {dag.py:4180} INFO - Setting next_dagrun for example_sla_dag to 2025-04-22 06:24:00+00:00, run_after=2025-04-22 06:26:00+00:00
[2025-04-22T06:27:35.443+0000] {processor.py:208} INFO - Processing /home/airflow/.local/lib/python3.9/site-packages/airflow/example_dags/example_sla_dag.py took 0.110 seconds
[2025-04-22T06:28:06.053+0000] {processor.py:186} INFO - Started process (PID=979) to work on /home/airflow/.local/lib/python3.9/site-packages/airflow/example_dags/example_sla_dag.py
[2025-04-22T06:28:06.054+0000] {processor.py:914} INFO - Processing file /home/airflow/.local/lib/python3.9/site-packages/airflow/example_dags/example_sla_dag.py for tasks to queue
[2025-04-22T06:28:06.056+0000] {logging_mixin.py:190} INFO - [2025-04-22T06:28:06.056+0000] {dagbag.py:588} INFO - Filling up the DagBag from /home/airflow/.local/lib/python3.9/site-packages/airflow/example_dags/example_sla_dag.py
[2025-04-22T06:28:06.067+0000] {processor.py:925} INFO - DAG(s) 'example_sla_dag' retrieved from /home/airflow/.local/lib/python3.9/site-packages/airflow/example_dags/example_sla_dag.py
[2025-04-22T06:28:06.085+0000] {logging_mixin.py:190} INFO - [2025-04-22T06:28:06.085+0000] {dag.py:3239} INFO - Sync 1 DAGs
[2025-04-22T06:28:06.110+0000] {logging_mixin.py:190} INFO - [2025-04-22T06:28:06.110+0000] {dag.py:4180} INFO - Setting next_dagrun for example_sla_dag to 2025-04-22 06:26:00+00:00, run_after=2025-04-22 06:28:00+00:00
[2025-04-22T06:28:06.128+0000] {processor.py:208} INFO - Processing /home/airflow/.local/lib/python3.9/site-packages/airflow/example_dags/example_sla_dag.py took 0.082 seconds
[2025-04-22T06:28:36.903+0000] {processor.py:186} INFO - Started process (PID=1037) to work on /home/airflow/.local/lib/python3.9/site-packages/airflow/example_dags/example_sla_dag.py
[2025-04-22T06:28:36.904+0000] {processor.py:914} INFO - Processing file /home/airflow/.local/lib/python3.9/site-packages/airflow/example_dags/example_sla_dag.py for tasks to queue
[2025-04-22T06:28:36.906+0000] {logging_mixin.py:190} INFO - [2025-04-22T06:28:36.906+0000] {dagbag.py:588} INFO - Filling up the DagBag from /home/airflow/.local/lib/python3.9/site-packages/airflow/example_dags/example_sla_dag.py
[2025-04-22T06:28:36.916+0000] {processor.py:925} INFO - DAG(s) 'example_sla_dag' retrieved from /home/airflow/.local/lib/python3.9/site-packages/airflow/example_dags/example_sla_dag.py
[2025-04-22T06:28:36.933+0000] {logging_mixin.py:190} INFO - [2025-04-22T06:28:36.933+0000] {dag.py:3239} INFO - Sync 1 DAGs
[2025-04-22T06:28:36.958+0000] {logging_mixin.py:190} INFO - [2025-04-22T06:28:36.958+0000] {dag.py:4180} INFO - Setting next_dagrun for example_sla_dag to 2025-04-22 06:26:00+00:00, run_after=2025-04-22 06:28:00+00:00
[2025-04-22T06:28:36.978+0000] {processor.py:208} INFO - Processing /home/airflow/.local/lib/python3.9/site-packages/airflow/example_dags/example_sla_dag.py took 0.081 seconds
[2025-04-22T06:29:07.255+0000] {processor.py:186} INFO - Started process (PID=1095) to work on /home/airflow/.local/lib/python3.9/site-packages/airflow/example_dags/example_sla_dag.py
[2025-04-22T06:29:07.256+0000] {processor.py:914} INFO - Processing file /home/airflow/.local/lib/python3.9/site-packages/airflow/example_dags/example_sla_dag.py for tasks to queue
[2025-04-22T06:29:07.258+0000] {logging_mixin.py:190} INFO - [2025-04-22T06:29:07.257+0000] {dagbag.py:588} INFO - Filling up the DagBag from /home/airflow/.local/lib/python3.9/site-packages/airflow/example_dags/example_sla_dag.py
[2025-04-22T06:29:07.267+0000] {processor.py:925} INFO - DAG(s) 'example_sla_dag' retrieved from /home/airflow/.local/lib/python3.9/site-packages/airflow/example_dags/example_sla_dag.py
[2025-04-22T06:29:07.285+0000] {logging_mixin.py:190} INFO - [2025-04-22T06:29:07.285+0000] {dag.py:3239} INFO - Sync 1 DAGs
[2025-04-22T06:29:07.311+0000] {logging_mixin.py:190} INFO - [2025-04-22T06:29:07.310+0000] {dag.py:4180} INFO - Setting next_dagrun for example_sla_dag to 2025-04-22 06:26:00+00:00, run_after=2025-04-22 06:28:00+00:00
[2025-04-22T06:29:07.330+0000] {processor.py:208} INFO - Processing /home/airflow/.local/lib/python3.9/site-packages/airflow/example_dags/example_sla_dag.py took 0.081 seconds
[2025-04-22T06:29:38.049+0000] {processor.py:186} INFO - Started process (PID=1153) to work on /home/airflow/.local/lib/python3.9/site-packages/airflow/example_dags/example_sla_dag.py
[2025-04-22T06:29:38.050+0000] {processor.py:914} INFO - Processing file /home/airflow/.local/lib/python3.9/site-packages/airflow/example_dags/example_sla_dag.py for tasks to queue
[2025-04-22T06:29:38.052+0000] {logging_mixin.py:190} INFO - [2025-04-22T06:29:38.052+0000] {dagbag.py:588} INFO - Filling up the DagBag from /home/airflow/.local/lib/python3.9/site-packages/airflow/example_dags/example_sla_dag.py
[2025-04-22T06:29:38.061+0000] {processor.py:925} INFO - DAG(s) 'example_sla_dag' retrieved from /home/airflow/.local/lib/python3.9/site-packages/airflow/example_dags/example_sla_dag.py
[2025-04-22T06:29:38.078+0000] {logging_mixin.py:190} INFO - [2025-04-22T06:29:38.078+0000] {dag.py:3239} INFO - Sync 1 DAGs
[2025-04-22T06:29:38.103+0000] {logging_mixin.py:190} INFO - [2025-04-22T06:29:38.103+0000] {dag.py:4180} INFO - Setting next_dagrun for example_sla_dag to 2025-04-22 06:26:00+00:00, run_after=2025-04-22 06:28:00+00:00
[2025-04-22T06:29:38.122+0000] {processor.py:208} INFO - Processing /home/airflow/.local/lib/python3.9/site-packages/airflow/example_dags/example_sla_dag.py took 0.079 seconds
[2025-04-22T06:30:08.615+0000] {processor.py:186} INFO - Started process (PID=1211) to work on /home/airflow/.local/lib/python3.9/site-packages/airflow/example_dags/example_sla_dag.py
[2025-04-22T06:30:08.615+0000] {processor.py:914} INFO - Processing file /home/airflow/.local/lib/python3.9/site-packages/airflow/example_dags/example_sla_dag.py for tasks to queue
[2025-04-22T06:30:08.618+0000] {logging_mixin.py:190} INFO - [2025-04-22T06:30:08.617+0000] {dagbag.py:588} INFO - Filling up the DagBag from /home/airflow/.local/lib/python3.9/site-packages/airflow/example_dags/example_sla_dag.py
[2025-04-22T06:30:08.628+0000] {processor.py:925} INFO - DAG(s) 'example_sla_dag' retrieved from /home/airflow/.local/lib/python3.9/site-packages/airflow/example_dags/example_sla_dag.py
[2025-04-22T06:30:08.647+0000] {logging_mixin.py:190} INFO - [2025-04-22T06:30:08.647+0000] {dag.py:3239} INFO - Sync 1 DAGs
[2025-04-22T06:30:08.674+0000] {logging_mixin.py:190} INFO - [2025-04-22T06:30:08.673+0000] {dag.py:4180} INFO - Setting next_dagrun for example_sla_dag to 2025-04-22 06:28:00+00:00, run_after=2025-04-22 06:30:00+00:00
[2025-04-22T06:30:08.692+0000] {processor.py:208} INFO - Processing /home/airflow/.local/lib/python3.9/site-packages/airflow/example_dags/example_sla_dag.py took 0.083 seconds
[2025-04-22T06:30:38.815+0000] {processor.py:186} INFO - Started process (PID=1269) to work on /home/airflow/.local/lib/python3.9/site-packages/airflow/example_dags/example_sla_dag.py
[2025-04-22T06:30:38.816+0000] {processor.py:914} INFO - Processing file /home/airflow/.local/lib/python3.9/site-packages/airflow/example_dags/example_sla_dag.py for tasks to queue
[2025-04-22T06:30:38.819+0000] {logging_mixin.py:190} INFO - [2025-04-22T06:30:38.819+0000] {dagbag.py:588} INFO - Filling up the DagBag from /home/airflow/.local/lib/python3.9/site-packages/airflow/example_dags/example_sla_dag.py
[2025-04-22T06:30:38.839+0000] {processor.py:925} INFO - DAG(s) 'example_sla_dag' retrieved from /home/airflow/.local/lib/python3.9/site-packages/airflow/example_dags/example_sla_dag.py
[2025-04-22T06:30:38.862+0000] {logging_mixin.py:190} INFO - [2025-04-22T06:30:38.861+0000] {dag.py:3239} INFO - Sync 1 DAGs
[2025-04-22T06:30:38.892+0000] {logging_mixin.py:190} INFO - [2025-04-22T06:30:38.891+0000] {dag.py:4180} INFO - Setting next_dagrun for example_sla_dag to 2025-04-22 06:28:00+00:00, run_after=2025-04-22 06:30:00+00:00
[2025-04-22T06:30:38.909+0000] {processor.py:208} INFO - Processing /home/airflow/.local/lib/python3.9/site-packages/airflow/example_dags/example_sla_dag.py took 0.101 seconds
[2025-04-22T06:31:09.317+0000] {processor.py:186} INFO - Started process (PID=1327) to work on /home/airflow/.local/lib/python3.9/site-packages/airflow/example_dags/example_sla_dag.py
[2025-04-22T06:31:09.318+0000] {processor.py:914} INFO - Processing file /home/airflow/.local/lib/python3.9/site-packages/airflow/example_dags/example_sla_dag.py for tasks to queue
[2025-04-22T06:31:09.320+0000] {logging_mixin.py:190} INFO - [2025-04-22T06:31:09.320+0000] {dagbag.py:588} INFO - Filling up the DagBag from /home/airflow/.local/lib/python3.9/site-packages/airflow/example_dags/example_sla_dag.py
[2025-04-22T06:31:09.329+0000] {processor.py:925} INFO - DAG(s) 'example_sla_dag' retrieved from /home/airflow/.local/lib/python3.9/site-packages/airflow/example_dags/example_sla_dag.py
[2025-04-22T06:31:09.348+0000] {logging_mixin.py:190} INFO - [2025-04-22T06:31:09.347+0000] {dag.py:3239} INFO - Sync 1 DAGs
[2025-04-22T06:31:09.374+0000] {logging_mixin.py:190} INFO - [2025-04-22T06:31:09.373+0000] {dag.py:4180} INFO - Setting next_dagrun for example_sla_dag to 2025-04-22 06:28:00+00:00, run_after=2025-04-22 06:30:00+00:00
[2025-04-22T06:31:09.392+0000] {processor.py:208} INFO - Processing /home/airflow/.local/lib/python3.9/site-packages/airflow/example_dags/example_sla_dag.py took 0.081 seconds
[2025-04-22T06:31:39.576+0000] {processor.py:186} INFO - Started process (PID=1385) to work on /home/airflow/.local/lib/python3.9/site-packages/airflow/example_dags/example_sla_dag.py
[2025-04-22T06:31:39.577+0000] {processor.py:914} INFO - Processing file /home/airflow/.local/lib/python3.9/site-packages/airflow/example_dags/example_sla_dag.py for tasks to queue
[2025-04-22T06:31:39.580+0000] {logging_mixin.py:190} INFO - [2025-04-22T06:31:39.579+0000] {dagbag.py:588} INFO - Filling up the DagBag from /home/airflow/.local/lib/python3.9/site-packages/airflow/example_dags/example_sla_dag.py
[2025-04-22T06:31:39.590+0000] {processor.py:925} INFO - DAG(s) 'example_sla_dag' retrieved from /home/airflow/.local/lib/python3.9/site-packages/airflow/example_dags/example_sla_dag.py
[2025-04-22T06:31:39.609+0000] {logging_mixin.py:190} INFO - [2025-04-22T06:31:39.608+0000] {dag.py:3239} INFO - Sync 1 DAGs
[2025-04-22T06:31:39.633+0000] {logging_mixin.py:190} INFO - [2025-04-22T06:31:39.633+0000] {dag.py:4180} INFO - Setting next_dagrun for example_sla_dag to 2025-04-22 06:28:00+00:00, run_after=2025-04-22 06:30:00+00:00
[2025-04-22T06:31:39.653+0000] {processor.py:208} INFO - Processing /home/airflow/.local/lib/python3.9/site-packages/airflow/example_dags/example_sla_dag.py took 0.084 seconds
[2025-04-22T06:32:10.332+0000] {processor.py:186} INFO - Started process (PID=1443) to work on /home/airflow/.local/lib/python3.9/site-packages/airflow/example_dags/example_sla_dag.py
[2025-04-22T06:32:10.333+0000] {processor.py:914} INFO - Processing file /home/airflow/.local/lib/python3.9/site-packages/airflow/example_dags/example_sla_dag.py for tasks to queue
[2025-04-22T06:32:10.335+0000] {logging_mixin.py:190} INFO - [2025-04-22T06:32:10.335+0000] {dagbag.py:588} INFO - Filling up the DagBag from /home/airflow/.local/lib/python3.9/site-packages/airflow/example_dags/example_sla_dag.py
[2025-04-22T06:32:10.345+0000] {processor.py:925} INFO - DAG(s) 'example_sla_dag' retrieved from /home/airflow/.local/lib/python3.9/site-packages/airflow/example_dags/example_sla_dag.py
[2025-04-22T06:32:10.361+0000] {logging_mixin.py:190} INFO - [2025-04-22T06:32:10.361+0000] {dag.py:3239} INFO - Sync 1 DAGs
[2025-04-22T06:32:10.386+0000] {logging_mixin.py:190} INFO - [2025-04-22T06:32:10.385+0000] {dag.py:4180} INFO - Setting next_dagrun for example_sla_dag to 2025-04-22 06:30:00+00:00, run_after=2025-04-22 06:32:00+00:00
[2025-04-22T06:32:10.405+0000] {processor.py:208} INFO - Processing /home/airflow/.local/lib/python3.9/site-packages/airflow/example_dags/example_sla_dag.py took 0.079 seconds
