[2025-04-22T06:19:55.021+0000] {processor.py:186} INFO - Started process (PID=37) to work on /home/airflow/.local/lib/python3.9/site-packages/airflow/example_dags/example_xcom.py
[2025-04-22T06:19:55.023+0000] {processor.py:914} INFO - Processing file /home/airflow/.local/lib/python3.9/site-packages/airflow/example_dags/example_xcom.py for tasks to queue
[2025-04-22T06:19:55.028+0000] {logging_mixin.py:190} INFO - [2025-04-22T06:19:55.027+0000] {dagbag.py:588} INFO - Filling up the DagBag from /home/airflow/.local/lib/python3.9/site-packages/airflow/example_dags/example_xcom.py
[2025-04-22T06:19:55.048+0000] {processor.py:925} INFO - DAG(s) 'example_xcom' retrieved from /home/airflow/.local/lib/python3.9/site-packages/airflow/example_dags/example_xcom.py
[2025-04-22T06:19:55.084+0000] {logging_mixin.py:190} INFO - [2025-04-22T06:19:55.084+0000] {dag.py:3239} INFO - Sync 1 DAGs
[2025-04-22T06:19:55.116+0000] {logging_mixin.py:190} INFO - [2025-04-22T06:19:55.116+0000] {dag.py:4180} INFO - Setting next_dagrun for example_xcom to 2021-01-01 00:00:00+00:00, run_after=2021-01-01 00:00:00+00:00
[2025-04-22T06:19:55.148+0000] {processor.py:208} INFO - Processing /home/airflow/.local/lib/python3.9/site-packages/airflow/example_dags/example_xcom.py took 0.146 seconds
[2025-04-22T06:20:25.231+0000] {processor.py:186} INFO - Started process (PID=94) to work on /home/airflow/.local/lib/python3.9/site-packages/airflow/example_dags/example_xcom.py
[2025-04-22T06:20:25.233+0000] {processor.py:914} INFO - Processing file /home/airflow/.local/lib/python3.9/site-packages/airflow/example_dags/example_xcom.py for tasks to queue
[2025-04-22T06:20:25.239+0000] {logging_mixin.py:190} INFO - [2025-04-22T06:20:25.239+0000] {dagbag.py:588} INFO - Filling up the DagBag from /home/airflow/.local/lib/python3.9/site-packages/airflow/example_dags/example_xcom.py
[2025-04-22T06:20:25.258+0000] {processor.py:925} INFO - DAG(s) 'example_xcom' retrieved from /home/airflow/.local/lib/python3.9/site-packages/airflow/example_dags/example_xcom.py
[2025-04-22T06:20:25.299+0000] {logging_mixin.py:190} INFO - [2025-04-22T06:20:25.298+0000] {dag.py:3239} INFO - Sync 1 DAGs
[2025-04-22T06:20:25.340+0000] {logging_mixin.py:190} INFO - [2025-04-22T06:20:25.339+0000] {dag.py:4180} INFO - Setting next_dagrun for example_xcom to 2021-01-01 00:00:00+00:00, run_after=2021-01-01 00:00:00+00:00
[2025-04-22T06:20:25.373+0000] {processor.py:208} INFO - Processing /home/airflow/.local/lib/python3.9/site-packages/airflow/example_dags/example_xcom.py took 0.155 seconds
[2025-04-22T06:20:55.827+0000] {processor.py:186} INFO - Started process (PID=153) to work on /home/airflow/.local/lib/python3.9/site-packages/airflow/example_dags/example_xcom.py
[2025-04-22T06:20:55.828+0000] {processor.py:914} INFO - Processing file /home/airflow/.local/lib/python3.9/site-packages/airflow/example_dags/example_xcom.py for tasks to queue
[2025-04-22T06:20:55.830+0000] {logging_mixin.py:190} INFO - [2025-04-22T06:20:55.830+0000] {dagbag.py:588} INFO - Filling up the DagBag from /home/airflow/.local/lib/python3.9/site-packages/airflow/example_dags/example_xcom.py
[2025-04-22T06:20:55.839+0000] {processor.py:925} INFO - DAG(s) 'example_xcom' retrieved from /home/airflow/.local/lib/python3.9/site-packages/airflow/example_dags/example_xcom.py
[2025-04-22T06:20:55.857+0000] {logging_mixin.py:190} INFO - [2025-04-22T06:20:55.857+0000] {dag.py:3239} INFO - Sync 1 DAGs
[2025-04-22T06:20:55.879+0000] {logging_mixin.py:190} INFO - [2025-04-22T06:20:55.878+0000] {dag.py:4180} INFO - Setting next_dagrun for example_xcom to 2021-01-01 00:00:00+00:00, run_after=2021-01-01 00:00:00+00:00
[2025-04-22T06:20:55.896+0000] {processor.py:208} INFO - Processing /home/airflow/.local/lib/python3.9/site-packages/airflow/example_dags/example_xcom.py took 0.075 seconds
[2025-04-22T06:21:26.748+0000] {processor.py:186} INFO - Started process (PID=211) to work on /home/airflow/.local/lib/python3.9/site-packages/airflow/example_dags/example_xcom.py
[2025-04-22T06:21:26.749+0000] {processor.py:914} INFO - Processing file /home/airflow/.local/lib/python3.9/site-packages/airflow/example_dags/example_xcom.py for tasks to queue
[2025-04-22T06:21:26.751+0000] {logging_mixin.py:190} INFO - [2025-04-22T06:21:26.751+0000] {dagbag.py:588} INFO - Filling up the DagBag from /home/airflow/.local/lib/python3.9/site-packages/airflow/example_dags/example_xcom.py
[2025-04-22T06:21:26.764+0000] {processor.py:925} INFO - DAG(s) 'example_xcom' retrieved from /home/airflow/.local/lib/python3.9/site-packages/airflow/example_dags/example_xcom.py
[2025-04-22T06:21:26.788+0000] {logging_mixin.py:190} INFO - [2025-04-22T06:21:26.788+0000] {dag.py:3239} INFO - Sync 1 DAGs
[2025-04-22T06:21:26.820+0000] {logging_mixin.py:190} INFO - [2025-04-22T06:21:26.820+0000] {dag.py:4180} INFO - Setting next_dagrun for example_xcom to 2021-01-01 00:00:00+00:00, run_after=2021-01-01 00:00:00+00:00
[2025-04-22T06:21:26.846+0000] {processor.py:208} INFO - Processing /home/airflow/.local/lib/python3.9/site-packages/airflow/example_dags/example_xcom.py took 0.107 seconds
[2025-04-22T06:21:57.008+0000] {processor.py:186} INFO - Started process (PID=269) to work on /home/airflow/.local/lib/python3.9/site-packages/airflow/example_dags/example_xcom.py
[2025-04-22T06:21:57.009+0000] {processor.py:914} INFO - Processing file /home/airflow/.local/lib/python3.9/site-packages/airflow/example_dags/example_xcom.py for tasks to queue
[2025-04-22T06:21:57.012+0000] {logging_mixin.py:190} INFO - [2025-04-22T06:21:57.012+0000] {dagbag.py:588} INFO - Filling up the DagBag from /home/airflow/.local/lib/python3.9/site-packages/airflow/example_dags/example_xcom.py
[2025-04-22T06:21:57.038+0000] {processor.py:925} INFO - DAG(s) 'example_xcom' retrieved from /home/airflow/.local/lib/python3.9/site-packages/airflow/example_dags/example_xcom.py
[2025-04-22T06:21:57.078+0000] {logging_mixin.py:190} INFO - [2025-04-22T06:21:57.077+0000] {dag.py:3239} INFO - Sync 1 DAGs
[2025-04-22T06:21:57.104+0000] {logging_mixin.py:190} INFO - [2025-04-22T06:21:57.103+0000] {dag.py:4180} INFO - Setting next_dagrun for example_xcom to 2021-01-01 00:00:00+00:00, run_after=2021-01-01 00:00:00+00:00
[2025-04-22T06:21:57.124+0000] {processor.py:208} INFO - Processing /home/airflow/.local/lib/python3.9/site-packages/airflow/example_dags/example_xcom.py took 0.126 seconds
[2025-04-22T06:22:27.721+0000] {processor.py:186} INFO - Started process (PID=327) to work on /home/airflow/.local/lib/python3.9/site-packages/airflow/example_dags/example_xcom.py
[2025-04-22T06:22:27.723+0000] {processor.py:914} INFO - Processing file /home/airflow/.local/lib/python3.9/site-packages/airflow/example_dags/example_xcom.py for tasks to queue
[2025-04-22T06:22:27.726+0000] {logging_mixin.py:190} INFO - [2025-04-22T06:22:27.726+0000] {dagbag.py:588} INFO - Filling up the DagBag from /home/airflow/.local/lib/python3.9/site-packages/airflow/example_dags/example_xcom.py
[2025-04-22T06:22:27.742+0000] {processor.py:925} INFO - DAG(s) 'example_xcom' retrieved from /home/airflow/.local/lib/python3.9/site-packages/airflow/example_dags/example_xcom.py
[2025-04-22T06:22:27.765+0000] {logging_mixin.py:190} INFO - [2025-04-22T06:22:27.765+0000] {dag.py:3239} INFO - Sync 1 DAGs
[2025-04-22T06:22:27.794+0000] {logging_mixin.py:190} INFO - [2025-04-22T06:22:27.793+0000] {dag.py:4180} INFO - Setting next_dagrun for example_xcom to 2021-01-01 00:00:00+00:00, run_after=2021-01-01 00:00:00+00:00
[2025-04-22T06:22:27.824+0000] {processor.py:208} INFO - Processing /home/airflow/.local/lib/python3.9/site-packages/airflow/example_dags/example_xcom.py took 0.111 seconds
[2025-04-22T06:22:58.045+0000] {processor.py:186} INFO - Started process (PID=385) to work on /home/airflow/.local/lib/python3.9/site-packages/airflow/example_dags/example_xcom.py
[2025-04-22T06:22:58.047+0000] {processor.py:914} INFO - Processing file /home/airflow/.local/lib/python3.9/site-packages/airflow/example_dags/example_xcom.py for tasks to queue
[2025-04-22T06:22:58.050+0000] {logging_mixin.py:190} INFO - [2025-04-22T06:22:58.049+0000] {dagbag.py:588} INFO - Filling up the DagBag from /home/airflow/.local/lib/python3.9/site-packages/airflow/example_dags/example_xcom.py
[2025-04-22T06:22:58.061+0000] {processor.py:925} INFO - DAG(s) 'example_xcom' retrieved from /home/airflow/.local/lib/python3.9/site-packages/airflow/example_dags/example_xcom.py
[2025-04-22T06:22:58.085+0000] {logging_mixin.py:190} INFO - [2025-04-22T06:22:58.085+0000] {dag.py:3239} INFO - Sync 1 DAGs
[2025-04-22T06:22:58.112+0000] {logging_mixin.py:190} INFO - [2025-04-22T06:22:58.112+0000] {dag.py:4180} INFO - Setting next_dagrun for example_xcom to 2021-01-01 00:00:00+00:00, run_after=2021-01-01 00:00:00+00:00
[2025-04-22T06:22:58.132+0000] {processor.py:208} INFO - Processing /home/airflow/.local/lib/python3.9/site-packages/airflow/example_dags/example_xcom.py took 0.097 seconds
[2025-04-22T06:23:28.192+0000] {processor.py:186} INFO - Started process (PID=443) to work on /home/airflow/.local/lib/python3.9/site-packages/airflow/example_dags/example_xcom.py
[2025-04-22T06:23:28.193+0000] {processor.py:914} INFO - Processing file /home/airflow/.local/lib/python3.9/site-packages/airflow/example_dags/example_xcom.py for tasks to queue
[2025-04-22T06:23:28.195+0000] {logging_mixin.py:190} INFO - [2025-04-22T06:23:28.194+0000] {dagbag.py:588} INFO - Filling up the DagBag from /home/airflow/.local/lib/python3.9/site-packages/airflow/example_dags/example_xcom.py
[2025-04-22T06:23:28.203+0000] {processor.py:925} INFO - DAG(s) 'example_xcom' retrieved from /home/airflow/.local/lib/python3.9/site-packages/airflow/example_dags/example_xcom.py
[2025-04-22T06:23:28.221+0000] {logging_mixin.py:190} INFO - [2025-04-22T06:23:28.221+0000] {dag.py:3239} INFO - Sync 1 DAGs
[2025-04-22T06:23:28.243+0000] {logging_mixin.py:190} INFO - [2025-04-22T06:23:28.242+0000] {dag.py:4180} INFO - Setting next_dagrun for example_xcom to 2021-01-01 00:00:00+00:00, run_after=2021-01-01 00:00:00+00:00
[2025-04-22T06:23:28.263+0000] {processor.py:208} INFO - Processing /home/airflow/.local/lib/python3.9/site-packages/airflow/example_dags/example_xcom.py took 0.078 seconds
[2025-04-22T06:23:58.332+0000] {processor.py:186} INFO - Started process (PID=501) to work on /home/airflow/.local/lib/python3.9/site-packages/airflow/example_dags/example_xcom.py
[2025-04-22T06:23:58.333+0000] {processor.py:914} INFO - Processing file /home/airflow/.local/lib/python3.9/site-packages/airflow/example_dags/example_xcom.py for tasks to queue
[2025-04-22T06:23:58.335+0000] {logging_mixin.py:190} INFO - [2025-04-22T06:23:58.335+0000] {dagbag.py:588} INFO - Filling up the DagBag from /home/airflow/.local/lib/python3.9/site-packages/airflow/example_dags/example_xcom.py
[2025-04-22T06:23:58.344+0000] {processor.py:925} INFO - DAG(s) 'example_xcom' retrieved from /home/airflow/.local/lib/python3.9/site-packages/airflow/example_dags/example_xcom.py
[2025-04-22T06:23:58.363+0000] {logging_mixin.py:190} INFO - [2025-04-22T06:23:58.363+0000] {dag.py:3239} INFO - Sync 1 DAGs
[2025-04-22T06:23:58.384+0000] {logging_mixin.py:190} INFO - [2025-04-22T06:23:58.384+0000] {dag.py:4180} INFO - Setting next_dagrun for example_xcom to 2021-01-01 00:00:00+00:00, run_after=2021-01-01 00:00:00+00:00
[2025-04-22T06:23:58.402+0000] {processor.py:208} INFO - Processing /home/airflow/.local/lib/python3.9/site-packages/airflow/example_dags/example_xcom.py took 0.075 seconds
[2025-04-22T06:24:29.459+0000] {processor.py:186} INFO - Started process (PID=559) to work on /home/airflow/.local/lib/python3.9/site-packages/airflow/example_dags/example_xcom.py
[2025-04-22T06:24:29.460+0000] {processor.py:914} INFO - Processing file /home/airflow/.local/lib/python3.9/site-packages/airflow/example_dags/example_xcom.py for tasks to queue
[2025-04-22T06:24:29.462+0000] {logging_mixin.py:190} INFO - [2025-04-22T06:24:29.462+0000] {dagbag.py:588} INFO - Filling up the DagBag from /home/airflow/.local/lib/python3.9/site-packages/airflow/example_dags/example_xcom.py
[2025-04-22T06:24:29.473+0000] {processor.py:925} INFO - DAG(s) 'example_xcom' retrieved from /home/airflow/.local/lib/python3.9/site-packages/airflow/example_dags/example_xcom.py
[2025-04-22T06:24:29.497+0000] {logging_mixin.py:190} INFO - [2025-04-22T06:24:29.497+0000] {dag.py:3239} INFO - Sync 1 DAGs
[2025-04-22T06:24:29.522+0000] {logging_mixin.py:190} INFO - [2025-04-22T06:24:29.521+0000] {dag.py:4180} INFO - Setting next_dagrun for example_xcom to 2021-01-01 00:00:00+00:00, run_after=2021-01-01 00:00:00+00:00
[2025-04-22T06:24:29.542+0000] {processor.py:208} INFO - Processing /home/airflow/.local/lib/python3.9/site-packages/airflow/example_dags/example_xcom.py took 0.089 seconds
[2025-04-22T06:25:00.113+0000] {processor.py:186} INFO - Started process (PID=617) to work on /home/airflow/.local/lib/python3.9/site-packages/airflow/example_dags/example_xcom.py
[2025-04-22T06:25:00.114+0000] {processor.py:914} INFO - Processing file /home/airflow/.local/lib/python3.9/site-packages/airflow/example_dags/example_xcom.py for tasks to queue
[2025-04-22T06:25:00.117+0000] {logging_mixin.py:190} INFO - [2025-04-22T06:25:00.116+0000] {dagbag.py:588} INFO - Filling up the DagBag from /home/airflow/.local/lib/python3.9/site-packages/airflow/example_dags/example_xcom.py
[2025-04-22T06:25:00.127+0000] {processor.py:925} INFO - DAG(s) 'example_xcom' retrieved from /home/airflow/.local/lib/python3.9/site-packages/airflow/example_dags/example_xcom.py
[2025-04-22T06:25:00.152+0000] {logging_mixin.py:190} INFO - [2025-04-22T06:25:00.152+0000] {dag.py:3239} INFO - Sync 1 DAGs
[2025-04-22T06:25:00.184+0000] {logging_mixin.py:190} INFO - [2025-04-22T06:25:00.184+0000] {dag.py:4180} INFO - Setting next_dagrun for example_xcom to 2021-01-01 00:00:00+00:00, run_after=2021-01-01 00:00:00+00:00
[2025-04-22T06:25:00.203+0000] {processor.py:208} INFO - Processing /home/airflow/.local/lib/python3.9/site-packages/airflow/example_dags/example_xcom.py took 0.096 seconds
[2025-04-22T06:25:30.233+0000] {processor.py:186} INFO - Started process (PID=675) to work on /home/airflow/.local/lib/python3.9/site-packages/airflow/example_dags/example_xcom.py
[2025-04-22T06:25:30.234+0000] {processor.py:914} INFO - Processing file /home/airflow/.local/lib/python3.9/site-packages/airflow/example_dags/example_xcom.py for tasks to queue
[2025-04-22T06:25:30.237+0000] {logging_mixin.py:190} INFO - [2025-04-22T06:25:30.236+0000] {dagbag.py:588} INFO - Filling up the DagBag from /home/airflow/.local/lib/python3.9/site-packages/airflow/example_dags/example_xcom.py
[2025-04-22T06:25:30.246+0000] {processor.py:925} INFO - DAG(s) 'example_xcom' retrieved from /home/airflow/.local/lib/python3.9/site-packages/airflow/example_dags/example_xcom.py
[2025-04-22T06:25:30.263+0000] {logging_mixin.py:190} INFO - [2025-04-22T06:25:30.263+0000] {dag.py:3239} INFO - Sync 1 DAGs
[2025-04-22T06:25:30.285+0000] {logging_mixin.py:190} INFO - [2025-04-22T06:25:30.284+0000] {dag.py:4180} INFO - Setting next_dagrun for example_xcom to 2021-01-01 00:00:00+00:00, run_after=2021-01-01 00:00:00+00:00
[2025-04-22T06:25:30.302+0000] {processor.py:208} INFO - Processing /home/airflow/.local/lib/python3.9/site-packages/airflow/example_dags/example_xcom.py took 0.075 seconds
[2025-04-22T06:26:01.046+0000] {processor.py:186} INFO - Started process (PID=733) to work on /home/airflow/.local/lib/python3.9/site-packages/airflow/example_dags/example_xcom.py
[2025-04-22T06:26:01.047+0000] {processor.py:914} INFO - Processing file /home/airflow/.local/lib/python3.9/site-packages/airflow/example_dags/example_xcom.py for tasks to queue
[2025-04-22T06:26:01.049+0000] {logging_mixin.py:190} INFO - [2025-04-22T06:26:01.049+0000] {dagbag.py:588} INFO - Filling up the DagBag from /home/airflow/.local/lib/python3.9/site-packages/airflow/example_dags/example_xcom.py
[2025-04-22T06:26:01.058+0000] {processor.py:925} INFO - DAG(s) 'example_xcom' retrieved from /home/airflow/.local/lib/python3.9/site-packages/airflow/example_dags/example_xcom.py
[2025-04-22T06:26:01.076+0000] {logging_mixin.py:190} INFO - [2025-04-22T06:26:01.076+0000] {dag.py:3239} INFO - Sync 1 DAGs
[2025-04-22T06:26:01.097+0000] {logging_mixin.py:190} INFO - [2025-04-22T06:26:01.097+0000] {dag.py:4180} INFO - Setting next_dagrun for example_xcom to 2021-01-01 00:00:00+00:00, run_after=2021-01-01 00:00:00+00:00
[2025-04-22T06:26:01.128+0000] {processor.py:208} INFO - Processing /home/airflow/.local/lib/python3.9/site-packages/airflow/example_dags/example_xcom.py took 0.088 seconds
[2025-04-22T06:26:31.729+0000] {processor.py:186} INFO - Started process (PID=791) to work on /home/airflow/.local/lib/python3.9/site-packages/airflow/example_dags/example_xcom.py
[2025-04-22T06:26:31.730+0000] {processor.py:914} INFO - Processing file /home/airflow/.local/lib/python3.9/site-packages/airflow/example_dags/example_xcom.py for tasks to queue
[2025-04-22T06:26:31.732+0000] {logging_mixin.py:190} INFO - [2025-04-22T06:26:31.732+0000] {dagbag.py:588} INFO - Filling up the DagBag from /home/airflow/.local/lib/python3.9/site-packages/airflow/example_dags/example_xcom.py
[2025-04-22T06:26:31.741+0000] {processor.py:925} INFO - DAG(s) 'example_xcom' retrieved from /home/airflow/.local/lib/python3.9/site-packages/airflow/example_dags/example_xcom.py
[2025-04-22T06:26:31.760+0000] {logging_mixin.py:190} INFO - [2025-04-22T06:26:31.760+0000] {dag.py:3239} INFO - Sync 1 DAGs
[2025-04-22T06:26:31.782+0000] {logging_mixin.py:190} INFO - [2025-04-22T06:26:31.782+0000] {dag.py:4180} INFO - Setting next_dagrun for example_xcom to 2021-01-01 00:00:00+00:00, run_after=2021-01-01 00:00:00+00:00
[2025-04-22T06:26:31.825+0000] {processor.py:208} INFO - Processing /home/airflow/.local/lib/python3.9/site-packages/airflow/example_dags/example_xcom.py took 0.103 seconds
[2025-04-22T06:27:02.322+0000] {processor.py:186} INFO - Started process (PID=849) to work on /home/airflow/.local/lib/python3.9/site-packages/airflow/example_dags/example_xcom.py
[2025-04-22T06:27:02.323+0000] {processor.py:914} INFO - Processing file /home/airflow/.local/lib/python3.9/site-packages/airflow/example_dags/example_xcom.py for tasks to queue
[2025-04-22T06:27:02.325+0000] {logging_mixin.py:190} INFO - [2025-04-22T06:27:02.325+0000] {dagbag.py:588} INFO - Filling up the DagBag from /home/airflow/.local/lib/python3.9/site-packages/airflow/example_dags/example_xcom.py
[2025-04-22T06:27:02.334+0000] {processor.py:925} INFO - DAG(s) 'example_xcom' retrieved from /home/airflow/.local/lib/python3.9/site-packages/airflow/example_dags/example_xcom.py
[2025-04-22T06:27:02.352+0000] {logging_mixin.py:190} INFO - [2025-04-22T06:27:02.352+0000] {dag.py:3239} INFO - Sync 1 DAGs
[2025-04-22T06:27:02.373+0000] {logging_mixin.py:190} INFO - [2025-04-22T06:27:02.372+0000] {dag.py:4180} INFO - Setting next_dagrun for example_xcom to 2021-01-01 00:00:00+00:00, run_after=2021-01-01 00:00:00+00:00
[2025-04-22T06:27:02.389+0000] {processor.py:208} INFO - Processing /home/airflow/.local/lib/python3.9/site-packages/airflow/example_dags/example_xcom.py took 0.073 seconds
[2025-04-22T06:27:32.661+0000] {processor.py:186} INFO - Started process (PID=907) to work on /home/airflow/.local/lib/python3.9/site-packages/airflow/example_dags/example_xcom.py
[2025-04-22T06:27:32.662+0000] {processor.py:914} INFO - Processing file /home/airflow/.local/lib/python3.9/site-packages/airflow/example_dags/example_xcom.py for tasks to queue
[2025-04-22T06:27:32.664+0000] {logging_mixin.py:190} INFO - [2025-04-22T06:27:32.664+0000] {dagbag.py:588} INFO - Filling up the DagBag from /home/airflow/.local/lib/python3.9/site-packages/airflow/example_dags/example_xcom.py
[2025-04-22T06:27:32.673+0000] {processor.py:925} INFO - DAG(s) 'example_xcom' retrieved from /home/airflow/.local/lib/python3.9/site-packages/airflow/example_dags/example_xcom.py
[2025-04-22T06:27:32.691+0000] {logging_mixin.py:190} INFO - [2025-04-22T06:27:32.691+0000] {dag.py:3239} INFO - Sync 1 DAGs
[2025-04-22T06:27:32.713+0000] {logging_mixin.py:190} INFO - [2025-04-22T06:27:32.712+0000] {dag.py:4180} INFO - Setting next_dagrun for example_xcom to 2021-01-01 00:00:00+00:00, run_after=2021-01-01 00:00:00+00:00
[2025-04-22T06:27:32.730+0000] {processor.py:208} INFO - Processing /home/airflow/.local/lib/python3.9/site-packages/airflow/example_dags/example_xcom.py took 0.075 seconds
[2025-04-22T06:28:03.365+0000] {processor.py:186} INFO - Started process (PID=965) to work on /home/airflow/.local/lib/python3.9/site-packages/airflow/example_dags/example_xcom.py
[2025-04-22T06:28:03.366+0000] {processor.py:914} INFO - Processing file /home/airflow/.local/lib/python3.9/site-packages/airflow/example_dags/example_xcom.py for tasks to queue
[2025-04-22T06:28:03.368+0000] {logging_mixin.py:190} INFO - [2025-04-22T06:28:03.367+0000] {dagbag.py:588} INFO - Filling up the DagBag from /home/airflow/.local/lib/python3.9/site-packages/airflow/example_dags/example_xcom.py
[2025-04-22T06:28:03.376+0000] {processor.py:925} INFO - DAG(s) 'example_xcom' retrieved from /home/airflow/.local/lib/python3.9/site-packages/airflow/example_dags/example_xcom.py
[2025-04-22T06:28:03.394+0000] {logging_mixin.py:190} INFO - [2025-04-22T06:28:03.394+0000] {dag.py:3239} INFO - Sync 1 DAGs
[2025-04-22T06:28:03.416+0000] {logging_mixin.py:190} INFO - [2025-04-22T06:28:03.414+0000] {dag.py:4180} INFO - Setting next_dagrun for example_xcom to 2021-01-01 00:00:00+00:00, run_after=2021-01-01 00:00:00+00:00
[2025-04-22T06:28:03.434+0000] {processor.py:208} INFO - Processing /home/airflow/.local/lib/python3.9/site-packages/airflow/example_dags/example_xcom.py took 0.075 seconds
[2025-04-22T06:28:34.215+0000] {processor.py:186} INFO - Started process (PID=1023) to work on /home/airflow/.local/lib/python3.9/site-packages/airflow/example_dags/example_xcom.py
[2025-04-22T06:28:34.216+0000] {processor.py:914} INFO - Processing file /home/airflow/.local/lib/python3.9/site-packages/airflow/example_dags/example_xcom.py for tasks to queue
[2025-04-22T06:28:34.218+0000] {logging_mixin.py:190} INFO - [2025-04-22T06:28:34.218+0000] {dagbag.py:588} INFO - Filling up the DagBag from /home/airflow/.local/lib/python3.9/site-packages/airflow/example_dags/example_xcom.py
[2025-04-22T06:28:34.226+0000] {processor.py:925} INFO - DAG(s) 'example_xcom' retrieved from /home/airflow/.local/lib/python3.9/site-packages/airflow/example_dags/example_xcom.py
[2025-04-22T06:28:34.245+0000] {logging_mixin.py:190} INFO - [2025-04-22T06:28:34.245+0000] {dag.py:3239} INFO - Sync 1 DAGs
[2025-04-22T06:28:34.267+0000] {logging_mixin.py:190} INFO - [2025-04-22T06:28:34.266+0000] {dag.py:4180} INFO - Setting next_dagrun for example_xcom to 2021-01-01 00:00:00+00:00, run_after=2021-01-01 00:00:00+00:00
[2025-04-22T06:28:34.287+0000] {processor.py:208} INFO - Processing /home/airflow/.local/lib/python3.9/site-packages/airflow/example_dags/example_xcom.py took 0.078 seconds
[2025-04-22T06:29:04.601+0000] {processor.py:186} INFO - Started process (PID=1081) to work on /home/airflow/.local/lib/python3.9/site-packages/airflow/example_dags/example_xcom.py
[2025-04-22T06:29:04.601+0000] {processor.py:914} INFO - Processing file /home/airflow/.local/lib/python3.9/site-packages/airflow/example_dags/example_xcom.py for tasks to queue
[2025-04-22T06:29:04.603+0000] {logging_mixin.py:190} INFO - [2025-04-22T06:29:04.603+0000] {dagbag.py:588} INFO - Filling up the DagBag from /home/airflow/.local/lib/python3.9/site-packages/airflow/example_dags/example_xcom.py
[2025-04-22T06:29:04.612+0000] {processor.py:925} INFO - DAG(s) 'example_xcom' retrieved from /home/airflow/.local/lib/python3.9/site-packages/airflow/example_dags/example_xcom.py
[2025-04-22T06:29:04.630+0000] {logging_mixin.py:190} INFO - [2025-04-22T06:29:04.630+0000] {dag.py:3239} INFO - Sync 1 DAGs
[2025-04-22T06:29:04.651+0000] {logging_mixin.py:190} INFO - [2025-04-22T06:29:04.651+0000] {dag.py:4180} INFO - Setting next_dagrun for example_xcom to 2021-01-01 00:00:00+00:00, run_after=2021-01-01 00:00:00+00:00
[2025-04-22T06:29:04.671+0000] {processor.py:208} INFO - Processing /home/airflow/.local/lib/python3.9/site-packages/airflow/example_dags/example_xcom.py took 0.076 seconds
[2025-04-22T06:29:35.394+0000] {processor.py:186} INFO - Started process (PID=1139) to work on /home/airflow/.local/lib/python3.9/site-packages/airflow/example_dags/example_xcom.py
[2025-04-22T06:29:35.395+0000] {processor.py:914} INFO - Processing file /home/airflow/.local/lib/python3.9/site-packages/airflow/example_dags/example_xcom.py for tasks to queue
[2025-04-22T06:29:35.397+0000] {logging_mixin.py:190} INFO - [2025-04-22T06:29:35.397+0000] {dagbag.py:588} INFO - Filling up the DagBag from /home/airflow/.local/lib/python3.9/site-packages/airflow/example_dags/example_xcom.py
[2025-04-22T06:29:35.405+0000] {processor.py:925} INFO - DAG(s) 'example_xcom' retrieved from /home/airflow/.local/lib/python3.9/site-packages/airflow/example_dags/example_xcom.py
[2025-04-22T06:29:35.424+0000] {logging_mixin.py:190} INFO - [2025-04-22T06:29:35.423+0000] {dag.py:3239} INFO - Sync 1 DAGs
[2025-04-22T06:29:35.448+0000] {logging_mixin.py:190} INFO - [2025-04-22T06:29:35.448+0000] {dag.py:4180} INFO - Setting next_dagrun for example_xcom to 2021-01-01 00:00:00+00:00, run_after=2021-01-01 00:00:00+00:00
[2025-04-22T06:29:35.466+0000] {processor.py:208} INFO - Processing /home/airflow/.local/lib/python3.9/site-packages/airflow/example_dags/example_xcom.py took 0.078 seconds
[2025-04-22T06:30:05.765+0000] {processor.py:186} INFO - Started process (PID=1197) to work on /home/airflow/.local/lib/python3.9/site-packages/airflow/example_dags/example_xcom.py
[2025-04-22T06:30:05.766+0000] {processor.py:914} INFO - Processing file /home/airflow/.local/lib/python3.9/site-packages/airflow/example_dags/example_xcom.py for tasks to queue
[2025-04-22T06:30:05.769+0000] {logging_mixin.py:190} INFO - [2025-04-22T06:30:05.769+0000] {dagbag.py:588} INFO - Filling up the DagBag from /home/airflow/.local/lib/python3.9/site-packages/airflow/example_dags/example_xcom.py
[2025-04-22T06:30:05.787+0000] {processor.py:925} INFO - DAG(s) 'example_xcom' retrieved from /home/airflow/.local/lib/python3.9/site-packages/airflow/example_dags/example_xcom.py
[2025-04-22T06:30:05.817+0000] {logging_mixin.py:190} INFO - [2025-04-22T06:30:05.817+0000] {dag.py:3239} INFO - Sync 1 DAGs
[2025-04-22T06:30:05.849+0000] {logging_mixin.py:190} INFO - [2025-04-22T06:30:05.848+0000] {dag.py:4180} INFO - Setting next_dagrun for example_xcom to 2021-01-01 00:00:00+00:00, run_after=2021-01-01 00:00:00+00:00
[2025-04-22T06:30:05.876+0000] {processor.py:208} INFO - Processing /home/airflow/.local/lib/python3.9/site-packages/airflow/example_dags/example_xcom.py took 0.118 seconds
[2025-04-22T06:30:35.940+0000] {processor.py:186} INFO - Started process (PID=1255) to work on /home/airflow/.local/lib/python3.9/site-packages/airflow/example_dags/example_xcom.py
[2025-04-22T06:30:35.942+0000] {processor.py:914} INFO - Processing file /home/airflow/.local/lib/python3.9/site-packages/airflow/example_dags/example_xcom.py for tasks to queue
[2025-04-22T06:30:35.944+0000] {logging_mixin.py:190} INFO - [2025-04-22T06:30:35.944+0000] {dagbag.py:588} INFO - Filling up the DagBag from /home/airflow/.local/lib/python3.9/site-packages/airflow/example_dags/example_xcom.py
[2025-04-22T06:30:35.955+0000] {processor.py:925} INFO - DAG(s) 'example_xcom' retrieved from /home/airflow/.local/lib/python3.9/site-packages/airflow/example_dags/example_xcom.py
[2025-04-22T06:30:35.977+0000] {logging_mixin.py:190} INFO - [2025-04-22T06:30:35.977+0000] {dag.py:3239} INFO - Sync 1 DAGs
[2025-04-22T06:30:36.001+0000] {logging_mixin.py:190} INFO - [2025-04-22T06:30:36.001+0000] {dag.py:4180} INFO - Setting next_dagrun for example_xcom to 2021-01-01 00:00:00+00:00, run_after=2021-01-01 00:00:00+00:00
[2025-04-22T06:30:36.021+0000] {processor.py:208} INFO - Processing /home/airflow/.local/lib/python3.9/site-packages/airflow/example_dags/example_xcom.py took 0.089 seconds
[2025-04-22T06:31:06.671+0000] {processor.py:186} INFO - Started process (PID=1313) to work on /home/airflow/.local/lib/python3.9/site-packages/airflow/example_dags/example_xcom.py
[2025-04-22T06:31:06.672+0000] {processor.py:914} INFO - Processing file /home/airflow/.local/lib/python3.9/site-packages/airflow/example_dags/example_xcom.py for tasks to queue
[2025-04-22T06:31:06.674+0000] {logging_mixin.py:190} INFO - [2025-04-22T06:31:06.674+0000] {dagbag.py:588} INFO - Filling up the DagBag from /home/airflow/.local/lib/python3.9/site-packages/airflow/example_dags/example_xcom.py
[2025-04-22T06:31:06.683+0000] {processor.py:925} INFO - DAG(s) 'example_xcom' retrieved from /home/airflow/.local/lib/python3.9/site-packages/airflow/example_dags/example_xcom.py
[2025-04-22T06:31:06.702+0000] {logging_mixin.py:190} INFO - [2025-04-22T06:31:06.701+0000] {dag.py:3239} INFO - Sync 1 DAGs
[2025-04-22T06:31:06.722+0000] {logging_mixin.py:190} INFO - [2025-04-22T06:31:06.722+0000] {dag.py:4180} INFO - Setting next_dagrun for example_xcom to 2021-01-01 00:00:00+00:00, run_after=2021-01-01 00:00:00+00:00
[2025-04-22T06:31:06.741+0000] {processor.py:208} INFO - Processing /home/airflow/.local/lib/python3.9/site-packages/airflow/example_dags/example_xcom.py took 0.076 seconds
[2025-04-22T06:31:37.789+0000] {processor.py:186} INFO - Started process (PID=1371) to work on /home/airflow/.local/lib/python3.9/site-packages/airflow/example_dags/example_xcom.py
[2025-04-22T06:31:37.790+0000] {processor.py:914} INFO - Processing file /home/airflow/.local/lib/python3.9/site-packages/airflow/example_dags/example_xcom.py for tasks to queue
[2025-04-22T06:31:37.792+0000] {logging_mixin.py:190} INFO - [2025-04-22T06:31:37.792+0000] {dagbag.py:588} INFO - Filling up the DagBag from /home/airflow/.local/lib/python3.9/site-packages/airflow/example_dags/example_xcom.py
[2025-04-22T06:31:37.802+0000] {processor.py:925} INFO - DAG(s) 'example_xcom' retrieved from /home/airflow/.local/lib/python3.9/site-packages/airflow/example_dags/example_xcom.py
[2025-04-22T06:31:37.823+0000] {logging_mixin.py:190} INFO - [2025-04-22T06:31:37.823+0000] {dag.py:3239} INFO - Sync 1 DAGs
[2025-04-22T06:31:37.848+0000] {logging_mixin.py:190} INFO - [2025-04-22T06:31:37.848+0000] {dag.py:4180} INFO - Setting next_dagrun for example_xcom to 2021-01-01 00:00:00+00:00, run_after=2021-01-01 00:00:00+00:00
[2025-04-22T06:31:37.872+0000] {processor.py:208} INFO - Processing /home/airflow/.local/lib/python3.9/site-packages/airflow/example_dags/example_xcom.py took 0.091 seconds
[2025-04-22T06:32:08.586+0000] {processor.py:186} INFO - Started process (PID=1429) to work on /home/airflow/.local/lib/python3.9/site-packages/airflow/example_dags/example_xcom.py
[2025-04-22T06:32:08.587+0000] {processor.py:914} INFO - Processing file /home/airflow/.local/lib/python3.9/site-packages/airflow/example_dags/example_xcom.py for tasks to queue
[2025-04-22T06:32:08.589+0000] {logging_mixin.py:190} INFO - [2025-04-22T06:32:08.589+0000] {dagbag.py:588} INFO - Filling up the DagBag from /home/airflow/.local/lib/python3.9/site-packages/airflow/example_dags/example_xcom.py
[2025-04-22T06:32:08.597+0000] {processor.py:925} INFO - DAG(s) 'example_xcom' retrieved from /home/airflow/.local/lib/python3.9/site-packages/airflow/example_dags/example_xcom.py
[2025-04-22T06:32:08.617+0000] {logging_mixin.py:190} INFO - [2025-04-22T06:32:08.616+0000] {dag.py:3239} INFO - Sync 1 DAGs
[2025-04-22T06:32:08.637+0000] {logging_mixin.py:190} INFO - [2025-04-22T06:32:08.637+0000] {dag.py:4180} INFO - Setting next_dagrun for example_xcom to 2021-01-01 00:00:00+00:00, run_after=2021-01-01 00:00:00+00:00
[2025-04-22T06:32:08.656+0000] {processor.py:208} INFO - Processing /home/airflow/.local/lib/python3.9/site-packages/airflow/example_dags/example_xcom.py took 0.077 seconds
[2025-04-22T06:32:38.749+0000] {processor.py:186} INFO - Started process (PID=1487) to work on /home/airflow/.local/lib/python3.9/site-packages/airflow/example_dags/example_xcom.py
[2025-04-22T06:32:38.750+0000] {processor.py:914} INFO - Processing file /home/airflow/.local/lib/python3.9/site-packages/airflow/example_dags/example_xcom.py for tasks to queue
[2025-04-22T06:32:38.753+0000] {logging_mixin.py:190} INFO - [2025-04-22T06:32:38.753+0000] {dagbag.py:588} INFO - Filling up the DagBag from /home/airflow/.local/lib/python3.9/site-packages/airflow/example_dags/example_xcom.py
[2025-04-22T06:32:38.763+0000] {processor.py:925} INFO - DAG(s) 'example_xcom' retrieved from /home/airflow/.local/lib/python3.9/site-packages/airflow/example_dags/example_xcom.py
[2025-04-22T06:32:38.785+0000] {logging_mixin.py:190} INFO - [2025-04-22T06:32:38.785+0000] {dag.py:3239} INFO - Sync 1 DAGs
[2025-04-22T06:32:38.810+0000] {logging_mixin.py:190} INFO - [2025-04-22T06:32:38.810+0000] {dag.py:4180} INFO - Setting next_dagrun for example_xcom to 2021-01-01 00:00:00+00:00, run_after=2021-01-01 00:00:00+00:00
[2025-04-22T06:32:38.831+0000] {processor.py:208} INFO - Processing /home/airflow/.local/lib/python3.9/site-packages/airflow/example_dags/example_xcom.py took 0.089 seconds
