[2025-04-22T06:19:56.692+0000] {processor.py:186} INFO - Started process (PID=51) to work on /home/airflow/.local/lib/python3.9/site-packages/airflow/example_dags/example_branch_datetime_operator.py
[2025-04-22T06:19:56.694+0000] {processor.py:914} INFO - Processing file /home/airflow/.local/lib/python3.9/site-packages/airflow/example_dags/example_branch_datetime_operator.py for tasks to queue
[2025-04-22T06:19:56.698+0000] {logging_mixin.py:190} INFO - [2025-04-22T06:19:56.697+0000] {dagbag.py:588} INFO - Filling up the DagBag from /home/airflow/.local/lib/python3.9/site-packages/airflow/example_dags/example_branch_datetime_operator.py
[2025-04-22T06:19:56.717+0000] {processor.py:925} INFO - DAG(s) 'example_branch_datetime_operator_2', 'example_branch_datetime_operator', 'example_branch_datetime_operator_3' retrieved from /home/airflow/.local/lib/python3.9/site-packages/airflow/example_dags/example_branch_datetime_operator.py
[2025-04-22T06:19:56.764+0000] {logging_mixin.py:190} INFO - [2025-04-22T06:19:56.763+0000] {dag.py:3239} INFO - Sync 3 DAGs
[2025-04-22T06:19:56.802+0000] {logging_mixin.py:190} INFO - [2025-04-22T06:19:56.801+0000] {dag.py:4180} INFO - Setting next_dagrun for example_branch_datetime_operator to 2025-04-21 00:00:00+00:00, run_after=2025-04-22 00:00:00+00:00
[2025-04-22T06:19:56.809+0000] {logging_mixin.py:190} INFO - [2025-04-22T06:19:56.809+0000] {dag.py:4180} INFO - Setting next_dagrun for example_branch_datetime_operator_2 to 2025-04-21 00:00:00+00:00, run_after=2025-04-22 00:00:00+00:00
[2025-04-22T06:19:56.813+0000] {logging_mixin.py:190} INFO - [2025-04-22T06:19:56.813+0000] {dag.py:4180} INFO - Setting next_dagrun for example_branch_datetime_operator_3 to 2025-04-21 00:00:00+00:00, run_after=2025-04-22 00:00:00+00:00
[2025-04-22T06:19:56.834+0000] {processor.py:208} INFO - Processing /home/airflow/.local/lib/python3.9/site-packages/airflow/example_dags/example_branch_datetime_operator.py took 0.152 seconds
[2025-04-22T06:20:26.976+0000] {processor.py:186} INFO - Started process (PID=108) to work on /home/airflow/.local/lib/python3.9/site-packages/airflow/example_dags/example_branch_datetime_operator.py
[2025-04-22T06:20:26.978+0000] {processor.py:914} INFO - Processing file /home/airflow/.local/lib/python3.9/site-packages/airflow/example_dags/example_branch_datetime_operator.py for tasks to queue
[2025-04-22T06:20:26.981+0000] {logging_mixin.py:190} INFO - [2025-04-22T06:20:26.981+0000] {dagbag.py:588} INFO - Filling up the DagBag from /home/airflow/.local/lib/python3.9/site-packages/airflow/example_dags/example_branch_datetime_operator.py
[2025-04-22T06:20:27.001+0000] {processor.py:925} INFO - DAG(s) 'example_branch_datetime_operator_3', 'example_branch_datetime_operator', 'example_branch_datetime_operator_2' retrieved from /home/airflow/.local/lib/python3.9/site-packages/airflow/example_dags/example_branch_datetime_operator.py
[2025-04-22T06:20:27.035+0000] {logging_mixin.py:190} INFO - [2025-04-22T06:20:27.035+0000] {dag.py:3239} INFO - Sync 3 DAGs
[2025-04-22T06:20:27.070+0000] {logging_mixin.py:190} INFO - [2025-04-22T06:20:27.070+0000] {dag.py:4180} INFO - Setting next_dagrun for example_branch_datetime_operator to 2025-04-21 00:00:00+00:00, run_after=2025-04-22 00:00:00+00:00
[2025-04-22T06:20:27.079+0000] {logging_mixin.py:190} INFO - [2025-04-22T06:20:27.079+0000] {dag.py:4180} INFO - Setting next_dagrun for example_branch_datetime_operator_2 to 2025-04-21 00:00:00+00:00, run_after=2025-04-22 00:00:00+00:00
[2025-04-22T06:20:27.084+0000] {logging_mixin.py:190} INFO - [2025-04-22T06:20:27.084+0000] {dag.py:4180} INFO - Setting next_dagrun for example_branch_datetime_operator_3 to 2025-04-21 00:00:00+00:00, run_after=2025-04-22 00:00:00+00:00
[2025-04-22T06:20:27.112+0000] {processor.py:208} INFO - Processing /home/airflow/.local/lib/python3.9/site-packages/airflow/example_dags/example_branch_datetime_operator.py took 0.143 seconds
[2025-04-22T06:20:57.561+0000] {processor.py:186} INFO - Started process (PID=166) to work on /home/airflow/.local/lib/python3.9/site-packages/airflow/example_dags/example_branch_datetime_operator.py
[2025-04-22T06:20:57.562+0000] {processor.py:914} INFO - Processing file /home/airflow/.local/lib/python3.9/site-packages/airflow/example_dags/example_branch_datetime_operator.py for tasks to queue
[2025-04-22T06:20:57.565+0000] {logging_mixin.py:190} INFO - [2025-04-22T06:20:57.564+0000] {dagbag.py:588} INFO - Filling up the DagBag from /home/airflow/.local/lib/python3.9/site-packages/airflow/example_dags/example_branch_datetime_operator.py
[2025-04-22T06:20:57.585+0000] {processor.py:925} INFO - DAG(s) 'example_branch_datetime_operator_3', 'example_branch_datetime_operator_2', 'example_branch_datetime_operator' retrieved from /home/airflow/.local/lib/python3.9/site-packages/airflow/example_dags/example_branch_datetime_operator.py
[2025-04-22T06:20:57.613+0000] {logging_mixin.py:190} INFO - [2025-04-22T06:20:57.613+0000] {dag.py:3239} INFO - Sync 3 DAGs
[2025-04-22T06:20:57.643+0000] {logging_mixin.py:190} INFO - [2025-04-22T06:20:57.643+0000] {dag.py:4180} INFO - Setting next_dagrun for example_branch_datetime_operator to 2025-04-21 00:00:00+00:00, run_after=2025-04-22 00:00:00+00:00
[2025-04-22T06:20:57.649+0000] {logging_mixin.py:190} INFO - [2025-04-22T06:20:57.649+0000] {dag.py:4180} INFO - Setting next_dagrun for example_branch_datetime_operator_2 to 2025-04-21 00:00:00+00:00, run_after=2025-04-22 00:00:00+00:00
[2025-04-22T06:20:57.653+0000] {logging_mixin.py:190} INFO - [2025-04-22T06:20:57.653+0000] {dag.py:4180} INFO - Setting next_dagrun for example_branch_datetime_operator_3 to 2025-04-21 00:00:00+00:00, run_after=2025-04-22 00:00:00+00:00
[2025-04-22T06:20:57.670+0000] {processor.py:208} INFO - Processing /home/airflow/.local/lib/python3.9/site-packages/airflow/example_dags/example_branch_datetime_operator.py took 0.120 seconds
[2025-04-22T06:21:28.471+0000] {processor.py:186} INFO - Started process (PID=224) to work on /home/airflow/.local/lib/python3.9/site-packages/airflow/example_dags/example_branch_datetime_operator.py
[2025-04-22T06:21:28.472+0000] {processor.py:914} INFO - Processing file /home/airflow/.local/lib/python3.9/site-packages/airflow/example_dags/example_branch_datetime_operator.py for tasks to queue
[2025-04-22T06:21:28.474+0000] {logging_mixin.py:190} INFO - [2025-04-22T06:21:28.474+0000] {dagbag.py:588} INFO - Filling up the DagBag from /home/airflow/.local/lib/python3.9/site-packages/airflow/example_dags/example_branch_datetime_operator.py
[2025-04-22T06:21:28.491+0000] {processor.py:925} INFO - DAG(s) 'example_branch_datetime_operator', 'example_branch_datetime_operator_3', 'example_branch_datetime_operator_2' retrieved from /home/airflow/.local/lib/python3.9/site-packages/airflow/example_dags/example_branch_datetime_operator.py
[2025-04-22T06:21:28.516+0000] {logging_mixin.py:190} INFO - [2025-04-22T06:21:28.516+0000] {dag.py:3239} INFO - Sync 3 DAGs
[2025-04-22T06:21:28.540+0000] {logging_mixin.py:190} INFO - [2025-04-22T06:21:28.540+0000] {dag.py:4180} INFO - Setting next_dagrun for example_branch_datetime_operator to 2025-04-21 00:00:00+00:00, run_after=2025-04-22 00:00:00+00:00
[2025-04-22T06:21:28.546+0000] {logging_mixin.py:190} INFO - [2025-04-22T06:21:28.545+0000] {dag.py:4180} INFO - Setting next_dagrun for example_branch_datetime_operator_2 to 2025-04-21 00:00:00+00:00, run_after=2025-04-22 00:00:00+00:00
[2025-04-22T06:21:28.549+0000] {logging_mixin.py:190} INFO - [2025-04-22T06:21:28.549+0000] {dag.py:4180} INFO - Setting next_dagrun for example_branch_datetime_operator_3 to 2025-04-21 00:00:00+00:00, run_after=2025-04-22 00:00:00+00:00
[2025-04-22T06:21:28.568+0000] {processor.py:208} INFO - Processing /home/airflow/.local/lib/python3.9/site-packages/airflow/example_dags/example_branch_datetime_operator.py took 0.103 seconds
[2025-04-22T06:21:58.865+0000] {processor.py:186} INFO - Started process (PID=282) to work on /home/airflow/.local/lib/python3.9/site-packages/airflow/example_dags/example_branch_datetime_operator.py
[2025-04-22T06:21:58.866+0000] {processor.py:914} INFO - Processing file /home/airflow/.local/lib/python3.9/site-packages/airflow/example_dags/example_branch_datetime_operator.py for tasks to queue
[2025-04-22T06:21:58.869+0000] {logging_mixin.py:190} INFO - [2025-04-22T06:21:58.868+0000] {dagbag.py:588} INFO - Filling up the DagBag from /home/airflow/.local/lib/python3.9/site-packages/airflow/example_dags/example_branch_datetime_operator.py
[2025-04-22T06:21:58.885+0000] {processor.py:925} INFO - DAG(s) 'example_branch_datetime_operator_3', 'example_branch_datetime_operator', 'example_branch_datetime_operator_2' retrieved from /home/airflow/.local/lib/python3.9/site-packages/airflow/example_dags/example_branch_datetime_operator.py
[2025-04-22T06:21:58.915+0000] {logging_mixin.py:190} INFO - [2025-04-22T06:21:58.915+0000] {dag.py:3239} INFO - Sync 3 DAGs
[2025-04-22T06:21:58.947+0000] {logging_mixin.py:190} INFO - [2025-04-22T06:21:58.946+0000] {dag.py:4180} INFO - Setting next_dagrun for example_branch_datetime_operator to 2025-04-21 00:00:00+00:00, run_after=2025-04-22 00:00:00+00:00
[2025-04-22T06:21:58.954+0000] {logging_mixin.py:190} INFO - [2025-04-22T06:21:58.953+0000] {dag.py:4180} INFO - Setting next_dagrun for example_branch_datetime_operator_2 to 2025-04-21 00:00:00+00:00, run_after=2025-04-22 00:00:00+00:00
[2025-04-22T06:21:58.958+0000] {logging_mixin.py:190} INFO - [2025-04-22T06:21:58.958+0000] {dag.py:4180} INFO - Setting next_dagrun for example_branch_datetime_operator_3 to 2025-04-21 00:00:00+00:00, run_after=2025-04-22 00:00:00+00:00
[2025-04-22T06:21:58.980+0000] {processor.py:208} INFO - Processing /home/airflow/.local/lib/python3.9/site-packages/airflow/example_dags/example_branch_datetime_operator.py took 0.123 seconds
[2025-04-22T06:22:29.745+0000] {processor.py:186} INFO - Started process (PID=340) to work on /home/airflow/.local/lib/python3.9/site-packages/airflow/example_dags/example_branch_datetime_operator.py
[2025-04-22T06:22:29.747+0000] {processor.py:914} INFO - Processing file /home/airflow/.local/lib/python3.9/site-packages/airflow/example_dags/example_branch_datetime_operator.py for tasks to queue
[2025-04-22T06:22:29.750+0000] {logging_mixin.py:190} INFO - [2025-04-22T06:22:29.749+0000] {dagbag.py:588} INFO - Filling up the DagBag from /home/airflow/.local/lib/python3.9/site-packages/airflow/example_dags/example_branch_datetime_operator.py
[2025-04-22T06:22:29.771+0000] {processor.py:925} INFO - DAG(s) 'example_branch_datetime_operator_2', 'example_branch_datetime_operator', 'example_branch_datetime_operator_3' retrieved from /home/airflow/.local/lib/python3.9/site-packages/airflow/example_dags/example_branch_datetime_operator.py
[2025-04-22T06:22:29.817+0000] {logging_mixin.py:190} INFO - [2025-04-22T06:22:29.817+0000] {dag.py:3239} INFO - Sync 3 DAGs
[2025-04-22T06:22:29.863+0000] {logging_mixin.py:190} INFO - [2025-04-22T06:22:29.862+0000] {dag.py:4180} INFO - Setting next_dagrun for example_branch_datetime_operator to 2025-04-21 00:00:00+00:00, run_after=2025-04-22 00:00:00+00:00
[2025-04-22T06:22:29.871+0000] {logging_mixin.py:190} INFO - [2025-04-22T06:22:29.871+0000] {dag.py:4180} INFO - Setting next_dagrun for example_branch_datetime_operator_2 to 2025-04-21 00:00:00+00:00, run_after=2025-04-22 00:00:00+00:00
[2025-04-22T06:22:29.877+0000] {logging_mixin.py:190} INFO - [2025-04-22T06:22:29.877+0000] {dag.py:4180} INFO - Setting next_dagrun for example_branch_datetime_operator_3 to 2025-04-21 00:00:00+00:00, run_after=2025-04-22 00:00:00+00:00
[2025-04-22T06:22:29.899+0000] {processor.py:208} INFO - Processing /home/airflow/.local/lib/python3.9/site-packages/airflow/example_dags/example_branch_datetime_operator.py took 0.164 seconds
[2025-04-22T06:22:59.941+0000] {processor.py:186} INFO - Started process (PID=398) to work on /home/airflow/.local/lib/python3.9/site-packages/airflow/example_dags/example_branch_datetime_operator.py
[2025-04-22T06:22:59.942+0000] {processor.py:914} INFO - Processing file /home/airflow/.local/lib/python3.9/site-packages/airflow/example_dags/example_branch_datetime_operator.py for tasks to queue
[2025-04-22T06:22:59.945+0000] {logging_mixin.py:190} INFO - [2025-04-22T06:22:59.944+0000] {dagbag.py:588} INFO - Filling up the DagBag from /home/airflow/.local/lib/python3.9/site-packages/airflow/example_dags/example_branch_datetime_operator.py
[2025-04-22T06:22:59.959+0000] {processor.py:925} INFO - DAG(s) 'example_branch_datetime_operator_2', 'example_branch_datetime_operator_3', 'example_branch_datetime_operator' retrieved from /home/airflow/.local/lib/python3.9/site-packages/airflow/example_dags/example_branch_datetime_operator.py
[2025-04-22T06:22:59.989+0000] {logging_mixin.py:190} INFO - [2025-04-22T06:22:59.988+0000] {dag.py:3239} INFO - Sync 3 DAGs
[2025-04-22T06:23:00.024+0000] {logging_mixin.py:190} INFO - [2025-04-22T06:23:00.024+0000] {dag.py:4180} INFO - Setting next_dagrun for example_branch_datetime_operator to 2025-04-21 00:00:00+00:00, run_after=2025-04-22 00:00:00+00:00
[2025-04-22T06:23:00.030+0000] {logging_mixin.py:190} INFO - [2025-04-22T06:23:00.029+0000] {dag.py:4180} INFO - Setting next_dagrun for example_branch_datetime_operator_2 to 2025-04-21 00:00:00+00:00, run_after=2025-04-22 00:00:00+00:00
[2025-04-22T06:23:00.033+0000] {logging_mixin.py:190} INFO - [2025-04-22T06:23:00.033+0000] {dag.py:4180} INFO - Setting next_dagrun for example_branch_datetime_operator_3 to 2025-04-21 00:00:00+00:00, run_after=2025-04-22 00:00:00+00:00
[2025-04-22T06:23:00.053+0000] {processor.py:208} INFO - Processing /home/airflow/.local/lib/python3.9/site-packages/airflow/example_dags/example_branch_datetime_operator.py took 0.119 seconds
[2025-04-22T06:23:30.979+0000] {processor.py:186} INFO - Started process (PID=456) to work on /home/airflow/.local/lib/python3.9/site-packages/airflow/example_dags/example_branch_datetime_operator.py
[2025-04-22T06:23:30.980+0000] {processor.py:914} INFO - Processing file /home/airflow/.local/lib/python3.9/site-packages/airflow/example_dags/example_branch_datetime_operator.py for tasks to queue
[2025-04-22T06:23:30.982+0000] {logging_mixin.py:190} INFO - [2025-04-22T06:23:30.982+0000] {dagbag.py:588} INFO - Filling up the DagBag from /home/airflow/.local/lib/python3.9/site-packages/airflow/example_dags/example_branch_datetime_operator.py
[2025-04-22T06:23:30.994+0000] {processor.py:925} INFO - DAG(s) 'example_branch_datetime_operator_2', 'example_branch_datetime_operator', 'example_branch_datetime_operator_3' retrieved from /home/airflow/.local/lib/python3.9/site-packages/airflow/example_dags/example_branch_datetime_operator.py
[2025-04-22T06:23:31.020+0000] {logging_mixin.py:190} INFO - [2025-04-22T06:23:31.020+0000] {dag.py:3239} INFO - Sync 3 DAGs
[2025-04-22T06:23:31.044+0000] {logging_mixin.py:190} INFO - [2025-04-22T06:23:31.044+0000] {dag.py:4180} INFO - Setting next_dagrun for example_branch_datetime_operator to 2025-04-21 00:00:00+00:00, run_after=2025-04-22 00:00:00+00:00
[2025-04-22T06:23:31.049+0000] {logging_mixin.py:190} INFO - [2025-04-22T06:23:31.049+0000] {dag.py:4180} INFO - Setting next_dagrun for example_branch_datetime_operator_2 to 2025-04-21 00:00:00+00:00, run_after=2025-04-22 00:00:00+00:00
[2025-04-22T06:23:31.052+0000] {logging_mixin.py:190} INFO - [2025-04-22T06:23:31.052+0000] {dag.py:4180} INFO - Setting next_dagrun for example_branch_datetime_operator_3 to 2025-04-21 00:00:00+00:00, run_after=2025-04-22 00:00:00+00:00
[2025-04-22T06:23:31.069+0000] {processor.py:208} INFO - Processing /home/airflow/.local/lib/python3.9/site-packages/airflow/example_dags/example_branch_datetime_operator.py took 0.095 seconds
[2025-04-22T06:24:02.018+0000] {processor.py:186} INFO - Started process (PID=515) to work on /home/airflow/.local/lib/python3.9/site-packages/airflow/example_dags/example_branch_datetime_operator.py
[2025-04-22T06:24:02.019+0000] {processor.py:914} INFO - Processing file /home/airflow/.local/lib/python3.9/site-packages/airflow/example_dags/example_branch_datetime_operator.py for tasks to queue
[2025-04-22T06:24:02.021+0000] {logging_mixin.py:190} INFO - [2025-04-22T06:24:02.021+0000] {dagbag.py:588} INFO - Filling up the DagBag from /home/airflow/.local/lib/python3.9/site-packages/airflow/example_dags/example_branch_datetime_operator.py
[2025-04-22T06:24:02.033+0000] {processor.py:925} INFO - DAG(s) 'example_branch_datetime_operator_3', 'example_branch_datetime_operator_2', 'example_branch_datetime_operator' retrieved from /home/airflow/.local/lib/python3.9/site-packages/airflow/example_dags/example_branch_datetime_operator.py
[2025-04-22T06:24:02.059+0000] {logging_mixin.py:190} INFO - [2025-04-22T06:24:02.059+0000] {dag.py:3239} INFO - Sync 3 DAGs
[2025-04-22T06:24:02.085+0000] {logging_mixin.py:190} INFO - [2025-04-22T06:24:02.084+0000] {dag.py:4180} INFO - Setting next_dagrun for example_branch_datetime_operator to 2025-04-21 00:00:00+00:00, run_after=2025-04-22 00:00:00+00:00
[2025-04-22T06:24:02.090+0000] {logging_mixin.py:190} INFO - [2025-04-22T06:24:02.089+0000] {dag.py:4180} INFO - Setting next_dagrun for example_branch_datetime_operator_2 to 2025-04-21 00:00:00+00:00, run_after=2025-04-22 00:00:00+00:00
[2025-04-22T06:24:02.093+0000] {logging_mixin.py:190} INFO - [2025-04-22T06:24:02.093+0000] {dag.py:4180} INFO - Setting next_dagrun for example_branch_datetime_operator_3 to 2025-04-21 00:00:00+00:00, run_after=2025-04-22 00:00:00+00:00
[2025-04-22T06:24:02.109+0000] {processor.py:208} INFO - Processing /home/airflow/.local/lib/python3.9/site-packages/airflow/example_dags/example_branch_datetime_operator.py took 0.098 seconds
[2025-04-22T06:24:32.152+0000] {processor.py:186} INFO - Started process (PID=572) to work on /home/airflow/.local/lib/python3.9/site-packages/airflow/example_dags/example_branch_datetime_operator.py
[2025-04-22T06:24:32.152+0000] {processor.py:914} INFO - Processing file /home/airflow/.local/lib/python3.9/site-packages/airflow/example_dags/example_branch_datetime_operator.py for tasks to queue
[2025-04-22T06:24:32.155+0000] {logging_mixin.py:190} INFO - [2025-04-22T06:24:32.154+0000] {dagbag.py:588} INFO - Filling up the DagBag from /home/airflow/.local/lib/python3.9/site-packages/airflow/example_dags/example_branch_datetime_operator.py
[2025-04-22T06:24:32.166+0000] {processor.py:925} INFO - DAG(s) 'example_branch_datetime_operator', 'example_branch_datetime_operator_2', 'example_branch_datetime_operator_3' retrieved from /home/airflow/.local/lib/python3.9/site-packages/airflow/example_dags/example_branch_datetime_operator.py
[2025-04-22T06:24:32.192+0000] {logging_mixin.py:190} INFO - [2025-04-22T06:24:32.192+0000] {dag.py:3239} INFO - Sync 3 DAGs
[2025-04-22T06:24:32.217+0000] {logging_mixin.py:190} INFO - [2025-04-22T06:24:32.217+0000] {dag.py:4180} INFO - Setting next_dagrun for example_branch_datetime_operator to 2025-04-21 00:00:00+00:00, run_after=2025-04-22 00:00:00+00:00
[2025-04-22T06:24:32.222+0000] {logging_mixin.py:190} INFO - [2025-04-22T06:24:32.222+0000] {dag.py:4180} INFO - Setting next_dagrun for example_branch_datetime_operator_2 to 2025-04-21 00:00:00+00:00, run_after=2025-04-22 00:00:00+00:00
[2025-04-22T06:24:32.226+0000] {logging_mixin.py:190} INFO - [2025-04-22T06:24:32.226+0000] {dag.py:4180} INFO - Setting next_dagrun for example_branch_datetime_operator_3 to 2025-04-21 00:00:00+00:00, run_after=2025-04-22 00:00:00+00:00
[2025-04-22T06:24:32.241+0000] {processor.py:208} INFO - Processing /home/airflow/.local/lib/python3.9/site-packages/airflow/example_dags/example_branch_datetime_operator.py took 0.096 seconds
[2025-04-22T06:25:02.842+0000] {processor.py:186} INFO - Started process (PID=630) to work on /home/airflow/.local/lib/python3.9/site-packages/airflow/example_dags/example_branch_datetime_operator.py
[2025-04-22T06:25:02.843+0000] {processor.py:914} INFO - Processing file /home/airflow/.local/lib/python3.9/site-packages/airflow/example_dags/example_branch_datetime_operator.py for tasks to queue
[2025-04-22T06:25:02.845+0000] {logging_mixin.py:190} INFO - [2025-04-22T06:25:02.845+0000] {dagbag.py:588} INFO - Filling up the DagBag from /home/airflow/.local/lib/python3.9/site-packages/airflow/example_dags/example_branch_datetime_operator.py
[2025-04-22T06:25:02.857+0000] {processor.py:925} INFO - DAG(s) 'example_branch_datetime_operator', 'example_branch_datetime_operator_3', 'example_branch_datetime_operator_2' retrieved from /home/airflow/.local/lib/python3.9/site-packages/airflow/example_dags/example_branch_datetime_operator.py
[2025-04-22T06:25:02.881+0000] {logging_mixin.py:190} INFO - [2025-04-22T06:25:02.881+0000] {dag.py:3239} INFO - Sync 3 DAGs
[2025-04-22T06:25:02.904+0000] {logging_mixin.py:190} INFO - [2025-04-22T06:25:02.904+0000] {dag.py:4180} INFO - Setting next_dagrun for example_branch_datetime_operator to 2025-04-21 00:00:00+00:00, run_after=2025-04-22 00:00:00+00:00
[2025-04-22T06:25:02.910+0000] {logging_mixin.py:190} INFO - [2025-04-22T06:25:02.909+0000] {dag.py:4180} INFO - Setting next_dagrun for example_branch_datetime_operator_2 to 2025-04-21 00:00:00+00:00, run_after=2025-04-22 00:00:00+00:00
[2025-04-22T06:25:02.913+0000] {logging_mixin.py:190} INFO - [2025-04-22T06:25:02.913+0000] {dag.py:4180} INFO - Setting next_dagrun for example_branch_datetime_operator_3 to 2025-04-21 00:00:00+00:00, run_after=2025-04-22 00:00:00+00:00
[2025-04-22T06:25:02.929+0000] {processor.py:208} INFO - Processing /home/airflow/.local/lib/python3.9/site-packages/airflow/example_dags/example_branch_datetime_operator.py took 0.097 seconds
[2025-04-22T06:25:33.004+0000] {processor.py:186} INFO - Started process (PID=688) to work on /home/airflow/.local/lib/python3.9/site-packages/airflow/example_dags/example_branch_datetime_operator.py
[2025-04-22T06:25:33.005+0000] {processor.py:914} INFO - Processing file /home/airflow/.local/lib/python3.9/site-packages/airflow/example_dags/example_branch_datetime_operator.py for tasks to queue
[2025-04-22T06:25:33.007+0000] {logging_mixin.py:190} INFO - [2025-04-22T06:25:33.007+0000] {dagbag.py:588} INFO - Filling up the DagBag from /home/airflow/.local/lib/python3.9/site-packages/airflow/example_dags/example_branch_datetime_operator.py
[2025-04-22T06:25:33.019+0000] {processor.py:925} INFO - DAG(s) 'example_branch_datetime_operator', 'example_branch_datetime_operator_2', 'example_branch_datetime_operator_3' retrieved from /home/airflow/.local/lib/python3.9/site-packages/airflow/example_dags/example_branch_datetime_operator.py
[2025-04-22T06:25:33.043+0000] {logging_mixin.py:190} INFO - [2025-04-22T06:25:33.043+0000] {dag.py:3239} INFO - Sync 3 DAGs
[2025-04-22T06:25:33.069+0000] {logging_mixin.py:190} INFO - [2025-04-22T06:25:33.069+0000] {dag.py:4180} INFO - Setting next_dagrun for example_branch_datetime_operator to 2025-04-21 00:00:00+00:00, run_after=2025-04-22 00:00:00+00:00
[2025-04-22T06:25:33.074+0000] {logging_mixin.py:190} INFO - [2025-04-22T06:25:33.074+0000] {dag.py:4180} INFO - Setting next_dagrun for example_branch_datetime_operator_2 to 2025-04-21 00:00:00+00:00, run_after=2025-04-22 00:00:00+00:00
[2025-04-22T06:25:33.077+0000] {logging_mixin.py:190} INFO - [2025-04-22T06:25:33.077+0000] {dag.py:4180} INFO - Setting next_dagrun for example_branch_datetime_operator_3 to 2025-04-21 00:00:00+00:00, run_after=2025-04-22 00:00:00+00:00
[2025-04-22T06:25:33.093+0000] {processor.py:208} INFO - Processing /home/airflow/.local/lib/python3.9/site-packages/airflow/example_dags/example_branch_datetime_operator.py took 0.095 seconds
[2025-04-22T06:26:03.809+0000] {processor.py:186} INFO - Started process (PID=746) to work on /home/airflow/.local/lib/python3.9/site-packages/airflow/example_dags/example_branch_datetime_operator.py
[2025-04-22T06:26:03.810+0000] {processor.py:914} INFO - Processing file /home/airflow/.local/lib/python3.9/site-packages/airflow/example_dags/example_branch_datetime_operator.py for tasks to queue
[2025-04-22T06:26:03.812+0000] {logging_mixin.py:190} INFO - [2025-04-22T06:26:03.812+0000] {dagbag.py:588} INFO - Filling up the DagBag from /home/airflow/.local/lib/python3.9/site-packages/airflow/example_dags/example_branch_datetime_operator.py
[2025-04-22T06:26:03.823+0000] {processor.py:925} INFO - DAG(s) 'example_branch_datetime_operator_2', 'example_branch_datetime_operator', 'example_branch_datetime_operator_3' retrieved from /home/airflow/.local/lib/python3.9/site-packages/airflow/example_dags/example_branch_datetime_operator.py
[2025-04-22T06:26:03.848+0000] {logging_mixin.py:190} INFO - [2025-04-22T06:26:03.848+0000] {dag.py:3239} INFO - Sync 3 DAGs
[2025-04-22T06:26:03.872+0000] {logging_mixin.py:190} INFO - [2025-04-22T06:26:03.872+0000] {dag.py:4180} INFO - Setting next_dagrun for example_branch_datetime_operator to 2025-04-21 00:00:00+00:00, run_after=2025-04-22 00:00:00+00:00
[2025-04-22T06:26:03.877+0000] {logging_mixin.py:190} INFO - [2025-04-22T06:26:03.877+0000] {dag.py:4180} INFO - Setting next_dagrun for example_branch_datetime_operator_2 to 2025-04-21 00:00:00+00:00, run_after=2025-04-22 00:00:00+00:00
[2025-04-22T06:26:03.880+0000] {logging_mixin.py:190} INFO - [2025-04-22T06:26:03.880+0000] {dag.py:4180} INFO - Setting next_dagrun for example_branch_datetime_operator_3 to 2025-04-21 00:00:00+00:00, run_after=2025-04-22 00:00:00+00:00
[2025-04-22T06:26:03.897+0000] {processor.py:208} INFO - Processing /home/airflow/.local/lib/python3.9/site-packages/airflow/example_dags/example_branch_datetime_operator.py took 0.094 seconds
[2025-04-22T06:26:34.418+0000] {processor.py:186} INFO - Started process (PID=804) to work on /home/airflow/.local/lib/python3.9/site-packages/airflow/example_dags/example_branch_datetime_operator.py
[2025-04-22T06:26:34.419+0000] {processor.py:914} INFO - Processing file /home/airflow/.local/lib/python3.9/site-packages/airflow/example_dags/example_branch_datetime_operator.py for tasks to queue
[2025-04-22T06:26:34.422+0000] {logging_mixin.py:190} INFO - [2025-04-22T06:26:34.422+0000] {dagbag.py:588} INFO - Filling up the DagBag from /home/airflow/.local/lib/python3.9/site-packages/airflow/example_dags/example_branch_datetime_operator.py
[2025-04-22T06:26:34.437+0000] {processor.py:925} INFO - DAG(s) 'example_branch_datetime_operator', 'example_branch_datetime_operator_3', 'example_branch_datetime_operator_2' retrieved from /home/airflow/.local/lib/python3.9/site-packages/airflow/example_dags/example_branch_datetime_operator.py
[2025-04-22T06:26:34.464+0000] {logging_mixin.py:190} INFO - [2025-04-22T06:26:34.464+0000] {dag.py:3239} INFO - Sync 3 DAGs
[2025-04-22T06:26:34.494+0000] {logging_mixin.py:190} INFO - [2025-04-22T06:26:34.494+0000] {dag.py:4180} INFO - Setting next_dagrun for example_branch_datetime_operator to 2025-04-21 00:00:00+00:00, run_after=2025-04-22 00:00:00+00:00
[2025-04-22T06:26:34.501+0000] {logging_mixin.py:190} INFO - [2025-04-22T06:26:34.501+0000] {dag.py:4180} INFO - Setting next_dagrun for example_branch_datetime_operator_2 to 2025-04-21 00:00:00+00:00, run_after=2025-04-22 00:00:00+00:00
[2025-04-22T06:26:34.506+0000] {logging_mixin.py:190} INFO - [2025-04-22T06:26:34.505+0000] {dag.py:4180} INFO - Setting next_dagrun for example_branch_datetime_operator_3 to 2025-04-21 00:00:00+00:00, run_after=2025-04-22 00:00:00+00:00
[2025-04-22T06:26:34.539+0000] {processor.py:208} INFO - Processing /home/airflow/.local/lib/python3.9/site-packages/airflow/example_dags/example_branch_datetime_operator.py took 0.128 seconds
[2025-04-22T06:27:04.979+0000] {processor.py:186} INFO - Started process (PID=862) to work on /home/airflow/.local/lib/python3.9/site-packages/airflow/example_dags/example_branch_datetime_operator.py
[2025-04-22T06:27:04.980+0000] {processor.py:914} INFO - Processing file /home/airflow/.local/lib/python3.9/site-packages/airflow/example_dags/example_branch_datetime_operator.py for tasks to queue
[2025-04-22T06:27:04.982+0000] {logging_mixin.py:190} INFO - [2025-04-22T06:27:04.982+0000] {dagbag.py:588} INFO - Filling up the DagBag from /home/airflow/.local/lib/python3.9/site-packages/airflow/example_dags/example_branch_datetime_operator.py
[2025-04-22T06:27:04.994+0000] {processor.py:925} INFO - DAG(s) 'example_branch_datetime_operator_3', 'example_branch_datetime_operator_2', 'example_branch_datetime_operator' retrieved from /home/airflow/.local/lib/python3.9/site-packages/airflow/example_dags/example_branch_datetime_operator.py
[2025-04-22T06:27:05.022+0000] {logging_mixin.py:190} INFO - [2025-04-22T06:27:05.021+0000] {dag.py:3239} INFO - Sync 3 DAGs
[2025-04-22T06:27:05.045+0000] {logging_mixin.py:190} INFO - [2025-04-22T06:27:05.045+0000] {dag.py:4180} INFO - Setting next_dagrun for example_branch_datetime_operator to 2025-04-21 00:00:00+00:00, run_after=2025-04-22 00:00:00+00:00
[2025-04-22T06:27:05.051+0000] {logging_mixin.py:190} INFO - [2025-04-22T06:27:05.051+0000] {dag.py:4180} INFO - Setting next_dagrun for example_branch_datetime_operator_2 to 2025-04-21 00:00:00+00:00, run_after=2025-04-22 00:00:00+00:00
[2025-04-22T06:27:05.054+0000] {logging_mixin.py:190} INFO - [2025-04-22T06:27:05.054+0000] {dag.py:4180} INFO - Setting next_dagrun for example_branch_datetime_operator_3 to 2025-04-21 00:00:00+00:00, run_after=2025-04-22 00:00:00+00:00
[2025-04-22T06:27:05.070+0000] {processor.py:208} INFO - Processing /home/airflow/.local/lib/python3.9/site-packages/airflow/example_dags/example_branch_datetime_operator.py took 0.098 seconds
[2025-04-22T06:27:35.338+0000] {processor.py:186} INFO - Started process (PID=920) to work on /home/airflow/.local/lib/python3.9/site-packages/airflow/example_dags/example_branch_datetime_operator.py
[2025-04-22T06:27:35.340+0000] {processor.py:914} INFO - Processing file /home/airflow/.local/lib/python3.9/site-packages/airflow/example_dags/example_branch_datetime_operator.py for tasks to queue
[2025-04-22T06:27:35.346+0000] {logging_mixin.py:190} INFO - [2025-04-22T06:27:35.345+0000] {dagbag.py:588} INFO - Filling up the DagBag from /home/airflow/.local/lib/python3.9/site-packages/airflow/example_dags/example_branch_datetime_operator.py
[2025-04-22T06:27:35.362+0000] {processor.py:925} INFO - DAG(s) 'example_branch_datetime_operator_2', 'example_branch_datetime_operator_3', 'example_branch_datetime_operator' retrieved from /home/airflow/.local/lib/python3.9/site-packages/airflow/example_dags/example_branch_datetime_operator.py
[2025-04-22T06:27:35.397+0000] {logging_mixin.py:190} INFO - [2025-04-22T06:27:35.397+0000] {dag.py:3239} INFO - Sync 3 DAGs
[2025-04-22T06:27:35.428+0000] {logging_mixin.py:190} INFO - [2025-04-22T06:27:35.428+0000] {dag.py:4180} INFO - Setting next_dagrun for example_branch_datetime_operator to 2025-04-21 00:00:00+00:00, run_after=2025-04-22 00:00:00+00:00
[2025-04-22T06:27:35.435+0000] {logging_mixin.py:190} INFO - [2025-04-22T06:27:35.434+0000] {dag.py:4180} INFO - Setting next_dagrun for example_branch_datetime_operator_2 to 2025-04-21 00:00:00+00:00, run_after=2025-04-22 00:00:00+00:00
[2025-04-22T06:27:35.439+0000] {logging_mixin.py:190} INFO - [2025-04-22T06:27:35.438+0000] {dag.py:4180} INFO - Setting next_dagrun for example_branch_datetime_operator_3 to 2025-04-21 00:00:00+00:00, run_after=2025-04-22 00:00:00+00:00
[2025-04-22T06:27:35.457+0000] {processor.py:208} INFO - Processing /home/airflow/.local/lib/python3.9/site-packages/airflow/example_dags/example_branch_datetime_operator.py took 0.126 seconds
[2025-04-22T06:28:06.053+0000] {processor.py:186} INFO - Started process (PID=978) to work on /home/airflow/.local/lib/python3.9/site-packages/airflow/example_dags/example_branch_datetime_operator.py
[2025-04-22T06:28:06.054+0000] {processor.py:914} INFO - Processing file /home/airflow/.local/lib/python3.9/site-packages/airflow/example_dags/example_branch_datetime_operator.py for tasks to queue
[2025-04-22T06:28:06.056+0000] {logging_mixin.py:190} INFO - [2025-04-22T06:28:06.056+0000] {dagbag.py:588} INFO - Filling up the DagBag from /home/airflow/.local/lib/python3.9/site-packages/airflow/example_dags/example_branch_datetime_operator.py
[2025-04-22T06:28:06.069+0000] {processor.py:925} INFO - DAG(s) 'example_branch_datetime_operator_2', 'example_branch_datetime_operator', 'example_branch_datetime_operator_3' retrieved from /home/airflow/.local/lib/python3.9/site-packages/airflow/example_dags/example_branch_datetime_operator.py
[2025-04-22T06:28:06.093+0000] {logging_mixin.py:190} INFO - [2025-04-22T06:28:06.093+0000] {dag.py:3239} INFO - Sync 3 DAGs
[2025-04-22T06:28:06.117+0000] {logging_mixin.py:190} INFO - [2025-04-22T06:28:06.117+0000] {dag.py:4180} INFO - Setting next_dagrun for example_branch_datetime_operator to 2025-04-21 00:00:00+00:00, run_after=2025-04-22 00:00:00+00:00
[2025-04-22T06:28:06.123+0000] {logging_mixin.py:190} INFO - [2025-04-22T06:28:06.122+0000] {dag.py:4180} INFO - Setting next_dagrun for example_branch_datetime_operator_2 to 2025-04-21 00:00:00+00:00, run_after=2025-04-22 00:00:00+00:00
[2025-04-22T06:28:06.125+0000] {logging_mixin.py:190} INFO - [2025-04-22T06:28:06.125+0000] {dag.py:4180} INFO - Setting next_dagrun for example_branch_datetime_operator_3 to 2025-04-21 00:00:00+00:00, run_after=2025-04-22 00:00:00+00:00
[2025-04-22T06:28:06.142+0000] {processor.py:208} INFO - Processing /home/airflow/.local/lib/python3.9/site-packages/airflow/example_dags/example_branch_datetime_operator.py took 0.097 seconds
[2025-04-22T06:28:36.902+0000] {processor.py:186} INFO - Started process (PID=1036) to work on /home/airflow/.local/lib/python3.9/site-packages/airflow/example_dags/example_branch_datetime_operator.py
[2025-04-22T06:28:36.903+0000] {processor.py:914} INFO - Processing file /home/airflow/.local/lib/python3.9/site-packages/airflow/example_dags/example_branch_datetime_operator.py for tasks to queue
[2025-04-22T06:28:36.905+0000] {logging_mixin.py:190} INFO - [2025-04-22T06:28:36.905+0000] {dagbag.py:588} INFO - Filling up the DagBag from /home/airflow/.local/lib/python3.9/site-packages/airflow/example_dags/example_branch_datetime_operator.py
[2025-04-22T06:28:36.917+0000] {processor.py:925} INFO - DAG(s) 'example_branch_datetime_operator_2', 'example_branch_datetime_operator_3', 'example_branch_datetime_operator' retrieved from /home/airflow/.local/lib/python3.9/site-packages/airflow/example_dags/example_branch_datetime_operator.py
[2025-04-22T06:28:36.940+0000] {logging_mixin.py:190} INFO - [2025-04-22T06:28:36.940+0000] {dag.py:3239} INFO - Sync 3 DAGs
[2025-04-22T06:28:36.964+0000] {logging_mixin.py:190} INFO - [2025-04-22T06:28:36.964+0000] {dag.py:4180} INFO - Setting next_dagrun for example_branch_datetime_operator to 2025-04-21 00:00:00+00:00, run_after=2025-04-22 00:00:00+00:00
[2025-04-22T06:28:36.969+0000] {logging_mixin.py:190} INFO - [2025-04-22T06:28:36.969+0000] {dag.py:4180} INFO - Setting next_dagrun for example_branch_datetime_operator_2 to 2025-04-21 00:00:00+00:00, run_after=2025-04-22 00:00:00+00:00
[2025-04-22T06:28:36.973+0000] {logging_mixin.py:190} INFO - [2025-04-22T06:28:36.973+0000] {dag.py:4180} INFO - Setting next_dagrun for example_branch_datetime_operator_3 to 2025-04-21 00:00:00+00:00, run_after=2025-04-22 00:00:00+00:00
[2025-04-22T06:28:36.993+0000] {processor.py:208} INFO - Processing /home/airflow/.local/lib/python3.9/site-packages/airflow/example_dags/example_branch_datetime_operator.py took 0.097 seconds
[2025-04-22T06:29:07.254+0000] {processor.py:186} INFO - Started process (PID=1094) to work on /home/airflow/.local/lib/python3.9/site-packages/airflow/example_dags/example_branch_datetime_operator.py
[2025-04-22T06:29:07.255+0000] {processor.py:914} INFO - Processing file /home/airflow/.local/lib/python3.9/site-packages/airflow/example_dags/example_branch_datetime_operator.py for tasks to queue
[2025-04-22T06:29:07.257+0000] {logging_mixin.py:190} INFO - [2025-04-22T06:29:07.257+0000] {dagbag.py:588} INFO - Filling up the DagBag from /home/airflow/.local/lib/python3.9/site-packages/airflow/example_dags/example_branch_datetime_operator.py
[2025-04-22T06:29:07.269+0000] {processor.py:925} INFO - DAG(s) 'example_branch_datetime_operator', 'example_branch_datetime_operator_2', 'example_branch_datetime_operator_3' retrieved from /home/airflow/.local/lib/python3.9/site-packages/airflow/example_dags/example_branch_datetime_operator.py
[2025-04-22T06:29:07.294+0000] {logging_mixin.py:190} INFO - [2025-04-22T06:29:07.294+0000] {dag.py:3239} INFO - Sync 3 DAGs
[2025-04-22T06:29:07.318+0000] {logging_mixin.py:190} INFO - [2025-04-22T06:29:07.318+0000] {dag.py:4180} INFO - Setting next_dagrun for example_branch_datetime_operator to 2025-04-21 00:00:00+00:00, run_after=2025-04-22 00:00:00+00:00
[2025-04-22T06:29:07.325+0000] {logging_mixin.py:190} INFO - [2025-04-22T06:29:07.324+0000] {dag.py:4180} INFO - Setting next_dagrun for example_branch_datetime_operator_2 to 2025-04-21 00:00:00+00:00, run_after=2025-04-22 00:00:00+00:00
[2025-04-22T06:29:07.328+0000] {logging_mixin.py:190} INFO - [2025-04-22T06:29:07.328+0000] {dag.py:4180} INFO - Setting next_dagrun for example_branch_datetime_operator_3 to 2025-04-21 00:00:00+00:00, run_after=2025-04-22 00:00:00+00:00
[2025-04-22T06:29:07.345+0000] {processor.py:208} INFO - Processing /home/airflow/.local/lib/python3.9/site-packages/airflow/example_dags/example_branch_datetime_operator.py took 0.096 seconds
[2025-04-22T06:29:38.049+0000] {processor.py:186} INFO - Started process (PID=1152) to work on /home/airflow/.local/lib/python3.9/site-packages/airflow/example_dags/example_branch_datetime_operator.py
[2025-04-22T06:29:38.050+0000] {processor.py:914} INFO - Processing file /home/airflow/.local/lib/python3.9/site-packages/airflow/example_dags/example_branch_datetime_operator.py for tasks to queue
[2025-04-22T06:29:38.052+0000] {logging_mixin.py:190} INFO - [2025-04-22T06:29:38.052+0000] {dagbag.py:588} INFO - Filling up the DagBag from /home/airflow/.local/lib/python3.9/site-packages/airflow/example_dags/example_branch_datetime_operator.py
[2025-04-22T06:29:38.063+0000] {processor.py:925} INFO - DAG(s) 'example_branch_datetime_operator', 'example_branch_datetime_operator_3', 'example_branch_datetime_operator_2' retrieved from /home/airflow/.local/lib/python3.9/site-packages/airflow/example_dags/example_branch_datetime_operator.py
[2025-04-22T06:29:38.087+0000] {logging_mixin.py:190} INFO - [2025-04-22T06:29:38.087+0000] {dag.py:3239} INFO - Sync 3 DAGs
[2025-04-22T06:29:38.110+0000] {logging_mixin.py:190} INFO - [2025-04-22T06:29:38.110+0000] {dag.py:4180} INFO - Setting next_dagrun for example_branch_datetime_operator to 2025-04-21 00:00:00+00:00, run_after=2025-04-22 00:00:00+00:00
[2025-04-22T06:29:38.115+0000] {logging_mixin.py:190} INFO - [2025-04-22T06:29:38.115+0000] {dag.py:4180} INFO - Setting next_dagrun for example_branch_datetime_operator_2 to 2025-04-21 00:00:00+00:00, run_after=2025-04-22 00:00:00+00:00
[2025-04-22T06:29:38.118+0000] {logging_mixin.py:190} INFO - [2025-04-22T06:29:38.118+0000] {dag.py:4180} INFO - Setting next_dagrun for example_branch_datetime_operator_3 to 2025-04-21 00:00:00+00:00, run_after=2025-04-22 00:00:00+00:00
[2025-04-22T06:29:38.136+0000] {processor.py:208} INFO - Processing /home/airflow/.local/lib/python3.9/site-packages/airflow/example_dags/example_branch_datetime_operator.py took 0.094 seconds
[2025-04-22T06:30:08.614+0000] {processor.py:186} INFO - Started process (PID=1210) to work on /home/airflow/.local/lib/python3.9/site-packages/airflow/example_dags/example_branch_datetime_operator.py
[2025-04-22T06:30:08.615+0000] {processor.py:914} INFO - Processing file /home/airflow/.local/lib/python3.9/site-packages/airflow/example_dags/example_branch_datetime_operator.py for tasks to queue
[2025-04-22T06:30:08.617+0000] {logging_mixin.py:190} INFO - [2025-04-22T06:30:08.617+0000] {dagbag.py:588} INFO - Filling up the DagBag from /home/airflow/.local/lib/python3.9/site-packages/airflow/example_dags/example_branch_datetime_operator.py
[2025-04-22T06:30:08.629+0000] {processor.py:925} INFO - DAG(s) 'example_branch_datetime_operator', 'example_branch_datetime_operator_2', 'example_branch_datetime_operator_3' retrieved from /home/airflow/.local/lib/python3.9/site-packages/airflow/example_dags/example_branch_datetime_operator.py
[2025-04-22T06:30:08.655+0000] {logging_mixin.py:190} INFO - [2025-04-22T06:30:08.654+0000] {dag.py:3239} INFO - Sync 3 DAGs
[2025-04-22T06:30:08.680+0000] {logging_mixin.py:190} INFO - [2025-04-22T06:30:08.680+0000] {dag.py:4180} INFO - Setting next_dagrun for example_branch_datetime_operator to 2025-04-21 00:00:00+00:00, run_after=2025-04-22 00:00:00+00:00
[2025-04-22T06:30:08.686+0000] {logging_mixin.py:190} INFO - [2025-04-22T06:30:08.686+0000] {dag.py:4180} INFO - Setting next_dagrun for example_branch_datetime_operator_2 to 2025-04-21 00:00:00+00:00, run_after=2025-04-22 00:00:00+00:00
[2025-04-22T06:30:08.689+0000] {logging_mixin.py:190} INFO - [2025-04-22T06:30:08.689+0000] {dag.py:4180} INFO - Setting next_dagrun for example_branch_datetime_operator_3 to 2025-04-21 00:00:00+00:00, run_after=2025-04-22 00:00:00+00:00
[2025-04-22T06:30:08.706+0000] {processor.py:208} INFO - Processing /home/airflow/.local/lib/python3.9/site-packages/airflow/example_dags/example_branch_datetime_operator.py took 0.098 seconds
[2025-04-22T06:30:38.815+0000] {processor.py:186} INFO - Started process (PID=1268) to work on /home/airflow/.local/lib/python3.9/site-packages/airflow/example_dags/example_branch_datetime_operator.py
[2025-04-22T06:30:38.816+0000] {processor.py:914} INFO - Processing file /home/airflow/.local/lib/python3.9/site-packages/airflow/example_dags/example_branch_datetime_operator.py for tasks to queue
[2025-04-22T06:30:38.819+0000] {logging_mixin.py:190} INFO - [2025-04-22T06:30:38.819+0000] {dagbag.py:588} INFO - Filling up the DagBag from /home/airflow/.local/lib/python3.9/site-packages/airflow/example_dags/example_branch_datetime_operator.py
[2025-04-22T06:30:38.843+0000] {processor.py:925} INFO - DAG(s) 'example_branch_datetime_operator_2', 'example_branch_datetime_operator_3', 'example_branch_datetime_operator' retrieved from /home/airflow/.local/lib/python3.9/site-packages/airflow/example_dags/example_branch_datetime_operator.py
[2025-04-22T06:30:38.872+0000] {logging_mixin.py:190} INFO - [2025-04-22T06:30:38.872+0000] {dag.py:3239} INFO - Sync 3 DAGs
[2025-04-22T06:30:38.899+0000] {logging_mixin.py:190} INFO - [2025-04-22T06:30:38.899+0000] {dag.py:4180} INFO - Setting next_dagrun for example_branch_datetime_operator to 2025-04-21 00:00:00+00:00, run_after=2025-04-22 00:00:00+00:00
[2025-04-22T06:30:38.905+0000] {logging_mixin.py:190} INFO - [2025-04-22T06:30:38.904+0000] {dag.py:4180} INFO - Setting next_dagrun for example_branch_datetime_operator_2 to 2025-04-21 00:00:00+00:00, run_after=2025-04-22 00:00:00+00:00
[2025-04-22T06:30:38.907+0000] {logging_mixin.py:190} INFO - [2025-04-22T06:30:38.907+0000] {dag.py:4180} INFO - Setting next_dagrun for example_branch_datetime_operator_3 to 2025-04-21 00:00:00+00:00, run_after=2025-04-22 00:00:00+00:00
[2025-04-22T06:30:38.924+0000] {processor.py:208} INFO - Processing /home/airflow/.local/lib/python3.9/site-packages/airflow/example_dags/example_branch_datetime_operator.py took 0.116 seconds
[2025-04-22T06:31:09.316+0000] {processor.py:186} INFO - Started process (PID=1326) to work on /home/airflow/.local/lib/python3.9/site-packages/airflow/example_dags/example_branch_datetime_operator.py
[2025-04-22T06:31:09.317+0000] {processor.py:914} INFO - Processing file /home/airflow/.local/lib/python3.9/site-packages/airflow/example_dags/example_branch_datetime_operator.py for tasks to queue
[2025-04-22T06:31:09.319+0000] {logging_mixin.py:190} INFO - [2025-04-22T06:31:09.319+0000] {dagbag.py:588} INFO - Filling up the DagBag from /home/airflow/.local/lib/python3.9/site-packages/airflow/example_dags/example_branch_datetime_operator.py
[2025-04-22T06:31:09.331+0000] {processor.py:925} INFO - DAG(s) 'example_branch_datetime_operator_2', 'example_branch_datetime_operator', 'example_branch_datetime_operator_3' retrieved from /home/airflow/.local/lib/python3.9/site-packages/airflow/example_dags/example_branch_datetime_operator.py
[2025-04-22T06:31:09.357+0000] {logging_mixin.py:190} INFO - [2025-04-22T06:31:09.357+0000] {dag.py:3239} INFO - Sync 3 DAGs
[2025-04-22T06:31:09.381+0000] {logging_mixin.py:190} INFO - [2025-04-22T06:31:09.381+0000] {dag.py:4180} INFO - Setting next_dagrun for example_branch_datetime_operator to 2025-04-21 00:00:00+00:00, run_after=2025-04-22 00:00:00+00:00
[2025-04-22T06:31:09.387+0000] {logging_mixin.py:190} INFO - [2025-04-22T06:31:09.387+0000] {dag.py:4180} INFO - Setting next_dagrun for example_branch_datetime_operator_2 to 2025-04-21 00:00:00+00:00, run_after=2025-04-22 00:00:00+00:00
[2025-04-22T06:31:09.390+0000] {logging_mixin.py:190} INFO - [2025-04-22T06:31:09.390+0000] {dag.py:4180} INFO - Setting next_dagrun for example_branch_datetime_operator_3 to 2025-04-21 00:00:00+00:00, run_after=2025-04-22 00:00:00+00:00
[2025-04-22T06:31:09.407+0000] {processor.py:208} INFO - Processing /home/airflow/.local/lib/python3.9/site-packages/airflow/example_dags/example_branch_datetime_operator.py took 0.096 seconds
[2025-04-22T06:31:39.576+0000] {processor.py:186} INFO - Started process (PID=1384) to work on /home/airflow/.local/lib/python3.9/site-packages/airflow/example_dags/example_branch_datetime_operator.py
[2025-04-22T06:31:39.577+0000] {processor.py:914} INFO - Processing file /home/airflow/.local/lib/python3.9/site-packages/airflow/example_dags/example_branch_datetime_operator.py for tasks to queue
[2025-04-22T06:31:39.580+0000] {logging_mixin.py:190} INFO - [2025-04-22T06:31:39.579+0000] {dagbag.py:588} INFO - Filling up the DagBag from /home/airflow/.local/lib/python3.9/site-packages/airflow/example_dags/example_branch_datetime_operator.py
[2025-04-22T06:31:39.593+0000] {processor.py:925} INFO - DAG(s) 'example_branch_datetime_operator', 'example_branch_datetime_operator_3', 'example_branch_datetime_operator_2' retrieved from /home/airflow/.local/lib/python3.9/site-packages/airflow/example_dags/example_branch_datetime_operator.py
[2025-04-22T06:31:39.616+0000] {logging_mixin.py:190} INFO - [2025-04-22T06:31:39.616+0000] {dag.py:3239} INFO - Sync 3 DAGs
[2025-04-22T06:31:39.641+0000] {logging_mixin.py:190} INFO - [2025-04-22T06:31:39.640+0000] {dag.py:4180} INFO - Setting next_dagrun for example_branch_datetime_operator to 2025-04-21 00:00:00+00:00, run_after=2025-04-22 00:00:00+00:00
[2025-04-22T06:31:39.646+0000] {logging_mixin.py:190} INFO - [2025-04-22T06:31:39.646+0000] {dag.py:4180} INFO - Setting next_dagrun for example_branch_datetime_operator_2 to 2025-04-21 00:00:00+00:00, run_after=2025-04-22 00:00:00+00:00
[2025-04-22T06:31:39.649+0000] {logging_mixin.py:190} INFO - [2025-04-22T06:31:39.649+0000] {dag.py:4180} INFO - Setting next_dagrun for example_branch_datetime_operator_3 to 2025-04-21 00:00:00+00:00, run_after=2025-04-22 00:00:00+00:00
[2025-04-22T06:31:39.666+0000] {processor.py:208} INFO - Processing /home/airflow/.local/lib/python3.9/site-packages/airflow/example_dags/example_branch_datetime_operator.py took 0.097 seconds
[2025-04-22T06:32:10.323+0000] {processor.py:186} INFO - Started process (PID=1442) to work on /home/airflow/.local/lib/python3.9/site-packages/airflow/example_dags/example_branch_datetime_operator.py
[2025-04-22T06:32:10.324+0000] {processor.py:914} INFO - Processing file /home/airflow/.local/lib/python3.9/site-packages/airflow/example_dags/example_branch_datetime_operator.py for tasks to queue
[2025-04-22T06:32:10.327+0000] {logging_mixin.py:190} INFO - [2025-04-22T06:32:10.327+0000] {dagbag.py:588} INFO - Filling up the DagBag from /home/airflow/.local/lib/python3.9/site-packages/airflow/example_dags/example_branch_datetime_operator.py
[2025-04-22T06:32:10.340+0000] {processor.py:925} INFO - DAG(s) 'example_branch_datetime_operator', 'example_branch_datetime_operator_3', 'example_branch_datetime_operator_2' retrieved from /home/airflow/.local/lib/python3.9/site-packages/airflow/example_dags/example_branch_datetime_operator.py
[2025-04-22T06:32:10.365+0000] {logging_mixin.py:190} INFO - [2025-04-22T06:32:10.365+0000] {dag.py:3239} INFO - Sync 3 DAGs
[2025-04-22T06:32:10.389+0000] {logging_mixin.py:190} INFO - [2025-04-22T06:32:10.388+0000] {dag.py:4180} INFO - Setting next_dagrun for example_branch_datetime_operator to 2025-04-21 00:00:00+00:00, run_after=2025-04-22 00:00:00+00:00
[2025-04-22T06:32:10.394+0000] {logging_mixin.py:190} INFO - [2025-04-22T06:32:10.394+0000] {dag.py:4180} INFO - Setting next_dagrun for example_branch_datetime_operator_2 to 2025-04-21 00:00:00+00:00, run_after=2025-04-22 00:00:00+00:00
[2025-04-22T06:32:10.397+0000] {logging_mixin.py:190} INFO - [2025-04-22T06:32:10.397+0000] {dag.py:4180} INFO - Setting next_dagrun for example_branch_datetime_operator_3 to 2025-04-21 00:00:00+00:00, run_after=2025-04-22 00:00:00+00:00
[2025-04-22T06:32:10.414+0000] {processor.py:208} INFO - Processing /home/airflow/.local/lib/python3.9/site-packages/airflow/example_dags/example_branch_datetime_operator.py took 0.098 seconds
