[2025-04-22T06:19:56.647+0000] {processor.py:186} INFO - Started process (PID=50) to work on /home/airflow/.local/lib/python3.9/site-packages/airflow/example_dags/example_inlet_event_extra.py
[2025-04-22T06:19:56.648+0000] {processor.py:914} INFO - Processing file /home/airflow/.local/lib/python3.9/site-packages/airflow/example_dags/example_inlet_event_extra.py for tasks to queue
[2025-04-22T06:19:56.651+0000] {logging_mixin.py:190} INFO - [2025-04-22T06:19:56.650+0000] {dagbag.py:588} INFO - Filling up the DagBag from /home/airflow/.local/lib/python3.9/site-packages/airflow/example_dags/example_inlet_event_extra.py
[2025-04-22T06:19:57.234+0000] {processor.py:925} INFO - DAG(s) 'read_dataset_event', 'read_dataset_event_from_classic' retrieved from /home/airflow/.local/lib/python3.9/site-packages/airflow/example_dags/example_inlet_event_extra.py
[2025-04-22T06:19:57.258+0000] {logging_mixin.py:190} INFO - [2025-04-22T06:19:57.257+0000] {dag.py:3239} INFO - Sync 2 DAGs
[2025-04-22T06:19:57.288+0000] {logging_mixin.py:190} INFO - [2025-04-22T06:19:57.287+0000] {dag.py:4180} INFO - Setting next_dagrun for read_dataset_event to 2025-04-21 00:00:00+00:00, run_after=2025-04-22 00:00:00+00:00
[2025-04-22T06:19:57.295+0000] {logging_mixin.py:190} INFO - [2025-04-22T06:19:57.295+0000] {dag.py:4180} INFO - Setting next_dagrun for read_dataset_event_from_classic to 2025-04-21 00:00:00+00:00, run_after=2025-04-22 00:00:00+00:00
[2025-04-22T06:19:57.322+0000] {processor.py:208} INFO - Processing /home/airflow/.local/lib/python3.9/site-packages/airflow/example_dags/example_inlet_event_extra.py took 0.683 seconds
[2025-04-22T06:20:27.402+0000] {processor.py:186} INFO - Started process (PID=112) to work on /home/airflow/.local/lib/python3.9/site-packages/airflow/example_dags/example_inlet_event_extra.py
[2025-04-22T06:20:27.404+0000] {processor.py:914} INFO - Processing file /home/airflow/.local/lib/python3.9/site-packages/airflow/example_dags/example_inlet_event_extra.py for tasks to queue
[2025-04-22T06:20:27.408+0000] {logging_mixin.py:190} INFO - [2025-04-22T06:20:27.408+0000] {dagbag.py:588} INFO - Filling up the DagBag from /home/airflow/.local/lib/python3.9/site-packages/airflow/example_dags/example_inlet_event_extra.py
[2025-04-22T06:20:27.878+0000] {processor.py:925} INFO - DAG(s) 'read_dataset_event_from_classic', 'read_dataset_event' retrieved from /home/airflow/.local/lib/python3.9/site-packages/airflow/example_dags/example_inlet_event_extra.py
[2025-04-22T06:20:27.915+0000] {logging_mixin.py:190} INFO - [2025-04-22T06:20:27.914+0000] {dag.py:3239} INFO - Sync 2 DAGs
[2025-04-22T06:20:27.952+0000] {logging_mixin.py:190} INFO - [2025-04-22T06:20:27.951+0000] {dag.py:4180} INFO - Setting next_dagrun for read_dataset_event to 2025-04-21 00:00:00+00:00, run_after=2025-04-22 00:00:00+00:00
[2025-04-22T06:20:27.958+0000] {logging_mixin.py:190} INFO - [2025-04-22T06:20:27.958+0000] {dag.py:4180} INFO - Setting next_dagrun for read_dataset_event_from_classic to 2025-04-21 00:00:00+00:00, run_after=2025-04-22 00:00:00+00:00
[2025-04-22T06:20:27.996+0000] {processor.py:208} INFO - Processing /home/airflow/.local/lib/python3.9/site-packages/airflow/example_dags/example_inlet_event_extra.py took 0.660 seconds
[2025-04-22T06:20:58.032+0000] {processor.py:186} INFO - Started process (PID=170) to work on /home/airflow/.local/lib/python3.9/site-packages/airflow/example_dags/example_inlet_event_extra.py
[2025-04-22T06:20:58.033+0000] {processor.py:914} INFO - Processing file /home/airflow/.local/lib/python3.9/site-packages/airflow/example_dags/example_inlet_event_extra.py for tasks to queue
[2025-04-22T06:20:58.035+0000] {logging_mixin.py:190} INFO - [2025-04-22T06:20:58.035+0000] {dagbag.py:588} INFO - Filling up the DagBag from /home/airflow/.local/lib/python3.9/site-packages/airflow/example_dags/example_inlet_event_extra.py
[2025-04-22T06:20:58.528+0000] {processor.py:925} INFO - DAG(s) 'read_dataset_event_from_classic', 'read_dataset_event' retrieved from /home/airflow/.local/lib/python3.9/site-packages/airflow/example_dags/example_inlet_event_extra.py
[2025-04-22T06:20:58.551+0000] {logging_mixin.py:190} INFO - [2025-04-22T06:20:58.551+0000] {dag.py:3239} INFO - Sync 2 DAGs
[2025-04-22T06:20:58.580+0000] {logging_mixin.py:190} INFO - [2025-04-22T06:20:58.580+0000] {dag.py:4180} INFO - Setting next_dagrun for read_dataset_event to 2025-04-21 00:00:00+00:00, run_after=2025-04-22 00:00:00+00:00
[2025-04-22T06:20:58.586+0000] {logging_mixin.py:190} INFO - [2025-04-22T06:20:58.586+0000] {dag.py:4180} INFO - Setting next_dagrun for read_dataset_event_from_classic to 2025-04-21 00:00:00+00:00, run_after=2025-04-22 00:00:00+00:00
[2025-04-22T06:20:58.610+0000] {processor.py:208} INFO - Processing /home/airflow/.local/lib/python3.9/site-packages/airflow/example_dags/example_inlet_event_extra.py took 0.584 seconds
[2025-04-22T06:21:28.716+0000] {processor.py:186} INFO - Started process (PID=227) to work on /home/airflow/.local/lib/python3.9/site-packages/airflow/example_dags/example_inlet_event_extra.py
[2025-04-22T06:21:28.718+0000] {processor.py:914} INFO - Processing file /home/airflow/.local/lib/python3.9/site-packages/airflow/example_dags/example_inlet_event_extra.py for tasks to queue
[2025-04-22T06:21:28.720+0000] {logging_mixin.py:190} INFO - [2025-04-22T06:21:28.720+0000] {dagbag.py:588} INFO - Filling up the DagBag from /home/airflow/.local/lib/python3.9/site-packages/airflow/example_dags/example_inlet_event_extra.py
[2025-04-22T06:21:29.020+0000] {processor.py:925} INFO - DAG(s) 'read_dataset_event_from_classic', 'read_dataset_event' retrieved from /home/airflow/.local/lib/python3.9/site-packages/airflow/example_dags/example_inlet_event_extra.py
[2025-04-22T06:21:29.038+0000] {logging_mixin.py:190} INFO - [2025-04-22T06:21:29.038+0000] {dag.py:3239} INFO - Sync 2 DAGs
[2025-04-22T06:21:29.061+0000] {logging_mixin.py:190} INFO - [2025-04-22T06:21:29.061+0000] {dag.py:4180} INFO - Setting next_dagrun for read_dataset_event to 2025-04-21 00:00:00+00:00, run_after=2025-04-22 00:00:00+00:00
[2025-04-22T06:21:29.065+0000] {logging_mixin.py:190} INFO - [2025-04-22T06:21:29.065+0000] {dag.py:4180} INFO - Setting next_dagrun for read_dataset_event_from_classic to 2025-04-21 00:00:00+00:00, run_after=2025-04-22 00:00:00+00:00
[2025-04-22T06:21:29.080+0000] {processor.py:208} INFO - Processing /home/airflow/.local/lib/python3.9/site-packages/airflow/example_dags/example_inlet_event_extra.py took 0.371 seconds
[2025-04-22T06:21:59.251+0000] {processor.py:186} INFO - Started process (PID=286) to work on /home/airflow/.local/lib/python3.9/site-packages/airflow/example_dags/example_inlet_event_extra.py
[2025-04-22T06:21:59.253+0000] {processor.py:914} INFO - Processing file /home/airflow/.local/lib/python3.9/site-packages/airflow/example_dags/example_inlet_event_extra.py for tasks to queue
[2025-04-22T06:21:59.255+0000] {logging_mixin.py:190} INFO - [2025-04-22T06:21:59.255+0000] {dagbag.py:588} INFO - Filling up the DagBag from /home/airflow/.local/lib/python3.9/site-packages/airflow/example_dags/example_inlet_event_extra.py
[2025-04-22T06:21:59.632+0000] {processor.py:925} INFO - DAG(s) 'read_dataset_event_from_classic', 'read_dataset_event' retrieved from /home/airflow/.local/lib/python3.9/site-packages/airflow/example_dags/example_inlet_event_extra.py
[2025-04-22T06:21:59.657+0000] {logging_mixin.py:190} INFO - [2025-04-22T06:21:59.656+0000] {dag.py:3239} INFO - Sync 2 DAGs
[2025-04-22T06:21:59.691+0000] {logging_mixin.py:190} INFO - [2025-04-22T06:21:59.691+0000] {dag.py:4180} INFO - Setting next_dagrun for read_dataset_event to 2025-04-21 00:00:00+00:00, run_after=2025-04-22 00:00:00+00:00
[2025-04-22T06:21:59.698+0000] {logging_mixin.py:190} INFO - [2025-04-22T06:21:59.697+0000] {dag.py:4180} INFO - Setting next_dagrun for read_dataset_event_from_classic to 2025-04-21 00:00:00+00:00, run_after=2025-04-22 00:00:00+00:00
[2025-04-22T06:21:59.722+0000] {processor.py:208} INFO - Processing /home/airflow/.local/lib/python3.9/site-packages/airflow/example_dags/example_inlet_event_extra.py took 0.478 seconds
[2025-04-22T06:22:29.936+0000] {processor.py:186} INFO - Started process (PID=342) to work on /home/airflow/.local/lib/python3.9/site-packages/airflow/example_dags/example_inlet_event_extra.py
[2025-04-22T06:22:29.938+0000] {processor.py:914} INFO - Processing file /home/airflow/.local/lib/python3.9/site-packages/airflow/example_dags/example_inlet_event_extra.py for tasks to queue
[2025-04-22T06:22:29.942+0000] {logging_mixin.py:190} INFO - [2025-04-22T06:22:29.942+0000] {dagbag.py:588} INFO - Filling up the DagBag from /home/airflow/.local/lib/python3.9/site-packages/airflow/example_dags/example_inlet_event_extra.py
[2025-04-22T06:22:30.346+0000] {processor.py:925} INFO - DAG(s) 'read_dataset_event', 'read_dataset_event_from_classic' retrieved from /home/airflow/.local/lib/python3.9/site-packages/airflow/example_dags/example_inlet_event_extra.py
[2025-04-22T06:22:30.368+0000] {logging_mixin.py:190} INFO - [2025-04-22T06:22:30.368+0000] {dag.py:3239} INFO - Sync 2 DAGs
[2025-04-22T06:22:30.403+0000] {logging_mixin.py:190} INFO - [2025-04-22T06:22:30.402+0000] {dag.py:4180} INFO - Setting next_dagrun for read_dataset_event to 2025-04-21 00:00:00+00:00, run_after=2025-04-22 00:00:00+00:00
[2025-04-22T06:22:30.408+0000] {logging_mixin.py:190} INFO - [2025-04-22T06:22:30.408+0000] {dag.py:4180} INFO - Setting next_dagrun for read_dataset_event_from_classic to 2025-04-21 00:00:00+00:00, run_after=2025-04-22 00:00:00+00:00
[2025-04-22T06:22:30.429+0000] {processor.py:208} INFO - Processing /home/airflow/.local/lib/python3.9/site-packages/airflow/example_dags/example_inlet_event_extra.py took 0.502 seconds
[2025-04-22T06:23:00.632+0000] {processor.py:186} INFO - Started process (PID=403) to work on /home/airflow/.local/lib/python3.9/site-packages/airflow/example_dags/example_inlet_event_extra.py
[2025-04-22T06:23:00.634+0000] {processor.py:914} INFO - Processing file /home/airflow/.local/lib/python3.9/site-packages/airflow/example_dags/example_inlet_event_extra.py for tasks to queue
[2025-04-22T06:23:00.637+0000] {logging_mixin.py:190} INFO - [2025-04-22T06:23:00.637+0000] {dagbag.py:588} INFO - Filling up the DagBag from /home/airflow/.local/lib/python3.9/site-packages/airflow/example_dags/example_inlet_event_extra.py
[2025-04-22T06:23:01.097+0000] {processor.py:925} INFO - DAG(s) 'read_dataset_event', 'read_dataset_event_from_classic' retrieved from /home/airflow/.local/lib/python3.9/site-packages/airflow/example_dags/example_inlet_event_extra.py
[2025-04-22T06:23:01.125+0000] {logging_mixin.py:190} INFO - [2025-04-22T06:23:01.124+0000] {dag.py:3239} INFO - Sync 2 DAGs
[2025-04-22T06:23:01.160+0000] {logging_mixin.py:190} INFO - [2025-04-22T06:23:01.159+0000] {dag.py:4180} INFO - Setting next_dagrun for read_dataset_event to 2025-04-21 00:00:00+00:00, run_after=2025-04-22 00:00:00+00:00
[2025-04-22T06:23:01.168+0000] {logging_mixin.py:190} INFO - [2025-04-22T06:23:01.168+0000] {dag.py:4180} INFO - Setting next_dagrun for read_dataset_event_from_classic to 2025-04-21 00:00:00+00:00, run_after=2025-04-22 00:00:00+00:00
[2025-04-22T06:23:01.187+0000] {processor.py:208} INFO - Processing /home/airflow/.local/lib/python3.9/site-packages/airflow/example_dags/example_inlet_event_extra.py took 0.563 seconds
[2025-04-22T06:23:31.304+0000] {processor.py:186} INFO - Started process (PID=463) to work on /home/airflow/.local/lib/python3.9/site-packages/airflow/example_dags/example_inlet_event_extra.py
[2025-04-22T06:23:31.305+0000] {processor.py:914} INFO - Processing file /home/airflow/.local/lib/python3.9/site-packages/airflow/example_dags/example_inlet_event_extra.py for tasks to queue
[2025-04-22T06:23:31.308+0000] {logging_mixin.py:190} INFO - [2025-04-22T06:23:31.307+0000] {dagbag.py:588} INFO - Filling up the DagBag from /home/airflow/.local/lib/python3.9/site-packages/airflow/example_dags/example_inlet_event_extra.py
[2025-04-22T06:23:31.654+0000] {processor.py:925} INFO - DAG(s) 'read_dataset_event_from_classic', 'read_dataset_event' retrieved from /home/airflow/.local/lib/python3.9/site-packages/airflow/example_dags/example_inlet_event_extra.py
[2025-04-22T06:23:31.676+0000] {logging_mixin.py:190} INFO - [2025-04-22T06:23:31.676+0000] {dag.py:3239} INFO - Sync 2 DAGs
[2025-04-22T06:23:31.702+0000] {logging_mixin.py:190} INFO - [2025-04-22T06:23:31.702+0000] {dag.py:4180} INFO - Setting next_dagrun for read_dataset_event to 2025-04-21 00:00:00+00:00, run_after=2025-04-22 00:00:00+00:00
[2025-04-22T06:23:31.707+0000] {logging_mixin.py:190} INFO - [2025-04-22T06:23:31.707+0000] {dag.py:4180} INFO - Setting next_dagrun for read_dataset_event_from_classic to 2025-04-21 00:00:00+00:00, run_after=2025-04-22 00:00:00+00:00
[2025-04-22T06:23:31.730+0000] {processor.py:208} INFO - Processing /home/airflow/.local/lib/python3.9/site-packages/airflow/example_dags/example_inlet_event_extra.py took 0.433 seconds
[2025-04-22T06:24:02.017+0000] {processor.py:186} INFO - Started process (PID=514) to work on /home/airflow/.local/lib/python3.9/site-packages/airflow/example_dags/example_inlet_event_extra.py
[2025-04-22T06:24:02.018+0000] {processor.py:914} INFO - Processing file /home/airflow/.local/lib/python3.9/site-packages/airflow/example_dags/example_inlet_event_extra.py for tasks to queue
[2025-04-22T06:24:02.021+0000] {logging_mixin.py:190} INFO - [2025-04-22T06:24:02.020+0000] {dagbag.py:588} INFO - Filling up the DagBag from /home/airflow/.local/lib/python3.9/site-packages/airflow/example_dags/example_inlet_event_extra.py
[2025-04-22T06:24:02.327+0000] {processor.py:925} INFO - DAG(s) 'read_dataset_event_from_classic', 'read_dataset_event' retrieved from /home/airflow/.local/lib/python3.9/site-packages/airflow/example_dags/example_inlet_event_extra.py
[2025-04-22T06:24:02.345+0000] {logging_mixin.py:190} INFO - [2025-04-22T06:24:02.345+0000] {dag.py:3239} INFO - Sync 2 DAGs
[2025-04-22T06:24:02.370+0000] {logging_mixin.py:190} INFO - [2025-04-22T06:24:02.370+0000] {dag.py:4180} INFO - Setting next_dagrun for read_dataset_event to 2025-04-21 00:00:00+00:00, run_after=2025-04-22 00:00:00+00:00
[2025-04-22T06:24:02.375+0000] {logging_mixin.py:190} INFO - [2025-04-22T06:24:02.375+0000] {dag.py:4180} INFO - Setting next_dagrun for read_dataset_event_from_classic to 2025-04-21 00:00:00+00:00, run_after=2025-04-22 00:00:00+00:00
[2025-04-22T06:24:02.601+0000] {processor.py:208} INFO - Processing /home/airflow/.local/lib/python3.9/site-packages/airflow/example_dags/example_inlet_event_extra.py took 0.591 seconds
[2025-04-22T06:24:32.705+0000] {processor.py:186} INFO - Started process (PID=577) to work on /home/airflow/.local/lib/python3.9/site-packages/airflow/example_dags/example_inlet_event_extra.py
[2025-04-22T06:24:32.705+0000] {processor.py:914} INFO - Processing file /home/airflow/.local/lib/python3.9/site-packages/airflow/example_dags/example_inlet_event_extra.py for tasks to queue
[2025-04-22T06:24:32.708+0000] {logging_mixin.py:190} INFO - [2025-04-22T06:24:32.708+0000] {dagbag.py:588} INFO - Filling up the DagBag from /home/airflow/.local/lib/python3.9/site-packages/airflow/example_dags/example_inlet_event_extra.py
[2025-04-22T06:24:33.105+0000] {processor.py:925} INFO - DAG(s) 'read_dataset_event_from_classic', 'read_dataset_event' retrieved from /home/airflow/.local/lib/python3.9/site-packages/airflow/example_dags/example_inlet_event_extra.py
[2025-04-22T06:24:33.128+0000] {logging_mixin.py:190} INFO - [2025-04-22T06:24:33.127+0000] {dag.py:3239} INFO - Sync 2 DAGs
[2025-04-22T06:24:33.153+0000] {logging_mixin.py:190} INFO - [2025-04-22T06:24:33.153+0000] {dag.py:4180} INFO - Setting next_dagrun for read_dataset_event to 2025-04-21 00:00:00+00:00, run_after=2025-04-22 00:00:00+00:00
[2025-04-22T06:24:33.158+0000] {logging_mixin.py:190} INFO - [2025-04-22T06:24:33.158+0000] {dag.py:4180} INFO - Setting next_dagrun for read_dataset_event_from_classic to 2025-04-21 00:00:00+00:00, run_after=2025-04-22 00:00:00+00:00
[2025-04-22T06:24:33.319+0000] {processor.py:208} INFO - Processing /home/airflow/.local/lib/python3.9/site-packages/airflow/example_dags/example_inlet_event_extra.py took 0.620 seconds
[2025-04-22T06:25:03.410+0000] {processor.py:186} INFO - Started process (PID=638) to work on /home/airflow/.local/lib/python3.9/site-packages/airflow/example_dags/example_inlet_event_extra.py
[2025-04-22T06:25:03.411+0000] {processor.py:914} INFO - Processing file /home/airflow/.local/lib/python3.9/site-packages/airflow/example_dags/example_inlet_event_extra.py for tasks to queue
[2025-04-22T06:25:03.414+0000] {logging_mixin.py:190} INFO - [2025-04-22T06:25:03.413+0000] {dagbag.py:588} INFO - Filling up the DagBag from /home/airflow/.local/lib/python3.9/site-packages/airflow/example_dags/example_inlet_event_extra.py
[2025-04-22T06:25:03.720+0000] {processor.py:925} INFO - DAG(s) 'read_dataset_event_from_classic', 'read_dataset_event' retrieved from /home/airflow/.local/lib/python3.9/site-packages/airflow/example_dags/example_inlet_event_extra.py
[2025-04-22T06:25:03.739+0000] {logging_mixin.py:190} INFO - [2025-04-22T06:25:03.738+0000] {dag.py:3239} INFO - Sync 2 DAGs
[2025-04-22T06:25:03.762+0000] {logging_mixin.py:190} INFO - [2025-04-22T06:25:03.762+0000] {dag.py:4180} INFO - Setting next_dagrun for read_dataset_event to 2025-04-21 00:00:00+00:00, run_after=2025-04-22 00:00:00+00:00
[2025-04-22T06:25:03.767+0000] {logging_mixin.py:190} INFO - [2025-04-22T06:25:03.766+0000] {dag.py:4180} INFO - Setting next_dagrun for read_dataset_event_from_classic to 2025-04-21 00:00:00+00:00, run_after=2025-04-22 00:00:00+00:00
[2025-04-22T06:25:03.904+0000] {processor.py:208} INFO - Processing /home/airflow/.local/lib/python3.9/site-packages/airflow/example_dags/example_inlet_event_extra.py took 0.500 seconds
[2025-04-22T06:25:34.708+0000] {processor.py:186} INFO - Started process (PID=698) to work on /home/airflow/.local/lib/python3.9/site-packages/airflow/example_dags/example_inlet_event_extra.py
[2025-04-22T06:25:34.709+0000] {processor.py:914} INFO - Processing file /home/airflow/.local/lib/python3.9/site-packages/airflow/example_dags/example_inlet_event_extra.py for tasks to queue
[2025-04-22T06:25:34.712+0000] {logging_mixin.py:190} INFO - [2025-04-22T06:25:34.712+0000] {dagbag.py:588} INFO - Filling up the DagBag from /home/airflow/.local/lib/python3.9/site-packages/airflow/example_dags/example_inlet_event_extra.py
[2025-04-22T06:25:35.175+0000] {processor.py:925} INFO - DAG(s) 'read_dataset_event', 'read_dataset_event_from_classic' retrieved from /home/airflow/.local/lib/python3.9/site-packages/airflow/example_dags/example_inlet_event_extra.py
[2025-04-22T06:25:35.199+0000] {logging_mixin.py:190} INFO - [2025-04-22T06:25:35.199+0000] {dag.py:3239} INFO - Sync 2 DAGs
[2025-04-22T06:25:35.230+0000] {logging_mixin.py:190} INFO - [2025-04-22T06:25:35.230+0000] {dag.py:4180} INFO - Setting next_dagrun for read_dataset_event to 2025-04-21 00:00:00+00:00, run_after=2025-04-22 00:00:00+00:00
[2025-04-22T06:25:35.235+0000] {logging_mixin.py:190} INFO - [2025-04-22T06:25:35.235+0000] {dag.py:4180} INFO - Setting next_dagrun for read_dataset_event_from_classic to 2025-04-21 00:00:00+00:00, run_after=2025-04-22 00:00:00+00:00
[2025-04-22T06:25:35.384+0000] {processor.py:208} INFO - Processing /home/airflow/.local/lib/python3.9/site-packages/airflow/example_dags/example_inlet_event_extra.py took 0.682 seconds
[2025-04-22T06:26:05.756+0000] {processor.py:186} INFO - Started process (PID=760) to work on /home/airflow/.local/lib/python3.9/site-packages/airflow/example_dags/example_inlet_event_extra.py
[2025-04-22T06:26:05.757+0000] {processor.py:914} INFO - Processing file /home/airflow/.local/lib/python3.9/site-packages/airflow/example_dags/example_inlet_event_extra.py for tasks to queue
[2025-04-22T06:26:05.760+0000] {logging_mixin.py:190} INFO - [2025-04-22T06:26:05.759+0000] {dagbag.py:588} INFO - Filling up the DagBag from /home/airflow/.local/lib/python3.9/site-packages/airflow/example_dags/example_inlet_event_extra.py
[2025-04-22T06:26:06.067+0000] {processor.py:925} INFO - DAG(s) 'read_dataset_event', 'read_dataset_event_from_classic' retrieved from /home/airflow/.local/lib/python3.9/site-packages/airflow/example_dags/example_inlet_event_extra.py
[2025-04-22T06:26:06.087+0000] {logging_mixin.py:190} INFO - [2025-04-22T06:26:06.087+0000] {dag.py:3239} INFO - Sync 2 DAGs
[2025-04-22T06:26:06.238+0000] {logging_mixin.py:190} INFO - [2025-04-22T06:26:06.238+0000] {dag.py:4180} INFO - Setting next_dagrun for read_dataset_event to 2025-04-21 00:00:00+00:00, run_after=2025-04-22 00:00:00+00:00
[2025-04-22T06:26:06.244+0000] {logging_mixin.py:190} INFO - [2025-04-22T06:26:06.244+0000] {dag.py:4180} INFO - Setting next_dagrun for read_dataset_event_from_classic to 2025-04-21 00:00:00+00:00, run_after=2025-04-22 00:00:00+00:00
[2025-04-22T06:26:06.261+0000] {processor.py:208} INFO - Processing /home/airflow/.local/lib/python3.9/site-packages/airflow/example_dags/example_inlet_event_extra.py took 0.511 seconds
[2025-04-22T06:26:36.508+0000] {processor.py:186} INFO - Started process (PID=821) to work on /home/airflow/.local/lib/python3.9/site-packages/airflow/example_dags/example_inlet_event_extra.py
[2025-04-22T06:26:36.509+0000] {processor.py:914} INFO - Processing file /home/airflow/.local/lib/python3.9/site-packages/airflow/example_dags/example_inlet_event_extra.py for tasks to queue
[2025-04-22T06:26:36.512+0000] {logging_mixin.py:190} INFO - [2025-04-22T06:26:36.511+0000] {dagbag.py:588} INFO - Filling up the DagBag from /home/airflow/.local/lib/python3.9/site-packages/airflow/example_dags/example_inlet_event_extra.py
[2025-04-22T06:26:36.822+0000] {processor.py:925} INFO - DAG(s) 'read_dataset_event_from_classic', 'read_dataset_event' retrieved from /home/airflow/.local/lib/python3.9/site-packages/airflow/example_dags/example_inlet_event_extra.py
[2025-04-22T06:26:36.840+0000] {logging_mixin.py:190} INFO - [2025-04-22T06:26:36.840+0000] {dag.py:3239} INFO - Sync 2 DAGs
[2025-04-22T06:26:36.863+0000] {logging_mixin.py:190} INFO - [2025-04-22T06:26:36.863+0000] {dag.py:4180} INFO - Setting next_dagrun for read_dataset_event to 2025-04-21 00:00:00+00:00, run_after=2025-04-22 00:00:00+00:00
[2025-04-22T06:26:36.868+0000] {logging_mixin.py:190} INFO - [2025-04-22T06:26:36.868+0000] {dag.py:4180} INFO - Setting next_dagrun for read_dataset_event_from_classic to 2025-04-21 00:00:00+00:00, run_after=2025-04-22 00:00:00+00:00
[2025-04-22T06:26:37.213+0000] {processor.py:208} INFO - Processing /home/airflow/.local/lib/python3.9/site-packages/airflow/example_dags/example_inlet_event_extra.py took 0.711 seconds
[2025-04-22T06:27:08.123+0000] {processor.py:186} INFO - Started process (PID=882) to work on /home/airflow/.local/lib/python3.9/site-packages/airflow/example_dags/example_inlet_event_extra.py
[2025-04-22T06:27:08.124+0000] {processor.py:914} INFO - Processing file /home/airflow/.local/lib/python3.9/site-packages/airflow/example_dags/example_inlet_event_extra.py for tasks to queue
[2025-04-22T06:27:08.126+0000] {logging_mixin.py:190} INFO - [2025-04-22T06:27:08.126+0000] {dagbag.py:588} INFO - Filling up the DagBag from /home/airflow/.local/lib/python3.9/site-packages/airflow/example_dags/example_inlet_event_extra.py
[2025-04-22T06:27:08.433+0000] {processor.py:925} INFO - DAG(s) 'read_dataset_event_from_classic', 'read_dataset_event' retrieved from /home/airflow/.local/lib/python3.9/site-packages/airflow/example_dags/example_inlet_event_extra.py
[2025-04-22T06:27:08.452+0000] {logging_mixin.py:190} INFO - [2025-04-22T06:27:08.452+0000] {dag.py:3239} INFO - Sync 2 DAGs
[2025-04-22T06:27:08.602+0000] {logging_mixin.py:190} INFO - [2025-04-22T06:27:08.601+0000] {dag.py:4180} INFO - Setting next_dagrun for read_dataset_event to 2025-04-21 00:00:00+00:00, run_after=2025-04-22 00:00:00+00:00
[2025-04-22T06:27:08.607+0000] {logging_mixin.py:190} INFO - [2025-04-22T06:27:08.607+0000] {dag.py:4180} INFO - Setting next_dagrun for read_dataset_event_from_classic to 2025-04-21 00:00:00+00:00, run_after=2025-04-22 00:00:00+00:00
[2025-04-22T06:27:08.626+0000] {processor.py:208} INFO - Processing /home/airflow/.local/lib/python3.9/site-packages/airflow/example_dags/example_inlet_event_extra.py took 0.508 seconds
[2025-04-22T06:27:38.772+0000] {processor.py:186} INFO - Started process (PID=940) to work on /home/airflow/.local/lib/python3.9/site-packages/airflow/example_dags/example_inlet_event_extra.py
[2025-04-22T06:27:38.773+0000] {processor.py:914} INFO - Processing file /home/airflow/.local/lib/python3.9/site-packages/airflow/example_dags/example_inlet_event_extra.py for tasks to queue
[2025-04-22T06:27:38.775+0000] {logging_mixin.py:190} INFO - [2025-04-22T06:27:38.775+0000] {dagbag.py:588} INFO - Filling up the DagBag from /home/airflow/.local/lib/python3.9/site-packages/airflow/example_dags/example_inlet_event_extra.py
[2025-04-22T06:27:39.154+0000] {processor.py:925} INFO - DAG(s) 'read_dataset_event_from_classic', 'read_dataset_event' retrieved from /home/airflow/.local/lib/python3.9/site-packages/airflow/example_dags/example_inlet_event_extra.py
[2025-04-22T06:27:39.174+0000] {logging_mixin.py:190} INFO - [2025-04-22T06:27:39.173+0000] {dag.py:3239} INFO - Sync 2 DAGs
[2025-04-22T06:27:39.200+0000] {logging_mixin.py:190} INFO - [2025-04-22T06:27:39.200+0000] {dag.py:4180} INFO - Setting next_dagrun for read_dataset_event to 2025-04-21 00:00:00+00:00, run_after=2025-04-22 00:00:00+00:00
[2025-04-22T06:27:39.209+0000] {logging_mixin.py:190} INFO - [2025-04-22T06:27:39.209+0000] {dag.py:4180} INFO - Setting next_dagrun for read_dataset_event_from_classic to 2025-04-21 00:00:00+00:00, run_after=2025-04-22 00:00:00+00:00
[2025-04-22T06:27:39.357+0000] {processor.py:208} INFO - Processing /home/airflow/.local/lib/python3.9/site-packages/airflow/example_dags/example_inlet_event_extra.py took 0.591 seconds
[2025-04-22T06:28:09.502+0000] {processor.py:186} INFO - Started process (PID=1002) to work on /home/airflow/.local/lib/python3.9/site-packages/airflow/example_dags/example_inlet_event_extra.py
[2025-04-22T06:28:09.503+0000] {processor.py:914} INFO - Processing file /home/airflow/.local/lib/python3.9/site-packages/airflow/example_dags/example_inlet_event_extra.py for tasks to queue
[2025-04-22T06:28:09.505+0000] {logging_mixin.py:190} INFO - [2025-04-22T06:28:09.504+0000] {dagbag.py:588} INFO - Filling up the DagBag from /home/airflow/.local/lib/python3.9/site-packages/airflow/example_dags/example_inlet_event_extra.py
[2025-04-22T06:28:09.795+0000] {processor.py:925} INFO - DAG(s) 'read_dataset_event_from_classic', 'read_dataset_event' retrieved from /home/airflow/.local/lib/python3.9/site-packages/airflow/example_dags/example_inlet_event_extra.py
[2025-04-22T06:28:09.814+0000] {logging_mixin.py:190} INFO - [2025-04-22T06:28:09.814+0000] {dag.py:3239} INFO - Sync 2 DAGs
[2025-04-22T06:28:09.838+0000] {logging_mixin.py:190} INFO - [2025-04-22T06:28:09.838+0000] {dag.py:4180} INFO - Setting next_dagrun for read_dataset_event to 2025-04-21 00:00:00+00:00, run_after=2025-04-22 00:00:00+00:00
[2025-04-22T06:28:09.843+0000] {logging_mixin.py:190} INFO - [2025-04-22T06:28:09.843+0000] {dag.py:4180} INFO - Setting next_dagrun for read_dataset_event_from_classic to 2025-04-21 00:00:00+00:00, run_after=2025-04-22 00:00:00+00:00
[2025-04-22T06:28:09.981+0000] {processor.py:208} INFO - Processing /home/airflow/.local/lib/python3.9/site-packages/airflow/example_dags/example_inlet_event_extra.py took 0.485 seconds
[2025-04-22T06:28:40.023+0000] {processor.py:186} INFO - Started process (PID=1056) to work on /home/airflow/.local/lib/python3.9/site-packages/airflow/example_dags/example_inlet_event_extra.py
[2025-04-22T06:28:40.024+0000] {processor.py:914} INFO - Processing file /home/airflow/.local/lib/python3.9/site-packages/airflow/example_dags/example_inlet_event_extra.py for tasks to queue
[2025-04-22T06:28:40.026+0000] {logging_mixin.py:190} INFO - [2025-04-22T06:28:40.026+0000] {dagbag.py:588} INFO - Filling up the DagBag from /home/airflow/.local/lib/python3.9/site-packages/airflow/example_dags/example_inlet_event_extra.py
[2025-04-22T06:28:40.329+0000] {processor.py:925} INFO - DAG(s) 'read_dataset_event', 'read_dataset_event_from_classic' retrieved from /home/airflow/.local/lib/python3.9/site-packages/airflow/example_dags/example_inlet_event_extra.py
[2025-04-22T06:28:40.348+0000] {logging_mixin.py:190} INFO - [2025-04-22T06:28:40.347+0000] {dag.py:3239} INFO - Sync 2 DAGs
[2025-04-22T06:28:40.371+0000] {logging_mixin.py:190} INFO - [2025-04-22T06:28:40.370+0000] {dag.py:4180} INFO - Setting next_dagrun for read_dataset_event to 2025-04-21 00:00:00+00:00, run_after=2025-04-22 00:00:00+00:00
[2025-04-22T06:28:40.375+0000] {logging_mixin.py:190} INFO - [2025-04-22T06:28:40.375+0000] {dag.py:4180} INFO - Setting next_dagrun for read_dataset_event_from_classic to 2025-04-21 00:00:00+00:00, run_after=2025-04-22 00:00:00+00:00
[2025-04-22T06:28:40.393+0000] {processor.py:208} INFO - Processing /home/airflow/.local/lib/python3.9/site-packages/airflow/example_dags/example_inlet_event_extra.py took 0.375 seconds
[2025-04-22T06:29:10.628+0000] {processor.py:186} INFO - Started process (PID=1117) to work on /home/airflow/.local/lib/python3.9/site-packages/airflow/example_dags/example_inlet_event_extra.py
[2025-04-22T06:29:10.629+0000] {processor.py:914} INFO - Processing file /home/airflow/.local/lib/python3.9/site-packages/airflow/example_dags/example_inlet_event_extra.py for tasks to queue
[2025-04-22T06:29:10.632+0000] {logging_mixin.py:190} INFO - [2025-04-22T06:29:10.631+0000] {dagbag.py:588} INFO - Filling up the DagBag from /home/airflow/.local/lib/python3.9/site-packages/airflow/example_dags/example_inlet_event_extra.py
[2025-04-22T06:29:11.067+0000] {processor.py:925} INFO - DAG(s) 'read_dataset_event_from_classic', 'read_dataset_event' retrieved from /home/airflow/.local/lib/python3.9/site-packages/airflow/example_dags/example_inlet_event_extra.py
[2025-04-22T06:29:11.088+0000] {logging_mixin.py:190} INFO - [2025-04-22T06:29:11.087+0000] {dag.py:3239} INFO - Sync 2 DAGs
[2025-04-22T06:29:11.111+0000] {logging_mixin.py:190} INFO - [2025-04-22T06:29:11.111+0000] {dag.py:4180} INFO - Setting next_dagrun for read_dataset_event to 2025-04-21 00:00:00+00:00, run_after=2025-04-22 00:00:00+00:00
[2025-04-22T06:29:11.116+0000] {logging_mixin.py:190} INFO - [2025-04-22T06:29:11.116+0000] {dag.py:4180} INFO - Setting next_dagrun for read_dataset_event_from_classic to 2025-04-21 00:00:00+00:00, run_after=2025-04-22 00:00:00+00:00
[2025-04-22T06:29:11.132+0000] {processor.py:208} INFO - Processing /home/airflow/.local/lib/python3.9/site-packages/airflow/example_dags/example_inlet_event_extra.py took 0.511 seconds
[2025-04-22T06:29:41.185+0000] {processor.py:186} INFO - Started process (PID=1172) to work on /home/airflow/.local/lib/python3.9/site-packages/airflow/example_dags/example_inlet_event_extra.py
[2025-04-22T06:29:41.186+0000] {processor.py:914} INFO - Processing file /home/airflow/.local/lib/python3.9/site-packages/airflow/example_dags/example_inlet_event_extra.py for tasks to queue
[2025-04-22T06:29:41.188+0000] {logging_mixin.py:190} INFO - [2025-04-22T06:29:41.188+0000] {dagbag.py:588} INFO - Filling up the DagBag from /home/airflow/.local/lib/python3.9/site-packages/airflow/example_dags/example_inlet_event_extra.py
[2025-04-22T06:29:41.506+0000] {processor.py:925} INFO - DAG(s) 'read_dataset_event', 'read_dataset_event_from_classic' retrieved from /home/airflow/.local/lib/python3.9/site-packages/airflow/example_dags/example_inlet_event_extra.py
[2025-04-22T06:29:41.648+0000] {logging_mixin.py:190} INFO - [2025-04-22T06:29:41.647+0000] {dag.py:3239} INFO - Sync 2 DAGs
[2025-04-22T06:29:41.672+0000] {logging_mixin.py:190} INFO - [2025-04-22T06:29:41.672+0000] {dag.py:4180} INFO - Setting next_dagrun for read_dataset_event to 2025-04-21 00:00:00+00:00, run_after=2025-04-22 00:00:00+00:00
[2025-04-22T06:29:41.677+0000] {logging_mixin.py:190} INFO - [2025-04-22T06:29:41.677+0000] {dag.py:4180} INFO - Setting next_dagrun for read_dataset_event_from_classic to 2025-04-21 00:00:00+00:00, run_after=2025-04-22 00:00:00+00:00
[2025-04-22T06:29:41.693+0000] {processor.py:208} INFO - Processing /home/airflow/.local/lib/python3.9/site-packages/airflow/example_dags/example_inlet_event_extra.py took 0.515 seconds
[2025-04-22T06:30:12.139+0000] {processor.py:186} INFO - Started process (PID=1230) to work on /home/airflow/.local/lib/python3.9/site-packages/airflow/example_dags/example_inlet_event_extra.py
[2025-04-22T06:30:12.140+0000] {processor.py:914} INFO - Processing file /home/airflow/.local/lib/python3.9/site-packages/airflow/example_dags/example_inlet_event_extra.py for tasks to queue
[2025-04-22T06:30:12.142+0000] {logging_mixin.py:190} INFO - [2025-04-22T06:30:12.142+0000] {dagbag.py:588} INFO - Filling up the DagBag from /home/airflow/.local/lib/python3.9/site-packages/airflow/example_dags/example_inlet_event_extra.py
[2025-04-22T06:30:12.465+0000] {processor.py:925} INFO - DAG(s) 'read_dataset_event_from_classic', 'read_dataset_event' retrieved from /home/airflow/.local/lib/python3.9/site-packages/airflow/example_dags/example_inlet_event_extra.py
[2025-04-22T06:30:12.611+0000] {logging_mixin.py:190} INFO - [2025-04-22T06:30:12.611+0000] {dag.py:3239} INFO - Sync 2 DAGs
[2025-04-22T06:30:12.635+0000] {logging_mixin.py:190} INFO - [2025-04-22T06:30:12.635+0000] {dag.py:4180} INFO - Setting next_dagrun for read_dataset_event to 2025-04-21 00:00:00+00:00, run_after=2025-04-22 00:00:00+00:00
[2025-04-22T06:30:12.640+0000] {logging_mixin.py:190} INFO - [2025-04-22T06:30:12.640+0000] {dag.py:4180} INFO - Setting next_dagrun for read_dataset_event_from_classic to 2025-04-21 00:00:00+00:00, run_after=2025-04-22 00:00:00+00:00
[2025-04-22T06:30:12.658+0000] {processor.py:208} INFO - Processing /home/airflow/.local/lib/python3.9/site-packages/airflow/example_dags/example_inlet_event_extra.py took 0.526 seconds
[2025-04-22T06:30:42.904+0000] {processor.py:186} INFO - Started process (PID=1291) to work on /home/airflow/.local/lib/python3.9/site-packages/airflow/example_dags/example_inlet_event_extra.py
[2025-04-22T06:30:42.906+0000] {processor.py:914} INFO - Processing file /home/airflow/.local/lib/python3.9/site-packages/airflow/example_dags/example_inlet_event_extra.py for tasks to queue
[2025-04-22T06:30:42.918+0000] {logging_mixin.py:190} INFO - [2025-04-22T06:30:42.910+0000] {dagbag.py:588} INFO - Filling up the DagBag from /home/airflow/.local/lib/python3.9/site-packages/airflow/example_dags/example_inlet_event_extra.py
[2025-04-22T06:30:43.566+0000] {processor.py:925} INFO - DAG(s) 'read_dataset_event_from_classic', 'read_dataset_event' retrieved from /home/airflow/.local/lib/python3.9/site-packages/airflow/example_dags/example_inlet_event_extra.py
[2025-04-22T06:30:43.817+0000] {logging_mixin.py:190} INFO - [2025-04-22T06:30:43.816+0000] {dag.py:3239} INFO - Sync 2 DAGs
[2025-04-22T06:30:43.851+0000] {logging_mixin.py:190} INFO - [2025-04-22T06:30:43.850+0000] {dag.py:4180} INFO - Setting next_dagrun for read_dataset_event to 2025-04-21 00:00:00+00:00, run_after=2025-04-22 00:00:00+00:00
[2025-04-22T06:30:43.859+0000] {logging_mixin.py:190} INFO - [2025-04-22T06:30:43.859+0000] {dag.py:4180} INFO - Setting next_dagrun for read_dataset_event_from_classic to 2025-04-21 00:00:00+00:00, run_after=2025-04-22 00:00:00+00:00
[2025-04-22T06:30:43.881+0000] {processor.py:208} INFO - Processing /home/airflow/.local/lib/python3.9/site-packages/airflow/example_dags/example_inlet_event_extra.py took 0.990 seconds
[2025-04-22T06:31:14.607+0000] {processor.py:186} INFO - Started process (PID=1350) to work on /home/airflow/.local/lib/python3.9/site-packages/airflow/example_dags/example_inlet_event_extra.py
[2025-04-22T06:31:14.608+0000] {processor.py:914} INFO - Processing file /home/airflow/.local/lib/python3.9/site-packages/airflow/example_dags/example_inlet_event_extra.py for tasks to queue
[2025-04-22T06:31:14.610+0000] {logging_mixin.py:190} INFO - [2025-04-22T06:31:14.610+0000] {dagbag.py:588} INFO - Filling up the DagBag from /home/airflow/.local/lib/python3.9/site-packages/airflow/example_dags/example_inlet_event_extra.py
[2025-04-22T06:31:14.907+0000] {processor.py:925} INFO - DAG(s) 'read_dataset_event', 'read_dataset_event_from_classic' retrieved from /home/airflow/.local/lib/python3.9/site-packages/airflow/example_dags/example_inlet_event_extra.py
[2025-04-22T06:31:15.048+0000] {logging_mixin.py:190} INFO - [2025-04-22T06:31:15.047+0000] {dag.py:3239} INFO - Sync 2 DAGs
[2025-04-22T06:31:15.072+0000] {logging_mixin.py:190} INFO - [2025-04-22T06:31:15.072+0000] {dag.py:4180} INFO - Setting next_dagrun for read_dataset_event to 2025-04-21 00:00:00+00:00, run_after=2025-04-22 00:00:00+00:00
[2025-04-22T06:31:15.077+0000] {logging_mixin.py:190} INFO - [2025-04-22T06:31:15.077+0000] {dag.py:4180} INFO - Setting next_dagrun for read_dataset_event_from_classic to 2025-04-21 00:00:00+00:00, run_after=2025-04-22 00:00:00+00:00
[2025-04-22T06:31:15.093+0000] {processor.py:208} INFO - Processing /home/airflow/.local/lib/python3.9/site-packages/airflow/example_dags/example_inlet_event_extra.py took 0.492 seconds
[2025-04-22T06:31:45.943+0000] {processor.py:186} INFO - Started process (PID=1408) to work on /home/airflow/.local/lib/python3.9/site-packages/airflow/example_dags/example_inlet_event_extra.py
[2025-04-22T06:31:45.944+0000] {processor.py:914} INFO - Processing file /home/airflow/.local/lib/python3.9/site-packages/airflow/example_dags/example_inlet_event_extra.py for tasks to queue
[2025-04-22T06:31:45.946+0000] {logging_mixin.py:190} INFO - [2025-04-22T06:31:45.946+0000] {dagbag.py:588} INFO - Filling up the DagBag from /home/airflow/.local/lib/python3.9/site-packages/airflow/example_dags/example_inlet_event_extra.py
[2025-04-22T06:31:46.240+0000] {processor.py:925} INFO - DAG(s) 'read_dataset_event_from_classic', 'read_dataset_event' retrieved from /home/airflow/.local/lib/python3.9/site-packages/airflow/example_dags/example_inlet_event_extra.py
[2025-04-22T06:31:46.380+0000] {logging_mixin.py:190} INFO - [2025-04-22T06:31:46.380+0000] {dag.py:3239} INFO - Sync 2 DAGs
[2025-04-22T06:31:46.405+0000] {logging_mixin.py:190} INFO - [2025-04-22T06:31:46.405+0000] {dag.py:4180} INFO - Setting next_dagrun for read_dataset_event to 2025-04-21 00:00:00+00:00, run_after=2025-04-22 00:00:00+00:00
[2025-04-22T06:31:46.410+0000] {logging_mixin.py:190} INFO - [2025-04-22T06:31:46.410+0000] {dag.py:4180} INFO - Setting next_dagrun for read_dataset_event_from_classic to 2025-04-21 00:00:00+00:00, run_after=2025-04-22 00:00:00+00:00
[2025-04-22T06:31:46.428+0000] {processor.py:208} INFO - Processing /home/airflow/.local/lib/python3.9/site-packages/airflow/example_dags/example_inlet_event_extra.py took 0.491 seconds
[2025-04-22T06:32:16.574+0000] {processor.py:186} INFO - Started process (PID=1466) to work on /home/airflow/.local/lib/python3.9/site-packages/airflow/example_dags/example_inlet_event_extra.py
[2025-04-22T06:32:16.575+0000] {processor.py:914} INFO - Processing file /home/airflow/.local/lib/python3.9/site-packages/airflow/example_dags/example_inlet_event_extra.py for tasks to queue
[2025-04-22T06:32:16.577+0000] {logging_mixin.py:190} INFO - [2025-04-22T06:32:16.577+0000] {dagbag.py:588} INFO - Filling up the DagBag from /home/airflow/.local/lib/python3.9/site-packages/airflow/example_dags/example_inlet_event_extra.py
[2025-04-22T06:32:16.987+0000] {processor.py:925} INFO - DAG(s) 'read_dataset_event_from_classic', 'read_dataset_event' retrieved from /home/airflow/.local/lib/python3.9/site-packages/airflow/example_dags/example_inlet_event_extra.py
[2025-04-22T06:32:17.228+0000] {logging_mixin.py:190} INFO - [2025-04-22T06:32:17.227+0000] {dag.py:3239} INFO - Sync 2 DAGs
[2025-04-22T06:32:17.269+0000] {logging_mixin.py:190} INFO - [2025-04-22T06:32:17.268+0000] {dag.py:4180} INFO - Setting next_dagrun for read_dataset_event to 2025-04-21 00:00:00+00:00, run_after=2025-04-22 00:00:00+00:00
[2025-04-22T06:32:17.279+0000] {logging_mixin.py:190} INFO - [2025-04-22T06:32:17.279+0000] {dag.py:4180} INFO - Setting next_dagrun for read_dataset_event_from_classic to 2025-04-21 00:00:00+00:00, run_after=2025-04-22 00:00:00+00:00
[2025-04-22T06:32:17.305+0000] {processor.py:208} INFO - Processing /home/airflow/.local/lib/python3.9/site-packages/airflow/example_dags/example_inlet_event_extra.py took 0.737 seconds
