[2025-04-22T06:19:54.871+0000] {processor.py:186} INFO - Started process (PID=36) to work on /home/airflow/.local/lib/python3.9/site-packages/airflow/example_dags/example_python_decorator.py
[2025-04-22T06:19:54.873+0000] {processor.py:914} INFO - Processing file /home/airflow/.local/lib/python3.9/site-packages/airflow/example_dags/example_python_decorator.py for tasks to queue
[2025-04-22T06:19:54.876+0000] {logging_mixin.py:190} INFO - [2025-04-22T06:19:54.876+0000] {dagbag.py:588} INFO - Filling up the DagBag from /home/airflow/.local/lib/python3.9/site-packages/airflow/example_dags/example_python_decorator.py
[2025-04-22T06:19:54.905+0000] {processor.py:925} INFO - DAG(s) 'example_python_decorator' retrieved from /home/airflow/.local/lib/python3.9/site-packages/airflow/example_dags/example_python_decorator.py
[2025-04-22T06:19:55.177+0000] {logging_mixin.py:190} INFO - [2025-04-22T06:19:55.176+0000] {dag.py:3239} INFO - Sync 1 DAGs
[2025-04-22T06:19:55.199+0000] {logging_mixin.py:190} INFO - [2025-04-22T06:19:55.199+0000] {dag.py:4180} INFO - Setting next_dagrun for example_python_decorator to None, run_after=None
[2025-04-22T06:19:55.228+0000] {processor.py:208} INFO - Processing /home/airflow/.local/lib/python3.9/site-packages/airflow/example_dags/example_python_decorator.py took 0.369 seconds
[2025-04-22T06:20:25.468+0000] {processor.py:186} INFO - Started process (PID=95) to work on /home/airflow/.local/lib/python3.9/site-packages/airflow/example_dags/example_python_decorator.py
[2025-04-22T06:20:25.471+0000] {processor.py:914} INFO - Processing file /home/airflow/.local/lib/python3.9/site-packages/airflow/example_dags/example_python_decorator.py for tasks to queue
[2025-04-22T06:20:25.474+0000] {logging_mixin.py:190} INFO - [2025-04-22T06:20:25.474+0000] {dagbag.py:588} INFO - Filling up the DagBag from /home/airflow/.local/lib/python3.9/site-packages/airflow/example_dags/example_python_decorator.py
[2025-04-22T06:20:25.497+0000] {processor.py:925} INFO - DAG(s) 'example_python_decorator' retrieved from /home/airflow/.local/lib/python3.9/site-packages/airflow/example_dags/example_python_decorator.py
[2025-04-22T06:20:25.532+0000] {logging_mixin.py:190} INFO - [2025-04-22T06:20:25.531+0000] {dag.py:3239} INFO - Sync 1 DAGs
[2025-04-22T06:20:25.555+0000] {logging_mixin.py:190} INFO - [2025-04-22T06:20:25.555+0000] {dag.py:4180} INFO - Setting next_dagrun for example_python_decorator to None, run_after=None
[2025-04-22T06:20:25.584+0000] {processor.py:208} INFO - Processing /home/airflow/.local/lib/python3.9/site-packages/airflow/example_dags/example_python_decorator.py took 0.126 seconds
[2025-04-22T06:20:55.715+0000] {processor.py:186} INFO - Started process (PID=152) to work on /home/airflow/.local/lib/python3.9/site-packages/airflow/example_dags/example_python_decorator.py
[2025-04-22T06:20:55.716+0000] {processor.py:914} INFO - Processing file /home/airflow/.local/lib/python3.9/site-packages/airflow/example_dags/example_python_decorator.py for tasks to queue
[2025-04-22T06:20:55.718+0000] {logging_mixin.py:190} INFO - [2025-04-22T06:20:55.717+0000] {dagbag.py:588} INFO - Filling up the DagBag from /home/airflow/.local/lib/python3.9/site-packages/airflow/example_dags/example_python_decorator.py
[2025-04-22T06:20:55.736+0000] {processor.py:925} INFO - DAG(s) 'example_python_decorator' retrieved from /home/airflow/.local/lib/python3.9/site-packages/airflow/example_dags/example_python_decorator.py
[2025-04-22T06:20:55.759+0000] {logging_mixin.py:190} INFO - [2025-04-22T06:20:55.758+0000] {dag.py:3239} INFO - Sync 1 DAGs
[2025-04-22T06:20:55.776+0000] {logging_mixin.py:190} INFO - [2025-04-22T06:20:55.775+0000] {dag.py:4180} INFO - Setting next_dagrun for example_python_decorator to None, run_after=None
[2025-04-22T06:20:55.795+0000] {processor.py:208} INFO - Processing /home/airflow/.local/lib/python3.9/site-packages/airflow/example_dags/example_python_decorator.py took 0.087 seconds
[2025-04-22T06:21:26.604+0000] {processor.py:186} INFO - Started process (PID=210) to work on /home/airflow/.local/lib/python3.9/site-packages/airflow/example_dags/example_python_decorator.py
[2025-04-22T06:21:26.605+0000] {processor.py:914} INFO - Processing file /home/airflow/.local/lib/python3.9/site-packages/airflow/example_dags/example_python_decorator.py for tasks to queue
[2025-04-22T06:21:26.608+0000] {logging_mixin.py:190} INFO - [2025-04-22T06:21:26.608+0000] {dagbag.py:588} INFO - Filling up the DagBag from /home/airflow/.local/lib/python3.9/site-packages/airflow/example_dags/example_python_decorator.py
[2025-04-22T06:21:26.627+0000] {processor.py:925} INFO - DAG(s) 'example_python_decorator' retrieved from /home/airflow/.local/lib/python3.9/site-packages/airflow/example_dags/example_python_decorator.py
[2025-04-22T06:21:26.657+0000] {logging_mixin.py:190} INFO - [2025-04-22T06:21:26.656+0000] {dag.py:3239} INFO - Sync 1 DAGs
[2025-04-22T06:21:26.677+0000] {logging_mixin.py:190} INFO - [2025-04-22T06:21:26.677+0000] {dag.py:4180} INFO - Setting next_dagrun for example_python_decorator to None, run_after=None
[2025-04-22T06:21:26.707+0000] {processor.py:208} INFO - Processing /home/airflow/.local/lib/python3.9/site-packages/airflow/example_dags/example_python_decorator.py took 0.111 seconds
[2025-04-22T06:21:56.862+0000] {processor.py:186} INFO - Started process (PID=268) to work on /home/airflow/.local/lib/python3.9/site-packages/airflow/example_dags/example_python_decorator.py
[2025-04-22T06:21:56.863+0000] {processor.py:914} INFO - Processing file /home/airflow/.local/lib/python3.9/site-packages/airflow/example_dags/example_python_decorator.py for tasks to queue
[2025-04-22T06:21:56.866+0000] {logging_mixin.py:190} INFO - [2025-04-22T06:21:56.866+0000] {dagbag.py:588} INFO - Filling up the DagBag from /home/airflow/.local/lib/python3.9/site-packages/airflow/example_dags/example_python_decorator.py
[2025-04-22T06:21:56.889+0000] {processor.py:925} INFO - DAG(s) 'example_python_decorator' retrieved from /home/airflow/.local/lib/python3.9/site-packages/airflow/example_dags/example_python_decorator.py
[2025-04-22T06:21:56.917+0000] {logging_mixin.py:190} INFO - [2025-04-22T06:21:56.916+0000] {dag.py:3239} INFO - Sync 1 DAGs
[2025-04-22T06:21:56.938+0000] {logging_mixin.py:190} INFO - [2025-04-22T06:21:56.938+0000] {dag.py:4180} INFO - Setting next_dagrun for example_python_decorator to None, run_after=None
[2025-04-22T06:21:56.964+0000] {processor.py:208} INFO - Processing /home/airflow/.local/lib/python3.9/site-packages/airflow/example_dags/example_python_decorator.py took 0.110 seconds
[2025-04-22T06:22:27.532+0000] {processor.py:186} INFO - Started process (PID=326) to work on /home/airflow/.local/lib/python3.9/site-packages/airflow/example_dags/example_python_decorator.py
[2025-04-22T06:22:27.533+0000] {processor.py:914} INFO - Processing file /home/airflow/.local/lib/python3.9/site-packages/airflow/example_dags/example_python_decorator.py for tasks to queue
[2025-04-22T06:22:27.538+0000] {logging_mixin.py:190} INFO - [2025-04-22T06:22:27.535+0000] {dagbag.py:588} INFO - Filling up the DagBag from /home/airflow/.local/lib/python3.9/site-packages/airflow/example_dags/example_python_decorator.py
[2025-04-22T06:22:27.587+0000] {processor.py:925} INFO - DAG(s) 'example_python_decorator' retrieved from /home/airflow/.local/lib/python3.9/site-packages/airflow/example_dags/example_python_decorator.py
[2025-04-22T06:22:27.626+0000] {logging_mixin.py:190} INFO - [2025-04-22T06:22:27.626+0000] {dag.py:3239} INFO - Sync 1 DAGs
[2025-04-22T06:22:27.650+0000] {logging_mixin.py:190} INFO - [2025-04-22T06:22:27.650+0000] {dag.py:4180} INFO - Setting next_dagrun for example_python_decorator to None, run_after=None
[2025-04-22T06:22:27.677+0000] {processor.py:208} INFO - Processing /home/airflow/.local/lib/python3.9/site-packages/airflow/example_dags/example_python_decorator.py took 0.153 seconds
[2025-04-22T06:22:57.913+0000] {processor.py:186} INFO - Started process (PID=384) to work on /home/airflow/.local/lib/python3.9/site-packages/airflow/example_dags/example_python_decorator.py
[2025-04-22T06:22:57.914+0000] {processor.py:914} INFO - Processing file /home/airflow/.local/lib/python3.9/site-packages/airflow/example_dags/example_python_decorator.py for tasks to queue
[2025-04-22T06:22:57.917+0000] {logging_mixin.py:190} INFO - [2025-04-22T06:22:57.916+0000] {dagbag.py:588} INFO - Filling up the DagBag from /home/airflow/.local/lib/python3.9/site-packages/airflow/example_dags/example_python_decorator.py
[2025-04-22T06:22:57.937+0000] {processor.py:925} INFO - DAG(s) 'example_python_decorator' retrieved from /home/airflow/.local/lib/python3.9/site-packages/airflow/example_dags/example_python_decorator.py
[2025-04-22T06:22:57.964+0000] {logging_mixin.py:190} INFO - [2025-04-22T06:22:57.963+0000] {dag.py:3239} INFO - Sync 1 DAGs
[2025-04-22T06:22:57.981+0000] {logging_mixin.py:190} INFO - [2025-04-22T06:22:57.980+0000] {dag.py:4180} INFO - Setting next_dagrun for example_python_decorator to None, run_after=None
[2025-04-22T06:22:58.000+0000] {processor.py:208} INFO - Processing /home/airflow/.local/lib/python3.9/site-packages/airflow/example_dags/example_python_decorator.py took 0.094 seconds
[2025-04-22T06:23:28.088+0000] {processor.py:186} INFO - Started process (PID=442) to work on /home/airflow/.local/lib/python3.9/site-packages/airflow/example_dags/example_python_decorator.py
[2025-04-22T06:23:28.089+0000] {processor.py:914} INFO - Processing file /home/airflow/.local/lib/python3.9/site-packages/airflow/example_dags/example_python_decorator.py for tasks to queue
[2025-04-22T06:23:28.091+0000] {logging_mixin.py:190} INFO - [2025-04-22T06:23:28.091+0000] {dagbag.py:588} INFO - Filling up the DagBag from /home/airflow/.local/lib/python3.9/site-packages/airflow/example_dags/example_python_decorator.py
[2025-04-22T06:23:28.105+0000] {processor.py:925} INFO - DAG(s) 'example_python_decorator' retrieved from /home/airflow/.local/lib/python3.9/site-packages/airflow/example_dags/example_python_decorator.py
[2025-04-22T06:23:28.124+0000] {logging_mixin.py:190} INFO - [2025-04-22T06:23:28.124+0000] {dag.py:3239} INFO - Sync 1 DAGs
[2025-04-22T06:23:28.138+0000] {logging_mixin.py:190} INFO - [2025-04-22T06:23:28.137+0000] {dag.py:4180} INFO - Setting next_dagrun for example_python_decorator to None, run_after=None
[2025-04-22T06:23:28.157+0000] {processor.py:208} INFO - Processing /home/airflow/.local/lib/python3.9/site-packages/airflow/example_dags/example_python_decorator.py took 0.077 seconds
[2025-04-22T06:23:58.227+0000] {processor.py:186} INFO - Started process (PID=500) to work on /home/airflow/.local/lib/python3.9/site-packages/airflow/example_dags/example_python_decorator.py
[2025-04-22T06:23:58.228+0000] {processor.py:914} INFO - Processing file /home/airflow/.local/lib/python3.9/site-packages/airflow/example_dags/example_python_decorator.py for tasks to queue
[2025-04-22T06:23:58.230+0000] {logging_mixin.py:190} INFO - [2025-04-22T06:23:58.230+0000] {dagbag.py:588} INFO - Filling up the DagBag from /home/airflow/.local/lib/python3.9/site-packages/airflow/example_dags/example_python_decorator.py
[2025-04-22T06:23:58.244+0000] {processor.py:925} INFO - DAG(s) 'example_python_decorator' retrieved from /home/airflow/.local/lib/python3.9/site-packages/airflow/example_dags/example_python_decorator.py
[2025-04-22T06:23:58.266+0000] {logging_mixin.py:190} INFO - [2025-04-22T06:23:58.266+0000] {dag.py:3239} INFO - Sync 1 DAGs
[2025-04-22T06:23:58.280+0000] {logging_mixin.py:190} INFO - [2025-04-22T06:23:58.280+0000] {dag.py:4180} INFO - Setting next_dagrun for example_python_decorator to None, run_after=None
[2025-04-22T06:23:58.300+0000] {processor.py:208} INFO - Processing /home/airflow/.local/lib/python3.9/site-packages/airflow/example_dags/example_python_decorator.py took 0.080 seconds
[2025-04-22T06:24:29.359+0000] {processor.py:186} INFO - Started process (PID=558) to work on /home/airflow/.local/lib/python3.9/site-packages/airflow/example_dags/example_python_decorator.py
[2025-04-22T06:24:29.360+0000] {processor.py:914} INFO - Processing file /home/airflow/.local/lib/python3.9/site-packages/airflow/example_dags/example_python_decorator.py for tasks to queue
[2025-04-22T06:24:29.362+0000] {logging_mixin.py:190} INFO - [2025-04-22T06:24:29.362+0000] {dagbag.py:588} INFO - Filling up the DagBag from /home/airflow/.local/lib/python3.9/site-packages/airflow/example_dags/example_python_decorator.py
[2025-04-22T06:24:29.376+0000] {processor.py:925} INFO - DAG(s) 'example_python_decorator' retrieved from /home/airflow/.local/lib/python3.9/site-packages/airflow/example_dags/example_python_decorator.py
[2025-04-22T06:24:29.396+0000] {logging_mixin.py:190} INFO - [2025-04-22T06:24:29.395+0000] {dag.py:3239} INFO - Sync 1 DAGs
[2025-04-22T06:24:29.410+0000] {logging_mixin.py:190} INFO - [2025-04-22T06:24:29.410+0000] {dag.py:4180} INFO - Setting next_dagrun for example_python_decorator to None, run_after=None
[2025-04-22T06:24:29.429+0000] {processor.py:208} INFO - Processing /home/airflow/.local/lib/python3.9/site-packages/airflow/example_dags/example_python_decorator.py took 0.076 seconds
[2025-04-22T06:25:00.013+0000] {processor.py:186} INFO - Started process (PID=616) to work on /home/airflow/.local/lib/python3.9/site-packages/airflow/example_dags/example_python_decorator.py
[2025-04-22T06:25:00.014+0000] {processor.py:914} INFO - Processing file /home/airflow/.local/lib/python3.9/site-packages/airflow/example_dags/example_python_decorator.py for tasks to queue
[2025-04-22T06:25:00.016+0000] {logging_mixin.py:190} INFO - [2025-04-22T06:25:00.016+0000] {dagbag.py:588} INFO - Filling up the DagBag from /home/airflow/.local/lib/python3.9/site-packages/airflow/example_dags/example_python_decorator.py
[2025-04-22T06:25:00.030+0000] {processor.py:925} INFO - DAG(s) 'example_python_decorator' retrieved from /home/airflow/.local/lib/python3.9/site-packages/airflow/example_dags/example_python_decorator.py
[2025-04-22T06:25:00.051+0000] {logging_mixin.py:190} INFO - [2025-04-22T06:25:00.050+0000] {dag.py:3239} INFO - Sync 1 DAGs
[2025-04-22T06:25:00.065+0000] {logging_mixin.py:190} INFO - [2025-04-22T06:25:00.064+0000] {dag.py:4180} INFO - Setting next_dagrun for example_python_decorator to None, run_after=None
[2025-04-22T06:25:00.083+0000] {processor.py:208} INFO - Processing /home/airflow/.local/lib/python3.9/site-packages/airflow/example_dags/example_python_decorator.py took 0.078 seconds
[2025-04-22T06:25:30.134+0000] {processor.py:186} INFO - Started process (PID=673) to work on /home/airflow/.local/lib/python3.9/site-packages/airflow/example_dags/example_python_decorator.py
[2025-04-22T06:25:30.135+0000] {processor.py:914} INFO - Processing file /home/airflow/.local/lib/python3.9/site-packages/airflow/example_dags/example_python_decorator.py for tasks to queue
[2025-04-22T06:25:30.137+0000] {logging_mixin.py:190} INFO - [2025-04-22T06:25:30.137+0000] {dagbag.py:588} INFO - Filling up the DagBag from /home/airflow/.local/lib/python3.9/site-packages/airflow/example_dags/example_python_decorator.py
[2025-04-22T06:25:30.151+0000] {processor.py:925} INFO - DAG(s) 'example_python_decorator' retrieved from /home/airflow/.local/lib/python3.9/site-packages/airflow/example_dags/example_python_decorator.py
[2025-04-22T06:25:30.170+0000] {logging_mixin.py:190} INFO - [2025-04-22T06:25:30.170+0000] {dag.py:3239} INFO - Sync 1 DAGs
[2025-04-22T06:25:30.184+0000] {logging_mixin.py:190} INFO - [2025-04-22T06:25:30.184+0000] {dag.py:4180} INFO - Setting next_dagrun for example_python_decorator to None, run_after=None
[2025-04-22T06:25:30.202+0000] {processor.py:208} INFO - Processing /home/airflow/.local/lib/python3.9/site-packages/airflow/example_dags/example_python_decorator.py took 0.073 seconds
[2025-04-22T06:26:00.941+0000] {processor.py:186} INFO - Started process (PID=732) to work on /home/airflow/.local/lib/python3.9/site-packages/airflow/example_dags/example_python_decorator.py
[2025-04-22T06:26:00.942+0000] {processor.py:914} INFO - Processing file /home/airflow/.local/lib/python3.9/site-packages/airflow/example_dags/example_python_decorator.py for tasks to queue
[2025-04-22T06:26:00.944+0000] {logging_mixin.py:190} INFO - [2025-04-22T06:26:00.944+0000] {dagbag.py:588} INFO - Filling up the DagBag from /home/airflow/.local/lib/python3.9/site-packages/airflow/example_dags/example_python_decorator.py
[2025-04-22T06:26:00.958+0000] {processor.py:925} INFO - DAG(s) 'example_python_decorator' retrieved from /home/airflow/.local/lib/python3.9/site-packages/airflow/example_dags/example_python_decorator.py
[2025-04-22T06:26:00.979+0000] {logging_mixin.py:190} INFO - [2025-04-22T06:26:00.979+0000] {dag.py:3239} INFO - Sync 1 DAGs
[2025-04-22T06:26:00.995+0000] {logging_mixin.py:190} INFO - [2025-04-22T06:26:00.994+0000] {dag.py:4180} INFO - Setting next_dagrun for example_python_decorator to None, run_after=None
[2025-04-22T06:26:01.015+0000] {processor.py:208} INFO - Processing /home/airflow/.local/lib/python3.9/site-packages/airflow/example_dags/example_python_decorator.py took 0.079 seconds
[2025-04-22T06:26:31.613+0000] {processor.py:186} INFO - Started process (PID=790) to work on /home/airflow/.local/lib/python3.9/site-packages/airflow/example_dags/example_python_decorator.py
[2025-04-22T06:26:31.614+0000] {processor.py:914} INFO - Processing file /home/airflow/.local/lib/python3.9/site-packages/airflow/example_dags/example_python_decorator.py for tasks to queue
[2025-04-22T06:26:31.616+0000] {logging_mixin.py:190} INFO - [2025-04-22T06:26:31.616+0000] {dagbag.py:588} INFO - Filling up the DagBag from /home/airflow/.local/lib/python3.9/site-packages/airflow/example_dags/example_python_decorator.py
[2025-04-22T06:26:31.635+0000] {processor.py:925} INFO - DAG(s) 'example_python_decorator' retrieved from /home/airflow/.local/lib/python3.9/site-packages/airflow/example_dags/example_python_decorator.py
[2025-04-22T06:26:31.661+0000] {logging_mixin.py:190} INFO - [2025-04-22T06:26:31.660+0000] {dag.py:3239} INFO - Sync 1 DAGs
[2025-04-22T06:26:31.675+0000] {logging_mixin.py:190} INFO - [2025-04-22T06:26:31.675+0000] {dag.py:4180} INFO - Setting next_dagrun for example_python_decorator to None, run_after=None
[2025-04-22T06:26:31.741+0000] {processor.py:208} INFO - Processing /home/airflow/.local/lib/python3.9/site-packages/airflow/example_dags/example_python_decorator.py took 0.136 seconds
[2025-04-22T06:27:02.223+0000] {processor.py:186} INFO - Started process (PID=848) to work on /home/airflow/.local/lib/python3.9/site-packages/airflow/example_dags/example_python_decorator.py
[2025-04-22T06:27:02.223+0000] {processor.py:914} INFO - Processing file /home/airflow/.local/lib/python3.9/site-packages/airflow/example_dags/example_python_decorator.py for tasks to queue
[2025-04-22T06:27:02.225+0000] {logging_mixin.py:190} INFO - [2025-04-22T06:27:02.225+0000] {dagbag.py:588} INFO - Filling up the DagBag from /home/airflow/.local/lib/python3.9/site-packages/airflow/example_dags/example_python_decorator.py
[2025-04-22T06:27:02.239+0000] {processor.py:925} INFO - DAG(s) 'example_python_decorator' retrieved from /home/airflow/.local/lib/python3.9/site-packages/airflow/example_dags/example_python_decorator.py
[2025-04-22T06:27:02.259+0000] {logging_mixin.py:190} INFO - [2025-04-22T06:27:02.259+0000] {dag.py:3239} INFO - Sync 1 DAGs
[2025-04-22T06:27:02.273+0000] {logging_mixin.py:190} INFO - [2025-04-22T06:27:02.273+0000] {dag.py:4180} INFO - Setting next_dagrun for example_python_decorator to None, run_after=None
[2025-04-22T06:27:02.292+0000] {processor.py:208} INFO - Processing /home/airflow/.local/lib/python3.9/site-packages/airflow/example_dags/example_python_decorator.py took 0.075 seconds
[2025-04-22T06:27:32.543+0000] {processor.py:186} INFO - Started process (PID=906) to work on /home/airflow/.local/lib/python3.9/site-packages/airflow/example_dags/example_python_decorator.py
[2025-04-22T06:27:32.544+0000] {processor.py:914} INFO - Processing file /home/airflow/.local/lib/python3.9/site-packages/airflow/example_dags/example_python_decorator.py for tasks to queue
[2025-04-22T06:27:32.547+0000] {logging_mixin.py:190} INFO - [2025-04-22T06:27:32.547+0000] {dagbag.py:588} INFO - Filling up the DagBag from /home/airflow/.local/lib/python3.9/site-packages/airflow/example_dags/example_python_decorator.py
[2025-04-22T06:27:32.563+0000] {processor.py:925} INFO - DAG(s) 'example_python_decorator' retrieved from /home/airflow/.local/lib/python3.9/site-packages/airflow/example_dags/example_python_decorator.py
[2025-04-22T06:27:32.587+0000] {logging_mixin.py:190} INFO - [2025-04-22T06:27:32.586+0000] {dag.py:3239} INFO - Sync 1 DAGs
[2025-04-22T06:27:32.609+0000] {logging_mixin.py:190} INFO - [2025-04-22T06:27:32.609+0000] {dag.py:4180} INFO - Setting next_dagrun for example_python_decorator to None, run_after=None
[2025-04-22T06:27:32.628+0000] {processor.py:208} INFO - Processing /home/airflow/.local/lib/python3.9/site-packages/airflow/example_dags/example_python_decorator.py took 0.091 seconds
[2025-04-22T06:28:03.258+0000] {processor.py:186} INFO - Started process (PID=964) to work on /home/airflow/.local/lib/python3.9/site-packages/airflow/example_dags/example_python_decorator.py
[2025-04-22T06:28:03.259+0000] {processor.py:914} INFO - Processing file /home/airflow/.local/lib/python3.9/site-packages/airflow/example_dags/example_python_decorator.py for tasks to queue
[2025-04-22T06:28:03.262+0000] {logging_mixin.py:190} INFO - [2025-04-22T06:28:03.261+0000] {dagbag.py:588} INFO - Filling up the DagBag from /home/airflow/.local/lib/python3.9/site-packages/airflow/example_dags/example_python_decorator.py
[2025-04-22T06:28:03.279+0000] {processor.py:925} INFO - DAG(s) 'example_python_decorator' retrieved from /home/airflow/.local/lib/python3.9/site-packages/airflow/example_dags/example_python_decorator.py
[2025-04-22T06:28:03.302+0000] {logging_mixin.py:190} INFO - [2025-04-22T06:28:03.302+0000] {dag.py:3239} INFO - Sync 1 DAGs
[2025-04-22T06:28:03.316+0000] {logging_mixin.py:190} INFO - [2025-04-22T06:28:03.315+0000] {dag.py:4180} INFO - Setting next_dagrun for example_python_decorator to None, run_after=None
[2025-04-22T06:28:03.335+0000] {processor.py:208} INFO - Processing /home/airflow/.local/lib/python3.9/site-packages/airflow/example_dags/example_python_decorator.py took 0.085 seconds
[2025-04-22T06:28:34.112+0000] {processor.py:186} INFO - Started process (PID=1022) to work on /home/airflow/.local/lib/python3.9/site-packages/airflow/example_dags/example_python_decorator.py
[2025-04-22T06:28:34.113+0000] {processor.py:914} INFO - Processing file /home/airflow/.local/lib/python3.9/site-packages/airflow/example_dags/example_python_decorator.py for tasks to queue
[2025-04-22T06:28:34.115+0000] {logging_mixin.py:190} INFO - [2025-04-22T06:28:34.115+0000] {dagbag.py:588} INFO - Filling up the DagBag from /home/airflow/.local/lib/python3.9/site-packages/airflow/example_dags/example_python_decorator.py
[2025-04-22T06:28:34.130+0000] {processor.py:925} INFO - DAG(s) 'example_python_decorator' retrieved from /home/airflow/.local/lib/python3.9/site-packages/airflow/example_dags/example_python_decorator.py
[2025-04-22T06:28:34.151+0000] {logging_mixin.py:190} INFO - [2025-04-22T06:28:34.150+0000] {dag.py:3239} INFO - Sync 1 DAGs
[2025-04-22T06:28:34.164+0000] {logging_mixin.py:190} INFO - [2025-04-22T06:28:34.164+0000] {dag.py:4180} INFO - Setting next_dagrun for example_python_decorator to None, run_after=None
[2025-04-22T06:28:34.185+0000] {processor.py:208} INFO - Processing /home/airflow/.local/lib/python3.9/site-packages/airflow/example_dags/example_python_decorator.py took 0.080 seconds
[2025-04-22T06:29:04.500+0000] {processor.py:186} INFO - Started process (PID=1080) to work on /home/airflow/.local/lib/python3.9/site-packages/airflow/example_dags/example_python_decorator.py
[2025-04-22T06:29:04.501+0000] {processor.py:914} INFO - Processing file /home/airflow/.local/lib/python3.9/site-packages/airflow/example_dags/example_python_decorator.py for tasks to queue
[2025-04-22T06:29:04.503+0000] {logging_mixin.py:190} INFO - [2025-04-22T06:29:04.502+0000] {dagbag.py:588} INFO - Filling up the DagBag from /home/airflow/.local/lib/python3.9/site-packages/airflow/example_dags/example_python_decorator.py
[2025-04-22T06:29:04.516+0000] {processor.py:925} INFO - DAG(s) 'example_python_decorator' retrieved from /home/airflow/.local/lib/python3.9/site-packages/airflow/example_dags/example_python_decorator.py
[2025-04-22T06:29:04.535+0000] {logging_mixin.py:190} INFO - [2025-04-22T06:29:04.535+0000] {dag.py:3239} INFO - Sync 1 DAGs
[2025-04-22T06:29:04.548+0000] {logging_mixin.py:190} INFO - [2025-04-22T06:29:04.548+0000] {dag.py:4180} INFO - Setting next_dagrun for example_python_decorator to None, run_after=None
[2025-04-22T06:29:04.569+0000] {processor.py:208} INFO - Processing /home/airflow/.local/lib/python3.9/site-packages/airflow/example_dags/example_python_decorator.py took 0.075 seconds
[2025-04-22T06:29:35.291+0000] {processor.py:186} INFO - Started process (PID=1138) to work on /home/airflow/.local/lib/python3.9/site-packages/airflow/example_dags/example_python_decorator.py
[2025-04-22T06:29:35.292+0000] {processor.py:914} INFO - Processing file /home/airflow/.local/lib/python3.9/site-packages/airflow/example_dags/example_python_decorator.py for tasks to queue
[2025-04-22T06:29:35.294+0000] {logging_mixin.py:190} INFO - [2025-04-22T06:29:35.293+0000] {dagbag.py:588} INFO - Filling up the DagBag from /home/airflow/.local/lib/python3.9/site-packages/airflow/example_dags/example_python_decorator.py
[2025-04-22T06:29:35.307+0000] {processor.py:925} INFO - DAG(s) 'example_python_decorator' retrieved from /home/airflow/.local/lib/python3.9/site-packages/airflow/example_dags/example_python_decorator.py
[2025-04-22T06:29:35.327+0000] {logging_mixin.py:190} INFO - [2025-04-22T06:29:35.327+0000] {dag.py:3239} INFO - Sync 1 DAGs
[2025-04-22T06:29:35.341+0000] {logging_mixin.py:190} INFO - [2025-04-22T06:29:35.341+0000] {dag.py:4180} INFO - Setting next_dagrun for example_python_decorator to None, run_after=None
[2025-04-22T06:29:35.359+0000] {processor.py:208} INFO - Processing /home/airflow/.local/lib/python3.9/site-packages/airflow/example_dags/example_python_decorator.py took 0.073 seconds
[2025-04-22T06:30:05.632+0000] {processor.py:186} INFO - Started process (PID=1196) to work on /home/airflow/.local/lib/python3.9/site-packages/airflow/example_dags/example_python_decorator.py
[2025-04-22T06:30:05.633+0000] {processor.py:914} INFO - Processing file /home/airflow/.local/lib/python3.9/site-packages/airflow/example_dags/example_python_decorator.py for tasks to queue
[2025-04-22T06:30:05.635+0000] {logging_mixin.py:190} INFO - [2025-04-22T06:30:05.635+0000] {dagbag.py:588} INFO - Filling up the DagBag from /home/airflow/.local/lib/python3.9/site-packages/airflow/example_dags/example_python_decorator.py
[2025-04-22T06:30:05.655+0000] {processor.py:925} INFO - DAG(s) 'example_python_decorator' retrieved from /home/airflow/.local/lib/python3.9/site-packages/airflow/example_dags/example_python_decorator.py
[2025-04-22T06:30:05.680+0000] {logging_mixin.py:190} INFO - [2025-04-22T06:30:05.680+0000] {dag.py:3239} INFO - Sync 1 DAGs
[2025-04-22T06:30:05.699+0000] {logging_mixin.py:190} INFO - [2025-04-22T06:30:05.699+0000] {dag.py:4180} INFO - Setting next_dagrun for example_python_decorator to None, run_after=None
[2025-04-22T06:30:05.723+0000] {processor.py:208} INFO - Processing /home/airflow/.local/lib/python3.9/site-packages/airflow/example_dags/example_python_decorator.py took 0.098 seconds
[2025-04-22T06:30:35.762+0000] {processor.py:186} INFO - Started process (PID=1253) to work on /home/airflow/.local/lib/python3.9/site-packages/airflow/example_dags/example_python_decorator.py
[2025-04-22T06:30:35.763+0000] {processor.py:914} INFO - Processing file /home/airflow/.local/lib/python3.9/site-packages/airflow/example_dags/example_python_decorator.py for tasks to queue
[2025-04-22T06:30:35.765+0000] {logging_mixin.py:190} INFO - [2025-04-22T06:30:35.765+0000] {dagbag.py:588} INFO - Filling up the DagBag from /home/airflow/.local/lib/python3.9/site-packages/airflow/example_dags/example_python_decorator.py
[2025-04-22T06:30:35.781+0000] {processor.py:925} INFO - DAG(s) 'example_python_decorator' retrieved from /home/airflow/.local/lib/python3.9/site-packages/airflow/example_dags/example_python_decorator.py
[2025-04-22T06:30:35.808+0000] {logging_mixin.py:190} INFO - [2025-04-22T06:30:35.808+0000] {dag.py:3239} INFO - Sync 1 DAGs
[2025-04-22T06:30:35.826+0000] {logging_mixin.py:190} INFO - [2025-04-22T06:30:35.826+0000] {dag.py:4180} INFO - Setting next_dagrun for example_python_decorator to None, run_after=None
[2025-04-22T06:30:35.846+0000] {processor.py:208} INFO - Processing /home/airflow/.local/lib/python3.9/site-packages/airflow/example_dags/example_python_decorator.py took 0.092 seconds
[2025-04-22T06:31:06.570+0000] {processor.py:186} INFO - Started process (PID=1312) to work on /home/airflow/.local/lib/python3.9/site-packages/airflow/example_dags/example_python_decorator.py
[2025-04-22T06:31:06.571+0000] {processor.py:914} INFO - Processing file /home/airflow/.local/lib/python3.9/site-packages/airflow/example_dags/example_python_decorator.py for tasks to queue
[2025-04-22T06:31:06.574+0000] {logging_mixin.py:190} INFO - [2025-04-22T06:31:06.574+0000] {dagbag.py:588} INFO - Filling up the DagBag from /home/airflow/.local/lib/python3.9/site-packages/airflow/example_dags/example_python_decorator.py
[2025-04-22T06:31:06.588+0000] {processor.py:925} INFO - DAG(s) 'example_python_decorator' retrieved from /home/airflow/.local/lib/python3.9/site-packages/airflow/example_dags/example_python_decorator.py
[2025-04-22T06:31:06.607+0000] {logging_mixin.py:190} INFO - [2025-04-22T06:31:06.607+0000] {dag.py:3239} INFO - Sync 1 DAGs
[2025-04-22T06:31:06.621+0000] {logging_mixin.py:190} INFO - [2025-04-22T06:31:06.620+0000] {dag.py:4180} INFO - Setting next_dagrun for example_python_decorator to None, run_after=None
[2025-04-22T06:31:06.640+0000] {processor.py:208} INFO - Processing /home/airflow/.local/lib/python3.9/site-packages/airflow/example_dags/example_python_decorator.py took 0.075 seconds
[2025-04-22T06:31:37.676+0000] {processor.py:186} INFO - Started process (PID=1370) to work on /home/airflow/.local/lib/python3.9/site-packages/airflow/example_dags/example_python_decorator.py
[2025-04-22T06:31:37.677+0000] {processor.py:914} INFO - Processing file /home/airflow/.local/lib/python3.9/site-packages/airflow/example_dags/example_python_decorator.py for tasks to queue
[2025-04-22T06:31:37.680+0000] {logging_mixin.py:190} INFO - [2025-04-22T06:31:37.679+0000] {dagbag.py:588} INFO - Filling up the DagBag from /home/airflow/.local/lib/python3.9/site-packages/airflow/example_dags/example_python_decorator.py
[2025-04-22T06:31:37.697+0000] {processor.py:925} INFO - DAG(s) 'example_python_decorator' retrieved from /home/airflow/.local/lib/python3.9/site-packages/airflow/example_dags/example_python_decorator.py
[2025-04-22T06:31:37.720+0000] {logging_mixin.py:190} INFO - [2025-04-22T06:31:37.719+0000] {dag.py:3239} INFO - Sync 1 DAGs
[2025-04-22T06:31:37.735+0000] {logging_mixin.py:190} INFO - [2025-04-22T06:31:37.735+0000] {dag.py:4180} INFO - Setting next_dagrun for example_python_decorator to None, run_after=None
[2025-04-22T06:31:37.754+0000] {processor.py:208} INFO - Processing /home/airflow/.local/lib/python3.9/site-packages/airflow/example_dags/example_python_decorator.py took 0.085 seconds
[2025-04-22T06:32:08.483+0000] {processor.py:186} INFO - Started process (PID=1428) to work on /home/airflow/.local/lib/python3.9/site-packages/airflow/example_dags/example_python_decorator.py
[2025-04-22T06:32:08.484+0000] {processor.py:914} INFO - Processing file /home/airflow/.local/lib/python3.9/site-packages/airflow/example_dags/example_python_decorator.py for tasks to queue
[2025-04-22T06:32:08.486+0000] {logging_mixin.py:190} INFO - [2025-04-22T06:32:08.486+0000] {dagbag.py:588} INFO - Filling up the DagBag from /home/airflow/.local/lib/python3.9/site-packages/airflow/example_dags/example_python_decorator.py
[2025-04-22T06:32:08.501+0000] {processor.py:925} INFO - DAG(s) 'example_python_decorator' retrieved from /home/airflow/.local/lib/python3.9/site-packages/airflow/example_dags/example_python_decorator.py
[2025-04-22T06:32:08.521+0000] {logging_mixin.py:190} INFO - [2025-04-22T06:32:08.520+0000] {dag.py:3239} INFO - Sync 1 DAGs
[2025-04-22T06:32:08.535+0000] {logging_mixin.py:190} INFO - [2025-04-22T06:32:08.534+0000] {dag.py:4180} INFO - Setting next_dagrun for example_python_decorator to None, run_after=None
[2025-04-22T06:32:08.554+0000] {processor.py:208} INFO - Processing /home/airflow/.local/lib/python3.9/site-packages/airflow/example_dags/example_python_decorator.py took 0.076 seconds
[2025-04-22T06:32:38.627+0000] {processor.py:186} INFO - Started process (PID=1486) to work on /home/airflow/.local/lib/python3.9/site-packages/airflow/example_dags/example_python_decorator.py
[2025-04-22T06:32:38.628+0000] {processor.py:914} INFO - Processing file /home/airflow/.local/lib/python3.9/site-packages/airflow/example_dags/example_python_decorator.py for tasks to queue
[2025-04-22T06:32:38.630+0000] {logging_mixin.py:190} INFO - [2025-04-22T06:32:38.630+0000] {dagbag.py:588} INFO - Filling up the DagBag from /home/airflow/.local/lib/python3.9/site-packages/airflow/example_dags/example_python_decorator.py
[2025-04-22T06:32:38.646+0000] {processor.py:925} INFO - DAG(s) 'example_python_decorator' retrieved from /home/airflow/.local/lib/python3.9/site-packages/airflow/example_dags/example_python_decorator.py
[2025-04-22T06:32:38.670+0000] {logging_mixin.py:190} INFO - [2025-04-22T06:32:38.670+0000] {dag.py:3239} INFO - Sync 1 DAGs
[2025-04-22T06:32:38.687+0000] {logging_mixin.py:190} INFO - [2025-04-22T06:32:38.686+0000] {dag.py:4180} INFO - Setting next_dagrun for example_python_decorator to None, run_after=None
[2025-04-22T06:32:38.711+0000] {processor.py:208} INFO - Processing /home/airflow/.local/lib/python3.9/site-packages/airflow/example_dags/example_python_decorator.py took 0.092 seconds
