[2025-04-22T06:19:57.790+0000] {processor.py:186} INFO - Started process (PID=61) to work on /home/airflow/.local/lib/python3.9/site-packages/airflow/example_dags/example_sensors.py
[2025-04-22T06:19:57.791+0000] {processor.py:914} INFO - Processing file /home/airflow/.local/lib/python3.9/site-packages/airflow/example_dags/example_sensors.py for tasks to queue
[2025-04-22T06:19:57.795+0000] {logging_mixin.py:190} INFO - [2025-04-22T06:19:57.795+0000] {dagbag.py:588} INFO - Filling up the DagBag from /home/airflow/.local/lib/python3.9/site-packages/airflow/example_dags/example_sensors.py
[2025-04-22T06:19:57.817+0000] {processor.py:925} INFO - DAG(s) 'example_sensors' retrieved from /home/airflow/.local/lib/python3.9/site-packages/airflow/example_dags/example_sensors.py
[2025-04-22T06:19:57.876+0000] {logging_mixin.py:190} INFO - [2025-04-22T06:19:57.876+0000] {dag.py:3239} INFO - Sync 1 DAGs
[2025-04-22T06:19:57.909+0000] {logging_mixin.py:190} INFO - [2025-04-22T06:19:57.909+0000] {dag.py:4180} INFO - Setting next_dagrun for example_sensors to None, run_after=None
[2025-04-22T06:19:57.943+0000] {processor.py:208} INFO - Processing /home/airflow/.local/lib/python3.9/site-packages/airflow/example_dags/example_sensors.py took 0.164 seconds
[2025-04-22T06:20:29.268+0000] {processor.py:186} INFO - Started process (PID=119) to work on /home/airflow/.local/lib/python3.9/site-packages/airflow/example_dags/example_sensors.py
[2025-04-22T06:20:29.281+0000] {processor.py:914} INFO - Processing file /home/airflow/.local/lib/python3.9/site-packages/airflow/example_dags/example_sensors.py for tasks to queue
[2025-04-22T06:20:29.285+0000] {logging_mixin.py:190} INFO - [2025-04-22T06:20:29.284+0000] {dagbag.py:588} INFO - Filling up the DagBag from /home/airflow/.local/lib/python3.9/site-packages/airflow/example_dags/example_sensors.py
[2025-04-22T06:20:29.329+0000] {processor.py:925} INFO - DAG(s) 'example_sensors' retrieved from /home/airflow/.local/lib/python3.9/site-packages/airflow/example_dags/example_sensors.py
[2025-04-22T06:20:29.442+0000] {logging_mixin.py:190} INFO - [2025-04-22T06:20:29.442+0000] {dag.py:3239} INFO - Sync 1 DAGs
[2025-04-22T06:20:29.513+0000] {logging_mixin.py:190} INFO - [2025-04-22T06:20:29.512+0000] {dag.py:4180} INFO - Setting next_dagrun for example_sensors to None, run_after=None
[2025-04-22T06:20:29.656+0000] {processor.py:208} INFO - Processing /home/airflow/.local/lib/python3.9/site-packages/airflow/example_dags/example_sensors.py took 0.409 seconds
[2025-04-22T06:21:00.316+0000] {processor.py:186} INFO - Started process (PID=177) to work on /home/airflow/.local/lib/python3.9/site-packages/airflow/example_dags/example_sensors.py
[2025-04-22T06:21:00.317+0000] {processor.py:914} INFO - Processing file /home/airflow/.local/lib/python3.9/site-packages/airflow/example_dags/example_sensors.py for tasks to queue
[2025-04-22T06:21:00.319+0000] {logging_mixin.py:190} INFO - [2025-04-22T06:21:00.318+0000] {dagbag.py:588} INFO - Filling up the DagBag from /home/airflow/.local/lib/python3.9/site-packages/airflow/example_dags/example_sensors.py
[2025-04-22T06:21:00.331+0000] {processor.py:925} INFO - DAG(s) 'example_sensors' retrieved from /home/airflow/.local/lib/python3.9/site-packages/airflow/example_dags/example_sensors.py
[2025-04-22T06:21:00.363+0000] {logging_mixin.py:190} INFO - [2025-04-22T06:21:00.362+0000] {dag.py:3239} INFO - Sync 1 DAGs
[2025-04-22T06:21:00.382+0000] {logging_mixin.py:190} INFO - [2025-04-22T06:21:00.382+0000] {dag.py:4180} INFO - Setting next_dagrun for example_sensors to None, run_after=None
[2025-04-22T06:21:00.399+0000] {processor.py:208} INFO - Processing /home/airflow/.local/lib/python3.9/site-packages/airflow/example_dags/example_sensors.py took 0.090 seconds
[2025-04-22T06:21:30.516+0000] {processor.py:186} INFO - Started process (PID=235) to work on /home/airflow/.local/lib/python3.9/site-packages/airflow/example_dags/example_sensors.py
[2025-04-22T06:21:30.517+0000] {processor.py:914} INFO - Processing file /home/airflow/.local/lib/python3.9/site-packages/airflow/example_dags/example_sensors.py for tasks to queue
[2025-04-22T06:21:30.520+0000] {logging_mixin.py:190} INFO - [2025-04-22T06:21:30.519+0000] {dagbag.py:588} INFO - Filling up the DagBag from /home/airflow/.local/lib/python3.9/site-packages/airflow/example_dags/example_sensors.py
[2025-04-22T06:21:30.531+0000] {processor.py:925} INFO - DAG(s) 'example_sensors' retrieved from /home/airflow/.local/lib/python3.9/site-packages/airflow/example_dags/example_sensors.py
[2025-04-22T06:21:30.557+0000] {logging_mixin.py:190} INFO - [2025-04-22T06:21:30.556+0000] {dag.py:3239} INFO - Sync 1 DAGs
[2025-04-22T06:21:30.571+0000] {logging_mixin.py:190} INFO - [2025-04-22T06:21:30.570+0000] {dag.py:4180} INFO - Setting next_dagrun for example_sensors to None, run_after=None
[2025-04-22T06:21:30.589+0000] {processor.py:208} INFO - Processing /home/airflow/.local/lib/python3.9/site-packages/airflow/example_dags/example_sensors.py took 0.080 seconds
[2025-04-22T06:22:00.904+0000] {processor.py:186} INFO - Started process (PID=293) to work on /home/airflow/.local/lib/python3.9/site-packages/airflow/example_dags/example_sensors.py
[2025-04-22T06:22:00.905+0000] {processor.py:914} INFO - Processing file /home/airflow/.local/lib/python3.9/site-packages/airflow/example_dags/example_sensors.py for tasks to queue
[2025-04-22T06:22:00.907+0000] {logging_mixin.py:190} INFO - [2025-04-22T06:22:00.907+0000] {dagbag.py:588} INFO - Filling up the DagBag from /home/airflow/.local/lib/python3.9/site-packages/airflow/example_dags/example_sensors.py
[2025-04-22T06:22:00.920+0000] {processor.py:925} INFO - DAG(s) 'example_sensors' retrieved from /home/airflow/.local/lib/python3.9/site-packages/airflow/example_dags/example_sensors.py
[2025-04-22T06:22:00.957+0000] {logging_mixin.py:190} INFO - [2025-04-22T06:22:00.957+0000] {dag.py:3239} INFO - Sync 1 DAGs
[2025-04-22T06:22:00.977+0000] {logging_mixin.py:190} INFO - [2025-04-22T06:22:00.977+0000] {dag.py:4180} INFO - Setting next_dagrun for example_sensors to None, run_after=None
[2025-04-22T06:22:01.005+0000] {processor.py:208} INFO - Processing /home/airflow/.local/lib/python3.9/site-packages/airflow/example_dags/example_sensors.py took 0.107 seconds
[2025-04-22T06:22:31.800+0000] {processor.py:186} INFO - Started process (PID=351) to work on /home/airflow/.local/lib/python3.9/site-packages/airflow/example_dags/example_sensors.py
[2025-04-22T06:22:31.803+0000] {processor.py:914} INFO - Processing file /home/airflow/.local/lib/python3.9/site-packages/airflow/example_dags/example_sensors.py for tasks to queue
[2025-04-22T06:22:31.808+0000] {logging_mixin.py:190} INFO - [2025-04-22T06:22:31.807+0000] {dagbag.py:588} INFO - Filling up the DagBag from /home/airflow/.local/lib/python3.9/site-packages/airflow/example_dags/example_sensors.py
[2025-04-22T06:22:31.834+0000] {processor.py:925} INFO - DAG(s) 'example_sensors' retrieved from /home/airflow/.local/lib/python3.9/site-packages/airflow/example_dags/example_sensors.py
[2025-04-22T06:22:31.916+0000] {logging_mixin.py:190} INFO - [2025-04-22T06:22:31.915+0000] {dag.py:3239} INFO - Sync 1 DAGs
[2025-04-22T06:22:31.946+0000] {logging_mixin.py:190} INFO - [2025-04-22T06:22:31.946+0000] {dag.py:4180} INFO - Setting next_dagrun for example_sensors to None, run_after=None
[2025-04-22T06:22:32.044+0000] {processor.py:208} INFO - Processing /home/airflow/.local/lib/python3.9/site-packages/airflow/example_dags/example_sensors.py took 0.256 seconds
[2025-04-22T06:23:02.306+0000] {processor.py:186} INFO - Started process (PID=409) to work on /home/airflow/.local/lib/python3.9/site-packages/airflow/example_dags/example_sensors.py
[2025-04-22T06:23:02.307+0000] {processor.py:914} INFO - Processing file /home/airflow/.local/lib/python3.9/site-packages/airflow/example_dags/example_sensors.py for tasks to queue
[2025-04-22T06:23:02.310+0000] {logging_mixin.py:190} INFO - [2025-04-22T06:23:02.309+0000] {dagbag.py:588} INFO - Filling up the DagBag from /home/airflow/.local/lib/python3.9/site-packages/airflow/example_dags/example_sensors.py
[2025-04-22T06:23:02.324+0000] {processor.py:925} INFO - DAG(s) 'example_sensors' retrieved from /home/airflow/.local/lib/python3.9/site-packages/airflow/example_dags/example_sensors.py
[2025-04-22T06:23:02.355+0000] {logging_mixin.py:190} INFO - [2025-04-22T06:23:02.355+0000] {dag.py:3239} INFO - Sync 1 DAGs
[2025-04-22T06:23:02.376+0000] {logging_mixin.py:190} INFO - [2025-04-22T06:23:02.375+0000] {dag.py:4180} INFO - Setting next_dagrun for example_sensors to None, run_after=None
[2025-04-22T06:23:02.400+0000] {processor.py:208} INFO - Processing /home/airflow/.local/lib/python3.9/site-packages/airflow/example_dags/example_sensors.py took 0.102 seconds
[2025-04-22T06:23:32.776+0000] {processor.py:186} INFO - Started process (PID=467) to work on /home/airflow/.local/lib/python3.9/site-packages/airflow/example_dags/example_sensors.py
[2025-04-22T06:23:32.777+0000] {processor.py:914} INFO - Processing file /home/airflow/.local/lib/python3.9/site-packages/airflow/example_dags/example_sensors.py for tasks to queue
[2025-04-22T06:23:32.779+0000] {logging_mixin.py:190} INFO - [2025-04-22T06:23:32.779+0000] {dagbag.py:588} INFO - Filling up the DagBag from /home/airflow/.local/lib/python3.9/site-packages/airflow/example_dags/example_sensors.py
[2025-04-22T06:23:32.790+0000] {processor.py:925} INFO - DAG(s) 'example_sensors' retrieved from /home/airflow/.local/lib/python3.9/site-packages/airflow/example_dags/example_sensors.py
[2025-04-22T06:23:32.815+0000] {logging_mixin.py:190} INFO - [2025-04-22T06:23:32.815+0000] {dag.py:3239} INFO - Sync 1 DAGs
[2025-04-22T06:23:32.831+0000] {logging_mixin.py:190} INFO - [2025-04-22T06:23:32.831+0000] {dag.py:4180} INFO - Setting next_dagrun for example_sensors to None, run_after=None
[2025-04-22T06:23:32.849+0000] {processor.py:208} INFO - Processing /home/airflow/.local/lib/python3.9/site-packages/airflow/example_dags/example_sensors.py took 0.081 seconds
[2025-04-22T06:24:03.796+0000] {processor.py:186} INFO - Started process (PID=525) to work on /home/airflow/.local/lib/python3.9/site-packages/airflow/example_dags/example_sensors.py
[2025-04-22T06:24:03.797+0000] {processor.py:914} INFO - Processing file /home/airflow/.local/lib/python3.9/site-packages/airflow/example_dags/example_sensors.py for tasks to queue
[2025-04-22T06:24:03.799+0000] {logging_mixin.py:190} INFO - [2025-04-22T06:24:03.799+0000] {dagbag.py:588} INFO - Filling up the DagBag from /home/airflow/.local/lib/python3.9/site-packages/airflow/example_dags/example_sensors.py
[2025-04-22T06:24:03.810+0000] {processor.py:925} INFO - DAG(s) 'example_sensors' retrieved from /home/airflow/.local/lib/python3.9/site-packages/airflow/example_dags/example_sensors.py
[2025-04-22T06:24:03.834+0000] {logging_mixin.py:190} INFO - [2025-04-22T06:24:03.834+0000] {dag.py:3239} INFO - Sync 1 DAGs
[2025-04-22T06:24:03.848+0000] {logging_mixin.py:190} INFO - [2025-04-22T06:24:03.848+0000] {dag.py:4180} INFO - Setting next_dagrun for example_sensors to None, run_after=None
[2025-04-22T06:24:03.864+0000] {processor.py:208} INFO - Processing /home/airflow/.local/lib/python3.9/site-packages/airflow/example_dags/example_sensors.py took 0.074 seconds
[2025-04-22T06:24:34.279+0000] {processor.py:186} INFO - Started process (PID=583) to work on /home/airflow/.local/lib/python3.9/site-packages/airflow/example_dags/example_sensors.py
[2025-04-22T06:24:34.280+0000] {processor.py:914} INFO - Processing file /home/airflow/.local/lib/python3.9/site-packages/airflow/example_dags/example_sensors.py for tasks to queue
[2025-04-22T06:24:34.282+0000] {logging_mixin.py:190} INFO - [2025-04-22T06:24:34.282+0000] {dagbag.py:588} INFO - Filling up the DagBag from /home/airflow/.local/lib/python3.9/site-packages/airflow/example_dags/example_sensors.py
[2025-04-22T06:24:34.292+0000] {processor.py:925} INFO - DAG(s) 'example_sensors' retrieved from /home/airflow/.local/lib/python3.9/site-packages/airflow/example_dags/example_sensors.py
[2025-04-22T06:24:34.318+0000] {logging_mixin.py:190} INFO - [2025-04-22T06:24:34.317+0000] {dag.py:3239} INFO - Sync 1 DAGs
[2025-04-22T06:24:34.331+0000] {logging_mixin.py:190} INFO - [2025-04-22T06:24:34.331+0000] {dag.py:4180} INFO - Setting next_dagrun for example_sensors to None, run_after=None
[2025-04-22T06:24:34.348+0000] {processor.py:208} INFO - Processing /home/airflow/.local/lib/python3.9/site-packages/airflow/example_dags/example_sensors.py took 0.075 seconds
[2025-04-22T06:25:04.622+0000] {processor.py:186} INFO - Started process (PID=641) to work on /home/airflow/.local/lib/python3.9/site-packages/airflow/example_dags/example_sensors.py
[2025-04-22T06:25:04.623+0000] {processor.py:914} INFO - Processing file /home/airflow/.local/lib/python3.9/site-packages/airflow/example_dags/example_sensors.py for tasks to queue
[2025-04-22T06:25:04.626+0000] {logging_mixin.py:190} INFO - [2025-04-22T06:25:04.626+0000] {dagbag.py:588} INFO - Filling up the DagBag from /home/airflow/.local/lib/python3.9/site-packages/airflow/example_dags/example_sensors.py
[2025-04-22T06:25:04.636+0000] {processor.py:925} INFO - DAG(s) 'example_sensors' retrieved from /home/airflow/.local/lib/python3.9/site-packages/airflow/example_dags/example_sensors.py
[2025-04-22T06:25:04.661+0000] {logging_mixin.py:190} INFO - [2025-04-22T06:25:04.661+0000] {dag.py:3239} INFO - Sync 1 DAGs
[2025-04-22T06:25:04.676+0000] {logging_mixin.py:190} INFO - [2025-04-22T06:25:04.675+0000] {dag.py:4180} INFO - Setting next_dagrun for example_sensors to None, run_after=None
[2025-04-22T06:25:04.695+0000] {processor.py:208} INFO - Processing /home/airflow/.local/lib/python3.9/site-packages/airflow/example_dags/example_sensors.py took 0.080 seconds
[2025-04-22T06:25:34.797+0000] {processor.py:186} INFO - Started process (PID=699) to work on /home/airflow/.local/lib/python3.9/site-packages/airflow/example_dags/example_sensors.py
[2025-04-22T06:25:34.825+0000] {processor.py:914} INFO - Processing file /home/airflow/.local/lib/python3.9/site-packages/airflow/example_dags/example_sensors.py for tasks to queue
[2025-04-22T06:25:34.830+0000] {logging_mixin.py:190} INFO - [2025-04-22T06:25:34.830+0000] {dagbag.py:588} INFO - Filling up the DagBag from /home/airflow/.local/lib/python3.9/site-packages/airflow/example_dags/example_sensors.py
[2025-04-22T06:25:34.846+0000] {processor.py:925} INFO - DAG(s) 'example_sensors' retrieved from /home/airflow/.local/lib/python3.9/site-packages/airflow/example_dags/example_sensors.py
[2025-04-22T06:25:34.884+0000] {logging_mixin.py:190} INFO - [2025-04-22T06:25:34.883+0000] {dag.py:3239} INFO - Sync 1 DAGs
[2025-04-22T06:25:34.903+0000] {logging_mixin.py:190} INFO - [2025-04-22T06:25:34.903+0000] {dag.py:4180} INFO - Setting next_dagrun for example_sensors to None, run_after=None
[2025-04-22T06:25:34.930+0000] {processor.py:208} INFO - Processing /home/airflow/.local/lib/python3.9/site-packages/airflow/example_dags/example_sensors.py took 0.142 seconds
[2025-04-22T06:26:05.411+0000] {processor.py:186} INFO - Started process (PID=756) to work on /home/airflow/.local/lib/python3.9/site-packages/airflow/example_dags/example_sensors.py
[2025-04-22T06:26:05.413+0000] {processor.py:914} INFO - Processing file /home/airflow/.local/lib/python3.9/site-packages/airflow/example_dags/example_sensors.py for tasks to queue
[2025-04-22T06:26:05.415+0000] {logging_mixin.py:190} INFO - [2025-04-22T06:26:05.415+0000] {dagbag.py:588} INFO - Filling up the DagBag from /home/airflow/.local/lib/python3.9/site-packages/airflow/example_dags/example_sensors.py
[2025-04-22T06:26:05.427+0000] {processor.py:925} INFO - DAG(s) 'example_sensors' retrieved from /home/airflow/.local/lib/python3.9/site-packages/airflow/example_dags/example_sensors.py
[2025-04-22T06:26:05.451+0000] {logging_mixin.py:190} INFO - [2025-04-22T06:26:05.450+0000] {dag.py:3239} INFO - Sync 1 DAGs
[2025-04-22T06:26:05.464+0000] {logging_mixin.py:190} INFO - [2025-04-22T06:26:05.464+0000] {dag.py:4180} INFO - Setting next_dagrun for example_sensors to None, run_after=None
[2025-04-22T06:26:05.481+0000] {processor.py:208} INFO - Processing /home/airflow/.local/lib/python3.9/site-packages/airflow/example_dags/example_sensors.py took 0.076 seconds
[2025-04-22T06:26:36.057+0000] {processor.py:186} INFO - Started process (PID=814) to work on /home/airflow/.local/lib/python3.9/site-packages/airflow/example_dags/example_sensors.py
[2025-04-22T06:26:36.058+0000] {processor.py:914} INFO - Processing file /home/airflow/.local/lib/python3.9/site-packages/airflow/example_dags/example_sensors.py for tasks to queue
[2025-04-22T06:26:36.061+0000] {logging_mixin.py:190} INFO - [2025-04-22T06:26:36.061+0000] {dagbag.py:588} INFO - Filling up the DagBag from /home/airflow/.local/lib/python3.9/site-packages/airflow/example_dags/example_sensors.py
[2025-04-22T06:26:36.072+0000] {processor.py:925} INFO - DAG(s) 'example_sensors' retrieved from /home/airflow/.local/lib/python3.9/site-packages/airflow/example_dags/example_sensors.py
[2025-04-22T06:26:36.096+0000] {logging_mixin.py:190} INFO - [2025-04-22T06:26:36.096+0000] {dag.py:3239} INFO - Sync 1 DAGs
[2025-04-22T06:26:36.109+0000] {logging_mixin.py:190} INFO - [2025-04-22T06:26:36.109+0000] {dag.py:4180} INFO - Setting next_dagrun for example_sensors to None, run_after=None
[2025-04-22T06:26:36.128+0000] {processor.py:208} INFO - Processing /home/airflow/.local/lib/python3.9/site-packages/airflow/example_dags/example_sensors.py took 0.077 seconds
[2025-04-22T06:27:06.581+0000] {processor.py:186} INFO - Started process (PID=872) to work on /home/airflow/.local/lib/python3.9/site-packages/airflow/example_dags/example_sensors.py
[2025-04-22T06:27:06.582+0000] {processor.py:914} INFO - Processing file /home/airflow/.local/lib/python3.9/site-packages/airflow/example_dags/example_sensors.py for tasks to queue
[2025-04-22T06:27:06.584+0000] {logging_mixin.py:190} INFO - [2025-04-22T06:27:06.584+0000] {dagbag.py:588} INFO - Filling up the DagBag from /home/airflow/.local/lib/python3.9/site-packages/airflow/example_dags/example_sensors.py
[2025-04-22T06:27:06.594+0000] {processor.py:925} INFO - DAG(s) 'example_sensors' retrieved from /home/airflow/.local/lib/python3.9/site-packages/airflow/example_dags/example_sensors.py
[2025-04-22T06:27:06.618+0000] {logging_mixin.py:190} INFO - [2025-04-22T06:27:06.618+0000] {dag.py:3239} INFO - Sync 1 DAGs
[2025-04-22T06:27:06.631+0000] {logging_mixin.py:190} INFO - [2025-04-22T06:27:06.631+0000] {dag.py:4180} INFO - Setting next_dagrun for example_sensors to None, run_after=None
[2025-04-22T06:27:06.648+0000] {processor.py:208} INFO - Processing /home/airflow/.local/lib/python3.9/site-packages/airflow/example_dags/example_sensors.py took 0.074 seconds
[2025-04-22T06:27:37.177+0000] {processor.py:186} INFO - Started process (PID=930) to work on /home/airflow/.local/lib/python3.9/site-packages/airflow/example_dags/example_sensors.py
[2025-04-22T06:27:37.178+0000] {processor.py:914} INFO - Processing file /home/airflow/.local/lib/python3.9/site-packages/airflow/example_dags/example_sensors.py for tasks to queue
[2025-04-22T06:27:37.181+0000] {logging_mixin.py:190} INFO - [2025-04-22T06:27:37.180+0000] {dagbag.py:588} INFO - Filling up the DagBag from /home/airflow/.local/lib/python3.9/site-packages/airflow/example_dags/example_sensors.py
[2025-04-22T06:27:37.191+0000] {processor.py:925} INFO - DAG(s) 'example_sensors' retrieved from /home/airflow/.local/lib/python3.9/site-packages/airflow/example_dags/example_sensors.py
[2025-04-22T06:27:37.221+0000] {logging_mixin.py:190} INFO - [2025-04-22T06:27:37.221+0000] {dag.py:3239} INFO - Sync 1 DAGs
[2025-04-22T06:27:37.235+0000] {logging_mixin.py:190} INFO - [2025-04-22T06:27:37.235+0000] {dag.py:4180} INFO - Setting next_dagrun for example_sensors to None, run_after=None
[2025-04-22T06:27:37.254+0000] {processor.py:208} INFO - Processing /home/airflow/.local/lib/python3.9/site-packages/airflow/example_dags/example_sensors.py took 0.083 seconds
[2025-04-22T06:28:07.620+0000] {processor.py:186} INFO - Started process (PID=988) to work on /home/airflow/.local/lib/python3.9/site-packages/airflow/example_dags/example_sensors.py
[2025-04-22T06:28:07.621+0000] {processor.py:914} INFO - Processing file /home/airflow/.local/lib/python3.9/site-packages/airflow/example_dags/example_sensors.py for tasks to queue
[2025-04-22T06:28:07.623+0000] {logging_mixin.py:190} INFO - [2025-04-22T06:28:07.623+0000] {dagbag.py:588} INFO - Filling up the DagBag from /home/airflow/.local/lib/python3.9/site-packages/airflow/example_dags/example_sensors.py
[2025-04-22T06:28:07.633+0000] {processor.py:925} INFO - DAG(s) 'example_sensors' retrieved from /home/airflow/.local/lib/python3.9/site-packages/airflow/example_dags/example_sensors.py
[2025-04-22T06:28:07.661+0000] {logging_mixin.py:190} INFO - [2025-04-22T06:28:07.660+0000] {dag.py:3239} INFO - Sync 1 DAGs
[2025-04-22T06:28:07.676+0000] {logging_mixin.py:190} INFO - [2025-04-22T06:28:07.675+0000] {dag.py:4180} INFO - Setting next_dagrun for example_sensors to None, run_after=None
[2025-04-22T06:28:07.697+0000] {processor.py:208} INFO - Processing /home/airflow/.local/lib/python3.9/site-packages/airflow/example_dags/example_sensors.py took 0.084 seconds
[2025-04-22T06:28:38.485+0000] {processor.py:186} INFO - Started process (PID=1046) to work on /home/airflow/.local/lib/python3.9/site-packages/airflow/example_dags/example_sensors.py
[2025-04-22T06:28:38.486+0000] {processor.py:914} INFO - Processing file /home/airflow/.local/lib/python3.9/site-packages/airflow/example_dags/example_sensors.py for tasks to queue
[2025-04-22T06:28:38.488+0000] {logging_mixin.py:190} INFO - [2025-04-22T06:28:38.488+0000] {dagbag.py:588} INFO - Filling up the DagBag from /home/airflow/.local/lib/python3.9/site-packages/airflow/example_dags/example_sensors.py
[2025-04-22T06:28:38.499+0000] {processor.py:925} INFO - DAG(s) 'example_sensors' retrieved from /home/airflow/.local/lib/python3.9/site-packages/airflow/example_dags/example_sensors.py
[2025-04-22T06:28:38.524+0000] {logging_mixin.py:190} INFO - [2025-04-22T06:28:38.524+0000] {dag.py:3239} INFO - Sync 1 DAGs
[2025-04-22T06:28:38.538+0000] {logging_mixin.py:190} INFO - [2025-04-22T06:28:38.537+0000] {dag.py:4180} INFO - Setting next_dagrun for example_sensors to None, run_after=None
[2025-04-22T06:28:38.556+0000] {processor.py:208} INFO - Processing /home/airflow/.local/lib/python3.9/site-packages/airflow/example_dags/example_sensors.py took 0.077 seconds
[2025-04-22T06:29:08.840+0000] {processor.py:186} INFO - Started process (PID=1104) to work on /home/airflow/.local/lib/python3.9/site-packages/airflow/example_dags/example_sensors.py
[2025-04-22T06:29:08.841+0000] {processor.py:914} INFO - Processing file /home/airflow/.local/lib/python3.9/site-packages/airflow/example_dags/example_sensors.py for tasks to queue
[2025-04-22T06:29:08.843+0000] {logging_mixin.py:190} INFO - [2025-04-22T06:29:08.843+0000] {dagbag.py:588} INFO - Filling up the DagBag from /home/airflow/.local/lib/python3.9/site-packages/airflow/example_dags/example_sensors.py
[2025-04-22T06:29:08.854+0000] {processor.py:925} INFO - DAG(s) 'example_sensors' retrieved from /home/airflow/.local/lib/python3.9/site-packages/airflow/example_dags/example_sensors.py
[2025-04-22T06:29:08.877+0000] {logging_mixin.py:190} INFO - [2025-04-22T06:29:08.877+0000] {dag.py:3239} INFO - Sync 1 DAGs
[2025-04-22T06:29:08.892+0000] {logging_mixin.py:190} INFO - [2025-04-22T06:29:08.892+0000] {dag.py:4180} INFO - Setting next_dagrun for example_sensors to None, run_after=None
[2025-04-22T06:29:08.909+0000] {processor.py:208} INFO - Processing /home/airflow/.local/lib/python3.9/site-packages/airflow/example_dags/example_sensors.py took 0.076 seconds
[2025-04-22T06:29:39.637+0000] {processor.py:186} INFO - Started process (PID=1162) to work on /home/airflow/.local/lib/python3.9/site-packages/airflow/example_dags/example_sensors.py
[2025-04-22T06:29:39.638+0000] {processor.py:914} INFO - Processing file /home/airflow/.local/lib/python3.9/site-packages/airflow/example_dags/example_sensors.py for tasks to queue
[2025-04-22T06:29:39.640+0000] {logging_mixin.py:190} INFO - [2025-04-22T06:29:39.640+0000] {dagbag.py:588} INFO - Filling up the DagBag from /home/airflow/.local/lib/python3.9/site-packages/airflow/example_dags/example_sensors.py
[2025-04-22T06:29:39.651+0000] {processor.py:925} INFO - DAG(s) 'example_sensors' retrieved from /home/airflow/.local/lib/python3.9/site-packages/airflow/example_dags/example_sensors.py
[2025-04-22T06:29:39.675+0000] {logging_mixin.py:190} INFO - [2025-04-22T06:29:39.675+0000] {dag.py:3239} INFO - Sync 1 DAGs
[2025-04-22T06:29:39.688+0000] {logging_mixin.py:190} INFO - [2025-04-22T06:29:39.688+0000] {dag.py:4180} INFO - Setting next_dagrun for example_sensors to None, run_after=None
[2025-04-22T06:29:39.706+0000] {processor.py:208} INFO - Processing /home/airflow/.local/lib/python3.9/site-packages/airflow/example_dags/example_sensors.py took 0.076 seconds
[2025-04-22T06:30:10.345+0000] {processor.py:186} INFO - Started process (PID=1220) to work on /home/airflow/.local/lib/python3.9/site-packages/airflow/example_dags/example_sensors.py
[2025-04-22T06:30:10.347+0000] {processor.py:914} INFO - Processing file /home/airflow/.local/lib/python3.9/site-packages/airflow/example_dags/example_sensors.py for tasks to queue
[2025-04-22T06:30:10.350+0000] {logging_mixin.py:190} INFO - [2025-04-22T06:30:10.349+0000] {dagbag.py:588} INFO - Filling up the DagBag from /home/airflow/.local/lib/python3.9/site-packages/airflow/example_dags/example_sensors.py
[2025-04-22T06:30:10.371+0000] {processor.py:925} INFO - DAG(s) 'example_sensors' retrieved from /home/airflow/.local/lib/python3.9/site-packages/airflow/example_dags/example_sensors.py
[2025-04-22T06:30:10.404+0000] {logging_mixin.py:190} INFO - [2025-04-22T06:30:10.404+0000] {dag.py:3239} INFO - Sync 1 DAGs
[2025-04-22T06:30:10.427+0000] {logging_mixin.py:190} INFO - [2025-04-22T06:30:10.427+0000] {dag.py:4180} INFO - Setting next_dagrun for example_sensors to None, run_after=None
[2025-04-22T06:30:10.455+0000] {processor.py:208} INFO - Processing /home/airflow/.local/lib/python3.9/site-packages/airflow/example_dags/example_sensors.py took 0.120 seconds
[2025-04-22T06:30:40.515+0000] {processor.py:186} INFO - Started process (PID=1279) to work on /home/airflow/.local/lib/python3.9/site-packages/airflow/example_dags/example_sensors.py
[2025-04-22T06:30:40.516+0000] {processor.py:914} INFO - Processing file /home/airflow/.local/lib/python3.9/site-packages/airflow/example_dags/example_sensors.py for tasks to queue
[2025-04-22T06:30:40.519+0000] {logging_mixin.py:190} INFO - [2025-04-22T06:30:40.518+0000] {dagbag.py:588} INFO - Filling up the DagBag from /home/airflow/.local/lib/python3.9/site-packages/airflow/example_dags/example_sensors.py
[2025-04-22T06:30:40.534+0000] {processor.py:925} INFO - DAG(s) 'example_sensors' retrieved from /home/airflow/.local/lib/python3.9/site-packages/airflow/example_dags/example_sensors.py
[2025-04-22T06:30:40.569+0000] {logging_mixin.py:190} INFO - [2025-04-22T06:30:40.568+0000] {dag.py:3239} INFO - Sync 1 DAGs
[2025-04-22T06:30:40.588+0000] {logging_mixin.py:190} INFO - [2025-04-22T06:30:40.588+0000] {dag.py:4180} INFO - Setting next_dagrun for example_sensors to None, run_after=None
[2025-04-22T06:30:40.606+0000] {processor.py:208} INFO - Processing /home/airflow/.local/lib/python3.9/site-packages/airflow/example_dags/example_sensors.py took 0.097 seconds
[2025-04-22T06:31:10.900+0000] {processor.py:186} INFO - Started process (PID=1336) to work on /home/airflow/.local/lib/python3.9/site-packages/airflow/example_dags/example_sensors.py
[2025-04-22T06:31:10.901+0000] {processor.py:914} INFO - Processing file /home/airflow/.local/lib/python3.9/site-packages/airflow/example_dags/example_sensors.py for tasks to queue
[2025-04-22T06:31:10.903+0000] {logging_mixin.py:190} INFO - [2025-04-22T06:31:10.903+0000] {dagbag.py:588} INFO - Filling up the DagBag from /home/airflow/.local/lib/python3.9/site-packages/airflow/example_dags/example_sensors.py
[2025-04-22T06:31:10.913+0000] {processor.py:925} INFO - DAG(s) 'example_sensors' retrieved from /home/airflow/.local/lib/python3.9/site-packages/airflow/example_dags/example_sensors.py
[2025-04-22T06:31:10.939+0000] {logging_mixin.py:190} INFO - [2025-04-22T06:31:10.939+0000] {dag.py:3239} INFO - Sync 1 DAGs
[2025-04-22T06:31:10.953+0000] {logging_mixin.py:190} INFO - [2025-04-22T06:31:10.953+0000] {dag.py:4180} INFO - Setting next_dagrun for example_sensors to None, run_after=None
[2025-04-22T06:31:10.971+0000] {processor.py:208} INFO - Processing /home/airflow/.local/lib/python3.9/site-packages/airflow/example_dags/example_sensors.py took 0.077 seconds
[2025-04-22T06:31:41.180+0000] {processor.py:186} INFO - Started process (PID=1394) to work on /home/airflow/.local/lib/python3.9/site-packages/airflow/example_dags/example_sensors.py
[2025-04-22T06:31:41.181+0000] {processor.py:914} INFO - Processing file /home/airflow/.local/lib/python3.9/site-packages/airflow/example_dags/example_sensors.py for tasks to queue
[2025-04-22T06:31:41.184+0000] {logging_mixin.py:190} INFO - [2025-04-22T06:31:41.184+0000] {dagbag.py:588} INFO - Filling up the DagBag from /home/airflow/.local/lib/python3.9/site-packages/airflow/example_dags/example_sensors.py
[2025-04-22T06:31:41.195+0000] {processor.py:925} INFO - DAG(s) 'example_sensors' retrieved from /home/airflow/.local/lib/python3.9/site-packages/airflow/example_dags/example_sensors.py
[2025-04-22T06:31:41.219+0000] {logging_mixin.py:190} INFO - [2025-04-22T06:31:41.219+0000] {dag.py:3239} INFO - Sync 1 DAGs
[2025-04-22T06:31:41.233+0000] {logging_mixin.py:190} INFO - [2025-04-22T06:31:41.233+0000] {dag.py:4180} INFO - Setting next_dagrun for example_sensors to None, run_after=None
[2025-04-22T06:31:41.252+0000] {processor.py:208} INFO - Processing /home/airflow/.local/lib/python3.9/site-packages/airflow/example_dags/example_sensors.py took 0.078 seconds
[2025-04-22T06:32:11.921+0000] {processor.py:186} INFO - Started process (PID=1452) to work on /home/airflow/.local/lib/python3.9/site-packages/airflow/example_dags/example_sensors.py
[2025-04-22T06:32:11.922+0000] {processor.py:914} INFO - Processing file /home/airflow/.local/lib/python3.9/site-packages/airflow/example_dags/example_sensors.py for tasks to queue
[2025-04-22T06:32:11.924+0000] {logging_mixin.py:190} INFO - [2025-04-22T06:32:11.924+0000] {dagbag.py:588} INFO - Filling up the DagBag from /home/airflow/.local/lib/python3.9/site-packages/airflow/example_dags/example_sensors.py
[2025-04-22T06:32:11.934+0000] {processor.py:925} INFO - DAG(s) 'example_sensors' retrieved from /home/airflow/.local/lib/python3.9/site-packages/airflow/example_dags/example_sensors.py
[2025-04-22T06:32:11.959+0000] {logging_mixin.py:190} INFO - [2025-04-22T06:32:11.958+0000] {dag.py:3239} INFO - Sync 1 DAGs
[2025-04-22T06:32:11.973+0000] {logging_mixin.py:190} INFO - [2025-04-22T06:32:11.973+0000] {dag.py:4180} INFO - Setting next_dagrun for example_sensors to None, run_after=None
[2025-04-22T06:32:11.990+0000] {processor.py:208} INFO - Processing /home/airflow/.local/lib/python3.9/site-packages/airflow/example_dags/example_sensors.py took 0.076 seconds
