[2025-04-22T06:19:58.716+0000] {processor.py:186} INFO - Started process (PID=67) to work on /home/airflow/.local/lib/python3.9/site-packages/airflow/example_dags/example_outlet_event_extra.py
[2025-04-22T06:19:58.718+0000] {processor.py:914} INFO - Processing file /home/airflow/.local/lib/python3.9/site-packages/airflow/example_dags/example_outlet_event_extra.py for tasks to queue
[2025-04-22T06:19:58.723+0000] {logging_mixin.py:190} INFO - [2025-04-22T06:19:58.722+0000] {dagbag.py:588} INFO - Filling up the DagBag from /home/airflow/.local/lib/python3.9/site-packages/airflow/example_dags/example_outlet_event_extra.py
[2025-04-22T06:19:59.375+0000] {processor.py:925} INFO - DAG(s) 'dataset_with_extra_by_context', 'dataset_with_extra_by_yield', 'dataset_with_extra_from_classic_operator' retrieved from /home/airflow/.local/lib/python3.9/site-packages/airflow/example_dags/example_outlet_event_extra.py
[2025-04-22T06:19:59.420+0000] {logging_mixin.py:190} INFO - [2025-04-22T06:19:59.419+0000] {dag.py:3239} INFO - Sync 3 DAGs
[2025-04-22T06:19:59.465+0000] {logging_mixin.py:190} INFO - [2025-04-22T06:19:59.464+0000] {dag.py:4180} INFO - Setting next_dagrun for dataset_with_extra_by_context to 2025-04-21 00:00:00+00:00, run_after=2025-04-22 00:00:00+00:00
[2025-04-22T06:19:59.475+0000] {logging_mixin.py:190} INFO - [2025-04-22T06:19:59.475+0000] {dag.py:4180} INFO - Setting next_dagrun for dataset_with_extra_by_yield to 2025-04-21 00:00:00+00:00, run_after=2025-04-22 00:00:00+00:00
[2025-04-22T06:19:59.480+0000] {logging_mixin.py:190} INFO - [2025-04-22T06:19:59.479+0000] {dag.py:4180} INFO - Setting next_dagrun for dataset_with_extra_from_classic_operator to 2025-04-21 00:00:00+00:00, run_after=2025-04-22 00:00:00+00:00
[2025-04-22T06:19:59.517+0000] {processor.py:208} INFO - Processing /home/airflow/.local/lib/python3.9/site-packages/airflow/example_dags/example_outlet_event_extra.py took 0.812 seconds
[2025-04-22T06:20:31.340+0000] {processor.py:186} INFO - Started process (PID=125) to work on /home/airflow/.local/lib/python3.9/site-packages/airflow/example_dags/example_outlet_event_extra.py
[2025-04-22T06:20:31.341+0000] {processor.py:914} INFO - Processing file /home/airflow/.local/lib/python3.9/site-packages/airflow/example_dags/example_outlet_event_extra.py for tasks to queue
[2025-04-22T06:20:31.344+0000] {logging_mixin.py:190} INFO - [2025-04-22T06:20:31.344+0000] {dagbag.py:588} INFO - Filling up the DagBag from /home/airflow/.local/lib/python3.9/site-packages/airflow/example_dags/example_outlet_event_extra.py
[2025-04-22T06:20:31.991+0000] {processor.py:925} INFO - DAG(s) 'dataset_with_extra_by_yield', 'dataset_with_extra_from_classic_operator', 'dataset_with_extra_by_context' retrieved from /home/airflow/.local/lib/python3.9/site-packages/airflow/example_dags/example_outlet_event_extra.py
[2025-04-22T06:20:32.017+0000] {logging_mixin.py:190} INFO - [2025-04-22T06:20:32.017+0000] {dag.py:3239} INFO - Sync 3 DAGs
[2025-04-22T06:20:32.056+0000] {logging_mixin.py:190} INFO - [2025-04-22T06:20:32.055+0000] {dag.py:4180} INFO - Setting next_dagrun for dataset_with_extra_by_context to 2025-04-21 00:00:00+00:00, run_after=2025-04-22 00:00:00+00:00
[2025-04-22T06:20:32.064+0000] {logging_mixin.py:190} INFO - [2025-04-22T06:20:32.063+0000] {dag.py:4180} INFO - Setting next_dagrun for dataset_with_extra_by_yield to 2025-04-21 00:00:00+00:00, run_after=2025-04-22 00:00:00+00:00
[2025-04-22T06:20:32.070+0000] {logging_mixin.py:190} INFO - [2025-04-22T06:20:32.069+0000] {dag.py:4180} INFO - Setting next_dagrun for dataset_with_extra_from_classic_operator to 2025-04-21 00:00:00+00:00, run_after=2025-04-22 00:00:00+00:00
[2025-04-22T06:20:32.098+0000] {processor.py:208} INFO - Processing /home/airflow/.local/lib/python3.9/site-packages/airflow/example_dags/example_outlet_event_extra.py took 0.764 seconds
[2025-04-22T06:21:02.191+0000] {processor.py:186} INFO - Started process (PID=186) to work on /home/airflow/.local/lib/python3.9/site-packages/airflow/example_dags/example_outlet_event_extra.py
[2025-04-22T06:21:02.192+0000] {processor.py:914} INFO - Processing file /home/airflow/.local/lib/python3.9/site-packages/airflow/example_dags/example_outlet_event_extra.py for tasks to queue
[2025-04-22T06:21:02.195+0000] {logging_mixin.py:190} INFO - [2025-04-22T06:21:02.194+0000] {dagbag.py:588} INFO - Filling up the DagBag from /home/airflow/.local/lib/python3.9/site-packages/airflow/example_dags/example_outlet_event_extra.py
[2025-04-22T06:21:02.630+0000] {processor.py:925} INFO - DAG(s) 'dataset_with_extra_by_yield', 'dataset_with_extra_from_classic_operator', 'dataset_with_extra_by_context' retrieved from /home/airflow/.local/lib/python3.9/site-packages/airflow/example_dags/example_outlet_event_extra.py
[2025-04-22T06:21:02.665+0000] {logging_mixin.py:190} INFO - [2025-04-22T06:21:02.664+0000] {dag.py:3239} INFO - Sync 3 DAGs
[2025-04-22T06:21:02.700+0000] {logging_mixin.py:190} INFO - [2025-04-22T06:21:02.699+0000] {dag.py:4180} INFO - Setting next_dagrun for dataset_with_extra_by_context to 2025-04-21 00:00:00+00:00, run_after=2025-04-22 00:00:00+00:00
[2025-04-22T06:21:02.706+0000] {logging_mixin.py:190} INFO - [2025-04-22T06:21:02.705+0000] {dag.py:4180} INFO - Setting next_dagrun for dataset_with_extra_by_yield to 2025-04-21 00:00:00+00:00, run_after=2025-04-22 00:00:00+00:00
[2025-04-22T06:21:02.709+0000] {logging_mixin.py:190} INFO - [2025-04-22T06:21:02.709+0000] {dag.py:4180} INFO - Setting next_dagrun for dataset_with_extra_from_classic_operator to 2025-04-21 00:00:00+00:00, run_after=2025-04-22 00:00:00+00:00
[2025-04-22T06:21:02.734+0000] {processor.py:208} INFO - Processing /home/airflow/.local/lib/python3.9/site-packages/airflow/example_dags/example_outlet_event_extra.py took 0.549 seconds
[2025-04-22T06:21:32.778+0000] {processor.py:186} INFO - Started process (PID=248) to work on /home/airflow/.local/lib/python3.9/site-packages/airflow/example_dags/example_outlet_event_extra.py
[2025-04-22T06:21:32.779+0000] {processor.py:914} INFO - Processing file /home/airflow/.local/lib/python3.9/site-packages/airflow/example_dags/example_outlet_event_extra.py for tasks to queue
[2025-04-22T06:21:32.783+0000] {logging_mixin.py:190} INFO - [2025-04-22T06:21:32.782+0000] {dagbag.py:588} INFO - Filling up the DagBag from /home/airflow/.local/lib/python3.9/site-packages/airflow/example_dags/example_outlet_event_extra.py
[2025-04-22T06:21:33.185+0000] {processor.py:925} INFO - DAG(s) 'dataset_with_extra_by_context', 'dataset_with_extra_from_classic_operator', 'dataset_with_extra_by_yield' retrieved from /home/airflow/.local/lib/python3.9/site-packages/airflow/example_dags/example_outlet_event_extra.py
[2025-04-22T06:21:33.214+0000] {logging_mixin.py:190} INFO - [2025-04-22T06:21:33.214+0000] {dag.py:3239} INFO - Sync 3 DAGs
[2025-04-22T06:21:33.241+0000] {logging_mixin.py:190} INFO - [2025-04-22T06:21:33.241+0000] {dag.py:4180} INFO - Setting next_dagrun for dataset_with_extra_by_context to 2025-04-21 00:00:00+00:00, run_after=2025-04-22 00:00:00+00:00
[2025-04-22T06:21:33.246+0000] {logging_mixin.py:190} INFO - [2025-04-22T06:21:33.246+0000] {dag.py:4180} INFO - Setting next_dagrun for dataset_with_extra_by_yield to 2025-04-21 00:00:00+00:00, run_after=2025-04-22 00:00:00+00:00
[2025-04-22T06:21:33.250+0000] {logging_mixin.py:190} INFO - [2025-04-22T06:21:33.249+0000] {dag.py:4180} INFO - Setting next_dagrun for dataset_with_extra_from_classic_operator to 2025-04-21 00:00:00+00:00, run_after=2025-04-22 00:00:00+00:00
[2025-04-22T06:21:33.276+0000] {processor.py:208} INFO - Processing /home/airflow/.local/lib/python3.9/site-packages/airflow/example_dags/example_outlet_event_extra.py took 0.505 seconds
[2025-04-22T06:22:03.325+0000] {processor.py:186} INFO - Started process (PID=308) to work on /home/airflow/.local/lib/python3.9/site-packages/airflow/example_dags/example_outlet_event_extra.py
[2025-04-22T06:22:03.326+0000] {processor.py:914} INFO - Processing file /home/airflow/.local/lib/python3.9/site-packages/airflow/example_dags/example_outlet_event_extra.py for tasks to queue
[2025-04-22T06:22:03.329+0000] {logging_mixin.py:190} INFO - [2025-04-22T06:22:03.329+0000] {dagbag.py:588} INFO - Filling up the DagBag from /home/airflow/.local/lib/python3.9/site-packages/airflow/example_dags/example_outlet_event_extra.py
[2025-04-22T06:22:03.672+0000] {processor.py:925} INFO - DAG(s) 'dataset_with_extra_by_context', 'dataset_with_extra_by_yield', 'dataset_with_extra_from_classic_operator' retrieved from /home/airflow/.local/lib/python3.9/site-packages/airflow/example_dags/example_outlet_event_extra.py
[2025-04-22T06:22:03.700+0000] {logging_mixin.py:190} INFO - [2025-04-22T06:22:03.700+0000] {dag.py:3239} INFO - Sync 3 DAGs
[2025-04-22T06:22:03.727+0000] {logging_mixin.py:190} INFO - [2025-04-22T06:22:03.726+0000] {dag.py:4180} INFO - Setting next_dagrun for dataset_with_extra_by_context to 2025-04-21 00:00:00+00:00, run_after=2025-04-22 00:00:00+00:00
[2025-04-22T06:22:03.732+0000] {logging_mixin.py:190} INFO - [2025-04-22T06:22:03.732+0000] {dag.py:4180} INFO - Setting next_dagrun for dataset_with_extra_by_yield to 2025-04-21 00:00:00+00:00, run_after=2025-04-22 00:00:00+00:00
[2025-04-22T06:22:03.736+0000] {logging_mixin.py:190} INFO - [2025-04-22T06:22:03.735+0000] {dag.py:4180} INFO - Setting next_dagrun for dataset_with_extra_from_classic_operator to 2025-04-21 00:00:00+00:00, run_after=2025-04-22 00:00:00+00:00
[2025-04-22T06:22:03.758+0000] {processor.py:208} INFO - Processing /home/airflow/.local/lib/python3.9/site-packages/airflow/example_dags/example_outlet_event_extra.py took 0.439 seconds
[2025-04-22T06:22:34.369+0000] {processor.py:186} INFO - Started process (PID=366) to work on /home/airflow/.local/lib/python3.9/site-packages/airflow/example_dags/example_outlet_event_extra.py
[2025-04-22T06:22:34.371+0000] {processor.py:914} INFO - Processing file /home/airflow/.local/lib/python3.9/site-packages/airflow/example_dags/example_outlet_event_extra.py for tasks to queue
[2025-04-22T06:22:34.374+0000] {logging_mixin.py:190} INFO - [2025-04-22T06:22:34.374+0000] {dagbag.py:588} INFO - Filling up the DagBag from /home/airflow/.local/lib/python3.9/site-packages/airflow/example_dags/example_outlet_event_extra.py
[2025-04-22T06:22:34.945+0000] {processor.py:925} INFO - DAG(s) 'dataset_with_extra_by_context', 'dataset_with_extra_by_yield', 'dataset_with_extra_from_classic_operator' retrieved from /home/airflow/.local/lib/python3.9/site-packages/airflow/example_dags/example_outlet_event_extra.py
[2025-04-22T06:22:35.002+0000] {logging_mixin.py:190} INFO - [2025-04-22T06:22:35.001+0000] {dag.py:3239} INFO - Sync 3 DAGs
[2025-04-22T06:22:35.049+0000] {logging_mixin.py:190} INFO - [2025-04-22T06:22:35.048+0000] {dag.py:4180} INFO - Setting next_dagrun for dataset_with_extra_by_context to 2025-04-21 00:00:00+00:00, run_after=2025-04-22 00:00:00+00:00
[2025-04-22T06:22:35.059+0000] {logging_mixin.py:190} INFO - [2025-04-22T06:22:35.059+0000] {dag.py:4180} INFO - Setting next_dagrun for dataset_with_extra_by_yield to 2025-04-21 00:00:00+00:00, run_after=2025-04-22 00:00:00+00:00
[2025-04-22T06:22:35.063+0000] {logging_mixin.py:190} INFO - [2025-04-22T06:22:35.062+0000] {dag.py:4180} INFO - Setting next_dagrun for dataset_with_extra_from_classic_operator to 2025-04-21 00:00:00+00:00, run_after=2025-04-22 00:00:00+00:00
[2025-04-22T06:22:35.093+0000] {processor.py:208} INFO - Processing /home/airflow/.local/lib/python3.9/site-packages/airflow/example_dags/example_outlet_event_extra.py took 0.731 seconds
[2025-04-22T06:23:05.229+0000] {processor.py:186} INFO - Started process (PID=424) to work on /home/airflow/.local/lib/python3.9/site-packages/airflow/example_dags/example_outlet_event_extra.py
[2025-04-22T06:23:05.230+0000] {processor.py:914} INFO - Processing file /home/airflow/.local/lib/python3.9/site-packages/airflow/example_dags/example_outlet_event_extra.py for tasks to queue
[2025-04-22T06:23:05.233+0000] {logging_mixin.py:190} INFO - [2025-04-22T06:23:05.233+0000] {dagbag.py:588} INFO - Filling up the DagBag from /home/airflow/.local/lib/python3.9/site-packages/airflow/example_dags/example_outlet_event_extra.py
[2025-04-22T06:23:05.592+0000] {processor.py:925} INFO - DAG(s) 'dataset_with_extra_by_yield', 'dataset_with_extra_from_classic_operator', 'dataset_with_extra_by_context' retrieved from /home/airflow/.local/lib/python3.9/site-packages/airflow/example_dags/example_outlet_event_extra.py
[2025-04-22T06:23:05.616+0000] {logging_mixin.py:190} INFO - [2025-04-22T06:23:05.616+0000] {dag.py:3239} INFO - Sync 3 DAGs
[2025-04-22T06:23:05.640+0000] {logging_mixin.py:190} INFO - [2025-04-22T06:23:05.639+0000] {dag.py:4180} INFO - Setting next_dagrun for dataset_with_extra_by_context to 2025-04-21 00:00:00+00:00, run_after=2025-04-22 00:00:00+00:00
[2025-04-22T06:23:05.645+0000] {logging_mixin.py:190} INFO - [2025-04-22T06:23:05.644+0000] {dag.py:4180} INFO - Setting next_dagrun for dataset_with_extra_by_yield to 2025-04-21 00:00:00+00:00, run_after=2025-04-22 00:00:00+00:00
[2025-04-22T06:23:05.648+0000] {logging_mixin.py:190} INFO - [2025-04-22T06:23:05.648+0000] {dag.py:4180} INFO - Setting next_dagrun for dataset_with_extra_from_classic_operator to 2025-04-21 00:00:00+00:00, run_after=2025-04-22 00:00:00+00:00
[2025-04-22T06:23:05.673+0000] {processor.py:208} INFO - Processing /home/airflow/.local/lib/python3.9/site-packages/airflow/example_dags/example_outlet_event_extra.py took 0.450 seconds
[2025-04-22T06:23:36.568+0000] {processor.py:186} INFO - Started process (PID=482) to work on /home/airflow/.local/lib/python3.9/site-packages/airflow/example_dags/example_outlet_event_extra.py
[2025-04-22T06:23:36.569+0000] {processor.py:914} INFO - Processing file /home/airflow/.local/lib/python3.9/site-packages/airflow/example_dags/example_outlet_event_extra.py for tasks to queue
[2025-04-22T06:23:36.571+0000] {logging_mixin.py:190} INFO - [2025-04-22T06:23:36.571+0000] {dagbag.py:588} INFO - Filling up the DagBag from /home/airflow/.local/lib/python3.9/site-packages/airflow/example_dags/example_outlet_event_extra.py
[2025-04-22T06:23:36.881+0000] {processor.py:925} INFO - DAG(s) 'dataset_with_extra_from_classic_operator', 'dataset_with_extra_by_yield', 'dataset_with_extra_by_context' retrieved from /home/airflow/.local/lib/python3.9/site-packages/airflow/example_dags/example_outlet_event_extra.py
[2025-04-22T06:23:36.905+0000] {logging_mixin.py:190} INFO - [2025-04-22T06:23:36.905+0000] {dag.py:3239} INFO - Sync 3 DAGs
[2025-04-22T06:23:36.928+0000] {logging_mixin.py:190} INFO - [2025-04-22T06:23:36.927+0000] {dag.py:4180} INFO - Setting next_dagrun for dataset_with_extra_by_context to 2025-04-21 00:00:00+00:00, run_after=2025-04-22 00:00:00+00:00
[2025-04-22T06:23:36.933+0000] {logging_mixin.py:190} INFO - [2025-04-22T06:23:36.932+0000] {dag.py:4180} INFO - Setting next_dagrun for dataset_with_extra_by_yield to 2025-04-21 00:00:00+00:00, run_after=2025-04-22 00:00:00+00:00
[2025-04-22T06:23:36.936+0000] {logging_mixin.py:190} INFO - [2025-04-22T06:23:36.936+0000] {dag.py:4180} INFO - Setting next_dagrun for dataset_with_extra_from_classic_operator to 2025-04-21 00:00:00+00:00, run_after=2025-04-22 00:00:00+00:00
[2025-04-22T06:23:36.957+0000] {processor.py:208} INFO - Processing /home/airflow/.local/lib/python3.9/site-packages/airflow/example_dags/example_outlet_event_extra.py took 0.394 seconds
[2025-04-22T06:24:07.586+0000] {processor.py:186} INFO - Started process (PID=540) to work on /home/airflow/.local/lib/python3.9/site-packages/airflow/example_dags/example_outlet_event_extra.py
[2025-04-22T06:24:07.587+0000] {processor.py:914} INFO - Processing file /home/airflow/.local/lib/python3.9/site-packages/airflow/example_dags/example_outlet_event_extra.py for tasks to queue
[2025-04-22T06:24:07.589+0000] {logging_mixin.py:190} INFO - [2025-04-22T06:24:07.589+0000] {dagbag.py:588} INFO - Filling up the DagBag from /home/airflow/.local/lib/python3.9/site-packages/airflow/example_dags/example_outlet_event_extra.py
[2025-04-22T06:24:07.930+0000] {processor.py:925} INFO - DAG(s) 'dataset_with_extra_by_yield', 'dataset_with_extra_by_context', 'dataset_with_extra_from_classic_operator' retrieved from /home/airflow/.local/lib/python3.9/site-packages/airflow/example_dags/example_outlet_event_extra.py
[2025-04-22T06:24:07.953+0000] {logging_mixin.py:190} INFO - [2025-04-22T06:24:07.953+0000] {dag.py:3239} INFO - Sync 3 DAGs
[2025-04-22T06:24:07.980+0000] {logging_mixin.py:190} INFO - [2025-04-22T06:24:07.980+0000] {dag.py:4180} INFO - Setting next_dagrun for dataset_with_extra_by_context to 2025-04-21 00:00:00+00:00, run_after=2025-04-22 00:00:00+00:00
[2025-04-22T06:24:07.985+0000] {logging_mixin.py:190} INFO - [2025-04-22T06:24:07.985+0000] {dag.py:4180} INFO - Setting next_dagrun for dataset_with_extra_by_yield to 2025-04-21 00:00:00+00:00, run_after=2025-04-22 00:00:00+00:00
[2025-04-22T06:24:07.989+0000] {logging_mixin.py:190} INFO - [2025-04-22T06:24:07.989+0000] {dag.py:4180} INFO - Setting next_dagrun for dataset_with_extra_from_classic_operator to 2025-04-21 00:00:00+00:00, run_after=2025-04-22 00:00:00+00:00
[2025-04-22T06:24:08.010+0000] {processor.py:208} INFO - Processing /home/airflow/.local/lib/python3.9/site-packages/airflow/example_dags/example_outlet_event_extra.py took 0.430 seconds
[2025-04-22T06:24:38.219+0000] {processor.py:186} INFO - Started process (PID=598) to work on /home/airflow/.local/lib/python3.9/site-packages/airflow/example_dags/example_outlet_event_extra.py
[2025-04-22T06:24:38.220+0000] {processor.py:914} INFO - Processing file /home/airflow/.local/lib/python3.9/site-packages/airflow/example_dags/example_outlet_event_extra.py for tasks to queue
[2025-04-22T06:24:38.223+0000] {logging_mixin.py:190} INFO - [2025-04-22T06:24:38.223+0000] {dagbag.py:588} INFO - Filling up the DagBag from /home/airflow/.local/lib/python3.9/site-packages/airflow/example_dags/example_outlet_event_extra.py
[2025-04-22T06:24:38.540+0000] {processor.py:925} INFO - DAG(s) 'dataset_with_extra_by_yield', 'dataset_with_extra_by_context', 'dataset_with_extra_from_classic_operator' retrieved from /home/airflow/.local/lib/python3.9/site-packages/airflow/example_dags/example_outlet_event_extra.py
[2025-04-22T06:24:38.563+0000] {logging_mixin.py:190} INFO - [2025-04-22T06:24:38.563+0000] {dag.py:3239} INFO - Sync 3 DAGs
[2025-04-22T06:24:38.608+0000] {logging_mixin.py:190} INFO - [2025-04-22T06:24:38.608+0000] {dag.py:4180} INFO - Setting next_dagrun for dataset_with_extra_by_context to 2025-04-21 00:00:00+00:00, run_after=2025-04-22 00:00:00+00:00
[2025-04-22T06:24:38.614+0000] {logging_mixin.py:190} INFO - [2025-04-22T06:24:38.614+0000] {dag.py:4180} INFO - Setting next_dagrun for dataset_with_extra_by_yield to 2025-04-21 00:00:00+00:00, run_after=2025-04-22 00:00:00+00:00
[2025-04-22T06:24:38.617+0000] {logging_mixin.py:190} INFO - [2025-04-22T06:24:38.617+0000] {dag.py:4180} INFO - Setting next_dagrun for dataset_with_extra_from_classic_operator to 2025-04-21 00:00:00+00:00, run_after=2025-04-22 00:00:00+00:00
[2025-04-22T06:24:38.640+0000] {processor.py:208} INFO - Processing /home/airflow/.local/lib/python3.9/site-packages/airflow/example_dags/example_outlet_event_extra.py took 0.427 seconds
[2025-04-22T06:25:09.473+0000] {processor.py:186} INFO - Started process (PID=656) to work on /home/airflow/.local/lib/python3.9/site-packages/airflow/example_dags/example_outlet_event_extra.py
[2025-04-22T06:25:09.474+0000] {processor.py:914} INFO - Processing file /home/airflow/.local/lib/python3.9/site-packages/airflow/example_dags/example_outlet_event_extra.py for tasks to queue
[2025-04-22T06:25:09.476+0000] {logging_mixin.py:190} INFO - [2025-04-22T06:25:09.476+0000] {dagbag.py:588} INFO - Filling up the DagBag from /home/airflow/.local/lib/python3.9/site-packages/airflow/example_dags/example_outlet_event_extra.py
[2025-04-22T06:25:09.797+0000] {processor.py:925} INFO - DAG(s) 'dataset_with_extra_from_classic_operator', 'dataset_with_extra_by_context', 'dataset_with_extra_by_yield' retrieved from /home/airflow/.local/lib/python3.9/site-packages/airflow/example_dags/example_outlet_event_extra.py
[2025-04-22T06:25:09.819+0000] {logging_mixin.py:190} INFO - [2025-04-22T06:25:09.819+0000] {dag.py:3239} INFO - Sync 3 DAGs
[2025-04-22T06:25:09.843+0000] {logging_mixin.py:190} INFO - [2025-04-22T06:25:09.843+0000] {dag.py:4180} INFO - Setting next_dagrun for dataset_with_extra_by_context to 2025-04-21 00:00:00+00:00, run_after=2025-04-22 00:00:00+00:00
[2025-04-22T06:25:09.849+0000] {logging_mixin.py:190} INFO - [2025-04-22T06:25:09.849+0000] {dag.py:4180} INFO - Setting next_dagrun for dataset_with_extra_by_yield to 2025-04-21 00:00:00+00:00, run_after=2025-04-22 00:00:00+00:00
[2025-04-22T06:25:09.852+0000] {logging_mixin.py:190} INFO - [2025-04-22T06:25:09.852+0000] {dag.py:4180} INFO - Setting next_dagrun for dataset_with_extra_from_classic_operator to 2025-04-21 00:00:00+00:00, run_after=2025-04-22 00:00:00+00:00
[2025-04-22T06:25:09.874+0000] {processor.py:208} INFO - Processing /home/airflow/.local/lib/python3.9/site-packages/airflow/example_dags/example_outlet_event_extra.py took 0.408 seconds
[2025-04-22T06:25:39.999+0000] {processor.py:186} INFO - Started process (PID=714) to work on /home/airflow/.local/lib/python3.9/site-packages/airflow/example_dags/example_outlet_event_extra.py
[2025-04-22T06:25:40.000+0000] {processor.py:914} INFO - Processing file /home/airflow/.local/lib/python3.9/site-packages/airflow/example_dags/example_outlet_event_extra.py for tasks to queue
[2025-04-22T06:25:40.003+0000] {logging_mixin.py:190} INFO - [2025-04-22T06:25:40.002+0000] {dagbag.py:588} INFO - Filling up the DagBag from /home/airflow/.local/lib/python3.9/site-packages/airflow/example_dags/example_outlet_event_extra.py
[2025-04-22T06:25:40.311+0000] {processor.py:925} INFO - DAG(s) 'dataset_with_extra_from_classic_operator', 'dataset_with_extra_by_yield', 'dataset_with_extra_by_context' retrieved from /home/airflow/.local/lib/python3.9/site-packages/airflow/example_dags/example_outlet_event_extra.py
[2025-04-22T06:25:40.334+0000] {logging_mixin.py:190} INFO - [2025-04-22T06:25:40.334+0000] {dag.py:3239} INFO - Sync 3 DAGs
[2025-04-22T06:25:40.503+0000] {logging_mixin.py:190} INFO - [2025-04-22T06:25:40.503+0000] {dag.py:4180} INFO - Setting next_dagrun for dataset_with_extra_by_context to 2025-04-21 00:00:00+00:00, run_after=2025-04-22 00:00:00+00:00
[2025-04-22T06:25:40.510+0000] {logging_mixin.py:190} INFO - [2025-04-22T06:25:40.509+0000] {dag.py:4180} INFO - Setting next_dagrun for dataset_with_extra_by_yield to 2025-04-21 00:00:00+00:00, run_after=2025-04-22 00:00:00+00:00
[2025-04-22T06:25:40.513+0000] {logging_mixin.py:190} INFO - [2025-04-22T06:25:40.513+0000] {dag.py:4180} INFO - Setting next_dagrun for dataset_with_extra_from_classic_operator to 2025-04-21 00:00:00+00:00, run_after=2025-04-22 00:00:00+00:00
[2025-04-22T06:25:40.536+0000] {processor.py:208} INFO - Processing /home/airflow/.local/lib/python3.9/site-packages/airflow/example_dags/example_outlet_event_extra.py took 0.543 seconds
[2025-04-22T06:26:10.606+0000] {processor.py:186} INFO - Started process (PID=772) to work on /home/airflow/.local/lib/python3.9/site-packages/airflow/example_dags/example_outlet_event_extra.py
[2025-04-22T06:26:10.607+0000] {processor.py:914} INFO - Processing file /home/airflow/.local/lib/python3.9/site-packages/airflow/example_dags/example_outlet_event_extra.py for tasks to queue
[2025-04-22T06:26:10.609+0000] {logging_mixin.py:190} INFO - [2025-04-22T06:26:10.609+0000] {dagbag.py:588} INFO - Filling up the DagBag from /home/airflow/.local/lib/python3.9/site-packages/airflow/example_dags/example_outlet_event_extra.py
[2025-04-22T06:26:10.909+0000] {processor.py:925} INFO - DAG(s) 'dataset_with_extra_by_yield', 'dataset_with_extra_by_context', 'dataset_with_extra_from_classic_operator' retrieved from /home/airflow/.local/lib/python3.9/site-packages/airflow/example_dags/example_outlet_event_extra.py
[2025-04-22T06:26:10.932+0000] {logging_mixin.py:190} INFO - [2025-04-22T06:26:10.932+0000] {dag.py:3239} INFO - Sync 3 DAGs
[2025-04-22T06:26:11.107+0000] {logging_mixin.py:190} INFO - [2025-04-22T06:26:11.107+0000] {dag.py:4180} INFO - Setting next_dagrun for dataset_with_extra_by_context to 2025-04-21 00:00:00+00:00, run_after=2025-04-22 00:00:00+00:00
[2025-04-22T06:26:11.113+0000] {logging_mixin.py:190} INFO - [2025-04-22T06:26:11.113+0000] {dag.py:4180} INFO - Setting next_dagrun for dataset_with_extra_by_yield to 2025-04-21 00:00:00+00:00, run_after=2025-04-22 00:00:00+00:00
[2025-04-22T06:26:11.116+0000] {logging_mixin.py:190} INFO - [2025-04-22T06:26:11.116+0000] {dag.py:4180} INFO - Setting next_dagrun for dataset_with_extra_from_classic_operator to 2025-04-21 00:00:00+00:00, run_after=2025-04-22 00:00:00+00:00
[2025-04-22T06:26:11.152+0000] {processor.py:208} INFO - Processing /home/airflow/.local/lib/python3.9/site-packages/airflow/example_dags/example_outlet_event_extra.py took 0.553 seconds
[2025-04-22T06:26:41.228+0000] {processor.py:186} INFO - Started process (PID=830) to work on /home/airflow/.local/lib/python3.9/site-packages/airflow/example_dags/example_outlet_event_extra.py
[2025-04-22T06:26:41.229+0000] {processor.py:914} INFO - Processing file /home/airflow/.local/lib/python3.9/site-packages/airflow/example_dags/example_outlet_event_extra.py for tasks to queue
[2025-04-22T06:26:41.231+0000] {logging_mixin.py:190} INFO - [2025-04-22T06:26:41.231+0000] {dagbag.py:588} INFO - Filling up the DagBag from /home/airflow/.local/lib/python3.9/site-packages/airflow/example_dags/example_outlet_event_extra.py
[2025-04-22T06:26:41.532+0000] {processor.py:925} INFO - DAG(s) 'dataset_with_extra_from_classic_operator', 'dataset_with_extra_by_context', 'dataset_with_extra_by_yield' retrieved from /home/airflow/.local/lib/python3.9/site-packages/airflow/example_dags/example_outlet_event_extra.py
[2025-04-22T06:26:41.554+0000] {logging_mixin.py:190} INFO - [2025-04-22T06:26:41.554+0000] {dag.py:3239} INFO - Sync 3 DAGs
[2025-04-22T06:26:41.711+0000] {logging_mixin.py:190} INFO - [2025-04-22T06:26:41.710+0000] {dag.py:4180} INFO - Setting next_dagrun for dataset_with_extra_by_context to 2025-04-21 00:00:00+00:00, run_after=2025-04-22 00:00:00+00:00
[2025-04-22T06:26:41.717+0000] {logging_mixin.py:190} INFO - [2025-04-22T06:26:41.717+0000] {dag.py:4180} INFO - Setting next_dagrun for dataset_with_extra_by_yield to 2025-04-21 00:00:00+00:00, run_after=2025-04-22 00:00:00+00:00
[2025-04-22T06:26:41.720+0000] {logging_mixin.py:190} INFO - [2025-04-22T06:26:41.720+0000] {dag.py:4180} INFO - Setting next_dagrun for dataset_with_extra_from_classic_operator to 2025-04-21 00:00:00+00:00, run_after=2025-04-22 00:00:00+00:00
[2025-04-22T06:26:41.746+0000] {processor.py:208} INFO - Processing /home/airflow/.local/lib/python3.9/site-packages/airflow/example_dags/example_outlet_event_extra.py took 0.523 seconds
[2025-04-22T06:27:12.581+0000] {processor.py:186} INFO - Started process (PID=888) to work on /home/airflow/.local/lib/python3.9/site-packages/airflow/example_dags/example_outlet_event_extra.py
[2025-04-22T06:27:12.583+0000] {processor.py:914} INFO - Processing file /home/airflow/.local/lib/python3.9/site-packages/airflow/example_dags/example_outlet_event_extra.py for tasks to queue
[2025-04-22T06:27:12.586+0000] {logging_mixin.py:190} INFO - [2025-04-22T06:27:12.586+0000] {dagbag.py:588} INFO - Filling up the DagBag from /home/airflow/.local/lib/python3.9/site-packages/airflow/example_dags/example_outlet_event_extra.py
[2025-04-22T06:27:12.910+0000] {processor.py:925} INFO - DAG(s) 'dataset_with_extra_by_yield', 'dataset_with_extra_by_context', 'dataset_with_extra_from_classic_operator' retrieved from /home/airflow/.local/lib/python3.9/site-packages/airflow/example_dags/example_outlet_event_extra.py
[2025-04-22T06:27:12.932+0000] {logging_mixin.py:190} INFO - [2025-04-22T06:27:12.932+0000] {dag.py:3239} INFO - Sync 3 DAGs
[2025-04-22T06:27:13.116+0000] {logging_mixin.py:190} INFO - [2025-04-22T06:27:13.116+0000] {dag.py:4180} INFO - Setting next_dagrun for dataset_with_extra_by_context to 2025-04-21 00:00:00+00:00, run_after=2025-04-22 00:00:00+00:00
[2025-04-22T06:27:13.122+0000] {logging_mixin.py:190} INFO - [2025-04-22T06:27:13.122+0000] {dag.py:4180} INFO - Setting next_dagrun for dataset_with_extra_by_yield to 2025-04-21 00:00:00+00:00, run_after=2025-04-22 00:00:00+00:00
[2025-04-22T06:27:13.126+0000] {logging_mixin.py:190} INFO - [2025-04-22T06:27:13.126+0000] {dag.py:4180} INFO - Setting next_dagrun for dataset_with_extra_from_classic_operator to 2025-04-21 00:00:00+00:00, run_after=2025-04-22 00:00:00+00:00
[2025-04-22T06:27:13.149+0000] {processor.py:208} INFO - Processing /home/airflow/.local/lib/python3.9/site-packages/airflow/example_dags/example_outlet_event_extra.py took 0.575 seconds
[2025-04-22T06:27:43.264+0000] {processor.py:186} INFO - Started process (PID=946) to work on /home/airflow/.local/lib/python3.9/site-packages/airflow/example_dags/example_outlet_event_extra.py
[2025-04-22T06:27:43.265+0000] {processor.py:914} INFO - Processing file /home/airflow/.local/lib/python3.9/site-packages/airflow/example_dags/example_outlet_event_extra.py for tasks to queue
[2025-04-22T06:27:43.267+0000] {logging_mixin.py:190} INFO - [2025-04-22T06:27:43.267+0000] {dagbag.py:588} INFO - Filling up the DagBag from /home/airflow/.local/lib/python3.9/site-packages/airflow/example_dags/example_outlet_event_extra.py
[2025-04-22T06:27:43.584+0000] {processor.py:925} INFO - DAG(s) 'dataset_with_extra_by_context', 'dataset_with_extra_by_yield', 'dataset_with_extra_from_classic_operator' retrieved from /home/airflow/.local/lib/python3.9/site-packages/airflow/example_dags/example_outlet_event_extra.py
[2025-04-22T06:27:43.617+0000] {logging_mixin.py:190} INFO - [2025-04-22T06:27:43.617+0000] {dag.py:3239} INFO - Sync 3 DAGs
[2025-04-22T06:27:43.654+0000] {logging_mixin.py:190} INFO - [2025-04-22T06:27:43.654+0000] {dag.py:4180} INFO - Setting next_dagrun for dataset_with_extra_by_context to 2025-04-21 00:00:00+00:00, run_after=2025-04-22 00:00:00+00:00
[2025-04-22T06:27:43.807+0000] {logging_mixin.py:190} INFO - [2025-04-22T06:27:43.806+0000] {dag.py:4180} INFO - Setting next_dagrun for dataset_with_extra_by_yield to 2025-04-21 00:00:00+00:00, run_after=2025-04-22 00:00:00+00:00
[2025-04-22T06:27:43.812+0000] {logging_mixin.py:190} INFO - [2025-04-22T06:27:43.811+0000] {dag.py:4180} INFO - Setting next_dagrun for dataset_with_extra_from_classic_operator to 2025-04-21 00:00:00+00:00, run_after=2025-04-22 00:00:00+00:00
[2025-04-22T06:27:43.835+0000] {processor.py:208} INFO - Processing /home/airflow/.local/lib/python3.9/site-packages/airflow/example_dags/example_outlet_event_extra.py took 0.578 seconds
[2025-04-22T06:28:14.106+0000] {processor.py:186} INFO - Started process (PID=1004) to work on /home/airflow/.local/lib/python3.9/site-packages/airflow/example_dags/example_outlet_event_extra.py
[2025-04-22T06:28:14.107+0000] {processor.py:914} INFO - Processing file /home/airflow/.local/lib/python3.9/site-packages/airflow/example_dags/example_outlet_event_extra.py for tasks to queue
[2025-04-22T06:28:14.110+0000] {logging_mixin.py:190} INFO - [2025-04-22T06:28:14.109+0000] {dagbag.py:588} INFO - Filling up the DagBag from /home/airflow/.local/lib/python3.9/site-packages/airflow/example_dags/example_outlet_event_extra.py
[2025-04-22T06:28:14.436+0000] {processor.py:925} INFO - DAG(s) 'dataset_with_extra_by_context', 'dataset_with_extra_by_yield', 'dataset_with_extra_from_classic_operator' retrieved from /home/airflow/.local/lib/python3.9/site-packages/airflow/example_dags/example_outlet_event_extra.py
[2025-04-22T06:28:14.462+0000] {logging_mixin.py:190} INFO - [2025-04-22T06:28:14.462+0000] {dag.py:3239} INFO - Sync 3 DAGs
[2025-04-22T06:28:14.637+0000] {logging_mixin.py:190} INFO - [2025-04-22T06:28:14.637+0000] {dag.py:4180} INFO - Setting next_dagrun for dataset_with_extra_by_context to 2025-04-21 00:00:00+00:00, run_after=2025-04-22 00:00:00+00:00
[2025-04-22T06:28:14.644+0000] {logging_mixin.py:190} INFO - [2025-04-22T06:28:14.643+0000] {dag.py:4180} INFO - Setting next_dagrun for dataset_with_extra_by_yield to 2025-04-21 00:00:00+00:00, run_after=2025-04-22 00:00:00+00:00
[2025-04-22T06:28:14.648+0000] {logging_mixin.py:190} INFO - [2025-04-22T06:28:14.648+0000] {dag.py:4180} INFO - Setting next_dagrun for dataset_with_extra_from_classic_operator to 2025-04-21 00:00:00+00:00, run_after=2025-04-22 00:00:00+00:00
[2025-04-22T06:28:14.678+0000] {processor.py:208} INFO - Processing /home/airflow/.local/lib/python3.9/site-packages/airflow/example_dags/example_outlet_event_extra.py took 0.578 seconds
[2025-04-22T06:28:45.479+0000] {processor.py:186} INFO - Started process (PID=1062) to work on /home/airflow/.local/lib/python3.9/site-packages/airflow/example_dags/example_outlet_event_extra.py
[2025-04-22T06:28:45.480+0000] {processor.py:914} INFO - Processing file /home/airflow/.local/lib/python3.9/site-packages/airflow/example_dags/example_outlet_event_extra.py for tasks to queue
[2025-04-22T06:28:45.482+0000] {logging_mixin.py:190} INFO - [2025-04-22T06:28:45.482+0000] {dagbag.py:588} INFO - Filling up the DagBag from /home/airflow/.local/lib/python3.9/site-packages/airflow/example_dags/example_outlet_event_extra.py
[2025-04-22T06:28:45.789+0000] {processor.py:925} INFO - DAG(s) 'dataset_with_extra_by_yield', 'dataset_with_extra_from_classic_operator', 'dataset_with_extra_by_context' retrieved from /home/airflow/.local/lib/python3.9/site-packages/airflow/example_dags/example_outlet_event_extra.py
[2025-04-22T06:28:45.812+0000] {logging_mixin.py:190} INFO - [2025-04-22T06:28:45.812+0000] {dag.py:3239} INFO - Sync 3 DAGs
[2025-04-22T06:28:45.835+0000] {logging_mixin.py:190} INFO - [2025-04-22T06:28:45.835+0000] {dag.py:4180} INFO - Setting next_dagrun for dataset_with_extra_by_context to 2025-04-21 00:00:00+00:00, run_after=2025-04-22 00:00:00+00:00
[2025-04-22T06:28:45.841+0000] {logging_mixin.py:190} INFO - [2025-04-22T06:28:45.841+0000] {dag.py:4180} INFO - Setting next_dagrun for dataset_with_extra_by_yield to 2025-04-21 00:00:00+00:00, run_after=2025-04-22 00:00:00+00:00
[2025-04-22T06:28:45.844+0000] {logging_mixin.py:190} INFO - [2025-04-22T06:28:45.844+0000] {dag.py:4180} INFO - Setting next_dagrun for dataset_with_extra_from_classic_operator to 2025-04-21 00:00:00+00:00, run_after=2025-04-22 00:00:00+00:00
[2025-04-22T06:28:46.005+0000] {processor.py:208} INFO - Processing /home/airflow/.local/lib/python3.9/site-packages/airflow/example_dags/example_outlet_event_extra.py took 0.533 seconds
[2025-04-22T06:29:16.244+0000] {processor.py:186} INFO - Started process (PID=1120) to work on /home/airflow/.local/lib/python3.9/site-packages/airflow/example_dags/example_outlet_event_extra.py
[2025-04-22T06:29:16.245+0000] {processor.py:914} INFO - Processing file /home/airflow/.local/lib/python3.9/site-packages/airflow/example_dags/example_outlet_event_extra.py for tasks to queue
[2025-04-22T06:29:16.249+0000] {logging_mixin.py:190} INFO - [2025-04-22T06:29:16.248+0000] {dagbag.py:588} INFO - Filling up the DagBag from /home/airflow/.local/lib/python3.9/site-packages/airflow/example_dags/example_outlet_event_extra.py
[2025-04-22T06:29:16.578+0000] {processor.py:925} INFO - DAG(s) 'dataset_with_extra_by_yield', 'dataset_with_extra_by_context', 'dataset_with_extra_from_classic_operator' retrieved from /home/airflow/.local/lib/python3.9/site-packages/airflow/example_dags/example_outlet_event_extra.py
[2025-04-22T06:29:16.601+0000] {logging_mixin.py:190} INFO - [2025-04-22T06:29:16.600+0000] {dag.py:3239} INFO - Sync 3 DAGs
[2025-04-22T06:29:16.624+0000] {logging_mixin.py:190} INFO - [2025-04-22T06:29:16.623+0000] {dag.py:4180} INFO - Setting next_dagrun for dataset_with_extra_by_context to 2025-04-21 00:00:00+00:00, run_after=2025-04-22 00:00:00+00:00
[2025-04-22T06:29:16.629+0000] {logging_mixin.py:190} INFO - [2025-04-22T06:29:16.628+0000] {dag.py:4180} INFO - Setting next_dagrun for dataset_with_extra_by_yield to 2025-04-21 00:00:00+00:00, run_after=2025-04-22 00:00:00+00:00
[2025-04-22T06:29:16.632+0000] {logging_mixin.py:190} INFO - [2025-04-22T06:29:16.631+0000] {dag.py:4180} INFO - Setting next_dagrun for dataset_with_extra_from_classic_operator to 2025-04-21 00:00:00+00:00, run_after=2025-04-22 00:00:00+00:00
[2025-04-22T06:29:16.803+0000] {processor.py:208} INFO - Processing /home/airflow/.local/lib/python3.9/site-packages/airflow/example_dags/example_outlet_event_extra.py took 0.566 seconds
[2025-04-22T06:29:47.648+0000] {processor.py:186} INFO - Started process (PID=1178) to work on /home/airflow/.local/lib/python3.9/site-packages/airflow/example_dags/example_outlet_event_extra.py
[2025-04-22T06:29:47.649+0000] {processor.py:914} INFO - Processing file /home/airflow/.local/lib/python3.9/site-packages/airflow/example_dags/example_outlet_event_extra.py for tasks to queue
[2025-04-22T06:29:47.652+0000] {logging_mixin.py:190} INFO - [2025-04-22T06:29:47.651+0000] {dagbag.py:588} INFO - Filling up the DagBag from /home/airflow/.local/lib/python3.9/site-packages/airflow/example_dags/example_outlet_event_extra.py
[2025-04-22T06:29:48.095+0000] {processor.py:925} INFO - DAG(s) 'dataset_with_extra_from_classic_operator', 'dataset_with_extra_by_context', 'dataset_with_extra_by_yield' retrieved from /home/airflow/.local/lib/python3.9/site-packages/airflow/example_dags/example_outlet_event_extra.py
[2025-04-22T06:29:48.121+0000] {logging_mixin.py:190} INFO - [2025-04-22T06:29:48.120+0000] {dag.py:3239} INFO - Sync 3 DAGs
[2025-04-22T06:29:48.145+0000] {logging_mixin.py:190} INFO - [2025-04-22T06:29:48.145+0000] {dag.py:4180} INFO - Setting next_dagrun for dataset_with_extra_by_context to 2025-04-21 00:00:00+00:00, run_after=2025-04-22 00:00:00+00:00
[2025-04-22T06:29:48.150+0000] {logging_mixin.py:190} INFO - [2025-04-22T06:29:48.150+0000] {dag.py:4180} INFO - Setting next_dagrun for dataset_with_extra_by_yield to 2025-04-21 00:00:00+00:00, run_after=2025-04-22 00:00:00+00:00
[2025-04-22T06:29:48.154+0000] {logging_mixin.py:190} INFO - [2025-04-22T06:29:48.153+0000] {dag.py:4180} INFO - Setting next_dagrun for dataset_with_extra_from_classic_operator to 2025-04-21 00:00:00+00:00, run_after=2025-04-22 00:00:00+00:00
[2025-04-22T06:29:48.176+0000] {processor.py:208} INFO - Processing /home/airflow/.local/lib/python3.9/site-packages/airflow/example_dags/example_outlet_event_extra.py took 0.534 seconds
[2025-04-22T06:30:18.595+0000] {processor.py:186} INFO - Started process (PID=1236) to work on /home/airflow/.local/lib/python3.9/site-packages/airflow/example_dags/example_outlet_event_extra.py
[2025-04-22T06:30:18.596+0000] {processor.py:914} INFO - Processing file /home/airflow/.local/lib/python3.9/site-packages/airflow/example_dags/example_outlet_event_extra.py for tasks to queue
[2025-04-22T06:30:18.599+0000] {logging_mixin.py:190} INFO - [2025-04-22T06:30:18.599+0000] {dagbag.py:588} INFO - Filling up the DagBag from /home/airflow/.local/lib/python3.9/site-packages/airflow/example_dags/example_outlet_event_extra.py
[2025-04-22T06:30:18.907+0000] {processor.py:925} INFO - DAG(s) 'dataset_with_extra_by_yield', 'dataset_with_extra_from_classic_operator', 'dataset_with_extra_by_context' retrieved from /home/airflow/.local/lib/python3.9/site-packages/airflow/example_dags/example_outlet_event_extra.py
[2025-04-22T06:30:19.061+0000] {logging_mixin.py:190} INFO - [2025-04-22T06:30:19.060+0000] {dag.py:3239} INFO - Sync 3 DAGs
[2025-04-22T06:30:19.087+0000] {logging_mixin.py:190} INFO - [2025-04-22T06:30:19.086+0000] {dag.py:4180} INFO - Setting next_dagrun for dataset_with_extra_by_context to 2025-04-21 00:00:00+00:00, run_after=2025-04-22 00:00:00+00:00
[2025-04-22T06:30:19.092+0000] {logging_mixin.py:190} INFO - [2025-04-22T06:30:19.092+0000] {dag.py:4180} INFO - Setting next_dagrun for dataset_with_extra_by_yield to 2025-04-21 00:00:00+00:00, run_after=2025-04-22 00:00:00+00:00
[2025-04-22T06:30:19.095+0000] {logging_mixin.py:190} INFO - [2025-04-22T06:30:19.095+0000] {dag.py:4180} INFO - Setting next_dagrun for dataset_with_extra_from_classic_operator to 2025-04-21 00:00:00+00:00, run_after=2025-04-22 00:00:00+00:00
[2025-04-22T06:30:19.117+0000] {processor.py:208} INFO - Processing /home/airflow/.local/lib/python3.9/site-packages/airflow/example_dags/example_outlet_event_extra.py took 0.529 seconds
[2025-04-22T06:30:49.334+0000] {processor.py:186} INFO - Started process (PID=1294) to work on /home/airflow/.local/lib/python3.9/site-packages/airflow/example_dags/example_outlet_event_extra.py
[2025-04-22T06:30:49.336+0000] {processor.py:914} INFO - Processing file /home/airflow/.local/lib/python3.9/site-packages/airflow/example_dags/example_outlet_event_extra.py for tasks to queue
[2025-04-22T06:30:49.340+0000] {logging_mixin.py:190} INFO - [2025-04-22T06:30:49.340+0000] {dagbag.py:588} INFO - Filling up the DagBag from /home/airflow/.local/lib/python3.9/site-packages/airflow/example_dags/example_outlet_event_extra.py
[2025-04-22T06:30:49.895+0000] {processor.py:925} INFO - DAG(s) 'dataset_with_extra_from_classic_operator', 'dataset_with_extra_by_yield', 'dataset_with_extra_by_context' retrieved from /home/airflow/.local/lib/python3.9/site-packages/airflow/example_dags/example_outlet_event_extra.py
[2025-04-22T06:30:50.125+0000] {logging_mixin.py:190} INFO - [2025-04-22T06:30:50.125+0000] {dag.py:3239} INFO - Sync 3 DAGs
[2025-04-22T06:30:50.153+0000] {logging_mixin.py:190} INFO - [2025-04-22T06:30:50.153+0000] {dag.py:4180} INFO - Setting next_dagrun for dataset_with_extra_by_context to 2025-04-21 00:00:00+00:00, run_after=2025-04-22 00:00:00+00:00
[2025-04-22T06:30:50.160+0000] {logging_mixin.py:190} INFO - [2025-04-22T06:30:50.159+0000] {dag.py:4180} INFO - Setting next_dagrun for dataset_with_extra_by_yield to 2025-04-21 00:00:00+00:00, run_after=2025-04-22 00:00:00+00:00
[2025-04-22T06:30:50.171+0000] {logging_mixin.py:190} INFO - [2025-04-22T06:30:50.171+0000] {dag.py:4180} INFO - Setting next_dagrun for dataset_with_extra_from_classic_operator to 2025-04-21 00:00:00+00:00, run_after=2025-04-22 00:00:00+00:00
[2025-04-22T06:30:50.216+0000] {processor.py:208} INFO - Processing /home/airflow/.local/lib/python3.9/site-packages/airflow/example_dags/example_outlet_event_extra.py took 0.890 seconds
[2025-04-22T06:31:20.770+0000] {processor.py:186} INFO - Started process (PID=1352) to work on /home/airflow/.local/lib/python3.9/site-packages/airflow/example_dags/example_outlet_event_extra.py
[2025-04-22T06:31:20.771+0000] {processor.py:914} INFO - Processing file /home/airflow/.local/lib/python3.9/site-packages/airflow/example_dags/example_outlet_event_extra.py for tasks to queue
[2025-04-22T06:31:20.773+0000] {logging_mixin.py:190} INFO - [2025-04-22T06:31:20.773+0000] {dagbag.py:588} INFO - Filling up the DagBag from /home/airflow/.local/lib/python3.9/site-packages/airflow/example_dags/example_outlet_event_extra.py
[2025-04-22T06:31:21.076+0000] {processor.py:925} INFO - DAG(s) 'dataset_with_extra_from_classic_operator', 'dataset_with_extra_by_yield', 'dataset_with_extra_by_context' retrieved from /home/airflow/.local/lib/python3.9/site-packages/airflow/example_dags/example_outlet_event_extra.py
[2025-04-22T06:31:21.256+0000] {logging_mixin.py:190} INFO - [2025-04-22T06:31:21.256+0000] {dag.py:3239} INFO - Sync 3 DAGs
[2025-04-22T06:31:21.282+0000] {logging_mixin.py:190} INFO - [2025-04-22T06:31:21.282+0000] {dag.py:4180} INFO - Setting next_dagrun for dataset_with_extra_by_context to 2025-04-21 00:00:00+00:00, run_after=2025-04-22 00:00:00+00:00
[2025-04-22T06:31:21.287+0000] {logging_mixin.py:190} INFO - [2025-04-22T06:31:21.287+0000] {dag.py:4180} INFO - Setting next_dagrun for dataset_with_extra_by_yield to 2025-04-21 00:00:00+00:00, run_after=2025-04-22 00:00:00+00:00
[2025-04-22T06:31:21.291+0000] {logging_mixin.py:190} INFO - [2025-04-22T06:31:21.290+0000] {dag.py:4180} INFO - Setting next_dagrun for dataset_with_extra_from_classic_operator to 2025-04-21 00:00:00+00:00, run_after=2025-04-22 00:00:00+00:00
[2025-04-22T06:31:21.312+0000] {processor.py:208} INFO - Processing /home/airflow/.local/lib/python3.9/site-packages/airflow/example_dags/example_outlet_event_extra.py took 0.548 seconds
[2025-04-22T06:31:51.534+0000] {processor.py:186} INFO - Started process (PID=1410) to work on /home/airflow/.local/lib/python3.9/site-packages/airflow/example_dags/example_outlet_event_extra.py
[2025-04-22T06:31:51.535+0000] {processor.py:914} INFO - Processing file /home/airflow/.local/lib/python3.9/site-packages/airflow/example_dags/example_outlet_event_extra.py for tasks to queue
[2025-04-22T06:31:51.538+0000] {logging_mixin.py:190} INFO - [2025-04-22T06:31:51.537+0000] {dagbag.py:588} INFO - Filling up the DagBag from /home/airflow/.local/lib/python3.9/site-packages/airflow/example_dags/example_outlet_event_extra.py
[2025-04-22T06:31:51.835+0000] {processor.py:925} INFO - DAG(s) 'dataset_with_extra_by_yield', 'dataset_with_extra_from_classic_operator', 'dataset_with_extra_by_context' retrieved from /home/airflow/.local/lib/python3.9/site-packages/airflow/example_dags/example_outlet_event_extra.py
[2025-04-22T06:31:52.008+0000] {logging_mixin.py:190} INFO - [2025-04-22T06:31:52.008+0000] {dag.py:3239} INFO - Sync 3 DAGs
[2025-04-22T06:31:52.034+0000] {logging_mixin.py:190} INFO - [2025-04-22T06:31:52.034+0000] {dag.py:4180} INFO - Setting next_dagrun for dataset_with_extra_by_context to 2025-04-21 00:00:00+00:00, run_after=2025-04-22 00:00:00+00:00
[2025-04-22T06:31:52.040+0000] {logging_mixin.py:190} INFO - [2025-04-22T06:31:52.039+0000] {dag.py:4180} INFO - Setting next_dagrun for dataset_with_extra_by_yield to 2025-04-21 00:00:00+00:00, run_after=2025-04-22 00:00:00+00:00
[2025-04-22T06:31:52.043+0000] {logging_mixin.py:190} INFO - [2025-04-22T06:31:52.043+0000] {dag.py:4180} INFO - Setting next_dagrun for dataset_with_extra_from_classic_operator to 2025-04-21 00:00:00+00:00, run_after=2025-04-22 00:00:00+00:00
[2025-04-22T06:31:52.065+0000] {processor.py:208} INFO - Processing /home/airflow/.local/lib/python3.9/site-packages/airflow/example_dags/example_outlet_event_extra.py took 0.538 seconds
[2025-04-22T06:32:22.464+0000] {processor.py:186} INFO - Started process (PID=1468) to work on /home/airflow/.local/lib/python3.9/site-packages/airflow/example_dags/example_outlet_event_extra.py
[2025-04-22T06:32:22.466+0000] {processor.py:914} INFO - Processing file /home/airflow/.local/lib/python3.9/site-packages/airflow/example_dags/example_outlet_event_extra.py for tasks to queue
[2025-04-22T06:32:22.470+0000] {logging_mixin.py:190} INFO - [2025-04-22T06:32:22.469+0000] {dagbag.py:588} INFO - Filling up the DagBag from /home/airflow/.local/lib/python3.9/site-packages/airflow/example_dags/example_outlet_event_extra.py
[2025-04-22T06:32:23.760+0000] {processor.py:925} INFO - DAG(s) 'dataset_with_extra_from_classic_operator', 'dataset_with_extra_by_yield', 'dataset_with_extra_by_context' retrieved from /home/airflow/.local/lib/python3.9/site-packages/airflow/example_dags/example_outlet_event_extra.py
[2025-04-22T06:32:24.212+0000] {logging_mixin.py:190} INFO - [2025-04-22T06:32:24.211+0000] {dag.py:3239} INFO - Sync 3 DAGs
[2025-04-22T06:32:24.275+0000] {logging_mixin.py:190} INFO - [2025-04-22T06:32:24.275+0000] {dag.py:4180} INFO - Setting next_dagrun for dataset_with_extra_by_context to 2025-04-21 00:00:00+00:00, run_after=2025-04-22 00:00:00+00:00
[2025-04-22T06:32:24.293+0000] {logging_mixin.py:190} INFO - [2025-04-22T06:32:24.292+0000] {dag.py:4180} INFO - Setting next_dagrun for dataset_with_extra_by_yield to 2025-04-21 00:00:00+00:00, run_after=2025-04-22 00:00:00+00:00
[2025-04-22T06:32:24.306+0000] {logging_mixin.py:190} INFO - [2025-04-22T06:32:24.305+0000] {dag.py:4180} INFO - Setting next_dagrun for dataset_with_extra_from_classic_operator to 2025-04-21 00:00:00+00:00, run_after=2025-04-22 00:00:00+00:00
[2025-04-22T06:32:24.367+0000] {processor.py:208} INFO - Processing /home/airflow/.local/lib/python3.9/site-packages/airflow/example_dags/example_outlet_event_extra.py took 1.921 seconds
