[2025-04-22T06:19:56.362+0000] {processor.py:186} INFO - Started process (PID=48) to work on /home/airflow/.local/lib/python3.9/site-packages/airflow/example_dags/example_branch_operator.py
[2025-04-22T06:19:56.364+0000] {processor.py:914} INFO - Processing file /home/airflow/.local/lib/python3.9/site-packages/airflow/example_dags/example_branch_operator.py for tasks to queue
[2025-04-22T06:19:56.367+0000] {logging_mixin.py:190} INFO - [2025-04-22T06:19:56.366+0000] {dagbag.py:588} INFO - Filling up the DagBag from /home/airflow/.local/lib/python3.9/site-packages/airflow/example_dags/example_branch_operator.py
[2025-04-22T06:19:56.400+0000] {processor.py:925} INFO - DAG(s) 'example_branch_operator' retrieved from /home/airflow/.local/lib/python3.9/site-packages/airflow/example_dags/example_branch_operator.py
[2025-04-22T06:19:56.579+0000] {logging_mixin.py:190} INFO - [2025-04-22T06:19:56.578+0000] {dag.py:3239} INFO - Sync 1 DAGs
[2025-04-22T06:19:56.610+0000] {logging_mixin.py:190} INFO - [2025-04-22T06:19:56.610+0000] {dag.py:4180} INFO - Setting next_dagrun for example_branch_operator to 2025-04-21 00:00:00+00:00, run_after=2025-04-22 00:00:00+00:00
[2025-04-22T06:19:56.645+0000] {processor.py:208} INFO - Processing /home/airflow/.local/lib/python3.9/site-packages/airflow/example_dags/example_branch_operator.py took 0.290 seconds
[2025-04-22T06:20:26.776+0000] {processor.py:186} INFO - Started process (PID=106) to work on /home/airflow/.local/lib/python3.9/site-packages/airflow/example_dags/example_branch_operator.py
[2025-04-22T06:20:26.777+0000] {processor.py:914} INFO - Processing file /home/airflow/.local/lib/python3.9/site-packages/airflow/example_dags/example_branch_operator.py for tasks to queue
[2025-04-22T06:20:26.781+0000] {logging_mixin.py:190} INFO - [2025-04-22T06:20:26.781+0000] {dagbag.py:588} INFO - Filling up the DagBag from /home/airflow/.local/lib/python3.9/site-packages/airflow/example_dags/example_branch_operator.py
[2025-04-22T06:20:26.810+0000] {processor.py:925} INFO - DAG(s) 'example_branch_operator' retrieved from /home/airflow/.local/lib/python3.9/site-packages/airflow/example_dags/example_branch_operator.py
[2025-04-22T06:20:26.852+0000] {logging_mixin.py:190} INFO - [2025-04-22T06:20:26.852+0000] {dag.py:3239} INFO - Sync 1 DAGs
[2025-04-22T06:20:26.891+0000] {logging_mixin.py:190} INFO - [2025-04-22T06:20:26.891+0000] {dag.py:4180} INFO - Setting next_dagrun for example_branch_operator to 2025-04-21 00:00:00+00:00, run_after=2025-04-22 00:00:00+00:00
[2025-04-22T06:20:26.922+0000] {processor.py:208} INFO - Processing /home/airflow/.local/lib/python3.9/site-packages/airflow/example_dags/example_branch_operator.py took 0.156 seconds
[2025-04-22T06:20:57.412+0000] {processor.py:186} INFO - Started process (PID=164) to work on /home/airflow/.local/lib/python3.9/site-packages/airflow/example_dags/example_branch_operator.py
[2025-04-22T06:20:57.413+0000] {processor.py:914} INFO - Processing file /home/airflow/.local/lib/python3.9/site-packages/airflow/example_dags/example_branch_operator.py for tasks to queue
[2025-04-22T06:20:57.415+0000] {logging_mixin.py:190} INFO - [2025-04-22T06:20:57.415+0000] {dagbag.py:588} INFO - Filling up the DagBag from /home/airflow/.local/lib/python3.9/site-packages/airflow/example_dags/example_branch_operator.py
[2025-04-22T06:20:57.437+0000] {processor.py:925} INFO - DAG(s) 'example_branch_operator' retrieved from /home/airflow/.local/lib/python3.9/site-packages/airflow/example_dags/example_branch_operator.py
[2025-04-22T06:20:57.470+0000] {logging_mixin.py:190} INFO - [2025-04-22T06:20:57.470+0000] {dag.py:3239} INFO - Sync 1 DAGs
[2025-04-22T06:20:57.503+0000] {logging_mixin.py:190} INFO - [2025-04-22T06:20:57.502+0000] {dag.py:4180} INFO - Setting next_dagrun for example_branch_operator to 2025-04-21 00:00:00+00:00, run_after=2025-04-22 00:00:00+00:00
[2025-04-22T06:20:57.522+0000] {processor.py:208} INFO - Processing /home/airflow/.local/lib/python3.9/site-packages/airflow/example_dags/example_branch_operator.py took 0.117 seconds
[2025-04-22T06:21:28.354+0000] {processor.py:186} INFO - Started process (PID=222) to work on /home/airflow/.local/lib/python3.9/site-packages/airflow/example_dags/example_branch_operator.py
[2025-04-22T06:21:28.355+0000] {processor.py:914} INFO - Processing file /home/airflow/.local/lib/python3.9/site-packages/airflow/example_dags/example_branch_operator.py for tasks to queue
[2025-04-22T06:21:28.357+0000] {logging_mixin.py:190} INFO - [2025-04-22T06:21:28.357+0000] {dagbag.py:588} INFO - Filling up the DagBag from /home/airflow/.local/lib/python3.9/site-packages/airflow/example_dags/example_branch_operator.py
[2025-04-22T06:21:28.375+0000] {processor.py:925} INFO - DAG(s) 'example_branch_operator' retrieved from /home/airflow/.local/lib/python3.9/site-packages/airflow/example_dags/example_branch_operator.py
[2025-04-22T06:21:28.404+0000] {logging_mixin.py:190} INFO - [2025-04-22T06:21:28.403+0000] {dag.py:3239} INFO - Sync 1 DAGs
[2025-04-22T06:21:28.427+0000] {logging_mixin.py:190} INFO - [2025-04-22T06:21:28.426+0000] {dag.py:4180} INFO - Setting next_dagrun for example_branch_operator to 2025-04-21 00:00:00+00:00, run_after=2025-04-22 00:00:00+00:00
[2025-04-22T06:21:28.444+0000] {processor.py:208} INFO - Processing /home/airflow/.local/lib/python3.9/site-packages/airflow/example_dags/example_branch_operator.py took 0.096 seconds
[2025-04-22T06:21:58.683+0000] {processor.py:186} INFO - Started process (PID=280) to work on /home/airflow/.local/lib/python3.9/site-packages/airflow/example_dags/example_branch_operator.py
[2025-04-22T06:21:58.685+0000] {processor.py:914} INFO - Processing file /home/airflow/.local/lib/python3.9/site-packages/airflow/example_dags/example_branch_operator.py for tasks to queue
[2025-04-22T06:21:58.687+0000] {logging_mixin.py:190} INFO - [2025-04-22T06:21:58.687+0000] {dagbag.py:588} INFO - Filling up the DagBag from /home/airflow/.local/lib/python3.9/site-packages/airflow/example_dags/example_branch_operator.py
[2025-04-22T06:21:58.716+0000] {processor.py:925} INFO - DAG(s) 'example_branch_operator' retrieved from /home/airflow/.local/lib/python3.9/site-packages/airflow/example_dags/example_branch_operator.py
[2025-04-22T06:21:58.751+0000] {logging_mixin.py:190} INFO - [2025-04-22T06:21:58.751+0000] {dag.py:3239} INFO - Sync 1 DAGs
[2025-04-22T06:21:58.789+0000] {logging_mixin.py:190} INFO - [2025-04-22T06:21:58.789+0000] {dag.py:4180} INFO - Setting next_dagrun for example_branch_operator to 2025-04-21 00:00:00+00:00, run_after=2025-04-22 00:00:00+00:00
[2025-04-22T06:21:58.816+0000] {processor.py:208} INFO - Processing /home/airflow/.local/lib/python3.9/site-packages/airflow/example_dags/example_branch_operator.py took 0.143 seconds
[2025-04-22T06:22:29.596+0000] {processor.py:186} INFO - Started process (PID=338) to work on /home/airflow/.local/lib/python3.9/site-packages/airflow/example_dags/example_branch_operator.py
[2025-04-22T06:22:29.597+0000] {processor.py:914} INFO - Processing file /home/airflow/.local/lib/python3.9/site-packages/airflow/example_dags/example_branch_operator.py for tasks to queue
[2025-04-22T06:22:29.599+0000] {logging_mixin.py:190} INFO - [2025-04-22T06:22:29.599+0000] {dagbag.py:588} INFO - Filling up the DagBag from /home/airflow/.local/lib/python3.9/site-packages/airflow/example_dags/example_branch_operator.py
[2025-04-22T06:22:29.619+0000] {processor.py:925} INFO - DAG(s) 'example_branch_operator' retrieved from /home/airflow/.local/lib/python3.9/site-packages/airflow/example_dags/example_branch_operator.py
[2025-04-22T06:22:29.655+0000] {logging_mixin.py:190} INFO - [2025-04-22T06:22:29.655+0000] {dag.py:3239} INFO - Sync 1 DAGs
[2025-04-22T06:22:29.682+0000] {logging_mixin.py:190} INFO - [2025-04-22T06:22:29.682+0000] {dag.py:4180} INFO - Setting next_dagrun for example_branch_operator to 2025-04-21 00:00:00+00:00, run_after=2025-04-22 00:00:00+00:00
[2025-04-22T06:22:29.709+0000] {processor.py:208} INFO - Processing /home/airflow/.local/lib/python3.9/site-packages/airflow/example_dags/example_branch_operator.py took 0.120 seconds
[2025-04-22T06:22:59.765+0000] {processor.py:186} INFO - Started process (PID=396) to work on /home/airflow/.local/lib/python3.9/site-packages/airflow/example_dags/example_branch_operator.py
[2025-04-22T06:22:59.766+0000] {processor.py:914} INFO - Processing file /home/airflow/.local/lib/python3.9/site-packages/airflow/example_dags/example_branch_operator.py for tasks to queue
[2025-04-22T06:22:59.769+0000] {logging_mixin.py:190} INFO - [2025-04-22T06:22:59.769+0000] {dagbag.py:588} INFO - Filling up the DagBag from /home/airflow/.local/lib/python3.9/site-packages/airflow/example_dags/example_branch_operator.py
[2025-04-22T06:22:59.796+0000] {processor.py:925} INFO - DAG(s) 'example_branch_operator' retrieved from /home/airflow/.local/lib/python3.9/site-packages/airflow/example_dags/example_branch_operator.py
[2025-04-22T06:22:59.831+0000] {logging_mixin.py:190} INFO - [2025-04-22T06:22:59.831+0000] {dag.py:3239} INFO - Sync 1 DAGs
[2025-04-22T06:22:59.855+0000] {logging_mixin.py:190} INFO - [2025-04-22T06:22:59.855+0000] {dag.py:4180} INFO - Setting next_dagrun for example_branch_operator to 2025-04-21 00:00:00+00:00, run_after=2025-04-22 00:00:00+00:00
[2025-04-22T06:22:59.874+0000] {processor.py:208} INFO - Processing /home/airflow/.local/lib/python3.9/site-packages/airflow/example_dags/example_branch_operator.py took 0.115 seconds
[2025-04-22T06:23:29.936+0000] {processor.py:186} INFO - Started process (PID=454) to work on /home/airflow/.local/lib/python3.9/site-packages/airflow/example_dags/example_branch_operator.py
[2025-04-22T06:23:29.937+0000] {processor.py:914} INFO - Processing file /home/airflow/.local/lib/python3.9/site-packages/airflow/example_dags/example_branch_operator.py for tasks to queue
[2025-04-22T06:23:29.940+0000] {logging_mixin.py:190} INFO - [2025-04-22T06:23:29.939+0000] {dagbag.py:588} INFO - Filling up the DagBag from /home/airflow/.local/lib/python3.9/site-packages/airflow/example_dags/example_branch_operator.py
[2025-04-22T06:23:29.962+0000] {processor.py:925} INFO - DAG(s) 'example_branch_operator' retrieved from /home/airflow/.local/lib/python3.9/site-packages/airflow/example_dags/example_branch_operator.py
[2025-04-22T06:23:29.989+0000] {logging_mixin.py:190} INFO - [2025-04-22T06:23:29.989+0000] {dag.py:3239} INFO - Sync 1 DAGs
[2025-04-22T06:23:30.012+0000] {logging_mixin.py:190} INFO - [2025-04-22T06:23:30.012+0000] {dag.py:4180} INFO - Setting next_dagrun for example_branch_operator to 2025-04-21 00:00:00+00:00, run_after=2025-04-22 00:00:00+00:00
[2025-04-22T06:23:30.029+0000] {processor.py:208} INFO - Processing /home/airflow/.local/lib/python3.9/site-packages/airflow/example_dags/example_branch_operator.py took 0.099 seconds
[2025-04-22T06:24:00.862+0000] {processor.py:186} INFO - Started process (PID=512) to work on /home/airflow/.local/lib/python3.9/site-packages/airflow/example_dags/example_branch_operator.py
[2025-04-22T06:24:00.863+0000] {processor.py:914} INFO - Processing file /home/airflow/.local/lib/python3.9/site-packages/airflow/example_dags/example_branch_operator.py for tasks to queue
[2025-04-22T06:24:00.865+0000] {logging_mixin.py:190} INFO - [2025-04-22T06:24:00.865+0000] {dagbag.py:588} INFO - Filling up the DagBag from /home/airflow/.local/lib/python3.9/site-packages/airflow/example_dags/example_branch_operator.py
[2025-04-22T06:24:00.886+0000] {processor.py:925} INFO - DAG(s) 'example_branch_operator' retrieved from /home/airflow/.local/lib/python3.9/site-packages/airflow/example_dags/example_branch_operator.py
[2025-04-22T06:24:00.913+0000] {logging_mixin.py:190} INFO - [2025-04-22T06:24:00.912+0000] {dag.py:3239} INFO - Sync 1 DAGs
[2025-04-22T06:24:00.935+0000] {logging_mixin.py:190} INFO - [2025-04-22T06:24:00.935+0000] {dag.py:4180} INFO - Setting next_dagrun for example_branch_operator to 2025-04-21 00:00:00+00:00, run_after=2025-04-22 00:00:00+00:00
[2025-04-22T06:24:00.952+0000] {processor.py:208} INFO - Processing /home/airflow/.local/lib/python3.9/site-packages/airflow/example_dags/example_branch_operator.py took 0.096 seconds
[2025-04-22T06:24:31.025+0000] {processor.py:186} INFO - Started process (PID=570) to work on /home/airflow/.local/lib/python3.9/site-packages/airflow/example_dags/example_branch_operator.py
[2025-04-22T06:24:31.026+0000] {processor.py:914} INFO - Processing file /home/airflow/.local/lib/python3.9/site-packages/airflow/example_dags/example_branch_operator.py for tasks to queue
[2025-04-22T06:24:31.028+0000] {logging_mixin.py:190} INFO - [2025-04-22T06:24:31.028+0000] {dagbag.py:588} INFO - Filling up the DagBag from /home/airflow/.local/lib/python3.9/site-packages/airflow/example_dags/example_branch_operator.py
[2025-04-22T06:24:31.046+0000] {processor.py:925} INFO - DAG(s) 'example_branch_operator' retrieved from /home/airflow/.local/lib/python3.9/site-packages/airflow/example_dags/example_branch_operator.py
[2025-04-22T06:24:31.073+0000] {logging_mixin.py:190} INFO - [2025-04-22T06:24:31.073+0000] {dag.py:3239} INFO - Sync 1 DAGs
[2025-04-22T06:24:31.098+0000] {logging_mixin.py:190} INFO - [2025-04-22T06:24:31.098+0000] {dag.py:4180} INFO - Setting next_dagrun for example_branch_operator to 2025-04-21 00:00:00+00:00, run_after=2025-04-22 00:00:00+00:00
[2025-04-22T06:24:31.114+0000] {processor.py:208} INFO - Processing /home/airflow/.local/lib/python3.9/site-packages/airflow/example_dags/example_branch_operator.py took 0.096 seconds
[2025-04-22T06:25:01.670+0000] {processor.py:186} INFO - Started process (PID=628) to work on /home/airflow/.local/lib/python3.9/site-packages/airflow/example_dags/example_branch_operator.py
[2025-04-22T06:25:01.672+0000] {processor.py:914} INFO - Processing file /home/airflow/.local/lib/python3.9/site-packages/airflow/example_dags/example_branch_operator.py for tasks to queue
[2025-04-22T06:25:01.675+0000] {logging_mixin.py:190} INFO - [2025-04-22T06:25:01.674+0000] {dagbag.py:588} INFO - Filling up the DagBag from /home/airflow/.local/lib/python3.9/site-packages/airflow/example_dags/example_branch_operator.py
[2025-04-22T06:25:01.696+0000] {processor.py:925} INFO - DAG(s) 'example_branch_operator' retrieved from /home/airflow/.local/lib/python3.9/site-packages/airflow/example_dags/example_branch_operator.py
[2025-04-22T06:25:01.726+0000] {logging_mixin.py:190} INFO - [2025-04-22T06:25:01.726+0000] {dag.py:3239} INFO - Sync 1 DAGs
[2025-04-22T06:25:01.751+0000] {logging_mixin.py:190} INFO - [2025-04-22T06:25:01.751+0000] {dag.py:4180} INFO - Setting next_dagrun for example_branch_operator to 2025-04-21 00:00:00+00:00, run_after=2025-04-22 00:00:00+00:00
[2025-04-22T06:25:01.769+0000] {processor.py:208} INFO - Processing /home/airflow/.local/lib/python3.9/site-packages/airflow/example_dags/example_branch_operator.py took 0.106 seconds
[2025-04-22T06:25:31.872+0000] {processor.py:186} INFO - Started process (PID=686) to work on /home/airflow/.local/lib/python3.9/site-packages/airflow/example_dags/example_branch_operator.py
[2025-04-22T06:25:31.873+0000] {processor.py:914} INFO - Processing file /home/airflow/.local/lib/python3.9/site-packages/airflow/example_dags/example_branch_operator.py for tasks to queue
[2025-04-22T06:25:31.875+0000] {logging_mixin.py:190} INFO - [2025-04-22T06:25:31.875+0000] {dagbag.py:588} INFO - Filling up the DagBag from /home/airflow/.local/lib/python3.9/site-packages/airflow/example_dags/example_branch_operator.py
[2025-04-22T06:25:31.895+0000] {processor.py:925} INFO - DAG(s) 'example_branch_operator' retrieved from /home/airflow/.local/lib/python3.9/site-packages/airflow/example_dags/example_branch_operator.py
[2025-04-22T06:25:31.926+0000] {logging_mixin.py:190} INFO - [2025-04-22T06:25:31.926+0000] {dag.py:3239} INFO - Sync 1 DAGs
[2025-04-22T06:25:31.950+0000] {logging_mixin.py:190} INFO - [2025-04-22T06:25:31.949+0000] {dag.py:4180} INFO - Setting next_dagrun for example_branch_operator to 2025-04-21 00:00:00+00:00, run_after=2025-04-22 00:00:00+00:00
[2025-04-22T06:25:31.966+0000] {processor.py:208} INFO - Processing /home/airflow/.local/lib/python3.9/site-packages/airflow/example_dags/example_branch_operator.py took 0.102 seconds
[2025-04-22T06:26:02.670+0000] {processor.py:186} INFO - Started process (PID=744) to work on /home/airflow/.local/lib/python3.9/site-packages/airflow/example_dags/example_branch_operator.py
[2025-04-22T06:26:02.671+0000] {processor.py:914} INFO - Processing file /home/airflow/.local/lib/python3.9/site-packages/airflow/example_dags/example_branch_operator.py for tasks to queue
[2025-04-22T06:26:02.673+0000] {logging_mixin.py:190} INFO - [2025-04-22T06:26:02.672+0000] {dagbag.py:588} INFO - Filling up the DagBag from /home/airflow/.local/lib/python3.9/site-packages/airflow/example_dags/example_branch_operator.py
[2025-04-22T06:26:02.691+0000] {processor.py:925} INFO - DAG(s) 'example_branch_operator' retrieved from /home/airflow/.local/lib/python3.9/site-packages/airflow/example_dags/example_branch_operator.py
[2025-04-22T06:26:02.721+0000] {logging_mixin.py:190} INFO - [2025-04-22T06:26:02.721+0000] {dag.py:3239} INFO - Sync 1 DAGs
[2025-04-22T06:26:02.744+0000] {logging_mixin.py:190} INFO - [2025-04-22T06:26:02.744+0000] {dag.py:4180} INFO - Setting next_dagrun for example_branch_operator to 2025-04-21 00:00:00+00:00, run_after=2025-04-22 00:00:00+00:00
[2025-04-22T06:26:02.766+0000] {processor.py:208} INFO - Processing /home/airflow/.local/lib/python3.9/site-packages/airflow/example_dags/example_branch_operator.py took 0.102 seconds
[2025-04-22T06:26:33.330+0000] {processor.py:186} INFO - Started process (PID=802) to work on /home/airflow/.local/lib/python3.9/site-packages/airflow/example_dags/example_branch_operator.py
[2025-04-22T06:26:33.331+0000] {processor.py:914} INFO - Processing file /home/airflow/.local/lib/python3.9/site-packages/airflow/example_dags/example_branch_operator.py for tasks to queue
[2025-04-22T06:26:33.333+0000] {logging_mixin.py:190} INFO - [2025-04-22T06:26:33.333+0000] {dagbag.py:588} INFO - Filling up the DagBag from /home/airflow/.local/lib/python3.9/site-packages/airflow/example_dags/example_branch_operator.py
[2025-04-22T06:26:33.351+0000] {processor.py:925} INFO - DAG(s) 'example_branch_operator' retrieved from /home/airflow/.local/lib/python3.9/site-packages/airflow/example_dags/example_branch_operator.py
[2025-04-22T06:26:33.378+0000] {logging_mixin.py:190} INFO - [2025-04-22T06:26:33.378+0000] {dag.py:3239} INFO - Sync 1 DAGs
[2025-04-22T06:26:33.402+0000] {logging_mixin.py:190} INFO - [2025-04-22T06:26:33.402+0000] {dag.py:4180} INFO - Setting next_dagrun for example_branch_operator to 2025-04-21 00:00:00+00:00, run_after=2025-04-22 00:00:00+00:00
[2025-04-22T06:26:33.488+0000] {processor.py:208} INFO - Processing /home/airflow/.local/lib/python3.9/site-packages/airflow/example_dags/example_branch_operator.py took 0.164 seconds
[2025-04-22T06:27:03.852+0000] {processor.py:186} INFO - Started process (PID=860) to work on /home/airflow/.local/lib/python3.9/site-packages/airflow/example_dags/example_branch_operator.py
[2025-04-22T06:27:03.853+0000] {processor.py:914} INFO - Processing file /home/airflow/.local/lib/python3.9/site-packages/airflow/example_dags/example_branch_operator.py for tasks to queue
[2025-04-22T06:27:03.856+0000] {logging_mixin.py:190} INFO - [2025-04-22T06:27:03.855+0000] {dagbag.py:588} INFO - Filling up the DagBag from /home/airflow/.local/lib/python3.9/site-packages/airflow/example_dags/example_branch_operator.py
[2025-04-22T06:27:03.874+0000] {processor.py:925} INFO - DAG(s) 'example_branch_operator' retrieved from /home/airflow/.local/lib/python3.9/site-packages/airflow/example_dags/example_branch_operator.py
[2025-04-22T06:27:03.901+0000] {logging_mixin.py:190} INFO - [2025-04-22T06:27:03.901+0000] {dag.py:3239} INFO - Sync 1 DAGs
[2025-04-22T06:27:03.924+0000] {logging_mixin.py:190} INFO - [2025-04-22T06:27:03.924+0000] {dag.py:4180} INFO - Setting next_dagrun for example_branch_operator to 2025-04-21 00:00:00+00:00, run_after=2025-04-22 00:00:00+00:00
[2025-04-22T06:27:03.941+0000] {processor.py:208} INFO - Processing /home/airflow/.local/lib/python3.9/site-packages/airflow/example_dags/example_branch_operator.py took 0.095 seconds
[2025-04-22T06:27:34.207+0000] {processor.py:186} INFO - Started process (PID=918) to work on /home/airflow/.local/lib/python3.9/site-packages/airflow/example_dags/example_branch_operator.py
[2025-04-22T06:27:34.208+0000] {processor.py:914} INFO - Processing file /home/airflow/.local/lib/python3.9/site-packages/airflow/example_dags/example_branch_operator.py for tasks to queue
[2025-04-22T06:27:34.210+0000] {logging_mixin.py:190} INFO - [2025-04-22T06:27:34.210+0000] {dagbag.py:588} INFO - Filling up the DagBag from /home/airflow/.local/lib/python3.9/site-packages/airflow/example_dags/example_branch_operator.py
[2025-04-22T06:27:34.228+0000] {processor.py:925} INFO - DAG(s) 'example_branch_operator' retrieved from /home/airflow/.local/lib/python3.9/site-packages/airflow/example_dags/example_branch_operator.py
[2025-04-22T06:27:34.256+0000] {logging_mixin.py:190} INFO - [2025-04-22T06:27:34.256+0000] {dag.py:3239} INFO - Sync 1 DAGs
[2025-04-22T06:27:34.281+0000] {logging_mixin.py:190} INFO - [2025-04-22T06:27:34.281+0000] {dag.py:4180} INFO - Setting next_dagrun for example_branch_operator to 2025-04-21 00:00:00+00:00, run_after=2025-04-22 00:00:00+00:00
[2025-04-22T06:27:34.297+0000] {processor.py:208} INFO - Processing /home/airflow/.local/lib/python3.9/site-packages/airflow/example_dags/example_branch_operator.py took 0.096 seconds
[2025-04-22T06:28:04.894+0000] {processor.py:186} INFO - Started process (PID=976) to work on /home/airflow/.local/lib/python3.9/site-packages/airflow/example_dags/example_branch_operator.py
[2025-04-22T06:28:04.894+0000] {processor.py:914} INFO - Processing file /home/airflow/.local/lib/python3.9/site-packages/airflow/example_dags/example_branch_operator.py for tasks to queue
[2025-04-22T06:28:04.896+0000] {logging_mixin.py:190} INFO - [2025-04-22T06:28:04.896+0000] {dagbag.py:588} INFO - Filling up the DagBag from /home/airflow/.local/lib/python3.9/site-packages/airflow/example_dags/example_branch_operator.py
[2025-04-22T06:28:04.915+0000] {processor.py:925} INFO - DAG(s) 'example_branch_operator' retrieved from /home/airflow/.local/lib/python3.9/site-packages/airflow/example_dags/example_branch_operator.py
[2025-04-22T06:28:04.943+0000] {logging_mixin.py:190} INFO - [2025-04-22T06:28:04.942+0000] {dag.py:3239} INFO - Sync 1 DAGs
[2025-04-22T06:28:04.968+0000] {logging_mixin.py:190} INFO - [2025-04-22T06:28:04.968+0000] {dag.py:4180} INFO - Setting next_dagrun for example_branch_operator to 2025-04-21 00:00:00+00:00, run_after=2025-04-22 00:00:00+00:00
[2025-04-22T06:28:04.987+0000] {processor.py:208} INFO - Processing /home/airflow/.local/lib/python3.9/site-packages/airflow/example_dags/example_branch_operator.py took 0.100 seconds
[2025-04-22T06:28:35.767+0000] {processor.py:186} INFO - Started process (PID=1034) to work on /home/airflow/.local/lib/python3.9/site-packages/airflow/example_dags/example_branch_operator.py
[2025-04-22T06:28:35.768+0000] {processor.py:914} INFO - Processing file /home/airflow/.local/lib/python3.9/site-packages/airflow/example_dags/example_branch_operator.py for tasks to queue
[2025-04-22T06:28:35.771+0000] {logging_mixin.py:190} INFO - [2025-04-22T06:28:35.770+0000] {dagbag.py:588} INFO - Filling up the DagBag from /home/airflow/.local/lib/python3.9/site-packages/airflow/example_dags/example_branch_operator.py
[2025-04-22T06:28:35.789+0000] {processor.py:925} INFO - DAG(s) 'example_branch_operator' retrieved from /home/airflow/.local/lib/python3.9/site-packages/airflow/example_dags/example_branch_operator.py
[2025-04-22T06:28:35.816+0000] {logging_mixin.py:190} INFO - [2025-04-22T06:28:35.816+0000] {dag.py:3239} INFO - Sync 1 DAGs
[2025-04-22T06:28:35.841+0000] {logging_mixin.py:190} INFO - [2025-04-22T06:28:35.841+0000] {dag.py:4180} INFO - Setting next_dagrun for example_branch_operator to 2025-04-21 00:00:00+00:00, run_after=2025-04-22 00:00:00+00:00
[2025-04-22T06:28:35.858+0000] {processor.py:208} INFO - Processing /home/airflow/.local/lib/python3.9/site-packages/airflow/example_dags/example_branch_operator.py took 0.097 seconds
[2025-04-22T06:29:06.125+0000] {processor.py:186} INFO - Started process (PID=1092) to work on /home/airflow/.local/lib/python3.9/site-packages/airflow/example_dags/example_branch_operator.py
[2025-04-22T06:29:06.126+0000] {processor.py:914} INFO - Processing file /home/airflow/.local/lib/python3.9/site-packages/airflow/example_dags/example_branch_operator.py for tasks to queue
[2025-04-22T06:29:06.128+0000] {logging_mixin.py:190} INFO - [2025-04-22T06:29:06.128+0000] {dagbag.py:588} INFO - Filling up the DagBag from /home/airflow/.local/lib/python3.9/site-packages/airflow/example_dags/example_branch_operator.py
[2025-04-22T06:29:06.146+0000] {processor.py:925} INFO - DAG(s) 'example_branch_operator' retrieved from /home/airflow/.local/lib/python3.9/site-packages/airflow/example_dags/example_branch_operator.py
[2025-04-22T06:29:06.173+0000] {logging_mixin.py:190} INFO - [2025-04-22T06:29:06.173+0000] {dag.py:3239} INFO - Sync 1 DAGs
[2025-04-22T06:29:06.197+0000] {logging_mixin.py:190} INFO - [2025-04-22T06:29:06.197+0000] {dag.py:4180} INFO - Setting next_dagrun for example_branch_operator to 2025-04-21 00:00:00+00:00, run_after=2025-04-22 00:00:00+00:00
[2025-04-22T06:29:06.214+0000] {processor.py:208} INFO - Processing /home/airflow/.local/lib/python3.9/site-packages/airflow/example_dags/example_branch_operator.py took 0.096 seconds
[2025-04-22T06:29:36.915+0000] {processor.py:186} INFO - Started process (PID=1150) to work on /home/airflow/.local/lib/python3.9/site-packages/airflow/example_dags/example_branch_operator.py
[2025-04-22T06:29:36.916+0000] {processor.py:914} INFO - Processing file /home/airflow/.local/lib/python3.9/site-packages/airflow/example_dags/example_branch_operator.py for tasks to queue
[2025-04-22T06:29:36.918+0000] {logging_mixin.py:190} INFO - [2025-04-22T06:29:36.918+0000] {dagbag.py:588} INFO - Filling up the DagBag from /home/airflow/.local/lib/python3.9/site-packages/airflow/example_dags/example_branch_operator.py
[2025-04-22T06:29:36.937+0000] {processor.py:925} INFO - DAG(s) 'example_branch_operator' retrieved from /home/airflow/.local/lib/python3.9/site-packages/airflow/example_dags/example_branch_operator.py
[2025-04-22T06:29:36.965+0000] {logging_mixin.py:190} INFO - [2025-04-22T06:29:36.964+0000] {dag.py:3239} INFO - Sync 1 DAGs
[2025-04-22T06:29:36.992+0000] {logging_mixin.py:190} INFO - [2025-04-22T06:29:36.992+0000] {dag.py:4180} INFO - Setting next_dagrun for example_branch_operator to 2025-04-21 00:00:00+00:00, run_after=2025-04-22 00:00:00+00:00
[2025-04-22T06:29:37.009+0000] {processor.py:208} INFO - Processing /home/airflow/.local/lib/python3.9/site-packages/airflow/example_dags/example_branch_operator.py took 0.101 seconds
[2025-04-22T06:30:07.446+0000] {processor.py:186} INFO - Started process (PID=1208) to work on /home/airflow/.local/lib/python3.9/site-packages/airflow/example_dags/example_branch_operator.py
[2025-04-22T06:30:07.447+0000] {processor.py:914} INFO - Processing file /home/airflow/.local/lib/python3.9/site-packages/airflow/example_dags/example_branch_operator.py for tasks to queue
[2025-04-22T06:30:07.450+0000] {logging_mixin.py:190} INFO - [2025-04-22T06:30:07.449+0000] {dagbag.py:588} INFO - Filling up the DagBag from /home/airflow/.local/lib/python3.9/site-packages/airflow/example_dags/example_branch_operator.py
[2025-04-22T06:30:07.475+0000] {processor.py:925} INFO - DAG(s) 'example_branch_operator' retrieved from /home/airflow/.local/lib/python3.9/site-packages/airflow/example_dags/example_branch_operator.py
[2025-04-22T06:30:07.514+0000] {logging_mixin.py:190} INFO - [2025-04-22T06:30:07.514+0000] {dag.py:3239} INFO - Sync 1 DAGs
[2025-04-22T06:30:07.547+0000] {logging_mixin.py:190} INFO - [2025-04-22T06:30:07.546+0000] {dag.py:4180} INFO - Setting next_dagrun for example_branch_operator to 2025-04-21 00:00:00+00:00, run_after=2025-04-22 00:00:00+00:00
[2025-04-22T06:30:07.572+0000] {processor.py:208} INFO - Processing /home/airflow/.local/lib/python3.9/site-packages/airflow/example_dags/example_branch_operator.py took 0.133 seconds
[2025-04-22T06:30:37.665+0000] {processor.py:186} INFO - Started process (PID=1266) to work on /home/airflow/.local/lib/python3.9/site-packages/airflow/example_dags/example_branch_operator.py
[2025-04-22T06:30:37.666+0000] {processor.py:914} INFO - Processing file /home/airflow/.local/lib/python3.9/site-packages/airflow/example_dags/example_branch_operator.py for tasks to queue
[2025-04-22T06:30:37.669+0000] {logging_mixin.py:190} INFO - [2025-04-22T06:30:37.669+0000] {dagbag.py:588} INFO - Filling up the DagBag from /home/airflow/.local/lib/python3.9/site-packages/airflow/example_dags/example_branch_operator.py
[2025-04-22T06:30:37.690+0000] {processor.py:925} INFO - DAG(s) 'example_branch_operator' retrieved from /home/airflow/.local/lib/python3.9/site-packages/airflow/example_dags/example_branch_operator.py
[2025-04-22T06:30:37.720+0000] {logging_mixin.py:190} INFO - [2025-04-22T06:30:37.720+0000] {dag.py:3239} INFO - Sync 1 DAGs
[2025-04-22T06:30:37.747+0000] {logging_mixin.py:190} INFO - [2025-04-22T06:30:37.746+0000] {dag.py:4180} INFO - Setting next_dagrun for example_branch_operator to 2025-04-21 00:00:00+00:00, run_after=2025-04-22 00:00:00+00:00
[2025-04-22T06:30:37.766+0000] {processor.py:208} INFO - Processing /home/airflow/.local/lib/python3.9/site-packages/airflow/example_dags/example_branch_operator.py took 0.107 seconds
[2025-04-22T06:31:08.188+0000] {processor.py:186} INFO - Started process (PID=1324) to work on /home/airflow/.local/lib/python3.9/site-packages/airflow/example_dags/example_branch_operator.py
[2025-04-22T06:31:08.189+0000] {processor.py:914} INFO - Processing file /home/airflow/.local/lib/python3.9/site-packages/airflow/example_dags/example_branch_operator.py for tasks to queue
[2025-04-22T06:31:08.191+0000] {logging_mixin.py:190} INFO - [2025-04-22T06:31:08.191+0000] {dagbag.py:588} INFO - Filling up the DagBag from /home/airflow/.local/lib/python3.9/site-packages/airflow/example_dags/example_branch_operator.py
[2025-04-22T06:31:08.210+0000] {processor.py:925} INFO - DAG(s) 'example_branch_operator' retrieved from /home/airflow/.local/lib/python3.9/site-packages/airflow/example_dags/example_branch_operator.py
[2025-04-22T06:31:08.237+0000] {logging_mixin.py:190} INFO - [2025-04-22T06:31:08.236+0000] {dag.py:3239} INFO - Sync 1 DAGs
[2025-04-22T06:31:08.260+0000] {logging_mixin.py:190} INFO - [2025-04-22T06:31:08.260+0000] {dag.py:4180} INFO - Setting next_dagrun for example_branch_operator to 2025-04-21 00:00:00+00:00, run_after=2025-04-22 00:00:00+00:00
[2025-04-22T06:31:08.277+0000] {processor.py:208} INFO - Processing /home/airflow/.local/lib/python3.9/site-packages/airflow/example_dags/example_branch_operator.py took 0.095 seconds
[2025-04-22T06:31:38.424+0000] {processor.py:186} INFO - Started process (PID=1382) to work on /home/airflow/.local/lib/python3.9/site-packages/airflow/example_dags/example_branch_operator.py
[2025-04-22T06:31:38.425+0000] {processor.py:914} INFO - Processing file /home/airflow/.local/lib/python3.9/site-packages/airflow/example_dags/example_branch_operator.py for tasks to queue
[2025-04-22T06:31:38.427+0000] {logging_mixin.py:190} INFO - [2025-04-22T06:31:38.427+0000] {dagbag.py:588} INFO - Filling up the DagBag from /home/airflow/.local/lib/python3.9/site-packages/airflow/example_dags/example_branch_operator.py
[2025-04-22T06:31:38.445+0000] {processor.py:925} INFO - DAG(s) 'example_branch_operator' retrieved from /home/airflow/.local/lib/python3.9/site-packages/airflow/example_dags/example_branch_operator.py
[2025-04-22T06:31:38.472+0000] {logging_mixin.py:190} INFO - [2025-04-22T06:31:38.472+0000] {dag.py:3239} INFO - Sync 1 DAGs
[2025-04-22T06:31:38.495+0000] {logging_mixin.py:190} INFO - [2025-04-22T06:31:38.495+0000] {dag.py:4180} INFO - Setting next_dagrun for example_branch_operator to 2025-04-21 00:00:00+00:00, run_after=2025-04-22 00:00:00+00:00
[2025-04-22T06:31:38.512+0000] {processor.py:208} INFO - Processing /home/airflow/.local/lib/python3.9/site-packages/airflow/example_dags/example_branch_operator.py took 0.094 seconds
[2025-04-22T06:32:09.174+0000] {processor.py:186} INFO - Started process (PID=1440) to work on /home/airflow/.local/lib/python3.9/site-packages/airflow/example_dags/example_branch_operator.py
[2025-04-22T06:32:09.175+0000] {processor.py:914} INFO - Processing file /home/airflow/.local/lib/python3.9/site-packages/airflow/example_dags/example_branch_operator.py for tasks to queue
[2025-04-22T06:32:09.178+0000] {logging_mixin.py:190} INFO - [2025-04-22T06:32:09.177+0000] {dagbag.py:588} INFO - Filling up the DagBag from /home/airflow/.local/lib/python3.9/site-packages/airflow/example_dags/example_branch_operator.py
[2025-04-22T06:32:09.195+0000] {processor.py:925} INFO - DAG(s) 'example_branch_operator' retrieved from /home/airflow/.local/lib/python3.9/site-packages/airflow/example_dags/example_branch_operator.py
[2025-04-22T06:32:09.223+0000] {logging_mixin.py:190} INFO - [2025-04-22T06:32:09.222+0000] {dag.py:3239} INFO - Sync 1 DAGs
[2025-04-22T06:32:09.245+0000] {logging_mixin.py:190} INFO - [2025-04-22T06:32:09.245+0000] {dag.py:4180} INFO - Setting next_dagrun for example_branch_operator to 2025-04-21 00:00:00+00:00, run_after=2025-04-22 00:00:00+00:00
[2025-04-22T06:32:09.261+0000] {processor.py:208} INFO - Processing /home/airflow/.local/lib/python3.9/site-packages/airflow/example_dags/example_branch_operator.py took 0.093 seconds
