[2025-04-22T06:19:59.398+0000] {processor.py:186} INFO - Started process (PID=71) to work on /home/airflow/.local/lib/python3.9/site-packages/airflow/example_dags/tutorial_taskflow_templates.py
[2025-04-22T06:19:59.400+0000] {processor.py:914} INFO - Processing file /home/airflow/.local/lib/python3.9/site-packages/airflow/example_dags/tutorial_taskflow_templates.py for tasks to queue
[2025-04-22T06:19:59.403+0000] {logging_mixin.py:190} INFO - [2025-04-22T06:19:59.403+0000] {dagbag.py:588} INFO - Filling up the DagBag from /home/airflow/.local/lib/python3.9/site-packages/airflow/example_dags/tutorial_taskflow_templates.py
[2025-04-22T06:19:59.425+0000] {processor.py:925} INFO - DAG(s) 'tutorial_taskflow_templates' retrieved from /home/airflow/.local/lib/python3.9/site-packages/airflow/example_dags/tutorial_taskflow_templates.py
[2025-04-22T06:19:59.481+0000] {logging_mixin.py:190} INFO - [2025-04-22T06:19:59.480+0000] {dag.py:3239} INFO - Sync 1 DAGs
[2025-04-22T06:19:59.538+0000] {logging_mixin.py:190} INFO - [2025-04-22T06:19:59.538+0000] {dag.py:4180} INFO - Setting next_dagrun for tutorial_taskflow_templates to 2025-04-21 00:00:00+00:00, run_after=2025-04-22 00:00:00+00:00
[2025-04-22T06:19:59.570+0000] {processor.py:208} INFO - Processing /home/airflow/.local/lib/python3.9/site-packages/airflow/example_dags/tutorial_taskflow_templates.py took 0.181 seconds
[2025-04-22T06:20:32.011+0000] {processor.py:186} INFO - Started process (PID=129) to work on /home/airflow/.local/lib/python3.9/site-packages/airflow/example_dags/tutorial_taskflow_templates.py
[2025-04-22T06:20:32.012+0000] {processor.py:914} INFO - Processing file /home/airflow/.local/lib/python3.9/site-packages/airflow/example_dags/tutorial_taskflow_templates.py for tasks to queue
[2025-04-22T06:20:32.015+0000] {logging_mixin.py:190} INFO - [2025-04-22T06:20:32.014+0000] {dagbag.py:588} INFO - Filling up the DagBag from /home/airflow/.local/lib/python3.9/site-packages/airflow/example_dags/tutorial_taskflow_templates.py
[2025-04-22T06:20:32.034+0000] {processor.py:925} INFO - DAG(s) 'tutorial_taskflow_templates' retrieved from /home/airflow/.local/lib/python3.9/site-packages/airflow/example_dags/tutorial_taskflow_templates.py
[2025-04-22T06:20:32.067+0000] {logging_mixin.py:190} INFO - [2025-04-22T06:20:32.067+0000] {dag.py:3239} INFO - Sync 1 DAGs
[2025-04-22T06:20:32.103+0000] {logging_mixin.py:190} INFO - [2025-04-22T06:20:32.103+0000] {dag.py:4180} INFO - Setting next_dagrun for tutorial_taskflow_templates to 2025-04-21 00:00:00+00:00, run_after=2025-04-22 00:00:00+00:00
[2025-04-22T06:20:32.130+0000] {processor.py:208} INFO - Processing /home/airflow/.local/lib/python3.9/site-packages/airflow/example_dags/tutorial_taskflow_templates.py took 0.125 seconds
[2025-04-22T06:21:02.195+0000] {processor.py:186} INFO - Started process (PID=187) to work on /home/airflow/.local/lib/python3.9/site-packages/airflow/example_dags/tutorial_taskflow_templates.py
[2025-04-22T06:21:02.196+0000] {processor.py:914} INFO - Processing file /home/airflow/.local/lib/python3.9/site-packages/airflow/example_dags/tutorial_taskflow_templates.py for tasks to queue
[2025-04-22T06:21:02.199+0000] {logging_mixin.py:190} INFO - [2025-04-22T06:21:02.198+0000] {dagbag.py:588} INFO - Filling up the DagBag from /home/airflow/.local/lib/python3.9/site-packages/airflow/example_dags/tutorial_taskflow_templates.py
[2025-04-22T06:21:02.215+0000] {processor.py:925} INFO - DAG(s) 'tutorial_taskflow_templates' retrieved from /home/airflow/.local/lib/python3.9/site-packages/airflow/example_dags/tutorial_taskflow_templates.py
[2025-04-22T06:21:02.237+0000] {logging_mixin.py:190} INFO - [2025-04-22T06:21:02.237+0000] {dag.py:3239} INFO - Sync 1 DAGs
[2025-04-22T06:21:02.263+0000] {logging_mixin.py:190} INFO - [2025-04-22T06:21:02.263+0000] {dag.py:4180} INFO - Setting next_dagrun for tutorial_taskflow_templates to 2025-04-21 00:00:00+00:00, run_after=2025-04-22 00:00:00+00:00
[2025-04-22T06:21:02.284+0000] {processor.py:208} INFO - Processing /home/airflow/.local/lib/python3.9/site-packages/airflow/example_dags/tutorial_taskflow_templates.py took 0.096 seconds
[2025-04-22T06:21:32.356+0000] {processor.py:186} INFO - Started process (PID=244) to work on /home/airflow/.local/lib/python3.9/site-packages/airflow/example_dags/tutorial_taskflow_templates.py
[2025-04-22T06:21:32.356+0000] {processor.py:914} INFO - Processing file /home/airflow/.local/lib/python3.9/site-packages/airflow/example_dags/tutorial_taskflow_templates.py for tasks to queue
[2025-04-22T06:21:32.358+0000] {logging_mixin.py:190} INFO - [2025-04-22T06:21:32.358+0000] {dagbag.py:588} INFO - Filling up the DagBag from /home/airflow/.local/lib/python3.9/site-packages/airflow/example_dags/tutorial_taskflow_templates.py
[2025-04-22T06:21:32.372+0000] {processor.py:925} INFO - DAG(s) 'tutorial_taskflow_templates' retrieved from /home/airflow/.local/lib/python3.9/site-packages/airflow/example_dags/tutorial_taskflow_templates.py
[2025-04-22T06:21:32.393+0000] {logging_mixin.py:190} INFO - [2025-04-22T06:21:32.393+0000] {dag.py:3239} INFO - Sync 1 DAGs
[2025-04-22T06:21:32.424+0000] {logging_mixin.py:190} INFO - [2025-04-22T06:21:32.424+0000] {dag.py:4180} INFO - Setting next_dagrun for tutorial_taskflow_templates to 2025-04-21 00:00:00+00:00, run_after=2025-04-22 00:00:00+00:00
[2025-04-22T06:21:32.448+0000] {processor.py:208} INFO - Processing /home/airflow/.local/lib/python3.9/site-packages/airflow/example_dags/tutorial_taskflow_templates.py took 0.100 seconds
[2025-04-22T06:22:02.543+0000] {processor.py:186} INFO - Started process (PID=301) to work on /home/airflow/.local/lib/python3.9/site-packages/airflow/example_dags/tutorial_taskflow_templates.py
[2025-04-22T06:22:02.544+0000] {processor.py:914} INFO - Processing file /home/airflow/.local/lib/python3.9/site-packages/airflow/example_dags/tutorial_taskflow_templates.py for tasks to queue
[2025-04-22T06:22:02.547+0000] {logging_mixin.py:190} INFO - [2025-04-22T06:22:02.547+0000] {dagbag.py:588} INFO - Filling up the DagBag from /home/airflow/.local/lib/python3.9/site-packages/airflow/example_dags/tutorial_taskflow_templates.py
[2025-04-22T06:22:02.561+0000] {processor.py:925} INFO - DAG(s) 'tutorial_taskflow_templates' retrieved from /home/airflow/.local/lib/python3.9/site-packages/airflow/example_dags/tutorial_taskflow_templates.py
[2025-04-22T06:22:02.580+0000] {logging_mixin.py:190} INFO - [2025-04-22T06:22:02.580+0000] {dag.py:3239} INFO - Sync 1 DAGs
[2025-04-22T06:22:02.605+0000] {logging_mixin.py:190} INFO - [2025-04-22T06:22:02.605+0000] {dag.py:4180} INFO - Setting next_dagrun for tutorial_taskflow_templates to 2025-04-21 00:00:00+00:00, run_after=2025-04-22 00:00:00+00:00
[2025-04-22T06:22:02.624+0000] {processor.py:208} INFO - Processing /home/airflow/.local/lib/python3.9/site-packages/airflow/example_dags/tutorial_taskflow_templates.py took 0.089 seconds
[2025-04-22T06:22:32.700+0000] {processor.py:186} INFO - Started process (PID=359) to work on /home/airflow/.local/lib/python3.9/site-packages/airflow/example_dags/tutorial_taskflow_templates.py
[2025-04-22T06:22:32.702+0000] {processor.py:914} INFO - Processing file /home/airflow/.local/lib/python3.9/site-packages/airflow/example_dags/tutorial_taskflow_templates.py for tasks to queue
[2025-04-22T06:22:32.705+0000] {logging_mixin.py:190} INFO - [2025-04-22T06:22:32.705+0000] {dagbag.py:588} INFO - Filling up the DagBag from /home/airflow/.local/lib/python3.9/site-packages/airflow/example_dags/tutorial_taskflow_templates.py
[2025-04-22T06:22:32.720+0000] {processor.py:925} INFO - DAG(s) 'tutorial_taskflow_templates' retrieved from /home/airflow/.local/lib/python3.9/site-packages/airflow/example_dags/tutorial_taskflow_templates.py
[2025-04-22T06:22:32.747+0000] {logging_mixin.py:190} INFO - [2025-04-22T06:22:32.747+0000] {dag.py:3239} INFO - Sync 1 DAGs
[2025-04-22T06:22:32.793+0000] {logging_mixin.py:190} INFO - [2025-04-22T06:22:32.792+0000] {dag.py:4180} INFO - Setting next_dagrun for tutorial_taskflow_templates to 2025-04-21 00:00:00+00:00, run_after=2025-04-22 00:00:00+00:00
[2025-04-22T06:22:32.834+0000] {processor.py:208} INFO - Processing /home/airflow/.local/lib/python3.9/site-packages/airflow/example_dags/tutorial_taskflow_templates.py took 0.142 seconds
[2025-04-22T06:23:02.873+0000] {processor.py:186} INFO - Started process (PID=417) to work on /home/airflow/.local/lib/python3.9/site-packages/airflow/example_dags/tutorial_taskflow_templates.py
[2025-04-22T06:23:02.874+0000] {processor.py:914} INFO - Processing file /home/airflow/.local/lib/python3.9/site-packages/airflow/example_dags/tutorial_taskflow_templates.py for tasks to queue
[2025-04-22T06:23:02.876+0000] {logging_mixin.py:190} INFO - [2025-04-22T06:23:02.876+0000] {dagbag.py:588} INFO - Filling up the DagBag from /home/airflow/.local/lib/python3.9/site-packages/airflow/example_dags/tutorial_taskflow_templates.py
[2025-04-22T06:23:02.891+0000] {processor.py:925} INFO - DAG(s) 'tutorial_taskflow_templates' retrieved from /home/airflow/.local/lib/python3.9/site-packages/airflow/example_dags/tutorial_taskflow_templates.py
[2025-04-22T06:23:02.914+0000] {logging_mixin.py:190} INFO - [2025-04-22T06:23:02.913+0000] {dag.py:3239} INFO - Sync 1 DAGs
[2025-04-22T06:23:02.940+0000] {logging_mixin.py:190} INFO - [2025-04-22T06:23:02.939+0000] {dag.py:4180} INFO - Setting next_dagrun for tutorial_taskflow_templates to 2025-04-21 00:00:00+00:00, run_after=2025-04-22 00:00:00+00:00
[2025-04-22T06:23:02.967+0000] {processor.py:208} INFO - Processing /home/airflow/.local/lib/python3.9/site-packages/airflow/example_dags/tutorial_taskflow_templates.py took 0.104 seconds
[2025-04-22T06:23:33.217+0000] {processor.py:186} INFO - Started process (PID=475) to work on /home/airflow/.local/lib/python3.9/site-packages/airflow/example_dags/tutorial_taskflow_templates.py
[2025-04-22T06:23:33.218+0000] {processor.py:914} INFO - Processing file /home/airflow/.local/lib/python3.9/site-packages/airflow/example_dags/tutorial_taskflow_templates.py for tasks to queue
[2025-04-22T06:23:33.221+0000] {logging_mixin.py:190} INFO - [2025-04-22T06:23:33.220+0000] {dagbag.py:588} INFO - Filling up the DagBag from /home/airflow/.local/lib/python3.9/site-packages/airflow/example_dags/tutorial_taskflow_templates.py
[2025-04-22T06:23:33.234+0000] {processor.py:925} INFO - DAG(s) 'tutorial_taskflow_templates' retrieved from /home/airflow/.local/lib/python3.9/site-packages/airflow/example_dags/tutorial_taskflow_templates.py
[2025-04-22T06:23:33.253+0000] {logging_mixin.py:190} INFO - [2025-04-22T06:23:33.253+0000] {dag.py:3239} INFO - Sync 1 DAGs
[2025-04-22T06:23:33.277+0000] {logging_mixin.py:190} INFO - [2025-04-22T06:23:33.277+0000] {dag.py:4180} INFO - Setting next_dagrun for tutorial_taskflow_templates to 2025-04-21 00:00:00+00:00, run_after=2025-04-22 00:00:00+00:00
[2025-04-22T06:23:33.300+0000] {processor.py:208} INFO - Processing /home/airflow/.local/lib/python3.9/site-packages/airflow/example_dags/tutorial_taskflow_templates.py took 0.090 seconds
[2025-04-22T06:24:04.236+0000] {processor.py:186} INFO - Started process (PID=533) to work on /home/airflow/.local/lib/python3.9/site-packages/airflow/example_dags/tutorial_taskflow_templates.py
[2025-04-22T06:24:04.237+0000] {processor.py:914} INFO - Processing file /home/airflow/.local/lib/python3.9/site-packages/airflow/example_dags/tutorial_taskflow_templates.py for tasks to queue
[2025-04-22T06:24:04.239+0000] {logging_mixin.py:190} INFO - [2025-04-22T06:24:04.238+0000] {dagbag.py:588} INFO - Filling up the DagBag from /home/airflow/.local/lib/python3.9/site-packages/airflow/example_dags/tutorial_taskflow_templates.py
[2025-04-22T06:24:04.252+0000] {processor.py:925} INFO - DAG(s) 'tutorial_taskflow_templates' retrieved from /home/airflow/.local/lib/python3.9/site-packages/airflow/example_dags/tutorial_taskflow_templates.py
[2025-04-22T06:24:04.271+0000] {logging_mixin.py:190} INFO - [2025-04-22T06:24:04.271+0000] {dag.py:3239} INFO - Sync 1 DAGs
[2025-04-22T06:24:04.294+0000] {logging_mixin.py:190} INFO - [2025-04-22T06:24:04.294+0000] {dag.py:4180} INFO - Setting next_dagrun for tutorial_taskflow_templates to 2025-04-21 00:00:00+00:00, run_after=2025-04-22 00:00:00+00:00
[2025-04-22T06:24:04.311+0000] {processor.py:208} INFO - Processing /home/airflow/.local/lib/python3.9/site-packages/airflow/example_dags/tutorial_taskflow_templates.py took 0.082 seconds
[2025-04-22T06:24:34.868+0000] {processor.py:186} INFO - Started process (PID=591) to work on /home/airflow/.local/lib/python3.9/site-packages/airflow/example_dags/tutorial_taskflow_templates.py
[2025-04-22T06:24:34.870+0000] {processor.py:914} INFO - Processing file /home/airflow/.local/lib/python3.9/site-packages/airflow/example_dags/tutorial_taskflow_templates.py for tasks to queue
[2025-04-22T06:24:34.873+0000] {logging_mixin.py:190} INFO - [2025-04-22T06:24:34.872+0000] {dagbag.py:588} INFO - Filling up the DagBag from /home/airflow/.local/lib/python3.9/site-packages/airflow/example_dags/tutorial_taskflow_templates.py
[2025-04-22T06:24:34.888+0000] {processor.py:925} INFO - DAG(s) 'tutorial_taskflow_templates' retrieved from /home/airflow/.local/lib/python3.9/site-packages/airflow/example_dags/tutorial_taskflow_templates.py
[2025-04-22T06:24:34.907+0000] {logging_mixin.py:190} INFO - [2025-04-22T06:24:34.907+0000] {dag.py:3239} INFO - Sync 1 DAGs
[2025-04-22T06:24:34.940+0000] {logging_mixin.py:190} INFO - [2025-04-22T06:24:34.940+0000] {dag.py:4180} INFO - Setting next_dagrun for tutorial_taskflow_templates to 2025-04-21 00:00:00+00:00, run_after=2025-04-22 00:00:00+00:00
[2025-04-22T06:24:34.969+0000] {processor.py:208} INFO - Processing /home/airflow/.local/lib/python3.9/site-packages/airflow/example_dags/tutorial_taskflow_templates.py took 0.109 seconds
[2025-04-22T06:25:05.125+0000] {processor.py:186} INFO - Started process (PID=649) to work on /home/airflow/.local/lib/python3.9/site-packages/airflow/example_dags/tutorial_taskflow_templates.py
[2025-04-22T06:25:05.126+0000] {processor.py:914} INFO - Processing file /home/airflow/.local/lib/python3.9/site-packages/airflow/example_dags/tutorial_taskflow_templates.py for tasks to queue
[2025-04-22T06:25:05.128+0000] {logging_mixin.py:190} INFO - [2025-04-22T06:25:05.128+0000] {dagbag.py:588} INFO - Filling up the DagBag from /home/airflow/.local/lib/python3.9/site-packages/airflow/example_dags/tutorial_taskflow_templates.py
[2025-04-22T06:25:05.143+0000] {processor.py:925} INFO - DAG(s) 'tutorial_taskflow_templates' retrieved from /home/airflow/.local/lib/python3.9/site-packages/airflow/example_dags/tutorial_taskflow_templates.py
[2025-04-22T06:25:05.165+0000] {logging_mixin.py:190} INFO - [2025-04-22T06:25:05.165+0000] {dag.py:3239} INFO - Sync 1 DAGs
[2025-04-22T06:25:05.188+0000] {logging_mixin.py:190} INFO - [2025-04-22T06:25:05.188+0000] {dag.py:4180} INFO - Setting next_dagrun for tutorial_taskflow_templates to 2025-04-21 00:00:00+00:00, run_after=2025-04-22 00:00:00+00:00
[2025-04-22T06:25:05.208+0000] {processor.py:208} INFO - Processing /home/airflow/.local/lib/python3.9/site-packages/airflow/example_dags/tutorial_taskflow_templates.py took 0.090 seconds
[2025-04-22T06:25:35.576+0000] {processor.py:186} INFO - Started process (PID=707) to work on /home/airflow/.local/lib/python3.9/site-packages/airflow/example_dags/tutorial_taskflow_templates.py
[2025-04-22T06:25:35.578+0000] {processor.py:914} INFO - Processing file /home/airflow/.local/lib/python3.9/site-packages/airflow/example_dags/tutorial_taskflow_templates.py for tasks to queue
[2025-04-22T06:25:35.581+0000] {logging_mixin.py:190} INFO - [2025-04-22T06:25:35.580+0000] {dagbag.py:588} INFO - Filling up the DagBag from /home/airflow/.local/lib/python3.9/site-packages/airflow/example_dags/tutorial_taskflow_templates.py
[2025-04-22T06:25:35.597+0000] {processor.py:925} INFO - DAG(s) 'tutorial_taskflow_templates' retrieved from /home/airflow/.local/lib/python3.9/site-packages/airflow/example_dags/tutorial_taskflow_templates.py
[2025-04-22T06:25:35.620+0000] {logging_mixin.py:190} INFO - [2025-04-22T06:25:35.619+0000] {dag.py:3239} INFO - Sync 1 DAGs
[2025-04-22T06:25:35.654+0000] {logging_mixin.py:190} INFO - [2025-04-22T06:25:35.653+0000] {dag.py:4180} INFO - Setting next_dagrun for tutorial_taskflow_templates to 2025-04-21 00:00:00+00:00, run_after=2025-04-22 00:00:00+00:00
[2025-04-22T06:25:35.679+0000] {processor.py:208} INFO - Processing /home/airflow/.local/lib/python3.9/site-packages/airflow/example_dags/tutorial_taskflow_templates.py took 0.111 seconds
[2025-04-22T06:26:06.161+0000] {processor.py:186} INFO - Started process (PID=765) to work on /home/airflow/.local/lib/python3.9/site-packages/airflow/example_dags/tutorial_taskflow_templates.py
[2025-04-22T06:26:06.162+0000] {processor.py:914} INFO - Processing file /home/airflow/.local/lib/python3.9/site-packages/airflow/example_dags/tutorial_taskflow_templates.py for tasks to queue
[2025-04-22T06:26:06.165+0000] {logging_mixin.py:190} INFO - [2025-04-22T06:26:06.164+0000] {dagbag.py:588} INFO - Filling up the DagBag from /home/airflow/.local/lib/python3.9/site-packages/airflow/example_dags/tutorial_taskflow_templates.py
[2025-04-22T06:26:06.181+0000] {processor.py:925} INFO - DAG(s) 'tutorial_taskflow_templates' retrieved from /home/airflow/.local/lib/python3.9/site-packages/airflow/example_dags/tutorial_taskflow_templates.py
[2025-04-22T06:26:06.204+0000] {logging_mixin.py:190} INFO - [2025-04-22T06:26:06.203+0000] {dag.py:3239} INFO - Sync 1 DAGs
[2025-04-22T06:26:06.232+0000] {logging_mixin.py:190} INFO - [2025-04-22T06:26:06.232+0000] {dag.py:4180} INFO - Setting next_dagrun for tutorial_taskflow_templates to 2025-04-21 00:00:00+00:00, run_after=2025-04-22 00:00:00+00:00
[2025-04-22T06:26:06.262+0000] {processor.py:208} INFO - Processing /home/airflow/.local/lib/python3.9/site-packages/airflow/example_dags/tutorial_taskflow_templates.py took 0.109 seconds
[2025-04-22T06:26:36.630+0000] {processor.py:186} INFO - Started process (PID=823) to work on /home/airflow/.local/lib/python3.9/site-packages/airflow/example_dags/tutorial_taskflow_templates.py
[2025-04-22T06:26:36.631+0000] {processor.py:914} INFO - Processing file /home/airflow/.local/lib/python3.9/site-packages/airflow/example_dags/tutorial_taskflow_templates.py for tasks to queue
[2025-04-22T06:26:36.633+0000] {logging_mixin.py:190} INFO - [2025-04-22T06:26:36.633+0000] {dagbag.py:588} INFO - Filling up the DagBag from /home/airflow/.local/lib/python3.9/site-packages/airflow/example_dags/tutorial_taskflow_templates.py
[2025-04-22T06:26:36.646+0000] {processor.py:925} INFO - DAG(s) 'tutorial_taskflow_templates' retrieved from /home/airflow/.local/lib/python3.9/site-packages/airflow/example_dags/tutorial_taskflow_templates.py
[2025-04-22T06:26:36.664+0000] {logging_mixin.py:190} INFO - [2025-04-22T06:26:36.664+0000] {dag.py:3239} INFO - Sync 1 DAGs
[2025-04-22T06:26:36.690+0000] {logging_mixin.py:190} INFO - [2025-04-22T06:26:36.690+0000] {dag.py:4180} INFO - Setting next_dagrun for tutorial_taskflow_templates to 2025-04-21 00:00:00+00:00, run_after=2025-04-22 00:00:00+00:00
[2025-04-22T06:26:36.713+0000] {processor.py:208} INFO - Processing /home/airflow/.local/lib/python3.9/site-packages/airflow/example_dags/tutorial_taskflow_templates.py took 0.089 seconds
[2025-04-22T06:27:07.005+0000] {processor.py:186} INFO - Started process (PID=880) to work on /home/airflow/.local/lib/python3.9/site-packages/airflow/example_dags/tutorial_taskflow_templates.py
[2025-04-22T06:27:07.006+0000] {processor.py:914} INFO - Processing file /home/airflow/.local/lib/python3.9/site-packages/airflow/example_dags/tutorial_taskflow_templates.py for tasks to queue
[2025-04-22T06:27:07.009+0000] {logging_mixin.py:190} INFO - [2025-04-22T06:27:07.009+0000] {dagbag.py:588} INFO - Filling up the DagBag from /home/airflow/.local/lib/python3.9/site-packages/airflow/example_dags/tutorial_taskflow_templates.py
[2025-04-22T06:27:07.024+0000] {processor.py:925} INFO - DAG(s) 'tutorial_taskflow_templates' retrieved from /home/airflow/.local/lib/python3.9/site-packages/airflow/example_dags/tutorial_taskflow_templates.py
[2025-04-22T06:27:07.043+0000] {logging_mixin.py:190} INFO - [2025-04-22T06:27:07.043+0000] {dag.py:3239} INFO - Sync 1 DAGs
[2025-04-22T06:27:07.067+0000] {logging_mixin.py:190} INFO - [2025-04-22T06:27:07.066+0000] {dag.py:4180} INFO - Setting next_dagrun for tutorial_taskflow_templates to 2025-04-21 00:00:00+00:00, run_after=2025-04-22 00:00:00+00:00
[2025-04-22T06:27:07.084+0000] {processor.py:208} INFO - Processing /home/airflow/.local/lib/python3.9/site-packages/airflow/example_dags/tutorial_taskflow_templates.py took 0.087 seconds
[2025-04-22T06:27:37.630+0000] {processor.py:186} INFO - Started process (PID=938) to work on /home/airflow/.local/lib/python3.9/site-packages/airflow/example_dags/tutorial_taskflow_templates.py
[2025-04-22T06:27:37.631+0000] {processor.py:914} INFO - Processing file /home/airflow/.local/lib/python3.9/site-packages/airflow/example_dags/tutorial_taskflow_templates.py for tasks to queue
[2025-04-22T06:27:37.634+0000] {logging_mixin.py:190} INFO - [2025-04-22T06:27:37.633+0000] {dagbag.py:588} INFO - Filling up the DagBag from /home/airflow/.local/lib/python3.9/site-packages/airflow/example_dags/tutorial_taskflow_templates.py
[2025-04-22T06:27:37.650+0000] {processor.py:925} INFO - DAG(s) 'tutorial_taskflow_templates' retrieved from /home/airflow/.local/lib/python3.9/site-packages/airflow/example_dags/tutorial_taskflow_templates.py
[2025-04-22T06:27:37.677+0000] {logging_mixin.py:190} INFO - [2025-04-22T06:27:37.677+0000] {dag.py:3239} INFO - Sync 1 DAGs
[2025-04-22T06:27:37.706+0000] {logging_mixin.py:190} INFO - [2025-04-22T06:27:37.706+0000] {dag.py:4180} INFO - Setting next_dagrun for tutorial_taskflow_templates to 2025-04-21 00:00:00+00:00, run_after=2025-04-22 00:00:00+00:00
[2025-04-22T06:27:37.729+0000] {processor.py:208} INFO - Processing /home/airflow/.local/lib/python3.9/site-packages/airflow/example_dags/tutorial_taskflow_templates.py took 0.107 seconds
[2025-04-22T06:28:08.073+0000] {processor.py:186} INFO - Started process (PID=996) to work on /home/airflow/.local/lib/python3.9/site-packages/airflow/example_dags/tutorial_taskflow_templates.py
[2025-04-22T06:28:08.074+0000] {processor.py:914} INFO - Processing file /home/airflow/.local/lib/python3.9/site-packages/airflow/example_dags/tutorial_taskflow_templates.py for tasks to queue
[2025-04-22T06:28:08.076+0000] {logging_mixin.py:190} INFO - [2025-04-22T06:28:08.076+0000] {dagbag.py:588} INFO - Filling up the DagBag from /home/airflow/.local/lib/python3.9/site-packages/airflow/example_dags/tutorial_taskflow_templates.py
[2025-04-22T06:28:08.089+0000] {processor.py:925} INFO - DAG(s) 'tutorial_taskflow_templates' retrieved from /home/airflow/.local/lib/python3.9/site-packages/airflow/example_dags/tutorial_taskflow_templates.py
[2025-04-22T06:28:08.107+0000] {logging_mixin.py:190} INFO - [2025-04-22T06:28:08.107+0000] {dag.py:3239} INFO - Sync 1 DAGs
[2025-04-22T06:28:08.136+0000] {logging_mixin.py:190} INFO - [2025-04-22T06:28:08.136+0000] {dag.py:4180} INFO - Setting next_dagrun for tutorial_taskflow_templates to 2025-04-21 00:00:00+00:00, run_after=2025-04-22 00:00:00+00:00
[2025-04-22T06:28:08.156+0000] {processor.py:208} INFO - Processing /home/airflow/.local/lib/python3.9/site-packages/airflow/example_dags/tutorial_taskflow_templates.py took 0.089 seconds
[2025-04-22T06:28:38.878+0000] {processor.py:186} INFO - Started process (PID=1054) to work on /home/airflow/.local/lib/python3.9/site-packages/airflow/example_dags/tutorial_taskflow_templates.py
[2025-04-22T06:28:38.879+0000] {processor.py:914} INFO - Processing file /home/airflow/.local/lib/python3.9/site-packages/airflow/example_dags/tutorial_taskflow_templates.py for tasks to queue
[2025-04-22T06:28:38.882+0000] {logging_mixin.py:190} INFO - [2025-04-22T06:28:38.882+0000] {dagbag.py:588} INFO - Filling up the DagBag from /home/airflow/.local/lib/python3.9/site-packages/airflow/example_dags/tutorial_taskflow_templates.py
[2025-04-22T06:28:38.899+0000] {processor.py:925} INFO - DAG(s) 'tutorial_taskflow_templates' retrieved from /home/airflow/.local/lib/python3.9/site-packages/airflow/example_dags/tutorial_taskflow_templates.py
[2025-04-22T06:28:38.925+0000] {logging_mixin.py:190} INFO - [2025-04-22T06:28:38.925+0000] {dag.py:3239} INFO - Sync 1 DAGs
[2025-04-22T06:28:38.958+0000] {logging_mixin.py:190} INFO - [2025-04-22T06:28:38.958+0000] {dag.py:4180} INFO - Setting next_dagrun for tutorial_taskflow_templates to 2025-04-21 00:00:00+00:00, run_after=2025-04-22 00:00:00+00:00
[2025-04-22T06:28:38.977+0000] {processor.py:208} INFO - Processing /home/airflow/.local/lib/python3.9/site-packages/airflow/example_dags/tutorial_taskflow_templates.py took 0.108 seconds
[2025-04-22T06:29:09.273+0000] {processor.py:186} INFO - Started process (PID=1112) to work on /home/airflow/.local/lib/python3.9/site-packages/airflow/example_dags/tutorial_taskflow_templates.py
[2025-04-22T06:29:09.274+0000] {processor.py:914} INFO - Processing file /home/airflow/.local/lib/python3.9/site-packages/airflow/example_dags/tutorial_taskflow_templates.py for tasks to queue
[2025-04-22T06:29:09.276+0000] {logging_mixin.py:190} INFO - [2025-04-22T06:29:09.275+0000] {dagbag.py:588} INFO - Filling up the DagBag from /home/airflow/.local/lib/python3.9/site-packages/airflow/example_dags/tutorial_taskflow_templates.py
[2025-04-22T06:29:09.288+0000] {processor.py:925} INFO - DAG(s) 'tutorial_taskflow_templates' retrieved from /home/airflow/.local/lib/python3.9/site-packages/airflow/example_dags/tutorial_taskflow_templates.py
[2025-04-22T06:29:09.307+0000] {logging_mixin.py:190} INFO - [2025-04-22T06:29:09.307+0000] {dag.py:3239} INFO - Sync 1 DAGs
[2025-04-22T06:29:09.330+0000] {logging_mixin.py:190} INFO - [2025-04-22T06:29:09.330+0000] {dag.py:4180} INFO - Setting next_dagrun for tutorial_taskflow_templates to 2025-04-21 00:00:00+00:00, run_after=2025-04-22 00:00:00+00:00
[2025-04-22T06:29:09.348+0000] {processor.py:208} INFO - Processing /home/airflow/.local/lib/python3.9/site-packages/airflow/example_dags/tutorial_taskflow_templates.py took 0.081 seconds
[2025-04-22T06:29:40.071+0000] {processor.py:186} INFO - Started process (PID=1170) to work on /home/airflow/.local/lib/python3.9/site-packages/airflow/example_dags/tutorial_taskflow_templates.py
[2025-04-22T06:29:40.072+0000] {processor.py:914} INFO - Processing file /home/airflow/.local/lib/python3.9/site-packages/airflow/example_dags/tutorial_taskflow_templates.py for tasks to queue
[2025-04-22T06:29:40.074+0000] {logging_mixin.py:190} INFO - [2025-04-22T06:29:40.074+0000] {dagbag.py:588} INFO - Filling up the DagBag from /home/airflow/.local/lib/python3.9/site-packages/airflow/example_dags/tutorial_taskflow_templates.py
[2025-04-22T06:29:40.087+0000] {processor.py:925} INFO - DAG(s) 'tutorial_taskflow_templates' retrieved from /home/airflow/.local/lib/python3.9/site-packages/airflow/example_dags/tutorial_taskflow_templates.py
[2025-04-22T06:29:40.105+0000] {logging_mixin.py:190} INFO - [2025-04-22T06:29:40.105+0000] {dag.py:3239} INFO - Sync 1 DAGs
[2025-04-22T06:29:40.127+0000] {logging_mixin.py:190} INFO - [2025-04-22T06:29:40.127+0000] {dag.py:4180} INFO - Setting next_dagrun for tutorial_taskflow_templates to 2025-04-21 00:00:00+00:00, run_after=2025-04-22 00:00:00+00:00
[2025-04-22T06:29:40.145+0000] {processor.py:208} INFO - Processing /home/airflow/.local/lib/python3.9/site-packages/airflow/example_dags/tutorial_taskflow_templates.py took 0.080 seconds
[2025-04-22T06:30:10.974+0000] {processor.py:186} INFO - Started process (PID=1228) to work on /home/airflow/.local/lib/python3.9/site-packages/airflow/example_dags/tutorial_taskflow_templates.py
[2025-04-22T06:30:10.975+0000] {processor.py:914} INFO - Processing file /home/airflow/.local/lib/python3.9/site-packages/airflow/example_dags/tutorial_taskflow_templates.py for tasks to queue
[2025-04-22T06:30:10.978+0000] {logging_mixin.py:190} INFO - [2025-04-22T06:30:10.978+0000] {dagbag.py:588} INFO - Filling up the DagBag from /home/airflow/.local/lib/python3.9/site-packages/airflow/example_dags/tutorial_taskflow_templates.py
[2025-04-22T06:30:10.997+0000] {processor.py:925} INFO - DAG(s) 'tutorial_taskflow_templates' retrieved from /home/airflow/.local/lib/python3.9/site-packages/airflow/example_dags/tutorial_taskflow_templates.py
[2025-04-22T06:30:11.025+0000] {logging_mixin.py:190} INFO - [2025-04-22T06:30:11.025+0000] {dag.py:3239} INFO - Sync 1 DAGs
[2025-04-22T06:30:11.060+0000] {logging_mixin.py:190} INFO - [2025-04-22T06:30:11.060+0000] {dag.py:4180} INFO - Setting next_dagrun for tutorial_taskflow_templates to 2025-04-21 00:00:00+00:00, run_after=2025-04-22 00:00:00+00:00
[2025-04-22T06:30:11.084+0000] {processor.py:208} INFO - Processing /home/airflow/.local/lib/python3.9/site-packages/airflow/example_dags/tutorial_taskflow_templates.py took 0.120 seconds
[2025-04-22T06:30:41.976+0000] {processor.py:186} INFO - Started process (PID=1286) to work on /home/airflow/.local/lib/python3.9/site-packages/airflow/example_dags/tutorial_taskflow_templates.py
[2025-04-22T06:30:41.977+0000] {processor.py:914} INFO - Processing file /home/airflow/.local/lib/python3.9/site-packages/airflow/example_dags/tutorial_taskflow_templates.py for tasks to queue
[2025-04-22T06:30:41.981+0000] {logging_mixin.py:190} INFO - [2025-04-22T06:30:41.980+0000] {dagbag.py:588} INFO - Filling up the DagBag from /home/airflow/.local/lib/python3.9/site-packages/airflow/example_dags/tutorial_taskflow_templates.py
[2025-04-22T06:30:42.005+0000] {processor.py:925} INFO - DAG(s) 'tutorial_taskflow_templates' retrieved from /home/airflow/.local/lib/python3.9/site-packages/airflow/example_dags/tutorial_taskflow_templates.py
[2025-04-22T06:30:42.048+0000] {logging_mixin.py:190} INFO - [2025-04-22T06:30:42.047+0000] {dag.py:3239} INFO - Sync 1 DAGs
[2025-04-22T06:30:42.135+0000] {logging_mixin.py:190} INFO - [2025-04-22T06:30:42.135+0000] {dag.py:4180} INFO - Setting next_dagrun for tutorial_taskflow_templates to 2025-04-21 00:00:00+00:00, run_after=2025-04-22 00:00:00+00:00
[2025-04-22T06:30:42.217+0000] {processor.py:208} INFO - Processing /home/airflow/.local/lib/python3.9/site-packages/airflow/example_dags/tutorial_taskflow_templates.py took 0.251 seconds
[2025-04-22T06:31:12.297+0000] {processor.py:186} INFO - Started process (PID=1344) to work on /home/airflow/.local/lib/python3.9/site-packages/airflow/example_dags/tutorial_taskflow_templates.py
[2025-04-22T06:31:12.298+0000] {processor.py:914} INFO - Processing file /home/airflow/.local/lib/python3.9/site-packages/airflow/example_dags/tutorial_taskflow_templates.py for tasks to queue
[2025-04-22T06:31:12.300+0000] {logging_mixin.py:190} INFO - [2025-04-22T06:31:12.300+0000] {dagbag.py:588} INFO - Filling up the DagBag from /home/airflow/.local/lib/python3.9/site-packages/airflow/example_dags/tutorial_taskflow_templates.py
[2025-04-22T06:31:12.313+0000] {processor.py:925} INFO - DAG(s) 'tutorial_taskflow_templates' retrieved from /home/airflow/.local/lib/python3.9/site-packages/airflow/example_dags/tutorial_taskflow_templates.py
[2025-04-22T06:31:12.332+0000] {logging_mixin.py:190} INFO - [2025-04-22T06:31:12.332+0000] {dag.py:3239} INFO - Sync 1 DAGs
[2025-04-22T06:31:12.354+0000] {logging_mixin.py:190} INFO - [2025-04-22T06:31:12.354+0000] {dag.py:4180} INFO - Setting next_dagrun for tutorial_taskflow_templates to 2025-04-21 00:00:00+00:00, run_after=2025-04-22 00:00:00+00:00
[2025-04-22T06:31:12.373+0000] {processor.py:208} INFO - Processing /home/airflow/.local/lib/python3.9/site-packages/airflow/example_dags/tutorial_taskflow_templates.py took 0.082 seconds
[2025-04-22T06:31:42.536+0000] {processor.py:186} INFO - Started process (PID=1402) to work on /home/airflow/.local/lib/python3.9/site-packages/airflow/example_dags/tutorial_taskflow_templates.py
[2025-04-22T06:31:42.537+0000] {processor.py:914} INFO - Processing file /home/airflow/.local/lib/python3.9/site-packages/airflow/example_dags/tutorial_taskflow_templates.py for tasks to queue
[2025-04-22T06:31:42.539+0000] {logging_mixin.py:190} INFO - [2025-04-22T06:31:42.539+0000] {dagbag.py:588} INFO - Filling up the DagBag from /home/airflow/.local/lib/python3.9/site-packages/airflow/example_dags/tutorial_taskflow_templates.py
[2025-04-22T06:31:42.552+0000] {processor.py:925} INFO - DAG(s) 'tutorial_taskflow_templates' retrieved from /home/airflow/.local/lib/python3.9/site-packages/airflow/example_dags/tutorial_taskflow_templates.py
[2025-04-22T06:31:42.571+0000] {logging_mixin.py:190} INFO - [2025-04-22T06:31:42.571+0000] {dag.py:3239} INFO - Sync 1 DAGs
[2025-04-22T06:31:42.594+0000] {logging_mixin.py:190} INFO - [2025-04-22T06:31:42.594+0000] {dag.py:4180} INFO - Setting next_dagrun for tutorial_taskflow_templates to 2025-04-21 00:00:00+00:00, run_after=2025-04-22 00:00:00+00:00
[2025-04-22T06:31:42.611+0000] {processor.py:208} INFO - Processing /home/airflow/.local/lib/python3.9/site-packages/airflow/example_dags/tutorial_taskflow_templates.py took 0.081 seconds
[2025-04-22T06:32:13.311+0000] {processor.py:186} INFO - Started process (PID=1460) to work on /home/airflow/.local/lib/python3.9/site-packages/airflow/example_dags/tutorial_taskflow_templates.py
[2025-04-22T06:32:13.312+0000] {processor.py:914} INFO - Processing file /home/airflow/.local/lib/python3.9/site-packages/airflow/example_dags/tutorial_taskflow_templates.py for tasks to queue
[2025-04-22T06:32:13.314+0000] {logging_mixin.py:190} INFO - [2025-04-22T06:32:13.314+0000] {dagbag.py:588} INFO - Filling up the DagBag from /home/airflow/.local/lib/python3.9/site-packages/airflow/example_dags/tutorial_taskflow_templates.py
[2025-04-22T06:32:13.328+0000] {processor.py:925} INFO - DAG(s) 'tutorial_taskflow_templates' retrieved from /home/airflow/.local/lib/python3.9/site-packages/airflow/example_dags/tutorial_taskflow_templates.py
[2025-04-22T06:32:13.351+0000] {logging_mixin.py:190} INFO - [2025-04-22T06:32:13.350+0000] {dag.py:3239} INFO - Sync 1 DAGs
[2025-04-22T06:32:13.380+0000] {logging_mixin.py:190} INFO - [2025-04-22T06:32:13.380+0000] {dag.py:4180} INFO - Setting next_dagrun for tutorial_taskflow_templates to 2025-04-21 00:00:00+00:00, run_after=2025-04-22 00:00:00+00:00
[2025-04-22T06:32:13.399+0000] {processor.py:208} INFO - Processing /home/airflow/.local/lib/python3.9/site-packages/airflow/example_dags/tutorial_taskflow_templates.py took 0.095 seconds
