[2025-03-25T09:07:43.356+0000] {local_task_job_runner.py:123} INFO - ::group::Pre task execution logs
[2025-03-25T09:07:43.537+0000] {taskinstance.py:2614} INFO - Dependencies all met for dep_context=non-requeueable deps ti=<TaskInstance: daily_weather_etl.run_bbdd_script scheduled__2025-03-24T09:00:00+00:00 [queued]>
[2025-03-25T09:07:43.554+0000] {taskinstance.py:2614} INFO - Dependencies all met for dep_context=requeueable deps ti=<TaskInstance: daily_weather_etl.run_bbdd_script scheduled__2025-03-24T09:00:00+00:00 [queued]>
[2025-03-25T09:07:43.567+0000] {taskinstance.py:2867} INFO - Starting attempt 1 of 2
[2025-03-25T09:07:43.645+0000] {taskinstance.py:2890} INFO - Executing <Task(BashOperator): run_bbdd_script> on 2025-03-24 09:00:00+00:00
[2025-03-25T09:07:43.655+0000] {standard_task_runner.py:72} INFO - Started process 7356 to run task
[2025-03-25T09:07:43.661+0000] {standard_task_runner.py:104} INFO - Running: ['***', 'tasks', 'run', 'daily_weather_etl', 'run_bbdd_script', 'scheduled__2025-03-24T09:00:00+00:00', '--job-id', '56', '--raw', '--subdir', 'DAGS_FOLDER/weather_dag.py', '--cfg-path', '/tmp/tmpdmigarc8']
[2025-03-25T09:07:43.664+0000] {standard_task_runner.py:105} INFO - Job 56: Subtask run_bbdd_script
[2025-03-25T09:07:43.832+0000] {task_command.py:467} INFO - Running <TaskInstance: daily_weather_etl.run_bbdd_script scheduled__2025-03-24T09:00:00+00:00 [running]> on host 3c3c1f66214b
[2025-03-25T09:07:43.952+0000] {taskinstance.py:3134} INFO - Exporting env vars: AIRFLOW_CTX_DAG_OWNER='***' AIRFLOW_CTX_DAG_ID='daily_weather_etl' AIRFLOW_CTX_TASK_ID='run_bbdd_script' AIRFLOW_CTX_EXECUTION_DATE='2025-03-24T09:00:00+00:00' AIRFLOW_CTX_TRY_NUMBER='1' AIRFLOW_CTX_DAG_RUN_ID='scheduled__2025-03-24T09:00:00+00:00'
[2025-03-25T09:07:43.955+0000] {logging_mixin.py:190} INFO - Task instance is in running state
[2025-03-25T09:07:43.957+0000] {logging_mixin.py:190} INFO -  Previous state of the Task instance: queued
[2025-03-25T09:07:43.959+0000] {logging_mixin.py:190} INFO - Current task name:run_bbdd_script state:running start_date:2025-03-25 09:07:43.538994+00:00
[2025-03-25T09:07:43.960+0000] {logging_mixin.py:190} INFO - Dag name:daily_weather_etl and current dag run status:running
[2025-03-25T09:07:43.962+0000] {taskinstance.py:732} INFO - ::endgroup::
[2025-03-25T09:07:43.964+0000] {subprocess.py:78} INFO - Tmp dir root location: /tmp
[2025-03-25T09:07:43.967+0000] {subprocess.py:88} INFO - Running command: ['/usr/bin/bash', '-c', 'python /opt/***/dags/main_bbdd.py']
[2025-03-25T09:07:43.983+0000] {subprocess.py:99} INFO - Output:
[2025-03-25T09:07:47.985+0000] {subprocess.py:106} INFO - 25/03/25 09:07:47 WARN NativeCodeLoader: Unable to load native-hadoop library for your platform... using builtin-java classes where applicable
[2025-03-25T09:07:48.294+0000] {subprocess.py:106} INFO - Setting default log level to "WARN".
[2025-03-25T09:07:48.296+0000] {subprocess.py:106} INFO - To adjust logging level use sc.setLogLevel(newLevel). For SparkR, use setLogLevel(newLevel).
[2025-03-25T09:07:58.678+0000] {subprocess.py:106} INFO - [Stage 0:>                                                          (0 + 1) / 1]                                                                                +-----+----------------+-----------+--------+--------+---------+---------+-----+--------------------+
[2025-03-25T09:07:58.680+0000] {subprocess.py:106} INFO - | city|       localtime|temperature|wind_kph|humidity|feelslike|precip_mm| text|                icon|
[2025-03-25T09:07:58.683+0000] {subprocess.py:106} INFO - +-----+----------------+-----------+--------+--------+---------+---------+-----+--------------------+
[2025-03-25T09:07:58.685+0000] {subprocess.py:106} INFO - |elche|2025-03-25 10:05|       16.2|     3.6|      48|     16.2|      0.0|Sunny|//cdn.weatherapi....|
[2025-03-25T09:07:58.687+0000] {subprocess.py:106} INFO - +-----+----------------+-----------+--------+--------+---------+---------+-----+--------------------+
[2025-03-25T09:07:58.689+0000] {subprocess.py:106} INFO - 
[2025-03-25T09:07:58.690+0000] {subprocess.py:106} INFO - Datos registrados correctamente en la bbdd
[2025-03-25T09:07:59.289+0000] {subprocess.py:110} INFO - Command exited with return code 0
[2025-03-25T09:07:59.379+0000] {taskinstance.py:341} INFO - ::group::Post task execution logs
[2025-03-25T09:07:59.384+0000] {taskinstance.py:353} INFO - Marking task as SUCCESS. dag_id=daily_weather_etl, task_id=run_bbdd_script, run_id=scheduled__2025-03-24T09:00:00+00:00, execution_date=20250324T090000, start_date=20250325T090743, end_date=20250325T090759
[2025-03-25T09:07:59.466+0000] {logging_mixin.py:190} INFO - Task instance in success state
[2025-03-25T09:07:59.470+0000] {logging_mixin.py:190} INFO -  Previous state of the Task instance: running
[2025-03-25T09:07:59.473+0000] {logging_mixin.py:190} INFO - Dag name:daily_weather_etl queued_at:2025-03-25 09:00:01.041028+00:00
[2025-03-25T09:07:59.477+0000] {logging_mixin.py:190} INFO - Task hostname:3c3c1f66214b operator:BashOperator
[2025-03-25T09:07:59.539+0000] {local_task_job_runner.py:266} INFO - Task exited with return code 0
[2025-03-25T09:07:59.605+0000] {taskinstance.py:3901} INFO - 0 downstream tasks scheduled from follow-on schedule check
[2025-03-25T09:07:59.618+0000] {local_task_job_runner.py:245} INFO - ::endgroup::
