[2025-03-27T08:01:22.495+0000] {local_task_job_runner.py:123} INFO - ::group::Pre task execution logs
[2025-03-27T08:01:22.626+0000] {taskinstance.py:2614} INFO - Dependencies all met for dep_context=non-requeueable deps ti=<TaskInstance: daily_weather_etl.run_weather_script manual__2025-03-27T08:01:19.672850+00:00 [queued]>
[2025-03-27T08:01:22.637+0000] {taskinstance.py:2614} INFO - Dependencies all met for dep_context=requeueable deps ti=<TaskInstance: daily_weather_etl.run_weather_script manual__2025-03-27T08:01:19.672850+00:00 [queued]>
[2025-03-27T08:01:22.639+0000] {taskinstance.py:2867} INFO - Starting attempt 1 of 2
[2025-03-27T08:01:22.654+0000] {taskinstance.py:2890} INFO - Executing <Task(BashOperator): run_weather_script> on 2025-03-27 08:01:19.672850+00:00
[2025-03-27T08:01:22.659+0000] {standard_task_runner.py:72} INFO - Started process 55 to run task
[2025-03-27T08:01:22.663+0000] {standard_task_runner.py:104} INFO - Running: ['***', 'tasks', 'run', 'daily_weather_etl', 'run_weather_script', 'manual__2025-03-27T08:01:19.672850+00:00', '--job-id', '98', '--raw', '--subdir', 'DAGS_FOLDER/weather_dag.py', '--cfg-path', '/tmp/tmp9t5dn1cr']
[2025-03-27T08:01:22.665+0000] {standard_task_runner.py:105} INFO - Job 98: Subtask run_weather_script
[2025-03-27T08:01:22.713+0000] {task_command.py:467} INFO - Running <TaskInstance: daily_weather_etl.run_weather_script manual__2025-03-27T08:01:19.672850+00:00 [running]> on host 3c3c1f66214b
[2025-03-27T08:01:22.803+0000] {taskinstance.py:3134} INFO - Exporting env vars: AIRFLOW_CTX_DAG_OWNER='***' AIRFLOW_CTX_DAG_ID='daily_weather_etl' AIRFLOW_CTX_TASK_ID='run_weather_script' AIRFLOW_CTX_EXECUTION_DATE='2025-03-27T08:01:19.672850+00:00' AIRFLOW_CTX_TRY_NUMBER='1' AIRFLOW_CTX_DAG_RUN_ID='manual__2025-03-27T08:01:19.672850+00:00'
[2025-03-27T08:01:22.806+0000] {logging_mixin.py:190} INFO - Task instance is in running state
[2025-03-27T08:01:22.807+0000] {logging_mixin.py:190} INFO -  Previous state of the Task instance: queued
[2025-03-27T08:01:22.808+0000] {logging_mixin.py:190} INFO - Current task name:run_weather_script state:running start_date:2025-03-27 08:01:22.628267+00:00
[2025-03-27T08:01:22.809+0000] {logging_mixin.py:190} INFO - Dag name:daily_weather_etl and current dag run status:running
[2025-03-27T08:01:22.810+0000] {taskinstance.py:732} INFO - ::endgroup::
[2025-03-27T08:01:22.811+0000] {subprocess.py:78} INFO - Tmp dir root location: /tmp
[2025-03-27T08:01:22.812+0000] {subprocess.py:88} INFO - Running command: ['/usr/bin/bash', '-c', 'python /opt/***/dags/main.py']
[2025-03-27T08:01:22.822+0000] {subprocess.py:99} INFO - Output:
[2025-03-27T08:01:26.247+0000] {subprocess.py:106} INFO - 25/03/27 08:01:26 WARN NativeCodeLoader: Unable to load native-hadoop library for your platform... using builtin-java classes where applicable
[2025-03-27T08:01:26.452+0000] {subprocess.py:106} INFO - Setting default log level to "WARN".
[2025-03-27T08:01:26.453+0000] {subprocess.py:106} INFO - To adjust logging level use sc.setLogLevel(newLevel). For SparkR, use setLogLevel(newLevel).
[2025-03-27T08:01:28.882+0000] {subprocess.py:106} INFO - Ciudades encontradas en el bucket:
[2025-03-27T08:01:28.883+0000] {subprocess.py:106} INFO - ['elche', 'san juan de alicante', 'torrevieja']
[2025-03-27T08:01:28.884+0000] {subprocess.py:106} INFO - Error: [CANNOT_CONVERT_COLUMN_INTO_BOOL] Cannot convert column into bool: please use '&' for 'and', '|' for 'or', '~' for 'not' when building DataFrame boolean expressions.
[2025-03-27T08:01:29.360+0000] {subprocess.py:110} INFO - Command exited with return code 0
[2025-03-27T08:01:29.380+0000] {taskinstance.py:341} INFO - ::group::Post task execution logs
[2025-03-27T08:01:29.381+0000] {taskinstance.py:353} INFO - Marking task as SUCCESS. dag_id=daily_weather_etl, task_id=run_weather_script, run_id=manual__2025-03-27T08:01:19.672850+00:00, execution_date=20250327T080119, start_date=20250327T080122, end_date=20250327T080129
[2025-03-27T08:01:29.400+0000] {logging_mixin.py:190} INFO - Task instance in success state
[2025-03-27T08:01:29.401+0000] {logging_mixin.py:190} INFO -  Previous state of the Task instance: running
[2025-03-27T08:01:29.402+0000] {logging_mixin.py:190} INFO - Dag name:daily_weather_etl queued_at:2025-03-27 08:01:19.696703+00:00
[2025-03-27T08:01:29.402+0000] {logging_mixin.py:190} INFO - Task hostname:3c3c1f66214b operator:BashOperator
[2025-03-27T08:01:29.421+0000] {local_task_job_runner.py:266} INFO - Task exited with return code 0
[2025-03-27T08:01:29.447+0000] {taskinstance.py:3901} INFO - 0 downstream tasks scheduled from follow-on schedule check
[2025-03-27T08:01:29.450+0000] {local_task_job_runner.py:245} INFO - ::endgroup::
