[2025-04-09T08:44:49.371+0000] {local_task_job_runner.py:123} INFO - ::group::Pre task execution logs
[2025-04-09T08:44:49.493+0000] {taskinstance.py:2614} INFO - Dependencies all met for dep_context=non-requeueable deps ti=<TaskInstance: daily_weather_etl.run_main_script manual__2025-04-09T08:44:47.008082+00:00 [queued]>
[2025-04-09T08:44:49.504+0000] {taskinstance.py:2614} INFO - Dependencies all met for dep_context=requeueable deps ti=<TaskInstance: daily_weather_etl.run_main_script manual__2025-04-09T08:44:47.008082+00:00 [queued]>
[2025-04-09T08:44:49.507+0000] {taskinstance.py:2867} INFO - Starting attempt 1 of 2
[2025-04-09T08:44:49.521+0000] {taskinstance.py:2890} INFO - Executing <Task(BashOperator): run_main_script> on 2025-04-09 08:44:47.008082+00:00
[2025-04-09T08:44:49.527+0000] {standard_task_runner.py:72} INFO - Started process 9183 to run task
[2025-04-09T08:44:49.531+0000] {standard_task_runner.py:104} INFO - Running: ['***', 'tasks', 'run', 'daily_weather_etl', 'run_main_script', 'manual__2025-04-09T08:44:47.008082+00:00', '--job-id', '256', '--raw', '--subdir', 'DAGS_FOLDER/weather_dag.py', '--cfg-path', '/tmp/tmpqw034vnv']
[2025-04-09T08:44:49.533+0000] {standard_task_runner.py:105} INFO - Job 256: Subtask run_main_script
[2025-04-09T08:44:49.578+0000] {task_command.py:467} INFO - Running <TaskInstance: daily_weather_etl.run_main_script manual__2025-04-09T08:44:47.008082+00:00 [running]> on host 3c3c1f66214b
[2025-04-09T08:44:49.648+0000] {taskinstance.py:3134} INFO - Exporting env vars: AIRFLOW_CTX_DAG_OWNER='***' AIRFLOW_CTX_DAG_ID='daily_weather_etl' AIRFLOW_CTX_TASK_ID='run_main_script' AIRFLOW_CTX_EXECUTION_DATE='2025-04-09T08:44:47.008082+00:00' AIRFLOW_CTX_TRY_NUMBER='1' AIRFLOW_CTX_DAG_RUN_ID='manual__2025-04-09T08:44:47.008082+00:00'
[2025-04-09T08:44:49.650+0000] {logging_mixin.py:190} INFO - Task instance is in running state
[2025-04-09T08:44:49.651+0000] {logging_mixin.py:190} INFO -  Previous state of the Task instance: queued
[2025-04-09T08:44:49.652+0000] {logging_mixin.py:190} INFO - Current task name:run_main_script state:running start_date:2025-04-09 08:44:49.494580+00:00
[2025-04-09T08:44:49.653+0000] {logging_mixin.py:190} INFO - Dag name:daily_weather_etl and current dag run status:running
[2025-04-09T08:44:49.653+0000] {taskinstance.py:732} INFO - ::endgroup::
[2025-04-09T08:44:49.654+0000] {subprocess.py:78} INFO - Tmp dir root location: /tmp
[2025-04-09T08:44:49.655+0000] {subprocess.py:88} INFO - Running command: ['/usr/bin/bash', '-c', 'python /opt/***/dags/main.py']
[2025-04-09T08:44:49.665+0000] {subprocess.py:99} INFO - Output:
[2025-04-09T08:44:52.126+0000] {subprocess.py:106} INFO - 25/04/09 08:44:52 WARN NativeCodeLoader: Unable to load native-hadoop library for your platform... using builtin-java classes where applicable
[2025-04-09T08:44:52.296+0000] {subprocess.py:106} INFO - Setting default log level to "WARN".
[2025-04-09T08:44:52.299+0000] {subprocess.py:106} INFO - To adjust logging level use sc.setLogLevel(newLevel). For SparkR, use setLogLevel(newLevel).
[2025-04-09T08:44:53.947+0000] {subprocess.py:106} INFO - Ciudades registradas:
[2025-04-09T08:44:54.453+0000] {subprocess.py:110} INFO - Command exited with return code 0
[2025-04-09T08:44:54.474+0000] {taskinstance.py:341} INFO - ::group::Post task execution logs
[2025-04-09T08:44:54.475+0000] {taskinstance.py:353} INFO - Marking task as SUCCESS. dag_id=daily_weather_etl, task_id=run_main_script, run_id=manual__2025-04-09T08:44:47.008082+00:00, execution_date=20250409T084447, start_date=20250409T084449, end_date=20250409T084454
[2025-04-09T08:44:54.494+0000] {logging_mixin.py:190} INFO - Task instance in success state
[2025-04-09T08:44:54.495+0000] {logging_mixin.py:190} INFO -  Previous state of the Task instance: running
[2025-04-09T08:44:54.496+0000] {logging_mixin.py:190} INFO - Dag name:daily_weather_etl queued_at:2025-04-09 08:44:47.022169+00:00
[2025-04-09T08:44:54.497+0000] {logging_mixin.py:190} INFO - Task hostname:3c3c1f66214b operator:BashOperator
[2025-04-09T08:44:54.522+0000] {local_task_job_runner.py:266} INFO - Task exited with return code 0
[2025-04-09T08:44:54.536+0000] {standard_task_runner.py:217} INFO - Process not found (most likely exited), stop collecting metrics
[2025-04-09T08:44:54.551+0000] {taskinstance.py:3901} INFO - 1 downstream tasks scheduled from follow-on schedule check
[2025-04-09T08:44:54.553+0000] {local_task_job_runner.py:245} INFO - ::endgroup::
