[2025-03-30T21:22:05.863+0000] {local_task_job_runner.py:123} INFO - ::group::Pre task execution logs
[2025-03-30T21:22:05.982+0000] {taskinstance.py:2614} INFO - Dependencies all met for dep_context=non-requeueable deps ti=<TaskInstance: daily_weather_etl.run_main_script manual__2025-03-30T21:22:03.717388+00:00 [queued]>
[2025-03-30T21:22:05.991+0000] {taskinstance.py:2614} INFO - Dependencies all met for dep_context=requeueable deps ti=<TaskInstance: daily_weather_etl.run_main_script manual__2025-03-30T21:22:03.717388+00:00 [queued]>
[2025-03-30T21:22:05.994+0000] {taskinstance.py:2867} INFO - Starting attempt 1 of 2
[2025-03-30T21:22:06.008+0000] {taskinstance.py:2890} INFO - Executing <Task(BashOperator): run_main_script> on 2025-03-30 21:22:03.717388+00:00
[2025-03-30T21:22:06.013+0000] {standard_task_runner.py:72} INFO - Started process 242 to run task
[2025-03-30T21:22:06.016+0000] {standard_task_runner.py:104} INFO - Running: ['***', 'tasks', 'run', 'daily_weather_etl', 'run_main_script', 'manual__2025-03-30T21:22:03.717388+00:00', '--job-id', '153', '--raw', '--subdir', 'DAGS_FOLDER/weather_dag.py', '--cfg-path', '/tmp/tmp_akwysjc']
[2025-03-30T21:22:06.018+0000] {standard_task_runner.py:105} INFO - Job 153: Subtask run_main_script
[2025-03-30T21:22:06.059+0000] {task_command.py:467} INFO - Running <TaskInstance: daily_weather_etl.run_main_script manual__2025-03-30T21:22:03.717388+00:00 [running]> on host 3c3c1f66214b
[2025-03-30T21:22:06.125+0000] {taskinstance.py:3134} INFO - Exporting env vars: AIRFLOW_CTX_DAG_OWNER='***' AIRFLOW_CTX_DAG_ID='daily_weather_etl' AIRFLOW_CTX_TASK_ID='run_main_script' AIRFLOW_CTX_EXECUTION_DATE='2025-03-30T21:22:03.717388+00:00' AIRFLOW_CTX_TRY_NUMBER='1' AIRFLOW_CTX_DAG_RUN_ID='manual__2025-03-30T21:22:03.717388+00:00'
[2025-03-30T21:22:06.128+0000] {logging_mixin.py:190} INFO - Task instance is in running state
[2025-03-30T21:22:06.129+0000] {logging_mixin.py:190} INFO -  Previous state of the Task instance: queued
[2025-03-30T21:22:06.130+0000] {logging_mixin.py:190} INFO - Current task name:run_main_script state:running start_date:2025-03-30 21:22:05.983652+00:00
[2025-03-30T21:22:06.131+0000] {logging_mixin.py:190} INFO - Dag name:daily_weather_etl and current dag run status:running
[2025-03-30T21:22:06.131+0000] {taskinstance.py:732} INFO - ::endgroup::
[2025-03-30T21:22:06.132+0000] {subprocess.py:78} INFO - Tmp dir root location: /tmp
[2025-03-30T21:22:06.133+0000] {subprocess.py:88} INFO - Running command: ['/usr/bin/bash', '-c', 'python /opt/***/dags/main.py']
[2025-03-30T21:22:06.141+0000] {subprocess.py:99} INFO - Output:
[2025-03-30T21:22:08.434+0000] {subprocess.py:106} INFO - 25/03/30 21:22:08 WARN NativeCodeLoader: Unable to load native-hadoop library for your platform... using builtin-java classes where applicable
[2025-03-30T21:22:08.587+0000] {subprocess.py:106} INFO - Setting default log level to "WARN".
[2025-03-30T21:22:08.588+0000] {subprocess.py:106} INFO - To adjust logging level use sc.setLogLevel(newLevel). For SparkR, use setLogLevel(newLevel).
[2025-03-30T21:22:20.331+0000] {subprocess.py:106} INFO - [Stage 0:>                                                          (0 + 8) / 8]                                                                                Ciudades registradas:
[2025-03-30T21:22:20.332+0000] {subprocess.py:106} INFO - Vamos a crear un histórico de valencia
[2025-03-30T21:22:20.334+0000] {subprocess.py:106} INFO - +--------+----------+-----+-----------+--------+--------+---------+---------+-------------+----------------------------------------------+
[2025-03-30T21:22:20.335+0000] {subprocess.py:106} INFO - |city    |date      |time |temperature|wind_kph|humidity|feelslike|precip_mm|text         |icon                                          |
[2025-03-30T21:22:20.336+0000] {subprocess.py:106} INFO - +--------+----------+-----+-----------+--------+--------+---------+---------+-------------+----------------------------------------------+
[2025-03-30T21:22:20.337+0000] {subprocess.py:106} INFO - |valencia|2021-01-01|04:00|7.1        |5.4     |77      |7.1      |0.0      |Partly Cloudy|//cdn.weatherapi.com/weather/64x64/day/116.png|
[2025-03-30T21:22:20.338+0000] {subprocess.py:106} INFO - |valencia|2021-01-01|09:00|7.4        |15.6    |73      |7.4      |0.3      |Light Drizzle|//cdn.weatherapi.com/weather/64x64/day/176.png|
[2025-03-30T21:22:20.340+0000] {subprocess.py:106} INFO - |valencia|2021-01-01|15:00|12.1       |15.4    |42      |12.1     |0.0      |Partly Cloudy|//cdn.weatherapi.com/weather/64x64/day/116.png|
[2025-03-30T21:22:20.341+0000] {subprocess.py:106} INFO - |valencia|2021-01-01|22:00|8.1        |19.7    |50      |8.1      |0.0      |Sunny        |//cdn.weatherapi.com/weather/64x64/day/113.png|
[2025-03-30T21:22:20.342+0000] {subprocess.py:106} INFO - |valencia|2021-01-02|04:00|5.7        |14.8    |55      |5.7      |0.0      |Sunny        |//cdn.weatherapi.com/weather/64x64/day/113.png|
[2025-03-30T21:22:20.343+0000] {subprocess.py:106} INFO - |valencia|2021-01-02|09:00|4.7        |19.2    |42      |4.7      |0.0      |Sunny        |//cdn.weatherapi.com/weather/64x64/day/113.png|
[2025-03-30T21:22:20.344+0000] {subprocess.py:106} INFO - |valencia|2021-01-02|15:00|11.0       |18.2    |33      |11.0     |0.0      |Partly Cloudy|//cdn.weatherapi.com/weather/64x64/day/116.png|
[2025-03-30T21:22:20.345+0000] {subprocess.py:106} INFO - |valencia|2021-01-02|22:00|6.4        |14.8    |34      |6.4      |0.0      |Cloudy       |//cdn.weatherapi.com/weather/64x64/day/119.png|
[2025-03-30T21:22:20.346+0000] {subprocess.py:106} INFO - |valencia|2021-01-03|04:00|5.3        |12.0    |50      |5.3      |0.0      |Sunny        |//cdn.weatherapi.com/weather/64x64/day/113.png|
[2025-03-30T21:22:20.346+0000] {subprocess.py:106} INFO - |valencia|2021-01-03|09:00|3.9        |11.4    |48      |3.9      |0.0      |Sunny        |//cdn.weatherapi.com/weather/64x64/day/113.png|
[2025-03-30T21:22:20.347+0000] {subprocess.py:106} INFO - |valencia|2021-01-03|15:00|12.5       |18.0    |31      |12.5     |0.0      |Sunny        |//cdn.weatherapi.com/weather/64x64/day/113.png|
[2025-03-30T21:22:20.348+0000] {subprocess.py:106} INFO - |valencia|2021-01-03|22:00|7.4        |15.0    |46      |7.4      |0.0      |Sunny        |//cdn.weatherapi.com/weather/64x64/day/113.png|
[2025-03-30T21:22:20.349+0000] {subprocess.py:106} INFO - |valencia|2021-01-04|04:00|5.9        |14.4    |56      |5.9      |0.0      |Sunny        |//cdn.weatherapi.com/weather/64x64/day/113.png|
[2025-03-30T21:22:20.350+0000] {subprocess.py:106} INFO - |valencia|2021-01-04|09:00|4.9        |13.6    |66      |4.9      |0.0      |Sunny        |//cdn.weatherapi.com/weather/64x64/day/113.png|
[2025-03-30T21:22:20.351+0000] {subprocess.py:106} INFO - |valencia|2021-01-04|15:00|11.9       |19.8    |34      |11.9     |0.0      |Sunny        |//cdn.weatherapi.com/weather/64x64/day/113.png|
[2025-03-30T21:22:20.352+0000] {subprocess.py:106} INFO - |valencia|2021-01-04|22:00|6.0        |13.7    |55      |6.0      |0.0      |Sunny        |//cdn.weatherapi.com/weather/64x64/day/113.png|
[2025-03-30T21:22:20.353+0000] {subprocess.py:106} INFO - |valencia|2021-01-05|04:00|3.8        |13.1    |60      |3.8      |0.0      |Sunny        |//cdn.weatherapi.com/weather/64x64/day/113.png|
[2025-03-30T21:22:20.354+0000] {subprocess.py:106} INFO - |valencia|2021-01-05|09:00|1.1        |9.0     |67      |1.1      |0.0      |Sunny        |//cdn.weatherapi.com/weather/64x64/day/113.png|
[2025-03-30T21:22:20.357+0000] {subprocess.py:106} INFO - |valencia|2021-01-05|15:00|11.1       |5.6     |37      |11.1     |0.0      |Sunny        |//cdn.weatherapi.com/weather/64x64/day/113.png|
[2025-03-30T21:22:20.358+0000] {subprocess.py:106} INFO - |valencia|2021-01-05|22:00|3.8        |6.5     |71      |3.8      |0.0      |Sunny        |//cdn.weatherapi.com/weather/64x64/day/113.png|
[2025-03-30T21:22:20.360+0000] {subprocess.py:106} INFO - +--------+----------+-----+-----------+--------+--------+---------+---------+-------------+----------------------------------------------+
[2025-03-30T21:22:20.361+0000] {subprocess.py:106} INFO - only showing top 20 rows
[2025-03-30T21:22:20.362+0000] {subprocess.py:106} INFO - 
[2025-03-30T21:22:20.363+0000] {subprocess.py:106} INFO - Error: [UNRESOLVED_COLUMN.WITH_SUGGESTION] A column or function parameter with name `local_time` cannot be resolved. Did you mean one of the following? [`time`, `city`, `date`, `feelslike`, `icon`].;
[2025-03-30T21:22:20.365+0000] {subprocess.py:106} INFO - 'Project [lower(city#14) AS lower(city)#110, 'local_time]
[2025-03-30T21:22:20.366+0000] {subprocess.py:106} INFO - +- Sort [date#0 ASC NULLS FIRST], true
[2025-03-30T21:22:20.368+0000] {subprocess.py:106} INFO -    +- Project [city#14, date#0, time#5, temperature#4, wind_kph#6, humidity#1L, feelslike#23, precip_mm#3, text#34, icon#46]
[2025-03-30T21:22:20.369+0000] {subprocess.py:106} INFO -       +- Project [date#0, humidity#1L, map_to_icon_url(icon#2L)#45 AS icon#46, precip_mm#3, temperature#4, time#5, wind_kph#6, city#14, feelslike#23, text#34]
[2025-03-30T21:22:20.370+0000] {subprocess.py:106} INFO -          +- Project [date#0, humidity#1L, icon#2L, precip_mm#3, temperature#4, time#5, wind_kph#6, city#14, feelslike#23, map_to_description(icon#2L)#33 AS text#34]
[2025-03-30T21:22:20.371+0000] {subprocess.py:106} INFO -             +- Project [date#0, humidity#1L, icon#2L, precip_mm#3, temperature#4, time#5, wind_kph#6, city#14, temperature#4 AS feelslike#23]
[2025-03-30T21:22:20.373+0000] {subprocess.py:106} INFO -                +- Project [date#0, humidity#1L, icon#2L, precip_mm#3, temperature#4, time#5, wind_kph#6, valencia AS city#14]
[2025-03-30T21:22:20.374+0000] {subprocess.py:106} INFO -                   +- Filter time#5 IN (04:00,09:00,15:00,22:00)
[2025-03-30T21:22:20.375+0000] {subprocess.py:106} INFO -                      +- LogicalRDD [date#0, humidity#1L, icon#2L, precip_mm#3, temperature#4, time#5, wind_kph#6], false
[2025-03-30T21:22:20.376+0000] {subprocess.py:106} INFO - 
[2025-03-30T21:22:20.877+0000] {subprocess.py:110} INFO - Command exited with return code 0
[2025-03-30T21:22:20.899+0000] {taskinstance.py:341} INFO - ::group::Post task execution logs
[2025-03-30T21:22:20.901+0000] {taskinstance.py:353} INFO - Marking task as SUCCESS. dag_id=daily_weather_etl, task_id=run_main_script, run_id=manual__2025-03-30T21:22:03.717388+00:00, execution_date=20250330T212203, start_date=20250330T212205, end_date=20250330T212220
[2025-03-30T21:22:20.924+0000] {logging_mixin.py:190} INFO - Task instance in success state
[2025-03-30T21:22:20.925+0000] {logging_mixin.py:190} INFO -  Previous state of the Task instance: running
[2025-03-30T21:22:20.926+0000] {logging_mixin.py:190} INFO - Dag name:daily_weather_etl queued_at:2025-03-30 21:22:03.726543+00:00
[2025-03-30T21:22:20.927+0000] {logging_mixin.py:190} INFO - Task hostname:3c3c1f66214b operator:BashOperator
[2025-03-30T21:22:20.974+0000] {local_task_job_runner.py:266} INFO - Task exited with return code 0
[2025-03-30T21:22:20.991+0000] {taskinstance.py:3901} INFO - 0 downstream tasks scheduled from follow-on schedule check
[2025-03-30T21:22:20.993+0000] {local_task_job_runner.py:245} INFO - ::endgroup::
