[2025-04-09T07:00:24.149+0000] {local_task_job_runner.py:123} INFO - ::group::Pre task execution logs
[2025-04-09T07:00:24.320+0000] {taskinstance.py:2614} INFO - Dependencies all met for dep_context=non-requeueable deps ti=<TaskInstance: daily_weather_etl.run_minio_script scheduled__2025-04-08T07:00:00+00:00 [queued]>
[2025-04-09T07:00:24.339+0000] {taskinstance.py:2614} INFO - Dependencies all met for dep_context=requeueable deps ti=<TaskInstance: daily_weather_etl.run_minio_script scheduled__2025-04-08T07:00:00+00:00 [queued]>
[2025-04-09T07:00:24.343+0000] {taskinstance.py:2867} INFO - Starting attempt 1 of 2
[2025-04-09T07:00:24.368+0000] {taskinstance.py:2890} INFO - Executing <Task(BashOperator): run_minio_script> on 2025-04-08 07:00:00+00:00
[2025-04-09T07:00:24.376+0000] {standard_task_runner.py:72} INFO - Started process 218 to run task
[2025-04-09T07:00:24.382+0000] {standard_task_runner.py:104} INFO - Running: ['***', 'tasks', 'run', 'daily_weather_etl', 'run_minio_script', 'scheduled__2025-04-08T07:00:00+00:00', '--job-id', '248', '--raw', '--subdir', 'DAGS_FOLDER/weather_dag.py', '--cfg-path', '/tmp/tmpnesz73_o']
[2025-04-09T07:00:24.386+0000] {standard_task_runner.py:105} INFO - Job 248: Subtask run_minio_script
[2025-04-09T07:00:24.476+0000] {task_command.py:467} INFO - Running <TaskInstance: daily_weather_etl.run_minio_script scheduled__2025-04-08T07:00:00+00:00 [running]> on host 3c3c1f66214b
[2025-04-09T07:00:24.656+0000] {taskinstance.py:3134} INFO - Exporting env vars: AIRFLOW_CTX_DAG_OWNER='***' AIRFLOW_CTX_DAG_ID='daily_weather_etl' AIRFLOW_CTX_TASK_ID='run_minio_script' AIRFLOW_CTX_EXECUTION_DATE='2025-04-08T07:00:00+00:00' AIRFLOW_CTX_TRY_NUMBER='1' AIRFLOW_CTX_DAG_RUN_ID='scheduled__2025-04-08T07:00:00+00:00'
[2025-04-09T07:00:24.661+0000] {logging_mixin.py:190} INFO - Task instance is in running state
[2025-04-09T07:00:24.663+0000] {logging_mixin.py:190} INFO -  Previous state of the Task instance: queued
[2025-04-09T07:00:24.665+0000] {logging_mixin.py:190} INFO - Current task name:run_minio_script state:running start_date:2025-04-09 07:00:24.322684+00:00
[2025-04-09T07:00:24.667+0000] {logging_mixin.py:190} INFO - Dag name:daily_weather_etl and current dag run status:running
[2025-04-09T07:00:24.670+0000] {taskinstance.py:732} INFO - ::endgroup::
[2025-04-09T07:00:24.673+0000] {subprocess.py:78} INFO - Tmp dir root location: /tmp
[2025-04-09T07:00:24.676+0000] {subprocess.py:88} INFO - Running command: ['/usr/bin/bash', '-c', 'python /opt/***/dags/minio.py']
[2025-04-09T07:00:24.699+0000] {subprocess.py:99} INFO - Output:
[2025-04-09T07:00:29.685+0000] {subprocess.py:106} INFO - Setting default log level to "WARN".
[2025-04-09T07:00:29.687+0000] {subprocess.py:106} INFO - To adjust logging level use sc.setLogLevel(newLevel). For SparkR, use setLogLevel(newLevel).
[2025-04-09T07:00:29.971+0000] {subprocess.py:106} INFO - 25/04/09 07:00:29 WARN NativeCodeLoader: Unable to load native-hadoop library for your platform... using builtin-java classes where applicable
[2025-04-09T07:00:54.666+0000] {subprocess.py:106} INFO - [Stage 0:>                                                          (0 + 8) / 8]                                                                                +-----+----------+-----+-----------+--------+--------+---------+---------+------------+----------------------------------------------+
[2025-04-09T07:00:54.668+0000] {subprocess.py:106} INFO - |city |date      |time |temperature|wind_kph|humidity|feelslike|precip_mm|text        |icon                                          |
[2025-04-09T07:00:54.670+0000] {subprocess.py:106} INFO - +-----+----------+-----+-----------+--------+--------+---------+---------+------------+----------------------------------------------+
[2025-04-09T07:00:54.672+0000] {subprocess.py:106} INFO - |elche|2025-04-07|09:00|16.4       |12.1    |51      |16.4     |0.0      |Sunny       |//cdn.weatherapi.com/weather/64x64/day/113.png|
[2025-04-09T07:00:54.675+0000] {subprocess.py:106} INFO - |elche|2025-04-07|15:00|26.2       |12.9    |26      |26.2     |0.0      |Sunny       |//cdn.weatherapi.com/weather/64x64/day/113.png|
[2025-04-09T07:00:54.677+0000] {subprocess.py:106} INFO - |elche|2025-04-07|22:00|17.8       |0.8     |54      |17.8     |0.0      |Sunny       |//cdn.weatherapi.com/weather/64x64/day/113.png|
[2025-04-09T07:00:54.680+0000] {subprocess.py:106} INFO - |elche|2025-04-07|04:00|15.6       |11.2    |51      |15.6     |0.0      |Mostly Clear|//cdn.weatherapi.com/weather/64x64/day/116.png|
[2025-04-09T07:00:54.682+0000] {subprocess.py:106} INFO - +-----+----------+-----+-----------+--------+--------+---------+---------+------------+----------------------------------------------+
[2025-04-09T07:00:54.684+0000] {subprocess.py:106} INFO - 
[2025-04-09T07:00:54.686+0000] {subprocess.py:106} INFO - +------+----------+-----+-----------+--------+--------+---------+---------+-----+----------------------------------------------+
[2025-04-09T07:00:54.688+0000] {subprocess.py:106} INFO - |city  |date      |time |temperature|wind_kph|humidity|feelslike|precip_mm|text |icon                                          |
[2025-04-09T07:00:54.690+0000] {subprocess.py:106} INFO - +------+----------+-----+-----------+--------+--------+---------+---------+-----+----------------------------------------------+
[2025-04-09T07:00:54.692+0000] {subprocess.py:106} INFO - |madrid|2025-04-07|09:00|8.1        |6.2     |87      |8.1      |0.0      |Sunny|//cdn.weatherapi.com/weather/64x64/day/113.png|
[2025-04-09T07:00:54.695+0000] {subprocess.py:106} INFO - |madrid|2025-04-07|04:00|9.0        |2.0     |86      |9.0      |0.0      |Sunny|//cdn.weatherapi.com/weather/64x64/day/113.png|
[2025-04-09T07:00:54.697+0000] {subprocess.py:106} INFO - |madrid|2025-04-07|15:00|19.7       |2.2     |46      |19.7     |0.0      |Sunny|//cdn.weatherapi.com/weather/64x64/day/113.png|
[2025-04-09T07:00:54.699+0000] {subprocess.py:106} INFO - |madrid|2025-04-07|22:00|15.0       |4.1     |72      |15.0     |0.0      |Sunny|//cdn.weatherapi.com/weather/64x64/day/113.png|
[2025-04-09T07:00:54.701+0000] {subprocess.py:106} INFO - +------+----------+-----+-----------+--------+--------+---------+---------+-----+----------------------------------------------+
[2025-04-09T07:00:54.703+0000] {subprocess.py:106} INFO - 
[2025-04-09T07:00:54.705+0000] {subprocess.py:106} INFO - +--------------------+----------+-----+-----------+--------+--------+---------+---------+------------+----------------------------------------------+
[2025-04-09T07:00:54.707+0000] {subprocess.py:106} INFO - |city                |date      |time |temperature|wind_kph|humidity|feelslike|precip_mm|text        |icon                                          |
[2025-04-09T07:00:54.709+0000] {subprocess.py:106} INFO - +--------------------+----------+-----+-----------+--------+--------+---------+---------+------------+----------------------------------------------+
[2025-04-09T07:00:54.712+0000] {subprocess.py:106} INFO - |san juan de alicante|2025-04-07|04:00|13.5       |7.4     |61      |13.5     |0.0      |Sunny       |//cdn.weatherapi.com/weather/64x64/day/113.png|
[2025-04-09T07:00:54.714+0000] {subprocess.py:106} INFO - |san juan de alicante|2025-04-07|15:00|23.7       |11.2    |33      |23.7     |0.0      |Mostly Clear|//cdn.weatherapi.com/weather/64x64/day/116.png|
[2025-04-09T07:00:54.716+0000] {subprocess.py:106} INFO - |san juan de alicante|2025-04-07|22:00|17.7       |1.5     |57      |17.7     |0.0      |Sunny       |//cdn.weatherapi.com/weather/64x64/day/113.png|
[2025-04-09T07:00:54.718+0000] {subprocess.py:106} INFO - |san juan de alicante|2025-04-07|09:00|15.8       |2.7     |53      |15.8     |0.0      |Sunny       |//cdn.weatherapi.com/weather/64x64/day/113.png|
[2025-04-09T07:00:54.720+0000] {subprocess.py:106} INFO - +--------------------+----------+-----+-----------+--------+--------+---------+---------+------------+----------------------------------------------+
[2025-04-09T07:00:54.722+0000] {subprocess.py:106} INFO - 
[2025-04-09T07:00:54.724+0000] {subprocess.py:106} INFO - +----------+----------+-----+-----------+--------+--------+---------+---------+-----+----------------------------------------------+
[2025-04-09T07:00:54.726+0000] {subprocess.py:106} INFO - |city      |date      |time |temperature|wind_kph|humidity|feelslike|precip_mm|text |icon                                          |
[2025-04-09T07:00:54.728+0000] {subprocess.py:106} INFO - +----------+----------+-----+-----------+--------+--------+---------+---------+-----+----------------------------------------------+
[2025-04-09T07:00:54.730+0000] {subprocess.py:106} INFO - |torrevieja|2025-04-07|15:00|22.1       |10.0    |53      |22.1     |0.0      |Sunny|//cdn.weatherapi.com/weather/64x64/day/113.png|
[2025-04-09T07:00:54.732+0000] {subprocess.py:106} INFO - |torrevieja|2025-04-07|22:00|15.9       |0.6     |85      |15.9     |0.0      |Sunny|//cdn.weatherapi.com/weather/64x64/day/113.png|
[2025-04-09T07:00:54.734+0000] {subprocess.py:106} INFO - |torrevieja|2025-04-07|09:00|15.6       |15.3    |61      |15.6     |0.0      |Sunny|//cdn.weatherapi.com/weather/64x64/day/113.png|
[2025-04-09T07:00:54.736+0000] {subprocess.py:106} INFO - |torrevieja|2025-04-07|04:00|15.6       |13.4    |62      |15.6     |0.0      |Sunny|//cdn.weatherapi.com/weather/64x64/day/113.png|
[2025-04-09T07:00:54.738+0000] {subprocess.py:106} INFO - +----------+----------+-----+-----------+--------+--------+---------+---------+-----+----------------------------------------------+
[2025-04-09T07:00:54.740+0000] {subprocess.py:106} INFO - 
[2025-04-09T07:00:54.742+0000] {subprocess.py:106} INFO - +--------+----------+-----+-----------+--------+--------+---------+---------+-----+----------------------------------------------+
[2025-04-09T07:00:54.744+0000] {subprocess.py:106} INFO - |city    |date      |time |temperature|wind_kph|humidity|feelslike|precip_mm|text |icon                                          |
[2025-04-09T07:00:54.746+0000] {subprocess.py:106} INFO - +--------+----------+-----+-----------+--------+--------+---------+---------+-----+----------------------------------------------+
[2025-04-09T07:00:54.747+0000] {subprocess.py:106} INFO - |valencia|2025-04-07|04:00|14.1       |9.6     |70      |14.1     |0.0      |Sunny|//cdn.weatherapi.com/weather/64x64/day/113.png|
[2025-04-09T07:00:54.750+0000] {subprocess.py:106} INFO - |valencia|2025-04-07|22:00|17.1       |5.4     |69      |17.1     |0.0      |Sunny|//cdn.weatherapi.com/weather/64x64/day/113.png|
[2025-04-09T07:00:54.752+0000] {subprocess.py:106} INFO - |valencia|2025-04-07|09:00|14.1       |8.8     |66      |14.1     |0.0      |Sunny|//cdn.weatherapi.com/weather/64x64/day/113.png|
[2025-04-09T07:00:54.754+0000] {subprocess.py:106} INFO - |valencia|2025-04-07|15:00|22.6       |13.2    |37      |22.6     |0.0      |Sunny|//cdn.weatherapi.com/weather/64x64/day/113.png|
[2025-04-09T07:00:54.756+0000] {subprocess.py:106} INFO - +--------+----------+-----+-----------+--------+--------+---------+---------+-----+----------------------------------------------+
[2025-04-09T07:00:54.758+0000] {subprocess.py:106} INFO - 
[2025-04-09T07:01:02.387+0000] {subprocess.py:106} INFO - [Stage 58:>                                                         (0 + 1) / 1]                                                                                +--------------------+----------+-----+-----------+--------+--------+---------+---------+------------+--------------------+
[2025-04-09T07:01:02.389+0000] {subprocess.py:106} INFO - |                city|      date| time|temperature|wind_kph|humidity|feelslike|precip_mm|        text|                icon|
[2025-04-09T07:01:02.392+0000] {subprocess.py:106} INFO - +--------------------+----------+-----+-----------+--------+--------+---------+---------+------------+--------------------+
[2025-04-09T07:01:02.394+0000] {subprocess.py:106} INFO - |               elche|2025-04-07|04:00|       15.6|    11.2|      51|     15.6|      0.0|Mostly Clear|//cdn.weatherapi....|
[2025-04-09T07:01:02.396+0000] {subprocess.py:106} INFO - |               elche|2025-04-07|09:00|       16.4|    12.1|      51|     16.4|      0.0|       Sunny|//cdn.weatherapi....|
[2025-04-09T07:01:02.398+0000] {subprocess.py:106} INFO - |               elche|2025-04-07|15:00|       26.2|    12.9|      26|     26.2|      0.0|       Sunny|//cdn.weatherapi....|
[2025-04-09T07:01:02.400+0000] {subprocess.py:106} INFO - |               elche|2025-04-07|22:00|       17.8|     0.8|      54|     17.8|      0.0|       Sunny|//cdn.weatherapi....|
[2025-04-09T07:01:02.402+0000] {subprocess.py:106} INFO - |              madrid|2025-04-07|04:00|        9.0|     2.0|      86|      9.0|      0.0|       Sunny|//cdn.weatherapi....|
[2025-04-09T07:01:02.404+0000] {subprocess.py:106} INFO - |              madrid|2025-04-07|09:00|        8.1|     6.2|      87|      8.1|      0.0|       Sunny|//cdn.weatherapi....|
[2025-04-09T07:01:02.406+0000] {subprocess.py:106} INFO - |              madrid|2025-04-07|15:00|       19.7|     2.2|      46|     19.7|      0.0|       Sunny|//cdn.weatherapi....|
[2025-04-09T07:01:02.409+0000] {subprocess.py:106} INFO - |              madrid|2025-04-07|22:00|       15.0|     4.1|      72|     15.0|      0.0|       Sunny|//cdn.weatherapi....|
[2025-04-09T07:01:02.411+0000] {subprocess.py:106} INFO - |san juan de alicante|2025-04-07|04:00|       13.5|     7.4|      61|     13.5|      0.0|       Sunny|//cdn.weatherapi....|
[2025-04-09T07:01:02.414+0000] {subprocess.py:106} INFO - |san juan de alicante|2025-04-07|09:00|       15.8|     2.7|      53|     15.8|      0.0|       Sunny|//cdn.weatherapi....|
[2025-04-09T07:01:02.416+0000] {subprocess.py:106} INFO - |san juan de alicante|2025-04-07|15:00|       23.7|    11.2|      33|     23.7|      0.0|Mostly Clear|//cdn.weatherapi....|
[2025-04-09T07:01:02.419+0000] {subprocess.py:106} INFO - |san juan de alicante|2025-04-07|22:00|       17.7|     1.5|      57|     17.7|      0.0|       Sunny|//cdn.weatherapi....|
[2025-04-09T07:01:02.421+0000] {subprocess.py:106} INFO - |          torrevieja|2025-04-07|04:00|       15.6|    13.4|      62|     15.6|      0.0|       Sunny|//cdn.weatherapi....|
[2025-04-09T07:01:02.424+0000] {subprocess.py:106} INFO - |          torrevieja|2025-04-07|09:00|       15.6|    15.3|      61|     15.6|      0.0|       Sunny|//cdn.weatherapi....|
[2025-04-09T07:01:02.426+0000] {subprocess.py:106} INFO - |          torrevieja|2025-04-07|15:00|       22.1|    10.0|      53|     22.1|      0.0|       Sunny|//cdn.weatherapi....|
[2025-04-09T07:01:02.430+0000] {subprocess.py:106} INFO - |          torrevieja|2025-04-07|22:00|       15.9|     0.6|      85|     15.9|      0.0|       Sunny|//cdn.weatherapi....|
[2025-04-09T07:01:02.434+0000] {subprocess.py:106} INFO - |            valencia|2025-04-07|04:00|       14.1|     9.6|      70|     14.1|      0.0|       Sunny|//cdn.weatherapi....|
[2025-04-09T07:01:02.441+0000] {subprocess.py:106} INFO - |            valencia|2025-04-07|09:00|       14.1|     8.8|      66|     14.1|      0.0|       Sunny|//cdn.weatherapi....|
[2025-04-09T07:01:02.443+0000] {subprocess.py:106} INFO - |            valencia|2025-04-07|15:00|       22.6|    13.2|      37|     22.6|      0.0|       Sunny|//cdn.weatherapi....|
[2025-04-09T07:01:02.445+0000] {subprocess.py:106} INFO - |            valencia|2025-04-07|22:00|       17.1|     5.4|      69|     17.1|      0.0|       Sunny|//cdn.weatherapi....|
[2025-04-09T07:01:02.447+0000] {subprocess.py:106} INFO - +--------------------+----------+-----+-----------+--------+--------+---------+---------+------------+--------------------+
[2025-04-09T07:01:02.448+0000] {subprocess.py:106} INFO - 
[2025-04-09T07:01:02.450+0000] {subprocess.py:106} INFO - Nombre de la carpeta: 2025-04-07
[2025-04-09T07:01:02.452+0000] {subprocess.py:106} INFO - Archivo Parquet generado: /tmp/tmp1k5lg8df/2025-04-07/part-00000-a98e1ae5-e331-4c9e-8186-69bf3dc7e288-c000.snappy.parquet
[2025-04-09T07:01:02.454+0000] {subprocess.py:106} INFO - Archivo subido correctamente a MinIO en: 2025-04-07/2025-04-07.parquet
[2025-04-09T07:01:03.095+0000] {subprocess.py:110} INFO - Command exited with return code 0
[2025-04-09T07:01:03.141+0000] {taskinstance.py:341} INFO - ::group::Post task execution logs
[2025-04-09T07:01:03.144+0000] {taskinstance.py:353} INFO - Marking task as SUCCESS. dag_id=daily_weather_etl, task_id=run_minio_script, run_id=scheduled__2025-04-08T07:00:00+00:00, execution_date=20250408T070000, start_date=20250409T070024, end_date=20250409T070103
[2025-04-09T07:01:03.188+0000] {logging_mixin.py:190} INFO - Task instance in success state
[2025-04-09T07:01:03.190+0000] {logging_mixin.py:190} INFO -  Previous state of the Task instance: running
[2025-04-09T07:01:03.191+0000] {logging_mixin.py:190} INFO - Dag name:daily_weather_etl queued_at:2025-04-09 07:00:01.339069+00:00
[2025-04-09T07:01:03.193+0000] {logging_mixin.py:190} INFO - Task hostname:3c3c1f66214b operator:BashOperator
[2025-04-09T07:01:03.216+0000] {local_task_job_runner.py:266} INFO - Task exited with return code 0
[2025-04-09T07:01:03.266+0000] {taskinstance.py:3901} INFO - 1 downstream tasks scheduled from follow-on schedule check
[2025-04-09T07:01:03.273+0000] {local_task_job_runner.py:245} INFO - ::endgroup::
