[2025-03-25T08:50:18.744+0000] {local_task_job_runner.py:123} INFO - ::group::Pre task execution logs
[2025-03-25T08:50:18.913+0000] {taskinstance.py:2614} INFO - Dependencies all met for dep_context=non-requeueable deps ti=<TaskInstance: daily_weather_etl.run_bbdd_script manual__2025-03-25T08:47:59.992857+00:00 [queued]>
[2025-03-25T08:50:18.930+0000] {taskinstance.py:2614} INFO - Dependencies all met for dep_context=requeueable deps ti=<TaskInstance: daily_weather_etl.run_bbdd_script manual__2025-03-25T08:47:59.992857+00:00 [queued]>
[2025-03-25T08:50:18.934+0000] {taskinstance.py:2867} INFO - Starting attempt 1 of 2
[2025-03-25T08:50:18.954+0000] {taskinstance.py:2890} INFO - Executing <Task(BashOperator): run_bbdd_script> on 2025-03-25 08:47:59.992857+00:00
[2025-03-25T08:50:18.964+0000] {standard_task_runner.py:72} INFO - Started process 44783 to run task
[2025-03-25T08:50:18.969+0000] {standard_task_runner.py:104} INFO - Running: ['***', 'tasks', 'run', 'daily_weather_etl', 'run_bbdd_script', 'manual__2025-03-25T08:47:59.992857+00:00', '--job-id', '48', '--raw', '--subdir', 'DAGS_FOLDER/weather_dag.py', '--cfg-path', '/tmp/tmpenzqjuij']
[2025-03-25T08:50:18.972+0000] {standard_task_runner.py:105} INFO - Job 48: Subtask run_bbdd_script
[2025-03-25T08:50:19.041+0000] {task_command.py:467} INFO - Running <TaskInstance: daily_weather_etl.run_bbdd_script manual__2025-03-25T08:47:59.992857+00:00 [running]> on host ffaec1616c64
[2025-03-25T08:50:19.166+0000] {taskinstance.py:3134} INFO - Exporting env vars: AIRFLOW_CTX_DAG_OWNER='***' AIRFLOW_CTX_DAG_ID='daily_weather_etl' AIRFLOW_CTX_TASK_ID='run_bbdd_script' AIRFLOW_CTX_EXECUTION_DATE='2025-03-25T08:47:59.992857+00:00' AIRFLOW_CTX_TRY_NUMBER='1' AIRFLOW_CTX_DAG_RUN_ID='manual__2025-03-25T08:47:59.992857+00:00'
[2025-03-25T08:50:19.169+0000] {logging_mixin.py:190} INFO - Task instance is in running state
[2025-03-25T08:50:19.171+0000] {logging_mixin.py:190} INFO -  Previous state of the Task instance: queued
[2025-03-25T08:50:19.172+0000] {logging_mixin.py:190} INFO - Current task name:run_bbdd_script state:running start_date:2025-03-25 08:50:18.915686+00:00
[2025-03-25T08:50:19.175+0000] {logging_mixin.py:190} INFO - Dag name:daily_weather_etl and current dag run status:running
[2025-03-25T08:50:19.177+0000] {taskinstance.py:732} INFO - ::endgroup::
[2025-03-25T08:50:19.180+0000] {subprocess.py:78} INFO - Tmp dir root location: /tmp
[2025-03-25T08:50:19.183+0000] {subprocess.py:88} INFO - Running command: ['/usr/bin/bash', '-c', 'python /opt/***/dags/main_bbdd.py']
[2025-03-25T08:50:19.199+0000] {subprocess.py:99} INFO - Output:
[2025-03-25T08:50:23.882+0000] {subprocess.py:106} INFO - 25/03/25 08:50:23 WARN NativeCodeLoader: Unable to load native-hadoop library for your platform... using builtin-java classes where applicable
[2025-03-25T08:50:24.358+0000] {subprocess.py:106} INFO - 25/03/25 08:50:24 WARN DependencyUtils: Local jar /opt/spark/jars/postgresql-42.2.27.jar does not exist, skipping.
[2025-03-25T08:50:24.626+0000] {subprocess.py:106} INFO - 25/03/25 08:50:24 INFO SparkContext: Running Spark version 3.5.5
[2025-03-25T08:50:24.627+0000] {subprocess.py:106} INFO - 25/03/25 08:50:24 INFO SparkContext: OS info Linux, 5.15.146.1-microsoft-standard-WSL2, amd64
[2025-03-25T08:50:24.629+0000] {subprocess.py:106} INFO - 25/03/25 08:50:24 INFO SparkContext: Java version 17.0.14
[2025-03-25T08:50:24.707+0000] {subprocess.py:106} INFO - 25/03/25 08:50:24 INFO ResourceUtils: ==============================================================
[2025-03-25T08:50:24.709+0000] {subprocess.py:106} INFO - 25/03/25 08:50:24 INFO ResourceUtils: No custom resources configured for spark.driver.
[2025-03-25T08:50:24.710+0000] {subprocess.py:106} INFO - 25/03/25 08:50:24 INFO ResourceUtils: ==============================================================
[2025-03-25T08:50:24.712+0000] {subprocess.py:106} INFO - 25/03/25 08:50:24 INFO SparkContext: Submitted application: WeatherApiBBDD
[2025-03-25T08:50:24.750+0000] {subprocess.py:106} INFO - 25/03/25 08:50:24 INFO ResourceProfile: Default ResourceProfile created, executor resources: Map(cores -> name: cores, amount: 1, script: , vendor: , memory -> name: memory, amount: 1024, script: , vendor: , offHeap -> name: offHeap, amount: 0, script: , vendor: ), task resources: Map(cpus -> name: cpus, amount: 1.0)
[2025-03-25T08:50:24.766+0000] {subprocess.py:106} INFO - 25/03/25 08:50:24 INFO ResourceProfile: Limiting resource is cpu
[2025-03-25T08:50:24.768+0000] {subprocess.py:106} INFO - 25/03/25 08:50:24 INFO ResourceProfileManager: Added ResourceProfile id: 0
[2025-03-25T08:50:24.835+0000] {subprocess.py:106} INFO - 25/03/25 08:50:24 INFO SecurityManager: Changing view acls to: ***
[2025-03-25T08:50:24.838+0000] {subprocess.py:106} INFO - 25/03/25 08:50:24 INFO SecurityManager: Changing modify acls to: ***
[2025-03-25T08:50:24.841+0000] {subprocess.py:106} INFO - 25/03/25 08:50:24 INFO SecurityManager: Changing view acls groups to:
[2025-03-25T08:50:24.842+0000] {subprocess.py:106} INFO - 25/03/25 08:50:24 INFO SecurityManager: Changing modify acls groups to:
[2025-03-25T08:50:24.844+0000] {subprocess.py:106} INFO - 25/03/25 08:50:24 INFO SecurityManager: SecurityManager: authentication disabled; ui acls disabled; users with view permissions: ***; groups with view permissions: EMPTY; users with modify permissions: ***; groups with modify permissions: EMPTY
[2025-03-25T08:50:25.366+0000] {subprocess.py:106} INFO - 25/03/25 08:50:25 INFO Utils: Successfully started service 'sparkDriver' on port 44449.
[2025-03-25T08:50:25.427+0000] {subprocess.py:106} INFO - 25/03/25 08:50:25 INFO SparkEnv: Registering MapOutputTracker
[2025-03-25T08:50:25.493+0000] {subprocess.py:106} INFO - 25/03/25 08:50:25 INFO SparkEnv: Registering BlockManagerMaster
[2025-03-25T08:50:25.535+0000] {subprocess.py:106} INFO - 25/03/25 08:50:25 INFO BlockManagerMasterEndpoint: Using org.apache.spark.storage.DefaultTopologyMapper for getting topology information
[2025-03-25T08:50:25.542+0000] {subprocess.py:106} INFO - 25/03/25 08:50:25 INFO BlockManagerMasterEndpoint: BlockManagerMasterEndpoint up
[2025-03-25T08:50:25.553+0000] {subprocess.py:106} INFO - 25/03/25 08:50:25 INFO SparkEnv: Registering BlockManagerMasterHeartbeat
[2025-03-25T08:50:25.605+0000] {subprocess.py:106} INFO - 25/03/25 08:50:25 INFO DiskBlockManager: Created local directory at /tmp/blockmgr-75e5981d-144a-48e2-9f2a-e595f92c3148
[2025-03-25T08:50:25.634+0000] {subprocess.py:106} INFO - 25/03/25 08:50:25 INFO MemoryStore: MemoryStore started with capacity 434.4 MiB
[2025-03-25T08:50:25.666+0000] {subprocess.py:106} INFO - 25/03/25 08:50:25 INFO SparkEnv: Registering OutputCommitCoordinator
[2025-03-25T08:50:25.960+0000] {subprocess.py:106} INFO - 25/03/25 08:50:25 INFO JettyUtils: Start Jetty 0.0.0.0:4040 for SparkUI
[2025-03-25T08:50:26.075+0000] {subprocess.py:106} INFO - 25/03/25 08:50:26 INFO Utils: Successfully started service 'SparkUI' on port 4040.
[2025-03-25T08:50:26.160+0000] {subprocess.py:106} INFO - 25/03/25 08:50:26 ERROR SparkContext: Failed to add /opt/spark/jars/postgresql-42.2.27.jar to Spark environment
[2025-03-25T08:50:26.162+0000] {subprocess.py:106} INFO - java.io.FileNotFoundException: Jar /opt/spark/jars/postgresql-42.2.27.jar not found
[2025-03-25T08:50:26.164+0000] {subprocess.py:106} INFO - 	at org.apache.spark.SparkContext.addLocalJarFile$1(SparkContext.scala:2095)
[2025-03-25T08:50:26.165+0000] {subprocess.py:106} INFO - 	at org.apache.spark.SparkContext.addJar(SparkContext.scala:2151)
[2025-03-25T08:50:26.168+0000] {subprocess.py:106} INFO - 	at org.apache.spark.SparkContext.$anonfun$new$15(SparkContext.scala:521)
[2025-03-25T08:50:26.176+0000] {subprocess.py:106} INFO - 	at org.apache.spark.SparkContext.$anonfun$new$15$adapted(SparkContext.scala:521)
[2025-03-25T08:50:26.180+0000] {subprocess.py:106} INFO - 	at scala.collection.mutable.ResizableArray.foreach(ResizableArray.scala:62)
[2025-03-25T08:50:26.182+0000] {subprocess.py:106} INFO - 	at scala.collection.mutable.ResizableArray.foreach$(ResizableArray.scala:55)
[2025-03-25T08:50:26.184+0000] {subprocess.py:106} INFO - 	at scala.collection.mutable.ArrayBuffer.foreach(ArrayBuffer.scala:49)
[2025-03-25T08:50:26.189+0000] {subprocess.py:106} INFO - 	at org.apache.spark.SparkContext.<init>(SparkContext.scala:521)
[2025-03-25T08:50:26.192+0000] {subprocess.py:106} INFO - 	at org.apache.spark.api.java.JavaSparkContext.<init>(JavaSparkContext.scala:58)
[2025-03-25T08:50:26.201+0000] {subprocess.py:106} INFO - 	at java.base/jdk.internal.reflect.NativeConstructorAccessorImpl.newInstance0(Native Method)
[2025-03-25T08:50:26.206+0000] {subprocess.py:106} INFO - 	at java.base/jdk.internal.reflect.NativeConstructorAccessorImpl.newInstance(NativeConstructorAccessorImpl.java:77)
[2025-03-25T08:50:26.210+0000] {subprocess.py:106} INFO - 	at java.base/jdk.internal.reflect.DelegatingConstructorAccessorImpl.newInstance(DelegatingConstructorAccessorImpl.java:45)
[2025-03-25T08:50:26.212+0000] {subprocess.py:106} INFO - 	at java.base/java.lang.reflect.Constructor.newInstanceWithCaller(Constructor.java:500)
[2025-03-25T08:50:26.216+0000] {subprocess.py:106} INFO - 	at java.base/java.lang.reflect.Constructor.newInstance(Constructor.java:481)
[2025-03-25T08:50:26.222+0000] {subprocess.py:106} INFO - 	at py4j.reflection.MethodInvoker.invoke(MethodInvoker.java:247)
[2025-03-25T08:50:26.224+0000] {subprocess.py:106} INFO - 	at py4j.reflection.ReflectionEngine.invoke(ReflectionEngine.java:374)
[2025-03-25T08:50:26.225+0000] {subprocess.py:106} INFO - 	at py4j.Gateway.invoke(Gateway.java:238)
[2025-03-25T08:50:26.227+0000] {subprocess.py:106} INFO - 	at py4j.commands.ConstructorCommand.invokeConstructor(ConstructorCommand.java:80)
[2025-03-25T08:50:26.229+0000] {subprocess.py:106} INFO - 	at py4j.commands.ConstructorCommand.execute(ConstructorCommand.java:69)
[2025-03-25T08:50:26.230+0000] {subprocess.py:106} INFO - 	at py4j.ClientServerConnection.waitForCommands(ClientServerConnection.java:182)
[2025-03-25T08:50:26.232+0000] {subprocess.py:106} INFO - 	at py4j.ClientServerConnection.run(ClientServerConnection.java:106)
[2025-03-25T08:50:26.235+0000] {subprocess.py:106} INFO - 	at java.base/java.lang.Thread.run(Thread.java:840)
[2025-03-25T08:50:26.312+0000] {subprocess.py:106} INFO - 25/03/25 08:50:26 INFO Executor: Starting executor ID driver on host ffaec1616c64
[2025-03-25T08:50:26.314+0000] {subprocess.py:106} INFO - 25/03/25 08:50:26 INFO Executor: OS info Linux, 5.15.146.1-microsoft-standard-WSL2, amd64
[2025-03-25T08:50:26.315+0000] {subprocess.py:106} INFO - 25/03/25 08:50:26 INFO Executor: Java version 17.0.14
[2025-03-25T08:50:26.330+0000] {subprocess.py:106} INFO - 25/03/25 08:50:26 INFO Executor: Starting executor with user classpath (userClassPathFirst = false): 'file:/opt/spark/jars/postgresql-42.2.27.jar,file:/tmp/***tmpcb8lr7ff/postgresql-42.2.27.jar'
[2025-03-25T08:50:26.334+0000] {subprocess.py:106} INFO - 25/03/25 08:50:26 INFO Executor: Created or updated repl class loader org.apache.spark.util.MutableURLClassLoader@675d27fe for default.
[2025-03-25T08:50:26.394+0000] {subprocess.py:106} INFO - 25/03/25 08:50:26 INFO Utils: Successfully started service 'org.apache.spark.network.netty.NettyBlockTransferService' on port 44867.
[2025-03-25T08:50:26.397+0000] {subprocess.py:106} INFO - 25/03/25 08:50:26 INFO NettyBlockTransferService: Server created on ffaec1616c64:44867
[2025-03-25T08:50:26.403+0000] {subprocess.py:106} INFO - 25/03/25 08:50:26 INFO BlockManager: Using org.apache.spark.storage.RandomBlockReplicationPolicy for block replication policy
[2025-03-25T08:50:26.411+0000] {subprocess.py:106} INFO - 25/03/25 08:50:26 INFO BlockManagerMaster: Registering BlockManager BlockManagerId(driver, ffaec1616c64, 44867, None)
[2025-03-25T08:50:26.416+0000] {subprocess.py:106} INFO - 25/03/25 08:50:26 INFO BlockManagerMasterEndpoint: Registering block manager ffaec1616c64:44867 with 434.4 MiB RAM, BlockManagerId(driver, ffaec1616c64, 44867, None)
[2025-03-25T08:50:26.427+0000] {subprocess.py:106} INFO - 25/03/25 08:50:26 INFO BlockManagerMaster: Registered BlockManager BlockManagerId(driver, ffaec1616c64, 44867, None)
[2025-03-25T08:50:26.429+0000] {subprocess.py:106} INFO - 25/03/25 08:50:26 INFO BlockManager: Initialized BlockManager: BlockManagerId(driver, ffaec1616c64, 44867, None)
[2025-03-25T08:50:27.706+0000] {subprocess.py:106} INFO - 25/03/25 08:50:27 INFO SharedState: Setting hive.metastore.warehouse.dir ('null') to the value of spark.sql.warehouse.dir.
[2025-03-25T08:50:27.714+0000] {subprocess.py:106} INFO - 25/03/25 08:50:27 INFO SharedState: Warehouse path is 'file:/tmp/***tmpcb8lr7ff/spark-warehouse'.
[2025-03-25T08:50:29.375+0000] {subprocess.py:106} INFO - 25/03/25 08:50:29 INFO InMemoryFileIndex: It took 137 ms to list leaf files for 1 paths.
[2025-03-25T08:50:30.296+0000] {subprocess.py:106} INFO - 25/03/25 08:50:30 INFO SparkContext: Starting job: parquet at NativeMethodAccessorImpl.java:0
[2025-03-25T08:50:30.326+0000] {subprocess.py:106} INFO - 25/03/25 08:50:30 INFO DAGScheduler: Got job 0 (parquet at NativeMethodAccessorImpl.java:0) with 1 output partitions
[2025-03-25T08:50:30.328+0000] {subprocess.py:106} INFO - 25/03/25 08:50:30 INFO DAGScheduler: Final stage: ResultStage 0 (parquet at NativeMethodAccessorImpl.java:0)
[2025-03-25T08:50:30.332+0000] {subprocess.py:106} INFO - 25/03/25 08:50:30 INFO DAGScheduler: Parents of final stage: List()
[2025-03-25T08:50:30.334+0000] {subprocess.py:106} INFO - 25/03/25 08:50:30 INFO DAGScheduler: Missing parents: List()
[2025-03-25T08:50:30.361+0000] {subprocess.py:106} INFO - 25/03/25 08:50:30 INFO DAGScheduler: Submitting ResultStage 0 (MapPartitionsRDD[1] at parquet at NativeMethodAccessorImpl.java:0), which has no missing parents
[2025-03-25T08:50:30.542+0000] {subprocess.py:106} INFO - 25/03/25 08:50:30 INFO MemoryStore: Block broadcast_0 stored as values in memory (estimated size 103.7 KiB, free 434.3 MiB)
[2025-03-25T08:50:30.607+0000] {subprocess.py:106} INFO - 25/03/25 08:50:30 INFO MemoryStore: Block broadcast_0_piece0 stored as bytes in memory (estimated size 37.4 KiB, free 434.3 MiB)
[2025-03-25T08:50:30.618+0000] {subprocess.py:106} INFO - 25/03/25 08:50:30 INFO BlockManagerInfo: Added broadcast_0_piece0 in memory on ffaec1616c64:44867 (size: 37.4 KiB, free: 434.4 MiB)
[2025-03-25T08:50:30.627+0000] {subprocess.py:106} INFO - 25/03/25 08:50:30 INFO SparkContext: Created broadcast 0 from broadcast at DAGScheduler.scala:1585
[2025-03-25T08:50:30.659+0000] {subprocess.py:106} INFO - 25/03/25 08:50:30 INFO DAGScheduler: Submitting 1 missing tasks from ResultStage 0 (MapPartitionsRDD[1] at parquet at NativeMethodAccessorImpl.java:0) (first 15 tasks are for partitions Vector(0))
[2025-03-25T08:50:30.662+0000] {subprocess.py:106} INFO - 25/03/25 08:50:30 INFO TaskSchedulerImpl: Adding task set 0.0 with 1 tasks resource profile 0
[2025-03-25T08:50:30.779+0000] {subprocess.py:106} INFO - 25/03/25 08:50:30 INFO TaskSetManager: Starting task 0.0 in stage 0.0 (TID 0) (ffaec1616c64, executor driver, partition 0, PROCESS_LOCAL, 9146 bytes)
[2025-03-25T08:50:30.835+0000] {subprocess.py:106} INFO - 25/03/25 08:50:30 INFO Executor: Running task 0.0 in stage 0.0 (TID 0)
[2025-03-25T08:50:31.712+0000] {subprocess.py:106} INFO - [Stage 0:>                                                          (0 + 1) / 1]25/03/25 08:50:31 INFO Executor: Finished task 0.0 in stage 0.0 (TID 0). 2072 bytes result sent to driver
[2025-03-25T08:50:31.732+0000] {subprocess.py:106} INFO - 25/03/25 08:50:31 INFO TaskSetManager: Finished task 0.0 in stage 0.0 (TID 0) in 1005 ms on ffaec1616c64 (executor driver) (1/1)
[2025-03-25T08:50:31.736+0000] {subprocess.py:106} INFO - 25/03/25 08:50:31 INFO TaskSchedulerImpl: Removed TaskSet 0.0, whose tasks have all completed, from pool
[2025-03-25T08:50:31.747+0000] {subprocess.py:106} INFO - 25/03/25 08:50:31 INFO DAGScheduler: ResultStage 0 (parquet at NativeMethodAccessorImpl.java:0) finished in 1.351 s
[2025-03-25T08:50:31.755+0000] {subprocess.py:106} INFO - 25/03/25 08:50:31 INFO DAGScheduler: Job 0 is finished. Cancelling potential speculative or zombie tasks for this job
[2025-03-25T08:50:31.757+0000] {subprocess.py:106} INFO - 25/03/25 08:50:31 INFO TaskSchedulerImpl: Killing all running tasks in stage 0: Stage finished
[2025-03-25T08:50:31.759+0000] {subprocess.py:106} INFO - 25/03/25 08:50:31 INFO DAGScheduler: Job 0 finished: parquet at NativeMethodAccessorImpl.java:0, took 1.462663 s
[2025-03-25T08:50:32.146+0000] {subprocess.py:106} INFO -                                                                                 25/03/25 08:50:32 INFO BlockManagerInfo: Removed broadcast_0_piece0 on ffaec1616c64:44867 in memory (size: 37.4 KiB, free: 434.4 MiB)
[2025-03-25T08:50:33.735+0000] {subprocess.py:106} INFO - 25/03/25 08:50:33 INFO FileSourceStrategy: Pushed Filters:
[2025-03-25T08:50:33.737+0000] {subprocess.py:106} INFO - 25/03/25 08:50:33 INFO FileSourceStrategy: Post-Scan Filters:
[2025-03-25T08:50:34.448+0000] {subprocess.py:106} INFO - 25/03/25 08:50:34 INFO CodeGenerator: Code generated in 420.844447 ms
[2025-03-25T08:50:34.494+0000] {subprocess.py:106} INFO - 25/03/25 08:50:34 INFO MemoryStore: Block broadcast_1 stored as values in memory (estimated size 202.7 KiB, free 434.2 MiB)
[2025-03-25T08:50:34.529+0000] {subprocess.py:106} INFO - 25/03/25 08:50:34 INFO MemoryStore: Block broadcast_1_piece0 stored as bytes in memory (estimated size 35.4 KiB, free 434.2 MiB)
[2025-03-25T08:50:34.533+0000] {subprocess.py:106} INFO - 25/03/25 08:50:34 INFO BlockManagerInfo: Added broadcast_1_piece0 in memory on ffaec1616c64:44867 (size: 35.4 KiB, free: 434.4 MiB)
[2025-03-25T08:50:34.536+0000] {subprocess.py:106} INFO - 25/03/25 08:50:34 INFO SparkContext: Created broadcast 1 from showString at NativeMethodAccessorImpl.java:0
[2025-03-25T08:50:34.559+0000] {subprocess.py:106} INFO - 25/03/25 08:50:34 INFO FileSourceScanExec: Planning scan with bin packing, max size: 4194304 bytes, open cost is considered as scanning 4194304 bytes.
[2025-03-25T08:50:34.653+0000] {subprocess.py:106} INFO - 25/03/25 08:50:34 INFO SparkContext: Starting job: showString at NativeMethodAccessorImpl.java:0
[2025-03-25T08:50:34.657+0000] {subprocess.py:106} INFO - 25/03/25 08:50:34 INFO DAGScheduler: Got job 1 (showString at NativeMethodAccessorImpl.java:0) with 1 output partitions
[2025-03-25T08:50:34.660+0000] {subprocess.py:106} INFO - 25/03/25 08:50:34 INFO DAGScheduler: Final stage: ResultStage 1 (showString at NativeMethodAccessorImpl.java:0)
[2025-03-25T08:50:34.662+0000] {subprocess.py:106} INFO - 25/03/25 08:50:34 INFO DAGScheduler: Parents of final stage: List()
[2025-03-25T08:50:34.671+0000] {subprocess.py:106} INFO - 25/03/25 08:50:34 INFO DAGScheduler: Missing parents: List()
[2025-03-25T08:50:34.673+0000] {subprocess.py:106} INFO - 25/03/25 08:50:34 INFO DAGScheduler: Submitting ResultStage 1 (MapPartitionsRDD[5] at showString at NativeMethodAccessorImpl.java:0), which has no missing parents
[2025-03-25T08:50:34.717+0000] {subprocess.py:106} INFO - 25/03/25 08:50:34 INFO MemoryStore: Block broadcast_2 stored as values in memory (estimated size 19.7 KiB, free 434.1 MiB)
[2025-03-25T08:50:34.733+0000] {subprocess.py:106} INFO - 25/03/25 08:50:34 INFO MemoryStore: Block broadcast_2_piece0 stored as bytes in memory (estimated size 7.2 KiB, free 434.1 MiB)
[2025-03-25T08:50:34.736+0000] {subprocess.py:106} INFO - 25/03/25 08:50:34 INFO BlockManagerInfo: Added broadcast_2_piece0 in memory on ffaec1616c64:44867 (size: 7.2 KiB, free: 434.4 MiB)
[2025-03-25T08:50:34.738+0000] {subprocess.py:106} INFO - 25/03/25 08:50:34 INFO SparkContext: Created broadcast 2 from broadcast at DAGScheduler.scala:1585
[2025-03-25T08:50:34.741+0000] {subprocess.py:106} INFO - 25/03/25 08:50:34 INFO DAGScheduler: Submitting 1 missing tasks from ResultStage 1 (MapPartitionsRDD[5] at showString at NativeMethodAccessorImpl.java:0) (first 15 tasks are for partitions Vector(0))
[2025-03-25T08:50:34.743+0000] {subprocess.py:106} INFO - 25/03/25 08:50:34 INFO TaskSchedulerImpl: Adding task set 1.0 with 1 tasks resource profile 0
[2025-03-25T08:50:34.751+0000] {subprocess.py:106} INFO - 25/03/25 08:50:34 INFO TaskSetManager: Starting task 0.0 in stage 1.0 (TID 1) (ffaec1616c64, executor driver, partition 0, PROCESS_LOCAL, 9616 bytes)
[2025-03-25T08:50:34.752+0000] {subprocess.py:106} INFO - 25/03/25 08:50:34 INFO Executor: Running task 0.0 in stage 1.0 (TID 1)
[2025-03-25T08:50:34.915+0000] {subprocess.py:106} INFO - 25/03/25 08:50:34 INFO CodeGenerator: Code generated in 76.102064 ms
[2025-03-25T08:50:34.921+0000] {subprocess.py:106} INFO - 25/03/25 08:50:34 INFO FileScanRDD: Reading File path: file:///tmp/tmp4u934ydg/elche_2025-03-25_09-52.parquet, range: 0-2903, partition values: [empty row]
[2025-03-25T08:50:35.101+0000] {subprocess.py:106} INFO - 25/03/25 08:50:35 INFO CodecPool: Got brand-new decompressor [.snappy]
[2025-03-25T08:50:35.397+0000] {subprocess.py:106} INFO - [Stage 1:>                                                          (0 + 1) / 1]25/03/25 08:50:35 INFO Executor: Finished task 0.0 in stage 1.0 (TID 1). 1924 bytes result sent to driver
[2025-03-25T08:50:35.401+0000] {subprocess.py:106} INFO - 25/03/25 08:50:35 INFO TaskSetManager: Finished task 0.0 in stage 1.0 (TID 1) in 657 ms on ffaec1616c64 (executor driver) (1/1)
[2025-03-25T08:50:35.409+0000] {subprocess.py:106} INFO - 25/03/25 08:50:35 INFO DAGScheduler: ResultStage 1 (showString at NativeMethodAccessorImpl.java:0) finished in 0.738 s
[2025-03-25T08:50:35.411+0000] {subprocess.py:106} INFO - 25/03/25 08:50:35 INFO DAGScheduler: Job 1 is finished. Cancelling potential speculative or zombie tasks for this job
[2025-03-25T08:50:35.413+0000] {subprocess.py:106} INFO - 25/03/25 08:50:35 INFO TaskSchedulerImpl: Removed TaskSet 1.0, whose tasks have all completed, from pool
[2025-03-25T08:50:35.415+0000] {subprocess.py:106} INFO - [Stage 1:===========================================================(1 + 0) / 1]25/03/25 08:50:35 INFO TaskSchedulerImpl: Killing all running tasks in stage 1: Stage finished
[2025-03-25T08:50:35.417+0000] {subprocess.py:106} INFO - 25/03/25 08:50:35 INFO DAGScheduler: Job 1 finished: showString at NativeMethodAccessorImpl.java:0, took 0.754043 s
[2025-03-25T08:50:36.299+0000] {subprocess.py:106} INFO -                                                                                 25/03/25 08:50:36 INFO BlockManagerInfo: Removed broadcast_2_piece0 on ffaec1616c64:44867 in memory (size: 7.2 KiB, free: 434.4 MiB)
[2025-03-25T08:50:37.213+0000] {subprocess.py:106} INFO - 25/03/25 08:50:37 INFO CodeGenerator: Code generated in 57.649772 ms
[2025-03-25T08:50:37.534+0000] {subprocess.py:106} INFO - 25/03/25 08:50:37 INFO SparkContext: SparkContext is stopping with exitCode 0.
[2025-03-25T08:50:37.554+0000] {subprocess.py:106} INFO - 25/03/25 08:50:37 INFO SparkUI: Stopped Spark web UI at http://ffaec1616c64:4040
[2025-03-25T08:50:37.584+0000] {subprocess.py:106} INFO - 25/03/25 08:50:37 INFO MapOutputTrackerMasterEndpoint: MapOutputTrackerMasterEndpoint stopped!
[2025-03-25T08:50:37.609+0000] {subprocess.py:106} INFO - 25/03/25 08:50:37 INFO MemoryStore: MemoryStore cleared
[2025-03-25T08:50:37.611+0000] {subprocess.py:106} INFO - 25/03/25 08:50:37 INFO BlockManager: BlockManager stopped
[2025-03-25T08:50:37.618+0000] {subprocess.py:106} INFO - 25/03/25 08:50:37 INFO BlockManagerMaster: BlockManagerMaster stopped
[2025-03-25T08:50:37.621+0000] {subprocess.py:106} INFO - 25/03/25 08:50:37 INFO OutputCommitCoordinator$OutputCommitCoordinatorEndpoint: OutputCommitCoordinator stopped!
[2025-03-25T08:50:37.640+0000] {subprocess.py:106} INFO - 25/03/25 08:50:37 INFO SparkContext: Successfully stopped SparkContext
[2025-03-25T08:50:38.052+0000] {subprocess.py:106} INFO - +-----+----------------+-----------+--------+--------+---------+---------+-----+--------------------+
[2025-03-25T08:50:38.054+0000] {subprocess.py:106} INFO - | city|       localtime|temperature|wind_kph|humidity|feelslike|precip_mm| text|                icon|
[2025-03-25T08:50:38.055+0000] {subprocess.py:106} INFO - +-----+----------------+-----------+--------+--------+---------+---------+-----+--------------------+
[2025-03-25T08:50:38.056+0000] {subprocess.py:106} INFO - |elche|2025-03-25 09:52|       16.3|     5.4|      48|     16.3|      0.0|Sunny|//cdn.weatherapi....|
[2025-03-25T08:50:38.058+0000] {subprocess.py:106} INFO - +-----+----------------+-----------+--------+--------+---------+---------+-----+--------------------+
[2025-03-25T08:50:38.059+0000] {subprocess.py:106} INFO - 
[2025-03-25T08:50:38.060+0000] {subprocess.py:106} INFO - Error: An error occurred while calling o43.save.
[2025-03-25T08:50:38.063+0000] {subprocess.py:106} INFO - : java.lang.ClassNotFoundException: org.postgresql.Driver
[2025-03-25T08:50:38.066+0000] {subprocess.py:106} INFO - 	at java.base/java.net.URLClassLoader.findClass(URLClassLoader.java:445)
[2025-03-25T08:50:38.067+0000] {subprocess.py:106} INFO - 	at java.base/java.lang.ClassLoader.loadClass(ClassLoader.java:592)
[2025-03-25T08:50:38.069+0000] {subprocess.py:106} INFO - 	at java.base/java.lang.ClassLoader.loadClass(ClassLoader.java:525)
[2025-03-25T08:50:38.070+0000] {subprocess.py:106} INFO - 	at org.apache.spark.sql.execution.datasources.jdbc.DriverRegistry$.register(DriverRegistry.scala:46)
[2025-03-25T08:50:38.072+0000] {subprocess.py:106} INFO - 	at org.apache.spark.sql.execution.datasources.jdbc.JDBCOptions.$anonfun$driverClass$1(JDBCOptions.scala:103)
[2025-03-25T08:50:38.073+0000] {subprocess.py:106} INFO - 	at org.apache.spark.sql.execution.datasources.jdbc.JDBCOptions.$anonfun$driverClass$1$adapted(JDBCOptions.scala:103)
[2025-03-25T08:50:38.075+0000] {subprocess.py:106} INFO - 	at scala.Option.foreach(Option.scala:407)
[2025-03-25T08:50:38.077+0000] {subprocess.py:106} INFO - 	at org.apache.spark.sql.execution.datasources.jdbc.JDBCOptions.<init>(JDBCOptions.scala:103)
[2025-03-25T08:50:38.080+0000] {subprocess.py:106} INFO - 	at org.apache.spark.sql.execution.datasources.jdbc.JdbcOptionsInWrite.<init>(JDBCOptions.scala:254)
[2025-03-25T08:50:38.082+0000] {subprocess.py:106} INFO - 	at org.apache.spark.sql.execution.datasources.jdbc.JdbcOptionsInWrite.<init>(JDBCOptions.scala:258)
[2025-03-25T08:50:38.085+0000] {subprocess.py:106} INFO - 	at org.apache.spark.sql.execution.datasources.jdbc.JdbcRelationProvider.createRelation(JdbcRelationProvider.scala:47)
[2025-03-25T08:50:38.086+0000] {subprocess.py:106} INFO - 	at org.apache.spark.sql.execution.datasources.SaveIntoDataSourceCommand.run(SaveIntoDataSourceCommand.scala:48)
[2025-03-25T08:50:38.088+0000] {subprocess.py:106} INFO - 	at org.apache.spark.sql.execution.command.ExecutedCommandExec.sideEffectResult$lzycompute(commands.scala:75)
[2025-03-25T08:50:38.089+0000] {subprocess.py:106} INFO - 	at org.apache.spark.sql.execution.command.ExecutedCommandExec.sideEffectResult(commands.scala:73)
[2025-03-25T08:50:38.092+0000] {subprocess.py:106} INFO - 	at org.apache.spark.sql.execution.command.ExecutedCommandExec.executeCollect(commands.scala:84)
[2025-03-25T08:50:38.094+0000] {subprocess.py:106} INFO - 	at org.apache.spark.sql.execution.QueryExecution$$anonfun$eagerlyExecuteCommands$1.$anonfun$applyOrElse$1(QueryExecution.scala:107)
[2025-03-25T08:50:38.098+0000] {subprocess.py:106} INFO - 	at org.apache.spark.sql.execution.SQLExecution$.$anonfun$withNewExecutionId$6(SQLExecution.scala:125)
[2025-03-25T08:50:38.100+0000] {subprocess.py:106} INFO - 	at org.apache.spark.sql.execution.SQLExecution$.withSQLConfPropagated(SQLExecution.scala:201)
[2025-03-25T08:50:38.102+0000] {subprocess.py:106} INFO - 	at org.apache.spark.sql.execution.SQLExecution$.$anonfun$withNewExecutionId$1(SQLExecution.scala:108)
[2025-03-25T08:50:38.104+0000] {subprocess.py:106} INFO - 	at org.apache.spark.sql.SparkSession.withActive(SparkSession.scala:900)
[2025-03-25T08:50:38.105+0000] {subprocess.py:106} INFO - 	at org.apache.spark.sql.execution.SQLExecution$.withNewExecutionId(SQLExecution.scala:66)
[2025-03-25T08:50:38.107+0000] {subprocess.py:106} INFO - 	at org.apache.spark.sql.execution.QueryExecution$$anonfun$eagerlyExecuteCommands$1.applyOrElse(QueryExecution.scala:107)
[2025-03-25T08:50:38.109+0000] {subprocess.py:106} INFO - 	at org.apache.spark.sql.execution.QueryExecution$$anonfun$eagerlyExecuteCommands$1.applyOrElse(QueryExecution.scala:98)
[2025-03-25T08:50:38.110+0000] {subprocess.py:106} INFO - 	at org.apache.spark.sql.catalyst.trees.TreeNode.$anonfun$transformDownWithPruning$1(TreeNode.scala:461)
[2025-03-25T08:50:38.113+0000] {subprocess.py:106} INFO - 	at org.apache.spark.sql.catalyst.trees.CurrentOrigin$.withOrigin(origin.scala:76)
[2025-03-25T08:50:38.115+0000] {subprocess.py:106} INFO - 	at org.apache.spark.sql.catalyst.trees.TreeNode.transformDownWithPruning(TreeNode.scala:461)
[2025-03-25T08:50:38.117+0000] {subprocess.py:106} INFO - 	at org.apache.spark.sql.catalyst.plans.logical.LogicalPlan.org$apache$spark$sql$catalyst$plans$logical$AnalysisHelper$$super$transformDownWithPruning(LogicalPlan.scala:32)
[2025-03-25T08:50:38.119+0000] {subprocess.py:106} INFO - 	at org.apache.spark.sql.catalyst.plans.logical.AnalysisHelper.transformDownWithPruning(AnalysisHelper.scala:267)
[2025-03-25T08:50:38.120+0000] {subprocess.py:106} INFO - 	at org.apache.spark.sql.catalyst.plans.logical.AnalysisHelper.transformDownWithPruning$(AnalysisHelper.scala:263)
[2025-03-25T08:50:38.122+0000] {subprocess.py:106} INFO - 	at org.apache.spark.sql.catalyst.plans.logical.LogicalPlan.transformDownWithPruning(LogicalPlan.scala:32)
[2025-03-25T08:50:38.124+0000] {subprocess.py:106} INFO - 	at org.apache.spark.sql.catalyst.plans.logical.LogicalPlan.transformDownWithPruning(LogicalPlan.scala:32)
[2025-03-25T08:50:38.125+0000] {subprocess.py:106} INFO - 	at org.apache.spark.sql.catalyst.trees.TreeNode.transformDown(TreeNode.scala:437)
[2025-03-25T08:50:38.127+0000] {subprocess.py:106} INFO - 	at org.apache.spark.sql.execution.QueryExecution.eagerlyExecuteCommands(QueryExecution.scala:98)
[2025-03-25T08:50:38.129+0000] {subprocess.py:106} INFO - 	at org.apache.spark.sql.execution.QueryExecution.commandExecuted$lzycompute(QueryExecution.scala:85)
[2025-03-25T08:50:38.132+0000] {subprocess.py:106} INFO - 	at org.apache.spark.sql.execution.QueryExecution.commandExecuted(QueryExecution.scala:83)
[2025-03-25T08:50:38.134+0000] {subprocess.py:106} INFO - 	at org.apache.spark.sql.execution.QueryExecution.assertCommandExecuted(QueryExecution.scala:142)
[2025-03-25T08:50:38.135+0000] {subprocess.py:106} INFO - 	at org.apache.spark.sql.DataFrameWriter.runCommand(DataFrameWriter.scala:869)
[2025-03-25T08:50:38.137+0000] {subprocess.py:106} INFO - 	at org.apache.spark.sql.DataFrameWriter.saveToV1Source(DataFrameWriter.scala:391)
[2025-03-25T08:50:38.138+0000] {subprocess.py:106} INFO - 	at org.apache.spark.sql.DataFrameWriter.saveInternal(DataFrameWriter.scala:364)
[2025-03-25T08:50:38.140+0000] {subprocess.py:106} INFO - 	at org.apache.spark.sql.DataFrameWriter.save(DataFrameWriter.scala:251)
[2025-03-25T08:50:38.142+0000] {subprocess.py:106} INFO - 	at java.base/jdk.internal.reflect.NativeMethodAccessorImpl.invoke0(Native Method)
[2025-03-25T08:50:38.143+0000] {subprocess.py:106} INFO - 	at java.base/jdk.internal.reflect.NativeMethodAccessorImpl.invoke(NativeMethodAccessorImpl.java:77)
[2025-03-25T08:50:38.145+0000] {subprocess.py:106} INFO - 	at java.base/jdk.internal.reflect.DelegatingMethodAccessorImpl.invoke(DelegatingMethodAccessorImpl.java:43)
[2025-03-25T08:50:38.147+0000] {subprocess.py:106} INFO - 	at java.base/java.lang.reflect.Method.invoke(Method.java:569)
[2025-03-25T08:50:38.149+0000] {subprocess.py:106} INFO - 	at py4j.reflection.MethodInvoker.invoke(MethodInvoker.java:244)
[2025-03-25T08:50:38.151+0000] {subprocess.py:106} INFO - 	at py4j.reflection.ReflectionEngine.invoke(ReflectionEngine.java:374)
[2025-03-25T08:50:38.152+0000] {subprocess.py:106} INFO - 	at py4j.Gateway.invoke(Gateway.java:282)
[2025-03-25T08:50:38.154+0000] {subprocess.py:106} INFO - 	at py4j.commands.AbstractCommand.invokeMethod(AbstractCommand.java:132)
[2025-03-25T08:50:38.156+0000] {subprocess.py:106} INFO - 	at py4j.commands.CallCommand.execute(CallCommand.java:79)
[2025-03-25T08:50:38.158+0000] {subprocess.py:106} INFO - 	at py4j.ClientServerConnection.waitForCommands(ClientServerConnection.java:182)
[2025-03-25T08:50:38.163+0000] {subprocess.py:106} INFO - 	at py4j.ClientServerConnection.run(ClientServerConnection.java:106)
[2025-03-25T08:50:38.176+0000] {subprocess.py:106} INFO - 	at java.base/java.lang.Thread.run(Thread.java:840)
[2025-03-25T08:50:38.186+0000] {subprocess.py:106} INFO - 
[2025-03-25T08:50:38.353+0000] {subprocess.py:106} INFO - 25/03/25 08:50:38 INFO ShutdownHookManager: Shutdown hook called
[2025-03-25T08:50:38.355+0000] {subprocess.py:106} INFO - 25/03/25 08:50:38 INFO ShutdownHookManager: Deleting directory /tmp/spark-ae3740e7-eeb6-40e9-86cd-73ec06d4d9fc
[2025-03-25T08:50:38.363+0000] {subprocess.py:106} INFO - 25/03/25 08:50:38 INFO ShutdownHookManager: Deleting directory /tmp/spark-c7602ef4-b3e3-4a2e-ba25-9cde88217cad/pyspark-0b5b89fe-dc3e-4e11-8a10-94cd1e22c6c1
[2025-03-25T08:50:38.367+0000] {subprocess.py:106} INFO - 25/03/25 08:50:38 INFO ShutdownHookManager: Deleting directory /tmp/spark-c7602ef4-b3e3-4a2e-ba25-9cde88217cad
[2025-03-25T08:50:38.740+0000] {subprocess.py:110} INFO - Command exited with return code 0
[2025-03-25T08:50:38.785+0000] {taskinstance.py:341} INFO - ::group::Post task execution logs
[2025-03-25T08:50:38.788+0000] {taskinstance.py:353} INFO - Marking task as SUCCESS. dag_id=daily_weather_etl, task_id=run_bbdd_script, run_id=manual__2025-03-25T08:47:59.992857+00:00, execution_date=20250325T084759, start_date=20250325T085018, end_date=20250325T085038
[2025-03-25T08:50:38.835+0000] {logging_mixin.py:190} INFO - Task instance in success state
[2025-03-25T08:50:38.837+0000] {logging_mixin.py:190} INFO -  Previous state of the Task instance: running
[2025-03-25T08:50:38.838+0000] {logging_mixin.py:190} INFO - Dag name:daily_weather_etl queued_at:2025-03-25 08:48:00.049490+00:00
[2025-03-25T08:50:38.840+0000] {logging_mixin.py:190} INFO - Task hostname:ffaec1616c64 operator:BashOperator
[2025-03-25T08:50:38.884+0000] {local_task_job_runner.py:266} INFO - Task exited with return code 0
[2025-03-25T08:50:38.910+0000] {taskinstance.py:3901} INFO - 0 downstream tasks scheduled from follow-on schedule check
[2025-03-25T08:50:38.918+0000] {local_task_job_runner.py:245} INFO - ::endgroup::
