[2025-03-26T09:01:57.375+0000] {local_task_job_runner.py:123} INFO - ::group::Pre task execution logs
[2025-03-26T09:01:57.522+0000] {taskinstance.py:2614} INFO - Dependencies all met for dep_context=non-requeueable deps ti=<TaskInstance: daily_weather_etl.run_bbdd_script scheduled__2025-03-25T09:00:00+00:00 [queued]>
[2025-03-26T09:01:57.533+0000] {taskinstance.py:2614} INFO - Dependencies all met for dep_context=requeueable deps ti=<TaskInstance: daily_weather_etl.run_bbdd_script scheduled__2025-03-25T09:00:00+00:00 [queued]>
[2025-03-26T09:01:57.535+0000] {taskinstance.py:2867} INFO - Starting attempt 1 of 2
[2025-03-26T09:01:57.549+0000] {taskinstance.py:2890} INFO - Executing <Task(BashOperator): run_bbdd_script> on 2025-03-25 09:00:00+00:00
[2025-03-26T09:01:57.554+0000] {standard_task_runner.py:72} INFO - Started process 39146 to run task
[2025-03-26T09:01:57.559+0000] {standard_task_runner.py:104} INFO - Running: ['***', 'tasks', 'run', 'daily_weather_etl', 'run_bbdd_script', 'scheduled__2025-03-25T09:00:00+00:00', '--job-id', '66', '--raw', '--subdir', 'DAGS_FOLDER/weather_dag.py', '--cfg-path', '/tmp/tmp6il3nh4q']
[2025-03-26T09:01:57.560+0000] {standard_task_runner.py:105} INFO - Job 66: Subtask run_bbdd_script
[2025-03-26T09:01:57.605+0000] {task_command.py:467} INFO - Running <TaskInstance: daily_weather_etl.run_bbdd_script scheduled__2025-03-25T09:00:00+00:00 [running]> on host 3c3c1f66214b
[2025-03-26T09:01:57.729+0000] {taskinstance.py:3134} INFO - Exporting env vars: AIRFLOW_CTX_DAG_OWNER='***' AIRFLOW_CTX_DAG_ID='daily_weather_etl' AIRFLOW_CTX_TASK_ID='run_bbdd_script' AIRFLOW_CTX_EXECUTION_DATE='2025-03-25T09:00:00+00:00' AIRFLOW_CTX_TRY_NUMBER='1' AIRFLOW_CTX_DAG_RUN_ID='scheduled__2025-03-25T09:00:00+00:00'
[2025-03-26T09:01:57.731+0000] {logging_mixin.py:190} INFO - Task instance is in running state
[2025-03-26T09:01:57.732+0000] {logging_mixin.py:190} INFO -  Previous state of the Task instance: queued
[2025-03-26T09:01:57.733+0000] {logging_mixin.py:190} INFO - Current task name:run_bbdd_script state:running start_date:2025-03-26 09:01:57.523851+00:00
[2025-03-26T09:01:57.733+0000] {logging_mixin.py:190} INFO - Dag name:daily_weather_etl and current dag run status:running
[2025-03-26T09:01:57.734+0000] {taskinstance.py:732} INFO - ::endgroup::
[2025-03-26T09:01:57.735+0000] {subprocess.py:78} INFO - Tmp dir root location: /tmp
[2025-03-26T09:01:57.737+0000] {subprocess.py:88} INFO - Running command: ['/usr/bin/bash', '-c', 'python /opt/***/dags/main_bbdd.py']
[2025-03-26T09:01:57.745+0000] {subprocess.py:99} INFO - Output:
[2025-03-26T09:02:00.194+0000] {subprocess.py:106} INFO - 25/03/26 09:02:00 WARN NativeCodeLoader: Unable to load native-hadoop library for your platform... using builtin-java classes where applicable
[2025-03-26T09:02:00.344+0000] {subprocess.py:106} INFO - Setting default log level to "WARN".
[2025-03-26T09:02:00.345+0000] {subprocess.py:106} INFO - To adjust logging level use sc.setLogLevel(newLevel). For SparkR, use setLogLevel(newLevel).
[2025-03-26T09:02:05.763+0000] {subprocess.py:106} INFO - +-----+----------------+-----------+--------+--------+---------+---------+----------------+--------------------+
[2025-03-26T09:02:05.767+0000] {subprocess.py:106} INFO - | city|       localtime|temperature|wind_kph|humidity|feelslike|precip_mm|            text|                icon|
[2025-03-26T09:02:05.770+0000] {subprocess.py:106} INFO - +-----+----------------+-----------+--------+--------+---------+---------+----------------+--------------------+
[2025-03-26T09:02:05.773+0000] {subprocess.py:106} INFO - |elche|2021-01-01 09:00|        7.1|    16.1|      67|      7.1|      0.0|           Sunny|//cdn.weatherapi....|
[2025-03-26T09:02:05.776+0000] {subprocess.py:106} INFO - |elche|2021-01-02 09:00|        4.9|    22.8|      55|      4.9|      0.0|           Sunny|//cdn.weatherapi....|
[2025-03-26T09:02:05.779+0000] {subprocess.py:106} INFO - |elche|2021-01-03 09:00|        5.3|    23.5|      46|      5.3|      0.0|           Sunny|//cdn.weatherapi....|
[2025-03-26T09:02:05.783+0000] {subprocess.py:106} INFO - |elche|2021-01-04 09:00|        4.2|     9.8|      63|      4.2|      0.0|           Sunny|//cdn.weatherapi....|
[2025-03-26T09:02:05.786+0000] {subprocess.py:106} INFO - |elche|2021-01-05 09:00|        3.5|    20.6|      69|      3.5|      0.0|           Sunny|//cdn.weatherapi....|
[2025-03-26T09:02:05.789+0000] {subprocess.py:106} INFO - |elche|2021-01-06 09:00|        5.2|    10.9|      52|      5.2|      0.0|    Mostly Clear|//cdn.weatherapi....|
[2025-03-26T09:02:05.793+0000] {subprocess.py:106} INFO - |elche|2021-01-07 09:00|        6.3|     8.3|      84|      6.3|      0.7|Moderate Drizzle|//cdn.weatherapi....|
[2025-03-26T09:02:05.796+0000] {subprocess.py:106} INFO - |elche|2021-01-08 09:00|        6.7|    11.8|      81|      6.7|      0.1|   Light Drizzle|//cdn.weatherapi....|
[2025-03-26T09:02:05.800+0000] {subprocess.py:106} INFO - |elche|2021-01-09 09:00|        7.2|     8.2|      86|      7.2|      0.0|          Cloudy|//cdn.weatherapi....|
[2025-03-26T09:02:05.803+0000] {subprocess.py:106} INFO - |elche|2021-01-10 09:00|        6.1|     9.0|      79|      6.1|      0.3|   Light Drizzle|//cdn.weatherapi....|
[2025-03-26T09:02:05.807+0000] {subprocess.py:106} INFO - |elche|2021-01-11 09:00|        3.2|    12.6|      87|      3.2|      0.0|           Sunny|//cdn.weatherapi....|
[2025-03-26T09:02:05.810+0000] {subprocess.py:106} INFO - |elche|2021-01-12 09:00|        2.4|    18.0|      56|      2.4|      0.0|           Sunny|//cdn.weatherapi....|
[2025-03-26T09:02:05.814+0000] {subprocess.py:106} INFO - |elche|2021-01-13 09:00|        3.0|    15.3|      63|      3.0|      0.0|           Sunny|//cdn.weatherapi....|
[2025-03-26T09:02:05.816+0000] {subprocess.py:106} INFO - |elche|2021-01-14 09:00|        4.1|    17.9|      69|      4.1|      0.0|           Sunny|//cdn.weatherapi....|
[2025-03-26T09:02:05.819+0000] {subprocess.py:106} INFO - |elche|2021-01-15 09:00|        7.1|    20.5|      68|      7.1|      0.0|           Sunny|//cdn.weatherapi....|
[2025-03-26T09:02:05.821+0000] {subprocess.py:106} INFO - |elche|2021-01-16 09:00|        5.5|    12.4|      62|      5.5|      0.0|           Sunny|//cdn.weatherapi....|
[2025-03-26T09:02:05.823+0000] {subprocess.py:106} INFO - |elche|2021-01-17 09:00|        6.2|    15.0|      50|      6.2|      0.0|           Sunny|//cdn.weatherapi....|
[2025-03-26T09:02:05.825+0000] {subprocess.py:106} INFO - |elche|2021-01-18 09:00|        6.2|    11.1|      75|      6.2|      0.0|    Mostly Clear|//cdn.weatherapi....|
[2025-03-26T09:02:05.827+0000] {subprocess.py:106} INFO - |elche|2021-01-19 09:00|        6.3|    10.3|      85|      6.3|      0.0|    Mostly Clear|//cdn.weatherapi....|
[2025-03-26T09:02:05.829+0000] {subprocess.py:106} INFO - |elche|2021-01-20 09:00|        6.3|     2.7|      95|      6.3|      0.0|          Cloudy|//cdn.weatherapi....|
[2025-03-26T09:02:05.831+0000] {subprocess.py:106} INFO - +-----+----------------+-----------+--------+--------+---------+---------+----------------+--------------------+
[2025-03-26T09:02:05.833+0000] {subprocess.py:106} INFO - only showing top 20 rows
[2025-03-26T09:02:05.835+0000] {subprocess.py:106} INFO - 
[2025-03-26T09:02:05.837+0000] {subprocess.py:106} INFO - Datos registrados correctamente en la bbdd
[2025-03-26T09:02:06.270+0000] {subprocess.py:110} INFO - Command exited with return code 0
[2025-03-26T09:02:06.290+0000] {taskinstance.py:341} INFO - ::group::Post task execution logs
[2025-03-26T09:02:06.291+0000] {taskinstance.py:353} INFO - Marking task as SUCCESS. dag_id=daily_weather_etl, task_id=run_bbdd_script, run_id=scheduled__2025-03-25T09:00:00+00:00, execution_date=20250325T090000, start_date=20250326T090157, end_date=20250326T090206
[2025-03-26T09:02:06.311+0000] {logging_mixin.py:190} INFO - Task instance in success state
[2025-03-26T09:02:06.313+0000] {logging_mixin.py:190} INFO -  Previous state of the Task instance: running
[2025-03-26T09:02:06.314+0000] {logging_mixin.py:190} INFO - Dag name:daily_weather_etl queued_at:2025-03-26 09:00:00.208314+00:00
[2025-03-26T09:02:06.315+0000] {logging_mixin.py:190} INFO - Task hostname:3c3c1f66214b operator:BashOperator
[2025-03-26T09:02:06.360+0000] {local_task_job_runner.py:266} INFO - Task exited with return code 0
[2025-03-26T09:02:06.375+0000] {taskinstance.py:3901} INFO - 0 downstream tasks scheduled from follow-on schedule check
[2025-03-26T09:02:06.378+0000] {local_task_job_runner.py:245} INFO - ::endgroup::
