[2025-04-16T07:00:16.223+0000] {local_task_job_runner.py:123} INFO - ::group::Pre task execution logs
[2025-04-16T07:00:16.346+0000] {taskinstance.py:2614} INFO - Dependencies all met for dep_context=non-requeueable deps ti=<TaskInstance: daily_weather_etl.run_minio_script scheduled__2025-04-15T07:00:00+00:00 [queued]>
[2025-04-16T07:00:16.358+0000] {taskinstance.py:2614} INFO - Dependencies all met for dep_context=requeueable deps ti=<TaskInstance: daily_weather_etl.run_minio_script scheduled__2025-04-15T07:00:00+00:00 [queued]>
[2025-04-16T07:00:16.359+0000] {taskinstance.py:2867} INFO - Starting attempt 1 of 2
[2025-04-16T07:00:16.372+0000] {taskinstance.py:2890} INFO - Executing <Task(BashOperator): run_minio_script> on 2025-04-15 07:00:00+00:00
[2025-04-16T07:00:16.378+0000] {standard_task_runner.py:72} INFO - Started process 217 to run task
[2025-04-16T07:00:16.382+0000] {standard_task_runner.py:104} INFO - Running: ['***', 'tasks', 'run', 'daily_weather_etl', 'run_minio_script', 'scheduled__2025-04-15T07:00:00+00:00', '--job-id', '331', '--raw', '--subdir', 'DAGS_FOLDER/weather_dag.py', '--cfg-path', '/tmp/tmpm4vxoawx']
[2025-04-16T07:00:16.384+0000] {standard_task_runner.py:105} INFO - Job 331: Subtask run_minio_script
[2025-04-16T07:00:16.428+0000] {task_command.py:467} INFO - Running <TaskInstance: daily_weather_etl.run_minio_script scheduled__2025-04-15T07:00:00+00:00 [running]> on host 3c3c1f66214b
[2025-04-16T07:00:16.505+0000] {taskinstance.py:3134} INFO - Exporting env vars: AIRFLOW_CTX_DAG_OWNER='***' AIRFLOW_CTX_DAG_ID='daily_weather_etl' AIRFLOW_CTX_TASK_ID='run_minio_script' AIRFLOW_CTX_EXECUTION_DATE='2025-04-15T07:00:00+00:00' AIRFLOW_CTX_TRY_NUMBER='1' AIRFLOW_CTX_DAG_RUN_ID='scheduled__2025-04-15T07:00:00+00:00'
[2025-04-16T07:00:16.507+0000] {logging_mixin.py:190} INFO - Task instance is in running state
[2025-04-16T07:00:16.508+0000] {logging_mixin.py:190} INFO -  Previous state of the Task instance: queued
[2025-04-16T07:00:16.509+0000] {logging_mixin.py:190} INFO - Current task name:run_minio_script state:running start_date:2025-04-16 07:00:16.348181+00:00
[2025-04-16T07:00:16.510+0000] {logging_mixin.py:190} INFO - Dag name:daily_weather_etl and current dag run status:running
[2025-04-16T07:00:16.511+0000] {taskinstance.py:732} INFO - ::endgroup::
[2025-04-16T07:00:16.512+0000] {subprocess.py:78} INFO - Tmp dir root location: /tmp
[2025-04-16T07:00:16.514+0000] {subprocess.py:88} INFO - Running command: ['/usr/bin/bash', '-c', 'python /opt/***/dags/minio.py']
[2025-04-16T07:00:16.524+0000] {subprocess.py:99} INFO - Output:
[2025-04-16T07:00:18.854+0000] {subprocess.py:106} INFO - Setting default log level to "WARN".
[2025-04-16T07:00:18.855+0000] {subprocess.py:106} INFO - To adjust logging level use sc.setLogLevel(newLevel). For SparkR, use setLogLevel(newLevel).
[2025-04-16T07:00:19.073+0000] {subprocess.py:106} INFO - 25/04/16 07:00:19 WARN NativeCodeLoader: Unable to load native-hadoop library for your platform... using builtin-java classes where applicable
[2025-04-16T07:00:37.091+0000] {subprocess.py:106} INFO - [Stage 0:>                                                          (0 + 8) / 8]                                                                                [Stage 58:>                                                         (0 + 1) / 1]                                                                                +-----+-------------------+-----------+--------+--------+---------+---------+----------------+
[2025-04-16T07:00:37.092+0000] {subprocess.py:106} INFO - |city |local_time         |temperature|wind_kph|humidity|feelslike|precip_mm|text            |
[2025-04-16T07:00:37.093+0000] {subprocess.py:106} INFO - +-----+-------------------+-----------+--------+--------+---------+---------+----------------+
[2025-04-16T07:00:37.094+0000] {subprocess.py:106} INFO - |elche|2025-04-14 04:00:00|15.0       |12.0    |91      |15.0     |0.6      |Moderate Drizzle|
[2025-04-16T07:00:37.095+0000] {subprocess.py:106} INFO - |elche|2025-04-14 09:00:00|15.9       |6.7     |80      |15.9     |0.0      |Sunny           |
[2025-04-16T07:00:37.097+0000] {subprocess.py:106} INFO - |elche|2025-04-14 15:00:00|22.2       |13.3    |63      |22.2     |0.8      |Moderate Drizzle|
[2025-04-16T07:00:37.100+0000] {subprocess.py:106} INFO - |elche|2025-04-14 22:00:00|16.9       |0.0     |85      |16.9     |0.0      |Cloudy          |
[2025-04-16T07:00:37.101+0000] {subprocess.py:106} INFO - +-----+-------------------+-----------+--------+--------+---------+---------+----------------+
[2025-04-16T07:00:37.103+0000] {subprocess.py:106} INFO - 
[2025-04-16T07:00:37.104+0000] {subprocess.py:106} INFO - +------+-------------------+-----------+--------+--------+---------+---------+-------------+
[2025-04-16T07:00:37.106+0000] {subprocess.py:106} INFO - |city  |local_time         |temperature|wind_kph|humidity|feelslike|precip_mm|text         |
[2025-04-16T07:00:37.106+0000] {subprocess.py:106} INFO - +------+-------------------+-----------+--------+--------+---------+---------+-------------+
[2025-04-16T07:00:37.107+0000] {subprocess.py:106} INFO - |madrid|2025-04-14 04:00:00|10.2       |3.4     |97      |10.2     |0.0      |Partly Cloudy|
[2025-04-16T07:00:37.108+0000] {subprocess.py:106} INFO - |madrid|2025-04-14 09:00:00|10.4       |9.1     |96      |10.4     |0.3      |Light Drizzle|
[2025-04-16T07:00:37.109+0000] {subprocess.py:106} INFO - |madrid|2025-04-14 15:00:00|15.3       |17.7    |54      |15.3     |0.0      |Partly Cloudy|
[2025-04-16T07:00:37.110+0000] {subprocess.py:106} INFO - |madrid|2025-04-14 22:00:00|10.9       |15.2    |78      |10.9     |0.2      |Light Drizzle|
[2025-04-16T07:00:37.111+0000] {subprocess.py:106} INFO - +------+-------------------+-----------+--------+--------+---------+---------+-------------+
[2025-04-16T07:00:37.114+0000] {subprocess.py:106} INFO - 
[2025-04-16T07:00:37.115+0000] {subprocess.py:106} INFO - +--------------------+-------------------+-----------+--------+--------+---------+---------+-------------+
[2025-04-16T07:00:37.116+0000] {subprocess.py:106} INFO - |city                |local_time         |temperature|wind_kph|humidity|feelslike|precip_mm|text         |
[2025-04-16T07:00:37.117+0000] {subprocess.py:106} INFO - +--------------------+-------------------+-----------+--------+--------+---------+---------+-------------+
[2025-04-16T07:00:37.119+0000] {subprocess.py:106} INFO - |san juan de alicante|2025-04-14 04:00:00|14.8       |4.5     |93      |14.8     |0.0      |Cloudy       |
[2025-04-16T07:00:37.120+0000] {subprocess.py:106} INFO - |san juan de alicante|2025-04-14 09:00:00|15.9       |3.6     |90      |15.9     |0.0      |Sunny        |
[2025-04-16T07:00:37.120+0000] {subprocess.py:106} INFO - |san juan de alicante|2025-04-14 15:00:00|19.1       |5.9     |76      |19.1     |0.1      |Light Drizzle|
[2025-04-16T07:00:37.121+0000] {subprocess.py:106} INFO - |san juan de alicante|2025-04-14 22:00:00|16.1       |1.5     |89      |16.1     |0.0      |Partly Cloudy|
[2025-04-16T07:00:37.122+0000] {subprocess.py:106} INFO - +--------------------+-------------------+-----------+--------+--------+---------+---------+-------------+
[2025-04-16T07:00:37.123+0000] {subprocess.py:106} INFO - 
[2025-04-16T07:00:37.123+0000] {subprocess.py:106} INFO - +----------+-------------------+-----------+--------+--------+---------+---------+-------------+
[2025-04-16T07:00:37.124+0000] {subprocess.py:106} INFO - |city      |local_time         |temperature|wind_kph|humidity|feelslike|precip_mm|text         |
[2025-04-16T07:00:37.126+0000] {subprocess.py:106} INFO - +----------+-------------------+-----------+--------+--------+---------+---------+-------------+
[2025-04-16T07:00:37.127+0000] {subprocess.py:106} INFO - |torrevieja|2025-04-14 04:00:00|15.8       |7.7     |98      |15.8     |0.0      |Cloudy       |
[2025-04-16T07:00:37.129+0000] {subprocess.py:106} INFO - |torrevieja|2025-04-14 09:00:00|16.3       |9.4     |91      |16.3     |0.0      |Sunny        |
[2025-04-16T07:00:37.131+0000] {subprocess.py:106} INFO - |torrevieja|2025-04-14 15:00:00|19.8       |14.5    |84      |19.8     |0.1      |Light Drizzle|
[2025-04-16T07:00:37.132+0000] {subprocess.py:106} INFO - |torrevieja|2025-04-14 22:00:00|17.2       |6.1     |88      |17.2     |0.0      |Cloudy       |
[2025-04-16T07:00:37.133+0000] {subprocess.py:106} INFO - +----------+-------------------+-----------+--------+--------+---------+---------+-------------+
[2025-04-16T07:00:37.134+0000] {subprocess.py:106} INFO - 
[2025-04-16T07:00:37.135+0000] {subprocess.py:106} INFO - +--------+-------------------+-----------+--------+--------+---------+---------+-------------+
[2025-04-16T07:00:37.154+0000] {subprocess.py:106} INFO - |city    |local_time         |temperature|wind_kph|humidity|feelslike|precip_mm|text         |
[2025-04-16T07:00:37.156+0000] {subprocess.py:106} INFO - +--------+-------------------+-----------+--------+--------+---------+---------+-------------+
[2025-04-16T07:00:37.158+0000] {subprocess.py:106} INFO - |valencia|2025-04-14 04:00:00|14.5       |5.4     |99      |14.5     |0.0      |Cloudy       |
[2025-04-16T07:00:37.159+0000] {subprocess.py:106} INFO - |valencia|2025-04-14 09:00:00|15.0       |1.8     |96      |15.0     |0.1      |Light Drizzle|
[2025-04-16T07:00:37.160+0000] {subprocess.py:106} INFO - |valencia|2025-04-14 15:00:00|19.2       |11.2    |77      |19.2     |0.0      |Partly Cloudy|
[2025-04-16T07:00:37.161+0000] {subprocess.py:106} INFO - |valencia|2025-04-14 22:00:00|18.7       |13.7    |59      |18.7     |0.0      |Sunny        |
[2025-04-16T07:00:37.161+0000] {subprocess.py:106} INFO - +--------+-------------------+-----------+--------+--------+---------+---------+-------------+
[2025-04-16T07:00:37.162+0000] {subprocess.py:106} INFO - 
[2025-04-16T07:00:37.163+0000] {subprocess.py:106} INFO - +--------------------+-------------------+-----------+--------+--------+---------+---------+----------------+
[2025-04-16T07:00:37.164+0000] {subprocess.py:106} INFO - |                city|         local_time|temperature|wind_kph|humidity|feelslike|precip_mm|            text|
[2025-04-16T07:00:37.165+0000] {subprocess.py:106} INFO - +--------------------+-------------------+-----------+--------+--------+---------+---------+----------------+
[2025-04-16T07:00:37.166+0000] {subprocess.py:106} INFO - |               elche|2025-04-14 04:00:00|       15.0|    12.0|      91|     15.0|      0.6|Moderate Drizzle|
[2025-04-16T07:00:37.167+0000] {subprocess.py:106} INFO - |               elche|2025-04-14 09:00:00|       15.9|     6.7|      80|     15.9|      0.0|           Sunny|
[2025-04-16T07:00:37.167+0000] {subprocess.py:106} INFO - |               elche|2025-04-14 15:00:00|       22.2|    13.3|      63|     22.2|      0.8|Moderate Drizzle|
[2025-04-16T07:00:37.168+0000] {subprocess.py:106} INFO - |               elche|2025-04-14 22:00:00|       16.9|     0.0|      85|     16.9|      0.0|          Cloudy|
[2025-04-16T07:00:37.169+0000] {subprocess.py:106} INFO - |              madrid|2025-04-14 04:00:00|       10.2|     3.4|      97|     10.2|      0.0|   Partly Cloudy|
[2025-04-16T07:00:37.170+0000] {subprocess.py:106} INFO - |              madrid|2025-04-14 09:00:00|       10.4|     9.1|      96|     10.4|      0.3|   Light Drizzle|
[2025-04-16T07:00:37.171+0000] {subprocess.py:106} INFO - |              madrid|2025-04-14 15:00:00|       15.3|    17.7|      54|     15.3|      0.0|   Partly Cloudy|
[2025-04-16T07:00:37.171+0000] {subprocess.py:106} INFO - |              madrid|2025-04-14 22:00:00|       10.9|    15.2|      78|     10.9|      0.2|   Light Drizzle|
[2025-04-16T07:00:37.172+0000] {subprocess.py:106} INFO - |san juan de alicante|2025-04-14 04:00:00|       14.8|     4.5|      93|     14.8|      0.0|          Cloudy|
[2025-04-16T07:00:37.173+0000] {subprocess.py:106} INFO - |san juan de alicante|2025-04-14 09:00:00|       15.9|     3.6|      90|     15.9|      0.0|           Sunny|
[2025-04-16T07:00:37.174+0000] {subprocess.py:106} INFO - |san juan de alicante|2025-04-14 15:00:00|       19.1|     5.9|      76|     19.1|      0.1|   Light Drizzle|
[2025-04-16T07:00:37.174+0000] {subprocess.py:106} INFO - |san juan de alicante|2025-04-14 22:00:00|       16.1|     1.5|      89|     16.1|      0.0|   Partly Cloudy|
[2025-04-16T07:00:37.175+0000] {subprocess.py:106} INFO - |          torrevieja|2025-04-14 04:00:00|       15.8|     7.7|      98|     15.8|      0.0|          Cloudy|
[2025-04-16T07:00:37.176+0000] {subprocess.py:106} INFO - |          torrevieja|2025-04-14 09:00:00|       16.3|     9.4|      91|     16.3|      0.0|           Sunny|
[2025-04-16T07:00:37.177+0000] {subprocess.py:106} INFO - |          torrevieja|2025-04-14 15:00:00|       19.8|    14.5|      84|     19.8|      0.1|   Light Drizzle|
[2025-04-16T07:00:37.177+0000] {subprocess.py:106} INFO - |          torrevieja|2025-04-14 22:00:00|       17.2|     6.1|      88|     17.2|      0.0|          Cloudy|
[2025-04-16T07:00:37.178+0000] {subprocess.py:106} INFO - |            valencia|2025-04-14 04:00:00|       14.5|     5.4|      99|     14.5|      0.0|          Cloudy|
[2025-04-16T07:00:37.179+0000] {subprocess.py:106} INFO - |            valencia|2025-04-14 09:00:00|       15.0|     1.8|      96|     15.0|      0.1|   Light Drizzle|
[2025-04-16T07:00:37.180+0000] {subprocess.py:106} INFO - |            valencia|2025-04-14 15:00:00|       19.2|    11.2|      77|     19.2|      0.0|   Partly Cloudy|
[2025-04-16T07:00:37.181+0000] {subprocess.py:106} INFO - |            valencia|2025-04-14 22:00:00|       18.7|    13.7|      59|     18.7|      0.0|           Sunny|
[2025-04-16T07:00:37.181+0000] {subprocess.py:106} INFO - +--------------------+-------------------+-----------+--------+--------+---------+---------+----------------+
[2025-04-16T07:00:37.182+0000] {subprocess.py:106} INFO - 
[2025-04-16T07:00:37.183+0000] {subprocess.py:106} INFO - Nombre de la carpeta: 2025-04-14
[2025-04-16T07:00:37.184+0000] {subprocess.py:106} INFO - Archivo Parquet generado: /tmp/tmpl9fy9zmj/2025-04-14/part-00000-bcdd0d02-bdb4-4dda-9590-c92f6cc1c006-c000.snappy.parquet
[2025-04-16T07:00:37.185+0000] {subprocess.py:106} INFO - Archivo subido correctamente a MinIO en: 2025-04-14/2025-04-14.parquet
[2025-04-16T07:00:37.642+0000] {subprocess.py:110} INFO - Command exited with return code 0
[2025-04-16T07:00:37.662+0000] {taskinstance.py:341} INFO - ::group::Post task execution logs
[2025-04-16T07:00:37.663+0000] {taskinstance.py:353} INFO - Marking task as SUCCESS. dag_id=daily_weather_etl, task_id=run_minio_script, run_id=scheduled__2025-04-15T07:00:00+00:00, execution_date=20250415T070000, start_date=20250416T070016, end_date=20250416T070037
[2025-04-16T07:00:37.682+0000] {logging_mixin.py:190} INFO - Task instance in success state
[2025-04-16T07:00:37.683+0000] {logging_mixin.py:190} INFO -  Previous state of the Task instance: running
[2025-04-16T07:00:37.684+0000] {logging_mixin.py:190} INFO - Dag name:daily_weather_etl queued_at:2025-04-16 07:00:00.106585+00:00
[2025-04-16T07:00:37.685+0000] {logging_mixin.py:190} INFO - Task hostname:3c3c1f66214b operator:BashOperator
[2025-04-16T07:00:37.705+0000] {local_task_job_runner.py:266} INFO - Task exited with return code 0
[2025-04-16T07:00:37.729+0000] {taskinstance.py:3901} INFO - 1 downstream tasks scheduled from follow-on schedule check
[2025-04-16T07:00:37.732+0000] {local_task_job_runner.py:245} INFO - ::endgroup::
