[2025-04-09T07:01:07.071+0000] {local_task_job_runner.py:123} INFO - ::group::Pre task execution logs
[2025-04-09T07:01:07.296+0000] {taskinstance.py:2614} INFO - Dependencies all met for dep_context=non-requeueable deps ti=<TaskInstance: daily_weather_etl.run_postgres_script scheduled__2025-04-08T07:00:00+00:00 [queued]>
[2025-04-09T07:01:07.317+0000] {taskinstance.py:2614} INFO - Dependencies all met for dep_context=requeueable deps ti=<TaskInstance: daily_weather_etl.run_postgres_script scheduled__2025-04-08T07:00:00+00:00 [queued]>
[2025-04-09T07:01:07.320+0000] {taskinstance.py:2867} INFO - Starting attempt 1 of 2
[2025-04-09T07:01:07.347+0000] {taskinstance.py:2890} INFO - Executing <Task(BashOperator): run_postgres_script> on 2025-04-08 07:00:00+00:00
[2025-04-09T07:01:07.361+0000] {standard_task_runner.py:72} INFO - Started process 2101 to run task
[2025-04-09T07:01:07.370+0000] {standard_task_runner.py:104} INFO - Running: ['***', 'tasks', 'run', 'daily_weather_etl', 'run_postgres_script', 'scheduled__2025-04-08T07:00:00+00:00', '--job-id', '249', '--raw', '--subdir', 'DAGS_FOLDER/weather_dag.py', '--cfg-path', '/tmp/tmp2_l5mj_o']
[2025-04-09T07:01:07.374+0000] {standard_task_runner.py:105} INFO - Job 249: Subtask run_postgres_script
[2025-04-09T07:01:07.477+0000] {task_command.py:467} INFO - Running <TaskInstance: daily_weather_etl.run_postgres_script scheduled__2025-04-08T07:00:00+00:00 [running]> on host 3c3c1f66214b
[2025-04-09T07:01:07.633+0000] {taskinstance.py:3134} INFO - Exporting env vars: AIRFLOW_CTX_DAG_OWNER='***' AIRFLOW_CTX_DAG_ID='daily_weather_etl' AIRFLOW_CTX_TASK_ID='run_postgres_script' AIRFLOW_CTX_EXECUTION_DATE='2025-04-08T07:00:00+00:00' AIRFLOW_CTX_TRY_NUMBER='1' AIRFLOW_CTX_DAG_RUN_ID='scheduled__2025-04-08T07:00:00+00:00'
[2025-04-09T07:01:07.637+0000] {logging_mixin.py:190} INFO - Task instance is in running state
[2025-04-09T07:01:07.639+0000] {logging_mixin.py:190} INFO -  Previous state of the Task instance: queued
[2025-04-09T07:01:07.641+0000] {logging_mixin.py:190} INFO - Current task name:run_postgres_script state:running start_date:2025-04-09 07:01:07.298335+00:00
[2025-04-09T07:01:07.643+0000] {logging_mixin.py:190} INFO - Dag name:daily_weather_etl and current dag run status:running
[2025-04-09T07:01:07.645+0000] {taskinstance.py:732} INFO - ::endgroup::
[2025-04-09T07:01:07.648+0000] {subprocess.py:78} INFO - Tmp dir root location: /tmp
[2025-04-09T07:01:07.650+0000] {subprocess.py:88} INFO - Running command: ['/usr/bin/bash', '-c', 'python /opt/***/dags/postgres.py']
[2025-04-09T07:01:07.671+0000] {subprocess.py:99} INFO - Output:
[2025-04-09T07:01:13.388+0000] {subprocess.py:106} INFO - 25/04/09 07:01:13 WARN NativeCodeLoader: Unable to load native-hadoop library for your platform... using builtin-java classes where applicable
[2025-04-09T07:01:13.663+0000] {subprocess.py:106} INFO - Setting default log level to "WARN".
[2025-04-09T07:01:13.666+0000] {subprocess.py:106} INFO - To adjust logging level use sc.setLogLevel(newLevel). For SparkR, use setLogLevel(newLevel).
[2025-04-09T07:01:30.187+0000] {subprocess.py:106} INFO - [Stage 0:>                                                          (0 + 1) / 1]                                                                                [Stage 1:>                                                          (0 + 1) / 1]                                                                                +--------------------+----------+-----+-----------+--------+--------+---------+---------+------------+--------------------+
[2025-04-09T07:01:30.190+0000] {subprocess.py:106} INFO - |                city|      date| time|temperature|wind_kph|humidity|feelslike|precip_mm|        text|                icon|
[2025-04-09T07:01:30.193+0000] {subprocess.py:106} INFO - +--------------------+----------+-----+-----------+--------+--------+---------+---------+------------+--------------------+
[2025-04-09T07:01:30.198+0000] {subprocess.py:106} INFO - |               elche|2025-04-07|04:00|       15.6|    11.2|      51|     15.6|      0.0|Mostly Clear|//cdn.weatherapi....|
[2025-04-09T07:01:30.201+0000] {subprocess.py:106} INFO - |               elche|2025-04-07|09:00|       16.4|    12.1|      51|     16.4|      0.0|       Sunny|//cdn.weatherapi....|
[2025-04-09T07:01:30.205+0000] {subprocess.py:106} INFO - |               elche|2025-04-07|15:00|       26.2|    12.9|      26|     26.2|      0.0|       Sunny|//cdn.weatherapi....|
[2025-04-09T07:01:30.213+0000] {subprocess.py:106} INFO - |               elche|2025-04-07|22:00|       17.8|     0.8|      54|     17.8|      0.0|       Sunny|//cdn.weatherapi....|
[2025-04-09T07:01:30.216+0000] {subprocess.py:106} INFO - |              madrid|2025-04-07|04:00|        9.0|     2.0|      86|      9.0|      0.0|       Sunny|//cdn.weatherapi....|
[2025-04-09T07:01:30.219+0000] {subprocess.py:106} INFO - |              madrid|2025-04-07|09:00|        8.1|     6.2|      87|      8.1|      0.0|       Sunny|//cdn.weatherapi....|
[2025-04-09T07:01:30.222+0000] {subprocess.py:106} INFO - |              madrid|2025-04-07|15:00|       19.7|     2.2|      46|     19.7|      0.0|       Sunny|//cdn.weatherapi....|
[2025-04-09T07:01:30.230+0000] {subprocess.py:106} INFO - |              madrid|2025-04-07|22:00|       15.0|     4.1|      72|     15.0|      0.0|       Sunny|//cdn.weatherapi....|
[2025-04-09T07:01:30.234+0000] {subprocess.py:106} INFO - |san juan de alicante|2025-04-07|04:00|       13.5|     7.4|      61|     13.5|      0.0|       Sunny|//cdn.weatherapi....|
[2025-04-09T07:01:30.240+0000] {subprocess.py:106} INFO - |san juan de alicante|2025-04-07|09:00|       15.8|     2.7|      53|     15.8|      0.0|       Sunny|//cdn.weatherapi....|
[2025-04-09T07:01:30.243+0000] {subprocess.py:106} INFO - |san juan de alicante|2025-04-07|15:00|       23.7|    11.2|      33|     23.7|      0.0|Mostly Clear|//cdn.weatherapi....|
[2025-04-09T07:01:30.247+0000] {subprocess.py:106} INFO - |san juan de alicante|2025-04-07|22:00|       17.7|     1.5|      57|     17.7|      0.0|       Sunny|//cdn.weatherapi....|
[2025-04-09T07:01:30.251+0000] {subprocess.py:106} INFO - |          torrevieja|2025-04-07|04:00|       15.6|    13.4|      62|     15.6|      0.0|       Sunny|//cdn.weatherapi....|
[2025-04-09T07:01:30.254+0000] {subprocess.py:106} INFO - |          torrevieja|2025-04-07|09:00|       15.6|    15.3|      61|     15.6|      0.0|       Sunny|//cdn.weatherapi....|
[2025-04-09T07:01:30.259+0000] {subprocess.py:106} INFO - |          torrevieja|2025-04-07|15:00|       22.1|    10.0|      53|     22.1|      0.0|       Sunny|//cdn.weatherapi....|
[2025-04-09T07:01:30.262+0000] {subprocess.py:106} INFO - |          torrevieja|2025-04-07|22:00|       15.9|     0.6|      85|     15.9|      0.0|       Sunny|//cdn.weatherapi....|
[2025-04-09T07:01:30.266+0000] {subprocess.py:106} INFO - |            valencia|2025-04-07|04:00|       14.1|     9.6|      70|     14.1|      0.0|       Sunny|//cdn.weatherapi....|
[2025-04-09T07:01:30.269+0000] {subprocess.py:106} INFO - |            valencia|2025-04-07|09:00|       14.1|     8.8|      66|     14.1|      0.0|       Sunny|//cdn.weatherapi....|
[2025-04-09T07:01:30.272+0000] {subprocess.py:106} INFO - |            valencia|2025-04-07|15:00|       22.6|    13.2|      37|     22.6|      0.0|       Sunny|//cdn.weatherapi....|
[2025-04-09T07:01:30.274+0000] {subprocess.py:106} INFO - |            valencia|2025-04-07|22:00|       17.1|     5.4|      69|     17.1|      0.0|       Sunny|//cdn.weatherapi....|
[2025-04-09T07:01:30.277+0000] {subprocess.py:106} INFO - +--------------------+----------+-----+-----------+--------+--------+---------+---------+------------+--------------------+
[2025-04-09T07:01:30.281+0000] {subprocess.py:106} INFO - 
[2025-04-09T07:01:30.284+0000] {subprocess.py:106} INFO - Datos registrados correctamente en la bbdd
[2025-04-09T07:01:30.912+0000] {subprocess.py:110} INFO - Command exited with return code 0
[2025-04-09T07:01:30.968+0000] {taskinstance.py:341} INFO - ::group::Post task execution logs
[2025-04-09T07:01:30.971+0000] {taskinstance.py:353} INFO - Marking task as SUCCESS. dag_id=daily_weather_etl, task_id=run_postgres_script, run_id=scheduled__2025-04-08T07:00:00+00:00, execution_date=20250408T070000, start_date=20250409T070107, end_date=20250409T070130
[2025-04-09T07:01:31.033+0000] {logging_mixin.py:190} INFO - Task instance in success state
[2025-04-09T07:01:31.036+0000] {logging_mixin.py:190} INFO -  Previous state of the Task instance: running
[2025-04-09T07:01:31.039+0000] {logging_mixin.py:190} INFO - Dag name:daily_weather_etl queued_at:2025-04-09 07:00:01.339069+00:00
[2025-04-09T07:01:31.042+0000] {logging_mixin.py:190} INFO - Task hostname:3c3c1f66214b operator:BashOperator
[2025-04-09T07:01:31.078+0000] {local_task_job_runner.py:266} INFO - Task exited with return code 0
[2025-04-09T07:01:31.097+0000] {local_task_job_runner.py:245} INFO - ::endgroup::
