[2025-04-02T07:00:04.183+0000] {local_task_job_runner.py:123} INFO - ::group::Pre task execution logs
[2025-04-02T07:00:04.413+0000] {taskinstance.py:2614} INFO - Dependencies all met for dep_context=non-requeueable deps ti=<TaskInstance: daily_weather_etl.run_main_script scheduled__2025-04-01T07:00:00+00:00 [queued]>
[2025-04-02T07:00:04.430+0000] {taskinstance.py:2614} INFO - Dependencies all met for dep_context=requeueable deps ti=<TaskInstance: daily_weather_etl.run_main_script scheduled__2025-04-01T07:00:00+00:00 [queued]>
[2025-04-02T07:00:04.433+0000] {taskinstance.py:2867} INFO - Starting attempt 1 of 2
[2025-04-02T07:00:04.465+0000] {taskinstance.py:2890} INFO - Executing <Task(BashOperator): run_main_script> on 2025-04-01 07:00:00+00:00
[2025-04-02T07:00:04.473+0000] {standard_task_runner.py:72} INFO - Started process 53 to run task
[2025-04-02T07:00:04.479+0000] {standard_task_runner.py:104} INFO - Running: ['***', 'tasks', 'run', 'daily_weather_etl', 'run_main_script', 'scheduled__2025-04-01T07:00:00+00:00', '--job-id', '211', '--raw', '--subdir', 'DAGS_FOLDER/weather_dag.py', '--cfg-path', '/tmp/tmpdc97m9l6']
[2025-04-02T07:00:04.481+0000] {standard_task_runner.py:105} INFO - Job 211: Subtask run_main_script
[2025-04-02T07:00:04.559+0000] {task_command.py:467} INFO - Running <TaskInstance: daily_weather_etl.run_main_script scheduled__2025-04-01T07:00:00+00:00 [running]> on host 3c3c1f66214b
[2025-04-02T07:00:04.719+0000] {taskinstance.py:3134} INFO - Exporting env vars: AIRFLOW_CTX_DAG_OWNER='***' AIRFLOW_CTX_DAG_ID='daily_weather_etl' AIRFLOW_CTX_TASK_ID='run_main_script' AIRFLOW_CTX_EXECUTION_DATE='2025-04-01T07:00:00+00:00' AIRFLOW_CTX_TRY_NUMBER='1' AIRFLOW_CTX_DAG_RUN_ID='scheduled__2025-04-01T07:00:00+00:00'
[2025-04-02T07:00:04.722+0000] {logging_mixin.py:190} INFO - Task instance is in running state
[2025-04-02T07:00:04.723+0000] {logging_mixin.py:190} INFO -  Previous state of the Task instance: queued
[2025-04-02T07:00:04.725+0000] {logging_mixin.py:190} INFO - Current task name:run_main_script state:running start_date:2025-04-02 07:00:04.415377+00:00
[2025-04-02T07:00:04.727+0000] {logging_mixin.py:190} INFO - Dag name:daily_weather_etl and current dag run status:running
[2025-04-02T07:00:04.729+0000] {taskinstance.py:732} INFO - ::endgroup::
[2025-04-02T07:00:04.731+0000] {subprocess.py:78} INFO - Tmp dir root location: /tmp
[2025-04-02T07:00:04.733+0000] {subprocess.py:88} INFO - Running command: ['/usr/bin/bash', '-c', 'python /opt/***/dags/main.py']
[2025-04-02T07:00:04.751+0000] {subprocess.py:99} INFO - Output:
[2025-04-02T07:00:10.458+0000] {subprocess.py:106} INFO - 25/04/02 07:00:10 WARN NativeCodeLoader: Unable to load native-hadoop library for your platform... using builtin-java classes where applicable
[2025-04-02T07:00:10.828+0000] {subprocess.py:106} INFO - Setting default log level to "WARN".
[2025-04-02T07:00:10.830+0000] {subprocess.py:106} INFO - To adjust logging level use sc.setLogLevel(newLevel). For SparkR, use setLogLevel(newLevel).
[2025-04-02T07:00:15.143+0000] {subprocess.py:106} INFO - Ciudades registradas:
[2025-04-02T07:00:15.656+0000] {subprocess.py:110} INFO - Command exited with return code 0
[2025-04-02T07:00:15.691+0000] {taskinstance.py:341} INFO - ::group::Post task execution logs
[2025-04-02T07:00:15.693+0000] {taskinstance.py:353} INFO - Marking task as SUCCESS. dag_id=daily_weather_etl, task_id=run_main_script, run_id=scheduled__2025-04-01T07:00:00+00:00, execution_date=20250401T070000, start_date=20250402T070004, end_date=20250402T070015
[2025-04-02T07:00:15.747+0000] {logging_mixin.py:190} INFO - Task instance in success state
[2025-04-02T07:00:15.750+0000] {logging_mixin.py:190} INFO -  Previous state of the Task instance: running
[2025-04-02T07:00:15.752+0000] {logging_mixin.py:190} INFO - Dag name:daily_weather_etl queued_at:2025-04-02 07:00:00.482397+00:00
[2025-04-02T07:00:15.754+0000] {logging_mixin.py:190} INFO - Task hostname:3c3c1f66214b operator:BashOperator
[2025-04-02T07:00:15.783+0000] {local_task_job_runner.py:266} INFO - Task exited with return code 0
[2025-04-02T07:00:15.835+0000] {taskinstance.py:3901} INFO - 1 downstream tasks scheduled from follow-on schedule check
[2025-04-02T07:00:15.838+0000] {local_task_job_runner.py:245} INFO - ::endgroup::
