[2025-04-03T07:00:03.297+0000] {local_task_job_runner.py:123} INFO - ::group::Pre task execution logs
[2025-04-03T07:00:03.451+0000] {taskinstance.py:2614} INFO - Dependencies all met for dep_context=non-requeueable deps ti=<TaskInstance: daily_weather_etl.run_main_script scheduled__2025-04-02T07:00:00+00:00 [queued]>
[2025-04-03T07:00:03.462+0000] {taskinstance.py:2614} INFO - Dependencies all met for dep_context=requeueable deps ti=<TaskInstance: daily_weather_etl.run_main_script scheduled__2025-04-02T07:00:00+00:00 [queued]>
[2025-04-03T07:00:03.465+0000] {taskinstance.py:2867} INFO - Starting attempt 1 of 2
[2025-04-03T07:00:03.482+0000] {taskinstance.py:2890} INFO - Executing <Task(BashOperator): run_main_script> on 2025-04-02 07:00:00+00:00
[2025-04-03T07:00:03.490+0000] {standard_task_runner.py:72} INFO - Started process 54 to run task
[2025-04-03T07:00:03.494+0000] {standard_task_runner.py:104} INFO - Running: ['***', 'tasks', 'run', 'daily_weather_etl', 'run_main_script', 'scheduled__2025-04-02T07:00:00+00:00', '--job-id', '215', '--raw', '--subdir', 'DAGS_FOLDER/weather_dag.py', '--cfg-path', '/tmp/tmp55jqtqor']
[2025-04-03T07:00:03.497+0000] {standard_task_runner.py:105} INFO - Job 215: Subtask run_main_script
[2025-04-03T07:00:03.559+0000] {task_command.py:467} INFO - Running <TaskInstance: daily_weather_etl.run_main_script scheduled__2025-04-02T07:00:00+00:00 [running]> on host 3c3c1f66214b
[2025-04-03T07:00:03.682+0000] {taskinstance.py:3134} INFO - Exporting env vars: AIRFLOW_CTX_DAG_OWNER='***' AIRFLOW_CTX_DAG_ID='daily_weather_etl' AIRFLOW_CTX_TASK_ID='run_main_script' AIRFLOW_CTX_EXECUTION_DATE='2025-04-02T07:00:00+00:00' AIRFLOW_CTX_TRY_NUMBER='1' AIRFLOW_CTX_DAG_RUN_ID='scheduled__2025-04-02T07:00:00+00:00'
[2025-04-03T07:00:03.685+0000] {logging_mixin.py:190} INFO - Task instance is in running state
[2025-04-03T07:00:03.686+0000] {logging_mixin.py:190} INFO -  Previous state of the Task instance: queued
[2025-04-03T07:00:03.688+0000] {logging_mixin.py:190} INFO - Current task name:run_main_script state:running start_date:2025-04-03 07:00:03.453238+00:00
[2025-04-03T07:00:03.689+0000] {logging_mixin.py:190} INFO - Dag name:daily_weather_etl and current dag run status:running
[2025-04-03T07:00:03.691+0000] {taskinstance.py:732} INFO - ::endgroup::
[2025-04-03T07:00:03.693+0000] {subprocess.py:78} INFO - Tmp dir root location: /tmp
[2025-04-03T07:00:03.695+0000] {subprocess.py:88} INFO - Running command: ['/usr/bin/bash', '-c', 'python /opt/***/dags/main.py']
[2025-04-03T07:00:03.709+0000] {subprocess.py:99} INFO - Output:
[2025-04-03T07:00:08.462+0000] {subprocess.py:106} INFO - 25/04/03 07:00:08 WARN NativeCodeLoader: Unable to load native-hadoop library for your platform... using builtin-java classes where applicable
[2025-04-03T07:00:08.775+0000] {subprocess.py:106} INFO - Setting default log level to "WARN".
[2025-04-03T07:00:08.777+0000] {subprocess.py:106} INFO - To adjust logging level use sc.setLogLevel(newLevel). For SparkR, use setLogLevel(newLevel).
[2025-04-03T07:00:11.794+0000] {subprocess.py:106} INFO - Ciudades registradas:
[2025-04-03T07:00:12.332+0000] {subprocess.py:110} INFO - Command exited with return code 0
[2025-04-03T07:00:12.395+0000] {taskinstance.py:341} INFO - ::group::Post task execution logs
[2025-04-03T07:00:12.399+0000] {taskinstance.py:353} INFO - Marking task as SUCCESS. dag_id=daily_weather_etl, task_id=run_main_script, run_id=scheduled__2025-04-02T07:00:00+00:00, execution_date=20250402T070000, start_date=20250403T070003, end_date=20250403T070012
[2025-04-03T07:00:12.435+0000] {logging_mixin.py:190} INFO - Task instance in success state
[2025-04-03T07:00:12.437+0000] {logging_mixin.py:190} INFO -  Previous state of the Task instance: running
[2025-04-03T07:00:12.439+0000] {logging_mixin.py:190} INFO - Dag name:daily_weather_etl queued_at:2025-04-03 07:00:00.245457+00:00
[2025-04-03T07:00:12.441+0000] {logging_mixin.py:190} INFO - Task hostname:3c3c1f66214b operator:BashOperator
[2025-04-03T07:00:12.480+0000] {local_task_job_runner.py:266} INFO - Task exited with return code 0
[2025-04-03T07:00:12.524+0000] {taskinstance.py:3901} INFO - 1 downstream tasks scheduled from follow-on schedule check
[2025-04-03T07:00:12.529+0000] {local_task_job_runner.py:245} INFO - ::endgroup::
