[2025-04-09T11:36:53.379+0000] {local_task_job_runner.py:123} INFO - ::group::Pre task execution logs
[2025-04-09T11:36:53.640+0000] {taskinstance.py:2614} INFO - Dependencies all met for dep_context=non-requeueable deps ti=<TaskInstance: daily_weather_etl.run_main_script manual__2025-04-09T11:36:49.437062+00:00 [queued]>
[2025-04-09T11:36:53.661+0000] {taskinstance.py:2614} INFO - Dependencies all met for dep_context=requeueable deps ti=<TaskInstance: daily_weather_etl.run_main_script manual__2025-04-09T11:36:49.437062+00:00 [queued]>
[2025-04-09T11:36:53.663+0000] {taskinstance.py:2867} INFO - Starting attempt 1 of 2
[2025-04-09T11:36:53.696+0000] {taskinstance.py:2890} INFO - Executing <Task(BashOperator): run_main_script> on 2025-04-09 11:36:49.437062+00:00
[2025-04-09T11:36:53.707+0000] {standard_task_runner.py:72} INFO - Started process 17113 to run task
[2025-04-09T11:36:53.713+0000] {standard_task_runner.py:104} INFO - Running: ['***', 'tasks', 'run', 'daily_weather_etl', 'run_main_script', 'manual__2025-04-09T11:36:49.437062+00:00', '--job-id', '273', '--raw', '--subdir', 'DAGS_FOLDER/weather_dag.py', '--cfg-path', '/tmp/tmp86zyb1x4']
[2025-04-09T11:36:53.716+0000] {standard_task_runner.py:105} INFO - Job 273: Subtask run_main_script
[2025-04-09T11:36:53.793+0000] {task_command.py:467} INFO - Running <TaskInstance: daily_weather_etl.run_main_script manual__2025-04-09T11:36:49.437062+00:00 [running]> on host 3c3c1f66214b
[2025-04-09T11:36:53.969+0000] {taskinstance.py:3134} INFO - Exporting env vars: AIRFLOW_CTX_DAG_OWNER='***' AIRFLOW_CTX_DAG_ID='daily_weather_etl' AIRFLOW_CTX_TASK_ID='run_main_script' AIRFLOW_CTX_EXECUTION_DATE='2025-04-09T11:36:49.437062+00:00' AIRFLOW_CTX_TRY_NUMBER='1' AIRFLOW_CTX_DAG_RUN_ID='manual__2025-04-09T11:36:49.437062+00:00'
[2025-04-09T11:36:53.972+0000] {logging_mixin.py:190} INFO - Task instance is in running state
[2025-04-09T11:36:53.974+0000] {logging_mixin.py:190} INFO -  Previous state of the Task instance: queued
[2025-04-09T11:36:53.975+0000] {logging_mixin.py:190} INFO - Current task name:run_main_script state:running start_date:2025-04-09 11:36:53.642266+00:00
[2025-04-09T11:36:53.977+0000] {logging_mixin.py:190} INFO - Dag name:daily_weather_etl and current dag run status:running
[2025-04-09T11:36:53.978+0000] {taskinstance.py:732} INFO - ::endgroup::
[2025-04-09T11:36:53.981+0000] {subprocess.py:78} INFO - Tmp dir root location: /tmp
[2025-04-09T11:36:53.984+0000] {subprocess.py:88} INFO - Running command: ['/usr/bin/bash', '-c', 'python /opt/***/dags/main.py']
[2025-04-09T11:36:54.008+0000] {subprocess.py:99} INFO - Output:
[2025-04-09T11:36:58.858+0000] {subprocess.py:106} INFO - 25/04/09 11:36:58 WARN NativeCodeLoader: Unable to load native-hadoop library for your platform... using builtin-java classes where applicable
[2025-04-09T11:36:59.121+0000] {subprocess.py:106} INFO - Setting default log level to "WARN".
[2025-04-09T11:36:59.123+0000] {subprocess.py:106} INFO - To adjust logging level use sc.setLogLevel(newLevel). For SparkR, use setLogLevel(newLevel).
[2025-04-09T11:37:02.567+0000] {subprocess.py:106} INFO - Ciudades registradas:
[2025-04-09T11:37:03.241+0000] {subprocess.py:110} INFO - Command exited with return code 0
[2025-04-09T11:37:03.280+0000] {taskinstance.py:341} INFO - ::group::Post task execution logs
[2025-04-09T11:37:03.282+0000] {taskinstance.py:353} INFO - Marking task as SUCCESS. dag_id=daily_weather_etl, task_id=run_main_script, run_id=manual__2025-04-09T11:36:49.437062+00:00, execution_date=20250409T113649, start_date=20250409T113653, end_date=20250409T113703
[2025-04-09T11:37:03.319+0000] {logging_mixin.py:190} INFO - Task instance in success state
[2025-04-09T11:37:03.321+0000] {logging_mixin.py:190} INFO -  Previous state of the Task instance: running
[2025-04-09T11:37:03.322+0000] {logging_mixin.py:190} INFO - Dag name:daily_weather_etl queued_at:2025-04-09 11:36:49.482210+00:00
[2025-04-09T11:37:03.324+0000] {logging_mixin.py:190} INFO - Task hostname:3c3c1f66214b operator:BashOperator
[2025-04-09T11:37:03.346+0000] {local_task_job_runner.py:266} INFO - Task exited with return code 0
[2025-04-09T11:37:03.384+0000] {taskinstance.py:3901} INFO - 1 downstream tasks scheduled from follow-on schedule check
[2025-04-09T11:37:03.388+0000] {local_task_job_runner.py:245} INFO - ::endgroup::
