[2025-03-26T10:03:58.028+0000] {local_task_job_runner.py:123} INFO - ::group::Pre task execution logs
[2025-03-26T10:03:58.161+0000] {taskinstance.py:2614} INFO - Dependencies all met for dep_context=non-requeueable deps ti=<TaskInstance: historical_weather_etl.run_historical_script manual__2025-03-26T10:03:56.247940+00:00 [queued]>
[2025-03-26T10:03:58.172+0000] {taskinstance.py:2614} INFO - Dependencies all met for dep_context=requeueable deps ti=<TaskInstance: historical_weather_etl.run_historical_script manual__2025-03-26T10:03:56.247940+00:00 [queued]>
[2025-03-26T10:03:58.173+0000] {taskinstance.py:2867} INFO - Starting attempt 1 of 2
[2025-03-26T10:03:58.189+0000] {taskinstance.py:2890} INFO - Executing <Task(BashOperator): run_historical_script> on 2025-03-26 10:03:56.247940+00:00
[2025-03-26T10:03:58.195+0000] {standard_task_runner.py:72} INFO - Started process 40211 to run task
[2025-03-26T10:03:58.198+0000] {standard_task_runner.py:104} INFO - Running: ['***', 'tasks', 'run', 'historical_weather_etl', 'run_historical_script', 'manual__2025-03-26T10:03:56.247940+00:00', '--job-id', '70', '--raw', '--subdir', 'DAGS_FOLDER/historical_dag.py', '--cfg-path', '/tmp/tmp2__hhk90']
[2025-03-26T10:03:58.201+0000] {standard_task_runner.py:105} INFO - Job 70: Subtask run_historical_script
[2025-03-26T10:03:58.254+0000] {task_command.py:467} INFO - Running <TaskInstance: historical_weather_etl.run_historical_script manual__2025-03-26T10:03:56.247940+00:00 [running]> on host 3c3c1f66214b
[2025-03-26T10:03:58.361+0000] {taskinstance.py:3134} INFO - Exporting env vars: AIRFLOW_CTX_DAG_OWNER='***' AIRFLOW_CTX_DAG_ID='historical_weather_etl' AIRFLOW_CTX_TASK_ID='run_historical_script' AIRFLOW_CTX_EXECUTION_DATE='2025-03-26T10:03:56.247940+00:00' AIRFLOW_CTX_TRY_NUMBER='1' AIRFLOW_CTX_DAG_RUN_ID='manual__2025-03-26T10:03:56.247940+00:00'
[2025-03-26T10:03:58.363+0000] {logging_mixin.py:190} INFO - Task instance is in running state
[2025-03-26T10:03:58.364+0000] {logging_mixin.py:190} INFO -  Previous state of the Task instance: queued
[2025-03-26T10:03:58.366+0000] {logging_mixin.py:190} INFO - Current task name:run_historical_script state:running start_date:2025-03-26 10:03:58.162797+00:00
[2025-03-26T10:03:58.367+0000] {logging_mixin.py:190} INFO - Dag name:historical_weather_etl and current dag run status:running
[2025-03-26T10:03:58.369+0000] {taskinstance.py:732} INFO - ::endgroup::
[2025-03-26T10:03:58.370+0000] {subprocess.py:78} INFO - Tmp dir root location: /tmp
[2025-03-26T10:03:58.372+0000] {subprocess.py:88} INFO - Running command: ['/usr/bin/bash', '-c', 'python /opt/***/dags/historical.py']
[2025-03-26T10:03:58.385+0000] {subprocess.py:99} INFO - Output:
[2025-03-26T10:04:01.009+0000] {subprocess.py:106} INFO - 25/03/26 10:04:01 WARN NativeCodeLoader: Unable to load native-hadoop library for your platform... using builtin-java classes where applicable
[2025-03-26T10:04:01.170+0000] {subprocess.py:106} INFO - Setting default log level to "WARN".
[2025-03-26T10:04:01.172+0000] {subprocess.py:106} INFO - To adjust logging level use sc.setLogLevel(newLevel). For SparkR, use setLogLevel(newLevel).
[2025-03-26T10:04:14.018+0000] {subprocess.py:106} INFO - [Stage 0:>                                                          (0 + 8) / 8]                                                                                +-----+----------------+-----------+--------+--------+---------+---------+----------------+----------------------------------------------+
[2025-03-26T10:04:14.019+0000] {subprocess.py:106} INFO - |city |local_time      |temperature|wind_kph|humidity|feelslike|precip_mm|text            |icon                                          |
[2025-03-26T10:04:14.020+0000] {subprocess.py:106} INFO - +-----+----------------+-----------+--------+--------+---------+---------+----------------+----------------------------------------------+
[2025-03-26T10:04:14.021+0000] {subprocess.py:106} INFO - |elche|2021-01-01 09:00|7.1        |16.1    |67      |7.1      |0.0      |Sunny           |//cdn.weatherapi.com/weather/64x64/day/113.png|
[2025-03-26T10:04:14.022+0000] {subprocess.py:106} INFO - |elche|2021-01-02 09:00|4.9        |22.8    |55      |4.9      |0.0      |Sunny           |//cdn.weatherapi.com/weather/64x64/day/113.png|
[2025-03-26T10:04:14.022+0000] {subprocess.py:106} INFO - |elche|2021-01-03 09:00|5.3        |23.5    |46      |5.3      |0.0      |Sunny           |//cdn.weatherapi.com/weather/64x64/day/113.png|
[2025-03-26T10:04:14.023+0000] {subprocess.py:106} INFO - |elche|2021-01-04 09:00|4.2        |9.8     |63      |4.2      |0.0      |Sunny           |//cdn.weatherapi.com/weather/64x64/day/113.png|
[2025-03-26T10:04:14.024+0000] {subprocess.py:106} INFO - |elche|2021-01-05 09:00|3.5        |20.6    |69      |3.5      |0.0      |Sunny           |//cdn.weatherapi.com/weather/64x64/day/113.png|
[2025-03-26T10:04:14.024+0000] {subprocess.py:106} INFO - |elche|2021-01-06 09:00|5.2        |10.9    |52      |5.2      |0.0      |Mostly Clear    |//cdn.weatherapi.com/weather/64x64/day/116.png|
[2025-03-26T10:04:14.025+0000] {subprocess.py:106} INFO - |elche|2021-01-07 09:00|6.3        |8.3     |84      |6.3      |0.7      |Moderate Drizzle|//cdn.weatherapi.com/weather/64x64/day/176.png|
[2025-03-26T10:04:14.027+0000] {subprocess.py:106} INFO - |elche|2021-01-08 09:00|6.7        |11.8    |81      |6.7      |0.1      |Light Drizzle   |//cdn.weatherapi.com/weather/64x64/day/176.png|
[2025-03-26T10:04:14.027+0000] {subprocess.py:106} INFO - |elche|2021-01-09 09:00|7.2        |8.2     |86      |7.2      |0.0      |Cloudy          |//cdn.weatherapi.com/weather/64x64/day/119.png|
[2025-03-26T10:04:14.028+0000] {subprocess.py:106} INFO - |elche|2021-01-10 09:00|6.1        |9.0     |79      |6.1      |0.3      |Light Drizzle   |//cdn.weatherapi.com/weather/64x64/day/176.png|
[2025-03-26T10:04:14.029+0000] {subprocess.py:106} INFO - |elche|2021-01-11 09:00|3.2        |12.6    |87      |3.2      |0.0      |Sunny           |//cdn.weatherapi.com/weather/64x64/day/113.png|
[2025-03-26T10:04:14.029+0000] {subprocess.py:106} INFO - |elche|2021-01-12 09:00|2.4        |18.0    |56      |2.4      |0.0      |Sunny           |//cdn.weatherapi.com/weather/64x64/day/113.png|
[2025-03-26T10:04:14.030+0000] {subprocess.py:106} INFO - |elche|2021-01-13 09:00|3.0        |15.3    |63      |3.0      |0.0      |Sunny           |//cdn.weatherapi.com/weather/64x64/day/113.png|
[2025-03-26T10:04:14.031+0000] {subprocess.py:106} INFO - |elche|2021-01-14 09:00|4.1        |17.9    |69      |4.1      |0.0      |Sunny           |//cdn.weatherapi.com/weather/64x64/day/113.png|
[2025-03-26T10:04:14.032+0000] {subprocess.py:106} INFO - |elche|2021-01-15 09:00|7.1        |20.5    |68      |7.1      |0.0      |Sunny           |//cdn.weatherapi.com/weather/64x64/day/113.png|
[2025-03-26T10:04:14.032+0000] {subprocess.py:106} INFO - |elche|2021-01-16 09:00|5.5        |12.4    |62      |5.5      |0.0      |Sunny           |//cdn.weatherapi.com/weather/64x64/day/113.png|
[2025-03-26T10:04:14.033+0000] {subprocess.py:106} INFO - |elche|2021-01-17 09:00|6.2        |15.0    |50      |6.2      |0.0      |Sunny           |//cdn.weatherapi.com/weather/64x64/day/113.png|
[2025-03-26T10:04:14.034+0000] {subprocess.py:106} INFO - |elche|2021-01-18 09:00|6.2        |11.1    |75      |6.2      |0.0      |Mostly Clear    |//cdn.weatherapi.com/weather/64x64/day/116.png|
[2025-03-26T10:04:14.035+0000] {subprocess.py:106} INFO - |elche|2021-01-19 09:00|6.3        |10.3    |85      |6.3      |0.0      |Mostly Clear    |//cdn.weatherapi.com/weather/64x64/day/116.png|
[2025-03-26T10:04:14.036+0000] {subprocess.py:106} INFO - |elche|2021-01-20 09:00|6.3        |2.7     |95      |6.3      |0.0      |Cloudy          |//cdn.weatherapi.com/weather/64x64/day/119.png|
[2025-03-26T10:04:14.037+0000] {subprocess.py:106} INFO - +-----+----------------+-----------+--------+--------+---------+---------+----------------+----------------------------------------------+
[2025-03-26T10:04:14.037+0000] {subprocess.py:106} INFO - only showing top 20 rows
[2025-03-26T10:04:14.038+0000] {subprocess.py:106} INFO - 
[2025-03-26T10:04:14.039+0000] {subprocess.py:106} INFO - Error: set_data_minio() takes 3 positional arguments but 4 were given
[2025-03-26T10:04:14.482+0000] {subprocess.py:110} INFO - Command exited with return code 0
[2025-03-26T10:04:14.506+0000] {taskinstance.py:341} INFO - ::group::Post task execution logs
[2025-03-26T10:04:14.507+0000] {taskinstance.py:353} INFO - Marking task as SUCCESS. dag_id=historical_weather_etl, task_id=run_historical_script, run_id=manual__2025-03-26T10:03:56.247940+00:00, execution_date=20250326T100356, start_date=20250326T100358, end_date=20250326T100414
[2025-03-26T10:04:14.529+0000] {logging_mixin.py:190} INFO - Task instance in success state
[2025-03-26T10:04:14.530+0000] {logging_mixin.py:190} INFO -  Previous state of the Task instance: running
[2025-03-26T10:04:14.531+0000] {logging_mixin.py:190} INFO - Dag name:historical_weather_etl queued_at:2025-03-26 10:03:56.271786+00:00
[2025-03-26T10:04:14.532+0000] {logging_mixin.py:190} INFO - Task hostname:3c3c1f66214b operator:BashOperator
[2025-03-26T10:04:14.572+0000] {local_task_job_runner.py:266} INFO - Task exited with return code 0
[2025-03-26T10:04:14.610+0000] {taskinstance.py:3901} INFO - 0 downstream tasks scheduled from follow-on schedule check
[2025-03-26T10:04:14.616+0000] {local_task_job_runner.py:245} INFO - ::endgroup::
