[2025-04-09T08:38:17.605+0000] {local_task_job_runner.py:123} INFO - ::group::Pre task execution logs
[2025-04-09T08:38:17.733+0000] {taskinstance.py:2614} INFO - Dependencies all met for dep_context=non-requeueable deps ti=<TaskInstance: daily_weather_etl.run_main_script manual__2025-04-09T08:38:15.987138+00:00 [queued]>
[2025-04-09T08:38:17.743+0000] {taskinstance.py:2614} INFO - Dependencies all met for dep_context=requeueable deps ti=<TaskInstance: daily_weather_etl.run_main_script manual__2025-04-09T08:38:15.987138+00:00 [queued]>
[2025-04-09T08:38:17.746+0000] {taskinstance.py:2867} INFO - Starting attempt 1 of 2
[2025-04-09T08:38:17.760+0000] {taskinstance.py:2890} INFO - Executing <Task(BashOperator): run_main_script> on 2025-04-09 08:38:15.987138+00:00
[2025-04-09T08:38:17.767+0000] {standard_task_runner.py:72} INFO - Started process 6966 to run task
[2025-04-09T08:38:17.771+0000] {standard_task_runner.py:104} INFO - Running: ['***', 'tasks', 'run', 'daily_weather_etl', 'run_main_script', 'manual__2025-04-09T08:38:15.987138+00:00', '--job-id', '253', '--raw', '--subdir', 'DAGS_FOLDER/weather_dag.py', '--cfg-path', '/tmp/tmppz0v5l_h']
[2025-04-09T08:38:17.773+0000] {standard_task_runner.py:105} INFO - Job 253: Subtask run_main_script
[2025-04-09T08:38:17.818+0000] {task_command.py:467} INFO - Running <TaskInstance: daily_weather_etl.run_main_script manual__2025-04-09T08:38:15.987138+00:00 [running]> on host 3c3c1f66214b
[2025-04-09T08:38:17.890+0000] {taskinstance.py:3134} INFO - Exporting env vars: AIRFLOW_CTX_DAG_OWNER='***' AIRFLOW_CTX_DAG_ID='daily_weather_etl' AIRFLOW_CTX_TASK_ID='run_main_script' AIRFLOW_CTX_EXECUTION_DATE='2025-04-09T08:38:15.987138+00:00' AIRFLOW_CTX_TRY_NUMBER='1' AIRFLOW_CTX_DAG_RUN_ID='manual__2025-04-09T08:38:15.987138+00:00'
[2025-04-09T08:38:17.892+0000] {logging_mixin.py:190} INFO - Task instance is in running state
[2025-04-09T08:38:17.893+0000] {logging_mixin.py:190} INFO -  Previous state of the Task instance: queued
[2025-04-09T08:38:17.894+0000] {logging_mixin.py:190} INFO - Current task name:run_main_script state:running start_date:2025-04-09 08:38:17.734726+00:00
[2025-04-09T08:38:17.895+0000] {logging_mixin.py:190} INFO - Dag name:daily_weather_etl and current dag run status:running
[2025-04-09T08:38:17.895+0000] {taskinstance.py:732} INFO - ::endgroup::
[2025-04-09T08:38:17.897+0000] {subprocess.py:78} INFO - Tmp dir root location: /tmp
[2025-04-09T08:38:17.898+0000] {subprocess.py:88} INFO - Running command: ['/usr/bin/bash', '-c', 'python /opt/***/dags/main.py']
[2025-04-09T08:38:17.907+0000] {subprocess.py:99} INFO - Output:
[2025-04-09T08:38:20.717+0000] {subprocess.py:106} INFO - 25/04/09 08:38:20 WARN NativeCodeLoader: Unable to load native-hadoop library for your platform... using builtin-java classes where applicable
[2025-04-09T08:38:20.951+0000] {subprocess.py:106} INFO - Setting default log level to "WARN".
[2025-04-09T08:38:20.953+0000] {subprocess.py:106} INFO - To adjust logging level use sc.setLogLevel(newLevel). For SparkR, use setLogLevel(newLevel).
[2025-04-09T08:38:47.119+0000] {subprocess.py:106} INFO - [Stage 0:>                                                          (0 + 8) / 8]                                                                                [Stage 5:>                                                          (0 + 1) / 1]                                                                                [Stage 16:>                                                         (0 + 8) / 8][Stage 16:=============================>                            (4 + 4) / 8][Stage 16:====================================>                     (5 + 3) / 8][Stage 16:===========================================>              (6 + 2) / 8]                                                                                25/04/09 08:38:47 ERROR Executor: Exception in task 0.0 in stage 29.0 (TID 149)
[2025-04-09T08:38:47.120+0000] {subprocess.py:106} INFO - java.sql.BatchUpdateException: Batch entry 0 INSERT INTO pro_raw_api.daily_weather ("city","time","temperature","wind_kph","humidity","feelslike","precip_mm","text") VALUES ('elche','2021-01-01 04:00',5.9,6.6,74,5.9,0.1,'Light Drizzle') was aborted: ERROR: column "time" is of type timestamp without time zone but expression is of type character varying
[2025-04-09T08:38:47.121+0000] {subprocess.py:106} INFO -   Hint: You will need to rewrite or cast the expression.
[2025-04-09T08:38:47.123+0000] {subprocess.py:106} INFO -   Position: 133  Call getNextException to see other errors in the batch.
[2025-04-09T08:38:47.124+0000] {subprocess.py:106} INFO - 	at org.postgresql.jdbc.BatchResultHandler.handleError(BatchResultHandler.java:171)
[2025-04-09T08:38:47.125+0000] {subprocess.py:106} INFO - 	at org.postgresql.jdbc.PgStatement.internalExecuteBatch(PgStatement.java:862)
[2025-04-09T08:38:47.126+0000] {subprocess.py:106} INFO - 	at org.postgresql.jdbc.PgStatement.executeBatch(PgStatement.java:901)
[2025-04-09T08:38:47.128+0000] {subprocess.py:106} INFO - 	at org.postgresql.jdbc.PgPreparedStatement.executeBatch(PgPreparedStatement.java:1644)
[2025-04-09T08:38:47.129+0000] {subprocess.py:106} INFO - 	at org.apache.spark.sql.execution.datasources.jdbc.JdbcUtils$.savePartition(JdbcUtils.scala:748)
[2025-04-09T08:38:47.130+0000] {subprocess.py:106} INFO - 	at org.apache.spark.sql.execution.datasources.jdbc.JdbcUtils$.$anonfun$saveTable$1(JdbcUtils.scala:904)
[2025-04-09T08:38:47.131+0000] {subprocess.py:106} INFO - 	at org.apache.spark.sql.execution.datasources.jdbc.JdbcUtils$.$anonfun$saveTable$1$adapted(JdbcUtils.scala:903)
[2025-04-09T08:38:47.132+0000] {subprocess.py:106} INFO - 	at org.apache.spark.rdd.RDD.$anonfun$foreachPartition$2(RDD.scala:1039)
[2025-04-09T08:38:47.134+0000] {subprocess.py:106} INFO - 	at org.apache.spark.rdd.RDD.$anonfun$foreachPartition$2$adapted(RDD.scala:1039)
[2025-04-09T08:38:47.136+0000] {subprocess.py:106} INFO - 	at org.apache.spark.SparkContext.$anonfun$runJob$5(SparkContext.scala:2433)
[2025-04-09T08:38:47.137+0000] {subprocess.py:106} INFO - 	at org.apache.spark.scheduler.ResultTask.runTask(ResultTask.scala:93)
[2025-04-09T08:38:47.138+0000] {subprocess.py:106} INFO - 	at org.apache.spark.TaskContext.runTaskWithListeners(TaskContext.scala:166)
[2025-04-09T08:38:47.140+0000] {subprocess.py:106} INFO - 	at org.apache.spark.scheduler.Task.run(Task.scala:141)
[2025-04-09T08:38:47.141+0000] {subprocess.py:106} INFO - 	at org.apache.spark.executor.Executor$TaskRunner.$anonfun$run$4(Executor.scala:620)
[2025-04-09T08:38:47.142+0000] {subprocess.py:106} INFO - 	at org.apache.spark.util.SparkErrorUtils.tryWithSafeFinally(SparkErrorUtils.scala:64)
[2025-04-09T08:38:47.143+0000] {subprocess.py:106} INFO - 	at org.apache.spark.util.SparkErrorUtils.tryWithSafeFinally$(SparkErrorUtils.scala:61)
[2025-04-09T08:38:47.144+0000] {subprocess.py:106} INFO - 	at org.apache.spark.util.Utils$.tryWithSafeFinally(Utils.scala:94)
[2025-04-09T08:38:47.146+0000] {subprocess.py:106} INFO - 	at org.apache.spark.executor.Executor$TaskRunner.run(Executor.scala:623)
[2025-04-09T08:38:47.147+0000] {subprocess.py:106} INFO - 	at java.base/java.util.concurrent.ThreadPoolExecutor.runWorker(ThreadPoolExecutor.java:1136)
[2025-04-09T08:38:47.148+0000] {subprocess.py:106} INFO - 	at java.base/java.util.concurrent.ThreadPoolExecutor$Worker.run(ThreadPoolExecutor.java:635)
[2025-04-09T08:38:47.150+0000] {subprocess.py:106} INFO - 	at java.base/java.lang.Thread.run(Thread.java:840)
[2025-04-09T08:38:47.151+0000] {subprocess.py:106} INFO - Caused by: org.postgresql.util.PSQLException: ERROR: column "time" is of type timestamp without time zone but expression is of type character varying
[2025-04-09T08:38:47.153+0000] {subprocess.py:106} INFO -   Hint: You will need to rewrite or cast the expression.
[2025-04-09T08:38:47.154+0000] {subprocess.py:106} INFO -   Position: 133
[2025-04-09T08:38:47.155+0000] {subprocess.py:106} INFO - 	at org.postgresql.core.v3.QueryExecutorImpl.receiveErrorResponse(QueryExecutorImpl.java:2565)
[2025-04-09T08:38:47.157+0000] {subprocess.py:106} INFO - 	at org.postgresql.core.v3.QueryExecutorImpl.processResults(QueryExecutorImpl.java:2297)
[2025-04-09T08:38:47.158+0000] {subprocess.py:106} INFO - 	at org.postgresql.core.v3.QueryExecutorImpl.execute(QueryExecutorImpl.java:322)
[2025-04-09T08:38:47.159+0000] {subprocess.py:106} INFO - 	at org.postgresql.jdbc.PgStatement.internalExecuteBatch(PgStatement.java:859)
[2025-04-09T08:38:47.160+0000] {subprocess.py:106} INFO - 	... 19 more
[2025-04-09T08:38:47.161+0000] {subprocess.py:106} INFO - 25/04/09 08:38:47 WARN TaskSetManager: Lost task 0.0 in stage 29.0 (TID 149) (3c3c1f66214b executor driver): java.sql.BatchUpdateException: Batch entry 0 INSERT INTO pro_raw_api.daily_weather ("city","time","temperature","wind_kph","humidity","feelslike","precip_mm","text") VALUES ('elche','2021-01-01 04:00',5.9,6.6,74,5.9,0.1,'Light Drizzle') was aborted: ERROR: column "time" is of type timestamp without time zone but expression is of type character varying
[2025-04-09T08:38:47.163+0000] {subprocess.py:106} INFO -   Hint: You will need to rewrite or cast the expression.
[2025-04-09T08:38:47.164+0000] {subprocess.py:106} INFO -   Position: 133  Call getNextException to see other errors in the batch.
[2025-04-09T08:38:47.165+0000] {subprocess.py:106} INFO - 	at org.postgresql.jdbc.BatchResultHandler.handleError(BatchResultHandler.java:171)
[2025-04-09T08:38:47.167+0000] {subprocess.py:106} INFO - 	at org.postgresql.jdbc.PgStatement.internalExecuteBatch(PgStatement.java:862)
[2025-04-09T08:38:47.168+0000] {subprocess.py:106} INFO - 	at org.postgresql.jdbc.PgStatement.executeBatch(PgStatement.java:901)
[2025-04-09T08:38:47.170+0000] {subprocess.py:106} INFO - 	at org.postgresql.jdbc.PgPreparedStatement.executeBatch(PgPreparedStatement.java:1644)
[2025-04-09T08:38:47.171+0000] {subprocess.py:106} INFO - 	at org.apache.spark.sql.execution.datasources.jdbc.JdbcUtils$.savePartition(JdbcUtils.scala:748)
[2025-04-09T08:38:47.172+0000] {subprocess.py:106} INFO - 	at org.apache.spark.sql.execution.datasources.jdbc.JdbcUtils$.$anonfun$saveTable$1(JdbcUtils.scala:904)
[2025-04-09T08:38:47.173+0000] {subprocess.py:106} INFO - 	at org.apache.spark.sql.execution.datasources.jdbc.JdbcUtils$.$anonfun$saveTable$1$adapted(JdbcUtils.scala:903)
[2025-04-09T08:38:47.174+0000] {subprocess.py:106} INFO - 	at org.apache.spark.rdd.RDD.$anonfun$foreachPartition$2(RDD.scala:1039)
[2025-04-09T08:38:47.175+0000] {subprocess.py:106} INFO - 	at org.apache.spark.rdd.RDD.$anonfun$foreachPartition$2$adapted(RDD.scala:1039)
[2025-04-09T08:38:47.176+0000] {subprocess.py:106} INFO - 	at org.apache.spark.SparkContext.$anonfun$runJob$5(SparkContext.scala:2433)
[2025-04-09T08:38:47.177+0000] {subprocess.py:106} INFO - 	at org.apache.spark.scheduler.ResultTask.runTask(ResultTask.scala:93)
[2025-04-09T08:38:47.178+0000] {subprocess.py:106} INFO - 	at org.apache.spark.TaskContext.runTaskWithListeners(TaskContext.scala:166)
[2025-04-09T08:38:47.179+0000] {subprocess.py:106} INFO - 	at org.apache.spark.scheduler.Task.run(Task.scala:141)
[2025-04-09T08:38:47.180+0000] {subprocess.py:106} INFO - 	at org.apache.spark.executor.Executor$TaskRunner.$anonfun$run$4(Executor.scala:620)
[2025-04-09T08:38:47.181+0000] {subprocess.py:106} INFO - 	at org.apache.spark.util.SparkErrorUtils.tryWithSafeFinally(SparkErrorUtils.scala:64)
[2025-04-09T08:38:47.183+0000] {subprocess.py:106} INFO - 	at org.apache.spark.util.SparkErrorUtils.tryWithSafeFinally$(SparkErrorUtils.scala:61)
[2025-04-09T08:38:47.184+0000] {subprocess.py:106} INFO - 	at org.apache.spark.util.Utils$.tryWithSafeFinally(Utils.scala:94)
[2025-04-09T08:38:47.186+0000] {subprocess.py:106} INFO - 	at org.apache.spark.executor.Executor$TaskRunner.run(Executor.scala:623)
[2025-04-09T08:38:47.187+0000] {subprocess.py:106} INFO - 	at java.base/java.util.concurrent.ThreadPoolExecutor.runWorker(ThreadPoolExecutor.java:1136)
[2025-04-09T08:38:47.190+0000] {subprocess.py:106} INFO - 	at java.base/java.util.concurrent.ThreadPoolExecutor$Worker.run(ThreadPoolExecutor.java:635)
[2025-04-09T08:38:47.191+0000] {subprocess.py:106} INFO - 	at java.base/java.lang.Thread.run(Thread.java:840)
[2025-04-09T08:38:47.192+0000] {subprocess.py:106} INFO - Caused by: org.postgresql.util.PSQLException: ERROR: column "time" is of type timestamp without time zone but expression is of type character varying
[2025-04-09T08:38:47.194+0000] {subprocess.py:106} INFO -   Hint: You will need to rewrite or cast the expression.
[2025-04-09T08:38:47.195+0000] {subprocess.py:106} INFO -   Position: 133
[2025-04-09T08:38:47.196+0000] {subprocess.py:106} INFO - 	at org.postgresql.core.v3.QueryExecutorImpl.receiveErrorResponse(QueryExecutorImpl.java:2565)
[2025-04-09T08:38:47.198+0000] {subprocess.py:106} INFO - 	at org.postgresql.core.v3.QueryExecutorImpl.processResults(QueryExecutorImpl.java:2297)
[2025-04-09T08:38:47.200+0000] {subprocess.py:106} INFO - 	at org.postgresql.core.v3.QueryExecutorImpl.execute(QueryExecutorImpl.java:322)
[2025-04-09T08:38:47.202+0000] {subprocess.py:106} INFO - 	at org.postgresql.jdbc.PgStatement.internalExecuteBatch(PgStatement.java:859)
[2025-04-09T08:38:47.203+0000] {subprocess.py:106} INFO - 	... 19 more
[2025-04-09T08:38:47.205+0000] {subprocess.py:106} INFO - 
[2025-04-09T08:38:47.207+0000] {subprocess.py:106} INFO - 25/04/09 08:38:47 ERROR TaskSetManager: Task 0 in stage 29.0 failed 1 times; aborting job
[2025-04-09T08:38:47.418+0000] {subprocess.py:106} INFO - Ciudades registradas:
[2025-04-09T08:38:47.420+0000] {subprocess.py:106} INFO - Vamos a crear un histórico de valencia
[2025-04-09T08:38:47.421+0000] {subprocess.py:106} INFO - +--------+----------------+-----------+--------+--------+---------+---------+-------------+
[2025-04-09T08:38:47.421+0000] {subprocess.py:106} INFO - |city    |time            |temperature|wind_kph|humidity|feelslike|precip_mm|text         |
[2025-04-09T08:38:47.423+0000] {subprocess.py:106} INFO - +--------+----------------+-----------+--------+--------+---------+---------+-------------+
[2025-04-09T08:38:47.424+0000] {subprocess.py:106} INFO - |valencia|2021-01-01 04:00|7.1        |5.4     |77      |7.1      |0.0      |Partly Cloudy|
[2025-04-09T08:38:47.425+0000] {subprocess.py:106} INFO - |valencia|2021-01-01 09:00|7.4        |15.6    |73      |7.4      |0.3      |Light Drizzle|
[2025-04-09T08:38:47.426+0000] {subprocess.py:106} INFO - |valencia|2021-01-01 15:00|12.1       |15.4    |42      |12.1     |0.0      |Partly Cloudy|
[2025-04-09T08:38:47.427+0000] {subprocess.py:106} INFO - |valencia|2021-01-01 22:00|8.1        |19.7    |50      |8.1      |0.0      |Sunny        |
[2025-04-09T08:38:47.428+0000] {subprocess.py:106} INFO - |valencia|2021-01-02 04:00|5.7        |14.8    |55      |5.7      |0.0      |Sunny        |
[2025-04-09T08:38:47.429+0000] {subprocess.py:106} INFO - |valencia|2021-01-02 09:00|4.7        |19.2    |42      |4.7      |0.0      |Sunny        |
[2025-04-09T08:38:47.430+0000] {subprocess.py:106} INFO - |valencia|2021-01-02 15:00|11.0       |18.2    |33      |11.0     |0.0      |Partly Cloudy|
[2025-04-09T08:38:47.431+0000] {subprocess.py:106} INFO - |valencia|2021-01-02 22:00|6.4        |14.8    |34      |6.4      |0.0      |Cloudy       |
[2025-04-09T08:38:47.432+0000] {subprocess.py:106} INFO - |valencia|2021-01-03 04:00|5.3        |12.0    |50      |5.3      |0.0      |Sunny        |
[2025-04-09T08:38:47.433+0000] {subprocess.py:106} INFO - |valencia|2021-01-03 09:00|3.9        |11.4    |48      |3.9      |0.0      |Sunny        |
[2025-04-09T08:38:47.435+0000] {subprocess.py:106} INFO - |valencia|2021-01-03 15:00|12.5       |18.0    |31      |12.5     |0.0      |Sunny        |
[2025-04-09T08:38:47.436+0000] {subprocess.py:106} INFO - |valencia|2021-01-03 22:00|7.4        |15.0    |46      |7.4      |0.0      |Sunny        |
[2025-04-09T08:38:47.437+0000] {subprocess.py:106} INFO - |valencia|2021-01-04 04:00|5.9        |14.4    |56      |5.9      |0.0      |Sunny        |
[2025-04-09T08:38:47.448+0000] {subprocess.py:106} INFO - |valencia|2021-01-04 09:00|4.9        |13.6    |66      |4.9      |0.0      |Sunny        |
[2025-04-09T08:38:47.451+0000] {subprocess.py:106} INFO - |valencia|2021-01-04 15:00|11.9       |19.8    |34      |11.9     |0.0      |Sunny        |
[2025-04-09T08:38:47.452+0000] {subprocess.py:106} INFO - |valencia|2021-01-04 22:00|6.0        |13.7    |55      |6.0      |0.0      |Sunny        |
[2025-04-09T08:38:47.453+0000] {subprocess.py:106} INFO - |valencia|2021-01-05 04:00|3.8        |13.1    |60      |3.8      |0.0      |Sunny        |
[2025-04-09T08:38:47.455+0000] {subprocess.py:106} INFO - |valencia|2021-01-05 09:00|1.1        |9.0     |67      |1.1      |0.0      |Sunny        |
[2025-04-09T08:38:47.456+0000] {subprocess.py:106} INFO - |valencia|2021-01-05 15:00|11.1       |5.6     |37      |11.1     |0.0      |Sunny        |
[2025-04-09T08:38:47.457+0000] {subprocess.py:106} INFO - |valencia|2021-01-05 22:00|3.8        |6.5     |71      |3.8      |0.0      |Sunny        |
[2025-04-09T08:38:47.458+0000] {subprocess.py:106} INFO - +--------+----------------+-----------+--------+--------+---------+---------+-------------+
[2025-04-09T08:38:47.459+0000] {subprocess.py:106} INFO - only showing top 20 rows
[2025-04-09T08:38:47.460+0000] {subprocess.py:106} INFO - 
[2025-04-09T08:38:47.461+0000] {subprocess.py:106} INFO - Nombre de la carpeta: valencia__39_47__0_37
[2025-04-09T08:38:47.462+0000] {subprocess.py:106} INFO - Archivo Parquet generado: /tmp/tmp7a59p1ib/valencia__39_47__0_37/part-00000-45573f9a-ea95-4ea8-adfb-3b358e380ccf-c000.snappy.parquet
[2025-04-09T08:38:47.463+0000] {subprocess.py:106} INFO - Archivo subido correctamente a MinIO en: valencia__39_47__0_37/valencia__39_47__0_37.parquet
[2025-04-09T08:38:47.464+0000] {subprocess.py:106} INFO - Datos registrados correctamente en la bbdd
[2025-04-09T08:38:47.465+0000] {subprocess.py:106} INFO - Vamos a crear un histórico de madrid
[2025-04-09T08:38:47.467+0000] {subprocess.py:106} INFO - +------+----------------+-----------+--------+--------+---------+---------+-------------+
[2025-04-09T08:38:47.468+0000] {subprocess.py:106} INFO - |city  |time            |temperature|wind_kph|humidity|feelslike|precip_mm|text         |
[2025-04-09T08:38:47.469+0000] {subprocess.py:106} INFO - +------+----------------+-----------+--------+--------+---------+---------+-------------+
[2025-04-09T08:38:47.471+0000] {subprocess.py:106} INFO - |madrid|2021-01-01 04:00|2.4        |17.5    |88      |2.4      |0.2      |Light Drizzle|
[2025-04-09T08:38:47.472+0000] {subprocess.py:106} INFO - |madrid|2021-01-01 09:00|1.4        |10.4    |86      |1.4      |0.0      |Partly Cloudy|
[2025-04-09T08:38:47.474+0000] {subprocess.py:106} INFO - |madrid|2021-01-01 15:00|6.2        |22.9    |49      |6.2      |0.0      |Sunny        |
[2025-04-09T08:38:47.476+0000] {subprocess.py:106} INFO - |madrid|2021-01-01 22:00|2.8        |15.8    |68      |2.8      |0.0      |Partly Cloudy|
[2025-04-09T08:38:47.480+0000] {subprocess.py:106} INFO - |madrid|2021-01-02 04:00|1.0        |12.0    |69      |1.0      |0.0      |Mostly Clear |
[2025-04-09T08:38:47.484+0000] {subprocess.py:106} INFO - |madrid|2021-01-02 09:00|-0.8       |12.8    |72      |-0.8     |0.0      |Mostly Clear |
[2025-04-09T08:38:47.485+0000] {subprocess.py:106} INFO - |madrid|2021-01-02 15:00|4.6        |17.1    |50      |4.6      |0.0      |Mostly Clear |
[2025-04-09T08:38:47.487+0000] {subprocess.py:106} INFO - |madrid|2021-01-02 22:00|-0.4       |8.3     |65      |-0.4     |0.0      |Sunny        |
[2025-04-09T08:38:47.488+0000] {subprocess.py:106} INFO - |madrid|2021-01-03 04:00|-0.8       |9.8     |70      |-0.8     |0.0      |Sunny        |
[2025-04-09T08:38:47.490+0000] {subprocess.py:106} INFO - |madrid|2021-01-03 09:00|-1.6       |9.9     |81      |-1.6     |0.0      |Cloudy       |
[2025-04-09T08:38:47.491+0000] {subprocess.py:106} INFO - |madrid|2021-01-03 15:00|7.0        |12.6    |47      |7.0      |0.0      |Partly Cloudy|
[2025-04-09T08:38:47.492+0000] {subprocess.py:106} INFO - |madrid|2021-01-03 22:00|0.4        |12.2    |80      |0.4      |0.0      |Sunny        |
[2025-04-09T08:38:47.494+0000] {subprocess.py:106} INFO - |madrid|2021-01-04 04:00|-0.5       |9.3     |88      |-0.5     |0.0      |Mostly Clear |
[2025-04-09T08:38:47.495+0000] {subprocess.py:106} INFO - |madrid|2021-01-04 09:00|-0.8       |10.9    |83      |-0.8     |0.0      |Mostly Clear |
[2025-04-09T08:38:47.496+0000] {subprocess.py:106} INFO - |madrid|2021-01-04 15:00|5.5        |17.0    |50      |5.5      |0.1      |Light Drizzle|
[2025-04-09T08:38:47.497+0000] {subprocess.py:106} INFO - |madrid|2021-01-04 22:00|-0.2       |7.9     |73      |-0.2     |0.0      |Sunny        |
[2025-04-09T08:38:47.499+0000] {subprocess.py:106} INFO - |madrid|2021-01-05 04:00|-2.5       |7.6     |84      |-2.5     |0.0      |Sunny        |
[2025-04-09T08:38:47.501+0000] {subprocess.py:106} INFO - |madrid|2021-01-05 09:00|-4.2       |5.2     |90      |-4.2     |0.0      |Sunny        |
[2025-04-09T08:38:47.502+0000] {subprocess.py:106} INFO - |madrid|2021-01-05 15:00|3.9        |4.7     |59      |3.9      |0.0      |Sunny        |
[2025-04-09T08:38:47.503+0000] {subprocess.py:106} INFO - |madrid|2021-01-05 22:00|-1.5       |5.5     |80      |-1.5     |0.0      |Sunny        |
[2025-04-09T08:38:47.504+0000] {subprocess.py:106} INFO - +------+----------------+-----------+--------+--------+---------+---------+-------------+
[2025-04-09T08:38:47.505+0000] {subprocess.py:106} INFO - only showing top 20 rows
[2025-04-09T08:38:47.507+0000] {subprocess.py:106} INFO - 
[2025-04-09T08:38:47.508+0000] {subprocess.py:106} INFO - Nombre de la carpeta: madrid__40_41__3_7
[2025-04-09T08:38:47.509+0000] {subprocess.py:106} INFO - Archivo Parquet generado: /tmp/tmpj0fhfla4/madrid__40_41__3_7/part-00000-9b477e3d-6c48-48a3-a897-32010d068319-c000.snappy.parquet
[2025-04-09T08:38:47.509+0000] {subprocess.py:106} INFO - Archivo subido correctamente a MinIO en: madrid__40_41__3_7/madrid__40_41__3_7.parquet
[2025-04-09T08:38:47.510+0000] {subprocess.py:106} INFO - Datos registrados correctamente en la bbdd
[2025-04-09T08:38:47.511+0000] {subprocess.py:106} INFO - Vamos a crear un histórico de elche
[2025-04-09T08:38:47.512+0000] {subprocess.py:106} INFO - +-----+----------------+-----------+--------+--------+---------+---------+-------------+
[2025-04-09T08:38:47.512+0000] {subprocess.py:106} INFO - |city |time            |temperature|wind_kph|humidity|feelslike|precip_mm|text         |
[2025-04-09T08:38:47.513+0000] {subprocess.py:106} INFO - +-----+----------------+-----------+--------+--------+---------+---------+-------------+
[2025-04-09T08:38:47.514+0000] {subprocess.py:106} INFO - |elche|2021-01-01 04:00|5.9        |6.6     |74      |5.9      |0.1      |Light Drizzle|
[2025-04-09T08:38:47.515+0000] {subprocess.py:106} INFO - |elche|2021-01-01 09:00|6.5        |8.6     |72      |6.5      |0.0      |Mostly Clear |
[2025-04-09T08:38:47.516+0000] {subprocess.py:106} INFO - |elche|2021-01-01 15:00|13.2       |28.6    |34      |13.2     |0.0      |Sunny        |
[2025-04-09T08:38:47.517+0000] {subprocess.py:106} INFO - |elche|2021-01-01 22:00|8.8        |16.9    |47      |8.8      |0.0      |Cloudy       |
[2025-04-09T08:38:47.518+0000] {subprocess.py:106} INFO - |elche|2021-01-02 04:00|5.6        |10.5    |63      |5.6      |0.0      |Sunny        |
[2025-04-09T08:38:47.519+0000] {subprocess.py:106} INFO - |elche|2021-01-02 09:00|4.9        |23.3    |59      |4.9      |0.0      |Sunny        |
[2025-04-09T08:38:47.520+0000] {subprocess.py:106} INFO - |elche|2021-01-02 15:00|10.4       |30.5    |34      |10.4     |0.0      |Sunny        |
[2025-04-09T08:38:47.520+0000] {subprocess.py:106} INFO - |elche|2021-01-02 22:00|7.2        |18.4    |39      |7.2      |0.0      |Sunny        |
[2025-04-09T08:38:47.521+0000] {subprocess.py:106} INFO - |elche|2021-01-03 04:00|5.7        |26.3    |45      |5.7      |0.0      |Mostly Clear |
[2025-04-09T08:38:47.521+0000] {subprocess.py:106} INFO - |elche|2021-01-03 09:00|4.9        |25.4    |44      |4.9      |0.0      |Sunny        |
[2025-04-09T08:38:47.522+0000] {subprocess.py:106} INFO - |elche|2021-01-03 15:00|12.2       |28.9    |29      |12.2     |0.0      |Sunny        |
[2025-04-09T08:38:47.523+0000] {subprocess.py:106} INFO - |elche|2021-01-03 22:00|6.4        |8.6     |46      |6.4      |0.0      |Sunny        |
[2025-04-09T08:38:47.524+0000] {subprocess.py:106} INFO - |elche|2021-01-04 04:00|4.5        |8.7     |56      |4.5      |0.0      |Sunny        |
[2025-04-09T08:38:47.524+0000] {subprocess.py:106} INFO - |elche|2021-01-04 09:00|4.0        |10.1    |64      |4.0      |0.0      |Sunny        |
[2025-04-09T08:38:47.525+0000] {subprocess.py:106} INFO - |elche|2021-01-04 15:00|13.1       |21.2    |32      |13.1     |0.0      |Mostly Clear |
[2025-04-09T08:38:47.526+0000] {subprocess.py:106} INFO - |elche|2021-01-04 22:00|8.5        |14.5    |51      |8.5      |0.0      |Sunny        |
[2025-04-09T08:38:47.527+0000] {subprocess.py:106} INFO - |elche|2021-01-05 04:00|5.2        |12.0    |65      |5.2      |0.0      |Sunny        |
[2025-04-09T08:38:47.527+0000] {subprocess.py:106} INFO - |elche|2021-01-05 09:00|3.4        |18.7    |72      |3.4      |0.0      |Sunny        |
[2025-04-09T08:38:47.528+0000] {subprocess.py:106} INFO - |elche|2021-01-05 15:00|12.4       |10.0    |27      |12.4     |0.0      |Sunny        |
[2025-04-09T08:38:47.529+0000] {subprocess.py:106} INFO - |elche|2021-01-05 22:00|6.8        |7.2     |40      |6.8      |0.0      |Cloudy       |
[2025-04-09T08:38:47.529+0000] {subprocess.py:106} INFO - +-----+----------------+-----------+--------+--------+---------+---------+-------------+
[2025-04-09T08:38:47.530+0000] {subprocess.py:106} INFO - only showing top 20 rows
[2025-04-09T08:38:47.531+0000] {subprocess.py:106} INFO - 
[2025-04-09T08:38:47.532+0000] {subprocess.py:106} INFO - Nombre de la carpeta: elche__38_26__0_7
[2025-04-09T08:38:47.533+0000] {subprocess.py:106} INFO - Archivo Parquet generado: /tmp/tmpo93l_coz/elche__38_26__0_7/part-00000-4b6e0360-12cd-409f-a540-45693753f8c2-c000.snappy.parquet
[2025-04-09T08:38:47.534+0000] {subprocess.py:106} INFO - Archivo subido correctamente a MinIO en: elche__38_26__0_7/elche__38_26__0_7.parquet
[2025-04-09T08:38:47.535+0000] {subprocess.py:106} INFO - Error: An error occurred while calling o296.save.
[2025-04-09T08:38:47.536+0000] {subprocess.py:106} INFO - : org.apache.spark.SparkException: Job aborted due to stage failure: Task 0 in stage 29.0 failed 1 times, most recent failure: Lost task 0.0 in stage 29.0 (TID 149) (3c3c1f66214b executor driver): java.sql.BatchUpdateException: Batch entry 0 INSERT INTO pro_raw_api.daily_weather ("city","time","temperature","wind_kph","humidity","feelslike","precip_mm","text") VALUES ('elche','2021-01-01 04:00',5.9,6.6,74,5.9,0.1,'Light Drizzle') was aborted: ERROR: column "time" is of type timestamp without time zone but expression is of type character varying
[2025-04-09T08:38:47.537+0000] {subprocess.py:106} INFO -   Hint: You will need to rewrite or cast the expression.
[2025-04-09T08:38:47.537+0000] {subprocess.py:106} INFO -   Position: 133  Call getNextException to see other errors in the batch.
[2025-04-09T08:38:47.538+0000] {subprocess.py:106} INFO - 	at org.postgresql.jdbc.BatchResultHandler.handleError(BatchResultHandler.java:171)
[2025-04-09T08:38:47.539+0000] {subprocess.py:106} INFO - 	at org.postgresql.jdbc.PgStatement.internalExecuteBatch(PgStatement.java:862)
[2025-04-09T08:38:47.540+0000] {subprocess.py:106} INFO - 	at org.postgresql.jdbc.PgStatement.executeBatch(PgStatement.java:901)
[2025-04-09T08:38:47.541+0000] {subprocess.py:106} INFO - 	at org.postgresql.jdbc.PgPreparedStatement.executeBatch(PgPreparedStatement.java:1644)
[2025-04-09T08:38:47.541+0000] {subprocess.py:106} INFO - 	at org.apache.spark.sql.execution.datasources.jdbc.JdbcUtils$.savePartition(JdbcUtils.scala:748)
[2025-04-09T08:38:47.542+0000] {subprocess.py:106} INFO - 	at org.apache.spark.sql.execution.datasources.jdbc.JdbcUtils$.$anonfun$saveTable$1(JdbcUtils.scala:904)
[2025-04-09T08:38:47.543+0000] {subprocess.py:106} INFO - 	at org.apache.spark.sql.execution.datasources.jdbc.JdbcUtils$.$anonfun$saveTable$1$adapted(JdbcUtils.scala:903)
[2025-04-09T08:38:47.543+0000] {subprocess.py:106} INFO - 	at org.apache.spark.rdd.RDD.$anonfun$foreachPartition$2(RDD.scala:1039)
[2025-04-09T08:38:47.544+0000] {subprocess.py:106} INFO - 	at org.apache.spark.rdd.RDD.$anonfun$foreachPartition$2$adapted(RDD.scala:1039)
[2025-04-09T08:38:47.545+0000] {subprocess.py:106} INFO - 	at org.apache.spark.SparkContext.$anonfun$runJob$5(SparkContext.scala:2433)
[2025-04-09T08:38:47.545+0000] {subprocess.py:106} INFO - 	at org.apache.spark.scheduler.ResultTask.runTask(ResultTask.scala:93)
[2025-04-09T08:38:47.546+0000] {subprocess.py:106} INFO - 	at org.apache.spark.TaskContext.runTaskWithListeners(TaskContext.scala:166)
[2025-04-09T08:38:47.546+0000] {subprocess.py:106} INFO - 	at org.apache.spark.scheduler.Task.run(Task.scala:141)
[2025-04-09T08:38:47.547+0000] {subprocess.py:106} INFO - 	at org.apache.spark.executor.Executor$TaskRunner.$anonfun$run$4(Executor.scala:620)
[2025-04-09T08:38:47.551+0000] {subprocess.py:106} INFO - 	at org.apache.spark.util.SparkErrorUtils.tryWithSafeFinally(SparkErrorUtils.scala:64)
[2025-04-09T08:38:47.552+0000] {subprocess.py:106} INFO - 	at org.apache.spark.util.SparkErrorUtils.tryWithSafeFinally$(SparkErrorUtils.scala:61)
[2025-04-09T08:38:47.553+0000] {subprocess.py:106} INFO - 	at org.apache.spark.util.Utils$.tryWithSafeFinally(Utils.scala:94)
[2025-04-09T08:38:47.554+0000] {subprocess.py:106} INFO - 	at org.apache.spark.executor.Executor$TaskRunner.run(Executor.scala:623)
[2025-04-09T08:38:47.554+0000] {subprocess.py:106} INFO - 	at java.base/java.util.concurrent.ThreadPoolExecutor.runWorker(ThreadPoolExecutor.java:1136)
[2025-04-09T08:38:47.555+0000] {subprocess.py:106} INFO - 	at java.base/java.util.concurrent.ThreadPoolExecutor$Worker.run(ThreadPoolExecutor.java:635)
[2025-04-09T08:38:47.556+0000] {subprocess.py:106} INFO - 	at java.base/java.lang.Thread.run(Thread.java:840)
[2025-04-09T08:38:47.557+0000] {subprocess.py:106} INFO - Caused by: org.postgresql.util.PSQLException: ERROR: column "time" is of type timestamp without time zone but expression is of type character varying
[2025-04-09T08:38:47.557+0000] {subprocess.py:106} INFO -   Hint: You will need to rewrite or cast the expression.
[2025-04-09T08:38:47.558+0000] {subprocess.py:106} INFO -   Position: 133
[2025-04-09T08:38:47.559+0000] {subprocess.py:106} INFO - 	at org.postgresql.core.v3.QueryExecutorImpl.receiveErrorResponse(QueryExecutorImpl.java:2565)
[2025-04-09T08:38:47.560+0000] {subprocess.py:106} INFO - 	at org.postgresql.core.v3.QueryExecutorImpl.processResults(QueryExecutorImpl.java:2297)
[2025-04-09T08:38:47.560+0000] {subprocess.py:106} INFO - 	at org.postgresql.core.v3.QueryExecutorImpl.execute(QueryExecutorImpl.java:322)
[2025-04-09T08:38:47.561+0000] {subprocess.py:106} INFO - 	at org.postgresql.jdbc.PgStatement.internalExecuteBatch(PgStatement.java:859)
[2025-04-09T08:38:47.561+0000] {subprocess.py:106} INFO - 	... 19 more
[2025-04-09T08:38:47.562+0000] {subprocess.py:106} INFO - 
[2025-04-09T08:38:47.563+0000] {subprocess.py:106} INFO - Driver stacktrace:
[2025-04-09T08:38:47.563+0000] {subprocess.py:106} INFO - 	at org.apache.spark.scheduler.DAGScheduler.failJobAndIndependentStages(DAGScheduler.scala:2856)
[2025-04-09T08:38:47.564+0000] {subprocess.py:106} INFO - 	at org.apache.spark.scheduler.DAGScheduler.$anonfun$abortStage$2(DAGScheduler.scala:2792)
[2025-04-09T08:38:47.564+0000] {subprocess.py:106} INFO - 	at org.apache.spark.scheduler.DAGScheduler.$anonfun$abortStage$2$adapted(DAGScheduler.scala:2791)
[2025-04-09T08:38:47.565+0000] {subprocess.py:106} INFO - 	at scala.collection.mutable.ResizableArray.foreach(ResizableArray.scala:62)
[2025-04-09T08:38:47.566+0000] {subprocess.py:106} INFO - 	at scala.collection.mutable.ResizableArray.foreach$(ResizableArray.scala:55)
[2025-04-09T08:38:47.567+0000] {subprocess.py:106} INFO - 	at scala.collection.mutable.ArrayBuffer.foreach(ArrayBuffer.scala:49)
[2025-04-09T08:38:47.567+0000] {subprocess.py:106} INFO - 	at org.apache.spark.scheduler.DAGScheduler.abortStage(DAGScheduler.scala:2791)
[2025-04-09T08:38:47.568+0000] {subprocess.py:106} INFO - 	at org.apache.spark.scheduler.DAGScheduler.$anonfun$handleTaskSetFailed$1(DAGScheduler.scala:1247)
[2025-04-09T08:38:47.569+0000] {subprocess.py:106} INFO - 	at org.apache.spark.scheduler.DAGScheduler.$anonfun$handleTaskSetFailed$1$adapted(DAGScheduler.scala:1247)
[2025-04-09T08:38:47.569+0000] {subprocess.py:106} INFO - 	at scala.Option.foreach(Option.scala:407)
[2025-04-09T08:38:47.570+0000] {subprocess.py:106} INFO - 	at org.apache.spark.scheduler.DAGScheduler.handleTaskSetFailed(DAGScheduler.scala:1247)
[2025-04-09T08:38:47.570+0000] {subprocess.py:106} INFO - 	at org.apache.spark.scheduler.DAGSchedulerEventProcessLoop.doOnReceive(DAGScheduler.scala:3060)
[2025-04-09T08:38:47.571+0000] {subprocess.py:106} INFO - 	at org.apache.spark.scheduler.DAGSchedulerEventProcessLoop.onReceive(DAGScheduler.scala:2994)
[2025-04-09T08:38:47.571+0000] {subprocess.py:106} INFO - 	at org.apache.spark.scheduler.DAGSchedulerEventProcessLoop.onReceive(DAGScheduler.scala:2983)
[2025-04-09T08:38:47.572+0000] {subprocess.py:106} INFO - 	at org.apache.spark.util.EventLoop$$anon$1.run(EventLoop.scala:49)
[2025-04-09T08:38:47.573+0000] {subprocess.py:106} INFO - 	at org.apache.spark.scheduler.DAGScheduler.runJob(DAGScheduler.scala:989)
[2025-04-09T08:38:47.573+0000] {subprocess.py:106} INFO - 	at org.apache.spark.SparkContext.runJob(SparkContext.scala:2393)
[2025-04-09T08:38:47.574+0000] {subprocess.py:106} INFO - 	at org.apache.spark.SparkContext.runJob(SparkContext.scala:2414)
[2025-04-09T08:38:47.574+0000] {subprocess.py:106} INFO - 	at org.apache.spark.SparkContext.runJob(SparkContext.scala:2433)
[2025-04-09T08:38:47.575+0000] {subprocess.py:106} INFO - 	at org.apache.spark.SparkContext.runJob(SparkContext.scala:2458)
[2025-04-09T08:38:47.575+0000] {subprocess.py:106} INFO - 	at org.apache.spark.rdd.RDD.$anonfun$foreachPartition$1(RDD.scala:1039)
[2025-04-09T08:38:47.576+0000] {subprocess.py:106} INFO - 	at org.apache.spark.rdd.RDDOperationScope$.withScope(RDDOperationScope.scala:151)
[2025-04-09T08:38:47.577+0000] {subprocess.py:106} INFO - 	at org.apache.spark.rdd.RDDOperationScope$.withScope(RDDOperationScope.scala:112)
[2025-04-09T08:38:47.577+0000] {subprocess.py:106} INFO - 	at org.apache.spark.rdd.RDD.withScope(RDD.scala:410)
[2025-04-09T08:38:47.578+0000] {subprocess.py:106} INFO - 	at org.apache.spark.rdd.RDD.foreachPartition(RDD.scala:1037)
[2025-04-09T08:38:47.578+0000] {subprocess.py:106} INFO - 	at org.apache.spark.sql.Dataset.$anonfun$foreachPartition$1(Dataset.scala:3516)
[2025-04-09T08:38:47.579+0000] {subprocess.py:106} INFO - 	at scala.runtime.java8.JFunction0$mcV$sp.apply(JFunction0$mcV$sp.java:23)
[2025-04-09T08:38:47.579+0000] {subprocess.py:106} INFO - 	at org.apache.spark.sql.Dataset.$anonfun$withNewRDDExecutionId$1(Dataset.scala:4310)
[2025-04-09T08:38:47.580+0000] {subprocess.py:106} INFO - 	at org.apache.spark.sql.execution.SQLExecution$.$anonfun$withNewExecutionId$6(SQLExecution.scala:125)
[2025-04-09T08:38:47.580+0000] {subprocess.py:106} INFO - 	at org.apache.spark.sql.execution.SQLExecution$.withSQLConfPropagated(SQLExecution.scala:201)
[2025-04-09T08:38:47.581+0000] {subprocess.py:106} INFO - 	at org.apache.spark.sql.execution.SQLExecution$.$anonfun$withNewExecutionId$1(SQLExecution.scala:108)
[2025-04-09T08:38:47.582+0000] {subprocess.py:106} INFO - 	at org.apache.spark.sql.SparkSession.withActive(SparkSession.scala:900)
[2025-04-09T08:38:47.582+0000] {subprocess.py:106} INFO - 	at org.apache.spark.sql.execution.SQLExecution$.withNewExecutionId(SQLExecution.scala:66)
[2025-04-09T08:38:47.583+0000] {subprocess.py:106} INFO - 	at org.apache.spark.sql.Dataset.withNewRDDExecutionId(Dataset.scala:4308)
[2025-04-09T08:38:47.584+0000] {subprocess.py:106} INFO - 	at org.apache.spark.sql.Dataset.foreachPartition(Dataset.scala:3516)
[2025-04-09T08:38:47.585+0000] {subprocess.py:106} INFO - 	at org.apache.spark.sql.execution.datasources.jdbc.JdbcUtils$.saveTable(JdbcUtils.scala:903)
[2025-04-09T08:38:47.585+0000] {subprocess.py:106} INFO - 	at org.apache.spark.sql.execution.datasources.jdbc.JdbcRelationProvider.createRelation(JdbcRelationProvider.scala:70)
[2025-04-09T08:38:47.586+0000] {subprocess.py:106} INFO - 	at org.apache.spark.sql.execution.datasources.SaveIntoDataSourceCommand.run(SaveIntoDataSourceCommand.scala:48)
[2025-04-09T08:38:47.587+0000] {subprocess.py:106} INFO - 	at org.apache.spark.sql.execution.command.ExecutedCommandExec.sideEffectResult$lzycompute(commands.scala:75)
[2025-04-09T08:38:47.587+0000] {subprocess.py:106} INFO - 	at org.apache.spark.sql.execution.command.ExecutedCommandExec.sideEffectResult(commands.scala:73)
[2025-04-09T08:38:47.588+0000] {subprocess.py:106} INFO - 	at org.apache.spark.sql.execution.command.ExecutedCommandExec.executeCollect(commands.scala:84)
[2025-04-09T08:38:47.588+0000] {subprocess.py:106} INFO - 	at org.apache.spark.sql.execution.QueryExecution$$anonfun$eagerlyExecuteCommands$1.$anonfun$applyOrElse$1(QueryExecution.scala:107)
[2025-04-09T08:38:47.589+0000] {subprocess.py:106} INFO - 	at org.apache.spark.sql.execution.SQLExecution$.$anonfun$withNewExecutionId$6(SQLExecution.scala:125)
[2025-04-09T08:38:47.590+0000] {subprocess.py:106} INFO - 	at org.apache.spark.sql.execution.SQLExecution$.withSQLConfPropagated(SQLExecution.scala:201)
[2025-04-09T08:38:47.590+0000] {subprocess.py:106} INFO - 	at org.apache.spark.sql.execution.SQLExecution$.$anonfun$withNewExecutionId$1(SQLExecution.scala:108)
[2025-04-09T08:38:47.591+0000] {subprocess.py:106} INFO - 	at org.apache.spark.sql.SparkSession.withActive(SparkSession.scala:900)
[2025-04-09T08:38:47.591+0000] {subprocess.py:106} INFO - 	at org.apache.spark.sql.execution.SQLExecution$.withNewExecutionId(SQLExecution.scala:66)
[2025-04-09T08:38:47.592+0000] {subprocess.py:106} INFO - 	at org.apache.spark.sql.execution.QueryExecution$$anonfun$eagerlyExecuteCommands$1.applyOrElse(QueryExecution.scala:107)
[2025-04-09T08:38:47.593+0000] {subprocess.py:106} INFO - 	at org.apache.spark.sql.execution.QueryExecution$$anonfun$eagerlyExecuteCommands$1.applyOrElse(QueryExecution.scala:98)
[2025-04-09T08:38:47.593+0000] {subprocess.py:106} INFO - 	at org.apache.spark.sql.catalyst.trees.TreeNode.$anonfun$transformDownWithPruning$1(TreeNode.scala:461)
[2025-04-09T08:38:47.594+0000] {subprocess.py:106} INFO - 	at org.apache.spark.sql.catalyst.trees.CurrentOrigin$.withOrigin(origin.scala:76)
[2025-04-09T08:38:47.595+0000] {subprocess.py:106} INFO - 	at org.apache.spark.sql.catalyst.trees.TreeNode.transformDownWithPruning(TreeNode.scala:461)
[2025-04-09T08:38:47.595+0000] {subprocess.py:106} INFO - 	at org.apache.spark.sql.catalyst.plans.logical.LogicalPlan.org$apache$spark$sql$catalyst$plans$logical$AnalysisHelper$$super$transformDownWithPruning(LogicalPlan.scala:32)
[2025-04-09T08:38:47.596+0000] {subprocess.py:106} INFO - 	at org.apache.spark.sql.catalyst.plans.logical.AnalysisHelper.transformDownWithPruning(AnalysisHelper.scala:267)
[2025-04-09T08:38:47.596+0000] {subprocess.py:106} INFO - 	at org.apache.spark.sql.catalyst.plans.logical.AnalysisHelper.transformDownWithPruning$(AnalysisHelper.scala:263)
[2025-04-09T08:38:47.597+0000] {subprocess.py:106} INFO - 	at org.apache.spark.sql.catalyst.plans.logical.LogicalPlan.transformDownWithPruning(LogicalPlan.scala:32)
[2025-04-09T08:38:47.597+0000] {subprocess.py:106} INFO - 	at org.apache.spark.sql.catalyst.plans.logical.LogicalPlan.transformDownWithPruning(LogicalPlan.scala:32)
[2025-04-09T08:38:47.598+0000] {subprocess.py:106} INFO - 	at org.apache.spark.sql.catalyst.trees.TreeNode.transformDown(TreeNode.scala:437)
[2025-04-09T08:38:47.599+0000] {subprocess.py:106} INFO - 	at org.apache.spark.sql.execution.QueryExecution.eagerlyExecuteCommands(QueryExecution.scala:98)
[2025-04-09T08:38:47.600+0000] {subprocess.py:106} INFO - 	at org.apache.spark.sql.execution.QueryExecution.commandExecuted$lzycompute(QueryExecution.scala:85)
[2025-04-09T08:38:47.600+0000] {subprocess.py:106} INFO - 	at org.apache.spark.sql.execution.QueryExecution.commandExecuted(QueryExecution.scala:83)
[2025-04-09T08:38:47.601+0000] {subprocess.py:106} INFO - 	at org.apache.spark.sql.execution.QueryExecution.assertCommandExecuted(QueryExecution.scala:142)
[2025-04-09T08:38:47.602+0000] {subprocess.py:106} INFO - 	at org.apache.spark.sql.DataFrameWriter.runCommand(DataFrameWriter.scala:869)
[2025-04-09T08:38:47.602+0000] {subprocess.py:106} INFO - 	at org.apache.spark.sql.DataFrameWriter.saveToV1Source(DataFrameWriter.scala:391)
[2025-04-09T08:38:47.603+0000] {subprocess.py:106} INFO - 	at org.apache.spark.sql.DataFrameWriter.saveInternal(DataFrameWriter.scala:364)
[2025-04-09T08:38:47.604+0000] {subprocess.py:106} INFO - 	at org.apache.spark.sql.DataFrameWriter.save(DataFrameWriter.scala:251)
[2025-04-09T08:38:47.604+0000] {subprocess.py:106} INFO - 	at java.base/jdk.internal.reflect.NativeMethodAccessorImpl.invoke0(Native Method)
[2025-04-09T08:38:47.605+0000] {subprocess.py:106} INFO - 	at java.base/jdk.internal.reflect.NativeMethodAccessorImpl.invoke(NativeMethodAccessorImpl.java:77)
[2025-04-09T08:38:47.605+0000] {subprocess.py:106} INFO - 	at java.base/jdk.internal.reflect.DelegatingMethodAccessorImpl.invoke(DelegatingMethodAccessorImpl.java:43)
[2025-04-09T08:38:47.606+0000] {subprocess.py:106} INFO - 	at java.base/java.lang.reflect.Method.invoke(Method.java:569)
[2025-04-09T08:38:47.607+0000] {subprocess.py:106} INFO - 	at py4j.reflection.MethodInvoker.invoke(MethodInvoker.java:244)
[2025-04-09T08:38:47.607+0000] {subprocess.py:106} INFO - 	at py4j.reflection.ReflectionEngine.invoke(ReflectionEngine.java:374)
[2025-04-09T08:38:47.608+0000] {subprocess.py:106} INFO - 	at py4j.Gateway.invoke(Gateway.java:282)
[2025-04-09T08:38:47.609+0000] {subprocess.py:106} INFO - 	at py4j.commands.AbstractCommand.invokeMethod(AbstractCommand.java:132)
[2025-04-09T08:38:47.609+0000] {subprocess.py:106} INFO - 	at py4j.commands.CallCommand.execute(CallCommand.java:79)
[2025-04-09T08:38:47.610+0000] {subprocess.py:106} INFO - 	at py4j.ClientServerConnection.waitForCommands(ClientServerConnection.java:182)
[2025-04-09T08:38:47.610+0000] {subprocess.py:106} INFO - 	at py4j.ClientServerConnection.run(ClientServerConnection.java:106)
[2025-04-09T08:38:47.611+0000] {subprocess.py:106} INFO - 	at java.base/java.lang.Thread.run(Thread.java:840)
[2025-04-09T08:38:47.611+0000] {subprocess.py:106} INFO - Caused by: java.sql.BatchUpdateException: Batch entry 0 INSERT INTO pro_raw_api.daily_weather ("city","time","temperature","wind_kph","humidity","feelslike","precip_mm","text") VALUES ('elche','2021-01-01 04:00',5.9,6.6,74,5.9,0.1,'Light Drizzle') was aborted: ERROR: column "time" is of type timestamp without time zone but expression is of type character varying
[2025-04-09T08:38:47.612+0000] {subprocess.py:106} INFO -   Hint: You will need to rewrite or cast the expression.
[2025-04-09T08:38:47.612+0000] {subprocess.py:106} INFO -   Position: 133  Call getNextException to see other errors in the batch.
[2025-04-09T08:38:47.613+0000] {subprocess.py:106} INFO - 	at org.postgresql.jdbc.BatchResultHandler.handleError(BatchResultHandler.java:171)
[2025-04-09T08:38:47.614+0000] {subprocess.py:106} INFO - 	at org.postgresql.jdbc.PgStatement.internalExecuteBatch(PgStatement.java:862)
[2025-04-09T08:38:47.614+0000] {subprocess.py:106} INFO - 	at org.postgresql.jdbc.PgStatement.executeBatch(PgStatement.java:901)
[2025-04-09T08:38:47.615+0000] {subprocess.py:106} INFO - 	at org.postgresql.jdbc.PgPreparedStatement.executeBatch(PgPreparedStatement.java:1644)
[2025-04-09T08:38:47.616+0000] {subprocess.py:106} INFO - 	at org.apache.spark.sql.execution.datasources.jdbc.JdbcUtils$.savePartition(JdbcUtils.scala:748)
[2025-04-09T08:38:47.617+0000] {subprocess.py:106} INFO - 	at org.apache.spark.sql.execution.datasources.jdbc.JdbcUtils$.$anonfun$saveTable$1(JdbcUtils.scala:904)
[2025-04-09T08:38:47.617+0000] {subprocess.py:106} INFO - 	at org.apache.spark.sql.execution.datasources.jdbc.JdbcUtils$.$anonfun$saveTable$1$adapted(JdbcUtils.scala:903)
[2025-04-09T08:38:47.618+0000] {subprocess.py:106} INFO - 	at org.apache.spark.rdd.RDD.$anonfun$foreachPartition$2(RDD.scala:1039)
[2025-04-09T08:38:47.618+0000] {subprocess.py:106} INFO - 	at org.apache.spark.rdd.RDD.$anonfun$foreachPartition$2$adapted(RDD.scala:1039)
[2025-04-09T08:38:47.619+0000] {subprocess.py:106} INFO - 	at org.apache.spark.SparkContext.$anonfun$runJob$5(SparkContext.scala:2433)
[2025-04-09T08:38:47.620+0000] {subprocess.py:106} INFO - 	at org.apache.spark.scheduler.ResultTask.runTask(ResultTask.scala:93)
[2025-04-09T08:38:47.620+0000] {subprocess.py:106} INFO - 	at org.apache.spark.TaskContext.runTaskWithListeners(TaskContext.scala:166)
[2025-04-09T08:38:47.621+0000] {subprocess.py:106} INFO - 	at org.apache.spark.scheduler.Task.run(Task.scala:141)
[2025-04-09T08:38:47.621+0000] {subprocess.py:106} INFO - 	at org.apache.spark.executor.Executor$TaskRunner.$anonfun$run$4(Executor.scala:620)
[2025-04-09T08:38:47.622+0000] {subprocess.py:106} INFO - 	at org.apache.spark.util.SparkErrorUtils.tryWithSafeFinally(SparkErrorUtils.scala:64)
[2025-04-09T08:38:47.623+0000] {subprocess.py:106} INFO - 	at org.apache.spark.util.SparkErrorUtils.tryWithSafeFinally$(SparkErrorUtils.scala:61)
[2025-04-09T08:38:47.623+0000] {subprocess.py:106} INFO - 	at org.apache.spark.util.Utils$.tryWithSafeFinally(Utils.scala:94)
[2025-04-09T08:38:47.624+0000] {subprocess.py:106} INFO - 	at org.apache.spark.executor.Executor$TaskRunner.run(Executor.scala:623)
[2025-04-09T08:38:47.624+0000] {subprocess.py:106} INFO - 	at java.base/java.util.concurrent.ThreadPoolExecutor.runWorker(ThreadPoolExecutor.java:1136)
[2025-04-09T08:38:47.625+0000] {subprocess.py:106} INFO - 	at java.base/java.util.concurrent.ThreadPoolExecutor$Worker.run(ThreadPoolExecutor.java:635)
[2025-04-09T08:38:47.625+0000] {subprocess.py:106} INFO - 	... 1 more
[2025-04-09T08:38:47.626+0000] {subprocess.py:106} INFO - Caused by: org.postgresql.util.PSQLException: ERROR: column "time" is of type timestamp without time zone but expression is of type character varying
[2025-04-09T08:38:47.626+0000] {subprocess.py:106} INFO -   Hint: You will need to rewrite or cast the expression.
[2025-04-09T08:38:47.627+0000] {subprocess.py:106} INFO -   Position: 133
[2025-04-09T08:38:47.627+0000] {subprocess.py:106} INFO - 	at org.postgresql.core.v3.QueryExecutorImpl.receiveErrorResponse(QueryExecutorImpl.java:2565)
[2025-04-09T08:38:47.628+0000] {subprocess.py:106} INFO - 	at org.postgresql.core.v3.QueryExecutorImpl.processResults(QueryExecutorImpl.java:2297)
[2025-04-09T08:38:47.629+0000] {subprocess.py:106} INFO - 	at org.postgresql.core.v3.QueryExecutorImpl.execute(QueryExecutorImpl.java:322)
[2025-04-09T08:38:47.629+0000] {subprocess.py:106} INFO - 	at org.postgresql.jdbc.PgStatement.internalExecuteBatch(PgStatement.java:859)
[2025-04-09T08:38:47.630+0000] {subprocess.py:106} INFO - 	... 19 more
[2025-04-09T08:38:48.061+0000] {subprocess.py:106} INFO - 
[2025-04-09T08:38:48.607+0000] {subprocess.py:110} INFO - Command exited with return code 0
[2025-04-09T08:38:48.630+0000] {taskinstance.py:341} INFO - ::group::Post task execution logs
[2025-04-09T08:38:48.632+0000] {taskinstance.py:353} INFO - Marking task as SUCCESS. dag_id=daily_weather_etl, task_id=run_main_script, run_id=manual__2025-04-09T08:38:15.987138+00:00, execution_date=20250409T083815, start_date=20250409T083817, end_date=20250409T083848
[2025-04-09T08:38:48.654+0000] {logging_mixin.py:190} INFO - Task instance in success state
[2025-04-09T08:38:48.655+0000] {logging_mixin.py:190} INFO -  Previous state of the Task instance: running
[2025-04-09T08:38:48.656+0000] {logging_mixin.py:190} INFO - Dag name:daily_weather_etl queued_at:2025-04-09 08:38:15.996675+00:00
[2025-04-09T08:38:48.656+0000] {logging_mixin.py:190} INFO - Task hostname:3c3c1f66214b operator:BashOperator
[2025-04-09T08:38:48.693+0000] {local_task_job_runner.py:266} INFO - Task exited with return code 0
[2025-04-09T08:38:48.707+0000] {taskinstance.py:3901} INFO - 0 downstream tasks scheduled from follow-on schedule check
[2025-04-09T08:38:48.709+0000] {local_task_job_runner.py:245} INFO - ::endgroup::
