[2025-03-27T15:07:21.297+0000] {local_task_job_runner.py:123} INFO - ::group::Pre task execution logs
[2025-03-27T15:07:21.322+0000] {taskinstance.py:2614} INFO - Dependencies all met for dep_context=non-requeueable deps ti=<TaskInstance: daily_weather_etl.run_main_script manual__2025-03-27T15:07:19.034450+00:00 [queued]>
[2025-03-27T15:07:21.332+0000] {taskinstance.py:2614} INFO - Dependencies all met for dep_context=requeueable deps ti=<TaskInstance: daily_weather_etl.run_main_script manual__2025-03-27T15:07:19.034450+00:00 [queued]>
[2025-03-27T15:07:21.334+0000] {taskinstance.py:2867} INFO - Starting attempt 1 of 2
[2025-03-27T15:07:21.348+0000] {taskinstance.py:2890} INFO - Executing <Task(BashOperator): run_main_script> on 2025-03-27 15:07:19.034450+00:00
[2025-03-27T15:07:21.355+0000] {standard_task_runner.py:72} INFO - Started process 38718 to run task
[2025-03-27T15:07:21.359+0000] {standard_task_runner.py:104} INFO - Running: ['***', 'tasks', 'run', 'daily_weather_etl', 'run_main_script', 'manual__2025-03-27T15:07:19.034450+00:00', '--job-id', '122', '--raw', '--subdir', 'DAGS_FOLDER/weather_dag.py', '--cfg-path', '/tmp/tmpono83rno']
[2025-03-27T15:07:21.362+0000] {standard_task_runner.py:105} INFO - Job 122: Subtask run_main_script
[2025-03-27T15:07:21.412+0000] {task_command.py:467} INFO - Running <TaskInstance: daily_weather_etl.run_main_script manual__2025-03-27T15:07:19.034450+00:00 [running]> on host 3c3c1f66214b
[2025-03-27T15:07:21.512+0000] {taskinstance.py:3134} INFO - Exporting env vars: AIRFLOW_CTX_DAG_OWNER='***' AIRFLOW_CTX_DAG_ID='daily_weather_etl' AIRFLOW_CTX_TASK_ID='run_main_script' AIRFLOW_CTX_EXECUTION_DATE='2025-03-27T15:07:19.034450+00:00' AIRFLOW_CTX_TRY_NUMBER='1' AIRFLOW_CTX_DAG_RUN_ID='manual__2025-03-27T15:07:19.034450+00:00'
[2025-03-27T15:07:21.514+0000] {logging_mixin.py:190} INFO - Task instance is in running state
[2025-03-27T15:07:21.516+0000] {logging_mixin.py:190} INFO -  Previous state of the Task instance: queued
[2025-03-27T15:07:21.517+0000] {logging_mixin.py:190} INFO - Current task name:run_main_script state:running start_date:2025-03-27 15:07:21.323292+00:00
[2025-03-27T15:07:21.518+0000] {logging_mixin.py:190} INFO - Dag name:daily_weather_etl and current dag run status:running
[2025-03-27T15:07:21.519+0000] {taskinstance.py:732} INFO - ::endgroup::
[2025-03-27T15:07:21.521+0000] {subprocess.py:78} INFO - Tmp dir root location: /tmp
[2025-03-27T15:07:21.522+0000] {subprocess.py:88} INFO - Running command: ['/usr/bin/bash', '-c', 'python /opt/***/dags/main.py']
[2025-03-27T15:07:21.537+0000] {subprocess.py:99} INFO - Output:
[2025-03-27T15:07:24.238+0000] {subprocess.py:106} INFO - 25/03/27 15:07:24 WARN NativeCodeLoader: Unable to load native-hadoop library for your platform... using builtin-java classes where applicable
[2025-03-27T15:07:24.379+0000] {subprocess.py:106} INFO - Setting default log level to "WARN".
[2025-03-27T15:07:24.380+0000] {subprocess.py:106} INFO - To adjust logging level use sc.setLogLevel(newLevel). For SparkR, use setLogLevel(newLevel).
[2025-03-27T15:07:25.996+0000] {subprocess.py:106} INFO - Error: local variable 'cities' referenced before assignment
[2025-03-27T15:07:26.520+0000] {subprocess.py:110} INFO - Command exited with return code 0
[2025-03-27T15:07:26.722+0000] {taskinstance.py:341} INFO - ::group::Post task execution logs
[2025-03-27T15:07:26.724+0000] {taskinstance.py:353} INFO - Marking task as SUCCESS. dag_id=daily_weather_etl, task_id=run_main_script, run_id=manual__2025-03-27T15:07:19.034450+00:00, execution_date=20250327T150719, start_date=20250327T150721, end_date=20250327T150726
[2025-03-27T15:07:26.747+0000] {logging_mixin.py:190} INFO - Task instance in success state
[2025-03-27T15:07:26.749+0000] {logging_mixin.py:190} INFO -  Previous state of the Task instance: running
[2025-03-27T15:07:26.750+0000] {logging_mixin.py:190} INFO - Dag name:daily_weather_etl queued_at:2025-03-27 15:07:19.048225+00:00
[2025-03-27T15:07:26.751+0000] {logging_mixin.py:190} INFO - Task hostname:3c3c1f66214b operator:BashOperator
[2025-03-27T15:07:26.766+0000] {local_task_job_runner.py:266} INFO - Task exited with return code 0
[2025-03-27T15:07:26.780+0000] {taskinstance.py:3901} INFO - 0 downstream tasks scheduled from follow-on schedule check
[2025-03-27T15:07:26.783+0000] {local_task_job_runner.py:245} INFO - ::endgroup::
