[2025-04-09T11:35:40.447+0000] {local_task_job_runner.py:123} INFO - ::group::Pre task execution logs
[2025-04-09T11:35:40.616+0000] {taskinstance.py:2614} INFO - Dependencies all met for dep_context=non-requeueable deps ti=<TaskInstance: daily_weather_etl.run_prediction_script manual__2025-04-09T11:35:22.901555+00:00 [queued]>
[2025-04-09T11:35:40.633+0000] {taskinstance.py:2614} INFO - Dependencies all met for dep_context=requeueable deps ti=<TaskInstance: daily_weather_etl.run_prediction_script manual__2025-04-09T11:35:22.901555+00:00 [queued]>
[2025-04-09T11:35:40.637+0000] {taskinstance.py:2867} INFO - Starting attempt 1 of 2
[2025-04-09T11:35:40.660+0000] {taskinstance.py:2890} INFO - Executing <Task(BashOperator): run_prediction_script> on 2025-04-09 11:35:22.901555+00:00
[2025-04-09T11:35:40.669+0000] {standard_task_runner.py:72} INFO - Started process 16955 to run task
[2025-04-09T11:35:40.674+0000] {standard_task_runner.py:104} INFO - Running: ['***', 'tasks', 'run', 'daily_weather_etl', 'run_prediction_script', 'manual__2025-04-09T11:35:22.901555+00:00', '--job-id', '272', '--raw', '--subdir', 'DAGS_FOLDER/weather_dag.py', '--cfg-path', '/tmp/tmp53cgkw4o']
[2025-04-09T11:35:40.677+0000] {standard_task_runner.py:105} INFO - Job 272: Subtask run_prediction_script
[2025-04-09T11:35:40.750+0000] {task_command.py:467} INFO - Running <TaskInstance: daily_weather_etl.run_prediction_script manual__2025-04-09T11:35:22.901555+00:00 [running]> on host 3c3c1f66214b
[2025-04-09T11:35:40.880+0000] {taskinstance.py:3134} INFO - Exporting env vars: AIRFLOW_CTX_DAG_OWNER='***' AIRFLOW_CTX_DAG_ID='daily_weather_etl' AIRFLOW_CTX_TASK_ID='run_prediction_script' AIRFLOW_CTX_EXECUTION_DATE='2025-04-09T11:35:22.901555+00:00' AIRFLOW_CTX_TRY_NUMBER='1' AIRFLOW_CTX_DAG_RUN_ID='manual__2025-04-09T11:35:22.901555+00:00'
[2025-04-09T11:35:40.884+0000] {logging_mixin.py:190} INFO - Task instance is in running state
[2025-04-09T11:35:40.885+0000] {logging_mixin.py:190} INFO -  Previous state of the Task instance: queued
[2025-04-09T11:35:40.887+0000] {logging_mixin.py:190} INFO - Current task name:run_prediction_script state:running start_date:2025-04-09 11:35:40.618348+00:00
[2025-04-09T11:35:40.889+0000] {logging_mixin.py:190} INFO - Dag name:daily_weather_etl and current dag run status:running
[2025-04-09T11:35:40.892+0000] {taskinstance.py:732} INFO - ::endgroup::
[2025-04-09T11:35:40.894+0000] {subprocess.py:78} INFO - Tmp dir root location: /tmp
[2025-04-09T11:35:40.897+0000] {subprocess.py:88} INFO - Running command: ['/usr/bin/bash', '-c', 'python /opt/***/dags/ml_prediction.py']
[2025-04-09T11:35:40.923+0000] {subprocess.py:99} INFO - Output:
[2025-04-09T11:35:46.773+0000] {subprocess.py:106} INFO - 25/04/09 11:35:46 WARN NativeCodeLoader: Unable to load native-hadoop library for your platform... using builtin-java classes where applicable
[2025-04-09T11:35:47.114+0000] {subprocess.py:106} INFO - Setting default log level to "WARN".
[2025-04-09T11:35:47.116+0000] {subprocess.py:106} INFO - To adjust logging level use sc.setLogLevel(newLevel). For SparkR, use setLogLevel(newLevel).
[2025-04-09T11:35:52.039+0000] {subprocess.py:106} INFO - Error: an integer is required (got type Column)
[2025-04-09T11:35:52.693+0000] {subprocess.py:110} INFO - Command exited with return code 0
[2025-04-09T11:35:52.730+0000] {taskinstance.py:341} INFO - ::group::Post task execution logs
[2025-04-09T11:35:52.732+0000] {taskinstance.py:353} INFO - Marking task as SUCCESS. dag_id=daily_weather_etl, task_id=run_prediction_script, run_id=manual__2025-04-09T11:35:22.901555+00:00, execution_date=20250409T113522, start_date=20250409T113540, end_date=20250409T113552
[2025-04-09T11:35:52.768+0000] {logging_mixin.py:190} INFO - Task instance in success state
[2025-04-09T11:35:52.770+0000] {logging_mixin.py:190} INFO -  Previous state of the Task instance: running
[2025-04-09T11:35:52.771+0000] {logging_mixin.py:190} INFO - Dag name:daily_weather_etl queued_at:2025-04-09 11:35:22.924074+00:00
[2025-04-09T11:35:52.772+0000] {logging_mixin.py:190} INFO - Task hostname:3c3c1f66214b operator:BashOperator
[2025-04-09T11:35:52.819+0000] {local_task_job_runner.py:266} INFO - Task exited with return code 0
[2025-04-09T11:35:52.871+0000] {taskinstance.py:3901} INFO - 0 downstream tasks scheduled from follow-on schedule check
[2025-04-09T11:35:52.881+0000] {local_task_job_runner.py:245} INFO - ::endgroup::
