[2025-04-10T07:00:38.323+0000] {local_task_job_runner.py:123} INFO - ::group::Pre task execution logs
[2025-04-10T07:00:38.463+0000] {taskinstance.py:2614} INFO - Dependencies all met for dep_context=non-requeueable deps ti=<TaskInstance: daily_weather_etl.run_postgres_script scheduled__2025-04-09T07:00:00+00:00 [queued]>
[2025-04-10T07:00:38.473+0000] {taskinstance.py:2614} INFO - Dependencies all met for dep_context=requeueable deps ti=<TaskInstance: daily_weather_etl.run_postgres_script scheduled__2025-04-09T07:00:00+00:00 [queued]>
[2025-04-10T07:00:38.475+0000] {taskinstance.py:2867} INFO - Starting attempt 1 of 2
[2025-04-10T07:00:38.488+0000] {taskinstance.py:2890} INFO - Executing <Task(BashOperator): run_postgres_script> on 2025-04-09 07:00:00+00:00
[2025-04-10T07:00:38.494+0000] {standard_task_runner.py:72} INFO - Started process 2084 to run task
[2025-04-10T07:00:38.497+0000] {standard_task_runner.py:104} INFO - Running: ['***', 'tasks', 'run', 'daily_weather_etl', 'run_postgres_script', 'scheduled__2025-04-09T07:00:00+00:00', '--job-id', '278', '--raw', '--subdir', 'DAGS_FOLDER/weather_dag.py', '--cfg-path', '/tmp/tmptf4qh63o']
[2025-04-10T07:00:38.499+0000] {standard_task_runner.py:105} INFO - Job 278: Subtask run_postgres_script
[2025-04-10T07:00:38.544+0000] {task_command.py:467} INFO - Running <TaskInstance: daily_weather_etl.run_postgres_script scheduled__2025-04-09T07:00:00+00:00 [running]> on host 3c3c1f66214b
[2025-04-10T07:00:38.611+0000] {taskinstance.py:3134} INFO - Exporting env vars: AIRFLOW_CTX_DAG_OWNER='***' AIRFLOW_CTX_DAG_ID='daily_weather_etl' AIRFLOW_CTX_TASK_ID='run_postgres_script' AIRFLOW_CTX_EXECUTION_DATE='2025-04-09T07:00:00+00:00' AIRFLOW_CTX_TRY_NUMBER='1' AIRFLOW_CTX_DAG_RUN_ID='scheduled__2025-04-09T07:00:00+00:00'
[2025-04-10T07:00:38.613+0000] {logging_mixin.py:190} INFO - Task instance is in running state
[2025-04-10T07:00:38.613+0000] {logging_mixin.py:190} INFO -  Previous state of the Task instance: queued
[2025-04-10T07:00:38.614+0000] {logging_mixin.py:190} INFO - Current task name:run_postgres_script state:running start_date:2025-04-10 07:00:38.464640+00:00
[2025-04-10T07:00:38.615+0000] {logging_mixin.py:190} INFO - Dag name:daily_weather_etl and current dag run status:running
[2025-04-10T07:00:38.615+0000] {taskinstance.py:732} INFO - ::endgroup::
[2025-04-10T07:00:38.616+0000] {subprocess.py:78} INFO - Tmp dir root location: /tmp
[2025-04-10T07:00:38.618+0000] {subprocess.py:88} INFO - Running command: ['/usr/bin/bash', '-c', 'python /opt/***/dags/postgres.py']
[2025-04-10T07:00:38.627+0000] {subprocess.py:99} INFO - Output:
[2025-04-10T07:00:41.239+0000] {subprocess.py:106} INFO - 25/04/10 07:00:41 WARN NativeCodeLoader: Unable to load native-hadoop library for your platform... using builtin-java classes where applicable
[2025-04-10T07:00:41.434+0000] {subprocess.py:106} INFO - Setting default log level to "WARN".
[2025-04-10T07:00:41.436+0000] {subprocess.py:106} INFO - To adjust logging level use sc.setLogLevel(newLevel). For SparkR, use setLogLevel(newLevel).
[2025-04-10T07:00:46.858+0000] {subprocess.py:106} INFO - +--------------------+-------------------+-----------+--------+--------+---------+---------+-----+
[2025-04-10T07:00:46.860+0000] {subprocess.py:106} INFO - |                city|         local_time|temperature|wind_kph|humidity|feelslike|precip_mm| text|
[2025-04-10T07:00:46.861+0000] {subprocess.py:106} INFO - +--------------------+-------------------+-----------+--------+--------+---------+---------+-----+
[2025-04-10T07:00:46.862+0000] {subprocess.py:106} INFO - |               elche|2025-04-08 04:00:00|       12.0|     7.3|      68|     12.0|      0.0|Sunny|
[2025-04-10T07:00:46.863+0000] {subprocess.py:106} INFO - |               elche|2025-04-08 09:00:00|       14.9|     7.2|      49|     14.9|      0.0|Sunny|
[2025-04-10T07:00:46.864+0000] {subprocess.py:106} INFO - |               elche|2025-04-08 15:00:00|       23.9|    13.4|      36|     23.9|      0.0|Sunny|
[2025-04-10T07:00:46.865+0000] {subprocess.py:106} INFO - |               elche|2025-04-08 22:00:00|       16.4|     3.9|      69|     16.4|      0.0|Sunny|
[2025-04-10T07:00:46.866+0000] {subprocess.py:106} INFO - |              madrid|2025-04-08 04:00:00|       11.3|     6.1|      79|     11.3|      0.0|Sunny|
[2025-04-10T07:00:46.866+0000] {subprocess.py:106} INFO - |              madrid|2025-04-08 09:00:00|        9.5|     6.8|      83|      9.5|      0.0|Sunny|
[2025-04-10T07:00:46.867+0000] {subprocess.py:106} INFO - |              madrid|2025-04-08 15:00:00|       22.0|     4.8|      40|     22.0|      0.0|Sunny|
[2025-04-10T07:00:46.868+0000] {subprocess.py:106} INFO - |              madrid|2025-04-08 22:00:00|       16.3|     5.3|      65|     16.3|      0.0|Sunny|
[2025-04-10T07:00:46.869+0000] {subprocess.py:106} INFO - |san juan de alicante|2025-04-08 04:00:00|       16.4|     1.6|      40|     16.4|      0.0|Sunny|
[2025-04-10T07:00:46.870+0000] {subprocess.py:106} INFO - |san juan de alicante|2025-04-08 09:00:00|       16.7|     0.5|      50|     16.7|      0.0|Sunny|
[2025-04-10T07:00:46.871+0000] {subprocess.py:106} INFO - |san juan de alicante|2025-04-08 15:00:00|       22.3|    12.2|      49|     22.3|      0.0|Sunny|
[2025-04-10T07:00:46.872+0000] {subprocess.py:106} INFO - |san juan de alicante|2025-04-08 22:00:00|       16.3|     3.7|      72|     16.3|      0.0|Sunny|
[2025-04-10T07:00:46.873+0000] {subprocess.py:106} INFO - |          torrevieja|2025-04-08 04:00:00|       13.8|     0.6|      83|     13.8|      0.0|Sunny|
[2025-04-10T07:00:46.873+0000] {subprocess.py:106} INFO - |          torrevieja|2025-04-08 09:00:00|       14.4|     6.8|      80|     14.4|      0.0|Sunny|
[2025-04-10T07:00:46.874+0000] {subprocess.py:106} INFO - |          torrevieja|2025-04-08 15:00:00|       20.3|    11.0|      66|     20.3|      0.0|Sunny|
[2025-04-10T07:00:46.875+0000] {subprocess.py:106} INFO - |          torrevieja|2025-04-08 22:00:00|       15.8|     6.1|      92|     15.8|      0.0|Sunny|
[2025-04-10T07:00:46.876+0000] {subprocess.py:106} INFO - |            valencia|2025-04-08 04:00:00|       13.9|     4.6|      83|     13.9|      0.0|Sunny|
[2025-04-10T07:00:46.876+0000] {subprocess.py:106} INFO - |            valencia|2025-04-08 09:00:00|       13.3|     5.1|      78|     13.3|      0.0|Sunny|
[2025-04-10T07:00:46.877+0000] {subprocess.py:106} INFO - |            valencia|2025-04-08 15:00:00|       20.5|    11.1|      50|     20.5|      0.0|Sunny|
[2025-04-10T07:00:46.878+0000] {subprocess.py:106} INFO - |            valencia|2025-04-08 22:00:00|       16.4|     6.9|      85|     16.4|      0.0|Sunny|
[2025-04-10T07:00:46.879+0000] {subprocess.py:106} INFO - +--------------------+-------------------+-----------+--------+--------+---------+---------+-----+
[2025-04-10T07:00:46.880+0000] {subprocess.py:106} INFO - 
[2025-04-10T07:00:46.880+0000] {subprocess.py:106} INFO - Datos registrados correctamente en la bbdd
[2025-04-10T07:00:47.335+0000] {subprocess.py:110} INFO - Command exited with return code 0
[2025-04-10T07:00:47.354+0000] {taskinstance.py:341} INFO - ::group::Post task execution logs
[2025-04-10T07:00:47.355+0000] {taskinstance.py:353} INFO - Marking task as SUCCESS. dag_id=daily_weather_etl, task_id=run_postgres_script, run_id=scheduled__2025-04-09T07:00:00+00:00, execution_date=20250409T070000, start_date=20250410T070038, end_date=20250410T070047
[2025-04-10T07:00:47.374+0000] {logging_mixin.py:190} INFO - Task instance in success state
[2025-04-10T07:00:47.375+0000] {logging_mixin.py:190} INFO -  Previous state of the Task instance: running
[2025-04-10T07:00:47.376+0000] {logging_mixin.py:190} INFO - Dag name:daily_weather_etl queued_at:2025-04-10 07:00:00.423876+00:00
[2025-04-10T07:00:47.377+0000] {logging_mixin.py:190} INFO - Task hostname:3c3c1f66214b operator:BashOperator
[2025-04-10T07:00:47.391+0000] {local_task_job_runner.py:266} INFO - Task exited with return code 0
[2025-04-10T07:00:47.409+0000] {taskinstance.py:3901} INFO - 1 downstream tasks scheduled from follow-on schedule check
[2025-04-10T07:00:47.411+0000] {local_task_job_runner.py:245} INFO - ::endgroup::
