[2025-03-31T06:47:45.544+0000] {local_task_job_runner.py:123} INFO - ::group::Pre task execution logs
[2025-03-31T06:47:45.809+0000] {taskinstance.py:2614} INFO - Dependencies all met for dep_context=non-requeueable deps ti=<TaskInstance: daily_weather_etl.run_minio_script manual__2025-03-31T06:47:30.279292+00:00 [queued]>
[2025-03-31T06:47:45.831+0000] {taskinstance.py:2614} INFO - Dependencies all met for dep_context=requeueable deps ti=<TaskInstance: daily_weather_etl.run_minio_script manual__2025-03-31T06:47:30.279292+00:00 [queued]>
[2025-03-31T06:47:45.833+0000] {taskinstance.py:2867} INFO - Starting attempt 1 of 2
[2025-03-31T06:47:45.856+0000] {taskinstance.py:2890} INFO - Executing <Task(BashOperator): run_minio_script> on 2025-03-31 06:47:30.279292+00:00
[2025-03-31T06:47:45.863+0000] {standard_task_runner.py:72} INFO - Started process 2943 to run task
[2025-03-31T06:47:45.871+0000] {standard_task_runner.py:104} INFO - Running: ['***', 'tasks', 'run', 'daily_weather_etl', 'run_minio_script', 'manual__2025-03-31T06:47:30.279292+00:00', '--job-id', '178', '--raw', '--subdir', 'DAGS_FOLDER/weather_dag.py', '--cfg-path', '/tmp/tmpt_8x5rdn']
[2025-03-31T06:47:45.874+0000] {standard_task_runner.py:105} INFO - Job 178: Subtask run_minio_script
[2025-03-31T06:47:45.948+0000] {task_command.py:467} INFO - Running <TaskInstance: daily_weather_etl.run_minio_script manual__2025-03-31T06:47:30.279292+00:00 [running]> on host 3c3c1f66214b
[2025-03-31T06:47:46.123+0000] {taskinstance.py:3134} INFO - Exporting env vars: AIRFLOW_CTX_DAG_OWNER='***' AIRFLOW_CTX_DAG_ID='daily_weather_etl' AIRFLOW_CTX_TASK_ID='run_minio_script' AIRFLOW_CTX_EXECUTION_DATE='2025-03-31T06:47:30.279292+00:00' AIRFLOW_CTX_TRY_NUMBER='1' AIRFLOW_CTX_DAG_RUN_ID='manual__2025-03-31T06:47:30.279292+00:00'
[2025-03-31T06:47:46.126+0000] {logging_mixin.py:190} INFO - Task instance is in running state
[2025-03-31T06:47:46.128+0000] {logging_mixin.py:190} INFO -  Previous state of the Task instance: queued
[2025-03-31T06:47:46.129+0000] {logging_mixin.py:190} INFO - Current task name:run_minio_script state:running start_date:2025-03-31 06:47:45.811984+00:00
[2025-03-31T06:47:46.131+0000] {logging_mixin.py:190} INFO - Dag name:daily_weather_etl and current dag run status:running
[2025-03-31T06:47:46.132+0000] {taskinstance.py:732} INFO - ::endgroup::
[2025-03-31T06:47:46.136+0000] {subprocess.py:78} INFO - Tmp dir root location: /tmp
[2025-03-31T06:47:46.139+0000] {subprocess.py:88} INFO - Running command: ['/usr/bin/bash', '-c', 'python /opt/***/dags/minio.py']
[2025-03-31T06:47:46.160+0000] {subprocess.py:99} INFO - Output:
[2025-03-31T06:47:50.865+0000] {subprocess.py:106} INFO - Setting default log level to "WARN".
[2025-03-31T06:47:50.867+0000] {subprocess.py:106} INFO - To adjust logging level use sc.setLogLevel(newLevel). For SparkR, use setLogLevel(newLevel).
[2025-03-31T06:47:51.224+0000] {subprocess.py:106} INFO - 25/03/31 06:47:51 WARN NativeCodeLoader: Unable to load native-hadoop library for your platform... using builtin-java classes where applicable
[2025-03-31T06:47:53.781+0000] {subprocess.py:106} INFO - Error: set_df_last_records() missing 2 required positional arguments: 'latitude' and 'longitude'
[2025-03-31T06:47:54.358+0000] {subprocess.py:110} INFO - Command exited with return code 0
[2025-03-31T06:47:54.403+0000] {taskinstance.py:341} INFO - ::group::Post task execution logs
[2025-03-31T06:47:54.405+0000] {taskinstance.py:353} INFO - Marking task as SUCCESS. dag_id=daily_weather_etl, task_id=run_minio_script, run_id=manual__2025-03-31T06:47:30.279292+00:00, execution_date=20250331T064730, start_date=20250331T064745, end_date=20250331T064754
[2025-03-31T06:47:54.438+0000] {logging_mixin.py:190} INFO - Task instance in success state
[2025-03-31T06:47:54.439+0000] {logging_mixin.py:190} INFO -  Previous state of the Task instance: running
[2025-03-31T06:47:54.441+0000] {logging_mixin.py:190} INFO - Dag name:daily_weather_etl queued_at:2025-03-31 06:47:30.305353+00:00
[2025-03-31T06:47:54.442+0000] {logging_mixin.py:190} INFO - Task hostname:3c3c1f66214b operator:BashOperator
[2025-03-31T06:47:54.466+0000] {local_task_job_runner.py:266} INFO - Task exited with return code 0
[2025-03-31T06:47:54.487+0000] {taskinstance.py:3901} INFO - 0 downstream tasks scheduled from follow-on schedule check
[2025-03-31T06:47:54.490+0000] {local_task_job_runner.py:245} INFO - ::endgroup::
