[2025-03-30T10:31:03.933+0000] {local_task_job_runner.py:123} INFO - ::group::Pre task execution logs
[2025-03-30T10:31:04.146+0000] {taskinstance.py:2614} INFO - Dependencies all met for dep_context=non-requeueable deps ti=<TaskInstance: daily_weather_etl.run_main_script scheduled__2025-03-28T08:00:00+00:00 [queued]>
[2025-03-30T10:31:04.160+0000] {taskinstance.py:2614} INFO - Dependencies all met for dep_context=requeueable deps ti=<TaskInstance: daily_weather_etl.run_main_script scheduled__2025-03-28T08:00:00+00:00 [queued]>
[2025-03-30T10:31:04.162+0000] {taskinstance.py:2867} INFO - Starting attempt 2 of 2
[2025-03-30T10:31:04.184+0000] {taskinstance.py:2890} INFO - Executing <Task(BashOperator): run_main_script> on 2025-03-28 08:00:00+00:00
[2025-03-30T10:31:04.194+0000] {standard_task_runner.py:72} INFO - Started process 82 to run task
[2025-03-30T10:31:04.198+0000] {standard_task_runner.py:104} INFO - Running: ['***', 'tasks', 'run', 'daily_weather_etl', 'run_main_script', 'scheduled__2025-03-28T08:00:00+00:00', '--job-id', '144', '--raw', '--subdir', 'DAGS_FOLDER/weather_dag.py', '--cfg-path', '/tmp/tmpxqm4rtsm']
[2025-03-30T10:31:04.201+0000] {standard_task_runner.py:105} INFO - Job 144: Subtask run_main_script
[2025-03-30T10:31:04.281+0000] {task_command.py:467} INFO - Running <TaskInstance: daily_weather_etl.run_main_script scheduled__2025-03-28T08:00:00+00:00 [running]> on host 3c3c1f66214b
[2025-03-30T10:31:04.422+0000] {taskinstance.py:3134} INFO - Exporting env vars: AIRFLOW_CTX_DAG_OWNER='***' AIRFLOW_CTX_DAG_ID='daily_weather_etl' AIRFLOW_CTX_TASK_ID='run_main_script' AIRFLOW_CTX_EXECUTION_DATE='2025-03-28T08:00:00+00:00' AIRFLOW_CTX_TRY_NUMBER='2' AIRFLOW_CTX_DAG_RUN_ID='scheduled__2025-03-28T08:00:00+00:00'
[2025-03-30T10:31:04.425+0000] {logging_mixin.py:190} INFO - Task instance is in running state
[2025-03-30T10:31:04.426+0000] {logging_mixin.py:190} INFO -  Previous state of the Task instance: queued
[2025-03-30T10:31:04.427+0000] {logging_mixin.py:190} INFO - Current task name:run_main_script state:running start_date:2025-03-30 10:31:04.148338+00:00
[2025-03-30T10:31:04.429+0000] {logging_mixin.py:190} INFO - Dag name:daily_weather_etl and current dag run status:running
[2025-03-30T10:31:04.430+0000] {taskinstance.py:732} INFO - ::endgroup::
[2025-03-30T10:31:04.432+0000] {subprocess.py:78} INFO - Tmp dir root location: /tmp
[2025-03-30T10:31:04.435+0000] {subprocess.py:88} INFO - Running command: ['/usr/bin/bash', '-c', 'python /opt/***/dags/main.py']
[2025-03-30T10:31:04.452+0000] {subprocess.py:99} INFO - Output:
[2025-03-30T10:31:15.812+0000] {subprocess.py:106} INFO - 25/03/30 10:31:15 WARN NativeCodeLoader: Unable to load native-hadoop library for your platform... using builtin-java classes where applicable
[2025-03-30T10:31:16.305+0000] {subprocess.py:106} INFO - Setting default log level to "WARN".
[2025-03-30T10:31:16.312+0000] {subprocess.py:106} INFO - To adjust logging level use sc.setLogLevel(newLevel). For SparkR, use setLogLevel(newLevel).
[2025-03-30T10:31:20.395+0000] {subprocess.py:106} INFO - Ciudades registradas:
[2025-03-30T10:31:21.084+0000] {subprocess.py:110} INFO - Command exited with return code 0
[2025-03-30T10:31:21.179+0000] {taskinstance.py:341} INFO - ::group::Post task execution logs
[2025-03-30T10:31:21.186+0000] {taskinstance.py:353} INFO - Marking task as SUCCESS. dag_id=daily_weather_etl, task_id=run_main_script, run_id=scheduled__2025-03-28T08:00:00+00:00, execution_date=20250328T080000, start_date=20250330T103104, end_date=20250330T103121
[2025-03-30T10:31:21.279+0000] {logging_mixin.py:190} INFO - Task instance in success state
[2025-03-30T10:31:21.283+0000] {logging_mixin.py:190} INFO -  Previous state of the Task instance: running
[2025-03-30T10:31:21.284+0000] {logging_mixin.py:190} INFO - Dag name:daily_weather_etl queued_at:2025-03-30 10:25:51.880233+00:00
[2025-03-30T10:31:21.286+0000] {logging_mixin.py:190} INFO - Task hostname:3c3c1f66214b operator:BashOperator
[2025-03-30T10:31:21.316+0000] {local_task_job_runner.py:266} INFO - Task exited with return code 0
[2025-03-30T10:31:21.359+0000] {taskinstance.py:3901} INFO - 1 downstream tasks scheduled from follow-on schedule check
[2025-03-30T10:31:21.362+0000] {local_task_job_runner.py:245} INFO - ::endgroup::
