[2025-03-30T21:28:50.098+0000] {local_task_job_runner.py:123} INFO - ::group::Pre task execution logs
[2025-03-30T21:28:50.233+0000] {taskinstance.py:2614} INFO - Dependencies all met for dep_context=non-requeueable deps ti=<TaskInstance: daily_weather_etl.run_main_script manual__2025-03-30T21:28:48.346786+00:00 [queued]>
[2025-03-30T21:28:50.247+0000] {taskinstance.py:2614} INFO - Dependencies all met for dep_context=requeueable deps ti=<TaskInstance: daily_weather_etl.run_main_script manual__2025-03-30T21:28:48.346786+00:00 [queued]>
[2025-03-30T21:28:50.250+0000] {taskinstance.py:2867} INFO - Starting attempt 1 of 2
[2025-03-30T21:28:50.266+0000] {taskinstance.py:2890} INFO - Executing <Task(BashOperator): run_main_script> on 2025-03-30 21:28:48.346786+00:00
[2025-03-30T21:28:50.271+0000] {standard_task_runner.py:72} INFO - Started process 788 to run task
[2025-03-30T21:28:50.277+0000] {standard_task_runner.py:104} INFO - Running: ['***', 'tasks', 'run', 'daily_weather_etl', 'run_main_script', 'manual__2025-03-30T21:28:48.346786+00:00', '--job-id', '155', '--raw', '--subdir', 'DAGS_FOLDER/weather_dag.py', '--cfg-path', '/tmp/tmp8gwucppp']
[2025-03-30T21:28:50.280+0000] {standard_task_runner.py:105} INFO - Job 155: Subtask run_main_script
[2025-03-30T21:28:50.326+0000] {task_command.py:467} INFO - Running <TaskInstance: daily_weather_etl.run_main_script manual__2025-03-30T21:28:48.346786+00:00 [running]> on host 3c3c1f66214b
[2025-03-30T21:28:50.399+0000] {taskinstance.py:3134} INFO - Exporting env vars: AIRFLOW_CTX_DAG_OWNER='***' AIRFLOW_CTX_DAG_ID='daily_weather_etl' AIRFLOW_CTX_TASK_ID='run_main_script' AIRFLOW_CTX_EXECUTION_DATE='2025-03-30T21:28:48.346786+00:00' AIRFLOW_CTX_TRY_NUMBER='1' AIRFLOW_CTX_DAG_RUN_ID='manual__2025-03-30T21:28:48.346786+00:00'
[2025-03-30T21:28:50.401+0000] {logging_mixin.py:190} INFO - Task instance is in running state
[2025-03-30T21:28:50.402+0000] {logging_mixin.py:190} INFO -  Previous state of the Task instance: queued
[2025-03-30T21:28:50.403+0000] {logging_mixin.py:190} INFO - Current task name:run_main_script state:running start_date:2025-03-30 21:28:50.234447+00:00
[2025-03-30T21:28:50.404+0000] {logging_mixin.py:190} INFO - Dag name:daily_weather_etl and current dag run status:running
[2025-03-30T21:28:50.405+0000] {taskinstance.py:732} INFO - ::endgroup::
[2025-03-30T21:28:50.406+0000] {subprocess.py:78} INFO - Tmp dir root location: /tmp
[2025-03-30T21:28:50.408+0000] {subprocess.py:88} INFO - Running command: ['/usr/bin/bash', '-c', 'python /opt/***/dags/main.py']
[2025-03-30T21:28:50.416+0000] {subprocess.py:99} INFO - Output:
[2025-03-30T21:28:52.860+0000] {subprocess.py:106} INFO - 25/03/30 21:28:52 WARN NativeCodeLoader: Unable to load native-hadoop library for your platform... using builtin-java classes where applicable
[2025-03-30T21:28:53.013+0000] {subprocess.py:106} INFO - Setting default log level to "WARN".
[2025-03-30T21:28:53.014+0000] {subprocess.py:106} INFO - To adjust logging level use sc.setLogLevel(newLevel). For SparkR, use setLogLevel(newLevel).
[2025-03-30T21:29:07.374+0000] {subprocess.py:106} INFO - [Stage 0:>                                                          (0 + 8) / 8]                                                                                Ciudades registradas:
[2025-03-30T21:29:07.375+0000] {subprocess.py:106} INFO - Vamos a crear un histórico de valencia
[2025-03-30T21:29:07.376+0000] {subprocess.py:106} INFO - +--------+----------+-----+-----------+--------+--------+---------+---------+-------------+----------------------------------------------+
[2025-03-30T21:29:07.377+0000] {subprocess.py:106} INFO - |city    |date      |time |temperature|wind_kph|humidity|feelslike|precip_mm|text         |icon                                          |
[2025-03-30T21:29:07.378+0000] {subprocess.py:106} INFO - +--------+----------+-----+-----------+--------+--------+---------+---------+-------------+----------------------------------------------+
[2025-03-30T21:29:07.379+0000] {subprocess.py:106} INFO - |valencia|2021-01-01|04:00|7.1        |5.4     |77      |7.1      |0.0      |Partly Cloudy|//cdn.weatherapi.com/weather/64x64/day/116.png|
[2025-03-30T21:29:07.380+0000] {subprocess.py:106} INFO - |valencia|2021-01-01|09:00|7.4        |15.6    |73      |7.4      |0.3      |Light Drizzle|//cdn.weatherapi.com/weather/64x64/day/176.png|
[2025-03-30T21:29:07.381+0000] {subprocess.py:106} INFO - |valencia|2021-01-01|15:00|12.1       |15.4    |42      |12.1     |0.0      |Partly Cloudy|//cdn.weatherapi.com/weather/64x64/day/116.png|
[2025-03-30T21:29:07.381+0000] {subprocess.py:106} INFO - |valencia|2021-01-01|22:00|8.1        |19.7    |50      |8.1      |0.0      |Sunny        |//cdn.weatherapi.com/weather/64x64/day/113.png|
[2025-03-30T21:29:07.382+0000] {subprocess.py:106} INFO - |valencia|2021-01-02|04:00|5.7        |14.8    |55      |5.7      |0.0      |Sunny        |//cdn.weatherapi.com/weather/64x64/day/113.png|
[2025-03-30T21:29:07.383+0000] {subprocess.py:106} INFO - |valencia|2021-01-02|09:00|4.7        |19.2    |42      |4.7      |0.0      |Sunny        |//cdn.weatherapi.com/weather/64x64/day/113.png|
[2025-03-30T21:29:07.384+0000] {subprocess.py:106} INFO - |valencia|2021-01-02|15:00|11.0       |18.2    |33      |11.0     |0.0      |Partly Cloudy|//cdn.weatherapi.com/weather/64x64/day/116.png|
[2025-03-30T21:29:07.385+0000] {subprocess.py:106} INFO - |valencia|2021-01-02|22:00|6.4        |14.8    |34      |6.4      |0.0      |Cloudy       |//cdn.weatherapi.com/weather/64x64/day/119.png|
[2025-03-30T21:29:07.386+0000] {subprocess.py:106} INFO - |valencia|2021-01-03|04:00|5.3        |12.0    |50      |5.3      |0.0      |Sunny        |//cdn.weatherapi.com/weather/64x64/day/113.png|
[2025-03-30T21:29:07.387+0000] {subprocess.py:106} INFO - |valencia|2021-01-03|09:00|3.9        |11.4    |48      |3.9      |0.0      |Sunny        |//cdn.weatherapi.com/weather/64x64/day/113.png|
[2025-03-30T21:29:07.388+0000] {subprocess.py:106} INFO - |valencia|2021-01-03|15:00|12.5       |18.0    |31      |12.5     |0.0      |Sunny        |//cdn.weatherapi.com/weather/64x64/day/113.png|
[2025-03-30T21:29:07.389+0000] {subprocess.py:106} INFO - |valencia|2021-01-03|22:00|7.4        |15.0    |46      |7.4      |0.0      |Sunny        |//cdn.weatherapi.com/weather/64x64/day/113.png|
[2025-03-30T21:29:07.390+0000] {subprocess.py:106} INFO - |valencia|2021-01-04|04:00|5.9        |14.4    |56      |5.9      |0.0      |Sunny        |//cdn.weatherapi.com/weather/64x64/day/113.png|
[2025-03-30T21:29:07.390+0000] {subprocess.py:106} INFO - |valencia|2021-01-04|09:00|4.9        |13.6    |66      |4.9      |0.0      |Sunny        |//cdn.weatherapi.com/weather/64x64/day/113.png|
[2025-03-30T21:29:07.392+0000] {subprocess.py:106} INFO - |valencia|2021-01-04|15:00|11.9       |19.8    |34      |11.9     |0.0      |Sunny        |//cdn.weatherapi.com/weather/64x64/day/113.png|
[2025-03-30T21:29:07.393+0000] {subprocess.py:106} INFO - |valencia|2021-01-04|22:00|6.0        |13.7    |55      |6.0      |0.0      |Sunny        |//cdn.weatherapi.com/weather/64x64/day/113.png|
[2025-03-30T21:29:07.394+0000] {subprocess.py:106} INFO - |valencia|2021-01-05|04:00|3.8        |13.1    |60      |3.8      |0.0      |Sunny        |//cdn.weatherapi.com/weather/64x64/day/113.png|
[2025-03-30T21:29:07.395+0000] {subprocess.py:106} INFO - |valencia|2021-01-05|09:00|1.1        |9.0     |67      |1.1      |0.0      |Sunny        |//cdn.weatherapi.com/weather/64x64/day/113.png|
[2025-03-30T21:29:07.397+0000] {subprocess.py:106} INFO - |valencia|2021-01-05|15:00|11.1       |5.6     |37      |11.1     |0.0      |Sunny        |//cdn.weatherapi.com/weather/64x64/day/113.png|
[2025-03-30T21:29:07.398+0000] {subprocess.py:106} INFO - |valencia|2021-01-05|22:00|3.8        |6.5     |71      |3.8      |0.0      |Sunny        |//cdn.weatherapi.com/weather/64x64/day/113.png|
[2025-03-30T21:29:07.399+0000] {subprocess.py:106} INFO - +--------+----------+-----+-----------+--------+--------+---------+---------+-------------+----------------------------------------------+
[2025-03-30T21:29:07.400+0000] {subprocess.py:106} INFO - only showing top 20 rows
[2025-03-30T21:29:07.402+0000] {subprocess.py:106} INFO - 
[2025-03-30T21:29:07.403+0000] {subprocess.py:106} INFO - Error: 'float' object has no attribute 'replace'
[2025-03-30T21:29:07.881+0000] {subprocess.py:110} INFO - Command exited with return code 0
[2025-03-30T21:29:07.899+0000] {taskinstance.py:341} INFO - ::group::Post task execution logs
[2025-03-30T21:29:07.900+0000] {taskinstance.py:353} INFO - Marking task as SUCCESS. dag_id=daily_weather_etl, task_id=run_main_script, run_id=manual__2025-03-30T21:28:48.346786+00:00, execution_date=20250330T212848, start_date=20250330T212850, end_date=20250330T212907
[2025-03-30T21:29:07.918+0000] {logging_mixin.py:190} INFO - Task instance in success state
[2025-03-30T21:29:07.919+0000] {logging_mixin.py:190} INFO -  Previous state of the Task instance: running
[2025-03-30T21:29:07.920+0000] {logging_mixin.py:190} INFO - Dag name:daily_weather_etl queued_at:2025-03-30 21:28:48.360830+00:00
[2025-03-30T21:29:07.921+0000] {logging_mixin.py:190} INFO - Task hostname:3c3c1f66214b operator:BashOperator
[2025-03-30T21:29:07.957+0000] {local_task_job_runner.py:266} INFO - Task exited with return code 0
[2025-03-30T21:29:07.994+0000] {taskinstance.py:3901} INFO - 0 downstream tasks scheduled from follow-on schedule check
[2025-03-30T21:29:07.998+0000] {local_task_job_runner.py:245} INFO - ::endgroup::
