[2025-03-27T15:41:08.776+0000] {local_task_job_runner.py:123} INFO - ::group::Pre task execution logs
[2025-03-27T15:41:08.940+0000] {taskinstance.py:2614} INFO - Dependencies all met for dep_context=non-requeueable deps ti=<TaskInstance: daily_weather_etl.run_postgres_script manual__2025-03-27T15:40:07.497628+00:00 [queued]>
[2025-03-27T15:41:08.955+0000] {taskinstance.py:2614} INFO - Dependencies all met for dep_context=requeueable deps ti=<TaskInstance: daily_weather_etl.run_postgres_script manual__2025-03-27T15:40:07.497628+00:00 [queued]>
[2025-03-27T15:41:08.956+0000] {taskinstance.py:2867} INFO - Starting attempt 1 of 2
[2025-03-27T15:41:08.973+0000] {taskinstance.py:2890} INFO - Executing <Task(BashOperator): run_postgres_script> on 2025-03-27 15:40:07.497628+00:00
[2025-03-27T15:41:08.978+0000] {standard_task_runner.py:72} INFO - Started process 48721 to run task
[2025-03-27T15:41:08.982+0000] {standard_task_runner.py:104} INFO - Running: ['***', 'tasks', 'run', 'daily_weather_etl', 'run_postgres_script', 'manual__2025-03-27T15:40:07.497628+00:00', '--job-id', '135', '--raw', '--subdir', 'DAGS_FOLDER/weather_dag.py', '--cfg-path', '/tmp/tmpmpkd_hii']
[2025-03-27T15:41:08.985+0000] {standard_task_runner.py:105} INFO - Job 135: Subtask run_postgres_script
[2025-03-27T15:41:09.036+0000] {task_command.py:467} INFO - Running <TaskInstance: daily_weather_etl.run_postgres_script manual__2025-03-27T15:40:07.497628+00:00 [running]> on host 3c3c1f66214b
[2025-03-27T15:41:09.154+0000] {taskinstance.py:3134} INFO - Exporting env vars: AIRFLOW_CTX_DAG_OWNER='***' AIRFLOW_CTX_DAG_ID='daily_weather_etl' AIRFLOW_CTX_TASK_ID='run_postgres_script' AIRFLOW_CTX_EXECUTION_DATE='2025-03-27T15:40:07.497628+00:00' AIRFLOW_CTX_TRY_NUMBER='1' AIRFLOW_CTX_DAG_RUN_ID='manual__2025-03-27T15:40:07.497628+00:00'
[2025-03-27T15:41:09.157+0000] {logging_mixin.py:190} INFO - Task instance is in running state
[2025-03-27T15:41:09.159+0000] {logging_mixin.py:190} INFO -  Previous state of the Task instance: queued
[2025-03-27T15:41:09.160+0000] {logging_mixin.py:190} INFO - Current task name:run_postgres_script state:running start_date:2025-03-27 15:41:08.941663+00:00
[2025-03-27T15:41:09.161+0000] {logging_mixin.py:190} INFO - Dag name:daily_weather_etl and current dag run status:running
[2025-03-27T15:41:09.164+0000] {taskinstance.py:732} INFO - ::endgroup::
[2025-03-27T15:41:09.170+0000] {subprocess.py:78} INFO - Tmp dir root location: /tmp
[2025-03-27T15:41:09.172+0000] {subprocess.py:88} INFO - Running command: ['/usr/bin/bash', '-c', 'python /opt/***/dags/postgres.py']
[2025-03-27T15:41:09.191+0000] {subprocess.py:99} INFO - Output:
[2025-03-27T15:41:11.720+0000] {subprocess.py:106} INFO - 25/03/27 15:41:11 WARN NativeCodeLoader: Unable to load native-hadoop library for your platform... using builtin-java classes where applicable
[2025-03-27T15:41:11.868+0000] {subprocess.py:106} INFO - Setting default log level to "WARN".
[2025-03-27T15:41:11.869+0000] {subprocess.py:106} INFO - To adjust logging level use sc.setLogLevel(newLevel). For SparkR, use setLogLevel(newLevel).
[2025-03-27T15:41:17.946+0000] {subprocess.py:106} INFO - +--------------------+----------------+-----------+--------+--------+---------+---------+-----+--------------------+
[2025-03-27T15:41:17.948+0000] {subprocess.py:106} INFO - |                city|      local_time|temperature|wind_kph|humidity|feelslike|precip_mm| text|                icon|
[2025-03-27T15:41:17.948+0000] {subprocess.py:106} INFO - +--------------------+----------------+-----------+--------+--------+---------+---------+-----+--------------------+
[2025-03-27T15:41:17.949+0000] {subprocess.py:106} INFO - |               elche|2025-03-26 04:00|       10.2|     3.2|      77|     10.6|      0.0|Clear|//cdn.weatherapi....|
[2025-03-27T15:41:17.950+0000] {subprocess.py:106} INFO - |               elche|2025-03-26 09:00|       14.5|     4.0|      56|     15.1|      0.0|Sunny|//cdn.weatherapi....|
[2025-03-27T15:41:17.951+0000] {subprocess.py:106} INFO - |               elche|2025-03-26 15:00|       19.0|     4.3|      38|     19.0|      0.0|Sunny|//cdn.weatherapi....|
[2025-03-27T15:41:17.952+0000] {subprocess.py:106} INFO - |               elche|2025-03-26 22:00|       12.9|    10.1|      83|     12.1|      0.0|Clear|//cdn.weatherapi....|
[2025-03-27T15:41:17.953+0000] {subprocess.py:106} INFO - |              madrid|2025-03-26 04:00|        6.8|     5.8|      70|      5.9|      0.0|Clear|//cdn.weatherapi....|
[2025-03-27T15:41:17.954+0000] {subprocess.py:106} INFO - |              madrid|2025-03-26 09:00|        7.9|     5.4|      66|      7.2|      0.0|Sunny|//cdn.weatherapi....|
[2025-03-27T15:41:17.955+0000] {subprocess.py:106} INFO - |              madrid|2025-03-26 15:00|       15.4|     5.4|      39|     15.4|      0.0|Sunny|//cdn.weatherapi....|
[2025-03-27T15:41:17.956+0000] {subprocess.py:106} INFO - |              madrid|2025-03-26 22:00|       11.5|     6.5|      52|     11.1|      0.0|Clear|//cdn.weatherapi....|
[2025-03-27T15:41:17.957+0000] {subprocess.py:106} INFO - |san juan de alicante|2025-03-26 04:00|       11.6|     4.7|      68|     11.6|      0.0|Clear|//cdn.weatherapi....|
[2025-03-27T15:41:17.958+0000] {subprocess.py:106} INFO - |san juan de alicante|2025-03-26 09:00|       14.5|     4.7|      59|     15.0|      0.0|Sunny|//cdn.weatherapi....|
[2025-03-27T15:41:17.959+0000] {subprocess.py:106} INFO - |san juan de alicante|2025-03-26 15:00|       16.5|    16.6|      60|     16.5|      0.0|Sunny|//cdn.weatherapi....|
[2025-03-27T15:41:17.961+0000] {subprocess.py:106} INFO - |san juan de alicante|2025-03-26 22:00|       13.4|     6.5|      80|     13.3|      0.0|Clear|//cdn.weatherapi....|
[2025-03-27T15:41:17.962+0000] {subprocess.py:106} INFO - |          torrevieja|2025-03-26 04:00|       11.9|     7.2|      79|     11.4|      0.0|Clear|//cdn.weatherapi....|
[2025-03-27T15:41:17.962+0000] {subprocess.py:106} INFO - |          torrevieja|2025-03-26 09:00|       14.0|     6.8|      66|     14.0|      0.0|Sunny|//cdn.weatherapi....|
[2025-03-27T15:41:17.963+0000] {subprocess.py:106} INFO - |          torrevieja|2025-03-26 15:00|       18.5|    15.1|      50|     18.5|      0.0|Sunny|//cdn.weatherapi....|
[2025-03-27T15:41:17.964+0000] {subprocess.py:106} INFO - |          torrevieja|2025-03-26 22:00|       14.2|    11.5|      76|     13.5|      0.0|Clear|//cdn.weatherapi....|
[2025-03-27T15:41:17.965+0000] {subprocess.py:106} INFO - +--------------------+----------------+-----------+--------+--------+---------+---------+-----+--------------------+
[2025-03-27T15:41:17.966+0000] {subprocess.py:106} INFO - 
[2025-03-27T15:41:17.967+0000] {subprocess.py:106} INFO - Datos registrados correctamente en la bbdd
[2025-03-27T15:41:18.431+0000] {subprocess.py:110} INFO - Command exited with return code 0
[2025-03-27T15:41:18.451+0000] {taskinstance.py:341} INFO - ::group::Post task execution logs
[2025-03-27T15:41:18.452+0000] {taskinstance.py:353} INFO - Marking task as SUCCESS. dag_id=daily_weather_etl, task_id=run_postgres_script, run_id=manual__2025-03-27T15:40:07.497628+00:00, execution_date=20250327T154007, start_date=20250327T154108, end_date=20250327T154118
[2025-03-27T15:41:18.472+0000] {logging_mixin.py:190} INFO - Task instance in success state
[2025-03-27T15:41:18.474+0000] {logging_mixin.py:190} INFO -  Previous state of the Task instance: running
[2025-03-27T15:41:18.475+0000] {logging_mixin.py:190} INFO - Dag name:daily_weather_etl queued_at:2025-03-27 15:40:07.507609+00:00
[2025-03-27T15:41:18.476+0000] {logging_mixin.py:190} INFO - Task hostname:3c3c1f66214b operator:BashOperator
[2025-03-27T15:41:18.513+0000] {local_task_job_runner.py:266} INFO - Task exited with return code 0
[2025-03-27T15:41:18.526+0000] {taskinstance.py:3901} INFO - 0 downstream tasks scheduled from follow-on schedule check
[2025-03-27T15:41:18.529+0000] {local_task_job_runner.py:245} INFO - ::endgroup::
