[2025-04-02T07:00:18.223+0000] {local_task_job_runner.py:123} INFO - ::group::Pre task execution logs
[2025-04-02T07:00:18.377+0000] {taskinstance.py:2614} INFO - Dependencies all met for dep_context=non-requeueable deps ti=<TaskInstance: daily_weather_etl.run_minio_script scheduled__2025-04-01T07:00:00+00:00 [queued]>
[2025-04-02T07:00:18.391+0000] {taskinstance.py:2614} INFO - Dependencies all met for dep_context=requeueable deps ti=<TaskInstance: daily_weather_etl.run_minio_script scheduled__2025-04-01T07:00:00+00:00 [queued]>
[2025-04-02T07:00:18.393+0000] {taskinstance.py:2867} INFO - Starting attempt 1 of 2
[2025-04-02T07:00:18.410+0000] {taskinstance.py:2890} INFO - Executing <Task(BashOperator): run_minio_script> on 2025-04-01 07:00:00+00:00
[2025-04-02T07:00:18.417+0000] {standard_task_runner.py:72} INFO - Started process 212 to run task
[2025-04-02T07:00:18.421+0000] {standard_task_runner.py:104} INFO - Running: ['***', 'tasks', 'run', 'daily_weather_etl', 'run_minio_script', 'scheduled__2025-04-01T07:00:00+00:00', '--job-id', '212', '--raw', '--subdir', 'DAGS_FOLDER/weather_dag.py', '--cfg-path', '/tmp/tmpt7wmg608']
[2025-04-02T07:00:18.424+0000] {standard_task_runner.py:105} INFO - Job 212: Subtask run_minio_script
[2025-04-02T07:00:18.485+0000] {task_command.py:467} INFO - Running <TaskInstance: daily_weather_etl.run_minio_script scheduled__2025-04-01T07:00:00+00:00 [running]> on host 3c3c1f66214b
[2025-04-02T07:00:18.592+0000] {taskinstance.py:3134} INFO - Exporting env vars: AIRFLOW_CTX_DAG_OWNER='***' AIRFLOW_CTX_DAG_ID='daily_weather_etl' AIRFLOW_CTX_TASK_ID='run_minio_script' AIRFLOW_CTX_EXECUTION_DATE='2025-04-01T07:00:00+00:00' AIRFLOW_CTX_TRY_NUMBER='1' AIRFLOW_CTX_DAG_RUN_ID='scheduled__2025-04-01T07:00:00+00:00'
[2025-04-02T07:00:18.594+0000] {logging_mixin.py:190} INFO - Task instance is in running state
[2025-04-02T07:00:18.596+0000] {logging_mixin.py:190} INFO -  Previous state of the Task instance: queued
[2025-04-02T07:00:18.597+0000] {logging_mixin.py:190} INFO - Current task name:run_minio_script state:running start_date:2025-04-02 07:00:18.378820+00:00
[2025-04-02T07:00:18.598+0000] {logging_mixin.py:190} INFO - Dag name:daily_weather_etl and current dag run status:running
[2025-04-02T07:00:18.600+0000] {taskinstance.py:732} INFO - ::endgroup::
[2025-04-02T07:00:18.602+0000] {subprocess.py:78} INFO - Tmp dir root location: /tmp
[2025-04-02T07:00:18.604+0000] {subprocess.py:88} INFO - Running command: ['/usr/bin/bash', '-c', 'python /opt/***/dags/minio.py']
[2025-04-02T07:00:18.617+0000] {subprocess.py:99} INFO - Output:
[2025-04-02T07:00:21.933+0000] {subprocess.py:106} INFO - Setting default log level to "WARN".
[2025-04-02T07:00:21.934+0000] {subprocess.py:106} INFO - To adjust logging level use sc.setLogLevel(newLevel). For SparkR, use setLogLevel(newLevel).
[2025-04-02T07:00:22.381+0000] {subprocess.py:106} INFO - 25/04/02 07:00:22 WARN NativeCodeLoader: Unable to load native-hadoop library for your platform... using builtin-java classes where applicable
[2025-04-02T07:00:52.877+0000] {subprocess.py:106} INFO - [Stage 0:>                                                          (0 + 8) / 8]                                                                                [Stage 58:>                                                         (0 + 1) / 1]                                                                                +-----+----------+-----+-----------+--------+--------+---------+---------+-----+----------------------------------------------+
[2025-04-02T07:00:52.879+0000] {subprocess.py:106} INFO - |city |date      |time |temperature|wind_kph|humidity|feelslike|precip_mm|text |icon                                          |
[2025-04-02T07:00:52.881+0000] {subprocess.py:106} INFO - +-----+----------+-----+-----------+--------+--------+---------+---------+-----+----------------------------------------------+
[2025-04-02T07:00:52.882+0000] {subprocess.py:106} INFO - |elche|2025-03-31|22:00|17.6       |1.3     |45      |17.6     |0.0      |Sunny|//cdn.weatherapi.com/weather/64x64/day/113.png|
[2025-04-02T07:00:52.884+0000] {subprocess.py:106} INFO - |elche|2025-03-31|04:00|8.6        |8.4     |71      |8.6      |0.0      |Sunny|//cdn.weatherapi.com/weather/64x64/day/113.png|
[2025-04-02T07:00:52.886+0000] {subprocess.py:106} INFO - |elche|2025-03-31|09:00|10.5       |11.1    |51      |10.5     |0.0      |Sunny|//cdn.weatherapi.com/weather/64x64/day/113.png|
[2025-04-02T07:00:52.888+0000] {subprocess.py:106} INFO - |elche|2025-03-31|15:00|25.9       |11.8    |14      |25.9     |0.0      |Sunny|//cdn.weatherapi.com/weather/64x64/day/113.png|
[2025-04-02T07:00:52.890+0000] {subprocess.py:106} INFO - +-----+----------+-----+-----------+--------+--------+---------+---------+-----+----------------------------------------------+
[2025-04-02T07:00:52.892+0000] {subprocess.py:106} INFO - 
[2025-04-02T07:00:52.894+0000] {subprocess.py:106} INFO - +------+----------+-----+-----------+--------+--------+---------+---------+-----+----------------------------------------------+
[2025-04-02T07:00:52.896+0000] {subprocess.py:106} INFO - |city  |date      |time |temperature|wind_kph|humidity|feelslike|precip_mm|text |icon                                          |
[2025-04-02T07:00:52.897+0000] {subprocess.py:106} INFO - +------+----------+-----+-----------+--------+--------+---------+---------+-----+----------------------------------------------+
[2025-04-02T07:00:52.899+0000] {subprocess.py:106} INFO - |madrid|2025-03-31|09:00|6.5        |9.3     |68      |6.5      |0.0      |Sunny|//cdn.weatherapi.com/weather/64x64/day/113.png|
[2025-04-02T07:00:52.900+0000] {subprocess.py:106} INFO - |madrid|2025-03-31|22:00|15.7       |0.4     |51      |15.7     |0.0      |Sunny|//cdn.weatherapi.com/weather/64x64/day/113.png|
[2025-04-02T07:00:52.902+0000] {subprocess.py:106} INFO - |madrid|2025-03-31|04:00|8.5        |10.7    |63      |8.5      |0.0      |Sunny|//cdn.weatherapi.com/weather/64x64/day/113.png|
[2025-04-02T07:00:52.904+0000] {subprocess.py:106} INFO - |madrid|2025-03-31|15:00|20.1       |3.1     |36      |20.1     |0.0      |Sunny|//cdn.weatherapi.com/weather/64x64/day/113.png|
[2025-04-02T07:00:52.906+0000] {subprocess.py:106} INFO - +------+----------+-----+-----------+--------+--------+---------+---------+-----+----------------------------------------------+
[2025-04-02T07:00:52.908+0000] {subprocess.py:106} INFO - 
[2025-04-02T07:00:52.909+0000] {subprocess.py:106} INFO - +--------------------+----------+-----+-----------+--------+--------+---------+---------+-----+----------------------------------------------+
[2025-04-02T07:00:52.911+0000] {subprocess.py:106} INFO - |city                |date      |time |temperature|wind_kph|humidity|feelslike|precip_mm|text |icon                                          |
[2025-04-02T07:00:52.913+0000] {subprocess.py:106} INFO - +--------------------+----------+-----+-----------+--------+--------+---------+---------+-----+----------------------------------------------+
[2025-04-02T07:00:52.914+0000] {subprocess.py:106} INFO - |san juan de alicante|2025-03-31|04:00|9.3        |4.1     |55      |9.3      |0.0      |Sunny|//cdn.weatherapi.com/weather/64x64/day/113.png|
[2025-04-02T07:00:52.916+0000] {subprocess.py:106} INFO - |san juan de alicante|2025-03-31|15:00|25.1       |14.9    |21      |25.1     |0.0      |Sunny|//cdn.weatherapi.com/weather/64x64/day/113.png|
[2025-04-02T07:00:52.918+0000] {subprocess.py:106} INFO - |san juan de alicante|2025-03-31|09:00|11.7       |2.4     |43      |11.7     |0.0      |Sunny|//cdn.weatherapi.com/weather/64x64/day/113.png|
[2025-04-02T07:00:52.920+0000] {subprocess.py:106} INFO - |san juan de alicante|2025-03-31|22:00|16.7       |0.4     |56      |16.7     |0.0      |Sunny|//cdn.weatherapi.com/weather/64x64/day/113.png|
[2025-04-02T07:00:52.922+0000] {subprocess.py:106} INFO - +--------------------+----------+-----+-----------+--------+--------+---------+---------+-----+----------------------------------------------+
[2025-04-02T07:00:52.923+0000] {subprocess.py:106} INFO - 
[2025-04-02T07:00:52.925+0000] {subprocess.py:106} INFO - +----------+----------+-----+-----------+--------+--------+---------+---------+-----+----------------------------------------------+
[2025-04-02T07:00:52.926+0000] {subprocess.py:106} INFO - |city      |date      |time |temperature|wind_kph|humidity|feelslike|precip_mm|text |icon                                          |
[2025-04-02T07:00:52.928+0000] {subprocess.py:106} INFO - +----------+----------+-----+-----------+--------+--------+---------+---------+-----+----------------------------------------------+
[2025-04-02T07:00:52.929+0000] {subprocess.py:106} INFO - |torrevieja|2025-03-31|04:00|10.5       |8.5     |81      |10.5     |0.0      |Sunny|//cdn.weatherapi.com/weather/64x64/day/113.png|
[2025-04-02T07:00:52.931+0000] {subprocess.py:106} INFO - |torrevieja|2025-03-31|22:00|14.7       |8.7     |63      |14.7     |0.0      |Sunny|//cdn.weatherapi.com/weather/64x64/day/113.png|
[2025-04-02T07:00:52.932+0000] {subprocess.py:106} INFO - |torrevieja|2025-03-31|15:00|22.7       |11.6    |35      |22.7     |0.0      |Sunny|//cdn.weatherapi.com/weather/64x64/day/113.png|
[2025-04-02T07:00:52.933+0000] {subprocess.py:106} INFO - |torrevieja|2025-03-31|09:00|11.2       |9.9     |79      |11.2     |0.0      |Sunny|//cdn.weatherapi.com/weather/64x64/day/113.png|
[2025-04-02T07:00:52.935+0000] {subprocess.py:106} INFO - +----------+----------+-----+-----------+--------+--------+---------+---------+-----+----------------------------------------------+
[2025-04-02T07:00:52.936+0000] {subprocess.py:106} INFO - 
[2025-04-02T07:00:52.938+0000] {subprocess.py:106} INFO - +--------+----------+-----+-----------+--------+--------+---------+---------+-----+----------------------------------------------+
[2025-04-02T07:00:52.940+0000] {subprocess.py:106} INFO - |city    |date      |time |temperature|wind_kph|humidity|feelslike|precip_mm|text |icon                                          |
[2025-04-02T07:00:52.942+0000] {subprocess.py:106} INFO - +--------+----------+-----+-----------+--------+--------+---------+---------+-----+----------------------------------------------+
[2025-04-02T07:00:52.943+0000] {subprocess.py:106} INFO - |valencia|2025-03-31|04:00|10.2       |8.7     |64      |10.2     |0.0      |Sunny|//cdn.weatherapi.com/weather/64x64/day/113.png|
[2025-04-02T07:00:52.945+0000] {subprocess.py:106} INFO - |valencia|2025-03-31|15:00|24.6       |6.6     |32      |24.6     |0.0      |Sunny|//cdn.weatherapi.com/weather/64x64/day/113.png|
[2025-04-02T07:00:52.946+0000] {subprocess.py:106} INFO - |valencia|2025-03-31|09:00|10.0       |10.1    |63      |10.0     |0.0      |Sunny|//cdn.weatherapi.com/weather/64x64/day/113.png|
[2025-04-02T07:00:52.948+0000] {subprocess.py:106} INFO - |valencia|2025-03-31|22:00|16.1       |10.3    |66      |16.1     |0.0      |Sunny|//cdn.weatherapi.com/weather/64x64/day/113.png|
[2025-04-02T07:00:52.951+0000] {subprocess.py:106} INFO - +--------+----------+-----+-----------+--------+--------+---------+---------+-----+----------------------------------------------+
[2025-04-02T07:00:52.953+0000] {subprocess.py:106} INFO - 
[2025-04-02T07:00:52.955+0000] {subprocess.py:106} INFO - +--------------------+----------+-----+-----------+--------+--------+---------+---------+-----+--------------------+
[2025-04-02T07:00:52.964+0000] {subprocess.py:106} INFO - |                city|      date| time|temperature|wind_kph|humidity|feelslike|precip_mm| text|                icon|
[2025-04-02T07:00:52.983+0000] {subprocess.py:106} INFO - +--------------------+----------+-----+-----------+--------+--------+---------+---------+-----+--------------------+
[2025-04-02T07:00:52.985+0000] {subprocess.py:106} INFO - |               elche|2025-03-31|04:00|        8.6|     8.4|      71|      8.6|      0.0|Sunny|//cdn.weatherapi....|
[2025-04-02T07:00:52.986+0000] {subprocess.py:106} INFO - |               elche|2025-03-31|09:00|       10.5|    11.1|      51|     10.5|      0.0|Sunny|//cdn.weatherapi....|
[2025-04-02T07:00:52.988+0000] {subprocess.py:106} INFO - |               elche|2025-03-31|15:00|       25.9|    11.8|      14|     25.9|      0.0|Sunny|//cdn.weatherapi....|
[2025-04-02T07:00:52.990+0000] {subprocess.py:106} INFO - |               elche|2025-03-31|22:00|       17.6|     1.3|      45|     17.6|      0.0|Sunny|//cdn.weatherapi....|
[2025-04-02T07:00:52.992+0000] {subprocess.py:106} INFO - |              madrid|2025-03-31|04:00|        8.5|    10.7|      63|      8.5|      0.0|Sunny|//cdn.weatherapi....|
[2025-04-02T07:00:52.993+0000] {subprocess.py:106} INFO - |              madrid|2025-03-31|09:00|        6.5|     9.3|      68|      6.5|      0.0|Sunny|//cdn.weatherapi....|
[2025-04-02T07:00:52.995+0000] {subprocess.py:106} INFO - |              madrid|2025-03-31|15:00|       20.1|     3.1|      36|     20.1|      0.0|Sunny|//cdn.weatherapi....|
[2025-04-02T07:00:52.996+0000] {subprocess.py:106} INFO - |              madrid|2025-03-31|22:00|       15.7|     0.4|      51|     15.7|      0.0|Sunny|//cdn.weatherapi....|
[2025-04-02T07:00:52.998+0000] {subprocess.py:106} INFO - |san juan de alicante|2025-03-31|04:00|        9.3|     4.1|      55|      9.3|      0.0|Sunny|//cdn.weatherapi....|
[2025-04-02T07:00:52.999+0000] {subprocess.py:106} INFO - |san juan de alicante|2025-03-31|09:00|       11.7|     2.4|      43|     11.7|      0.0|Sunny|//cdn.weatherapi....|
[2025-04-02T07:00:53.000+0000] {subprocess.py:106} INFO - |san juan de alicante|2025-03-31|15:00|       25.1|    14.9|      21|     25.1|      0.0|Sunny|//cdn.weatherapi....|
[2025-04-02T07:00:53.002+0000] {subprocess.py:106} INFO - |san juan de alicante|2025-03-31|22:00|       16.7|     0.4|      56|     16.7|      0.0|Sunny|//cdn.weatherapi....|
[2025-04-02T07:00:53.004+0000] {subprocess.py:106} INFO - |          torrevieja|2025-03-31|04:00|       10.5|     8.5|      81|     10.5|      0.0|Sunny|//cdn.weatherapi....|
[2025-04-02T07:00:53.006+0000] {subprocess.py:106} INFO - |          torrevieja|2025-03-31|09:00|       11.2|     9.9|      79|     11.2|      0.0|Sunny|//cdn.weatherapi....|
[2025-04-02T07:00:53.008+0000] {subprocess.py:106} INFO - |          torrevieja|2025-03-31|15:00|       22.7|    11.6|      35|     22.7|      0.0|Sunny|//cdn.weatherapi....|
[2025-04-02T07:00:53.009+0000] {subprocess.py:106} INFO - |          torrevieja|2025-03-31|22:00|       14.7|     8.7|      63|     14.7|      0.0|Sunny|//cdn.weatherapi....|
[2025-04-02T07:00:53.010+0000] {subprocess.py:106} INFO - |            valencia|2025-03-31|04:00|       10.2|     8.7|      64|     10.2|      0.0|Sunny|//cdn.weatherapi....|
[2025-04-02T07:00:53.012+0000] {subprocess.py:106} INFO - |            valencia|2025-03-31|09:00|       10.0|    10.1|      63|     10.0|      0.0|Sunny|//cdn.weatherapi....|
[2025-04-02T07:00:53.014+0000] {subprocess.py:106} INFO - |            valencia|2025-03-31|15:00|       24.6|     6.6|      32|     24.6|      0.0|Sunny|//cdn.weatherapi....|
[2025-04-02T07:00:53.015+0000] {subprocess.py:106} INFO - |            valencia|2025-03-31|22:00|       16.1|    10.3|      66|     16.1|      0.0|Sunny|//cdn.weatherapi....|
[2025-04-02T07:00:53.017+0000] {subprocess.py:106} INFO - +--------------------+----------+-----+-----------+--------+--------+---------+---------+-----+--------------------+
[2025-04-02T07:00:53.018+0000] {subprocess.py:106} INFO - 
[2025-04-02T07:00:53.020+0000] {subprocess.py:106} INFO - Nombre de la carpeta: 2025-03-31
[2025-04-02T07:00:53.842+0000] {subprocess.py:106} INFO - Archivo Parquet generado: /tmp/tmp0kn5vjyn/2025-03-31/part-00000-0b3489f2-cf6a-4973-bf71-aab63b65ce89-c000.snappy.parquet
[2025-04-02T07:00:53.843+0000] {subprocess.py:106} INFO - Archivo subido correctamente a MinIO en: 2025-03-31/2025-03-31.parquet
[2025-04-02T07:00:54.435+0000] {subprocess.py:110} INFO - Command exited with return code 0
[2025-04-02T07:00:54.466+0000] {taskinstance.py:341} INFO - ::group::Post task execution logs
[2025-04-02T07:00:54.468+0000] {taskinstance.py:353} INFO - Marking task as SUCCESS. dag_id=daily_weather_etl, task_id=run_minio_script, run_id=scheduled__2025-04-01T07:00:00+00:00, execution_date=20250401T070000, start_date=20250402T070018, end_date=20250402T070054
[2025-04-02T07:00:54.500+0000] {logging_mixin.py:190} INFO - Task instance in success state
[2025-04-02T07:00:54.502+0000] {logging_mixin.py:190} INFO -  Previous state of the Task instance: running
[2025-04-02T07:00:54.503+0000] {logging_mixin.py:190} INFO - Dag name:daily_weather_etl queued_at:2025-04-02 07:00:00.482397+00:00
[2025-04-02T07:00:54.505+0000] {logging_mixin.py:190} INFO - Task hostname:3c3c1f66214b operator:BashOperator
[2025-04-02T07:00:54.547+0000] {local_task_job_runner.py:266} INFO - Task exited with return code 0
[2025-04-02T07:00:54.571+0000] {taskinstance.py:3901} INFO - 1 downstream tasks scheduled from follow-on schedule check
[2025-04-02T07:00:54.575+0000] {local_task_job_runner.py:245} INFO - ::endgroup::
