[2025-03-26T11:44:10.384+0000] {local_task_job_runner.py:123} INFO - ::group::Pre task execution logs
[2025-03-26T11:44:10.511+0000] {taskinstance.py:2614} INFO - Dependencies all met for dep_context=non-requeueable deps ti=<TaskInstance: historical_weather_etl.run_historical_script manual__2025-03-26T11:43:32.239368+00:00 [queued]>
[2025-03-26T11:44:10.521+0000] {taskinstance.py:2614} INFO - Dependencies all met for dep_context=requeueable deps ti=<TaskInstance: historical_weather_etl.run_historical_script manual__2025-03-26T11:43:32.239368+00:00 [queued]>
[2025-03-26T11:44:10.522+0000] {taskinstance.py:2867} INFO - Starting attempt 2 of 3
[2025-03-26T11:44:10.537+0000] {taskinstance.py:2890} INFO - Executing <Task(BashOperator): run_historical_script> on 2025-03-26 11:43:32.239368+00:00
[2025-03-26T11:44:10.543+0000] {standard_task_runner.py:72} INFO - Started process 54293 to run task
[2025-03-26T11:44:10.546+0000] {standard_task_runner.py:104} INFO - Running: ['***', 'tasks', 'run', 'historical_weather_etl', 'run_historical_script', 'manual__2025-03-26T11:43:32.239368+00:00', '--job-id', '79', '--raw', '--subdir', 'DAGS_FOLDER/historical_dag.py', '--cfg-path', '/tmp/tmp92v9d36f']
[2025-03-26T11:44:10.548+0000] {standard_task_runner.py:105} INFO - Job 79: Subtask run_historical_script
[2025-03-26T11:44:10.590+0000] {task_command.py:467} INFO - Running <TaskInstance: historical_weather_etl.run_historical_script manual__2025-03-26T11:43:32.239368+00:00 [running]> on host 3c3c1f66214b
[2025-03-26T11:44:10.660+0000] {taskinstance.py:3134} INFO - Exporting env vars: AIRFLOW_CTX_DAG_OWNER='***' AIRFLOW_CTX_DAG_ID='historical_weather_etl' AIRFLOW_CTX_TASK_ID='run_historical_script' AIRFLOW_CTX_EXECUTION_DATE='2025-03-26T11:43:32.239368+00:00' AIRFLOW_CTX_TRY_NUMBER='2' AIRFLOW_CTX_DAG_RUN_ID='manual__2025-03-26T11:43:32.239368+00:00'
[2025-03-26T11:44:10.661+0000] {logging_mixin.py:190} INFO - Task instance is in running state
[2025-03-26T11:44:10.662+0000] {logging_mixin.py:190} INFO -  Previous state of the Task instance: queued
[2025-03-26T11:44:10.663+0000] {logging_mixin.py:190} INFO - Current task name:run_historical_script state:running start_date:2025-03-26 11:44:10.512982+00:00
[2025-03-26T11:44:10.664+0000] {logging_mixin.py:190} INFO - Dag name:historical_weather_etl and current dag run status:running
[2025-03-26T11:44:10.665+0000] {taskinstance.py:732} INFO - ::endgroup::
[2025-03-26T11:44:10.666+0000] {subprocess.py:78} INFO - Tmp dir root location: /tmp
[2025-03-26T11:44:10.667+0000] {subprocess.py:88} INFO - Running command: ['/usr/bin/bash', '-c', 'python /opt/***/dags/historical.py']
[2025-03-26T11:44:10.675+0000] {subprocess.py:99} INFO - Output:
[2025-03-26T11:44:12.943+0000] {subprocess.py:106} INFO - 25/03/26 11:44:12 WARN NativeCodeLoader: Unable to load native-hadoop library for your platform... using builtin-java classes where applicable
[2025-03-26T11:44:13.109+0000] {subprocess.py:106} INFO - Setting default log level to "WARN".
[2025-03-26T11:44:13.111+0000] {subprocess.py:106} INFO - To adjust logging level use sc.setLogLevel(newLevel). For SparkR, use setLogLevel(newLevel).
[2025-03-26T11:44:27.817+0000] {subprocess.py:106} INFO - [Stage 0:>                                                          (0 + 8) / 8]                                                                                +-----+----------------+-----------+--------+--------+---------+---------+----------------+----------------------------------------------+
[2025-03-26T11:44:27.818+0000] {subprocess.py:106} INFO - |city |local_time      |temperature|wind_kph|humidity|feelslike|precip_mm|text            |icon                                          |
[2025-03-26T11:44:27.819+0000] {subprocess.py:106} INFO - +-----+----------------+-----------+--------+--------+---------+---------+----------------+----------------------------------------------+
[2025-03-26T11:44:27.820+0000] {subprocess.py:106} INFO - |elche|2021-01-01 09:00|7.1        |16.1    |67      |7.1      |0.0      |Sunny           |//cdn.weatherapi.com/weather/64x64/day/113.png|
[2025-03-26T11:44:27.821+0000] {subprocess.py:106} INFO - |elche|2021-01-02 09:00|4.9        |22.8    |55      |4.9      |0.0      |Sunny           |//cdn.weatherapi.com/weather/64x64/day/113.png|
[2025-03-26T11:44:27.822+0000] {subprocess.py:106} INFO - |elche|2021-01-03 09:00|5.3        |23.5    |46      |5.3      |0.0      |Sunny           |//cdn.weatherapi.com/weather/64x64/day/113.png|
[2025-03-26T11:44:27.822+0000] {subprocess.py:106} INFO - |elche|2021-01-04 09:00|4.2        |9.8     |63      |4.2      |0.0      |Sunny           |//cdn.weatherapi.com/weather/64x64/day/113.png|
[2025-03-26T11:44:27.823+0000] {subprocess.py:106} INFO - |elche|2021-01-05 09:00|3.5        |20.6    |69      |3.5      |0.0      |Sunny           |//cdn.weatherapi.com/weather/64x64/day/113.png|
[2025-03-26T11:44:27.824+0000] {subprocess.py:106} INFO - |elche|2021-01-06 09:00|5.2        |10.9    |52      |5.2      |0.0      |Mostly Clear    |//cdn.weatherapi.com/weather/64x64/day/116.png|
[2025-03-26T11:44:27.825+0000] {subprocess.py:106} INFO - |elche|2021-01-07 09:00|6.3        |8.3     |84      |6.3      |0.7      |Moderate Drizzle|//cdn.weatherapi.com/weather/64x64/day/176.png|
[2025-03-26T11:44:27.826+0000] {subprocess.py:106} INFO - |elche|2021-01-08 09:00|6.7        |11.8    |81      |6.7      |0.1      |Light Drizzle   |//cdn.weatherapi.com/weather/64x64/day/176.png|
[2025-03-26T11:44:27.826+0000] {subprocess.py:106} INFO - |elche|2021-01-09 09:00|7.2        |8.2     |86      |7.2      |0.0      |Cloudy          |//cdn.weatherapi.com/weather/64x64/day/119.png|
[2025-03-26T11:44:27.827+0000] {subprocess.py:106} INFO - |elche|2021-01-10 09:00|6.1        |9.0     |79      |6.1      |0.3      |Light Drizzle   |//cdn.weatherapi.com/weather/64x64/day/176.png|
[2025-03-26T11:44:27.828+0000] {subprocess.py:106} INFO - |elche|2021-01-11 09:00|3.2        |12.6    |87      |3.2      |0.0      |Sunny           |//cdn.weatherapi.com/weather/64x64/day/113.png|
[2025-03-26T11:44:27.830+0000] {subprocess.py:106} INFO - |elche|2021-01-12 09:00|2.4        |18.0    |56      |2.4      |0.0      |Sunny           |//cdn.weatherapi.com/weather/64x64/day/113.png|
[2025-03-26T11:44:27.831+0000] {subprocess.py:106} INFO - |elche|2021-01-13 09:00|3.0        |15.3    |63      |3.0      |0.0      |Sunny           |//cdn.weatherapi.com/weather/64x64/day/113.png|
[2025-03-26T11:44:27.832+0000] {subprocess.py:106} INFO - |elche|2021-01-14 09:00|4.1        |17.9    |69      |4.1      |0.0      |Sunny           |//cdn.weatherapi.com/weather/64x64/day/113.png|
[2025-03-26T11:44:27.833+0000] {subprocess.py:106} INFO - |elche|2021-01-15 09:00|7.1        |20.5    |68      |7.1      |0.0      |Sunny           |//cdn.weatherapi.com/weather/64x64/day/113.png|
[2025-03-26T11:44:27.834+0000] {subprocess.py:106} INFO - |elche|2021-01-16 09:00|5.5        |12.4    |62      |5.5      |0.0      |Sunny           |//cdn.weatherapi.com/weather/64x64/day/113.png|
[2025-03-26T11:44:27.834+0000] {subprocess.py:106} INFO - |elche|2021-01-17 09:00|6.2        |15.0    |50      |6.2      |0.0      |Sunny           |//cdn.weatherapi.com/weather/64x64/day/113.png|
[2025-03-26T11:44:27.835+0000] {subprocess.py:106} INFO - |elche|2021-01-18 09:00|6.2        |11.1    |75      |6.2      |0.0      |Mostly Clear    |//cdn.weatherapi.com/weather/64x64/day/116.png|
[2025-03-26T11:44:27.836+0000] {subprocess.py:106} INFO - |elche|2021-01-19 09:00|6.3        |10.3    |85      |6.3      |0.0      |Mostly Clear    |//cdn.weatherapi.com/weather/64x64/day/116.png|
[2025-03-26T11:44:27.837+0000] {subprocess.py:106} INFO - |elche|2021-01-20 09:00|6.3        |2.7     |95      |6.3      |0.0      |Cloudy          |//cdn.weatherapi.com/weather/64x64/day/119.png|
[2025-03-26T11:44:27.837+0000] {subprocess.py:106} INFO - +-----+----------------+-----------+--------+--------+---------+---------+----------------+----------------------------------------------+
[2025-03-26T11:44:27.838+0000] {subprocess.py:106} INFO - only showing top 20 rows
[2025-03-26T11:44:27.839+0000] {subprocess.py:106} INFO - 
[2025-03-26T11:44:27.839+0000] {subprocess.py:106} INFO - Datos registrados correctamente en la bbdd
[2025-03-26T11:44:28.276+0000] {subprocess.py:110} INFO - Command exited with return code 0
[2025-03-26T11:44:28.298+0000] {taskinstance.py:341} INFO - ::group::Post task execution logs
[2025-03-26T11:44:28.299+0000] {taskinstance.py:353} INFO - Marking task as SUCCESS. dag_id=historical_weather_etl, task_id=run_historical_script, run_id=manual__2025-03-26T11:43:32.239368+00:00, execution_date=20250326T114332, start_date=20250326T114410, end_date=20250326T114428
[2025-03-26T11:44:28.322+0000] {logging_mixin.py:190} INFO - Task instance in success state
[2025-03-26T11:44:28.323+0000] {logging_mixin.py:190} INFO -  Previous state of the Task instance: running
[2025-03-26T11:44:28.324+0000] {logging_mixin.py:190} INFO - Dag name:historical_weather_etl queued_at:2025-03-26 11:44:08.468495+00:00
[2025-03-26T11:44:28.325+0000] {logging_mixin.py:190} INFO - Task hostname:3c3c1f66214b operator:BashOperator
[2025-03-26T11:44:28.352+0000] {local_task_job_runner.py:266} INFO - Task exited with return code 0
[2025-03-26T11:44:28.367+0000] {taskinstance.py:3901} INFO - 0 downstream tasks scheduled from follow-on schedule check
[2025-03-26T11:44:28.370+0000] {local_task_job_runner.py:245} INFO - ::endgroup::
