[2025-03-26T15:59:27.377+0000] {local_task_job_runner.py:123} INFO - ::group::Pre task execution logs
[2025-03-26T15:59:27.501+0000] {taskinstance.py:2614} INFO - Dependencies all met for dep_context=non-requeueable deps ti=<TaskInstance: historical_weather_etl.run_historical_script manual__2025-03-26T15:59:25.100482+00:00 [queued]>
[2025-03-26T15:59:27.513+0000] {taskinstance.py:2614} INFO - Dependencies all met for dep_context=requeueable deps ti=<TaskInstance: historical_weather_etl.run_historical_script manual__2025-03-26T15:59:25.100482+00:00 [queued]>
[2025-03-26T15:59:27.516+0000] {taskinstance.py:2867} INFO - Starting attempt 1 of 2
[2025-03-26T15:59:27.532+0000] {taskinstance.py:2890} INFO - Executing <Task(BashOperator): run_historical_script> on 2025-03-26 15:59:25.100482+00:00
[2025-03-26T15:59:27.537+0000] {standard_task_runner.py:72} INFO - Started process 87492 to run task
[2025-03-26T15:59:27.540+0000] {standard_task_runner.py:104} INFO - Running: ['***', 'tasks', 'run', 'historical_weather_etl', 'run_historical_script', 'manual__2025-03-26T15:59:25.100482+00:00', '--job-id', '93', '--raw', '--subdir', 'DAGS_FOLDER/historical_dag.py', '--cfg-path', '/tmp/tmp0onmcpbm']
[2025-03-26T15:59:27.543+0000] {standard_task_runner.py:105} INFO - Job 93: Subtask run_historical_script
[2025-03-26T15:59:27.587+0000] {task_command.py:467} INFO - Running <TaskInstance: historical_weather_etl.run_historical_script manual__2025-03-26T15:59:25.100482+00:00 [running]> on host 3c3c1f66214b
[2025-03-26T15:59:27.659+0000] {taskinstance.py:3134} INFO - Exporting env vars: AIRFLOW_CTX_DAG_OWNER='***' AIRFLOW_CTX_DAG_ID='historical_weather_etl' AIRFLOW_CTX_TASK_ID='run_historical_script' AIRFLOW_CTX_EXECUTION_DATE='2025-03-26T15:59:25.100482+00:00' AIRFLOW_CTX_TRY_NUMBER='1' AIRFLOW_CTX_DAG_RUN_ID='manual__2025-03-26T15:59:25.100482+00:00'
[2025-03-26T15:59:27.661+0000] {logging_mixin.py:190} INFO - Task instance is in running state
[2025-03-26T15:59:27.662+0000] {logging_mixin.py:190} INFO -  Previous state of the Task instance: queued
[2025-03-26T15:59:27.663+0000] {logging_mixin.py:190} INFO - Current task name:run_historical_script state:running start_date:2025-03-26 15:59:27.503607+00:00
[2025-03-26T15:59:27.665+0000] {logging_mixin.py:190} INFO - Dag name:historical_weather_etl and current dag run status:running
[2025-03-26T15:59:27.666+0000] {taskinstance.py:732} INFO - ::endgroup::
[2025-03-26T15:59:27.667+0000] {subprocess.py:78} INFO - Tmp dir root location: /tmp
[2025-03-26T15:59:27.668+0000] {subprocess.py:88} INFO - Running command: ['/usr/bin/bash', '-c', 'python /opt/***/dags/historical.py']
[2025-03-26T15:59:27.677+0000] {subprocess.py:99} INFO - Output:
[2025-03-26T15:59:30.129+0000] {subprocess.py:106} INFO - 25/03/26 15:59:30 WARN NativeCodeLoader: Unable to load native-hadoop library for your platform... using builtin-java classes where applicable
[2025-03-26T15:59:30.329+0000] {subprocess.py:106} INFO - Setting default log level to "WARN".
[2025-03-26T15:59:30.330+0000] {subprocess.py:106} INFO - To adjust logging level use sc.setLogLevel(newLevel). For SparkR, use setLogLevel(newLevel).
[2025-03-26T15:59:43.539+0000] {subprocess.py:106} INFO - [Stage 0:>                                                          (0 + 8) / 8]                                                                                25/03/26 15:59:43 WARN SparkStringUtils: Truncated the string representation of a plan since it was too large. This behavior can be adjusted by setting 'spark.sql.debug.maxToStringFields'.
[2025-03-26T15:59:53.714+0000] {subprocess.py:106} INFO - [Stage 8:>                                                          (0 + 1) / 1][Stage 8:===========================================================(1 + 0) / 1]                                                                                +--------------------+----------------+-----------+--------+--------+---------+---------+-------------+----------------------------------------------+
[2025-03-26T15:59:53.715+0000] {subprocess.py:106} INFO - |city                |local_time      |temperature|wind_kph|humidity|feelslike|precip_mm|text         |icon                                          |
[2025-03-26T15:59:53.717+0000] {subprocess.py:106} INFO - +--------------------+----------------+-----------+--------+--------+---------+---------+-------------+----------------------------------------------+
[2025-03-26T15:59:53.718+0000] {subprocess.py:106} INFO - |san juan de alicante|2021-01-01 04:00|7.1        |8.6     |70      |7.1      |0.2      |Light Drizzle|//cdn.weatherapi.com/weather/64x64/day/176.png|
[2025-03-26T15:59:53.718+0000] {subprocess.py:106} INFO - |san juan de alicante|2021-01-01 09:00|7.8        |19.8    |66      |7.8      |0.0      |Sunny        |//cdn.weatherapi.com/weather/64x64/day/113.png|
[2025-03-26T15:59:53.719+0000] {subprocess.py:106} INFO - |san juan de alicante|2021-01-01 15:00|13.9       |21.8    |32      |13.9     |0.0      |Sunny        |//cdn.weatherapi.com/weather/64x64/day/113.png|
[2025-03-26T15:59:53.720+0000] {subprocess.py:106} INFO - |san juan de alicante|2021-01-01 22:00|8.5        |25.7    |47      |8.5      |0.0      |Sunny        |//cdn.weatherapi.com/weather/64x64/day/113.png|
[2025-03-26T15:59:53.721+0000] {subprocess.py:106} INFO - |san juan de alicante|2021-01-02 04:00|6.3        |19.7    |57      |6.3      |0.0      |Sunny        |//cdn.weatherapi.com/weather/64x64/day/113.png|
[2025-03-26T15:59:53.722+0000] {subprocess.py:106} INFO - |san juan de alicante|2021-01-02 09:00|5.4        |25.8    |50      |5.4      |0.0      |Sunny        |//cdn.weatherapi.com/weather/64x64/day/113.png|
[2025-03-26T15:59:53.723+0000] {subprocess.py:106} INFO - |san juan de alicante|2021-01-02 15:00|10.8       |29.4    |32      |10.8     |0.0      |Sunny        |//cdn.weatherapi.com/weather/64x64/day/113.png|
[2025-03-26T15:59:53.724+0000] {subprocess.py:106} INFO - |san juan de alicante|2021-01-02 22:00|5.5        |7.9     |45      |5.5      |0.0      |Partly Cloudy|//cdn.weatherapi.com/weather/64x64/day/116.png|
[2025-03-26T15:59:53.724+0000] {subprocess.py:106} INFO - |san juan de alicante|2021-01-03 04:00|5.5        |28.0    |45      |5.5      |0.0      |Partly Cloudy|//cdn.weatherapi.com/weather/64x64/day/116.png|
[2025-03-26T15:59:53.725+0000] {subprocess.py:106} INFO - |san juan de alicante|2021-01-03 09:00|5.3        |23.2    |42      |5.3      |0.0      |Sunny        |//cdn.weatherapi.com/weather/64x64/day/113.png|
[2025-03-26T15:59:53.727+0000] {subprocess.py:106} INFO - |san juan de alicante|2021-01-03 15:00|12.8       |26.7    |27      |12.8     |0.0      |Sunny        |//cdn.weatherapi.com/weather/64x64/day/113.png|
[2025-03-26T15:59:53.728+0000] {subprocess.py:106} INFO - |san juan de alicante|2021-01-03 22:00|6.2        |10.8    |46      |6.2      |0.0      |Sunny        |//cdn.weatherapi.com/weather/64x64/day/113.png|
[2025-03-26T15:59:53.729+0000] {subprocess.py:106} INFO - |san juan de alicante|2021-01-04 04:00|4.6        |10.7    |58      |4.6      |0.0      |Sunny        |//cdn.weatherapi.com/weather/64x64/day/113.png|
[2025-03-26T15:59:53.730+0000] {subprocess.py:106} INFO - |san juan de alicante|2021-01-04 09:00|5.2        |10.2    |62      |5.2      |0.0      |Sunny        |//cdn.weatherapi.com/weather/64x64/day/113.png|
[2025-03-26T15:59:53.731+0000] {subprocess.py:106} INFO - |san juan de alicante|2021-01-04 15:00|12.8       |26.6    |33      |12.8     |0.0      |Partly Cloudy|//cdn.weatherapi.com/weather/64x64/day/116.png|
[2025-03-26T15:59:53.731+0000] {subprocess.py:106} INFO - |san juan de alicante|2021-01-04 22:00|7.9        |20.8    |58      |7.9      |0.0      |Mostly Clear |//cdn.weatherapi.com/weather/64x64/day/116.png|
[2025-03-26T15:59:53.732+0000] {subprocess.py:106} INFO - |san juan de alicante|2021-01-05 04:00|4.2        |8.6     |67      |4.2      |0.0      |Sunny        |//cdn.weatherapi.com/weather/64x64/day/113.png|
[2025-03-26T15:59:53.733+0000] {subprocess.py:106} INFO - |san juan de alicante|2021-01-05 09:00|3.2        |12.6    |60      |3.2      |0.0      |Sunny        |//cdn.weatherapi.com/weather/64x64/day/113.png|
[2025-03-26T15:59:53.734+0000] {subprocess.py:106} INFO - |san juan de alicante|2021-01-05 15:00|12.3       |8.2     |23      |12.3     |0.0      |Sunny        |//cdn.weatherapi.com/weather/64x64/day/113.png|
[2025-03-26T15:59:53.735+0000] {subprocess.py:106} INFO - |san juan de alicante|2021-01-05 22:00|6.1        |9.3     |50      |6.1      |0.0      |Partly Cloudy|//cdn.weatherapi.com/weather/64x64/day/116.png|
[2025-03-26T15:59:53.735+0000] {subprocess.py:106} INFO - +--------------------+----------------+-----------+--------+--------+---------+---------+-------------+----------------------------------------------+
[2025-03-26T15:59:53.736+0000] {subprocess.py:106} INFO - only showing top 20 rows
[2025-03-26T15:59:53.738+0000] {subprocess.py:106} INFO - 
[2025-03-26T15:59:53.739+0000] {subprocess.py:106} INFO - Nombre de la carpeta: san_juan_de_alicante_last_2_years
[2025-03-26T15:59:53.740+0000] {subprocess.py:106} INFO - Archivo Parquet generado: /tmp/tmpwhxt1re2/san_juan_de_alicante_last_2_years/part-00000-5356cd08-42ee-48c8-8123-1c5a03a7fbe1-c000.snappy.parquet
[2025-03-26T15:59:53.741+0000] {subprocess.py:106} INFO - Archivo subido correctamente a MinIO en: san_juan_de_alicante_last_2_years/san_juan_de_alicante_last_2_years.parquet
[2025-03-26T15:59:54.265+0000] {subprocess.py:110} INFO - Command exited with return code 0
[2025-03-26T15:59:54.292+0000] {taskinstance.py:341} INFO - ::group::Post task execution logs
[2025-03-26T15:59:54.294+0000] {taskinstance.py:353} INFO - Marking task as SUCCESS. dag_id=historical_weather_etl, task_id=run_historical_script, run_id=manual__2025-03-26T15:59:25.100482+00:00, execution_date=20250326T155925, start_date=20250326T155927, end_date=20250326T155954
[2025-03-26T15:59:54.321+0000] {logging_mixin.py:190} INFO - Task instance in success state
[2025-03-26T15:59:54.322+0000] {logging_mixin.py:190} INFO -  Previous state of the Task instance: running
[2025-03-26T15:59:54.323+0000] {logging_mixin.py:190} INFO - Dag name:historical_weather_etl queued_at:2025-03-26 15:59:25.114815+00:00
[2025-03-26T15:59:54.324+0000] {logging_mixin.py:190} INFO - Task hostname:3c3c1f66214b operator:BashOperator
[2025-03-26T15:59:54.362+0000] {local_task_job_runner.py:266} INFO - Task exited with return code 0
[2025-03-26T15:59:54.377+0000] {taskinstance.py:3901} INFO - 0 downstream tasks scheduled from follow-on schedule check
[2025-03-26T15:59:54.380+0000] {local_task_job_runner.py:245} INFO - ::endgroup::
