[2025-03-25T08:28:15.014+0000] {local_task_job_runner.py:123} INFO - ::group::Pre task execution logs
[2025-03-25T08:28:15.166+0000] {taskinstance.py:2614} INFO - Dependencies all met for dep_context=non-requeueable deps ti=<TaskInstance: daily_weather_etl.run_bbdd_script manual__2025-03-25T08:21:22.752597+00:00 [queued]>
[2025-03-25T08:28:15.177+0000] {taskinstance.py:2614} INFO - Dependencies all met for dep_context=requeueable deps ti=<TaskInstance: daily_weather_etl.run_bbdd_script manual__2025-03-25T08:21:22.752597+00:00 [queued]>
[2025-03-25T08:28:15.178+0000] {taskinstance.py:2867} INFO - Starting attempt 1 of 2
[2025-03-25T08:28:15.193+0000] {taskinstance.py:2890} INFO - Executing <Task(BashOperator): run_bbdd_script> on 2025-03-25 08:21:22.752597+00:00
[2025-03-25T08:28:15.200+0000] {standard_task_runner.py:72} INFO - Started process 22341 to run task
[2025-03-25T08:28:15.204+0000] {standard_task_runner.py:104} INFO - Running: ['***', 'tasks', 'run', 'daily_weather_etl', 'run_bbdd_script', 'manual__2025-03-25T08:21:22.752597+00:00', '--job-id', '43', '--raw', '--subdir', 'DAGS_FOLDER/weather_dag.py', '--cfg-path', '/tmp/tmpmmb9kczw']
[2025-03-25T08:28:15.206+0000] {standard_task_runner.py:105} INFO - Job 43: Subtask run_bbdd_script
[2025-03-25T08:28:15.248+0000] {task_command.py:467} INFO - Running <TaskInstance: daily_weather_etl.run_bbdd_script manual__2025-03-25T08:21:22.752597+00:00 [running]> on host ffaec1616c64
[2025-03-25T08:28:15.325+0000] {taskinstance.py:3134} INFO - Exporting env vars: AIRFLOW_CTX_DAG_OWNER='***' AIRFLOW_CTX_DAG_ID='daily_weather_etl' AIRFLOW_CTX_TASK_ID='run_bbdd_script' AIRFLOW_CTX_EXECUTION_DATE='2025-03-25T08:21:22.752597+00:00' AIRFLOW_CTX_TRY_NUMBER='1' AIRFLOW_CTX_DAG_RUN_ID='manual__2025-03-25T08:21:22.752597+00:00'
[2025-03-25T08:28:15.327+0000] {logging_mixin.py:190} INFO - Task instance is in running state
[2025-03-25T08:28:15.328+0000] {logging_mixin.py:190} INFO -  Previous state of the Task instance: queued
[2025-03-25T08:28:15.329+0000] {logging_mixin.py:190} INFO - Current task name:run_bbdd_script state:running start_date:2025-03-25 08:28:15.167890+00:00
[2025-03-25T08:28:15.329+0000] {logging_mixin.py:190} INFO - Dag name:daily_weather_etl and current dag run status:running
[2025-03-25T08:28:15.330+0000] {taskinstance.py:732} INFO - ::endgroup::
[2025-03-25T08:28:15.331+0000] {subprocess.py:78} INFO - Tmp dir root location: /tmp
[2025-03-25T08:28:15.332+0000] {subprocess.py:88} INFO - Running command: ['/usr/bin/bash', '-c', 'python /opt/***/dags/main_bbdd.py']
[2025-03-25T08:28:15.342+0000] {subprocess.py:99} INFO - Output:
[2025-03-25T08:28:17.916+0000] {subprocess.py:106} INFO - 25/03/25 08:28:17 WARN NativeCodeLoader: Unable to load native-hadoop library for your platform... using builtin-java classes where applicable
[2025-03-25T08:28:18.054+0000] {subprocess.py:106} INFO - 25/03/25 08:28:18 WARN DependencyUtils: Local jar /opt/spark/jars/postgresql-42.2.27.jar does not exist, skipping.
[2025-03-25T08:28:18.202+0000] {subprocess.py:106} INFO - 25/03/25 08:28:18 INFO SparkContext: Running Spark version 3.5.5
[2025-03-25T08:28:18.204+0000] {subprocess.py:106} INFO - 25/03/25 08:28:18 INFO SparkContext: OS info Linux, 5.15.146.1-microsoft-standard-WSL2, amd64
[2025-03-25T08:28:18.205+0000] {subprocess.py:106} INFO - 25/03/25 08:28:18 INFO SparkContext: Java version 17.0.14
[2025-03-25T08:28:18.238+0000] {subprocess.py:106} INFO - 25/03/25 08:28:18 INFO ResourceUtils: ==============================================================
[2025-03-25T08:28:18.239+0000] {subprocess.py:106} INFO - 25/03/25 08:28:18 INFO ResourceUtils: No custom resources configured for spark.driver.
[2025-03-25T08:28:18.240+0000] {subprocess.py:106} INFO - 25/03/25 08:28:18 INFO ResourceUtils: ==============================================================
[2025-03-25T08:28:18.242+0000] {subprocess.py:106} INFO - 25/03/25 08:28:18 INFO SparkContext: Submitted application: WeatherApiBBDD
[2025-03-25T08:28:18.266+0000] {subprocess.py:106} INFO - 25/03/25 08:28:18 INFO ResourceProfile: Default ResourceProfile created, executor resources: Map(cores -> name: cores, amount: 1, script: , vendor: , memory -> name: memory, amount: 1024, script: , vendor: , offHeap -> name: offHeap, amount: 0, script: , vendor: ), task resources: Map(cpus -> name: cpus, amount: 1.0)
[2025-03-25T08:28:18.276+0000] {subprocess.py:106} INFO - 25/03/25 08:28:18 INFO ResourceProfile: Limiting resource is cpu
[2025-03-25T08:28:18.277+0000] {subprocess.py:106} INFO - 25/03/25 08:28:18 INFO ResourceProfileManager: Added ResourceProfile id: 0
[2025-03-25T08:28:18.333+0000] {subprocess.py:106} INFO - 25/03/25 08:28:18 INFO SecurityManager: Changing view acls to: ***
[2025-03-25T08:28:18.335+0000] {subprocess.py:106} INFO - 25/03/25 08:28:18 INFO SecurityManager: Changing modify acls to: ***
[2025-03-25T08:28:18.336+0000] {subprocess.py:106} INFO - 25/03/25 08:28:18 INFO SecurityManager: Changing view acls groups to:
[2025-03-25T08:28:18.337+0000] {subprocess.py:106} INFO - 25/03/25 08:28:18 INFO SecurityManager: Changing modify acls groups to:
[2025-03-25T08:28:18.338+0000] {subprocess.py:106} INFO - 25/03/25 08:28:18 INFO SecurityManager: SecurityManager: authentication disabled; ui acls disabled; users with view permissions: ***; groups with view permissions: EMPTY; users with modify permissions: ***; groups with modify permissions: EMPTY
[2025-03-25T08:28:18.580+0000] {subprocess.py:106} INFO - 25/03/25 08:28:18 INFO Utils: Successfully started service 'sparkDriver' on port 35609.
[2025-03-25T08:28:18.612+0000] {subprocess.py:106} INFO - 25/03/25 08:28:18 INFO SparkEnv: Registering MapOutputTracker
[2025-03-25T08:28:18.645+0000] {subprocess.py:106} INFO - 25/03/25 08:28:18 INFO SparkEnv: Registering BlockManagerMaster
[2025-03-25T08:28:18.659+0000] {subprocess.py:106} INFO - 25/03/25 08:28:18 INFO BlockManagerMasterEndpoint: Using org.apache.spark.storage.DefaultTopologyMapper for getting topology information
[2025-03-25T08:28:18.661+0000] {subprocess.py:106} INFO - 25/03/25 08:28:18 INFO BlockManagerMasterEndpoint: BlockManagerMasterEndpoint up
[2025-03-25T08:28:18.665+0000] {subprocess.py:106} INFO - 25/03/25 08:28:18 INFO SparkEnv: Registering BlockManagerMasterHeartbeat
[2025-03-25T08:28:18.687+0000] {subprocess.py:106} INFO - 25/03/25 08:28:18 INFO DiskBlockManager: Created local directory at /tmp/blockmgr-3f39a665-b507-4836-94f9-6c1b98f8ed90
[2025-03-25T08:28:18.701+0000] {subprocess.py:106} INFO - 25/03/25 08:28:18 INFO MemoryStore: MemoryStore started with capacity 434.4 MiB
[2025-03-25T08:28:18.718+0000] {subprocess.py:106} INFO - 25/03/25 08:28:18 INFO SparkEnv: Registering OutputCommitCoordinator
[2025-03-25T08:28:18.870+0000] {subprocess.py:106} INFO - 25/03/25 08:28:18 INFO JettyUtils: Start Jetty 0.0.0.0:4040 for SparkUI
[2025-03-25T08:28:18.957+0000] {subprocess.py:106} INFO - 25/03/25 08:28:18 INFO Utils: Successfully started service 'SparkUI' on port 4040.
[2025-03-25T08:28:18.995+0000] {subprocess.py:106} INFO - 25/03/25 08:28:18 ERROR SparkContext: Failed to add /opt/spark/jars/postgresql-42.2.27.jar to Spark environment
[2025-03-25T08:28:18.997+0000] {subprocess.py:106} INFO - java.io.FileNotFoundException: Jar /opt/spark/jars/postgresql-42.2.27.jar not found
[2025-03-25T08:28:18.998+0000] {subprocess.py:106} INFO - 	at org.apache.spark.SparkContext.addLocalJarFile$1(SparkContext.scala:2095)
[2025-03-25T08:28:18.999+0000] {subprocess.py:106} INFO - 	at org.apache.spark.SparkContext.addJar(SparkContext.scala:2151)
[2025-03-25T08:28:19.002+0000] {subprocess.py:106} INFO - 	at org.apache.spark.SparkContext.$anonfun$new$15(SparkContext.scala:521)
[2025-03-25T08:28:19.003+0000] {subprocess.py:106} INFO - 	at org.apache.spark.SparkContext.$anonfun$new$15$adapted(SparkContext.scala:521)
[2025-03-25T08:28:19.005+0000] {subprocess.py:106} INFO - 	at scala.collection.mutable.ResizableArray.foreach(ResizableArray.scala:62)
[2025-03-25T08:28:19.007+0000] {subprocess.py:106} INFO - 	at scala.collection.mutable.ResizableArray.foreach$(ResizableArray.scala:55)
[2025-03-25T08:28:19.008+0000] {subprocess.py:106} INFO - 	at scala.collection.mutable.ArrayBuffer.foreach(ArrayBuffer.scala:49)
[2025-03-25T08:28:19.010+0000] {subprocess.py:106} INFO - 	at org.apache.spark.SparkContext.<init>(SparkContext.scala:521)
[2025-03-25T08:28:19.011+0000] {subprocess.py:106} INFO - 	at org.apache.spark.api.java.JavaSparkContext.<init>(JavaSparkContext.scala:58)
[2025-03-25T08:28:19.012+0000] {subprocess.py:106} INFO - 	at java.base/jdk.internal.reflect.NativeConstructorAccessorImpl.newInstance0(Native Method)
[2025-03-25T08:28:19.013+0000] {subprocess.py:106} INFO - 	at java.base/jdk.internal.reflect.NativeConstructorAccessorImpl.newInstance(NativeConstructorAccessorImpl.java:77)
[2025-03-25T08:28:19.014+0000] {subprocess.py:106} INFO - 	at java.base/jdk.internal.reflect.DelegatingConstructorAccessorImpl.newInstance(DelegatingConstructorAccessorImpl.java:45)
[2025-03-25T08:28:19.015+0000] {subprocess.py:106} INFO - 	at java.base/java.lang.reflect.Constructor.newInstanceWithCaller(Constructor.java:500)
[2025-03-25T08:28:19.016+0000] {subprocess.py:106} INFO - 	at java.base/java.lang.reflect.Constructor.newInstance(Constructor.java:481)
[2025-03-25T08:28:19.019+0000] {subprocess.py:106} INFO - 	at py4j.reflection.MethodInvoker.invoke(MethodInvoker.java:247)
[2025-03-25T08:28:19.024+0000] {subprocess.py:106} INFO - 	at py4j.reflection.ReflectionEngine.invoke(ReflectionEngine.java:374)
[2025-03-25T08:28:19.026+0000] {subprocess.py:106} INFO - 	at py4j.Gateway.invoke(Gateway.java:238)
[2025-03-25T08:28:19.028+0000] {subprocess.py:106} INFO - 	at py4j.commands.ConstructorCommand.invokeConstructor(ConstructorCommand.java:80)
[2025-03-25T08:28:19.031+0000] {subprocess.py:106} INFO - 	at py4j.commands.ConstructorCommand.execute(ConstructorCommand.java:69)
[2025-03-25T08:28:19.034+0000] {subprocess.py:106} INFO - 	at py4j.ClientServerConnection.waitForCommands(ClientServerConnection.java:182)
[2025-03-25T08:28:19.037+0000] {subprocess.py:106} INFO - 	at py4j.ClientServerConnection.run(ClientServerConnection.java:106)
[2025-03-25T08:28:19.039+0000] {subprocess.py:106} INFO - 	at java.base/java.lang.Thread.run(Thread.java:840)
[2025-03-25T08:28:19.072+0000] {subprocess.py:106} INFO - 25/03/25 08:28:19 INFO Executor: Starting executor ID driver on host ffaec1616c64
[2025-03-25T08:28:19.073+0000] {subprocess.py:106} INFO - 25/03/25 08:28:19 INFO Executor: OS info Linux, 5.15.146.1-microsoft-standard-WSL2, amd64
[2025-03-25T08:28:19.075+0000] {subprocess.py:106} INFO - 25/03/25 08:28:19 INFO Executor: Java version 17.0.14
[2025-03-25T08:28:19.081+0000] {subprocess.py:106} INFO - 25/03/25 08:28:19 INFO Executor: Starting executor with user classpath (userClassPathFirst = false): ''
[2025-03-25T08:28:19.083+0000] {subprocess.py:106} INFO - 25/03/25 08:28:19 INFO Executor: Created or updated repl class loader org.apache.spark.util.MutableURLClassLoader@7176852a for default.
[2025-03-25T08:28:19.104+0000] {subprocess.py:106} INFO - 25/03/25 08:28:19 INFO Utils: Successfully started service 'org.apache.spark.network.netty.NettyBlockTransferService' on port 34563.
[2025-03-25T08:28:19.105+0000] {subprocess.py:106} INFO - 25/03/25 08:28:19 INFO NettyBlockTransferService: Server created on ffaec1616c64:34563
[2025-03-25T08:28:19.107+0000] {subprocess.py:106} INFO - 25/03/25 08:28:19 INFO BlockManager: Using org.apache.spark.storage.RandomBlockReplicationPolicy for block replication policy
[2025-03-25T08:28:19.112+0000] {subprocess.py:106} INFO - 25/03/25 08:28:19 INFO BlockManagerMaster: Registering BlockManager BlockManagerId(driver, ffaec1616c64, 34563, None)
[2025-03-25T08:28:19.115+0000] {subprocess.py:106} INFO - 25/03/25 08:28:19 INFO BlockManagerMasterEndpoint: Registering block manager ffaec1616c64:34563 with 434.4 MiB RAM, BlockManagerId(driver, ffaec1616c64, 34563, None)
[2025-03-25T08:28:19.118+0000] {subprocess.py:106} INFO - 25/03/25 08:28:19 INFO BlockManagerMaster: Registered BlockManager BlockManagerId(driver, ffaec1616c64, 34563, None)
[2025-03-25T08:28:19.120+0000] {subprocess.py:106} INFO - 25/03/25 08:28:19 INFO BlockManager: Initialized BlockManager: BlockManagerId(driver, ffaec1616c64, 34563, None)
[2025-03-25T08:28:19.638+0000] {subprocess.py:106} INFO - 25/03/25 08:28:19 INFO SharedState: Setting hive.metastore.warehouse.dir ('null') to the value of spark.sql.warehouse.dir.
[2025-03-25T08:28:19.640+0000] {subprocess.py:106} INFO - 25/03/25 08:28:19 INFO SharedState: Warehouse path is 'file:/tmp/***tmpdq5k1hdt/spark-warehouse'.
[2025-03-25T08:28:20.279+0000] {subprocess.py:106} INFO - 25/03/25 08:28:20 INFO InMemoryFileIndex: It took 82 ms to list leaf files for 1 paths.
[2025-03-25T08:28:20.755+0000] {subprocess.py:106} INFO - 25/03/25 08:28:20 INFO SparkContext: Starting job: parquet at NativeMethodAccessorImpl.java:0
[2025-03-25T08:28:20.768+0000] {subprocess.py:106} INFO - 25/03/25 08:28:20 INFO DAGScheduler: Got job 0 (parquet at NativeMethodAccessorImpl.java:0) with 1 output partitions
[2025-03-25T08:28:20.769+0000] {subprocess.py:106} INFO - 25/03/25 08:28:20 INFO DAGScheduler: Final stage: ResultStage 0 (parquet at NativeMethodAccessorImpl.java:0)
[2025-03-25T08:28:20.770+0000] {subprocess.py:106} INFO - 25/03/25 08:28:20 INFO DAGScheduler: Parents of final stage: List()
[2025-03-25T08:28:20.771+0000] {subprocess.py:106} INFO - 25/03/25 08:28:20 INFO DAGScheduler: Missing parents: List()
[2025-03-25T08:28:20.775+0000] {subprocess.py:106} INFO - 25/03/25 08:28:20 INFO DAGScheduler: Submitting ResultStage 0 (MapPartitionsRDD[1] at parquet at NativeMethodAccessorImpl.java:0), which has no missing parents
[2025-03-25T08:28:20.844+0000] {subprocess.py:106} INFO - 25/03/25 08:28:20 INFO MemoryStore: Block broadcast_0 stored as values in memory (estimated size 103.5 KiB, free 434.3 MiB)
[2025-03-25T08:28:20.879+0000] {subprocess.py:106} INFO - 25/03/25 08:28:20 INFO MemoryStore: Block broadcast_0_piece0 stored as bytes in memory (estimated size 37.4 KiB, free 434.3 MiB)
[2025-03-25T08:28:20.882+0000] {subprocess.py:106} INFO - 25/03/25 08:28:20 INFO BlockManagerInfo: Added broadcast_0_piece0 in memory on ffaec1616c64:34563 (size: 37.4 KiB, free: 434.4 MiB)
[2025-03-25T08:28:20.887+0000] {subprocess.py:106} INFO - 25/03/25 08:28:20 INFO SparkContext: Created broadcast 0 from broadcast at DAGScheduler.scala:1585
[2025-03-25T08:28:20.904+0000] {subprocess.py:106} INFO - 25/03/25 08:28:20 INFO DAGScheduler: Submitting 1 missing tasks from ResultStage 0 (MapPartitionsRDD[1] at parquet at NativeMethodAccessorImpl.java:0) (first 15 tasks are for partitions Vector(0))
[2025-03-25T08:28:20.905+0000] {subprocess.py:106} INFO - 25/03/25 08:28:20 INFO TaskSchedulerImpl: Adding task set 0.0 with 1 tasks resource profile 0
[2025-03-25T08:28:20.964+0000] {subprocess.py:106} INFO - 25/03/25 08:28:20 INFO TaskSetManager: Starting task 0.0 in stage 0.0 (TID 0) (ffaec1616c64, executor driver, partition 0, PROCESS_LOCAL, 9146 bytes)
[2025-03-25T08:28:20.981+0000] {subprocess.py:106} INFO - 25/03/25 08:28:20 INFO Executor: Running task 0.0 in stage 0.0 (TID 0)
[2025-03-25T08:28:21.348+0000] {subprocess.py:106} INFO - 25/03/25 08:28:21 INFO Executor: Finished task 0.0 in stage 0.0 (TID 0). 2115 bytes result sent to driver
[2025-03-25T08:28:21.361+0000] {subprocess.py:106} INFO - 25/03/25 08:28:21 INFO TaskSetManager: Finished task 0.0 in stage 0.0 (TID 0) in 421 ms on ffaec1616c64 (executor driver) (1/1)
[2025-03-25T08:28:21.363+0000] {subprocess.py:106} INFO - 25/03/25 08:28:21 INFO TaskSchedulerImpl: Removed TaskSet 0.0, whose tasks have all completed, from pool
[2025-03-25T08:28:21.373+0000] {subprocess.py:106} INFO - 25/03/25 08:28:21 INFO DAGScheduler: ResultStage 0 (parquet at NativeMethodAccessorImpl.java:0) finished in 0.585 s
[2025-03-25T08:28:21.376+0000] {subprocess.py:106} INFO - 25/03/25 08:28:21 INFO DAGScheduler: Job 0 is finished. Cancelling potential speculative or zombie tasks for this job
[2025-03-25T08:28:21.378+0000] {subprocess.py:106} INFO - 25/03/25 08:28:21 INFO TaskSchedulerImpl: Killing all running tasks in stage 0: Stage finished
[2025-03-25T08:28:21.379+0000] {subprocess.py:106} INFO - 25/03/25 08:28:21 INFO DAGScheduler: Job 0 finished: parquet at NativeMethodAccessorImpl.java:0, took 0.623500 s
[2025-03-25T08:28:21.988+0000] {subprocess.py:106} INFO - 25/03/25 08:28:21 INFO BlockManagerInfo: Removed broadcast_0_piece0 on ffaec1616c64:34563 in memory (size: 37.4 KiB, free: 434.4 MiB)
[2025-03-25T08:28:22.331+0000] {subprocess.py:106} INFO - 25/03/25 08:28:22 INFO FileSourceStrategy: Pushed Filters:
[2025-03-25T08:28:22.333+0000] {subprocess.py:106} INFO - 25/03/25 08:28:22 INFO FileSourceStrategy: Post-Scan Filters:
[2025-03-25T08:28:22.774+0000] {subprocess.py:106} INFO - 25/03/25 08:28:22 INFO CodeGenerator: Code generated in 257.546697 ms
[2025-03-25T08:28:22.804+0000] {subprocess.py:106} INFO - 25/03/25 08:28:22 INFO MemoryStore: Block broadcast_1 stored as values in memory (estimated size 202.3 KiB, free 434.2 MiB)
[2025-03-25T08:28:22.822+0000] {subprocess.py:106} INFO - 25/03/25 08:28:22 INFO MemoryStore: Block broadcast_1_piece0 stored as bytes in memory (estimated size 35.3 KiB, free 434.2 MiB)
[2025-03-25T08:28:22.823+0000] {subprocess.py:106} INFO - 25/03/25 08:28:22 INFO BlockManagerInfo: Added broadcast_1_piece0 in memory on ffaec1616c64:34563 (size: 35.3 KiB, free: 434.4 MiB)
[2025-03-25T08:28:22.825+0000] {subprocess.py:106} INFO - 25/03/25 08:28:22 INFO SparkContext: Created broadcast 1 from showString at NativeMethodAccessorImpl.java:0
[2025-03-25T08:28:22.844+0000] {subprocess.py:106} INFO - 25/03/25 08:28:22 INFO FileSourceScanExec: Planning scan with bin packing, max size: 4194304 bytes, open cost is considered as scanning 4194304 bytes.
[2025-03-25T08:28:22.906+0000] {subprocess.py:106} INFO - 25/03/25 08:28:22 INFO SparkContext: Starting job: showString at NativeMethodAccessorImpl.java:0
[2025-03-25T08:28:22.910+0000] {subprocess.py:106} INFO - 25/03/25 08:28:22 INFO DAGScheduler: Got job 1 (showString at NativeMethodAccessorImpl.java:0) with 1 output partitions
[2025-03-25T08:28:22.913+0000] {subprocess.py:106} INFO - 25/03/25 08:28:22 INFO DAGScheduler: Final stage: ResultStage 1 (showString at NativeMethodAccessorImpl.java:0)
[2025-03-25T08:28:22.915+0000] {subprocess.py:106} INFO - 25/03/25 08:28:22 INFO DAGScheduler: Parents of final stage: List()
[2025-03-25T08:28:22.917+0000] {subprocess.py:106} INFO - 25/03/25 08:28:22 INFO DAGScheduler: Missing parents: List()
[2025-03-25T08:28:22.919+0000] {subprocess.py:106} INFO - 25/03/25 08:28:22 INFO DAGScheduler: Submitting ResultStage 1 (MapPartitionsRDD[5] at showString at NativeMethodAccessorImpl.java:0), which has no missing parents
[2025-03-25T08:28:22.942+0000] {subprocess.py:106} INFO - 25/03/25 08:28:22 INFO MemoryStore: Block broadcast_2 stored as values in memory (estimated size 19.7 KiB, free 434.1 MiB)
[2025-03-25T08:28:22.950+0000] {subprocess.py:106} INFO - 25/03/25 08:28:22 INFO MemoryStore: Block broadcast_2_piece0 stored as bytes in memory (estimated size 7.2 KiB, free 434.1 MiB)
[2025-03-25T08:28:22.953+0000] {subprocess.py:106} INFO - 25/03/25 08:28:22 INFO BlockManagerInfo: Added broadcast_2_piece0 in memory on ffaec1616c64:34563 (size: 7.2 KiB, free: 434.4 MiB)
[2025-03-25T08:28:22.954+0000] {subprocess.py:106} INFO - 25/03/25 08:28:22 INFO SparkContext: Created broadcast 2 from broadcast at DAGScheduler.scala:1585
[2025-03-25T08:28:22.956+0000] {subprocess.py:106} INFO - 25/03/25 08:28:22 INFO DAGScheduler: Submitting 1 missing tasks from ResultStage 1 (MapPartitionsRDD[5] at showString at NativeMethodAccessorImpl.java:0) (first 15 tasks are for partitions Vector(0))
[2025-03-25T08:28:22.957+0000] {subprocess.py:106} INFO - 25/03/25 08:28:22 INFO TaskSchedulerImpl: Adding task set 1.0 with 1 tasks resource profile 0
[2025-03-25T08:28:22.963+0000] {subprocess.py:106} INFO - 25/03/25 08:28:22 INFO TaskSetManager: Starting task 0.0 in stage 1.0 (TID 1) (ffaec1616c64, executor driver, partition 0, PROCESS_LOCAL, 9616 bytes)
[2025-03-25T08:28:22.966+0000] {subprocess.py:106} INFO - 25/03/25 08:28:22 INFO Executor: Running task 0.0 in stage 1.0 (TID 1)
[2025-03-25T08:28:23.056+0000] {subprocess.py:106} INFO - 25/03/25 08:28:23 INFO CodeGenerator: Code generated in 38.835816 ms
[2025-03-25T08:28:23.061+0000] {subprocess.py:106} INFO - 25/03/25 08:28:23 INFO FileScanRDD: Reading File path: file:///tmp/tmppeauhir8/elche_2025-03-25_09-23.parquet, range: 0-2903, partition values: [empty row]
[2025-03-25T08:28:23.187+0000] {subprocess.py:106} INFO - 25/03/25 08:28:23 INFO CodecPool: Got brand-new decompressor [.snappy]
[2025-03-25T08:28:23.321+0000] {subprocess.py:106} INFO - 25/03/25 08:28:23 INFO Executor: Finished task 0.0 in stage 1.0 (TID 1). 1967 bytes result sent to driver
[2025-03-25T08:28:23.324+0000] {subprocess.py:106} INFO - 25/03/25 08:28:23 INFO TaskSetManager: Finished task 0.0 in stage 1.0 (TID 1) in 364 ms on ffaec1616c64 (executor driver) (1/1)
[2025-03-25T08:28:23.326+0000] {subprocess.py:106} INFO - 25/03/25 08:28:23 INFO TaskSchedulerImpl: Removed TaskSet 1.0, whose tasks have all completed, from pool
[2025-03-25T08:28:23.329+0000] {subprocess.py:106} INFO - 25/03/25 08:28:23 INFO DAGScheduler: ResultStage 1 (showString at NativeMethodAccessorImpl.java:0) finished in 0.413 s
[2025-03-25T08:28:23.330+0000] {subprocess.py:106} INFO - 25/03/25 08:28:23 INFO DAGScheduler: Job 1 is finished. Cancelling potential speculative or zombie tasks for this job
[2025-03-25T08:28:23.331+0000] {subprocess.py:106} INFO - 25/03/25 08:28:23 INFO TaskSchedulerImpl: Killing all running tasks in stage 1: Stage finished
[2025-03-25T08:28:23.339+0000] {subprocess.py:106} INFO - 25/03/25 08:28:23 INFO DAGScheduler: Job 1 finished: showString at NativeMethodAccessorImpl.java:0, took 0.422648 s
[2025-03-25T08:28:23.912+0000] {subprocess.py:106} INFO - 25/03/25 08:28:23 INFO BlockManagerInfo: Removed broadcast_2_piece0 on ffaec1616c64:34563 in memory (size: 7.2 KiB, free: 434.4 MiB)
[2025-03-25T08:28:24.173+0000] {subprocess.py:106} INFO - 25/03/25 08:28:24 INFO CodeGenerator: Code generated in 23.219425 ms
[2025-03-25T08:28:24.265+0000] {subprocess.py:106} INFO - 25/03/25 08:28:24 INFO SparkContext: SparkContext is stopping with exitCode 0.
[2025-03-25T08:28:24.275+0000] {subprocess.py:106} INFO - 25/03/25 08:28:24 INFO SparkUI: Stopped Spark web UI at http://ffaec1616c64:4040
[2025-03-25T08:28:24.285+0000] {subprocess.py:106} INFO - 25/03/25 08:28:24 INFO MapOutputTrackerMasterEndpoint: MapOutputTrackerMasterEndpoint stopped!
[2025-03-25T08:28:24.296+0000] {subprocess.py:106} INFO - 25/03/25 08:28:24 INFO MemoryStore: MemoryStore cleared
[2025-03-25T08:28:24.298+0000] {subprocess.py:106} INFO - 25/03/25 08:28:24 INFO BlockManager: BlockManager stopped
[2025-03-25T08:28:24.299+0000] {subprocess.py:106} INFO - 25/03/25 08:28:24 INFO BlockManagerMaster: BlockManagerMaster stopped
[2025-03-25T08:28:24.301+0000] {subprocess.py:106} INFO - 25/03/25 08:28:24 INFO OutputCommitCoordinator$OutputCommitCoordinatorEndpoint: OutputCommitCoordinator stopped!
[2025-03-25T08:28:24.307+0000] {subprocess.py:106} INFO - 25/03/25 08:28:24 INFO SparkContext: Successfully stopped SparkContext
[2025-03-25T08:28:24.352+0000] {subprocess.py:106} INFO - +-----+----------------+-----------+--------+--------+---------+---------+-----+--------------------+
[2025-03-25T08:28:24.353+0000] {subprocess.py:106} INFO - | city|       localtime|temperature|wind_kph|humidity|feelslike|precip_mm| text|                icon|
[2025-03-25T08:28:24.354+0000] {subprocess.py:106} INFO - +-----+----------------+-----------+--------+--------+---------+---------+-----+--------------------+
[2025-03-25T08:28:24.355+0000] {subprocess.py:106} INFO - |elche|2025-03-25 09:23|       15.2|     5.4|      55|     15.2|      0.0|Sunny|//cdn.weatherapi....|
[2025-03-25T08:28:24.356+0000] {subprocess.py:106} INFO - +-----+----------------+-----------+--------+--------+---------+---------+-----+--------------------+
[2025-03-25T08:28:24.357+0000] {subprocess.py:106} INFO - 
[2025-03-25T08:28:24.358+0000] {subprocess.py:106} INFO - Error: An error occurred while calling o39.save.
[2025-03-25T08:28:24.359+0000] {subprocess.py:106} INFO - : java.lang.ClassNotFoundException: org.postgresql.Driver
[2025-03-25T08:28:24.360+0000] {subprocess.py:106} INFO - 	at java.base/java.net.URLClassLoader.findClass(URLClassLoader.java:445)
[2025-03-25T08:28:24.361+0000] {subprocess.py:106} INFO - 	at java.base/java.lang.ClassLoader.loadClass(ClassLoader.java:592)
[2025-03-25T08:28:24.362+0000] {subprocess.py:106} INFO - 	at java.base/java.lang.ClassLoader.loadClass(ClassLoader.java:525)
[2025-03-25T08:28:24.363+0000] {subprocess.py:106} INFO - 	at org.apache.spark.sql.execution.datasources.jdbc.DriverRegistry$.register(DriverRegistry.scala:46)
[2025-03-25T08:28:24.364+0000] {subprocess.py:106} INFO - 	at org.apache.spark.sql.execution.datasources.jdbc.JDBCOptions.$anonfun$driverClass$1(JDBCOptions.scala:103)
[2025-03-25T08:28:24.365+0000] {subprocess.py:106} INFO - 	at org.apache.spark.sql.execution.datasources.jdbc.JDBCOptions.$anonfun$driverClass$1$adapted(JDBCOptions.scala:103)
[2025-03-25T08:28:24.366+0000] {subprocess.py:106} INFO - 	at scala.Option.foreach(Option.scala:407)
[2025-03-25T08:28:24.367+0000] {subprocess.py:106} INFO - 	at org.apache.spark.sql.execution.datasources.jdbc.JDBCOptions.<init>(JDBCOptions.scala:103)
[2025-03-25T08:28:24.368+0000] {subprocess.py:106} INFO - 	at org.apache.spark.sql.execution.datasources.jdbc.JdbcOptionsInWrite.<init>(JDBCOptions.scala:254)
[2025-03-25T08:28:24.369+0000] {subprocess.py:106} INFO - 	at org.apache.spark.sql.execution.datasources.jdbc.JdbcOptionsInWrite.<init>(JDBCOptions.scala:258)
[2025-03-25T08:28:24.371+0000] {subprocess.py:106} INFO - 	at org.apache.spark.sql.execution.datasources.jdbc.JdbcRelationProvider.createRelation(JdbcRelationProvider.scala:47)
[2025-03-25T08:28:24.372+0000] {subprocess.py:106} INFO - 	at org.apache.spark.sql.execution.datasources.SaveIntoDataSourceCommand.run(SaveIntoDataSourceCommand.scala:48)
[2025-03-25T08:28:24.373+0000] {subprocess.py:106} INFO - 	at org.apache.spark.sql.execution.command.ExecutedCommandExec.sideEffectResult$lzycompute(commands.scala:75)
[2025-03-25T08:28:24.374+0000] {subprocess.py:106} INFO - 	at org.apache.spark.sql.execution.command.ExecutedCommandExec.sideEffectResult(commands.scala:73)
[2025-03-25T08:28:24.375+0000] {subprocess.py:106} INFO - 	at org.apache.spark.sql.execution.command.ExecutedCommandExec.executeCollect(commands.scala:84)
[2025-03-25T08:28:24.376+0000] {subprocess.py:106} INFO - 	at org.apache.spark.sql.execution.QueryExecution$$anonfun$eagerlyExecuteCommands$1.$anonfun$applyOrElse$1(QueryExecution.scala:107)
[2025-03-25T08:28:24.377+0000] {subprocess.py:106} INFO - 	at org.apache.spark.sql.execution.SQLExecution$.$anonfun$withNewExecutionId$6(SQLExecution.scala:125)
[2025-03-25T08:28:24.379+0000] {subprocess.py:106} INFO - 	at org.apache.spark.sql.execution.SQLExecution$.withSQLConfPropagated(SQLExecution.scala:201)
[2025-03-25T08:28:24.380+0000] {subprocess.py:106} INFO - 	at org.apache.spark.sql.execution.SQLExecution$.$anonfun$withNewExecutionId$1(SQLExecution.scala:108)
[2025-03-25T08:28:24.381+0000] {subprocess.py:106} INFO - 	at org.apache.spark.sql.SparkSession.withActive(SparkSession.scala:900)
[2025-03-25T08:28:24.382+0000] {subprocess.py:106} INFO - 	at org.apache.spark.sql.execution.SQLExecution$.withNewExecutionId(SQLExecution.scala:66)
[2025-03-25T08:28:24.383+0000] {subprocess.py:106} INFO - 	at org.apache.spark.sql.execution.QueryExecution$$anonfun$eagerlyExecuteCommands$1.applyOrElse(QueryExecution.scala:107)
[2025-03-25T08:28:24.384+0000] {subprocess.py:106} INFO - 	at org.apache.spark.sql.execution.QueryExecution$$anonfun$eagerlyExecuteCommands$1.applyOrElse(QueryExecution.scala:98)
[2025-03-25T08:28:24.385+0000] {subprocess.py:106} INFO - 	at org.apache.spark.sql.catalyst.trees.TreeNode.$anonfun$transformDownWithPruning$1(TreeNode.scala:461)
[2025-03-25T08:28:24.386+0000] {subprocess.py:106} INFO - 	at org.apache.spark.sql.catalyst.trees.CurrentOrigin$.withOrigin(origin.scala:76)
[2025-03-25T08:28:24.387+0000] {subprocess.py:106} INFO - 	at org.apache.spark.sql.catalyst.trees.TreeNode.transformDownWithPruning(TreeNode.scala:461)
[2025-03-25T08:28:24.388+0000] {subprocess.py:106} INFO - 	at org.apache.spark.sql.catalyst.plans.logical.LogicalPlan.org$apache$spark$sql$catalyst$plans$logical$AnalysisHelper$$super$transformDownWithPruning(LogicalPlan.scala:32)
[2025-03-25T08:28:24.389+0000] {subprocess.py:106} INFO - 	at org.apache.spark.sql.catalyst.plans.logical.AnalysisHelper.transformDownWithPruning(AnalysisHelper.scala:267)
[2025-03-25T08:28:24.391+0000] {subprocess.py:106} INFO - 	at org.apache.spark.sql.catalyst.plans.logical.AnalysisHelper.transformDownWithPruning$(AnalysisHelper.scala:263)
[2025-03-25T08:28:24.392+0000] {subprocess.py:106} INFO - 	at org.apache.spark.sql.catalyst.plans.logical.LogicalPlan.transformDownWithPruning(LogicalPlan.scala:32)
[2025-03-25T08:28:24.393+0000] {subprocess.py:106} INFO - 	at org.apache.spark.sql.catalyst.plans.logical.LogicalPlan.transformDownWithPruning(LogicalPlan.scala:32)
[2025-03-25T08:28:24.394+0000] {subprocess.py:106} INFO - 	at org.apache.spark.sql.catalyst.trees.TreeNode.transformDown(TreeNode.scala:437)
[2025-03-25T08:28:24.395+0000] {subprocess.py:106} INFO - 	at org.apache.spark.sql.execution.QueryExecution.eagerlyExecuteCommands(QueryExecution.scala:98)
[2025-03-25T08:28:24.397+0000] {subprocess.py:106} INFO - 	at org.apache.spark.sql.execution.QueryExecution.commandExecuted$lzycompute(QueryExecution.scala:85)
[2025-03-25T08:28:24.398+0000] {subprocess.py:106} INFO - 	at org.apache.spark.sql.execution.QueryExecution.commandExecuted(QueryExecution.scala:83)
[2025-03-25T08:28:24.399+0000] {subprocess.py:106} INFO - 	at org.apache.spark.sql.execution.QueryExecution.assertCommandExecuted(QueryExecution.scala:142)
[2025-03-25T08:28:24.401+0000] {subprocess.py:106} INFO - 	at org.apache.spark.sql.DataFrameWriter.runCommand(DataFrameWriter.scala:869)
[2025-03-25T08:28:24.402+0000] {subprocess.py:106} INFO - 	at org.apache.spark.sql.DataFrameWriter.saveToV1Source(DataFrameWriter.scala:391)
[2025-03-25T08:28:24.404+0000] {subprocess.py:106} INFO - 	at org.apache.spark.sql.DataFrameWriter.saveInternal(DataFrameWriter.scala:364)
[2025-03-25T08:28:24.406+0000] {subprocess.py:106} INFO - 	at org.apache.spark.sql.DataFrameWriter.save(DataFrameWriter.scala:251)
[2025-03-25T08:28:24.407+0000] {subprocess.py:106} INFO - 	at java.base/jdk.internal.reflect.NativeMethodAccessorImpl.invoke0(Native Method)
[2025-03-25T08:28:24.408+0000] {subprocess.py:106} INFO - 	at java.base/jdk.internal.reflect.NativeMethodAccessorImpl.invoke(NativeMethodAccessorImpl.java:77)
[2025-03-25T08:28:24.409+0000] {subprocess.py:106} INFO - 	at java.base/jdk.internal.reflect.DelegatingMethodAccessorImpl.invoke(DelegatingMethodAccessorImpl.java:43)
[2025-03-25T08:28:24.415+0000] {subprocess.py:106} INFO - 	at java.base/java.lang.reflect.Method.invoke(Method.java:569)
[2025-03-25T08:28:24.416+0000] {subprocess.py:106} INFO - 	at py4j.reflection.MethodInvoker.invoke(MethodInvoker.java:244)
[2025-03-25T08:28:24.420+0000] {subprocess.py:106} INFO - 	at py4j.reflection.ReflectionEngine.invoke(ReflectionEngine.java:374)
[2025-03-25T08:28:24.424+0000] {subprocess.py:106} INFO - 	at py4j.Gateway.invoke(Gateway.java:282)
[2025-03-25T08:28:24.425+0000] {subprocess.py:106} INFO - 	at py4j.commands.AbstractCommand.invokeMethod(AbstractCommand.java:132)
[2025-03-25T08:28:24.426+0000] {subprocess.py:106} INFO - 	at py4j.commands.CallCommand.execute(CallCommand.java:79)
[2025-03-25T08:28:24.427+0000] {subprocess.py:106} INFO - 	at py4j.ClientServerConnection.waitForCommands(ClientServerConnection.java:182)
[2025-03-25T08:28:24.429+0000] {subprocess.py:106} INFO - 	at py4j.ClientServerConnection.run(ClientServerConnection.java:106)
[2025-03-25T08:28:24.430+0000] {subprocess.py:106} INFO - 	at java.base/java.lang.Thread.run(Thread.java:840)
[2025-03-25T08:28:24.431+0000] {subprocess.py:106} INFO - 
[2025-03-25T08:28:24.532+0000] {subprocess.py:106} INFO - 25/03/25 08:28:24 INFO ShutdownHookManager: Shutdown hook called
[2025-03-25T08:28:24.534+0000] {subprocess.py:106} INFO - 25/03/25 08:28:24 INFO ShutdownHookManager: Deleting directory /tmp/spark-c3602ccb-5c90-4670-aa91-5ae39d08bf26
[2025-03-25T08:28:24.537+0000] {subprocess.py:106} INFO - 25/03/25 08:28:24 INFO ShutdownHookManager: Deleting directory /tmp/spark-c3602ccb-5c90-4670-aa91-5ae39d08bf26/pyspark-3d4e8299-68a6-449c-9d8f-096fb192caa7
[2025-03-25T08:28:24.540+0000] {subprocess.py:106} INFO - 25/03/25 08:28:24 INFO ShutdownHookManager: Deleting directory /tmp/spark-f3c82a8e-8db9-44b0-8a0b-d53f13e4cd50
[2025-03-25T08:28:24.884+0000] {subprocess.py:110} INFO - Command exited with return code 0
[2025-03-25T08:28:24.908+0000] {taskinstance.py:341} INFO - ::group::Post task execution logs
[2025-03-25T08:28:24.910+0000] {taskinstance.py:353} INFO - Marking task as SUCCESS. dag_id=daily_weather_etl, task_id=run_bbdd_script, run_id=manual__2025-03-25T08:21:22.752597+00:00, execution_date=20250325T082122, start_date=20250325T082815, end_date=20250325T082824
[2025-03-25T08:28:24.934+0000] {logging_mixin.py:190} INFO - Task instance in success state
[2025-03-25T08:28:24.936+0000] {logging_mixin.py:190} INFO -  Previous state of the Task instance: running
[2025-03-25T08:28:24.937+0000] {logging_mixin.py:190} INFO - Dag name:daily_weather_etl queued_at:2025-03-25 08:21:22.765245+00:00
[2025-03-25T08:28:24.938+0000] {logging_mixin.py:190} INFO - Task hostname:ffaec1616c64 operator:BashOperator
[2025-03-25T08:28:24.949+0000] {local_task_job_runner.py:266} INFO - Task exited with return code 0
[2025-03-25T08:28:24.965+0000] {taskinstance.py:3901} INFO - 0 downstream tasks scheduled from follow-on schedule check
[2025-03-25T08:28:24.968+0000] {local_task_job_runner.py:245} INFO - ::endgroup::
