[2025-04-04T07:00:13.631+0000] {local_task_job_runner.py:123} INFO - ::group::Pre task execution logs
[2025-04-04T07:00:13.772+0000] {taskinstance.py:2614} INFO - Dependencies all met for dep_context=non-requeueable deps ti=<TaskInstance: daily_weather_etl.run_minio_script scheduled__2025-04-03T07:00:00+00:00 [queued]>
[2025-04-04T07:00:13.785+0000] {taskinstance.py:2614} INFO - Dependencies all met for dep_context=requeueable deps ti=<TaskInstance: daily_weather_etl.run_minio_script scheduled__2025-04-03T07:00:00+00:00 [queued]>
[2025-04-04T07:00:13.788+0000] {taskinstance.py:2867} INFO - Starting attempt 1 of 2
[2025-04-04T07:00:13.802+0000] {taskinstance.py:2890} INFO - Executing <Task(BashOperator): run_minio_script> on 2025-04-03 07:00:00+00:00
[2025-04-04T07:00:13.808+0000] {standard_task_runner.py:72} INFO - Started process 214 to run task
[2025-04-04T07:00:13.811+0000] {standard_task_runner.py:104} INFO - Running: ['***', 'tasks', 'run', 'daily_weather_etl', 'run_minio_script', 'scheduled__2025-04-03T07:00:00+00:00', '--job-id', '221', '--raw', '--subdir', 'DAGS_FOLDER/weather_dag.py', '--cfg-path', '/tmp/tmpzjexjz4q']
[2025-04-04T07:00:13.814+0000] {standard_task_runner.py:105} INFO - Job 221: Subtask run_minio_script
[2025-04-04T07:00:13.857+0000] {task_command.py:467} INFO - Running <TaskInstance: daily_weather_etl.run_minio_script scheduled__2025-04-03T07:00:00+00:00 [running]> on host 3c3c1f66214b
[2025-04-04T07:00:13.926+0000] {taskinstance.py:3134} INFO - Exporting env vars: AIRFLOW_CTX_DAG_OWNER='***' AIRFLOW_CTX_DAG_ID='daily_weather_etl' AIRFLOW_CTX_TASK_ID='run_minio_script' AIRFLOW_CTX_EXECUTION_DATE='2025-04-03T07:00:00+00:00' AIRFLOW_CTX_TRY_NUMBER='1' AIRFLOW_CTX_DAG_RUN_ID='scheduled__2025-04-03T07:00:00+00:00'
[2025-04-04T07:00:13.928+0000] {logging_mixin.py:190} INFO - Task instance is in running state
[2025-04-04T07:00:13.929+0000] {logging_mixin.py:190} INFO -  Previous state of the Task instance: queued
[2025-04-04T07:00:13.930+0000] {logging_mixin.py:190} INFO - Current task name:run_minio_script state:running start_date:2025-04-04 07:00:13.774053+00:00
[2025-04-04T07:00:13.931+0000] {logging_mixin.py:190} INFO - Dag name:daily_weather_etl and current dag run status:running
[2025-04-04T07:00:13.932+0000] {taskinstance.py:732} INFO - ::endgroup::
[2025-04-04T07:00:13.933+0000] {subprocess.py:78} INFO - Tmp dir root location: /tmp
[2025-04-04T07:00:13.934+0000] {subprocess.py:88} INFO - Running command: ['/usr/bin/bash', '-c', 'python /opt/***/dags/minio.py']
[2025-04-04T07:00:13.944+0000] {subprocess.py:99} INFO - Output:
[2025-04-04T07:00:16.100+0000] {subprocess.py:106} INFO - Setting default log level to "WARN".
[2025-04-04T07:00:16.101+0000] {subprocess.py:106} INFO - To adjust logging level use sc.setLogLevel(newLevel). For SparkR, use setLogLevel(newLevel).
[2025-04-04T07:00:16.292+0000] {subprocess.py:106} INFO - 25/04/04 07:00:16 WARN NativeCodeLoader: Unable to load native-hadoop library for your platform... using builtin-java classes where applicable
[2025-04-04T07:00:28.913+0000] {subprocess.py:106} INFO - [Stage 0:>                                                          (0 + 8) / 8]                                                                                +-----+----------+-----+-----------+--------+--------+---------+---------+------+----------------------------------------------+
[2025-04-04T07:00:28.914+0000] {subprocess.py:106} INFO - |city |date      |time |temperature|wind_kph|humidity|feelslike|precip_mm|text  |icon                                          |
[2025-04-04T07:00:28.915+0000] {subprocess.py:106} INFO - +-----+----------+-----+-----------+--------+--------+---------+---------+------+----------------------------------------------+
[2025-04-04T07:00:28.916+0000] {subprocess.py:106} INFO - |elche|2025-04-02|04:00|12.6       |6.0     |87      |12.6     |0.0      |Cloudy|//cdn.weatherapi.com/weather/64x64/day/119.png|
[2025-04-04T07:00:28.917+0000] {subprocess.py:106} INFO - |elche|2025-04-02|15:00|19.8       |15.9    |54      |19.8     |0.0      |Sunny |//cdn.weatherapi.com/weather/64x64/day/113.png|
[2025-04-04T07:00:28.918+0000] {subprocess.py:106} INFO - |elche|2025-04-02|22:00|14.4       |9.2     |84      |14.4     |0.0      |Cloudy|//cdn.weatherapi.com/weather/64x64/day/119.png|
[2025-04-04T07:00:28.919+0000] {subprocess.py:106} INFO - |elche|2025-04-02|09:00|12.7       |5.7     |84      |12.7     |0.0      |Cloudy|//cdn.weatherapi.com/weather/64x64/day/119.png|
[2025-04-04T07:00:28.919+0000] {subprocess.py:106} INFO - +-----+----------+-----+-----------+--------+--------+---------+---------+------+----------------------------------------------+
[2025-04-04T07:00:28.920+0000] {subprocess.py:106} INFO - 
[2025-04-04T07:00:28.921+0000] {subprocess.py:106} INFO - +------+----------+-----+-----------+--------+--------+---------+---------+-------------+----------------------------------------------+
[2025-04-04T07:00:28.921+0000] {subprocess.py:106} INFO - |city  |date      |time |temperature|wind_kph|humidity|feelslike|precip_mm|text         |icon                                          |
[2025-04-04T07:00:28.922+0000] {subprocess.py:106} INFO - +------+----------+-----+-----------+--------+--------+---------+---------+-------------+----------------------------------------------+
[2025-04-04T07:00:28.923+0000] {subprocess.py:106} INFO - |madrid|2025-04-02|22:00|13.2       |13.8    |72      |13.2     |0.0      |Cloudy       |//cdn.weatherapi.com/weather/64x64/day/119.png|
[2025-04-04T07:00:28.923+0000] {subprocess.py:106} INFO - |madrid|2025-04-02|15:00|17.1       |10.6    |56      |17.1     |0.1      |Light Drizzle|//cdn.weatherapi.com/weather/64x64/day/176.png|
[2025-04-04T07:00:28.924+0000] {subprocess.py:106} INFO - |madrid|2025-04-02|09:00|9.6        |0.9     |93      |9.6      |0.0      |Cloudy       |//cdn.weatherapi.com/weather/64x64/day/119.png|
[2025-04-04T07:00:28.925+0000] {subprocess.py:106} INFO - |madrid|2025-04-02|04:00|11.3       |7.4     |85      |11.3     |0.0      |Cloudy       |//cdn.weatherapi.com/weather/64x64/day/119.png|
[2025-04-04T07:00:28.925+0000] {subprocess.py:106} INFO - +------+----------+-----+-----------+--------+--------+---------+---------+-------------+----------------------------------------------+
[2025-04-04T07:00:28.926+0000] {subprocess.py:106} INFO - 
[2025-04-04T07:00:28.927+0000] {subprocess.py:106} INFO - +--------------------+----------+-----+-----------+--------+--------+---------+---------+------------+----------------------------------------------+
[2025-04-04T07:00:28.928+0000] {subprocess.py:106} INFO - |city                |date      |time |temperature|wind_kph|humidity|feelslike|precip_mm|text        |icon                                          |
[2025-04-04T07:00:28.928+0000] {subprocess.py:106} INFO - +--------------------+----------+-----+-----------+--------+--------+---------+---------+------------+----------------------------------------------+
[2025-04-04T07:00:28.929+0000] {subprocess.py:106} INFO - |san juan de alicante|2025-04-02|09:00|13.4       |6.7     |76      |13.4     |0.0      |Cloudy      |//cdn.weatherapi.com/weather/64x64/day/119.png|
[2025-04-04T07:00:28.930+0000] {subprocess.py:106} INFO - |san juan de alicante|2025-04-02|15:00|18.5       |15.2    |62      |18.5     |0.0      |Mostly Clear|//cdn.weatherapi.com/weather/64x64/day/116.png|
[2025-04-04T07:00:28.930+0000] {subprocess.py:106} INFO - |san juan de alicante|2025-04-02|04:00|11.9       |4.0     |86      |11.9     |0.0      |Cloudy      |//cdn.weatherapi.com/weather/64x64/day/119.png|
[2025-04-04T07:00:28.931+0000] {subprocess.py:106} INFO - |san juan de alicante|2025-04-02|22:00|14.5       |8.5     |84      |14.5     |0.0      |Mostly Clear|//cdn.weatherapi.com/weather/64x64/day/116.png|
[2025-04-04T07:00:28.932+0000] {subprocess.py:106} INFO - +--------------------+----------+-----+-----------+--------+--------+---------+---------+------------+----------------------------------------------+
[2025-04-04T07:00:28.933+0000] {subprocess.py:106} INFO - 
[2025-04-04T07:00:28.934+0000] {subprocess.py:106} INFO - +----------+----------+-----+-----------+--------+--------+---------+---------+------+----------------------------------------------+
[2025-04-04T07:00:28.934+0000] {subprocess.py:106} INFO - |city      |date      |time |temperature|wind_kph|humidity|feelslike|precip_mm|text  |icon                                          |
[2025-04-04T07:00:28.935+0000] {subprocess.py:106} INFO - +----------+----------+-----+-----------+--------+--------+---------+---------+------+----------------------------------------------+
[2025-04-04T07:00:28.936+0000] {subprocess.py:106} INFO - |torrevieja|2025-04-02|09:00|13.0       |8.1     |96      |13.0     |0.0      |Cloudy|//cdn.weatherapi.com/weather/64x64/day/119.png|
[2025-04-04T07:00:28.936+0000] {subprocess.py:106} INFO - |torrevieja|2025-04-02|15:00|17.8       |13.1    |75      |17.8     |0.0      |Sunny |//cdn.weatherapi.com/weather/64x64/day/113.png|
[2025-04-04T07:00:28.937+0000] {subprocess.py:106} INFO - |torrevieja|2025-04-02|04:00|12.7       |1.5     |96      |12.7     |0.0      |Cloudy|//cdn.weatherapi.com/weather/64x64/day/119.png|
[2025-04-04T07:00:28.938+0000] {subprocess.py:106} INFO - |torrevieja|2025-04-02|22:00|14.8       |10.1    |87      |14.8     |0.0      |Cloudy|//cdn.weatherapi.com/weather/64x64/day/119.png|
[2025-04-04T07:00:28.939+0000] {subprocess.py:106} INFO - +----------+----------+-----+-----------+--------+--------+---------+---------+------+----------------------------------------------+
[2025-04-04T07:00:28.939+0000] {subprocess.py:106} INFO - 
[2025-04-04T07:00:28.940+0000] {subprocess.py:106} INFO - +--------+----------+-----+-----------+--------+--------+---------+---------+-------------+----------------------------------------------+
[2025-04-04T07:00:28.941+0000] {subprocess.py:106} INFO - |city    |date      |time |temperature|wind_kph|humidity|feelslike|precip_mm|text         |icon                                          |
[2025-04-04T07:00:28.941+0000] {subprocess.py:106} INFO - +--------+----------+-----+-----------+--------+--------+---------+---------+-------------+----------------------------------------------+
[2025-04-04T07:00:28.942+0000] {subprocess.py:106} INFO - |valencia|2025-04-02|04:00|13.9       |13.4    |85      |13.9     |0.0      |Partly Cloudy|//cdn.weatherapi.com/weather/64x64/day/116.png|
[2025-04-04T07:00:28.943+0000] {subprocess.py:106} INFO - |valencia|2025-04-02|15:00|16.7       |15.1    |66      |16.7     |0.0      |Partly Cloudy|//cdn.weatherapi.com/weather/64x64/day/116.png|
[2025-04-04T07:00:28.943+0000] {subprocess.py:106} INFO - |valencia|2025-04-02|09:00|13.8       |4.6     |76      |13.8     |0.0      |Cloudy       |//cdn.weatherapi.com/weather/64x64/day/119.png|
[2025-04-04T07:00:28.944+0000] {subprocess.py:106} INFO - |valencia|2025-04-02|22:00|14.9       |9.9     |84      |14.9     |0.0      |Partly Cloudy|//cdn.weatherapi.com/weather/64x64/day/116.png|
[2025-04-04T07:00:28.945+0000] {subprocess.py:106} INFO - +--------+----------+-----+-----------+--------+--------+---------+---------+-------------+----------------------------------------------+
[2025-04-04T07:00:28.946+0000] {subprocess.py:106} INFO - 
[2025-04-04T07:00:33.533+0000] {subprocess.py:106} INFO - [Stage 58:>                                                         (0 + 1) / 1]                                                                                +--------------------+----------+-----+-----------+--------+--------+---------+---------+-------------+--------------------+
[2025-04-04T07:00:33.535+0000] {subprocess.py:106} INFO - |                city|      date| time|temperature|wind_kph|humidity|feelslike|precip_mm|         text|                icon|
[2025-04-04T07:00:33.536+0000] {subprocess.py:106} INFO - +--------------------+----------+-----+-----------+--------+--------+---------+---------+-------------+--------------------+
[2025-04-04T07:00:33.536+0000] {subprocess.py:106} INFO - |               elche|2025-04-02|04:00|       12.6|     6.0|      87|     12.6|      0.0|       Cloudy|//cdn.weatherapi....|
[2025-04-04T07:00:33.537+0000] {subprocess.py:106} INFO - |               elche|2025-04-02|09:00|       12.7|     5.7|      84|     12.7|      0.0|       Cloudy|//cdn.weatherapi....|
[2025-04-04T07:00:33.539+0000] {subprocess.py:106} INFO - |               elche|2025-04-02|15:00|       19.8|    15.9|      54|     19.8|      0.0|        Sunny|//cdn.weatherapi....|
[2025-04-04T07:00:33.540+0000] {subprocess.py:106} INFO - |               elche|2025-04-02|22:00|       14.4|     9.2|      84|     14.4|      0.0|       Cloudy|//cdn.weatherapi....|
[2025-04-04T07:00:33.540+0000] {subprocess.py:106} INFO - |              madrid|2025-04-02|04:00|       11.3|     7.4|      85|     11.3|      0.0|       Cloudy|//cdn.weatherapi....|
[2025-04-04T07:00:33.541+0000] {subprocess.py:106} INFO - |              madrid|2025-04-02|09:00|        9.6|     0.9|      93|      9.6|      0.0|       Cloudy|//cdn.weatherapi....|
[2025-04-04T07:00:33.542+0000] {subprocess.py:106} INFO - |              madrid|2025-04-02|15:00|       17.1|    10.6|      56|     17.1|      0.1|Light Drizzle|//cdn.weatherapi....|
[2025-04-04T07:00:33.543+0000] {subprocess.py:106} INFO - |              madrid|2025-04-02|22:00|       13.2|    13.8|      72|     13.2|      0.0|       Cloudy|//cdn.weatherapi....|
[2025-04-04T07:00:33.543+0000] {subprocess.py:106} INFO - |san juan de alicante|2025-04-02|04:00|       11.9|     4.0|      86|     11.9|      0.0|       Cloudy|//cdn.weatherapi....|
[2025-04-04T07:00:33.544+0000] {subprocess.py:106} INFO - |san juan de alicante|2025-04-02|09:00|       13.4|     6.7|      76|     13.4|      0.0|       Cloudy|//cdn.weatherapi....|
[2025-04-04T07:00:33.545+0000] {subprocess.py:106} INFO - |san juan de alicante|2025-04-02|15:00|       18.5|    15.2|      62|     18.5|      0.0| Mostly Clear|//cdn.weatherapi....|
[2025-04-04T07:00:33.546+0000] {subprocess.py:106} INFO - |san juan de alicante|2025-04-02|22:00|       14.5|     8.5|      84|     14.5|      0.0| Mostly Clear|//cdn.weatherapi....|
[2025-04-04T07:00:33.548+0000] {subprocess.py:106} INFO - |          torrevieja|2025-04-02|04:00|       12.7|     1.5|      96|     12.7|      0.0|       Cloudy|//cdn.weatherapi....|
[2025-04-04T07:00:33.550+0000] {subprocess.py:106} INFO - |          torrevieja|2025-04-02|09:00|       13.0|     8.1|      96|     13.0|      0.0|       Cloudy|//cdn.weatherapi....|
[2025-04-04T07:00:33.551+0000] {subprocess.py:106} INFO - |          torrevieja|2025-04-02|15:00|       17.8|    13.1|      75|     17.8|      0.0|        Sunny|//cdn.weatherapi....|
[2025-04-04T07:00:33.552+0000] {subprocess.py:106} INFO - |          torrevieja|2025-04-02|22:00|       14.8|    10.1|      87|     14.8|      0.0|       Cloudy|//cdn.weatherapi....|
[2025-04-04T07:00:33.553+0000] {subprocess.py:106} INFO - |            valencia|2025-04-02|04:00|       13.9|    13.4|      85|     13.9|      0.0|Partly Cloudy|//cdn.weatherapi....|
[2025-04-04T07:00:33.554+0000] {subprocess.py:106} INFO - |            valencia|2025-04-02|09:00|       13.8|     4.6|      76|     13.8|      0.0|       Cloudy|//cdn.weatherapi....|
[2025-04-04T07:00:33.556+0000] {subprocess.py:106} INFO - |            valencia|2025-04-02|15:00|       16.7|    15.1|      66|     16.7|      0.0|Partly Cloudy|//cdn.weatherapi....|
[2025-04-04T07:00:33.557+0000] {subprocess.py:106} INFO - |            valencia|2025-04-02|22:00|       14.9|     9.9|      84|     14.9|      0.0|Partly Cloudy|//cdn.weatherapi....|
[2025-04-04T07:00:33.558+0000] {subprocess.py:106} INFO - +--------------------+----------+-----+-----------+--------+--------+---------+---------+-------------+--------------------+
[2025-04-04T07:00:33.559+0000] {subprocess.py:106} INFO - 
[2025-04-04T07:00:33.560+0000] {subprocess.py:106} INFO - Nombre de la carpeta: 2025-04-02
[2025-04-04T07:00:33.561+0000] {subprocess.py:106} INFO - Archivo Parquet generado: /tmp/tmpxzinxvgy/2025-04-02/part-00000-6c47ef6e-9fd6-4454-9f97-2ea9eeef4b7b-c000.snappy.parquet
[2025-04-04T07:00:33.562+0000] {subprocess.py:106} INFO - Archivo subido correctamente a MinIO en: 2025-04-02/2025-04-02.parquet
[2025-04-04T07:00:34.080+0000] {subprocess.py:110} INFO - Command exited with return code 0
[2025-04-04T07:00:34.102+0000] {taskinstance.py:341} INFO - ::group::Post task execution logs
[2025-04-04T07:00:34.104+0000] {taskinstance.py:353} INFO - Marking task as SUCCESS. dag_id=daily_weather_etl, task_id=run_minio_script, run_id=scheduled__2025-04-03T07:00:00+00:00, execution_date=20250403T070000, start_date=20250404T070013, end_date=20250404T070034
[2025-04-04T07:00:34.128+0000] {logging_mixin.py:190} INFO - Task instance in success state
[2025-04-04T07:00:34.129+0000] {logging_mixin.py:190} INFO -  Previous state of the Task instance: running
[2025-04-04T07:00:34.129+0000] {logging_mixin.py:190} INFO - Dag name:daily_weather_etl queued_at:2025-04-04 07:00:01.357941+00:00
[2025-04-04T07:00:34.130+0000] {logging_mixin.py:190} INFO - Task hostname:3c3c1f66214b operator:BashOperator
[2025-04-04T07:00:34.170+0000] {local_task_job_runner.py:266} INFO - Task exited with return code 0
[2025-04-04T07:00:34.195+0000] {taskinstance.py:3901} INFO - 1 downstream tasks scheduled from follow-on schedule check
[2025-04-04T07:00:34.197+0000] {local_task_job_runner.py:245} INFO - ::endgroup::
