[2025-04-15T07:00:49.744+0000] {local_task_job_runner.py:123} INFO - ::group::Pre task execution logs
[2025-04-15T07:00:49.891+0000] {taskinstance.py:2614} INFO - Dependencies all met for dep_context=non-requeueable deps ti=<TaskInstance: daily_weather_etl.run_prediction_script scheduled__2025-04-14T07:00:00+00:00 [queued]>
[2025-04-15T07:00:49.905+0000] {taskinstance.py:2614} INFO - Dependencies all met for dep_context=requeueable deps ti=<TaskInstance: daily_weather_etl.run_prediction_script scheduled__2025-04-14T07:00:00+00:00 [queued]>
[2025-04-15T07:00:49.907+0000] {taskinstance.py:2867} INFO - Starting attempt 1 of 2
[2025-04-15T07:00:49.919+0000] {taskinstance.py:2890} INFO - Executing <Task(BashOperator): run_prediction_script> on 2025-04-14 07:00:00+00:00
[2025-04-15T07:00:49.924+0000] {standard_task_runner.py:72} INFO - Started process 2266 to run task
[2025-04-15T07:00:49.928+0000] {standard_task_runner.py:104} INFO - Running: ['***', 'tasks', 'run', 'daily_weather_etl', 'run_prediction_script', 'scheduled__2025-04-14T07:00:00+00:00', '--job-id', '295', '--raw', '--subdir', 'DAGS_FOLDER/weather_dag.py', '--cfg-path', '/tmp/tmpbq0emhm3']
[2025-04-15T07:00:49.931+0000] {standard_task_runner.py:105} INFO - Job 295: Subtask run_prediction_script
[2025-04-15T07:00:49.974+0000] {task_command.py:467} INFO - Running <TaskInstance: daily_weather_etl.run_prediction_script scheduled__2025-04-14T07:00:00+00:00 [running]> on host 3c3c1f66214b
[2025-04-15T07:00:50.045+0000] {taskinstance.py:3134} INFO - Exporting env vars: AIRFLOW_CTX_DAG_OWNER='***' AIRFLOW_CTX_DAG_ID='daily_weather_etl' AIRFLOW_CTX_TASK_ID='run_prediction_script' AIRFLOW_CTX_EXECUTION_DATE='2025-04-14T07:00:00+00:00' AIRFLOW_CTX_TRY_NUMBER='1' AIRFLOW_CTX_DAG_RUN_ID='scheduled__2025-04-14T07:00:00+00:00'
[2025-04-15T07:00:50.047+0000] {logging_mixin.py:190} INFO - Task instance is in running state
[2025-04-15T07:00:50.048+0000] {logging_mixin.py:190} INFO -  Previous state of the Task instance: queued
[2025-04-15T07:00:50.048+0000] {logging_mixin.py:190} INFO - Current task name:run_prediction_script state:running start_date:2025-04-15 07:00:49.892991+00:00
[2025-04-15T07:00:50.049+0000] {logging_mixin.py:190} INFO - Dag name:daily_weather_etl and current dag run status:running
[2025-04-15T07:00:50.050+0000] {taskinstance.py:732} INFO - ::endgroup::
[2025-04-15T07:00:50.051+0000] {subprocess.py:78} INFO - Tmp dir root location: /tmp
[2025-04-15T07:00:50.052+0000] {subprocess.py:88} INFO - Running command: ['/usr/bin/bash', '-c', 'python /opt/***/dags/ml_prediction.py']
[2025-04-15T07:00:50.062+0000] {subprocess.py:99} INFO - Output:
[2025-04-15T07:00:52.344+0000] {subprocess.py:106} INFO - 25/04/15 07:00:52 WARN NativeCodeLoader: Unable to load native-hadoop library for your platform... using builtin-java classes where applicable
[2025-04-15T07:00:52.543+0000] {subprocess.py:106} INFO - Setting default log level to "WARN".
[2025-04-15T07:00:52.544+0000] {subprocess.py:106} INFO - To adjust logging level use sc.setLogLevel(newLevel). For SparkR, use setLogLevel(newLevel).
[2025-04-15T07:01:17.419+0000] {subprocess.py:106} INFO - [Stage 0:>                                                          (0 + 1) / 1][Stage 2:>                                                          (0 + 1) / 1]                                                                                25/04/15 07:01:17 WARN InstanceBuilder: Failed to load implementation from:dev.ludovic.netlib.blas.JNIBLAS
[2025-04-15T07:01:17.426+0000] {subprocess.py:106} INFO - 25/04/15 07:01:17 WARN InstanceBuilder: Failed to load implementation from:dev.ludovic.netlib.blas.VectorBLAS
[2025-04-15T07:02:20.762+0000] {subprocess.py:106} INFO - [Stage 789:>                                                        (0 + 8) / 8]                                                                                Prar치metros de fiabilidad de temperature: RMSE = 2.0879171893298984, MAE = 1.555796759562101
[2025-04-15T07:02:20.766+0000] {subprocess.py:106} INFO -   Margen de error (RMSE): 4.91 %
[2025-04-15T07:02:20.770+0000] {subprocess.py:106} INFO -   Acierto (100 - RMSE error margin): 95.09 %
[2025-04-15T07:02:20.774+0000] {subprocess.py:106} INFO -   Margen de error (MAE): 3.66 %
[2025-04-15T07:02:20.777+0000] {subprocess.py:106} INFO -   Acierto (100 - MAE error margin): 96.34 %
[2025-04-15T07:02:20.779+0000] {subprocess.py:106} INFO - Prar치metros de fiabilidad de wind_kph: RMSE = 4.83717929476294, MAE = 3.653910056115723
[2025-04-15T07:02:20.782+0000] {subprocess.py:106} INFO -   Margen de error (RMSE): 9.62 %
[2025-04-15T07:02:20.784+0000] {subprocess.py:106} INFO -   Acierto (100 - RMSE error margin): 90.38 %
[2025-04-15T07:02:20.786+0000] {subprocess.py:106} INFO -   Margen de error (MAE): 7.26 %
[2025-04-15T07:02:20.787+0000] {subprocess.py:106} INFO -   Acierto (100 - MAE error margin): 92.74 %
[2025-04-15T07:02:20.789+0000] {subprocess.py:106} INFO - Prar치metros de fiabilidad de humidity: RMSE = 11.539193452650643, MAE = 8.92673136218123
[2025-04-15T07:02:20.791+0000] {subprocess.py:106} INFO -   Margen de error (RMSE): 11.54 %
[2025-04-15T07:02:20.792+0000] {subprocess.py:106} INFO -   Acierto (100 - RMSE error margin): 88.46 %
[2025-04-15T07:02:20.793+0000] {subprocess.py:106} INFO -   Margen de error (MAE): 8.93 %
[2025-04-15T07:02:20.794+0000] {subprocess.py:106} INFO -   Acierto (100 - MAE error margin): 91.07 %
[2025-04-15T07:02:20.795+0000] {subprocess.py:106} INFO - Prar치metros de fiabilidad de precip_mm: RMSE = 0.39435742149057723, MAE = 0.08810028979822046
[2025-04-15T07:02:20.796+0000] {subprocess.py:106} INFO -   Margen de error (RMSE): 1.77 %
[2025-04-15T07:02:20.797+0000] {subprocess.py:106} INFO -   Acierto (100 - RMSE error margin): 98.23 %
[2025-04-15T07:02:20.798+0000] {subprocess.py:106} INFO -   Margen de error (MAE): 0.40 %
[2025-04-15T07:02:20.799+0000] {subprocess.py:106} INFO -   Acierto (100 - MAE error margin): 99.60 %
[2025-04-15T07:02:20.800+0000] {subprocess.py:106} INFO - +--------------------+-------------------+-----------------+--------------------+------------------+-----------------+
[2025-04-15T07:02:20.801+0000] {subprocess.py:106} INFO - |city                |local_time         |humidity         |precip_mm           |temperature       |wind_kph         |
[2025-04-15T07:02:20.802+0000] {subprocess.py:106} INFO - +--------------------+-------------------+-----------------+--------------------+------------------+-----------------+
[2025-04-15T07:02:20.803+0000] {subprocess.py:106} INFO - |elche               |2025-04-16 04:00:00|95.42191303738153|0.027566645662744995|14.136008601732575|7.034098893161892|
[2025-04-15T07:02:20.803+0000] {subprocess.py:106} INFO - |elche               |2025-04-16 09:00:00|87.57585993065416|0.021428089770406798|13.72350898833454 |7.641618251813046|
[2025-04-15T07:02:20.804+0000] {subprocess.py:106} INFO - |elche               |2025-04-16 15:00:00|62.42328170056176|0.045596838901652746|18.872186257987103|12.77417267666877|
[2025-04-15T07:02:20.805+0000] {subprocess.py:106} INFO - |elche               |2025-04-16 22:00:00|79.31703149088673|0.019306833981842693|18.051822940244488|9.583633378592138|
[2025-04-15T07:02:20.806+0000] {subprocess.py:106} INFO - |madrid              |2025-04-16 04:00:00|89.23962608731112|0.027566645662744995|12.014650953743434|6.624082119925003|
[2025-04-15T07:02:20.807+0000] {subprocess.py:106} INFO - |madrid              |2025-04-16 09:00:00|82.91103790987616|0.021428089770406798|11.787509439297102|7.775287108146113|
[2025-04-15T07:02:20.808+0000] {subprocess.py:106} INFO - |madrid              |2025-04-16 15:00:00|59.4754372605438 |0.045596838901652746|18.018802089142362|12.77417267666877|
[2025-04-15T07:02:20.809+0000] {subprocess.py:106} INFO - |madrid              |2025-04-16 22:00:00|77.30996055229008|0.019306833981842693|16.035562697815347|9.583633378592138|
[2025-04-15T07:02:20.809+0000] {subprocess.py:106} INFO - |san juan de alicante|2025-04-16 04:00:00|93.50267549975351|0.027566645662744995|14.136008601732575|6.624082119925003|
[2025-04-15T07:02:20.810+0000] {subprocess.py:106} INFO - |san juan de alicante|2025-04-16 09:00:00|87.57585993065416|0.021428089770406798|13.72350898833454 |7.775287108146113|
[2025-04-15T07:02:20.811+0000] {subprocess.py:106} INFO - |san juan de alicante|2025-04-16 15:00:00|62.42328170056176|0.045596838901652746|18.872186257987103|12.77417267666877|
[2025-04-15T07:02:20.812+0000] {subprocess.py:106} INFO - |san juan de alicante|2025-04-16 22:00:00|79.31703149088673|0.019306833981842693|18.051822940244488|9.583633378592138|
[2025-04-15T07:02:20.813+0000] {subprocess.py:106} INFO - |torrevieja          |2025-04-16 04:00:00|93.50267549975351|0.5689807379149295  |14.861894640485598|6.542488353684548|
[2025-04-15T07:02:20.814+0000] {subprocess.py:106} INFO - |torrevieja          |2025-04-16 09:00:00|87.57585993065416|0.9063703953832374  |15.38209120167311 |7.775287108146113|
[2025-04-15T07:02:20.814+0000] {subprocess.py:106} INFO - |torrevieja          |2025-04-16 15:00:00|62.42328170056176|1.0865114636261644  |21.316742808635883|12.77417267666877|
[2025-04-15T07:02:20.815+0000] {subprocess.py:106} INFO - |torrevieja          |2025-04-16 22:00:00|79.31703149088673|2.761605091092231   |18.50901504491867 |9.583633378592138|
[2025-04-15T07:02:20.816+0000] {subprocess.py:106} INFO - |valencia            |2025-04-16 04:00:00|93.50267549975351|0.027566645662744995|14.136008601732575|6.542488353684548|
[2025-04-15T07:02:20.817+0000] {subprocess.py:106} INFO - |valencia            |2025-04-16 09:00:00|87.57585993065416|0.021428089770406798|13.72350898833454 |7.775287108146113|
[2025-04-15T07:02:20.818+0000] {subprocess.py:106} INFO - |valencia            |2025-04-16 15:00:00|62.42328170056176|0.045596838901652746|18.872186257987103|12.77417267666877|
[2025-04-15T07:02:20.819+0000] {subprocess.py:106} INFO - |valencia            |2025-04-16 22:00:00|79.31703149088673|0.019306833981842693|18.051822940244488|9.583633378592138|
[2025-04-15T07:02:20.820+0000] {subprocess.py:106} INFO - +--------------------+-------------------+-----------------+--------------------+------------------+-----------------+
[2025-04-15T07:02:20.821+0000] {subprocess.py:106} INFO - 
[2025-04-15T07:02:20.822+0000] {subprocess.py:106} INFO - Nombre de la carpeta: 2025-04-16
[2025-04-15T07:02:20.823+0000] {subprocess.py:106} INFO - Archivo Parquet generado: /tmp/tmphqugjwi0/2025-04-16/part-00000-e3c747f0-796b-4a2d-9dbf-d2009dd4e927-c000.snappy.parquet
[2025-04-15T07:02:20.824+0000] {subprocess.py:106} INFO - Archivo subido correctamente a MinIO en: 2025-04-16/2025-04-16.parquet
[2025-04-15T07:02:20.824+0000] {subprocess.py:106} INFO - Datos registrados correctamente en la bbdd
[2025-04-15T07:02:21.320+0000] {subprocess.py:110} INFO - Command exited with return code 0
[2025-04-15T07:02:21.343+0000] {taskinstance.py:341} INFO - ::group::Post task execution logs
[2025-04-15T07:02:21.344+0000] {taskinstance.py:353} INFO - Marking task as SUCCESS. dag_id=daily_weather_etl, task_id=run_prediction_script, run_id=scheduled__2025-04-14T07:00:00+00:00, execution_date=20250414T070000, start_date=20250415T070049, end_date=20250415T070221
[2025-04-15T07:02:21.365+0000] {logging_mixin.py:190} INFO - Task instance in success state
[2025-04-15T07:02:21.366+0000] {logging_mixin.py:190} INFO -  Previous state of the Task instance: running
[2025-04-15T07:02:21.367+0000] {logging_mixin.py:190} INFO - Dag name:daily_weather_etl queued_at:2025-04-15 07:00:01.045865+00:00
[2025-04-15T07:02:21.368+0000] {logging_mixin.py:190} INFO - Task hostname:3c3c1f66214b operator:BashOperator
[2025-04-15T07:02:21.407+0000] {local_task_job_runner.py:266} INFO - Task exited with return code 0
[2025-04-15T07:02:21.420+0000] {taskinstance.py:3901} INFO - 0 downstream tasks scheduled from follow-on schedule check
[2025-04-15T07:02:21.422+0000] {local_task_job_runner.py:245} INFO - ::endgroup::
