[2025-03-24T17:05:28.092+0000] {local_task_job_runner.py:123} INFO - ::group::Pre task execution logs
[2025-03-24T17:05:28.283+0000] {taskinstance.py:2614} INFO - Dependencies all met for dep_context=non-requeueable deps ti=<TaskInstance: daily_weather_etl.run_bbdd_script manual__2025-03-24T17:03:28.194544+00:00 [queued]>
[2025-03-24T17:05:28.298+0000] {taskinstance.py:2614} INFO - Dependencies all met for dep_context=requeueable deps ti=<TaskInstance: daily_weather_etl.run_bbdd_script manual__2025-03-24T17:03:28.194544+00:00 [queued]>
[2025-03-24T17:05:28.300+0000] {taskinstance.py:2867} INFO - Starting attempt 1 of 2
[2025-03-24T17:05:28.322+0000] {taskinstance.py:2890} INFO - Executing <Task(BashOperator): run_bbdd_script> on 2025-03-24 17:03:28.194544+00:00
[2025-03-24T17:05:28.331+0000] {standard_task_runner.py:72} INFO - Started process 22295 to run task
[2025-03-24T17:05:28.337+0000] {standard_task_runner.py:104} INFO - Running: ['***', 'tasks', 'run', 'daily_weather_etl', 'run_bbdd_script', 'manual__2025-03-24T17:03:28.194544+00:00', '--job-id', '18', '--raw', '--subdir', 'DAGS_FOLDER/weather_dag.py', '--cfg-path', '/tmp/tmpvwwrcg4m']
[2025-03-24T17:05:28.340+0000] {standard_task_runner.py:105} INFO - Job 18: Subtask run_bbdd_script
[2025-03-24T17:05:28.403+0000] {task_command.py:467} INFO - Running <TaskInstance: daily_weather_etl.run_bbdd_script manual__2025-03-24T17:03:28.194544+00:00 [running]> on host a8f8d688f2c1
[2025-03-24T17:05:28.509+0000] {taskinstance.py:3134} INFO - Exporting env vars: AIRFLOW_CTX_DAG_OWNER='***' AIRFLOW_CTX_DAG_ID='daily_weather_etl' AIRFLOW_CTX_TASK_ID='run_bbdd_script' AIRFLOW_CTX_EXECUTION_DATE='2025-03-24T17:03:28.194544+00:00' AIRFLOW_CTX_TRY_NUMBER='1' AIRFLOW_CTX_DAG_RUN_ID='manual__2025-03-24T17:03:28.194544+00:00'
[2025-03-24T17:05:28.512+0000] {logging_mixin.py:190} INFO - Task instance is in running state
[2025-03-24T17:05:28.513+0000] {logging_mixin.py:190} INFO -  Previous state of the Task instance: queued
[2025-03-24T17:05:28.515+0000] {logging_mixin.py:190} INFO - Current task name:run_bbdd_script state:running start_date:2025-03-24 17:05:28.285170+00:00
[2025-03-24T17:05:28.517+0000] {logging_mixin.py:190} INFO - Dag name:daily_weather_etl and current dag run status:running
[2025-03-24T17:05:28.519+0000] {taskinstance.py:732} INFO - ::endgroup::
[2025-03-24T17:05:28.522+0000] {subprocess.py:78} INFO - Tmp dir root location: /tmp
[2025-03-24T17:05:28.524+0000] {subprocess.py:88} INFO - Running command: ['/usr/bin/bash', '-c', 'python /opt/***/dags/main_bbdd.py']
[2025-03-24T17:05:28.539+0000] {subprocess.py:99} INFO - Output:
[2025-03-24T17:05:32.822+0000] {subprocess.py:106} INFO - Setting default log level to "WARN".
[2025-03-24T17:05:32.824+0000] {subprocess.py:106} INFO - To adjust logging level use sc.setLogLevel(newLevel). For SparkR, use setLogLevel(newLevel).
[2025-03-24T17:05:33.183+0000] {subprocess.py:106} INFO - 25/03/24 17:05:33 WARN NativeCodeLoader: Unable to load native-hadoop library for your platform... using builtin-java classes where applicable
[2025-03-24T17:05:42.396+0000] {subprocess.py:106} INFO - [Stage 0:>                                                          (0 + 1) / 1]                                                                                +-----+----------------+-----------+--------+--------+---------+---------+-------------+--------------------+
[2025-03-24T17:05:42.401+0000] {subprocess.py:106} INFO - | city|       localtime|temperature|wind_kph|humidity|feelslike|precip_mm|         text|                icon|
[2025-03-24T17:05:42.405+0000] {subprocess.py:106} INFO - +-----+----------------+-----------+--------+--------+---------+---------+-------------+--------------------+
[2025-03-24T17:05:42.409+0000] {subprocess.py:106} INFO - |elche|2025-03-24 18:07|       20.1|    16.2|      28|     20.1|      0.0|Partly cloudy|//cdn.weatherapi....|
[2025-03-24T17:05:42.414+0000] {subprocess.py:106} INFO - +-----+----------------+-----------+--------+--------+---------+---------+-------------+--------------------+
[2025-03-24T17:05:42.418+0000] {subprocess.py:106} INFO - 
[2025-03-24T17:05:42.423+0000] {subprocess.py:106} INFO - Error: An error occurred while calling o36.save.
[2025-03-24T17:05:42.427+0000] {subprocess.py:106} INFO - : java.lang.ClassNotFoundException: org.postgresql.Driver
[2025-03-24T17:05:42.432+0000] {subprocess.py:106} INFO - 	at java.base/java.net.URLClassLoader.findClass(URLClassLoader.java:445)
[2025-03-24T17:05:42.437+0000] {subprocess.py:106} INFO - 	at java.base/java.lang.ClassLoader.loadClass(ClassLoader.java:592)
[2025-03-24T17:05:42.441+0000] {subprocess.py:106} INFO - 	at java.base/java.lang.ClassLoader.loadClass(ClassLoader.java:525)
[2025-03-24T17:05:42.446+0000] {subprocess.py:106} INFO - 	at org.apache.spark.sql.execution.datasources.jdbc.DriverRegistry$.register(DriverRegistry.scala:46)
[2025-03-24T17:05:42.450+0000] {subprocess.py:106} INFO - 	at org.apache.spark.sql.execution.datasources.jdbc.JDBCOptions.$anonfun$driverClass$1(JDBCOptions.scala:103)
[2025-03-24T17:05:42.455+0000] {subprocess.py:106} INFO - 	at org.apache.spark.sql.execution.datasources.jdbc.JDBCOptions.$anonfun$driverClass$1$adapted(JDBCOptions.scala:103)
[2025-03-24T17:05:42.459+0000] {subprocess.py:106} INFO - 	at scala.Option.foreach(Option.scala:407)
[2025-03-24T17:05:42.463+0000] {subprocess.py:106} INFO - 	at org.apache.spark.sql.execution.datasources.jdbc.JDBCOptions.<init>(JDBCOptions.scala:103)
[2025-03-24T17:05:42.468+0000] {subprocess.py:106} INFO - 	at org.apache.spark.sql.execution.datasources.jdbc.JdbcOptionsInWrite.<init>(JDBCOptions.scala:254)
[2025-03-24T17:05:42.472+0000] {subprocess.py:106} INFO - 	at org.apache.spark.sql.execution.datasources.jdbc.JdbcOptionsInWrite.<init>(JDBCOptions.scala:258)
[2025-03-24T17:05:42.475+0000] {subprocess.py:106} INFO - 	at org.apache.spark.sql.execution.datasources.jdbc.JdbcRelationProvider.createRelation(JdbcRelationProvider.scala:47)
[2025-03-24T17:05:42.480+0000] {subprocess.py:106} INFO - 	at org.apache.spark.sql.execution.datasources.SaveIntoDataSourceCommand.run(SaveIntoDataSourceCommand.scala:48)
[2025-03-24T17:05:42.484+0000] {subprocess.py:106} INFO - 	at org.apache.spark.sql.execution.command.ExecutedCommandExec.sideEffectResult$lzycompute(commands.scala:75)
[2025-03-24T17:05:42.488+0000] {subprocess.py:106} INFO - 	at org.apache.spark.sql.execution.command.ExecutedCommandExec.sideEffectResult(commands.scala:73)
[2025-03-24T17:05:42.492+0000] {subprocess.py:106} INFO - 	at org.apache.spark.sql.execution.command.ExecutedCommandExec.executeCollect(commands.scala:84)
[2025-03-24T17:05:42.497+0000] {subprocess.py:106} INFO - 	at org.apache.spark.sql.execution.QueryExecution$$anonfun$eagerlyExecuteCommands$1.$anonfun$applyOrElse$1(QueryExecution.scala:107)
[2025-03-24T17:05:42.501+0000] {subprocess.py:106} INFO - 	at org.apache.spark.sql.execution.SQLExecution$.$anonfun$withNewExecutionId$6(SQLExecution.scala:125)
[2025-03-24T17:05:42.505+0000] {subprocess.py:106} INFO - 	at org.apache.spark.sql.execution.SQLExecution$.withSQLConfPropagated(SQLExecution.scala:201)
[2025-03-24T17:05:42.509+0000] {subprocess.py:106} INFO - 	at org.apache.spark.sql.execution.SQLExecution$.$anonfun$withNewExecutionId$1(SQLExecution.scala:108)
[2025-03-24T17:05:42.513+0000] {subprocess.py:106} INFO - 	at org.apache.spark.sql.SparkSession.withActive(SparkSession.scala:900)
[2025-03-24T17:05:42.518+0000] {subprocess.py:106} INFO - 	at org.apache.spark.sql.execution.SQLExecution$.withNewExecutionId(SQLExecution.scala:66)
[2025-03-24T17:05:42.522+0000] {subprocess.py:106} INFO - 	at org.apache.spark.sql.execution.QueryExecution$$anonfun$eagerlyExecuteCommands$1.applyOrElse(QueryExecution.scala:107)
[2025-03-24T17:05:42.526+0000] {subprocess.py:106} INFO - 	at org.apache.spark.sql.execution.QueryExecution$$anonfun$eagerlyExecuteCommands$1.applyOrElse(QueryExecution.scala:98)
[2025-03-24T17:05:42.530+0000] {subprocess.py:106} INFO - 	at org.apache.spark.sql.catalyst.trees.TreeNode.$anonfun$transformDownWithPruning$1(TreeNode.scala:461)
[2025-03-24T17:05:42.534+0000] {subprocess.py:106} INFO - 	at org.apache.spark.sql.catalyst.trees.CurrentOrigin$.withOrigin(origin.scala:76)
[2025-03-24T17:05:42.539+0000] {subprocess.py:106} INFO - 	at org.apache.spark.sql.catalyst.trees.TreeNode.transformDownWithPruning(TreeNode.scala:461)
[2025-03-24T17:05:42.543+0000] {subprocess.py:106} INFO - 	at org.apache.spark.sql.catalyst.plans.logical.LogicalPlan.org$apache$spark$sql$catalyst$plans$logical$AnalysisHelper$$super$transformDownWithPruning(LogicalPlan.scala:32)
[2025-03-24T17:05:42.548+0000] {subprocess.py:106} INFO - 	at org.apache.spark.sql.catalyst.plans.logical.AnalysisHelper.transformDownWithPruning(AnalysisHelper.scala:267)
[2025-03-24T17:05:42.554+0000] {subprocess.py:106} INFO - 	at org.apache.spark.sql.catalyst.plans.logical.AnalysisHelper.transformDownWithPruning$(AnalysisHelper.scala:263)
[2025-03-24T17:05:42.558+0000] {subprocess.py:106} INFO - 	at org.apache.spark.sql.catalyst.plans.logical.LogicalPlan.transformDownWithPruning(LogicalPlan.scala:32)
[2025-03-24T17:05:42.562+0000] {subprocess.py:106} INFO - 	at org.apache.spark.sql.catalyst.plans.logical.LogicalPlan.transformDownWithPruning(LogicalPlan.scala:32)
[2025-03-24T17:05:42.567+0000] {subprocess.py:106} INFO - 	at org.apache.spark.sql.catalyst.trees.TreeNode.transformDown(TreeNode.scala:437)
[2025-03-24T17:05:42.571+0000] {subprocess.py:106} INFO - 	at org.apache.spark.sql.execution.QueryExecution.eagerlyExecuteCommands(QueryExecution.scala:98)
[2025-03-24T17:05:42.580+0000] {subprocess.py:106} INFO - 	at org.apache.spark.sql.execution.QueryExecution.commandExecuted$lzycompute(QueryExecution.scala:85)
[2025-03-24T17:05:42.585+0000] {subprocess.py:106} INFO - 	at org.apache.spark.sql.execution.QueryExecution.commandExecuted(QueryExecution.scala:83)
[2025-03-24T17:05:42.588+0000] {subprocess.py:106} INFO - 	at org.apache.spark.sql.execution.QueryExecution.assertCommandExecuted(QueryExecution.scala:142)
[2025-03-24T17:05:42.591+0000] {subprocess.py:106} INFO - 	at org.apache.spark.sql.DataFrameWriter.runCommand(DataFrameWriter.scala:869)
[2025-03-24T17:05:42.594+0000] {subprocess.py:106} INFO - 	at org.apache.spark.sql.DataFrameWriter.saveToV1Source(DataFrameWriter.scala:391)
[2025-03-24T17:05:42.597+0000] {subprocess.py:106} INFO - 	at org.apache.spark.sql.DataFrameWriter.saveInternal(DataFrameWriter.scala:364)
[2025-03-24T17:05:42.599+0000] {subprocess.py:106} INFO - 	at org.apache.spark.sql.DataFrameWriter.save(DataFrameWriter.scala:251)
[2025-03-24T17:05:42.602+0000] {subprocess.py:106} INFO - 	at java.base/jdk.internal.reflect.NativeMethodAccessorImpl.invoke0(Native Method)
[2025-03-24T17:05:42.603+0000] {subprocess.py:106} INFO - 	at java.base/jdk.internal.reflect.NativeMethodAccessorImpl.invoke(NativeMethodAccessorImpl.java:77)
[2025-03-24T17:05:42.605+0000] {subprocess.py:106} INFO - 	at java.base/jdk.internal.reflect.DelegatingMethodAccessorImpl.invoke(DelegatingMethodAccessorImpl.java:43)
[2025-03-24T17:05:42.607+0000] {subprocess.py:106} INFO - 	at java.base/java.lang.reflect.Method.invoke(Method.java:569)
[2025-03-24T17:05:42.608+0000] {subprocess.py:106} INFO - 	at py4j.reflection.MethodInvoker.invoke(MethodInvoker.java:244)
[2025-03-24T17:05:42.610+0000] {subprocess.py:106} INFO - 	at py4j.reflection.ReflectionEngine.invoke(ReflectionEngine.java:374)
[2025-03-24T17:05:42.612+0000] {subprocess.py:106} INFO - 	at py4j.Gateway.invoke(Gateway.java:282)
[2025-03-24T17:05:42.613+0000] {subprocess.py:106} INFO - 	at py4j.commands.AbstractCommand.invokeMethod(AbstractCommand.java:132)
[2025-03-24T17:05:42.615+0000] {subprocess.py:106} INFO - 	at py4j.commands.CallCommand.execute(CallCommand.java:79)
[2025-03-24T17:05:42.616+0000] {subprocess.py:106} INFO - 	at py4j.ClientServerConnection.waitForCommands(ClientServerConnection.java:182)
[2025-03-24T17:05:42.618+0000] {subprocess.py:106} INFO - 	at py4j.ClientServerConnection.run(ClientServerConnection.java:106)
[2025-03-24T17:05:42.619+0000] {subprocess.py:106} INFO - 	at java.base/java.lang.Thread.run(Thread.java:840)
[2025-03-24T17:05:42.620+0000] {subprocess.py:106} INFO - 
[2025-03-24T17:05:43.077+0000] {subprocess.py:110} INFO - Command exited with return code 0
[2025-03-24T17:05:43.109+0000] {taskinstance.py:341} INFO - ::group::Post task execution logs
[2025-03-24T17:05:43.111+0000] {taskinstance.py:353} INFO - Marking task as SUCCESS. dag_id=daily_weather_etl, task_id=run_bbdd_script, run_id=manual__2025-03-24T17:03:28.194544+00:00, execution_date=20250324T170328, start_date=20250324T170528, end_date=20250324T170543
[2025-03-24T17:05:43.142+0000] {logging_mixin.py:190} INFO - Task instance in success state
[2025-03-24T17:05:43.145+0000] {logging_mixin.py:190} INFO -  Previous state of the Task instance: running
[2025-03-24T17:05:43.147+0000] {logging_mixin.py:190} INFO - Dag name:daily_weather_etl queued_at:2025-03-24 17:03:28.221145+00:00
[2025-03-24T17:05:43.148+0000] {logging_mixin.py:190} INFO - Task hostname:a8f8d688f2c1 operator:BashOperator
[2025-03-24T17:05:43.165+0000] {local_task_job_runner.py:266} INFO - Task exited with return code 0
[2025-03-24T17:05:43.186+0000] {taskinstance.py:3901} INFO - 0 downstream tasks scheduled from follow-on schedule check
[2025-03-24T17:05:43.190+0000] {local_task_job_runner.py:245} INFO - ::endgroup::
