[2025-03-30T21:41:13.473+0000] {local_task_job_runner.py:123} INFO - ::group::Pre task execution logs
[2025-03-30T21:41:13.593+0000] {taskinstance.py:2614} INFO - Dependencies all met for dep_context=non-requeueable deps ti=<TaskInstance: daily_weather_etl.run_main_script manual__2025-03-30T21:41:11.461807+00:00 [queued]>
[2025-03-30T21:41:13.603+0000] {taskinstance.py:2614} INFO - Dependencies all met for dep_context=requeueable deps ti=<TaskInstance: daily_weather_etl.run_main_script manual__2025-03-30T21:41:11.461807+00:00 [queued]>
[2025-03-30T21:41:13.605+0000] {taskinstance.py:2867} INFO - Starting attempt 1 of 2
[2025-03-30T21:41:13.618+0000] {taskinstance.py:2890} INFO - Executing <Task(BashOperator): run_main_script> on 2025-03-30 21:41:11.461807+00:00
[2025-03-30T21:41:13.623+0000] {standard_task_runner.py:72} INFO - Started process 3053 to run task
[2025-03-30T21:41:13.626+0000] {standard_task_runner.py:104} INFO - Running: ['***', 'tasks', 'run', 'daily_weather_etl', 'run_main_script', 'manual__2025-03-30T21:41:11.461807+00:00', '--job-id', '162', '--raw', '--subdir', 'DAGS_FOLDER/weather_dag.py', '--cfg-path', '/tmp/tmprkgr6obl']
[2025-03-30T21:41:13.628+0000] {standard_task_runner.py:105} INFO - Job 162: Subtask run_main_script
[2025-03-30T21:41:13.669+0000] {task_command.py:467} INFO - Running <TaskInstance: daily_weather_etl.run_main_script manual__2025-03-30T21:41:11.461807+00:00 [running]> on host 3c3c1f66214b
[2025-03-30T21:41:13.740+0000] {taskinstance.py:3134} INFO - Exporting env vars: AIRFLOW_CTX_DAG_OWNER='***' AIRFLOW_CTX_DAG_ID='daily_weather_etl' AIRFLOW_CTX_TASK_ID='run_main_script' AIRFLOW_CTX_EXECUTION_DATE='2025-03-30T21:41:11.461807+00:00' AIRFLOW_CTX_TRY_NUMBER='1' AIRFLOW_CTX_DAG_RUN_ID='manual__2025-03-30T21:41:11.461807+00:00'
[2025-03-30T21:41:13.742+0000] {logging_mixin.py:190} INFO - Task instance is in running state
[2025-03-30T21:41:13.743+0000] {logging_mixin.py:190} INFO -  Previous state of the Task instance: queued
[2025-03-30T21:41:13.744+0000] {logging_mixin.py:190} INFO - Current task name:run_main_script state:running start_date:2025-03-30 21:41:13.594738+00:00
[2025-03-30T21:41:13.744+0000] {logging_mixin.py:190} INFO - Dag name:daily_weather_etl and current dag run status:running
[2025-03-30T21:41:13.745+0000] {taskinstance.py:732} INFO - ::endgroup::
[2025-03-30T21:41:13.746+0000] {subprocess.py:78} INFO - Tmp dir root location: /tmp
[2025-03-30T21:41:13.747+0000] {subprocess.py:88} INFO - Running command: ['/usr/bin/bash', '-c', 'python /opt/***/dags/main.py']
[2025-03-30T21:41:13.756+0000] {subprocess.py:99} INFO - Output:
[2025-03-30T21:41:16.499+0000] {subprocess.py:106} INFO - 25/03/30 21:41:16 WARN NativeCodeLoader: Unable to load native-hadoop library for your platform... using builtin-java classes where applicable
[2025-03-30T21:41:16.738+0000] {subprocess.py:106} INFO - Setting default log level to "WARN".
[2025-03-30T21:41:16.739+0000] {subprocess.py:106} INFO - To adjust logging level use sc.setLogLevel(newLevel). For SparkR, use setLogLevel(newLevel).
[2025-03-30T21:41:18.448+0000] {subprocess.py:106} INFO - Ciudades registradas:
[2025-03-30T21:41:18.450+0000] {subprocess.py:106} INFO - Error: could not convert string to float: '0.37/'
[2025-03-30T21:41:18.955+0000] {subprocess.py:110} INFO - Command exited with return code 0
[2025-03-30T21:41:18.978+0000] {taskinstance.py:341} INFO - ::group::Post task execution logs
[2025-03-30T21:41:18.979+0000] {taskinstance.py:353} INFO - Marking task as SUCCESS. dag_id=daily_weather_etl, task_id=run_main_script, run_id=manual__2025-03-30T21:41:11.461807+00:00, execution_date=20250330T214111, start_date=20250330T214113, end_date=20250330T214118
[2025-03-30T21:41:19.005+0000] {logging_mixin.py:190} INFO - Task instance in success state
[2025-03-30T21:41:19.007+0000] {logging_mixin.py:190} INFO -  Previous state of the Task instance: running
[2025-03-30T21:41:19.008+0000] {logging_mixin.py:190} INFO - Dag name:daily_weather_etl queued_at:2025-03-30 21:41:11.469521+00:00
[2025-03-30T21:41:19.008+0000] {logging_mixin.py:190} INFO - Task hostname:3c3c1f66214b operator:BashOperator
[2025-03-30T21:41:19.037+0000] {local_task_job_runner.py:266} INFO - Task exited with return code 0
[2025-03-30T21:41:19.050+0000] {taskinstance.py:3901} INFO - 0 downstream tasks scheduled from follow-on schedule check
[2025-03-30T21:41:19.057+0000] {local_task_job_runner.py:245} INFO - ::endgroup::
