[2025-03-26T08:09:44.171+0000] {local_task_job_runner.py:123} INFO - ::group::Pre task execution logs
[2025-03-26T08:09:44.314+0000] {taskinstance.py:2614} INFO - Dependencies all met for dep_context=non-requeueable deps ti=<TaskInstance: daily_weather_etl.run_bbdd_script manual__2025-03-26T08:07:29.863692+00:00 [queued]>
[2025-03-26T08:09:44.327+0000] {taskinstance.py:2614} INFO - Dependencies all met for dep_context=requeueable deps ti=<TaskInstance: daily_weather_etl.run_bbdd_script manual__2025-03-26T08:07:29.863692+00:00 [queued]>
[2025-03-26T08:09:44.331+0000] {taskinstance.py:2867} INFO - Starting attempt 1 of 2
[2025-03-26T08:09:44.346+0000] {taskinstance.py:2890} INFO - Executing <Task(BashOperator): run_bbdd_script> on 2025-03-26 08:07:29.863692+00:00
[2025-03-26T08:09:44.353+0000] {standard_task_runner.py:72} INFO - Started process 26853 to run task
[2025-03-26T08:09:44.356+0000] {standard_task_runner.py:104} INFO - Running: ['***', 'tasks', 'run', 'daily_weather_etl', 'run_bbdd_script', 'manual__2025-03-26T08:07:29.863692+00:00', '--job-id', '63', '--raw', '--subdir', 'DAGS_FOLDER/weather_dag.py', '--cfg-path', '/tmp/tmpvduu91j6']
[2025-03-26T08:09:44.358+0000] {standard_task_runner.py:105} INFO - Job 63: Subtask run_bbdd_script
[2025-03-26T08:09:44.403+0000] {task_command.py:467} INFO - Running <TaskInstance: daily_weather_etl.run_bbdd_script manual__2025-03-26T08:07:29.863692+00:00 [running]> on host 3c3c1f66214b
[2025-03-26T08:09:44.485+0000] {taskinstance.py:3134} INFO - Exporting env vars: AIRFLOW_CTX_DAG_OWNER='***' AIRFLOW_CTX_DAG_ID='daily_weather_etl' AIRFLOW_CTX_TASK_ID='run_bbdd_script' AIRFLOW_CTX_EXECUTION_DATE='2025-03-26T08:07:29.863692+00:00' AIRFLOW_CTX_TRY_NUMBER='1' AIRFLOW_CTX_DAG_RUN_ID='manual__2025-03-26T08:07:29.863692+00:00'
[2025-03-26T08:09:44.487+0000] {logging_mixin.py:190} INFO - Task instance is in running state
[2025-03-26T08:09:44.488+0000] {logging_mixin.py:190} INFO -  Previous state of the Task instance: queued
[2025-03-26T08:09:44.489+0000] {logging_mixin.py:190} INFO - Current task name:run_bbdd_script state:running start_date:2025-03-26 08:09:44.316186+00:00
[2025-03-26T08:09:44.490+0000] {logging_mixin.py:190} INFO - Dag name:daily_weather_etl and current dag run status:running
[2025-03-26T08:09:44.491+0000] {taskinstance.py:732} INFO - ::endgroup::
[2025-03-26T08:09:44.493+0000] {subprocess.py:78} INFO - Tmp dir root location: /tmp
[2025-03-26T08:09:44.494+0000] {subprocess.py:88} INFO - Running command: ['/usr/bin/bash', '-c', 'python /opt/***/dags/main_bbdd.py']
[2025-03-26T08:09:44.506+0000] {subprocess.py:99} INFO - Output:
[2025-03-26T08:09:47.866+0000] {subprocess.py:106} INFO - 25/03/26 08:09:47 WARN NativeCodeLoader: Unable to load native-hadoop library for your platform... using builtin-java classes where applicable
[2025-03-26T08:09:48.090+0000] {subprocess.py:106} INFO - Setting default log level to "WARN".
[2025-03-26T08:09:48.092+0000] {subprocess.py:106} INFO - To adjust logging level use sc.setLogLevel(newLevel). For SparkR, use setLogLevel(newLevel).
[2025-03-26T08:09:56.241+0000] {subprocess.py:106} INFO - [Stage 0:>                                                          (0 + 1) / 1]                                                                                +-----+----------------+-----------+--------+--------+---------+---------+-----+--------------------+
[2025-03-26T08:09:56.242+0000] {subprocess.py:106} INFO - | city|       localtime|temperature|wind_kph|humidity|feelslike|precip_mm| text|                icon|
[2025-03-26T08:09:56.243+0000] {subprocess.py:106} INFO - +-----+----------------+-----------+--------+--------+---------+---------+-----+--------------------+
[2025-03-26T08:09:56.244+0000] {subprocess.py:106} INFO - |elche|2025-03-25 10:05|       16.2|     3.6|      48|     16.2|      0.0|Sunny|//cdn.weatherapi....|
[2025-03-26T08:09:56.245+0000] {subprocess.py:106} INFO - +-----+----------------+-----------+--------+--------+---------+---------+-----+--------------------+
[2025-03-26T08:09:56.246+0000] {subprocess.py:106} INFO - 
[2025-03-26T08:09:56.246+0000] {subprocess.py:106} INFO - Datos registrados correctamente en la bbdd
[2025-03-26T08:09:56.714+0000] {subprocess.py:110} INFO - Command exited with return code 0
[2025-03-26T08:09:56.735+0000] {taskinstance.py:341} INFO - ::group::Post task execution logs
[2025-03-26T08:09:56.736+0000] {taskinstance.py:353} INFO - Marking task as SUCCESS. dag_id=daily_weather_etl, task_id=run_bbdd_script, run_id=manual__2025-03-26T08:07:29.863692+00:00, execution_date=20250326T080729, start_date=20250326T080944, end_date=20250326T080956
[2025-03-26T08:09:56.758+0000] {logging_mixin.py:190} INFO - Task instance in success state
[2025-03-26T08:09:56.759+0000] {logging_mixin.py:190} INFO -  Previous state of the Task instance: running
[2025-03-26T08:09:56.760+0000] {logging_mixin.py:190} INFO - Dag name:daily_weather_etl queued_at:2025-03-26 08:07:29.876493+00:00
[2025-03-26T08:09:56.761+0000] {logging_mixin.py:190} INFO - Task hostname:3c3c1f66214b operator:BashOperator
[2025-03-26T08:09:56.783+0000] {local_task_job_runner.py:266} INFO - Task exited with return code 0
[2025-03-26T08:09:56.795+0000] {taskinstance.py:3901} INFO - 0 downstream tasks scheduled from follow-on schedule check
[2025-03-26T08:09:56.798+0000] {local_task_job_runner.py:245} INFO - ::endgroup::
