[2025-04-02T07:00:57.362+0000] {local_task_job_runner.py:123} INFO - ::group::Pre task execution logs
[2025-04-02T07:00:57.576+0000] {taskinstance.py:2614} INFO - Dependencies all met for dep_context=non-requeueable deps ti=<TaskInstance: daily_weather_etl.run_postgres_script scheduled__2025-04-01T07:00:00+00:00 [queued]>
[2025-04-02T07:00:57.589+0000] {taskinstance.py:2614} INFO - Dependencies all met for dep_context=requeueable deps ti=<TaskInstance: daily_weather_etl.run_postgres_script scheduled__2025-04-01T07:00:00+00:00 [queued]>
[2025-04-02T07:00:57.592+0000] {taskinstance.py:2867} INFO - Starting attempt 1 of 2
[2025-04-02T07:00:57.609+0000] {taskinstance.py:2890} INFO - Executing <Task(BashOperator): run_postgres_script> on 2025-04-01 07:00:00+00:00
[2025-04-02T07:00:57.616+0000] {standard_task_runner.py:72} INFO - Started process 2074 to run task
[2025-04-02T07:00:57.621+0000] {standard_task_runner.py:104} INFO - Running: ['***', 'tasks', 'run', 'daily_weather_etl', 'run_postgres_script', 'scheduled__2025-04-01T07:00:00+00:00', '--job-id', '213', '--raw', '--subdir', 'DAGS_FOLDER/weather_dag.py', '--cfg-path', '/tmp/tmpyf74t7wk']
[2025-04-02T07:00:57.623+0000] {standard_task_runner.py:105} INFO - Job 213: Subtask run_postgres_script
[2025-04-02T07:00:57.679+0000] {task_command.py:467} INFO - Running <TaskInstance: daily_weather_etl.run_postgres_script scheduled__2025-04-01T07:00:00+00:00 [running]> on host 3c3c1f66214b
[2025-04-02T07:00:57.776+0000] {taskinstance.py:3134} INFO - Exporting env vars: AIRFLOW_CTX_DAG_OWNER='***' AIRFLOW_CTX_DAG_ID='daily_weather_etl' AIRFLOW_CTX_TASK_ID='run_postgres_script' AIRFLOW_CTX_EXECUTION_DATE='2025-04-01T07:00:00+00:00' AIRFLOW_CTX_TRY_NUMBER='1' AIRFLOW_CTX_DAG_RUN_ID='scheduled__2025-04-01T07:00:00+00:00'
[2025-04-02T07:00:57.779+0000] {logging_mixin.py:190} INFO - Task instance is in running state
[2025-04-02T07:00:57.781+0000] {logging_mixin.py:190} INFO -  Previous state of the Task instance: queued
[2025-04-02T07:00:57.782+0000] {logging_mixin.py:190} INFO - Current task name:run_postgres_script state:running start_date:2025-04-02 07:00:57.577525+00:00
[2025-04-02T07:00:57.784+0000] {logging_mixin.py:190} INFO - Dag name:daily_weather_etl and current dag run status:running
[2025-04-02T07:00:57.786+0000] {taskinstance.py:732} INFO - ::endgroup::
[2025-04-02T07:00:57.788+0000] {subprocess.py:78} INFO - Tmp dir root location: /tmp
[2025-04-02T07:00:57.790+0000] {subprocess.py:88} INFO - Running command: ['/usr/bin/bash', '-c', 'python /opt/***/dags/postgres.py']
[2025-04-02T07:00:57.805+0000] {subprocess.py:99} INFO - Output:
[2025-04-02T07:01:01.707+0000] {subprocess.py:106} INFO - 25/04/02 07:01:01 WARN NativeCodeLoader: Unable to load native-hadoop library for your platform... using builtin-java classes where applicable
[2025-04-02T07:01:01.980+0000] {subprocess.py:106} INFO - Setting default log level to "WARN".
[2025-04-02T07:01:01.982+0000] {subprocess.py:106} INFO - To adjust logging level use sc.setLogLevel(newLevel). For SparkR, use setLogLevel(newLevel).
[2025-04-02T07:01:11.808+0000] {subprocess.py:106} INFO - [Stage 0:>                                                          (0 + 1) / 1]                                                                                [Stage 1:>                                                          (0 + 1) / 1]                                                                                +--------------------+----------+-----+-----------+--------+--------+---------+---------+-----+--------------------+
[2025-04-02T07:01:11.812+0000] {subprocess.py:106} INFO - |                city|      date| time|temperature|wind_kph|humidity|feelslike|precip_mm| text|                icon|
[2025-04-02T07:01:11.816+0000] {subprocess.py:106} INFO - +--------------------+----------+-----+-----------+--------+--------+---------+---------+-----+--------------------+
[2025-04-02T07:01:11.820+0000] {subprocess.py:106} INFO - |               elche|2025-03-31|04:00|        8.6|     8.4|      71|      8.6|      0.0|Sunny|//cdn.weatherapi....|
[2025-04-02T07:01:11.823+0000] {subprocess.py:106} INFO - |               elche|2025-03-31|09:00|       10.5|    11.1|      51|     10.5|      0.0|Sunny|//cdn.weatherapi....|
[2025-04-02T07:01:11.827+0000] {subprocess.py:106} INFO - |               elche|2025-03-31|15:00|       25.9|    11.8|      14|     25.9|      0.0|Sunny|//cdn.weatherapi....|
[2025-04-02T07:01:11.832+0000] {subprocess.py:106} INFO - |               elche|2025-03-31|22:00|       17.6|     1.3|      45|     17.6|      0.0|Sunny|//cdn.weatherapi....|
[2025-04-02T07:01:11.840+0000] {subprocess.py:106} INFO - |              madrid|2025-03-31|04:00|        8.5|    10.7|      63|      8.5|      0.0|Sunny|//cdn.weatherapi....|
[2025-04-02T07:01:11.846+0000] {subprocess.py:106} INFO - |              madrid|2025-03-31|09:00|        6.5|     9.3|      68|      6.5|      0.0|Sunny|//cdn.weatherapi....|
[2025-04-02T07:01:11.851+0000] {subprocess.py:106} INFO - |              madrid|2025-03-31|15:00|       20.1|     3.1|      36|     20.1|      0.0|Sunny|//cdn.weatherapi....|
[2025-04-02T07:01:11.855+0000] {subprocess.py:106} INFO - |              madrid|2025-03-31|22:00|       15.7|     0.4|      51|     15.7|      0.0|Sunny|//cdn.weatherapi....|
[2025-04-02T07:01:11.860+0000] {subprocess.py:106} INFO - |san juan de alicante|2025-03-31|04:00|        9.3|     4.1|      55|      9.3|      0.0|Sunny|//cdn.weatherapi....|
[2025-04-02T07:01:11.870+0000] {subprocess.py:106} INFO - |san juan de alicante|2025-03-31|09:00|       11.7|     2.4|      43|     11.7|      0.0|Sunny|//cdn.weatherapi....|
[2025-04-02T07:01:11.874+0000] {subprocess.py:106} INFO - |san juan de alicante|2025-03-31|15:00|       25.1|    14.9|      21|     25.1|      0.0|Sunny|//cdn.weatherapi....|
[2025-04-02T07:01:11.879+0000] {subprocess.py:106} INFO - |san juan de alicante|2025-03-31|22:00|       16.7|     0.4|      56|     16.7|      0.0|Sunny|//cdn.weatherapi....|
[2025-04-02T07:01:11.883+0000] {subprocess.py:106} INFO - |          torrevieja|2025-03-31|04:00|       10.5|     8.5|      81|     10.5|      0.0|Sunny|//cdn.weatherapi....|
[2025-04-02T07:01:11.886+0000] {subprocess.py:106} INFO - |          torrevieja|2025-03-31|09:00|       11.2|     9.9|      79|     11.2|      0.0|Sunny|//cdn.weatherapi....|
[2025-04-02T07:01:11.890+0000] {subprocess.py:106} INFO - |          torrevieja|2025-03-31|15:00|       22.7|    11.6|      35|     22.7|      0.0|Sunny|//cdn.weatherapi....|
[2025-04-02T07:01:11.894+0000] {subprocess.py:106} INFO - |          torrevieja|2025-03-31|22:00|       14.7|     8.7|      63|     14.7|      0.0|Sunny|//cdn.weatherapi....|
[2025-04-02T07:01:11.897+0000] {subprocess.py:106} INFO - |            valencia|2025-03-31|04:00|       10.2|     8.7|      64|     10.2|      0.0|Sunny|//cdn.weatherapi....|
[2025-04-02T07:01:11.901+0000] {subprocess.py:106} INFO - |            valencia|2025-03-31|09:00|       10.0|    10.1|      63|     10.0|      0.0|Sunny|//cdn.weatherapi....|
[2025-04-02T07:01:11.905+0000] {subprocess.py:106} INFO - |            valencia|2025-03-31|15:00|       24.6|     6.6|      32|     24.6|      0.0|Sunny|//cdn.weatherapi....|
[2025-04-02T07:01:11.908+0000] {subprocess.py:106} INFO - |            valencia|2025-03-31|22:00|       16.1|    10.3|      66|     16.1|      0.0|Sunny|//cdn.weatherapi....|
[2025-04-02T07:01:11.912+0000] {subprocess.py:106} INFO - +--------------------+----------+-----+-----------+--------+--------+---------+---------+-----+--------------------+
[2025-04-02T07:01:11.916+0000] {subprocess.py:106} INFO - 
[2025-04-02T07:01:11.919+0000] {subprocess.py:106} INFO - Datos registrados correctamente en la bbdd
[2025-04-02T07:01:12.396+0000] {subprocess.py:110} INFO - Command exited with return code 0
[2025-04-02T07:01:12.430+0000] {taskinstance.py:341} INFO - ::group::Post task execution logs
[2025-04-02T07:01:12.431+0000] {taskinstance.py:353} INFO - Marking task as SUCCESS. dag_id=daily_weather_etl, task_id=run_postgres_script, run_id=scheduled__2025-04-01T07:00:00+00:00, execution_date=20250401T070000, start_date=20250402T070057, end_date=20250402T070112
[2025-04-02T07:01:12.462+0000] {logging_mixin.py:190} INFO - Task instance in success state
[2025-04-02T07:01:12.464+0000] {logging_mixin.py:190} INFO -  Previous state of the Task instance: running
[2025-04-02T07:01:12.465+0000] {logging_mixin.py:190} INFO - Dag name:daily_weather_etl queued_at:2025-04-02 07:00:00.482397+00:00
[2025-04-02T07:01:12.467+0000] {logging_mixin.py:190} INFO - Task hostname:3c3c1f66214b operator:BashOperator
[2025-04-02T07:01:12.517+0000] {local_task_job_runner.py:266} INFO - Task exited with return code 0
[2025-04-02T07:01:12.536+0000] {taskinstance.py:3901} INFO - 0 downstream tasks scheduled from follow-on schedule check
[2025-04-02T07:01:12.540+0000] {local_task_job_runner.py:245} INFO - ::endgroup::
