[2025-03-31T07:18:29.487+0000] {local_task_job_runner.py:123} INFO - ::group::Pre task execution logs
[2025-03-31T07:18:29.655+0000] {taskinstance.py:2614} INFO - Dependencies all met for dep_context=non-requeueable deps ti=<TaskInstance: daily_weather_etl.run_minio_script scheduled__2025-03-29T09:00:00+00:00 [queued]>
[2025-03-31T07:18:29.671+0000] {taskinstance.py:2614} INFO - Dependencies all met for dep_context=requeueable deps ti=<TaskInstance: daily_weather_etl.run_minio_script scheduled__2025-03-29T09:00:00+00:00 [queued]>
[2025-03-31T07:18:29.675+0000] {taskinstance.py:2867} INFO - Starting attempt 1 of 2
[2025-03-31T07:18:29.694+0000] {taskinstance.py:2890} INFO - Executing <Task(BashOperator): run_minio_script> on 2025-03-29 09:00:00+00:00
[2025-03-31T07:18:29.703+0000] {standard_task_runner.py:72} INFO - Started process 11278 to run task
[2025-03-31T07:18:29.709+0000] {standard_task_runner.py:104} INFO - Running: ['***', 'tasks', 'run', 'daily_weather_etl', 'run_minio_script', 'scheduled__2025-03-29T09:00:00+00:00', '--job-id', '200', '--raw', '--subdir', 'DAGS_FOLDER/weather_dag.py', '--cfg-path', '/tmp/tmpbfy_9ykg']
[2025-03-31T07:18:29.712+0000] {standard_task_runner.py:105} INFO - Job 200: Subtask run_minio_script
[2025-03-31T07:18:29.783+0000] {task_command.py:467} INFO - Running <TaskInstance: daily_weather_etl.run_minio_script scheduled__2025-03-29T09:00:00+00:00 [running]> on host 3c3c1f66214b
[2025-03-31T07:18:29.908+0000] {taskinstance.py:3134} INFO - Exporting env vars: AIRFLOW_CTX_DAG_OWNER='***' AIRFLOW_CTX_DAG_ID='daily_weather_etl' AIRFLOW_CTX_TASK_ID='run_minio_script' AIRFLOW_CTX_EXECUTION_DATE='2025-03-29T09:00:00+00:00' AIRFLOW_CTX_TRY_NUMBER='1' AIRFLOW_CTX_DAG_RUN_ID='scheduled__2025-03-29T09:00:00+00:00'
[2025-03-31T07:18:29.911+0000] {logging_mixin.py:190} INFO - Task instance is in running state
[2025-03-31T07:18:29.913+0000] {logging_mixin.py:190} INFO -  Previous state of the Task instance: queued
[2025-03-31T07:18:29.914+0000] {logging_mixin.py:190} INFO - Current task name:run_minio_script state:running start_date:2025-03-31 07:18:29.657399+00:00
[2025-03-31T07:18:29.916+0000] {logging_mixin.py:190} INFO - Dag name:daily_weather_etl and current dag run status:running
[2025-03-31T07:18:29.918+0000] {taskinstance.py:732} INFO - ::endgroup::
[2025-03-31T07:18:29.920+0000] {subprocess.py:78} INFO - Tmp dir root location: /tmp
[2025-03-31T07:18:29.922+0000] {subprocess.py:88} INFO - Running command: ['/usr/bin/bash', '-c', 'python /opt/***/dags/minio.py']
[2025-03-31T07:18:29.938+0000] {subprocess.py:99} INFO - Output:
[2025-03-31T07:18:33.706+0000] {subprocess.py:106} INFO - Setting default log level to "WARN".
[2025-03-31T07:18:33.708+0000] {subprocess.py:106} INFO - To adjust logging level use sc.setLogLevel(newLevel). For SparkR, use setLogLevel(newLevel).
[2025-03-31T07:18:34.010+0000] {subprocess.py:106} INFO - 25/03/31 07:18:34 WARN NativeCodeLoader: Unable to load native-hadoop library for your platform... using builtin-java classes where applicable
[2025-03-31T07:18:53.481+0000] {subprocess.py:106} INFO - [Stage 0:>                                                          (0 + 8) / 8]                                                                                +-----+----------+-----+-----------+--------+--------+---------+---------+-------------+----------------------------------------------+
[2025-03-31T07:18:53.484+0000] {subprocess.py:106} INFO - |city |date      |time |temperature|wind_kph|humidity|feelslike|precip_mm|text         |icon                                          |
[2025-03-31T07:18:53.487+0000] {subprocess.py:106} INFO - +-----+----------+-----+-----------+--------+--------+---------+---------+-------------+----------------------------------------------+
[2025-03-31T07:18:53.490+0000] {subprocess.py:106} INFO - |elche|2025-03-28|04:00|10.7       |9.1     |83      |10.7     |0.0      |Sunny        |//cdn.weatherapi.com/weather/64x64/day/113.png|
[2025-03-31T07:18:53.493+0000] {subprocess.py:106} INFO - |elche|2025-03-28|15:00|23.0       |14.8    |25      |23.0     |0.0      |Sunny        |//cdn.weatherapi.com/weather/64x64/day/113.png|
[2025-03-31T07:18:53.495+0000] {subprocess.py:106} INFO - |elche|2025-03-28|09:00|12.0       |14.2    |61      |12.0     |0.0      |Partly Cloudy|//cdn.weatherapi.com/weather/64x64/day/116.png|
[2025-03-31T07:18:53.497+0000] {subprocess.py:106} INFO - |elche|2025-03-28|22:00|11.9       |5.5     |91      |11.9     |0.0      |Sunny        |//cdn.weatherapi.com/weather/64x64/day/113.png|
[2025-03-31T07:18:53.499+0000] {subprocess.py:106} INFO - |elche|2025-03-29|09:00|13.4       |20.8    |40      |13.4     |0.0      |Sunny        |//cdn.weatherapi.com/weather/64x64/day/113.png|
[2025-03-31T07:18:53.501+0000] {subprocess.py:106} INFO - |elche|2025-03-29|04:00|14.1       |14.7    |45      |14.1     |0.0      |Sunny        |//cdn.weatherapi.com/weather/64x64/day/113.png|
[2025-03-31T07:18:53.509+0000] {subprocess.py:106} INFO - |elche|2025-03-29|22:00|13.3       |3.6     |59      |13.3     |0.0      |Sunny        |//cdn.weatherapi.com/weather/64x64/day/113.png|
[2025-03-31T07:18:53.511+0000] {subprocess.py:106} INFO - |elche|2025-03-29|15:00|24.1       |17.2    |16      |24.1     |0.0      |Sunny        |//cdn.weatherapi.com/weather/64x64/day/113.png|
[2025-03-31T07:18:53.513+0000] {subprocess.py:106} INFO - +-----+----------+-----+-----------+--------+--------+---------+---------+-------------+----------------------------------------------+
[2025-03-31T07:18:53.517+0000] {subprocess.py:106} INFO - 
[2025-03-31T07:18:53.523+0000] {subprocess.py:106} INFO - +------+----------+-----+-----------+--------+--------+---------+---------+------------+----------------------------------------------+
[2025-03-31T07:18:53.527+0000] {subprocess.py:106} INFO - |city  |date      |time |temperature|wind_kph|humidity|feelslike|precip_mm|text        |icon                                          |
[2025-03-31T07:18:53.531+0000] {subprocess.py:106} INFO - +------+----------+-----+-----------+--------+--------+---------+---------+------------+----------------------------------------------+
[2025-03-31T07:18:53.534+0000] {subprocess.py:106} INFO - |madrid|2025-03-28|22:00|11.0       |2.7     |68      |11.0     |0.0      |Sunny       |//cdn.weatherapi.com/weather/64x64/day/113.png|
[2025-03-31T07:18:53.536+0000] {subprocess.py:106} INFO - |madrid|2025-03-28|04:00|7.6        |4.6     |80      |7.6      |0.0      |Mostly Clear|//cdn.weatherapi.com/weather/64x64/day/116.png|
[2025-03-31T07:18:53.539+0000] {subprocess.py:106} INFO - |madrid|2025-03-28|09:00|4.6        |7.3     |89      |4.6      |0.0      |Sunny       |//cdn.weatherapi.com/weather/64x64/day/113.png|
[2025-03-31T07:18:53.549+0000] {subprocess.py:106} INFO - |madrid|2025-03-28|15:00|15.6       |1.6     |48      |15.6     |0.0      |Mostly Clear|//cdn.weatherapi.com/weather/64x64/day/116.png|
[2025-03-31T07:18:53.556+0000] {subprocess.py:106} INFO - |madrid|2025-03-29|22:00|10.0       |16.2    |53      |10.0     |0.0      |Sunny       |//cdn.weatherapi.com/weather/64x64/day/113.png|
[2025-03-31T07:18:53.561+0000] {subprocess.py:106} INFO - |madrid|2025-03-29|09:00|5.5        |5.1     |79      |5.5      |0.0      |Sunny       |//cdn.weatherapi.com/weather/64x64/day/113.png|
[2025-03-31T07:18:53.567+0000] {subprocess.py:106} INFO - |madrid|2025-03-29|15:00|15.8       |4.6     |47      |15.8     |0.0      |Sunny       |//cdn.weatherapi.com/weather/64x64/day/113.png|
[2025-03-31T07:18:53.576+0000] {subprocess.py:106} INFO - |madrid|2025-03-29|04:00|7.7        |5.7     |75      |7.7      |0.0      |Sunny       |//cdn.weatherapi.com/weather/64x64/day/113.png|
[2025-03-31T07:18:53.577+0000] {subprocess.py:106} INFO - +------+----------+-----+-----------+--------+--------+---------+---------+------------+----------------------------------------------+
[2025-03-31T07:18:53.580+0000] {subprocess.py:106} INFO - 
[2025-03-31T07:18:53.581+0000] {subprocess.py:106} INFO - +--------------------+----------+-----+-----------+--------+--------+---------+---------+----------------+----------------------------------------------+
[2025-03-31T07:18:53.583+0000] {subprocess.py:106} INFO - |city                |date      |time |temperature|wind_kph|humidity|feelslike|precip_mm|text            |icon                                          |
[2025-03-31T07:18:53.585+0000] {subprocess.py:106} INFO - +--------------------+----------+-----+-----------+--------+--------+---------+---------+----------------+----------------------------------------------+
[2025-03-31T07:18:53.593+0000] {subprocess.py:106} INFO - |san juan de alicante|2025-03-28|04:00|9.5        |8.2     |74      |9.5      |0.0      |Sunny           |//cdn.weatherapi.com/weather/64x64/day/113.png|
[2025-03-31T07:18:53.596+0000] {subprocess.py:106} INFO - |san juan de alicante|2025-03-28|22:00|12.0       |3.7     |85      |12.0     |0.0      |Sunny           |//cdn.weatherapi.com/weather/64x64/day/113.png|
[2025-03-31T07:18:53.599+0000] {subprocess.py:106} INFO - |san juan de alicante|2025-03-28|09:00|9.9        |5.6     |76      |9.9      |0.0      |Cloudy          |//cdn.weatherapi.com/weather/64x64/day/119.png|
[2025-03-31T07:18:53.603+0000] {subprocess.py:106} INFO - |san juan de alicante|2025-03-28|15:00|18.4       |12.3    |67      |18.4     |0.5      |Moderate Drizzle|//cdn.weatherapi.com/weather/64x64/day/176.png|
[2025-03-31T07:18:53.612+0000] {subprocess.py:106} INFO - |san juan de alicante|2025-03-29|09:00|12.7       |15.7    |45      |12.7     |0.0      |Sunny           |//cdn.weatherapi.com/weather/64x64/day/113.png|
[2025-03-31T07:18:53.615+0000] {subprocess.py:106} INFO - |san juan de alicante|2025-03-29|22:00|12.8       |3.4     |68      |12.8     |0.0      |Sunny           |//cdn.weatherapi.com/weather/64x64/day/113.png|
[2025-03-31T07:18:53.617+0000] {subprocess.py:106} INFO - |san juan de alicante|2025-03-29|04:00|10.1       |8.4     |67      |10.1     |0.0      |Sunny           |//cdn.weatherapi.com/weather/64x64/day/113.png|
[2025-03-31T07:18:53.627+0000] {subprocess.py:106} INFO - |san juan de alicante|2025-03-29|15:00|22.7       |4.5     |23      |22.7     |0.0      |Sunny           |//cdn.weatherapi.com/weather/64x64/day/113.png|
[2025-03-31T07:18:53.629+0000] {subprocess.py:106} INFO - +--------------------+----------+-----+-----------+--------+--------+---------+---------+----------------+----------------------------------------------+
[2025-03-31T07:18:53.630+0000] {subprocess.py:106} INFO - 
[2025-03-31T07:18:53.633+0000] {subprocess.py:106} INFO - +----------+----------+-----+-----------+--------+--------+---------+---------+------------+----------------------------------------------+
[2025-03-31T07:18:53.634+0000] {subprocess.py:106} INFO - |city      |date      |time |temperature|wind_kph|humidity|feelslike|precip_mm|text        |icon                                          |
[2025-03-31T07:18:53.636+0000] {subprocess.py:106} INFO - +----------+----------+-----+-----------+--------+--------+---------+---------+------------+----------------------------------------------+
[2025-03-31T07:18:53.642+0000] {subprocess.py:106} INFO - |torrevieja|2025-03-28|15:00|21.8       |10.5    |36      |21.8     |0.0      |Mostly Clear|//cdn.weatherapi.com/weather/64x64/day/116.png|
[2025-03-31T07:18:53.643+0000] {subprocess.py:106} INFO - |torrevieja|2025-03-28|09:00|11.4       |15.9    |79      |11.4     |0.0      |Sunny       |//cdn.weatherapi.com/weather/64x64/day/113.png|
[2025-03-31T07:18:53.645+0000] {subprocess.py:106} INFO - |torrevieja|2025-03-28|22:00|13.7       |7.6     |89      |13.7     |0.0      |Sunny       |//cdn.weatherapi.com/weather/64x64/day/113.png|
[2025-03-31T07:18:53.646+0000] {subprocess.py:106} INFO - |torrevieja|2025-03-28|04:00|12.1       |10.0    |94      |12.1     |0.0      |Sunny       |//cdn.weatherapi.com/weather/64x64/day/113.png|
[2025-03-31T07:18:53.648+0000] {subprocess.py:106} INFO - |torrevieja|2025-03-29|15:00|22.5       |11.0    |32      |22.5     |0.0      |Sunny       |//cdn.weatherapi.com/weather/64x64/day/113.png|
[2025-03-31T07:18:53.650+0000] {subprocess.py:106} INFO - |torrevieja|2025-03-29|22:00|13.9       |4.7     |75      |13.9     |0.0      |Sunny       |//cdn.weatherapi.com/weather/64x64/day/113.png|
[2025-03-31T07:18:53.660+0000] {subprocess.py:106} INFO - |torrevieja|2025-03-29|04:00|13.7       |17.9    |57      |13.7     |0.0      |Sunny       |//cdn.weatherapi.com/weather/64x64/day/113.png|
[2025-03-31T07:18:53.664+0000] {subprocess.py:106} INFO - |torrevieja|2025-03-29|09:00|12.5       |17.7    |60      |12.5     |0.0      |Sunny       |//cdn.weatherapi.com/weather/64x64/day/113.png|
[2025-03-31T07:18:53.680+0000] {subprocess.py:106} INFO - +----------+----------+-----+-----------+--------+--------+---------+---------+------------+----------------------------------------------+
[2025-03-31T07:18:53.682+0000] {subprocess.py:106} INFO - 
[2025-03-31T07:19:04.856+0000] {subprocess.py:106} INFO - [Stage 58:>                                                         (0 + 1) / 1]                                                                                +--------+----------+-----+-----------+--------+--------+---------+---------+------------+----------------------------------------------+
[2025-03-31T07:19:04.858+0000] {subprocess.py:106} INFO - |city    |date      |time |temperature|wind_kph|humidity|feelslike|precip_mm|text        |icon                                          |
[2025-03-31T07:19:04.860+0000] {subprocess.py:106} INFO - +--------+----------+-----+-----------+--------+--------+---------+---------+------------+----------------------------------------------+
[2025-03-31T07:19:04.861+0000] {subprocess.py:106} INFO - |valencia|2025-03-28|09:00|10.0       |8.1     |75      |10.0     |0.0      |Sunny       |//cdn.weatherapi.com/weather/64x64/day/113.png|
[2025-03-31T07:19:04.863+0000] {subprocess.py:106} INFO - |valencia|2025-03-28|22:00|13.1       |6.8     |71      |13.1     |0.0      |Sunny       |//cdn.weatherapi.com/weather/64x64/day/113.png|
[2025-03-31T07:19:04.865+0000] {subprocess.py:106} INFO - |valencia|2025-03-28|04:00|10.3       |7.3     |86      |10.3     |0.0      |Mostly Clear|//cdn.weatherapi.com/weather/64x64/day/116.png|
[2025-03-31T07:19:04.867+0000] {subprocess.py:106} INFO - |valencia|2025-03-28|15:00|17.9       |6.5     |41      |17.9     |0.0      |Sunny       |//cdn.weatherapi.com/weather/64x64/day/113.png|
[2025-03-31T07:19:04.870+0000] {subprocess.py:106} INFO - |valencia|2025-03-29|04:00|10.9       |7.4     |60      |10.9     |0.0      |Mostly Clear|//cdn.weatherapi.com/weather/64x64/day/116.png|
[2025-03-31T07:19:04.871+0000] {subprocess.py:106} INFO - |valencia|2025-03-29|09:00|10.6       |8.6     |60      |10.6     |0.0      |Mostly Clear|//cdn.weatherapi.com/weather/64x64/day/116.png|
[2025-03-31T07:19:04.873+0000] {subprocess.py:106} INFO - |valencia|2025-03-29|22:00|14.2       |6.6     |31      |14.2     |0.0      |Sunny       |//cdn.weatherapi.com/weather/64x64/day/113.png|
[2025-03-31T07:19:04.875+0000] {subprocess.py:106} INFO - |valencia|2025-03-29|15:00|21.5       |18.2    |24      |21.5     |0.0      |Sunny       |//cdn.weatherapi.com/weather/64x64/day/113.png|
[2025-03-31T07:19:04.876+0000] {subprocess.py:106} INFO - +--------+----------+-----+-----------+--------+--------+---------+---------+------------+----------------------------------------------+
[2025-03-31T07:19:04.878+0000] {subprocess.py:106} INFO - 
[2025-03-31T07:19:04.879+0000] {subprocess.py:106} INFO - +--------------------+----------+-----+-----------+--------+--------+---------+---------+----------------+--------------------+
[2025-03-31T07:19:04.881+0000] {subprocess.py:106} INFO - |                city|      date| time|temperature|wind_kph|humidity|feelslike|precip_mm|            text|                icon|
[2025-03-31T07:19:04.883+0000] {subprocess.py:106} INFO - +--------------------+----------+-----+-----------+--------+--------+---------+---------+----------------+--------------------+
[2025-03-31T07:19:04.885+0000] {subprocess.py:106} INFO - |               elche|2025-03-28|04:00|       10.7|     9.1|      83|     10.7|      0.0|           Sunny|//cdn.weatherapi....|
[2025-03-31T07:19:04.887+0000] {subprocess.py:106} INFO - |               elche|2025-03-28|09:00|       12.0|    14.2|      61|     12.0|      0.0|   Partly Cloudy|//cdn.weatherapi....|
[2025-03-31T07:19:04.888+0000] {subprocess.py:106} INFO - |               elche|2025-03-28|15:00|       23.0|    14.8|      25|     23.0|      0.0|           Sunny|//cdn.weatherapi....|
[2025-03-31T07:19:04.890+0000] {subprocess.py:106} INFO - |               elche|2025-03-28|22:00|       11.9|     5.5|      91|     11.9|      0.0|           Sunny|//cdn.weatherapi....|
[2025-03-31T07:19:04.892+0000] {subprocess.py:106} INFO - |               elche|2025-03-29|04:00|       14.1|    14.7|      45|     14.1|      0.0|           Sunny|//cdn.weatherapi....|
[2025-03-31T07:19:04.893+0000] {subprocess.py:106} INFO - |               elche|2025-03-29|09:00|       13.4|    20.8|      40|     13.4|      0.0|           Sunny|//cdn.weatherapi....|
[2025-03-31T07:19:04.894+0000] {subprocess.py:106} INFO - |               elche|2025-03-29|15:00|       24.1|    17.2|      16|     24.1|      0.0|           Sunny|//cdn.weatherapi....|
[2025-03-31T07:19:04.896+0000] {subprocess.py:106} INFO - |               elche|2025-03-29|22:00|       13.3|     3.6|      59|     13.3|      0.0|           Sunny|//cdn.weatherapi....|
[2025-03-31T07:19:04.897+0000] {subprocess.py:106} INFO - |              madrid|2025-03-28|04:00|        7.6|     4.6|      80|      7.6|      0.0|    Mostly Clear|//cdn.weatherapi....|
[2025-03-31T07:19:04.902+0000] {subprocess.py:106} INFO - |              madrid|2025-03-28|09:00|        4.6|     7.3|      89|      4.6|      0.0|           Sunny|//cdn.weatherapi....|
[2025-03-31T07:19:04.904+0000] {subprocess.py:106} INFO - |              madrid|2025-03-28|15:00|       15.6|     1.6|      48|     15.6|      0.0|    Mostly Clear|//cdn.weatherapi....|
[2025-03-31T07:19:04.905+0000] {subprocess.py:106} INFO - |              madrid|2025-03-28|22:00|       11.0|     2.7|      68|     11.0|      0.0|           Sunny|//cdn.weatherapi....|
[2025-03-31T07:19:04.907+0000] {subprocess.py:106} INFO - |              madrid|2025-03-29|04:00|        7.7|     5.7|      75|      7.7|      0.0|           Sunny|//cdn.weatherapi....|
[2025-03-31T07:19:04.909+0000] {subprocess.py:106} INFO - |              madrid|2025-03-29|09:00|        5.5|     5.1|      79|      5.5|      0.0|           Sunny|//cdn.weatherapi....|
[2025-03-31T07:19:04.911+0000] {subprocess.py:106} INFO - |              madrid|2025-03-29|15:00|       15.8|     4.6|      47|     15.8|      0.0|           Sunny|//cdn.weatherapi....|
[2025-03-31T07:19:04.913+0000] {subprocess.py:106} INFO - |              madrid|2025-03-29|22:00|       10.0|    16.2|      53|     10.0|      0.0|           Sunny|//cdn.weatherapi....|
[2025-03-31T07:19:04.915+0000] {subprocess.py:106} INFO - |san juan de alicante|2025-03-28|04:00|        9.5|     8.2|      74|      9.5|      0.0|           Sunny|//cdn.weatherapi....|
[2025-03-31T07:19:04.918+0000] {subprocess.py:106} INFO - |san juan de alicante|2025-03-28|09:00|        9.9|     5.6|      76|      9.9|      0.0|          Cloudy|//cdn.weatherapi....|
[2025-03-31T07:19:04.920+0000] {subprocess.py:106} INFO - |san juan de alicante|2025-03-28|15:00|       18.4|    12.3|      67|     18.4|      0.5|Moderate Drizzle|//cdn.weatherapi....|
[2025-03-31T07:19:04.921+0000] {subprocess.py:106} INFO - |san juan de alicante|2025-03-28|22:00|       12.0|     3.7|      85|     12.0|      0.0|           Sunny|//cdn.weatherapi....|
[2025-03-31T07:19:04.923+0000] {subprocess.py:106} INFO - +--------------------+----------+-----+-----------+--------+--------+---------+---------+----------------+--------------------+
[2025-03-31T07:19:04.925+0000] {subprocess.py:106} INFO - only showing top 20 rows
[2025-03-31T07:19:04.927+0000] {subprocess.py:106} INFO - 
[2025-03-31T07:19:04.928+0000] {subprocess.py:106} INFO - Nombre de la carpeta: 2025-03-28
[2025-03-31T07:19:04.930+0000] {subprocess.py:106} INFO - Archivo Parquet generado: /tmp/tmpaobf_u3s/2025-03-28/part-00000-e6c52db3-95f2-46e7-9dcb-9b9c4ae59013-c000.snappy.parquet
[2025-03-31T07:19:04.932+0000] {subprocess.py:106} INFO - Archivo subido correctamente a MinIO en: 2025-03-28/2025-03-28.parquet
[2025-03-31T07:19:05.470+0000] {subprocess.py:110} INFO - Command exited with return code 0
[2025-03-31T07:19:05.524+0000] {taskinstance.py:341} INFO - ::group::Post task execution logs
[2025-03-31T07:19:05.527+0000] {taskinstance.py:353} INFO - Marking task as SUCCESS. dag_id=daily_weather_etl, task_id=run_minio_script, run_id=scheduled__2025-03-29T09:00:00+00:00, execution_date=20250329T090000, start_date=20250331T071829, end_date=20250331T071905
[2025-03-31T07:19:05.564+0000] {logging_mixin.py:190} INFO - Task instance in success state
[2025-03-31T07:19:05.567+0000] {logging_mixin.py:190} INFO -  Previous state of the Task instance: running
[2025-03-31T07:19:05.569+0000] {logging_mixin.py:190} INFO - Dag name:daily_weather_etl queued_at:2025-03-31 07:18:13.993947+00:00
[2025-03-31T07:19:05.570+0000] {logging_mixin.py:190} INFO - Task hostname:3c3c1f66214b operator:BashOperator
[2025-03-31T07:19:05.592+0000] {local_task_job_runner.py:266} INFO - Task exited with return code 0
[2025-03-31T07:19:05.637+0000] {taskinstance.py:3901} INFO - 1 downstream tasks scheduled from follow-on schedule check
[2025-03-31T07:19:05.640+0000] {local_task_job_runner.py:245} INFO - ::endgroup::
