[2025-04-09T09:32:56.049+0000] {local_task_job_runner.py:123} INFO - ::group::Pre task execution logs
[2025-04-09T09:32:56.220+0000] {taskinstance.py:2614} INFO - Dependencies all met for dep_context=non-requeueable deps ti=<TaskInstance: daily_weather_etl.run_postgres_script manual__2025-04-09T09:32:24.235287+00:00 [queued]>
[2025-04-09T09:32:56.231+0000] {taskinstance.py:2614} INFO - Dependencies all met for dep_context=requeueable deps ti=<TaskInstance: daily_weather_etl.run_postgres_script manual__2025-04-09T09:32:24.235287+00:00 [queued]>
[2025-04-09T09:32:56.232+0000] {taskinstance.py:2867} INFO - Starting attempt 1 of 2
[2025-04-09T09:32:56.245+0000] {taskinstance.py:2890} INFO - Executing <Task(BashOperator): run_postgres_script> on 2025-04-09 09:32:24.235287+00:00
[2025-04-09T09:32:56.251+0000] {standard_task_runner.py:72} INFO - Started process 12431 to run task
[2025-04-09T09:32:56.255+0000] {standard_task_runner.py:104} INFO - Running: ['***', 'tasks', 'run', 'daily_weather_etl', 'run_postgres_script', 'manual__2025-04-09T09:32:24.235287+00:00', '--job-id', '264', '--raw', '--subdir', 'DAGS_FOLDER/weather_dag.py', '--cfg-path', '/tmp/tmp__rvospg']
[2025-04-09T09:32:56.257+0000] {standard_task_runner.py:105} INFO - Job 264: Subtask run_postgres_script
[2025-04-09T09:32:56.298+0000] {task_command.py:467} INFO - Running <TaskInstance: daily_weather_etl.run_postgres_script manual__2025-04-09T09:32:24.235287+00:00 [running]> on host 3c3c1f66214b
[2025-04-09T09:32:56.370+0000] {taskinstance.py:3134} INFO - Exporting env vars: AIRFLOW_CTX_DAG_OWNER='***' AIRFLOW_CTX_DAG_ID='daily_weather_etl' AIRFLOW_CTX_TASK_ID='run_postgres_script' AIRFLOW_CTX_EXECUTION_DATE='2025-04-09T09:32:24.235287+00:00' AIRFLOW_CTX_TRY_NUMBER='1' AIRFLOW_CTX_DAG_RUN_ID='manual__2025-04-09T09:32:24.235287+00:00'
[2025-04-09T09:32:56.372+0000] {logging_mixin.py:190} INFO - Task instance is in running state
[2025-04-09T09:32:56.373+0000] {logging_mixin.py:190} INFO -  Previous state of the Task instance: queued
[2025-04-09T09:32:56.374+0000] {logging_mixin.py:190} INFO - Current task name:run_postgres_script state:running start_date:2025-04-09 09:32:56.221902+00:00
[2025-04-09T09:32:56.374+0000] {logging_mixin.py:190} INFO - Dag name:daily_weather_etl and current dag run status:running
[2025-04-09T09:32:56.375+0000] {taskinstance.py:732} INFO - ::endgroup::
[2025-04-09T09:32:56.376+0000] {subprocess.py:78} INFO - Tmp dir root location: /tmp
[2025-04-09T09:32:56.378+0000] {subprocess.py:88} INFO - Running command: ['/usr/bin/bash', '-c', 'python /opt/***/dags/postgres.py']
[2025-04-09T09:32:56.389+0000] {subprocess.py:99} INFO - Output:
[2025-04-09T09:32:59.036+0000] {subprocess.py:106} INFO - 25/04/09 09:32:59 WARN NativeCodeLoader: Unable to load native-hadoop library for your platform... using builtin-java classes where applicable
[2025-04-09T09:32:59.209+0000] {subprocess.py:106} INFO - Setting default log level to "WARN".
[2025-04-09T09:32:59.211+0000] {subprocess.py:106} INFO - To adjust logging level use sc.setLogLevel(newLevel). For SparkR, use setLogLevel(newLevel).
[2025-04-09T09:33:00.783+0000] {subprocess.py:106} INFO - Error: No hay carpetas disponibles
[2025-04-09T09:33:01.261+0000] {subprocess.py:110} INFO - Command exited with return code 0
[2025-04-09T09:33:01.290+0000] {taskinstance.py:341} INFO - ::group::Post task execution logs
[2025-04-09T09:33:01.292+0000] {taskinstance.py:353} INFO - Marking task as SUCCESS. dag_id=daily_weather_etl, task_id=run_postgres_script, run_id=manual__2025-04-09T09:32:24.235287+00:00, execution_date=20250409T093224, start_date=20250409T093256, end_date=20250409T093301
[2025-04-09T09:33:01.318+0000] {logging_mixin.py:190} INFO - Task instance in success state
[2025-04-09T09:33:01.320+0000] {logging_mixin.py:190} INFO -  Previous state of the Task instance: running
[2025-04-09T09:33:01.321+0000] {logging_mixin.py:190} INFO - Dag name:daily_weather_etl queued_at:2025-04-09 09:32:24.250524+00:00
[2025-04-09T09:33:01.322+0000] {logging_mixin.py:190} INFO - Task hostname:3c3c1f66214b operator:BashOperator
[2025-04-09T09:33:01.340+0000] {local_task_job_runner.py:266} INFO - Task exited with return code 0
[2025-04-09T09:33:01.355+0000] {taskinstance.py:3901} INFO - 0 downstream tasks scheduled from follow-on schedule check
[2025-04-09T09:33:01.357+0000] {local_task_job_runner.py:245} INFO - ::endgroup::
