[2025-04-17T07:00:46.943+0000] {local_task_job_runner.py:123} INFO - ::group::Pre task execution logs
[2025-04-17T07:00:47.094+0000] {taskinstance.py:2614} INFO - Dependencies all met for dep_context=non-requeueable deps ti=<TaskInstance: daily_weather_etl.run_postgres_script scheduled__2025-04-16T07:00:00+00:00 [queued]>
[2025-04-17T07:00:47.106+0000] {taskinstance.py:2614} INFO - Dependencies all met for dep_context=requeueable deps ti=<TaskInstance: daily_weather_etl.run_postgres_script scheduled__2025-04-16T07:00:00+00:00 [queued]>
[2025-04-17T07:00:47.109+0000] {taskinstance.py:2867} INFO - Starting attempt 1 of 2
[2025-04-17T07:00:47.124+0000] {taskinstance.py:2890} INFO - Executing <Task(BashOperator): run_postgres_script> on 2025-04-16 07:00:00+00:00
[2025-04-17T07:00:47.131+0000] {standard_task_runner.py:72} INFO - Started process 2088 to run task
[2025-04-17T07:00:47.135+0000] {standard_task_runner.py:104} INFO - Running: ['***', 'tasks', 'run', 'daily_weather_etl', 'run_postgres_script', 'scheduled__2025-04-16T07:00:00+00:00', '--job-id', '338', '--raw', '--subdir', 'DAGS_FOLDER/weather_dag.py', '--cfg-path', '/tmp/tmph0owonrg']
[2025-04-17T07:00:47.137+0000] {standard_task_runner.py:105} INFO - Job 338: Subtask run_postgres_script
[2025-04-17T07:00:47.191+0000] {task_command.py:467} INFO - Running <TaskInstance: daily_weather_etl.run_postgres_script scheduled__2025-04-16T07:00:00+00:00 [running]> on host 3c3c1f66214b
[2025-04-17T07:00:47.271+0000] {taskinstance.py:3134} INFO - Exporting env vars: AIRFLOW_CTX_DAG_OWNER='***' AIRFLOW_CTX_DAG_ID='daily_weather_etl' AIRFLOW_CTX_TASK_ID='run_postgres_script' AIRFLOW_CTX_EXECUTION_DATE='2025-04-16T07:00:00+00:00' AIRFLOW_CTX_TRY_NUMBER='1' AIRFLOW_CTX_DAG_RUN_ID='scheduled__2025-04-16T07:00:00+00:00'
[2025-04-17T07:00:47.273+0000] {logging_mixin.py:190} INFO - Task instance is in running state
[2025-04-17T07:00:47.274+0000] {logging_mixin.py:190} INFO -  Previous state of the Task instance: queued
[2025-04-17T07:00:47.275+0000] {logging_mixin.py:190} INFO - Current task name:run_postgres_script state:running start_date:2025-04-17 07:00:47.096363+00:00
[2025-04-17T07:00:47.276+0000] {logging_mixin.py:190} INFO - Dag name:daily_weather_etl and current dag run status:running
[2025-04-17T07:00:47.278+0000] {taskinstance.py:732} INFO - ::endgroup::
[2025-04-17T07:00:47.280+0000] {subprocess.py:78} INFO - Tmp dir root location: /tmp
[2025-04-17T07:00:47.281+0000] {subprocess.py:88} INFO - Running command: ['/usr/bin/bash', '-c', 'python /opt/***/dags/postgres.py']
[2025-04-17T07:00:47.294+0000] {subprocess.py:99} INFO - Output:
[2025-04-17T07:00:49.932+0000] {subprocess.py:106} INFO - 25/04/17 07:00:49 WARN NativeCodeLoader: Unable to load native-hadoop library for your platform... using builtin-java classes where applicable
[2025-04-17T07:00:50.097+0000] {subprocess.py:106} INFO - Setting default log level to "WARN".
[2025-04-17T07:00:50.099+0000] {subprocess.py:106} INFO - To adjust logging level use sc.setLogLevel(newLevel). For SparkR, use setLogLevel(newLevel).
[2025-04-17T07:00:57.347+0000] {subprocess.py:106} INFO - +--------------------+-------------------+-----------+--------+--------+---------+---------+-------------+
[2025-04-17T07:00:57.349+0000] {subprocess.py:106} INFO - |                city|         local_time|temperature|wind_kph|humidity|feelslike|precip_mm|         text|
[2025-04-17T07:00:57.350+0000] {subprocess.py:106} INFO - +--------------------+-------------------+-----------+--------+--------+---------+---------+-------------+
[2025-04-17T07:00:57.350+0000] {subprocess.py:106} INFO - |               elche|2025-04-15 04:00:00|       14.8|     7.2|      63|     14.8|      0.0|       Cloudy|
[2025-04-17T07:00:57.351+0000] {subprocess.py:106} INFO - |               elche|2025-04-15 09:00:00|       15.6|    12.8|      58|     15.6|      0.0|       Cloudy|
[2025-04-17T07:00:57.352+0000] {subprocess.py:106} INFO - |               elche|2025-04-15 15:00:00|       21.2|    15.6|      27|     21.2|      0.0| Mostly Clear|
[2025-04-17T07:00:57.354+0000] {subprocess.py:106} INFO - |               elche|2025-04-15 22:00:00|       14.0|    15.3|      48|     14.0|      0.0|        Sunny|
[2025-04-17T07:00:57.355+0000] {subprocess.py:106} INFO - |              madrid|2025-04-15 04:00:00|        7.9|    14.0|      93|      7.9|      0.2|Light Drizzle|
[2025-04-17T07:00:57.356+0000] {subprocess.py:106} INFO - |              madrid|2025-04-15 09:00:00|        6.6|    12.7|      90|      6.6|      0.0|       Cloudy|
[2025-04-17T07:00:57.357+0000] {subprocess.py:106} INFO - |              madrid|2025-04-15 15:00:00|       10.5|    15.7|      64|     10.5|      0.1|Light Drizzle|
[2025-04-17T07:00:57.359+0000] {subprocess.py:106} INFO - |              madrid|2025-04-15 22:00:00|        7.8|    10.2|      62|      7.8|      0.0|       Cloudy|
[2025-04-17T07:00:57.361+0000] {subprocess.py:106} INFO - |san juan de alicante|2025-04-15 04:00:00|       15.6|    11.0|      56|     15.6|      0.0|       Cloudy|
[2025-04-17T07:00:57.362+0000] {subprocess.py:106} INFO - |san juan de alicante|2025-04-15 09:00:00|       16.3|    16.1|      53|     16.3|      0.0|       Cloudy|
[2025-04-17T07:00:57.363+0000] {subprocess.py:106} INFO - |san juan de alicante|2025-04-15 15:00:00|       20.8|    14.5|      30|     20.8|      0.0|Partly Cloudy|
[2025-04-17T07:00:57.364+0000] {subprocess.py:106} INFO - |san juan de alicante|2025-04-15 22:00:00|       14.1|    11.6|      48|     14.1|      0.0|        Sunny|
[2025-04-17T07:00:57.365+0000] {subprocess.py:106} INFO - |          torrevieja|2025-04-15 04:00:00|       16.1|     7.6|      71|     16.1|      0.0|       Cloudy|
[2025-04-17T07:00:57.367+0000] {subprocess.py:106} INFO - |          torrevieja|2025-04-15 09:00:00|       15.6|    12.4|      72|     15.6|      0.0|       Cloudy|
[2025-04-17T07:00:57.368+0000] {subprocess.py:106} INFO - |          torrevieja|2025-04-15 15:00:00|       16.7|    18.1|      66|     16.7|      1.5|   Light Rain|
[2025-04-17T07:00:57.369+0000] {subprocess.py:106} INFO - |          torrevieja|2025-04-15 22:00:00|       14.7|    20.0|      56|     14.7|      0.0|        Sunny|
[2025-04-17T07:00:57.370+0000] {subprocess.py:106} INFO - |            valencia|2025-04-15 04:00:00|       15.8|    15.8|      60|     15.8|      0.0|       Cloudy|
[2025-04-17T07:00:57.371+0000] {subprocess.py:106} INFO - |            valencia|2025-04-15 09:00:00|       14.5|    19.3|      60|     14.5|      0.0|       Cloudy|
[2025-04-17T07:00:57.372+0000] {subprocess.py:106} INFO - |            valencia|2025-04-15 15:00:00|       20.6|    18.6|      27|     20.6|      0.0| Mostly Clear|
[2025-04-17T07:00:57.375+0000] {subprocess.py:106} INFO - |            valencia|2025-04-15 22:00:00|       14.9|    20.1|      47|     14.9|      0.0|        Sunny|
[2025-04-17T07:00:57.376+0000] {subprocess.py:106} INFO - +--------------------+-------------------+-----------+--------+--------+---------+---------+-------------+
[2025-04-17T07:00:57.378+0000] {subprocess.py:106} INFO - 
[2025-04-17T07:00:57.379+0000] {subprocess.py:106} INFO - Datos registrados correctamente en la bbdd
[2025-04-17T07:00:57.880+0000] {subprocess.py:110} INFO - Command exited with return code 0
[2025-04-17T07:00:57.902+0000] {taskinstance.py:341} INFO - ::group::Post task execution logs
[2025-04-17T07:00:57.904+0000] {taskinstance.py:353} INFO - Marking task as SUCCESS. dag_id=daily_weather_etl, task_id=run_postgres_script, run_id=scheduled__2025-04-16T07:00:00+00:00, execution_date=20250416T070000, start_date=20250417T070047, end_date=20250417T070057
[2025-04-17T07:00:57.932+0000] {logging_mixin.py:190} INFO - Task instance in success state
[2025-04-17T07:00:57.934+0000] {logging_mixin.py:190} INFO -  Previous state of the Task instance: running
[2025-04-17T07:00:57.935+0000] {logging_mixin.py:190} INFO - Dag name:daily_weather_etl queued_at:2025-04-17 07:00:01.577037+00:00
[2025-04-17T07:00:57.936+0000] {logging_mixin.py:190} INFO - Task hostname:3c3c1f66214b operator:BashOperator
[2025-04-17T07:00:57.953+0000] {local_task_job_runner.py:266} INFO - Task exited with return code 0
[2025-04-17T07:00:57.966+0000] {local_task_job_runner.py:245} INFO - ::endgroup::
