[2025-04-09T09:35:22.528+0000] {local_task_job_runner.py:123} INFO - ::group::Pre task execution logs
[2025-04-09T09:35:22.676+0000] {taskinstance.py:2614} INFO - Dependencies all met for dep_context=non-requeueable deps ti=<TaskInstance: daily_weather_etl.run_main_script manual__2025-04-09T09:35:20.632856+00:00 [queued]>
[2025-04-09T09:35:22.687+0000] {taskinstance.py:2614} INFO - Dependencies all met for dep_context=requeueable deps ti=<TaskInstance: daily_weather_etl.run_main_script manual__2025-04-09T09:35:20.632856+00:00 [queued]>
[2025-04-09T09:35:22.691+0000] {taskinstance.py:2867} INFO - Starting attempt 1 of 2
[2025-04-09T09:35:22.707+0000] {taskinstance.py:2890} INFO - Executing <Task(BashOperator): run_main_script> on 2025-04-09 09:35:20.632856+00:00
[2025-04-09T09:35:22.715+0000] {standard_task_runner.py:72} INFO - Started process 12591 to run task
[2025-04-09T09:35:22.718+0000] {standard_task_runner.py:104} INFO - Running: ['***', 'tasks', 'run', 'daily_weather_etl', 'run_main_script', 'manual__2025-04-09T09:35:20.632856+00:00', '--job-id', '265', '--raw', '--subdir', 'DAGS_FOLDER/weather_dag.py', '--cfg-path', '/tmp/tmp2wdhv45j']
[2025-04-09T09:35:22.720+0000] {standard_task_runner.py:105} INFO - Job 265: Subtask run_main_script
[2025-04-09T09:35:22.771+0000] {task_command.py:467} INFO - Running <TaskInstance: daily_weather_etl.run_main_script manual__2025-04-09T09:35:20.632856+00:00 [running]> on host 3c3c1f66214b
[2025-04-09T09:35:22.868+0000] {taskinstance.py:3134} INFO - Exporting env vars: AIRFLOW_CTX_DAG_OWNER='***' AIRFLOW_CTX_DAG_ID='daily_weather_etl' AIRFLOW_CTX_TASK_ID='run_main_script' AIRFLOW_CTX_EXECUTION_DATE='2025-04-09T09:35:20.632856+00:00' AIRFLOW_CTX_TRY_NUMBER='1' AIRFLOW_CTX_DAG_RUN_ID='manual__2025-04-09T09:35:20.632856+00:00'
[2025-04-09T09:35:22.870+0000] {logging_mixin.py:190} INFO - Task instance is in running state
[2025-04-09T09:35:22.871+0000] {logging_mixin.py:190} INFO -  Previous state of the Task instance: queued
[2025-04-09T09:35:22.872+0000] {logging_mixin.py:190} INFO - Current task name:run_main_script state:running start_date:2025-04-09 09:35:22.678660+00:00
[2025-04-09T09:35:22.873+0000] {logging_mixin.py:190} INFO - Dag name:daily_weather_etl and current dag run status:running
[2025-04-09T09:35:22.875+0000] {taskinstance.py:732} INFO - ::endgroup::
[2025-04-09T09:35:22.877+0000] {subprocess.py:78} INFO - Tmp dir root location: /tmp
[2025-04-09T09:35:22.879+0000] {subprocess.py:88} INFO - Running command: ['/usr/bin/bash', '-c', 'python /opt/***/dags/main.py']
[2025-04-09T09:35:22.888+0000] {subprocess.py:99} INFO - Output:
[2025-04-09T09:35:25.380+0000] {subprocess.py:106} INFO - 25/04/09 09:35:25 WARN NativeCodeLoader: Unable to load native-hadoop library for your platform... using builtin-java classes where applicable
[2025-04-09T09:35:25.536+0000] {subprocess.py:106} INFO - Setting default log level to "WARN".
[2025-04-09T09:35:25.537+0000] {subprocess.py:106} INFO - To adjust logging level use sc.setLogLevel(newLevel). For SparkR, use setLogLevel(newLevel).
[2025-04-09T09:35:58.027+0000] {subprocess.py:106} INFO - [Stage 0:>                                                          (0 + 8) / 8]                                                                                [Stage 5:>                                                          (0 + 1) / 1]                                                                                [Stage 13:>                                                         (0 + 8) / 8]                                                                                Ciudades registradas:
[2025-04-09T09:35:58.029+0000] {subprocess.py:106} INFO - Vamos a crear un histórico de valencia
[2025-04-09T09:35:58.030+0000] {subprocess.py:106} INFO - +--------+-------------------+-----------+--------+--------+---------+---------+-------------+
[2025-04-09T09:35:58.031+0000] {subprocess.py:106} INFO - |city    |local_time         |temperature|wind_kph|humidity|feelslike|precip_mm|text         |
[2025-04-09T09:35:58.032+0000] {subprocess.py:106} INFO - +--------+-------------------+-----------+--------+--------+---------+---------+-------------+
[2025-04-09T09:35:58.033+0000] {subprocess.py:106} INFO - |valencia|2021-01-01 04:00:00|7.1        |5.4     |77      |7.1      |0.0      |Partly Cloudy|
[2025-04-09T09:35:58.034+0000] {subprocess.py:106} INFO - |valencia|2021-01-01 09:00:00|7.4        |15.6    |73      |7.4      |0.3      |Light Drizzle|
[2025-04-09T09:35:58.035+0000] {subprocess.py:106} INFO - |valencia|2021-01-01 15:00:00|12.1       |15.4    |42      |12.1     |0.0      |Partly Cloudy|
[2025-04-09T09:35:58.035+0000] {subprocess.py:106} INFO - |valencia|2021-01-01 22:00:00|8.1        |19.7    |50      |8.1      |0.0      |Sunny        |
[2025-04-09T09:35:58.036+0000] {subprocess.py:106} INFO - |valencia|2021-01-02 04:00:00|5.7        |14.8    |55      |5.7      |0.0      |Sunny        |
[2025-04-09T09:35:58.037+0000] {subprocess.py:106} INFO - |valencia|2021-01-02 09:00:00|4.7        |19.2    |42      |4.7      |0.0      |Sunny        |
[2025-04-09T09:35:58.038+0000] {subprocess.py:106} INFO - |valencia|2021-01-02 15:00:00|11.0       |18.2    |33      |11.0     |0.0      |Partly Cloudy|
[2025-04-09T09:35:58.039+0000] {subprocess.py:106} INFO - |valencia|2021-01-02 22:00:00|6.4        |14.8    |34      |6.4      |0.0      |Cloudy       |
[2025-04-09T09:35:58.040+0000] {subprocess.py:106} INFO - |valencia|2021-01-03 04:00:00|5.3        |12.0    |50      |5.3      |0.0      |Sunny        |
[2025-04-09T09:35:58.041+0000] {subprocess.py:106} INFO - |valencia|2021-01-03 09:00:00|3.9        |11.4    |48      |3.9      |0.0      |Sunny        |
[2025-04-09T09:35:58.042+0000] {subprocess.py:106} INFO - |valencia|2021-01-03 15:00:00|12.5       |18.0    |31      |12.5     |0.0      |Sunny        |
[2025-04-09T09:35:58.043+0000] {subprocess.py:106} INFO - |valencia|2021-01-03 22:00:00|7.4        |15.0    |46      |7.4      |0.0      |Sunny        |
[2025-04-09T09:35:58.044+0000] {subprocess.py:106} INFO - |valencia|2021-01-04 04:00:00|5.9        |14.4    |56      |5.9      |0.0      |Sunny        |
[2025-04-09T09:35:58.044+0000] {subprocess.py:106} INFO - |valencia|2021-01-04 09:00:00|4.9        |13.6    |66      |4.9      |0.0      |Sunny        |
[2025-04-09T09:35:58.045+0000] {subprocess.py:106} INFO - |valencia|2021-01-04 15:00:00|11.9       |19.8    |34      |11.9     |0.0      |Sunny        |
[2025-04-09T09:35:58.046+0000] {subprocess.py:106} INFO - |valencia|2021-01-04 22:00:00|6.0        |13.7    |55      |6.0      |0.0      |Sunny        |
[2025-04-09T09:35:58.047+0000] {subprocess.py:106} INFO - |valencia|2021-01-05 04:00:00|3.8        |13.1    |60      |3.8      |0.0      |Sunny        |
[2025-04-09T09:35:58.047+0000] {subprocess.py:106} INFO - |valencia|2021-01-05 09:00:00|1.1        |9.0     |67      |1.1      |0.0      |Sunny        |
[2025-04-09T09:35:58.048+0000] {subprocess.py:106} INFO - |valencia|2021-01-05 15:00:00|11.1       |5.6     |37      |11.1     |0.0      |Sunny        |
[2025-04-09T09:35:58.049+0000] {subprocess.py:106} INFO - |valencia|2021-01-05 22:00:00|3.8        |6.5     |71      |3.8      |0.0      |Sunny        |
[2025-04-09T09:35:58.050+0000] {subprocess.py:106} INFO - +--------+-------------------+-----------+--------+--------+---------+---------+-------------+
[2025-04-09T09:35:58.051+0000] {subprocess.py:106} INFO - only showing top 20 rows
[2025-04-09T09:35:58.052+0000] {subprocess.py:106} INFO - 
[2025-04-09T09:35:58.053+0000] {subprocess.py:106} INFO - Nombre de la carpeta: valencia__39_47__0_37
[2025-04-09T09:35:58.054+0000] {subprocess.py:106} INFO - Archivo Parquet generado: /tmp/tmpdvbkx91_/valencia__39_47__0_37/part-00000-ae2250b0-6576-4e55-80bd-c74293d8b6cf-c000.snappy.parquet
[2025-04-09T09:35:58.055+0000] {subprocess.py:106} INFO - Archivo subido correctamente a MinIO en: valencia__39_47__0_37/valencia__39_47__0_37.parquet
[2025-04-09T09:35:58.057+0000] {subprocess.py:106} INFO - Datos registrados correctamente en la bbdd
[2025-04-09T09:35:58.058+0000] {subprocess.py:106} INFO - Vamos a crear un histórico de madrid
[2025-04-09T09:35:58.059+0000] {subprocess.py:106} INFO - +------+-------------------+-----------+--------+--------+---------+---------+-------------+
[2025-04-09T09:35:58.060+0000] {subprocess.py:106} INFO - |city  |local_time         |temperature|wind_kph|humidity|feelslike|precip_mm|text         |
[2025-04-09T09:35:58.061+0000] {subprocess.py:106} INFO - +------+-------------------+-----------+--------+--------+---------+---------+-------------+
[2025-04-09T09:35:58.062+0000] {subprocess.py:106} INFO - |madrid|2021-01-01 04:00:00|2.4        |17.5    |88      |2.4      |0.2      |Light Drizzle|
[2025-04-09T09:35:58.063+0000] {subprocess.py:106} INFO - |madrid|2021-01-01 09:00:00|1.4        |10.4    |86      |1.4      |0.0      |Partly Cloudy|
[2025-04-09T09:35:58.064+0000] {subprocess.py:106} INFO - |madrid|2021-01-01 15:00:00|6.2        |22.9    |49      |6.2      |0.0      |Sunny        |
[2025-04-09T09:35:58.065+0000] {subprocess.py:106} INFO - |madrid|2021-01-01 22:00:00|2.8        |15.8    |68      |2.8      |0.0      |Partly Cloudy|
[2025-04-09T09:35:58.066+0000] {subprocess.py:106} INFO - |madrid|2021-01-02 04:00:00|1.0        |12.0    |69      |1.0      |0.0      |Mostly Clear |
[2025-04-09T09:35:58.067+0000] {subprocess.py:106} INFO - |madrid|2021-01-02 09:00:00|-0.8       |12.8    |72      |-0.8     |0.0      |Mostly Clear |
[2025-04-09T09:35:58.068+0000] {subprocess.py:106} INFO - |madrid|2021-01-02 15:00:00|4.6        |17.1    |50      |4.6      |0.0      |Mostly Clear |
[2025-04-09T09:35:58.068+0000] {subprocess.py:106} INFO - |madrid|2021-01-02 22:00:00|-0.4       |8.3     |65      |-0.4     |0.0      |Sunny        |
[2025-04-09T09:35:58.069+0000] {subprocess.py:106} INFO - |madrid|2021-01-03 04:00:00|-0.8       |9.8     |70      |-0.8     |0.0      |Sunny        |
[2025-04-09T09:35:58.070+0000] {subprocess.py:106} INFO - |madrid|2021-01-03 09:00:00|-1.6       |9.9     |81      |-1.6     |0.0      |Cloudy       |
[2025-04-09T09:35:58.072+0000] {subprocess.py:106} INFO - |madrid|2021-01-03 15:00:00|7.0        |12.6    |47      |7.0      |0.0      |Partly Cloudy|
[2025-04-09T09:35:58.073+0000] {subprocess.py:106} INFO - |madrid|2021-01-03 22:00:00|0.4        |12.2    |80      |0.4      |0.0      |Sunny        |
[2025-04-09T09:35:58.074+0000] {subprocess.py:106} INFO - |madrid|2021-01-04 04:00:00|-0.5       |9.3     |88      |-0.5     |0.0      |Mostly Clear |
[2025-04-09T09:35:58.075+0000] {subprocess.py:106} INFO - |madrid|2021-01-04 09:00:00|-0.8       |10.9    |83      |-0.8     |0.0      |Mostly Clear |
[2025-04-09T09:35:58.076+0000] {subprocess.py:106} INFO - |madrid|2021-01-04 15:00:00|5.5        |17.0    |50      |5.5      |0.1      |Light Drizzle|
[2025-04-09T09:35:58.077+0000] {subprocess.py:106} INFO - |madrid|2021-01-04 22:00:00|-0.2       |7.9     |73      |-0.2     |0.0      |Sunny        |
[2025-04-09T09:35:58.078+0000] {subprocess.py:106} INFO - |madrid|2021-01-05 04:00:00|-2.5       |7.6     |84      |-2.5     |0.0      |Sunny        |
[2025-04-09T09:35:58.079+0000] {subprocess.py:106} INFO - |madrid|2021-01-05 09:00:00|-4.2       |5.2     |90      |-4.2     |0.0      |Sunny        |
[2025-04-09T09:35:58.080+0000] {subprocess.py:106} INFO - |madrid|2021-01-05 15:00:00|3.9        |4.7     |59      |3.9      |0.0      |Sunny        |
[2025-04-09T09:35:58.081+0000] {subprocess.py:106} INFO - |madrid|2021-01-05 22:00:00|-1.5       |5.5     |80      |-1.5     |0.0      |Sunny        |
[2025-04-09T09:35:58.082+0000] {subprocess.py:106} INFO - +------+-------------------+-----------+--------+--------+---------+---------+-------------+
[2025-04-09T09:35:58.083+0000] {subprocess.py:106} INFO - only showing top 20 rows
[2025-04-09T09:35:58.084+0000] {subprocess.py:106} INFO - 
[2025-04-09T09:35:58.084+0000] {subprocess.py:106} INFO - Nombre de la carpeta: madrid__40_41__3_7
[2025-04-09T09:35:58.085+0000] {subprocess.py:106} INFO - Archivo Parquet generado: /tmp/tmpq0py_8kj/madrid__40_41__3_7/part-00000-3076fbad-5f7b-42f5-9348-0c53e7ab37b0-c000.snappy.parquet
[2025-04-09T09:35:58.086+0000] {subprocess.py:106} INFO - Archivo subido correctamente a MinIO en: madrid__40_41__3_7/madrid__40_41__3_7.parquet
[2025-04-09T09:35:58.087+0000] {subprocess.py:106} INFO - Datos registrados correctamente en la bbdd
[2025-04-09T09:35:58.089+0000] {subprocess.py:106} INFO - Vamos a crear un histórico de elche
[2025-04-09T09:35:58.090+0000] {subprocess.py:106} INFO - +-----+-------------------+-----------+--------+--------+---------+---------+-------------+
[2025-04-09T09:35:58.091+0000] {subprocess.py:106} INFO - |city |local_time         |temperature|wind_kph|humidity|feelslike|precip_mm|text         |
[2025-04-09T09:35:58.091+0000] {subprocess.py:106} INFO - +-----+-------------------+-----------+--------+--------+---------+---------+-------------+
[2025-04-09T09:35:58.092+0000] {subprocess.py:106} INFO - |elche|2021-01-01 04:00:00|5.9        |6.6     |74      |5.9      |0.1      |Light Drizzle|
[2025-04-09T09:35:58.093+0000] {subprocess.py:106} INFO - |elche|2021-01-01 09:00:00|6.5        |8.6     |72      |6.5      |0.0      |Mostly Clear |
[2025-04-09T09:35:58.094+0000] {subprocess.py:106} INFO - |elche|2021-01-01 15:00:00|13.2       |28.6    |34      |13.2     |0.0      |Sunny        |
[2025-04-09T09:35:58.094+0000] {subprocess.py:106} INFO - |elche|2021-01-01 22:00:00|8.8        |16.9    |47      |8.8      |0.0      |Cloudy       |
[2025-04-09T09:35:58.095+0000] {subprocess.py:106} INFO - |elche|2021-01-02 04:00:00|5.6        |10.5    |63      |5.6      |0.0      |Sunny        |
[2025-04-09T09:35:58.096+0000] {subprocess.py:106} INFO - |elche|2021-01-02 09:00:00|4.9        |23.3    |59      |4.9      |0.0      |Sunny        |
[2025-04-09T09:35:58.097+0000] {subprocess.py:106} INFO - |elche|2021-01-02 15:00:00|10.4       |30.5    |34      |10.4     |0.0      |Sunny        |
[2025-04-09T09:35:58.098+0000] {subprocess.py:106} INFO - |elche|2021-01-02 22:00:00|7.2        |18.4    |39      |7.2      |0.0      |Sunny        |
[2025-04-09T09:35:58.099+0000] {subprocess.py:106} INFO - |elche|2021-01-03 04:00:00|5.7        |26.3    |45      |5.7      |0.0      |Mostly Clear |
[2025-04-09T09:35:58.100+0000] {subprocess.py:106} INFO - |elche|2021-01-03 09:00:00|4.9        |25.4    |44      |4.9      |0.0      |Sunny        |
[2025-04-09T09:35:58.102+0000] {subprocess.py:106} INFO - |elche|2021-01-03 15:00:00|12.2       |28.9    |29      |12.2     |0.0      |Sunny        |
[2025-04-09T09:35:58.103+0000] {subprocess.py:106} INFO - |elche|2021-01-03 22:00:00|6.4        |8.6     |46      |6.4      |0.0      |Sunny        |
[2025-04-09T09:35:58.105+0000] {subprocess.py:106} INFO - |elche|2021-01-04 04:00:00|4.5        |8.7     |56      |4.5      |0.0      |Sunny        |
[2025-04-09T09:35:58.108+0000] {subprocess.py:106} INFO - |elche|2021-01-04 09:00:00|4.0        |10.1    |64      |4.0      |0.0      |Sunny        |
[2025-04-09T09:35:58.109+0000] {subprocess.py:106} INFO - |elche|2021-01-04 15:00:00|13.1       |21.2    |32      |13.1     |0.0      |Mostly Clear |
[2025-04-09T09:35:58.116+0000] {subprocess.py:106} INFO - |elche|2021-01-04 22:00:00|8.5        |14.5    |51      |8.5      |0.0      |Sunny        |
[2025-04-09T09:35:58.123+0000] {subprocess.py:106} INFO - |elche|2021-01-05 04:00:00|5.2        |12.0    |65      |5.2      |0.0      |Sunny        |
[2025-04-09T09:35:58.125+0000] {subprocess.py:106} INFO - |elche|2021-01-05 09:00:00|3.4        |18.7    |72      |3.4      |0.0      |Sunny        |
[2025-04-09T09:35:58.126+0000] {subprocess.py:106} INFO - |elche|2021-01-05 15:00:00|12.4       |10.0    |27      |12.4     |0.0      |Sunny        |
[2025-04-09T09:35:58.127+0000] {subprocess.py:106} INFO - |elche|2021-01-05 22:00:00|6.8        |7.2     |40      |6.8      |0.0      |Cloudy       |
[2025-04-09T09:35:58.128+0000] {subprocess.py:106} INFO - +-----+-------------------+-----------+--------+--------+---------+---------+-------------+
[2025-04-09T09:35:58.130+0000] {subprocess.py:106} INFO - only showing top 20 rows
[2025-04-09T09:35:58.132+0000] {subprocess.py:106} INFO - 
[2025-04-09T09:35:58.134+0000] {subprocess.py:106} INFO - Nombre de la carpeta: elche__38_26__0_7
[2025-04-09T09:35:58.135+0000] {subprocess.py:106} INFO - Archivo Parquet generado: /tmp/tmp6xrum41_/elche__38_26__0_7/part-00000-21e19ed3-590f-456a-9ee0-a4845e5f3a31-c000.snappy.parquet
[2025-04-09T09:35:58.137+0000] {subprocess.py:106} INFO - Archivo subido correctamente a MinIO en: elche__38_26__0_7/elche__38_26__0_7.parquet
[2025-04-09T09:35:58.140+0000] {subprocess.py:106} INFO - Datos registrados correctamente en la bbdd
[2025-04-09T09:35:58.143+0000] {subprocess.py:106} INFO - Vamos a crear un histórico de san juan de alicante
[2025-04-09T09:36:05.351+0000] {subprocess.py:106} INFO - +--------------------+-------------------+-----------+--------+--------+---------+---------+-------------+
[2025-04-09T09:36:05.352+0000] {subprocess.py:106} INFO - |city                |local_time         |temperature|wind_kph|humidity|feelslike|precip_mm|text         |
[2025-04-09T09:36:05.354+0000] {subprocess.py:106} INFO - +--------------------+-------------------+-----------+--------+--------+---------+---------+-------------+
[2025-04-09T09:36:05.354+0000] {subprocess.py:106} INFO - |san juan de alicante|2021-01-01 04:00:00|6.7        |9.8     |68      |6.7      |0.0      |Partly Cloudy|
[2025-04-09T09:36:05.355+0000] {subprocess.py:106} INFO - |san juan de alicante|2021-01-01 09:00:00|7.4        |13.3    |71      |7.4      |0.0      |Sunny        |
[2025-04-09T09:36:05.356+0000] {subprocess.py:106} INFO - |san juan de alicante|2021-01-01 15:00:00|13.7       |21.4    |34      |13.7     |0.0      |Mostly Clear |
[2025-04-09T09:36:05.356+0000] {subprocess.py:106} INFO - |san juan de alicante|2021-01-01 22:00:00|9.0        |22.1    |46      |9.0      |0.0      |Mostly Clear |
[2025-04-09T09:36:05.357+0000] {subprocess.py:106} INFO - |san juan de alicante|2021-01-02 04:00:00|6.4        |15.0    |59      |6.4      |0.0      |Sunny        |
[2025-04-09T09:36:05.358+0000] {subprocess.py:106} INFO - |san juan de alicante|2021-01-02 09:00:00|5.5        |26.3    |49      |5.5      |0.0      |Sunny        |
[2025-04-09T09:36:05.359+0000] {subprocess.py:106} INFO - |san juan de alicante|2021-01-02 15:00:00|10.7       |32.0    |33      |10.7     |0.0      |Sunny        |
[2025-04-09T09:36:05.360+0000] {subprocess.py:106} INFO - |san juan de alicante|2021-01-02 22:00:00|5.8        |9.2     |46      |5.8      |0.0      |Sunny        |
[2025-04-09T09:36:05.361+0000] {subprocess.py:106} INFO - |san juan de alicante|2021-01-03 04:00:00|5.7        |25.1    |45      |5.7      |0.0      |Cloudy       |
[2025-04-09T09:36:05.362+0000] {subprocess.py:106} INFO - |san juan de alicante|2021-01-03 09:00:00|4.6        |21.3    |45      |4.6      |0.0      |Sunny        |
[2025-04-09T09:36:05.363+0000] {subprocess.py:106} INFO - |san juan de alicante|2021-01-03 15:00:00|12.5       |28.7    |28      |12.5     |0.0      |Sunny        |
[2025-04-09T09:36:05.364+0000] {subprocess.py:106} INFO - |san juan de alicante|2021-01-03 22:00:00|7.4        |11.2    |42      |7.4      |0.0      |Sunny        |
[2025-04-09T09:36:05.365+0000] {subprocess.py:106} INFO - |san juan de alicante|2021-01-04 04:00:00|4.2        |9.1     |56      |4.2      |0.0      |Sunny        |
[2025-04-09T09:36:05.365+0000] {subprocess.py:106} INFO - |san juan de alicante|2021-01-04 09:00:00|4.6        |11.5    |63      |4.6      |0.0      |Sunny        |
[2025-04-09T09:36:05.366+0000] {subprocess.py:106} INFO - |san juan de alicante|2021-01-04 15:00:00|12.4       |24.0    |36      |12.4     |0.0      |Mostly Clear |
[2025-04-09T09:36:05.367+0000] {subprocess.py:106} INFO - |san juan de alicante|2021-01-04 22:00:00|8.5        |18.9    |56      |8.5      |0.0      |Mostly Clear |
[2025-04-09T09:36:05.368+0000] {subprocess.py:106} INFO - |san juan de alicante|2021-01-05 04:00:00|5.1        |9.4     |65      |5.1      |0.0      |Sunny        |
[2025-04-09T09:36:05.369+0000] {subprocess.py:106} INFO - |san juan de alicante|2021-01-05 09:00:00|2.5        |9.8     |65      |2.5      |0.0      |Sunny        |
[2025-04-09T09:36:05.370+0000] {subprocess.py:106} INFO - |san juan de alicante|2021-01-05 15:00:00|12.2       |8.3     |24      |12.2     |0.0      |Sunny        |
[2025-04-09T09:36:05.371+0000] {subprocess.py:106} INFO - |san juan de alicante|2021-01-05 22:00:00|7.5        |6.6     |48      |7.5      |0.0      |Cloudy       |
[2025-04-09T09:36:05.372+0000] {subprocess.py:106} INFO - +--------------------+-------------------+-----------+--------+--------+---------+---------+-------------+
[2025-04-09T09:36:05.373+0000] {subprocess.py:106} INFO - only showing top 20 rows
[2025-04-09T09:36:05.373+0000] {subprocess.py:106} INFO - 
[2025-04-09T09:36:05.374+0000] {subprocess.py:106} INFO - Nombre de la carpeta: san_juan_de_alicante__38_4__0_43
[2025-04-09T09:36:05.375+0000] {subprocess.py:106} INFO - Archivo Parquet generado: /tmp/tmpy6ziu7ps/san_juan_de_alicante__38_4__0_43/part-00000-c9955c07-e295-4b56-826a-b169ecdc09e5-c000.snappy.parquet
[2025-04-09T09:36:05.375+0000] {subprocess.py:106} INFO - Archivo subido correctamente a MinIO en: san_juan_de_alicante__38_4__0_43/san_juan_de_alicante__38_4__0_43.parquet
[2025-04-09T09:36:05.376+0000] {subprocess.py:106} INFO - Datos registrados correctamente en la bbdd
[2025-04-09T09:36:05.377+0000] {subprocess.py:106} INFO - Vamos a crear un histórico de torrevieja
[2025-04-09T09:36:05.377+0000] {subprocess.py:106} INFO - +----------+-------------------+-----------+--------+--------+---------+---------+-------------+
[2025-04-09T09:36:05.378+0000] {subprocess.py:106} INFO - |city      |local_time         |temperature|wind_kph|humidity|feelslike|precip_mm|text         |
[2025-04-09T09:36:05.379+0000] {subprocess.py:106} INFO - +----------+-------------------+-----------+--------+--------+---------+---------+-------------+
[2025-04-09T09:36:05.379+0000] {subprocess.py:106} INFO - |torrevieja|2021-01-01 04:00:00|7.1        |8.3     |66      |7.1      |0.0      |Partly Cloudy|
[2025-04-09T09:36:05.380+0000] {subprocess.py:106} INFO - |torrevieja|2021-01-01 09:00:00|8.2        |18.1    |75      |8.2      |0.1      |Light Drizzle|
[2025-04-09T09:36:05.381+0000] {subprocess.py:106} INFO - |torrevieja|2021-01-01 15:00:00|13.9       |32.4    |35      |13.9     |0.0      |Sunny        |
[2025-04-09T09:36:05.381+0000] {subprocess.py:106} INFO - |torrevieja|2021-01-01 22:00:00|9.2        |19.9    |54      |9.2      |0.0      |Mostly Clear |
[2025-04-09T09:36:05.382+0000] {subprocess.py:106} INFO - |torrevieja|2021-01-02 04:00:00|7.4        |20.4    |59      |7.4      |0.0      |Mostly Clear |
[2025-04-09T09:36:05.383+0000] {subprocess.py:106} INFO - |torrevieja|2021-01-02 09:00:00|5.7        |20.9    |62      |5.7      |0.0      |Sunny        |
[2025-04-09T09:36:05.383+0000] {subprocess.py:106} INFO - |torrevieja|2021-01-02 15:00:00|11.7       |32.6    |31      |11.7     |0.0      |Mostly Clear |
[2025-04-09T09:36:05.384+0000] {subprocess.py:106} INFO - |torrevieja|2021-01-02 22:00:00|8.0        |21.6    |44      |8.0      |0.0      |Sunny        |
[2025-04-09T09:36:05.385+0000] {subprocess.py:106} INFO - |torrevieja|2021-01-03 04:00:00|6.7        |26.8    |47      |6.7      |0.0      |Mostly Clear |
[2025-04-09T09:36:05.387+0000] {subprocess.py:106} INFO - |torrevieja|2021-01-03 09:00:00|5.4        |21.5    |49      |5.4      |0.0      |Sunny        |
[2025-04-09T09:36:05.387+0000] {subprocess.py:106} INFO - |torrevieja|2021-01-03 15:00:00|12.7       |31.3    |29      |12.7     |0.0      |Sunny        |
[2025-04-09T09:36:05.388+0000] {subprocess.py:106} INFO - |torrevieja|2021-01-03 22:00:00|8.4        |10.8    |45      |8.4      |0.0      |Sunny        |
[2025-04-09T09:36:05.389+0000] {subprocess.py:106} INFO - |torrevieja|2021-01-04 04:00:00|5.2        |14.3    |51      |5.2      |0.0      |Sunny        |
[2025-04-09T09:36:05.390+0000] {subprocess.py:106} INFO - |torrevieja|2021-01-04 09:00:00|4.5        |20.7    |60      |4.5      |0.0      |Sunny        |
[2025-04-09T09:36:05.390+0000] {subprocess.py:106} INFO - |torrevieja|2021-01-04 15:00:00|13.5       |10.5    |30      |13.5     |0.0      |Mostly Clear |
[2025-04-09T09:36:05.391+0000] {subprocess.py:106} INFO - |torrevieja|2021-01-04 22:00:00|10.1       |4.7     |42      |10.1     |0.0      |Mostly Clear |
[2025-04-09T09:36:05.392+0000] {subprocess.py:106} INFO - |torrevieja|2021-01-05 04:00:00|6.2        |11.9    |68      |6.2      |0.0      |Sunny        |
[2025-04-09T09:36:05.393+0000] {subprocess.py:106} INFO - |torrevieja|2021-01-05 09:00:00|4.0        |15.5    |76      |4.0      |0.0      |Sunny        |
[2025-04-09T09:36:05.393+0000] {subprocess.py:106} INFO - |torrevieja|2021-01-05 15:00:00|13.0       |8.6     |27      |13.0     |0.0      |Sunny        |
[2025-04-09T09:36:05.394+0000] {subprocess.py:106} INFO - |torrevieja|2021-01-05 22:00:00|10.2       |3.8     |44      |10.2     |0.0      |Cloudy       |
[2025-04-09T09:36:05.395+0000] {subprocess.py:106} INFO - +----------+-------------------+-----------+--------+--------+---------+---------+-------------+
[2025-04-09T09:36:05.396+0000] {subprocess.py:106} INFO - only showing top 20 rows
[2025-04-09T09:36:05.397+0000] {subprocess.py:106} INFO - 
[2025-04-09T09:36:05.398+0000] {subprocess.py:106} INFO - Nombre de la carpeta: torrevieja__37_97__0_68
[2025-04-09T09:36:05.398+0000] {subprocess.py:106} INFO - Archivo Parquet generado: /tmp/tmpp70b3fgw/torrevieja__37_97__0_68/part-00000-d190b05c-56c6-4b13-8a0a-3adc6a959d63-c000.snappy.parquet
[2025-04-09T09:36:05.399+0000] {subprocess.py:106} INFO - Archivo subido correctamente a MinIO en: torrevieja__37_97__0_68/torrevieja__37_97__0_68.parquet
[2025-04-09T09:36:05.400+0000] {subprocess.py:106} INFO - Datos registrados correctamente en la bbdd
[2025-04-09T09:36:05.894+0000] {subprocess.py:110} INFO - Command exited with return code 0
[2025-04-09T09:36:05.924+0000] {taskinstance.py:341} INFO - ::group::Post task execution logs
[2025-04-09T09:36:05.926+0000] {taskinstance.py:353} INFO - Marking task as SUCCESS. dag_id=daily_weather_etl, task_id=run_main_script, run_id=manual__2025-04-09T09:35:20.632856+00:00, execution_date=20250409T093520, start_date=20250409T093522, end_date=20250409T093605
[2025-04-09T09:36:05.951+0000] {logging_mixin.py:190} INFO - Task instance in success state
[2025-04-09T09:36:05.953+0000] {logging_mixin.py:190} INFO -  Previous state of the Task instance: running
[2025-04-09T09:36:05.955+0000] {logging_mixin.py:190} INFO - Dag name:daily_weather_etl queued_at:2025-04-09 09:35:20.642951+00:00
[2025-04-09T09:36:05.956+0000] {logging_mixin.py:190} INFO - Task hostname:3c3c1f66214b operator:BashOperator
[2025-04-09T09:36:05.976+0000] {local_task_job_runner.py:266} INFO - Task exited with return code 0
[2025-04-09T09:36:06.008+0000] {taskinstance.py:3901} INFO - 1 downstream tasks scheduled from follow-on schedule check
[2025-04-09T09:36:06.011+0000] {local_task_job_runner.py:245} INFO - ::endgroup::
