[2025-04-22T06:21:30.572+0000] {local_task_job_runner.py:123} INFO - ::group::Pre task execution logs
[2025-04-22T06:21:30.712+0000] {taskinstance.py:2614} INFO - Dependencies all met for dep_context=non-requeueable deps ti=<TaskInstance: daily_weather_etl.run_postgres_script scheduled__2025-04-18T07:00:00+00:00 [queued]>
[2025-04-22T06:21:30.726+0000] {taskinstance.py:2614} INFO - Dependencies all met for dep_context=requeueable deps ti=<TaskInstance: daily_weather_etl.run_postgres_script scheduled__2025-04-18T07:00:00+00:00 [queued]>
[2025-04-22T06:21:30.727+0000] {taskinstance.py:2867} INFO - Starting attempt 1 of 2
[2025-04-22T06:21:30.740+0000] {taskinstance.py:2890} INFO - Executing <Task(BashOperator): run_postgres_script> on 2025-04-18 07:00:00+00:00
[2025-04-22T06:21:30.746+0000] {standard_task_runner.py:72} INFO - Started process 5575 to run task
[2025-04-22T06:21:30.750+0000] {standard_task_runner.py:104} INFO - Running: ['***', 'tasks', 'run', 'daily_weather_etl', 'run_postgres_script', 'scheduled__2025-04-18T07:00:00+00:00', '--job-id', '347', '--raw', '--subdir', 'DAGS_FOLDER/weather_dag.py', '--cfg-path', '/tmp/tmpp9447dky']
[2025-04-22T06:21:30.752+0000] {standard_task_runner.py:105} INFO - Job 347: Subtask run_postgres_script
[2025-04-22T06:21:30.796+0000] {task_command.py:467} INFO - Running <TaskInstance: daily_weather_etl.run_postgres_script scheduled__2025-04-18T07:00:00+00:00 [running]> on host 3c3c1f66214b
[2025-04-22T06:21:30.868+0000] {taskinstance.py:3134} INFO - Exporting env vars: AIRFLOW_CTX_DAG_OWNER='***' AIRFLOW_CTX_DAG_ID='daily_weather_etl' AIRFLOW_CTX_TASK_ID='run_postgres_script' AIRFLOW_CTX_EXECUTION_DATE='2025-04-18T07:00:00+00:00' AIRFLOW_CTX_TRY_NUMBER='1' AIRFLOW_CTX_DAG_RUN_ID='scheduled__2025-04-18T07:00:00+00:00'
[2025-04-22T06:21:30.870+0000] {logging_mixin.py:190} INFO - Task instance is in running state
[2025-04-22T06:21:30.870+0000] {logging_mixin.py:190} INFO -  Previous state of the Task instance: queued
[2025-04-22T06:21:30.871+0000] {logging_mixin.py:190} INFO - Current task name:run_postgres_script state:running start_date:2025-04-22 06:21:30.713669+00:00
[2025-04-22T06:21:30.871+0000] {logging_mixin.py:190} INFO - Dag name:daily_weather_etl and current dag run status:running
[2025-04-22T06:21:30.872+0000] {taskinstance.py:732} INFO - ::endgroup::
[2025-04-22T06:21:30.873+0000] {subprocess.py:78} INFO - Tmp dir root location: /tmp
[2025-04-22T06:21:30.874+0000] {subprocess.py:88} INFO - Running command: ['/usr/bin/bash', '-c', 'python /opt/***/dags/postgres.py']
[2025-04-22T06:21:30.884+0000] {subprocess.py:99} INFO - Output:
[2025-04-22T06:21:33.504+0000] {subprocess.py:106} INFO - 25/04/22 06:21:33 WARN NativeCodeLoader: Unable to load native-hadoop library for your platform... using builtin-java classes where applicable
[2025-04-22T06:21:33.652+0000] {subprocess.py:106} INFO - Setting default log level to "WARN".
[2025-04-22T06:21:33.653+0000] {subprocess.py:106} INFO - To adjust logging level use sc.setLogLevel(newLevel). For SparkR, use setLogLevel(newLevel).
[2025-04-22T06:21:39.586+0000] {subprocess.py:106} INFO - +--------------------+-------------------+-----------+--------+--------+---------+---------+----------------+
[2025-04-22T06:21:39.589+0000] {subprocess.py:106} INFO - |                city|         local_time|temperature|wind_kph|humidity|feelslike|precip_mm|            text|
[2025-04-22T06:21:39.593+0000] {subprocess.py:106} INFO - +--------------------+-------------------+-----------+--------+--------+---------+---------+----------------+
[2025-04-22T06:21:39.597+0000] {subprocess.py:106} INFO - |               elche|2025-04-20 04:00:00|       12.4|     9.8|      50|     12.4|      0.0|           Sunny|
[2025-04-22T06:21:39.602+0000] {subprocess.py:106} INFO - |               elche|2025-04-20 09:00:00|       13.5|     9.8|      48|     13.5|      0.0|   Partly Cloudy|
[2025-04-22T06:21:39.603+0000] {subprocess.py:106} INFO - |               elche|2025-04-20 15:00:00|       14.2|    20.6|      57|     14.2|      1.7|      Light Rain|
[2025-04-22T06:21:39.604+0000] {subprocess.py:106} INFO - |               elche|2025-04-20 22:00:00|       16.2|    12.1|      43|     16.2|      0.0|           Sunny|
[2025-04-22T06:21:39.605+0000] {subprocess.py:106} INFO - |              madrid|2025-04-20 04:00:00|        6.2|    17.9|      89|      6.2|      0.1|   Light Drizzle|
[2025-04-22T06:21:39.606+0000] {subprocess.py:106} INFO - |              madrid|2025-04-20 09:00:00|        6.4|    10.9|      93|      6.4|      0.0|    Mostly Clear|
[2025-04-22T06:21:39.606+0000] {subprocess.py:106} INFO - |              madrid|2025-04-20 15:00:00|       13.0|    15.3|      46|     13.0|      0.0|          Cloudy|
[2025-04-22T06:21:39.607+0000] {subprocess.py:106} INFO - |              madrid|2025-04-20 22:00:00|       10.7|     3.2|      71|     10.7|      0.0|   Partly Cloudy|
[2025-04-22T06:21:39.608+0000] {subprocess.py:106} INFO - |san juan de alicante|2025-04-20 04:00:00|       11.8|     7.7|      54|     11.8|      0.0|           Sunny|
[2025-04-22T06:21:39.609+0000] {subprocess.py:106} INFO - |san juan de alicante|2025-04-20 09:00:00|       13.6|     8.3|      50|     13.6|      0.0|          Cloudy|
[2025-04-22T06:21:39.609+0000] {subprocess.py:106} INFO - |san juan de alicante|2025-04-20 15:00:00|       14.9|    18.2|      58|     14.9|      0.9|Moderate Drizzle|
[2025-04-22T06:21:39.610+0000] {subprocess.py:106} INFO - |san juan de alicante|2025-04-20 22:00:00|       14.8|     6.2|      48|     14.8|      0.0|           Sunny|
[2025-04-22T06:21:39.611+0000] {subprocess.py:106} INFO - |          torrevieja|2025-04-20 04:00:00|       12.0|     5.7|      73|     12.0|      0.0|           Sunny|
[2025-04-22T06:21:39.612+0000] {subprocess.py:106} INFO - |          torrevieja|2025-04-20 09:00:00|       13.2|    13.5|      65|     13.2|      0.0|          Cloudy|
[2025-04-22T06:21:39.613+0000] {subprocess.py:106} INFO - |          torrevieja|2025-04-20 15:00:00|       18.4|    13.2|      42|     18.4|      0.2|   Light Drizzle|
[2025-04-22T06:21:39.614+0000] {subprocess.py:106} INFO - |          torrevieja|2025-04-20 22:00:00|       15.0|     9.7|      64|     15.0|      0.0|           Sunny|
[2025-04-22T06:21:39.614+0000] {subprocess.py:106} INFO - |            valencia|2025-04-20 04:00:00|       13.2|    13.3|      53|     13.2|      0.0|           Sunny|
[2025-04-22T06:21:39.615+0000] {subprocess.py:106} INFO - |            valencia|2025-04-20 09:00:00|       13.3|    13.5|      51|     13.3|      0.0|    Mostly Clear|
[2025-04-22T06:21:39.616+0000] {subprocess.py:106} INFO - |            valencia|2025-04-20 15:00:00|       20.9|     6.7|      28|     20.9|      0.0|   Partly Cloudy|
[2025-04-22T06:21:39.617+0000] {subprocess.py:106} INFO - |            valencia|2025-04-20 22:00:00|       16.7|     6.6|      49|     16.7|      0.0|    Mostly Clear|
[2025-04-22T06:21:39.617+0000] {subprocess.py:106} INFO - +--------------------+-------------------+-----------+--------+--------+---------+---------+----------------+
[2025-04-22T06:21:39.618+0000] {subprocess.py:106} INFO - 
[2025-04-22T06:21:39.619+0000] {subprocess.py:106} INFO - Datos registrados correctamente en la bbdd
[2025-04-22T06:21:40.078+0000] {subprocess.py:110} INFO - Command exited with return code 0
[2025-04-22T06:21:40.100+0000] {taskinstance.py:341} INFO - ::group::Post task execution logs
[2025-04-22T06:21:40.101+0000] {taskinstance.py:353} INFO - Marking task as SUCCESS. dag_id=daily_weather_etl, task_id=run_postgres_script, run_id=scheduled__2025-04-18T07:00:00+00:00, execution_date=20250418T070000, start_date=20250422T062130, end_date=20250422T062140
[2025-04-22T06:21:40.121+0000] {logging_mixin.py:190} INFO - Task instance in success state
[2025-04-22T06:21:40.122+0000] {logging_mixin.py:190} INFO -  Previous state of the Task instance: running
[2025-04-22T06:21:40.123+0000] {logging_mixin.py:190} INFO - Dag name:daily_weather_etl queued_at:2025-04-22 06:20:56.552931+00:00
[2025-04-22T06:21:40.123+0000] {logging_mixin.py:190} INFO - Task hostname:3c3c1f66214b operator:BashOperator
[2025-04-22T06:21:40.168+0000] {local_task_job_runner.py:266} INFO - Task exited with return code 0
[2025-04-22T06:21:40.186+0000] {taskinstance.py:3901} INFO - 1 downstream tasks scheduled from follow-on schedule check
[2025-04-22T06:21:40.190+0000] {local_task_job_runner.py:245} INFO - ::endgroup::
