[2025-03-31T07:24:00.387+0000] {local_task_job_runner.py:123} INFO - ::group::Pre task execution logs
[2025-03-31T07:24:00.643+0000] {taskinstance.py:2614} INFO - Dependencies all met for dep_context=non-requeueable deps ti=<TaskInstance: daily_weather_etl.run_postgres_script scheduled__2025-03-30T07:00:00+00:00 [queued]>
[2025-03-31T07:24:00.673+0000] {taskinstance.py:2614} INFO - Dependencies all met for dep_context=requeueable deps ti=<TaskInstance: daily_weather_etl.run_postgres_script scheduled__2025-03-30T07:00:00+00:00 [queued]>
[2025-03-31T07:24:00.677+0000] {taskinstance.py:2867} INFO - Starting attempt 1 of 2
[2025-03-31T07:24:00.710+0000] {taskinstance.py:2890} INFO - Executing <Task(BashOperator): run_postgres_script> on 2025-03-30 07:00:00+00:00
[2025-03-31T07:24:00.724+0000] {standard_task_runner.py:72} INFO - Started process 15358 to run task
[2025-03-31T07:24:00.731+0000] {standard_task_runner.py:104} INFO - Running: ['***', 'tasks', 'run', 'daily_weather_etl', 'run_postgres_script', 'scheduled__2025-03-30T07:00:00+00:00', '--job-id', '204', '--raw', '--subdir', 'DAGS_FOLDER/weather_dag.py', '--cfg-path', '/tmp/tmpdioozycf']
[2025-03-31T07:24:00.741+0000] {standard_task_runner.py:105} INFO - Job 204: Subtask run_postgres_script
[2025-03-31T07:24:00.873+0000] {task_command.py:467} INFO - Running <TaskInstance: daily_weather_etl.run_postgres_script scheduled__2025-03-30T07:00:00+00:00 [running]> on host 3c3c1f66214b
[2025-03-31T07:24:01.039+0000] {taskinstance.py:3134} INFO - Exporting env vars: AIRFLOW_CTX_DAG_OWNER='***' AIRFLOW_CTX_DAG_ID='daily_weather_etl' AIRFLOW_CTX_TASK_ID='run_postgres_script' AIRFLOW_CTX_EXECUTION_DATE='2025-03-30T07:00:00+00:00' AIRFLOW_CTX_TRY_NUMBER='1' AIRFLOW_CTX_DAG_RUN_ID='scheduled__2025-03-30T07:00:00+00:00'
[2025-03-31T07:24:01.045+0000] {logging_mixin.py:190} INFO - Task instance is in running state
[2025-03-31T07:24:01.046+0000] {logging_mixin.py:190} INFO -  Previous state of the Task instance: queued
[2025-03-31T07:24:01.049+0000] {logging_mixin.py:190} INFO - Current task name:run_postgres_script state:running start_date:2025-03-31 07:24:00.645780+00:00
[2025-03-31T07:24:01.050+0000] {logging_mixin.py:190} INFO - Dag name:daily_weather_etl and current dag run status:running
[2025-03-31T07:24:01.053+0000] {taskinstance.py:732} INFO - ::endgroup::
[2025-03-31T07:24:01.056+0000] {subprocess.py:78} INFO - Tmp dir root location: /tmp
[2025-03-31T07:24:01.059+0000] {subprocess.py:88} INFO - Running command: ['/usr/bin/bash', '-c', 'python /opt/***/dags/postgres.py']
[2025-03-31T07:24:01.083+0000] {subprocess.py:99} INFO - Output:
[2025-03-31T07:24:06.102+0000] {subprocess.py:106} INFO - 25/03/31 07:24:06 WARN NativeCodeLoader: Unable to load native-hadoop library for your platform... using builtin-java classes where applicable
[2025-03-31T07:24:06.395+0000] {subprocess.py:106} INFO - Setting default log level to "WARN".
[2025-03-31T07:24:06.396+0000] {subprocess.py:106} INFO - To adjust logging level use sc.setLogLevel(newLevel). For SparkR, use setLogLevel(newLevel).
[2025-03-31T07:24:17.659+0000] {subprocess.py:106} INFO - [Stage 0:>                                                          (0 + 1) / 1]                                                                                +--------------------+----------+-----+-----------+--------+--------+---------+---------+----------------+--------------------+
[2025-03-31T07:24:17.661+0000] {subprocess.py:106} INFO - |                city|      date| time|temperature|wind_kph|humidity|feelslike|precip_mm|            text|                icon|
[2025-03-31T07:24:17.662+0000] {subprocess.py:106} INFO - +--------------------+----------+-----+-----------+--------+--------+---------+---------+----------------+--------------------+
[2025-03-31T07:24:17.664+0000] {subprocess.py:106} INFO - |               elche|2025-03-28|04:00|       10.7|     9.1|      83|     10.7|      0.0|           Sunny|//cdn.weatherapi....|
[2025-03-31T07:24:17.666+0000] {subprocess.py:106} INFO - |               elche|2025-03-28|09:00|       12.0|    14.2|      61|     12.0|      0.0|   Partly Cloudy|//cdn.weatherapi....|
[2025-03-31T07:24:17.668+0000] {subprocess.py:106} INFO - |               elche|2025-03-28|15:00|       23.0|    14.8|      25|     23.0|      0.0|           Sunny|//cdn.weatherapi....|
[2025-03-31T07:24:17.670+0000] {subprocess.py:106} INFO - |               elche|2025-03-28|22:00|       11.9|     5.5|      91|     11.9|      0.0|           Sunny|//cdn.weatherapi....|
[2025-03-31T07:24:17.673+0000] {subprocess.py:106} INFO - |               elche|2025-03-29|04:00|       14.1|    14.7|      45|     14.1|      0.0|           Sunny|//cdn.weatherapi....|
[2025-03-31T07:24:17.676+0000] {subprocess.py:106} INFO - |               elche|2025-03-29|09:00|       13.4|    20.8|      40|     13.4|      0.0|           Sunny|//cdn.weatherapi....|
[2025-03-31T07:24:17.678+0000] {subprocess.py:106} INFO - |               elche|2025-03-29|15:00|       24.1|    17.2|      16|     24.1|      0.0|           Sunny|//cdn.weatherapi....|
[2025-03-31T07:24:17.681+0000] {subprocess.py:106} INFO - |               elche|2025-03-29|22:00|       13.3|     3.6|      59|     13.3|      0.0|           Sunny|//cdn.weatherapi....|
[2025-03-31T07:24:17.683+0000] {subprocess.py:106} INFO - |              madrid|2025-03-28|04:00|        7.6|     4.6|      80|      7.6|      0.0|    Mostly Clear|//cdn.weatherapi....|
[2025-03-31T07:24:17.687+0000] {subprocess.py:106} INFO - |              madrid|2025-03-28|09:00|        4.6|     7.3|      89|      4.6|      0.0|           Sunny|//cdn.weatherapi....|
[2025-03-31T07:24:17.691+0000] {subprocess.py:106} INFO - |              madrid|2025-03-28|15:00|       15.6|     1.6|      48|     15.6|      0.0|    Mostly Clear|//cdn.weatherapi....|
[2025-03-31T07:24:17.694+0000] {subprocess.py:106} INFO - |              madrid|2025-03-28|22:00|       11.0|     2.7|      68|     11.0|      0.0|           Sunny|//cdn.weatherapi....|
[2025-03-31T07:24:17.697+0000] {subprocess.py:106} INFO - |              madrid|2025-03-29|04:00|        7.7|     5.7|      75|      7.7|      0.0|           Sunny|//cdn.weatherapi....|
[2025-03-31T07:24:17.700+0000] {subprocess.py:106} INFO - |              madrid|2025-03-29|09:00|        5.5|     5.1|      79|      5.5|      0.0|           Sunny|//cdn.weatherapi....|
[2025-03-31T07:24:17.702+0000] {subprocess.py:106} INFO - |              madrid|2025-03-29|15:00|       15.8|     4.6|      47|     15.8|      0.0|           Sunny|//cdn.weatherapi....|
[2025-03-31T07:24:17.706+0000] {subprocess.py:106} INFO - |              madrid|2025-03-29|22:00|       10.0|    16.2|      53|     10.0|      0.0|           Sunny|//cdn.weatherapi....|
[2025-03-31T07:24:17.709+0000] {subprocess.py:106} INFO - |san juan de alicante|2025-03-28|04:00|        9.5|     8.2|      74|      9.5|      0.0|           Sunny|//cdn.weatherapi....|
[2025-03-31T07:24:17.712+0000] {subprocess.py:106} INFO - |san juan de alicante|2025-03-28|09:00|        9.9|     5.6|      76|      9.9|      0.0|          Cloudy|//cdn.weatherapi....|
[2025-03-31T07:24:17.715+0000] {subprocess.py:106} INFO - |san juan de alicante|2025-03-28|15:00|       18.4|    12.3|      67|     18.4|      0.5|Moderate Drizzle|//cdn.weatherapi....|
[2025-03-31T07:24:17.717+0000] {subprocess.py:106} INFO - |san juan de alicante|2025-03-28|22:00|       12.0|     3.7|      85|     12.0|      0.0|           Sunny|//cdn.weatherapi....|
[2025-03-31T07:24:17.720+0000] {subprocess.py:106} INFO - +--------------------+----------+-----+-----------+--------+--------+---------+---------+----------------+--------------------+
[2025-03-31T07:24:17.724+0000] {subprocess.py:106} INFO - only showing top 20 rows
[2025-03-31T07:24:17.727+0000] {subprocess.py:106} INFO - 
[2025-03-31T07:24:17.730+0000] {subprocess.py:106} INFO - Datos registrados correctamente en la bbdd
[2025-03-31T07:24:18.322+0000] {subprocess.py:110} INFO - Command exited with return code 0
[2025-03-31T07:24:18.406+0000] {taskinstance.py:341} INFO - ::group::Post task execution logs
[2025-03-31T07:24:18.411+0000] {taskinstance.py:353} INFO - Marking task as SUCCESS. dag_id=daily_weather_etl, task_id=run_postgres_script, run_id=scheduled__2025-03-30T07:00:00+00:00, execution_date=20250330T070000, start_date=20250331T072400, end_date=20250331T072418
[2025-03-31T07:24:18.498+0000] {logging_mixin.py:190} INFO - Task instance in success state
[2025-03-31T07:24:18.501+0000] {logging_mixin.py:190} INFO -  Previous state of the Task instance: running
[2025-03-31T07:24:18.506+0000] {logging_mixin.py:190} INFO - Dag name:daily_weather_etl queued_at:2025-03-31 07:23:02.413659+00:00
[2025-03-31T07:24:18.510+0000] {logging_mixin.py:190} INFO - Task hostname:3c3c1f66214b operator:BashOperator
[2025-03-31T07:24:18.563+0000] {local_task_job_runner.py:266} INFO - Task exited with return code 0
[2025-03-31T07:24:18.587+0000] {taskinstance.py:3901} INFO - 0 downstream tasks scheduled from follow-on schedule check
[2025-03-31T07:24:18.593+0000] {local_task_job_runner.py:245} INFO - ::endgroup::
