[2025-03-27T12:52:33.909+0000] {local_task_job_runner.py:123} INFO - ::group::Pre task execution logs
[2025-03-27T12:52:34.087+0000] {taskinstance.py:2614} INFO - Dependencies all met for dep_context=non-requeueable deps ti=<TaskInstance: daily_weather_etl.run_weather_script manual__2025-03-27T12:52:30.787109+00:00 [queued]>
[2025-03-27T12:52:34.102+0000] {taskinstance.py:2614} INFO - Dependencies all met for dep_context=requeueable deps ti=<TaskInstance: daily_weather_etl.run_weather_script manual__2025-03-27T12:52:30.787109+00:00 [queued]>
[2025-03-27T12:52:34.105+0000] {taskinstance.py:2867} INFO - Starting attempt 1 of 2
[2025-03-27T12:52:34.127+0000] {taskinstance.py:2890} INFO - Executing <Task(BashOperator): run_weather_script> on 2025-03-27 12:52:30.787109+00:00
[2025-03-27T12:52:34.136+0000] {standard_task_runner.py:72} INFO - Started process 34170 to run task
[2025-03-27T12:52:34.140+0000] {standard_task_runner.py:104} INFO - Running: ['***', 'tasks', 'run', 'daily_weather_etl', 'run_weather_script', 'manual__2025-03-27T12:52:30.787109+00:00', '--job-id', '109', '--raw', '--subdir', 'DAGS_FOLDER/weather_dag.py', '--cfg-path', '/tmp/tmp_ef9a24r']
[2025-03-27T12:52:34.143+0000] {standard_task_runner.py:105} INFO - Job 109: Subtask run_weather_script
[2025-03-27T12:52:34.223+0000] {task_command.py:467} INFO - Running <TaskInstance: daily_weather_etl.run_weather_script manual__2025-03-27T12:52:30.787109+00:00 [running]> on host 3c3c1f66214b
[2025-03-27T12:52:34.361+0000] {taskinstance.py:3134} INFO - Exporting env vars: AIRFLOW_CTX_DAG_OWNER='***' AIRFLOW_CTX_DAG_ID='daily_weather_etl' AIRFLOW_CTX_TASK_ID='run_weather_script' AIRFLOW_CTX_EXECUTION_DATE='2025-03-27T12:52:30.787109+00:00' AIRFLOW_CTX_TRY_NUMBER='1' AIRFLOW_CTX_DAG_RUN_ID='manual__2025-03-27T12:52:30.787109+00:00'
[2025-03-27T12:52:34.366+0000] {logging_mixin.py:190} INFO - Task instance is in running state
[2025-03-27T12:52:34.368+0000] {logging_mixin.py:190} INFO -  Previous state of the Task instance: queued
[2025-03-27T12:52:34.370+0000] {logging_mixin.py:190} INFO - Current task name:run_weather_script state:running start_date:2025-03-27 12:52:34.088991+00:00
[2025-03-27T12:52:34.371+0000] {logging_mixin.py:190} INFO - Dag name:daily_weather_etl and current dag run status:running
[2025-03-27T12:52:34.373+0000] {taskinstance.py:732} INFO - ::endgroup::
[2025-03-27T12:52:34.375+0000] {subprocess.py:78} INFO - Tmp dir root location: /tmp
[2025-03-27T12:52:34.377+0000] {subprocess.py:88} INFO - Running command: ['/usr/bin/bash', '-c', 'python /opt/***/dags/main.py']
[2025-03-27T12:52:34.392+0000] {subprocess.py:99} INFO - Output:
[2025-03-27T12:52:34.625+0000] {subprocess.py:106} INFO - /opt/***/dags/main.py:18: SyntaxWarning: "is not" with a literal. Did you mean "!="?
[2025-03-27T12:52:34.626+0000] {subprocess.py:106} INFO -   if not exist and (CITY is not " " or LAT is not " " or LONG is not " ") :
[2025-03-27T12:52:34.628+0000] {subprocess.py:106} INFO - /opt/***/dags/main.py:18: SyntaxWarning: "is not" with a literal. Did you mean "!="?
[2025-03-27T12:52:34.630+0000] {subprocess.py:106} INFO -   if not exist and (CITY is not " " or LAT is not " " or LONG is not " ") :
[2025-03-27T12:52:34.633+0000] {subprocess.py:106} INFO - /opt/***/dags/main.py:18: SyntaxWarning: "is not" with a literal. Did you mean "!="?
[2025-03-27T12:52:34.635+0000] {subprocess.py:106} INFO -   if not exist and (CITY is not " " or LAT is not " " or LONG is not " ") :
[2025-03-27T12:52:38.619+0000] {subprocess.py:106} INFO - 25/03/27 12:52:38 WARN NativeCodeLoader: Unable to load native-hadoop library for your platform... using builtin-java classes where applicable
[2025-03-27T12:52:38.849+0000] {subprocess.py:106} INFO - Setting default log level to "WARN".
[2025-03-27T12:52:38.851+0000] {subprocess.py:106} INFO - To adjust logging level use sc.setLogLevel(newLevel). For SparkR, use setLogLevel(newLevel).
[2025-03-27T12:52:41.649+0000] {subprocess.py:106} INFO - Ciudades encontradas en el bucket:
[2025-03-27T12:52:41.652+0000] {subprocess.py:106} INFO - ['elche', 'san juan de alicante', 'torrevieja']
[2025-03-27T12:52:41.653+0000] {subprocess.py:106} INFO - False
[2025-03-27T12:52:41.655+0000] {subprocess.py:106} INFO - Vamos a crear un histórico de
[2025-03-27T12:52:42.204+0000] {subprocess.py:110} INFO - Command exited with return code 0
[2025-03-27T12:52:42.237+0000] {taskinstance.py:341} INFO - ::group::Post task execution logs
[2025-03-27T12:52:42.239+0000] {taskinstance.py:353} INFO - Marking task as SUCCESS. dag_id=daily_weather_etl, task_id=run_weather_script, run_id=manual__2025-03-27T12:52:30.787109+00:00, execution_date=20250327T125230, start_date=20250327T125234, end_date=20250327T125242
[2025-03-27T12:52:42.273+0000] {logging_mixin.py:190} INFO - Task instance in success state
[2025-03-27T12:52:42.275+0000] {logging_mixin.py:190} INFO -  Previous state of the Task instance: running
[2025-03-27T12:52:42.277+0000] {logging_mixin.py:190} INFO - Dag name:daily_weather_etl queued_at:2025-03-27 12:52:30.812471+00:00
[2025-03-27T12:52:42.279+0000] {logging_mixin.py:190} INFO - Task hostname:3c3c1f66214b operator:BashOperator
[2025-03-27T12:52:42.328+0000] {local_task_job_runner.py:266} INFO - Task exited with return code 0
[2025-03-27T12:52:42.355+0000] {taskinstance.py:3901} INFO - 0 downstream tasks scheduled from follow-on schedule check
[2025-03-27T12:52:42.358+0000] {local_task_job_runner.py:245} INFO - ::endgroup::
