[2025-04-09T08:30:02.110+0000] {local_task_job_runner.py:123} INFO - ::group::Pre task execution logs
[2025-04-09T08:30:02.238+0000] {taskinstance.py:2614} INFO - Dependencies all met for dep_context=non-requeueable deps ti=<TaskInstance: daily_weather_etl.run_main_script manual__2025-04-09T08:29:59.812655+00:00 [queued]>
[2025-04-09T08:30:02.248+0000] {taskinstance.py:2614} INFO - Dependencies all met for dep_context=requeueable deps ti=<TaskInstance: daily_weather_etl.run_main_script manual__2025-04-09T08:29:59.812655+00:00 [queued]>
[2025-04-09T08:30:02.251+0000] {taskinstance.py:2867} INFO - Starting attempt 1 of 2
[2025-04-09T08:30:02.265+0000] {taskinstance.py:2890} INFO - Executing <Task(BashOperator): run_main_script> on 2025-04-09 08:29:59.812655+00:00
[2025-04-09T08:30:02.272+0000] {standard_task_runner.py:72} INFO - Started process 4906 to run task
[2025-04-09T08:30:02.275+0000] {standard_task_runner.py:104} INFO - Running: ['***', 'tasks', 'run', 'daily_weather_etl', 'run_main_script', 'manual__2025-04-09T08:29:59.812655+00:00', '--job-id', '251', '--raw', '--subdir', 'DAGS_FOLDER/weather_dag.py', '--cfg-path', '/tmp/tmpt77doo2b']
[2025-04-09T08:30:02.277+0000] {standard_task_runner.py:105} INFO - Job 251: Subtask run_main_script
[2025-04-09T08:30:02.320+0000] {task_command.py:467} INFO - Running <TaskInstance: daily_weather_etl.run_main_script manual__2025-04-09T08:29:59.812655+00:00 [running]> on host 3c3c1f66214b
[2025-04-09T08:30:02.403+0000] {taskinstance.py:3134} INFO - Exporting env vars: AIRFLOW_CTX_DAG_OWNER='***' AIRFLOW_CTX_DAG_ID='daily_weather_etl' AIRFLOW_CTX_TASK_ID='run_main_script' AIRFLOW_CTX_EXECUTION_DATE='2025-04-09T08:29:59.812655+00:00' AIRFLOW_CTX_TRY_NUMBER='1' AIRFLOW_CTX_DAG_RUN_ID='manual__2025-04-09T08:29:59.812655+00:00'
[2025-04-09T08:30:02.405+0000] {logging_mixin.py:190} INFO - Task instance is in running state
[2025-04-09T08:30:02.406+0000] {logging_mixin.py:190} INFO -  Previous state of the Task instance: queued
[2025-04-09T08:30:02.406+0000] {logging_mixin.py:190} INFO - Current task name:run_main_script state:running start_date:2025-04-09 08:30:02.239985+00:00
[2025-04-09T08:30:02.407+0000] {logging_mixin.py:190} INFO - Dag name:daily_weather_etl and current dag run status:running
[2025-04-09T08:30:02.408+0000] {taskinstance.py:732} INFO - ::endgroup::
[2025-04-09T08:30:02.409+0000] {subprocess.py:78} INFO - Tmp dir root location: /tmp
[2025-04-09T08:30:02.410+0000] {subprocess.py:88} INFO - Running command: ['/usr/bin/bash', '-c', 'python /opt/***/dags/main.py']
[2025-04-09T08:30:02.421+0000] {subprocess.py:99} INFO - Output:
[2025-04-09T08:30:05.057+0000] {subprocess.py:106} INFO - 25/04/09 08:30:05 WARN NativeCodeLoader: Unable to load native-hadoop library for your platform... using builtin-java classes where applicable
[2025-04-09T08:30:05.251+0000] {subprocess.py:106} INFO - Setting default log level to "WARN".
[2025-04-09T08:30:05.252+0000] {subprocess.py:106} INFO - To adjust logging level use sc.setLogLevel(newLevel). For SparkR, use setLogLevel(newLevel).
[2025-04-09T08:30:19.464+0000] {subprocess.py:106} INFO - [Stage 0:>                                                          (0 + 8) / 8]                                                                                Ciudades registradas:
[2025-04-09T08:30:19.465+0000] {subprocess.py:106} INFO - Vamos a crear un histórico de valencia
[2025-04-09T08:30:19.466+0000] {subprocess.py:106} INFO - +--------+----------------+-----------+--------+--------+---------+---------+-------------+
[2025-04-09T08:30:19.467+0000] {subprocess.py:106} INFO - |city    |time            |temperature|wind_kph|humidity|feelslike|precip_mm|text         |
[2025-04-09T08:30:19.468+0000] {subprocess.py:106} INFO - +--------+----------------+-----------+--------+--------+---------+---------+-------------+
[2025-04-09T08:30:19.469+0000] {subprocess.py:106} INFO - |valencia|2021-01-01 04:00|7.1        |5.4     |77      |7.1      |0.0      |Partly Cloudy|
[2025-04-09T08:30:19.469+0000] {subprocess.py:106} INFO - |valencia|2021-01-01 09:00|7.4        |15.6    |73      |7.4      |0.3      |Light Drizzle|
[2025-04-09T08:30:19.472+0000] {subprocess.py:106} INFO - |valencia|2021-01-01 15:00|12.1       |15.4    |42      |12.1     |0.0      |Partly Cloudy|
[2025-04-09T08:30:19.474+0000] {subprocess.py:106} INFO - |valencia|2021-01-01 22:00|8.1        |19.7    |50      |8.1      |0.0      |Sunny        |
[2025-04-09T08:30:19.476+0000] {subprocess.py:106} INFO - |valencia|2021-01-02 04:00|5.7        |14.8    |55      |5.7      |0.0      |Sunny        |
[2025-04-09T08:30:19.479+0000] {subprocess.py:106} INFO - |valencia|2021-01-02 09:00|4.7        |19.2    |42      |4.7      |0.0      |Sunny        |
[2025-04-09T08:30:19.481+0000] {subprocess.py:106} INFO - |valencia|2021-01-02 15:00|11.0       |18.2    |33      |11.0     |0.0      |Partly Cloudy|
[2025-04-09T08:30:19.484+0000] {subprocess.py:106} INFO - |valencia|2021-01-02 22:00|6.4        |14.8    |34      |6.4      |0.0      |Cloudy       |
[2025-04-09T08:30:19.486+0000] {subprocess.py:106} INFO - |valencia|2021-01-03 04:00|5.3        |12.0    |50      |5.3      |0.0      |Sunny        |
[2025-04-09T08:30:19.487+0000] {subprocess.py:106} INFO - |valencia|2021-01-03 09:00|3.9        |11.4    |48      |3.9      |0.0      |Sunny        |
[2025-04-09T08:30:19.488+0000] {subprocess.py:106} INFO - |valencia|2021-01-03 15:00|12.5       |18.0    |31      |12.5     |0.0      |Sunny        |
[2025-04-09T08:30:19.489+0000] {subprocess.py:106} INFO - |valencia|2021-01-03 22:00|7.4        |15.0    |46      |7.4      |0.0      |Sunny        |
[2025-04-09T08:30:19.490+0000] {subprocess.py:106} INFO - |valencia|2021-01-04 04:00|5.9        |14.4    |56      |5.9      |0.0      |Sunny        |
[2025-04-09T08:30:19.491+0000] {subprocess.py:106} INFO - |valencia|2021-01-04 09:00|4.9        |13.6    |66      |4.9      |0.0      |Sunny        |
[2025-04-09T08:30:19.492+0000] {subprocess.py:106} INFO - |valencia|2021-01-04 15:00|11.9       |19.8    |34      |11.9     |0.0      |Sunny        |
[2025-04-09T08:30:19.493+0000] {subprocess.py:106} INFO - |valencia|2021-01-04 22:00|6.0        |13.7    |55      |6.0      |0.0      |Sunny        |
[2025-04-09T08:30:19.495+0000] {subprocess.py:106} INFO - |valencia|2021-01-05 04:00|3.8        |13.1    |60      |3.8      |0.0      |Sunny        |
[2025-04-09T08:30:19.496+0000] {subprocess.py:106} INFO - |valencia|2021-01-05 09:00|1.1        |9.0     |67      |1.1      |0.0      |Sunny        |
[2025-04-09T08:30:19.498+0000] {subprocess.py:106} INFO - |valencia|2021-01-05 15:00|11.1       |5.6     |37      |11.1     |0.0      |Sunny        |
[2025-04-09T08:30:19.498+0000] {subprocess.py:106} INFO - |valencia|2021-01-05 22:00|3.8        |6.5     |71      |3.8      |0.0      |Sunny        |
[2025-04-09T08:30:19.499+0000] {subprocess.py:106} INFO - +--------+----------------+-----------+--------+--------+---------+---------+-------------+
[2025-04-09T08:30:19.500+0000] {subprocess.py:106} INFO - only showing top 20 rows
[2025-04-09T08:30:19.501+0000] {subprocess.py:106} INFO - 
[2025-04-09T08:30:19.502+0000] {subprocess.py:106} INFO - Error: [UNRESOLVED_COLUMN.WITH_SUGGESTION] A column or function parameter with name `date` cannot be resolved. Did you mean one of the following? [`city`, `text`, `time`, `humidity`, `wind_kph`].;
[2025-04-09T08:30:19.503+0000] {subprocess.py:106} INFO - 'Project [lower(city#12) AS lower(city)#82, 'date]
[2025-04-09T08:30:19.510+0000] {subprocess.py:106} INFO - +- Sort [time#39 ASC NULLS FIRST], true
[2025-04-09T08:30:19.512+0000] {subprocess.py:106} INFO -    +- Project [city#12, regexp_replace(time#4, T,  , 1) AS time#39, temperature#2, wind_kph#5, humidity#0L, feelslike#20, precip_mm#1, text#30]
[2025-04-09T08:30:19.513+0000] {subprocess.py:106} INFO -       +- Project [humidity#0L, precip_mm#1, temperature#2, map_to_description(text#3L)#29 AS text#30, time#4, wind_kph#5, city#12, feelslike#20]
[2025-04-09T08:30:19.514+0000] {subprocess.py:106} INFO -          +- Project [humidity#0L, precip_mm#1, temperature#2, text#3L, time#4, wind_kph#5, city#12, temperature#2 AS feelslike#20]
[2025-04-09T08:30:19.515+0000] {subprocess.py:106} INFO -             +- Project [humidity#0L, precip_mm#1, temperature#2, text#3L, time#4, wind_kph#5, valencia AS city#12]
[2025-04-09T08:30:19.516+0000] {subprocess.py:106} INFO -                +- Filter (((EndsWith(time#4, 04:00) OR EndsWith(time#4, 09:00)) OR EndsWith(time#4, 15:00)) OR EndsWith(time#4, 22:00))
[2025-04-09T08:30:19.517+0000] {subprocess.py:106} INFO -                   +- LogicalRDD [humidity#0L, precip_mm#1, temperature#2, text#3L, time#4, wind_kph#5], false
[2025-04-09T08:30:19.518+0000] {subprocess.py:106} INFO - 
[2025-04-09T08:30:20.033+0000] {subprocess.py:110} INFO - Command exited with return code 0
[2025-04-09T08:30:20.058+0000] {taskinstance.py:341} INFO - ::group::Post task execution logs
[2025-04-09T08:30:20.060+0000] {taskinstance.py:353} INFO - Marking task as SUCCESS. dag_id=daily_weather_etl, task_id=run_main_script, run_id=manual__2025-04-09T08:29:59.812655+00:00, execution_date=20250409T082959, start_date=20250409T083002, end_date=20250409T083020
[2025-04-09T08:30:20.081+0000] {logging_mixin.py:190} INFO - Task instance in success state
[2025-04-09T08:30:20.082+0000] {logging_mixin.py:190} INFO -  Previous state of the Task instance: running
[2025-04-09T08:30:20.083+0000] {logging_mixin.py:190} INFO - Dag name:daily_weather_etl queued_at:2025-04-09 08:29:59.859453+00:00
[2025-04-09T08:30:20.084+0000] {logging_mixin.py:190} INFO - Task hostname:3c3c1f66214b operator:BashOperator
[2025-04-09T08:30:20.122+0000] {local_task_job_runner.py:266} INFO - Task exited with return code 0
[2025-04-09T08:30:20.152+0000] {taskinstance.py:3901} INFO - 0 downstream tasks scheduled from follow-on schedule check
[2025-04-09T08:30:20.155+0000] {local_task_job_runner.py:245} INFO - ::endgroup::
