[2025-03-31T06:48:51.236+0000] {local_task_job_runner.py:123} INFO - ::group::Pre task execution logs
[2025-03-31T06:48:51.702+0000] {taskinstance.py:2614} INFO - Dependencies all met for dep_context=non-requeueable deps ti=<TaskInstance: daily_weather_etl.run_main_script manual__2025-03-31T06:48:46.622063+00:00 [queued]>
[2025-03-31T06:48:51.725+0000] {taskinstance.py:2614} INFO - Dependencies all met for dep_context=requeueable deps ti=<TaskInstance: daily_weather_etl.run_main_script manual__2025-03-31T06:48:46.622063+00:00 [queued]>
[2025-03-31T06:48:51.728+0000] {taskinstance.py:2867} INFO - Starting attempt 1 of 2
[2025-03-31T06:48:51.762+0000] {taskinstance.py:2890} INFO - Executing <Task(BashOperator): run_main_script> on 2025-03-31 06:48:46.622063+00:00
[2025-03-31T06:48:51.779+0000] {standard_task_runner.py:72} INFO - Started process 3105 to run task
[2025-03-31T06:48:51.787+0000] {standard_task_runner.py:104} INFO - Running: ['***', 'tasks', 'run', 'daily_weather_etl', 'run_main_script', 'manual__2025-03-31T06:48:46.622063+00:00', '--job-id', '179', '--raw', '--subdir', 'DAGS_FOLDER/weather_dag.py', '--cfg-path', '/tmp/tmp5iwo2m1o']
[2025-03-31T06:48:51.798+0000] {standard_task_runner.py:105} INFO - Job 179: Subtask run_main_script
[2025-03-31T06:48:51.919+0000] {task_command.py:467} INFO - Running <TaskInstance: daily_weather_etl.run_main_script manual__2025-03-31T06:48:46.622063+00:00 [running]> on host 3c3c1f66214b
[2025-03-31T06:48:52.244+0000] {taskinstance.py:3134} INFO - Exporting env vars: AIRFLOW_CTX_DAG_OWNER='***' AIRFLOW_CTX_DAG_ID='daily_weather_etl' AIRFLOW_CTX_TASK_ID='run_main_script' AIRFLOW_CTX_EXECUTION_DATE='2025-03-31T06:48:46.622063+00:00' AIRFLOW_CTX_TRY_NUMBER='1' AIRFLOW_CTX_DAG_RUN_ID='manual__2025-03-31T06:48:46.622063+00:00'
[2025-03-31T06:48:52.249+0000] {logging_mixin.py:190} INFO - Task instance is in running state
[2025-03-31T06:48:52.256+0000] {logging_mixin.py:190} INFO -  Previous state of the Task instance: queued
[2025-03-31T06:48:52.258+0000] {logging_mixin.py:190} INFO - Current task name:run_main_script state:running start_date:2025-03-31 06:48:51.704551+00:00
[2025-03-31T06:48:52.262+0000] {logging_mixin.py:190} INFO - Dag name:daily_weather_etl and current dag run status:running
[2025-03-31T06:48:52.264+0000] {taskinstance.py:732} INFO - ::endgroup::
[2025-03-31T06:48:52.268+0000] {subprocess.py:78} INFO - Tmp dir root location: /tmp
[2025-03-31T06:48:52.272+0000] {subprocess.py:88} INFO - Running command: ['/usr/bin/bash', '-c', 'python /opt/***/dags/main.py']
[2025-03-31T06:48:52.296+0000] {subprocess.py:99} INFO - Output:
[2025-03-31T06:48:59.003+0000] {subprocess.py:106} INFO - 25/03/31 06:48:58 WARN NativeCodeLoader: Unable to load native-hadoop library for your platform... using builtin-java classes where applicable
[2025-03-31T06:48:59.458+0000] {subprocess.py:106} INFO - Setting default log level to "WARN".
[2025-03-31T06:48:59.461+0000] {subprocess.py:106} INFO - To adjust logging level use sc.setLogLevel(newLevel). For SparkR, use setLogLevel(newLevel).
[2025-03-31T06:49:02.764+0000] {subprocess.py:106} INFO - Ciudades registradas:
[2025-03-31T06:49:03.369+0000] {subprocess.py:110} INFO - Command exited with return code 0
[2025-03-31T06:49:03.441+0000] {taskinstance.py:341} INFO - ::group::Post task execution logs
[2025-03-31T06:49:03.446+0000] {taskinstance.py:353} INFO - Marking task as SUCCESS. dag_id=daily_weather_etl, task_id=run_main_script, run_id=manual__2025-03-31T06:48:46.622063+00:00, execution_date=20250331T064846, start_date=20250331T064851, end_date=20250331T064903
[2025-03-31T06:49:03.490+0000] {logging_mixin.py:190} INFO - Task instance in success state
[2025-03-31T06:49:03.492+0000] {logging_mixin.py:190} INFO -  Previous state of the Task instance: running
[2025-03-31T06:49:03.493+0000] {logging_mixin.py:190} INFO - Dag name:daily_weather_etl queued_at:2025-03-31 06:48:46.636833+00:00
[2025-03-31T06:49:03.495+0000] {logging_mixin.py:190} INFO - Task hostname:3c3c1f66214b operator:BashOperator
[2025-03-31T06:49:03.532+0000] {local_task_job_runner.py:266} INFO - Task exited with return code 0
[2025-03-31T06:49:03.567+0000] {taskinstance.py:3901} INFO - 1 downstream tasks scheduled from follow-on schedule check
[2025-03-31T06:49:03.570+0000] {local_task_job_runner.py:245} INFO - ::endgroup::
