[2025-04-04T07:00:48.161+0000] {local_task_job_runner.py:123} INFO - ::group::Pre task execution logs
[2025-04-04T07:00:48.300+0000] {taskinstance.py:2614} INFO - Dependencies all met for dep_context=non-requeueable deps ti=<TaskInstance: daily_weather_etl.run_prediction_script scheduled__2025-04-03T07:00:00+00:00 [queued]>
[2025-04-04T07:00:48.312+0000] {taskinstance.py:2614} INFO - Dependencies all met for dep_context=requeueable deps ti=<TaskInstance: daily_weather_etl.run_prediction_script scheduled__2025-04-03T07:00:00+00:00 [queued]>
[2025-04-04T07:00:48.315+0000] {taskinstance.py:2867} INFO - Starting attempt 1 of 2
[2025-04-04T07:00:48.328+0000] {taskinstance.py:2890} INFO - Executing <Task(BashOperator): run_prediction_script> on 2025-04-03 07:00:00+00:00
[2025-04-04T07:00:48.335+0000] {standard_task_runner.py:72} INFO - Started process 2252 to run task
[2025-04-04T07:00:48.339+0000] {standard_task_runner.py:104} INFO - Running: ['***', 'tasks', 'run', 'daily_weather_etl', 'run_prediction_script', 'scheduled__2025-04-03T07:00:00+00:00', '--job-id', '223', '--raw', '--subdir', 'DAGS_FOLDER/weather_dag.py', '--cfg-path', '/tmp/tmp6rgz8eek']
[2025-04-04T07:00:48.341+0000] {standard_task_runner.py:105} INFO - Job 223: Subtask run_prediction_script
[2025-04-04T07:00:48.394+0000] {task_command.py:467} INFO - Running <TaskInstance: daily_weather_etl.run_prediction_script scheduled__2025-04-03T07:00:00+00:00 [running]> on host 3c3c1f66214b
[2025-04-04T07:00:48.478+0000] {taskinstance.py:3134} INFO - Exporting env vars: AIRFLOW_CTX_DAG_OWNER='***' AIRFLOW_CTX_DAG_ID='daily_weather_etl' AIRFLOW_CTX_TASK_ID='run_prediction_script' AIRFLOW_CTX_EXECUTION_DATE='2025-04-03T07:00:00+00:00' AIRFLOW_CTX_TRY_NUMBER='1' AIRFLOW_CTX_DAG_RUN_ID='scheduled__2025-04-03T07:00:00+00:00'
[2025-04-04T07:00:48.480+0000] {logging_mixin.py:190} INFO - Task instance is in running state
[2025-04-04T07:00:48.481+0000] {logging_mixin.py:190} INFO -  Previous state of the Task instance: queued
[2025-04-04T07:00:48.482+0000] {logging_mixin.py:190} INFO - Current task name:run_prediction_script state:running start_date:2025-04-04 07:00:48.302000+00:00
[2025-04-04T07:00:48.483+0000] {logging_mixin.py:190} INFO - Dag name:daily_weather_etl and current dag run status:running
[2025-04-04T07:00:48.483+0000] {taskinstance.py:732} INFO - ::endgroup::
[2025-04-04T07:00:48.485+0000] {subprocess.py:78} INFO - Tmp dir root location: /tmp
[2025-04-04T07:00:48.486+0000] {subprocess.py:88} INFO - Running command: ['/usr/bin/bash', '-c', 'python /opt/***/dags/ml_prediction.py']
[2025-04-04T07:00:48.498+0000] {subprocess.py:99} INFO - Output:
[2025-04-04T07:00:50.821+0000] {subprocess.py:106} INFO - 25/04/04 07:00:50 WARN NativeCodeLoader: Unable to load native-hadoop library for your platform... using builtin-java classes where applicable
[2025-04-04T07:00:50.975+0000] {subprocess.py:106} INFO - Setting default log level to "WARN".
[2025-04-04T07:00:50.976+0000] {subprocess.py:106} INFO - To adjust logging level use sc.setLogLevel(newLevel). For SparkR, use setLogLevel(newLevel).
[2025-04-04T07:00:59.835+0000] {subprocess.py:106} INFO - [Stage 2:>                                                          (0 + 1) / 1]                                                                                25/04/04 07:00:59 WARN Instrumentation: [599455f2] regParam is zero, which might cause numerical instability and overfitting.
[2025-04-04T07:00:59.999+0000] {subprocess.py:106} INFO - 25/04/04 07:00:59 WARN InstanceBuilder: Failed to load implementation from:dev.ludovic.netlib.blas.JNIBLAS
[2025-04-04T07:01:00.007+0000] {subprocess.py:106} INFO - 25/04/04 07:01:00 WARN InstanceBuilder: Failed to load implementation from:dev.ludovic.netlib.blas.VectorBLAS
[2025-04-04T07:01:00.285+0000] {subprocess.py:106} INFO - 25/04/04 07:01:00 WARN InstanceBuilder: Failed to load implementation from:dev.ludovic.netlib.lapack.JNILAPACK
[2025-04-04T07:01:09.876+0000] {subprocess.py:106} INFO - [Stage 25:>                                                         (0 + 8) / 8]                                                                                25/04/04 07:01:09 WARN Instrumentation: [5309f98d] regParam is zero, which might cause numerical instability and overfitting.
[2025-04-04T07:01:15.649+0000] {subprocess.py:106} INFO - 25/04/04 07:01:15 WARN Instrumentation: [cbbd93fb] regParam is zero, which might cause numerical instability and overfitting.
[2025-04-04T07:01:20.580+0000] {subprocess.py:106} INFO - 25/04/04 07:01:20 WARN Instrumentation: [68a9a4b7] regParam is zero, which might cause numerical instability and overfitting.
[2025-04-04T07:01:28.221+0000] {subprocess.py:106} INFO - +--------------------+----------+--------+------------------+--------------------+------------------+------------------+
[2025-04-04T07:01:28.223+0000] {subprocess.py:106} INFO - |city                |date      |time    |humidity          |precip_mm           |temperature       |wind_kph          |
[2025-04-04T07:01:28.224+0000] {subprocess.py:106} INFO - +--------------------+----------+--------+------------------+--------------------+------------------+------------------+
[2025-04-04T07:01:28.224+0000] {subprocess.py:106} INFO - |elche               |2025-04-05|04:00:00|79.77937446442515 |0.04618815302551137 |13.144131647304246|7.940422507837269 |
[2025-04-04T07:01:28.225+0000] {subprocess.py:106} INFO - |elche               |2025-04-05|09:00:00|71.64155237218866 |0.056292215574776115|14.977241219800536|9.794540145234919 |
[2025-04-04T07:01:28.226+0000] {subprocess.py:106} INFO - |elche               |2025-04-05|15:00:00|54.27672116736047 |0.07104171838265905 |20.42328012509402 |12.841143848057607|
[2025-04-04T07:01:28.227+0000] {subprocess.py:106} INFO - |elche               |2025-04-05|22:00:00|68.94811467249329 |0.05136670737430706 |17.35232467607234 |9.635351746518968 |
[2025-04-04T07:01:28.228+0000] {subprocess.py:106} INFO - |madrid              |2025-04-05|04:00:00|79.39994679614337 |0.04618815302551137 |12.242402128572689|8.006917774926311 |
[2025-04-04T07:01:28.228+0000] {subprocess.py:106} INFO - |madrid              |2025-04-05|09:00:00|70.32161068270548 |0.056292215574776115|13.79085365505265 |10.448112555100217|
[2025-04-04T07:01:28.229+0000] {subprocess.py:106} INFO - |madrid              |2025-04-05|15:00:00|53.40559813554262 |0.07104171838265905 |19.34057592987216 |13.146255915869846|
[2025-04-04T07:01:28.230+0000] {subprocess.py:106} INFO - |madrid              |2025-04-05|22:00:00|68.37319886931058 |0.05136670737430706 |16.36424252721727 |9.77778948183256  |
[2025-04-04T07:01:28.231+0000] {subprocess.py:106} INFO - |san juan de alicante|2025-04-05|04:00:00|79.58966063028426 |0.04618815302551137 |12.65858498337187 |7.845429269138636 |
[2025-04-04T07:01:28.231+0000] {subprocess.py:106} INFO - |san juan de alicante|2025-04-05|09:00:00|70.98158152744708 |0.056292215574776115|14.338417146474754|8.860865273998776 |
[2025-04-04T07:01:28.232+0000] {subprocess.py:106} INFO - |san juan de alicante|2025-04-05|15:00:00|53.84115965145155 |0.07104171838265905 |19.8402855584361  |12.405269465468693|
[2025-04-04T07:01:28.233+0000] {subprocess.py:106} INFO - |san juan de alicante|2025-04-05|22:00:00|68.66065677090194 |0.05136670737430706 |16.82028044207346 |9.43186926749955  |
[2025-04-04T07:01:28.234+0000] {subprocess.py:106} INFO - |torrevieja          |2025-04-05|04:00:00|81.48679897169313 |0.04618815302551137 |13.213495456437439|7.726687720765344 |
[2025-04-04T07:01:28.235+0000] {subprocess.py:106} INFO - |torrevieja          |2025-04-05|09:00:00|77.58128997486301 |0.056292215574776115|15.068501801704219|7.6937716849535995|
[2025-04-04T07:01:28.236+0000] {subprocess.py:106} INFO - |torrevieja          |2025-04-05|15:00:00|58.196774810540866|0.07104171838265905 |20.50656506318801 |11.860426487232553|
[2025-04-04T07:01:28.236+0000] {subprocess.py:106} INFO - |torrevieja          |2025-04-05|22:00:00|71.5352357868154  |0.05136670737430706 |17.428330995215035|9.177516168725278 |
[2025-04-04T07:01:28.237+0000] {subprocess.py:106} INFO - |valencia            |2025-04-05|04:00:00|79.39994679614337 |0.04618815302551137 |14.04586116603581 |8.291897491022212 |
[2025-04-04T07:01:28.238+0000] {subprocess.py:106} INFO - |valencia            |2025-04-05|09:00:00|70.32161068270548 |0.056292215574776115|16.163628784548425|13.249137168808641|
[2025-04-04T07:01:28.239+0000] {subprocess.py:106} INFO - |valencia            |2025-04-05|15:00:00|53.40559813554262 |0.07104171838265905 |21.50598432031589 |14.453879063636585|
[2025-04-04T07:01:28.240+0000] {subprocess.py:106} INFO - |valencia            |2025-04-05|22:00:00|68.37319886931058 |0.05136670737430706 |18.340406824927413|10.388236918890815|
[2025-04-04T07:01:28.240+0000] {subprocess.py:106} INFO - +--------------------+----------+--------+------------------+--------------------+------------------+------------------+
[2025-04-04T07:01:28.241+0000] {subprocess.py:106} INFO - 
[2025-04-04T07:01:28.242+0000] {subprocess.py:106} INFO - Nombre de la carpeta: 2025-04-05
[2025-04-04T07:01:28.243+0000] {subprocess.py:106} INFO - Archivo Parquet generado: /tmp/tmpisnmurxy/2025-04-05/part-00000-1443e200-1c47-4044-a3b4-0a238be342a6-c000.snappy.parquet
[2025-04-04T07:01:28.243+0000] {subprocess.py:106} INFO - Archivo subido correctamente a MinIO en: 2025-04-05/2025-04-05.parquet
[2025-04-04T07:01:28.244+0000] {subprocess.py:106} INFO - Datos registrados correctamente en la bbdd
[2025-04-04T07:01:28.754+0000] {subprocess.py:110} INFO - Command exited with return code 0
[2025-04-04T07:01:28.774+0000] {taskinstance.py:341} INFO - ::group::Post task execution logs
[2025-04-04T07:01:28.775+0000] {taskinstance.py:353} INFO - Marking task as SUCCESS. dag_id=daily_weather_etl, task_id=run_prediction_script, run_id=scheduled__2025-04-03T07:00:00+00:00, execution_date=20250403T070000, start_date=20250404T070048, end_date=20250404T070128
[2025-04-04T07:01:28.794+0000] {logging_mixin.py:190} INFO - Task instance in success state
[2025-04-04T07:01:28.796+0000] {logging_mixin.py:190} INFO -  Previous state of the Task instance: running
[2025-04-04T07:01:28.797+0000] {logging_mixin.py:190} INFO - Dag name:daily_weather_etl queued_at:2025-04-04 07:00:01.357941+00:00
[2025-04-04T07:01:28.797+0000] {logging_mixin.py:190} INFO - Task hostname:3c3c1f66214b operator:BashOperator
[2025-04-04T07:01:28.820+0000] {local_task_job_runner.py:266} INFO - Task exited with return code 0
[2025-04-04T07:01:28.835+0000] {taskinstance.py:3901} INFO - 0 downstream tasks scheduled from follow-on schedule check
[2025-04-04T07:01:28.837+0000] {local_task_job_runner.py:245} INFO - ::endgroup::
