[2025-03-27T12:50:01.394+0000] {local_task_job_runner.py:123} INFO - ::group::Pre task execution logs
[2025-03-27T12:50:01.585+0000] {taskinstance.py:2614} INFO - Dependencies all met for dep_context=non-requeueable deps ti=<TaskInstance: daily_weather_etl.run_weather_script manual__2025-03-27T12:49:57.794262+00:00 [queued]>
[2025-03-27T12:50:01.602+0000] {taskinstance.py:2614} INFO - Dependencies all met for dep_context=requeueable deps ti=<TaskInstance: daily_weather_etl.run_weather_script manual__2025-03-27T12:49:57.794262+00:00 [queued]>
[2025-03-27T12:50:01.607+0000] {taskinstance.py:2867} INFO - Starting attempt 1 of 2
[2025-03-27T12:50:01.631+0000] {taskinstance.py:2890} INFO - Executing <Task(BashOperator): run_weather_script> on 2025-03-27 12:49:57.794262+00:00
[2025-03-27T12:50:01.639+0000] {standard_task_runner.py:72} INFO - Started process 34007 to run task
[2025-03-27T12:50:01.646+0000] {standard_task_runner.py:104} INFO - Running: ['***', 'tasks', 'run', 'daily_weather_etl', 'run_weather_script', 'manual__2025-03-27T12:49:57.794262+00:00', '--job-id', '108', '--raw', '--subdir', 'DAGS_FOLDER/weather_dag.py', '--cfg-path', '/tmp/tmpnx7_wx57']
[2025-03-27T12:50:01.649+0000] {standard_task_runner.py:105} INFO - Job 108: Subtask run_weather_script
[2025-03-27T12:50:01.727+0000] {task_command.py:467} INFO - Running <TaskInstance: daily_weather_etl.run_weather_script manual__2025-03-27T12:49:57.794262+00:00 [running]> on host 3c3c1f66214b
[2025-03-27T12:50:01.901+0000] {taskinstance.py:3134} INFO - Exporting env vars: AIRFLOW_CTX_DAG_OWNER='***' AIRFLOW_CTX_DAG_ID='daily_weather_etl' AIRFLOW_CTX_TASK_ID='run_weather_script' AIRFLOW_CTX_EXECUTION_DATE='2025-03-27T12:49:57.794262+00:00' AIRFLOW_CTX_TRY_NUMBER='1' AIRFLOW_CTX_DAG_RUN_ID='manual__2025-03-27T12:49:57.794262+00:00'
[2025-03-27T12:50:01.904+0000] {logging_mixin.py:190} INFO - Task instance is in running state
[2025-03-27T12:50:01.906+0000] {logging_mixin.py:190} INFO -  Previous state of the Task instance: queued
[2025-03-27T12:50:01.909+0000] {logging_mixin.py:190} INFO - Current task name:run_weather_script state:running start_date:2025-03-27 12:50:01.587913+00:00
[2025-03-27T12:50:01.911+0000] {logging_mixin.py:190} INFO - Dag name:daily_weather_etl and current dag run status:running
[2025-03-27T12:50:01.913+0000] {taskinstance.py:732} INFO - ::endgroup::
[2025-03-27T12:50:01.916+0000] {subprocess.py:78} INFO - Tmp dir root location: /tmp
[2025-03-27T12:50:01.919+0000] {subprocess.py:88} INFO - Running command: ['/usr/bin/bash', '-c', 'python /opt/***/dags/main.py']
[2025-03-27T12:50:01.937+0000] {subprocess.py:99} INFO - Output:
[2025-03-27T12:50:07.129+0000] {subprocess.py:106} INFO - 25/03/27 12:50:07 WARN NativeCodeLoader: Unable to load native-hadoop library for your platform... using builtin-java classes where applicable
[2025-03-27T12:50:07.427+0000] {subprocess.py:106} INFO - Setting default log level to "WARN".
[2025-03-27T12:50:07.429+0000] {subprocess.py:106} INFO - To adjust logging level use sc.setLogLevel(newLevel). For SparkR, use setLogLevel(newLevel).
[2025-03-27T12:50:10.073+0000] {subprocess.py:106} INFO - Ciudades encontradas en el bucket:
[2025-03-27T12:50:10.077+0000] {subprocess.py:106} INFO - ['elche', 'san juan de alicante', 'torrevieja']
[2025-03-27T12:50:10.080+0000] {subprocess.py:106} INFO - False
[2025-03-27T12:50:10.084+0000] {subprocess.py:106} INFO - Vamos a crear un histórico de
[2025-03-27T12:50:10.661+0000] {subprocess.py:110} INFO - Command exited with return code 0
[2025-03-27T12:50:10.721+0000] {taskinstance.py:341} INFO - ::group::Post task execution logs
[2025-03-27T12:50:10.725+0000] {taskinstance.py:353} INFO - Marking task as SUCCESS. dag_id=daily_weather_etl, task_id=run_weather_script, run_id=manual__2025-03-27T12:49:57.794262+00:00, execution_date=20250327T124957, start_date=20250327T125001, end_date=20250327T125010
[2025-03-27T12:50:10.783+0000] {logging_mixin.py:190} INFO - Task instance in success state
[2025-03-27T12:50:10.786+0000] {logging_mixin.py:190} INFO -  Previous state of the Task instance: running
[2025-03-27T12:50:10.789+0000] {logging_mixin.py:190} INFO - Dag name:daily_weather_etl queued_at:2025-03-27 12:49:57.815742+00:00
[2025-03-27T12:50:10.792+0000] {logging_mixin.py:190} INFO - Task hostname:3c3c1f66214b operator:BashOperator
[2025-03-27T12:50:10.843+0000] {local_task_job_runner.py:266} INFO - Task exited with return code 0
[2025-03-27T12:50:10.877+0000] {taskinstance.py:3901} INFO - 0 downstream tasks scheduled from follow-on schedule check
[2025-03-27T12:50:10.883+0000] {local_task_job_runner.py:245} INFO - ::endgroup::
