[2025-04-15T07:00:38.474+0000] {local_task_job_runner.py:123} INFO - ::group::Pre task execution logs
[2025-04-15T07:00:38.605+0000] {taskinstance.py:2614} INFO - Dependencies all met for dep_context=non-requeueable deps ti=<TaskInstance: daily_weather_etl.run_postgres_script scheduled__2025-04-14T07:00:00+00:00 [queued]>
[2025-04-15T07:00:38.617+0000] {taskinstance.py:2614} INFO - Dependencies all met for dep_context=requeueable deps ti=<TaskInstance: daily_weather_etl.run_postgres_script scheduled__2025-04-14T07:00:00+00:00 [queued]>
[2025-04-15T07:00:38.620+0000] {taskinstance.py:2867} INFO - Starting attempt 1 of 2
[2025-04-15T07:00:38.634+0000] {taskinstance.py:2890} INFO - Executing <Task(BashOperator): run_postgres_script> on 2025-04-14 07:00:00+00:00
[2025-04-15T07:00:38.641+0000] {standard_task_runner.py:72} INFO - Started process 2082 to run task
[2025-04-15T07:00:38.645+0000] {standard_task_runner.py:104} INFO - Running: ['***', 'tasks', 'run', 'daily_weather_etl', 'run_postgres_script', 'scheduled__2025-04-14T07:00:00+00:00', '--job-id', '294', '--raw', '--subdir', 'DAGS_FOLDER/weather_dag.py', '--cfg-path', '/tmp/tmpojmgmmrb']
[2025-04-15T07:00:38.647+0000] {standard_task_runner.py:105} INFO - Job 294: Subtask run_postgres_script
[2025-04-15T07:00:38.696+0000] {task_command.py:467} INFO - Running <TaskInstance: daily_weather_etl.run_postgres_script scheduled__2025-04-14T07:00:00+00:00 [running]> on host 3c3c1f66214b
[2025-04-15T07:00:38.783+0000] {taskinstance.py:3134} INFO - Exporting env vars: AIRFLOW_CTX_DAG_OWNER='***' AIRFLOW_CTX_DAG_ID='daily_weather_etl' AIRFLOW_CTX_TASK_ID='run_postgres_script' AIRFLOW_CTX_EXECUTION_DATE='2025-04-14T07:00:00+00:00' AIRFLOW_CTX_TRY_NUMBER='1' AIRFLOW_CTX_DAG_RUN_ID='scheduled__2025-04-14T07:00:00+00:00'
[2025-04-15T07:00:38.785+0000] {logging_mixin.py:190} INFO - Task instance is in running state
[2025-04-15T07:00:38.786+0000] {logging_mixin.py:190} INFO -  Previous state of the Task instance: queued
[2025-04-15T07:00:38.786+0000] {logging_mixin.py:190} INFO - Current task name:run_postgres_script state:running start_date:2025-04-15 07:00:38.607388+00:00
[2025-04-15T07:00:38.787+0000] {logging_mixin.py:190} INFO - Dag name:daily_weather_etl and current dag run status:running
[2025-04-15T07:00:38.788+0000] {taskinstance.py:732} INFO - ::endgroup::
[2025-04-15T07:00:38.789+0000] {subprocess.py:78} INFO - Tmp dir root location: /tmp
[2025-04-15T07:00:38.791+0000] {subprocess.py:88} INFO - Running command: ['/usr/bin/bash', '-c', 'python /opt/***/dags/postgres.py']
[2025-04-15T07:00:38.804+0000] {subprocess.py:99} INFO - Output:
[2025-04-15T07:00:41.358+0000] {subprocess.py:106} INFO - 25/04/15 07:00:41 WARN NativeCodeLoader: Unable to load native-hadoop library for your platform... using builtin-java classes where applicable
[2025-04-15T07:00:41.537+0000] {subprocess.py:106} INFO - Setting default log level to "WARN".
[2025-04-15T07:00:41.538+0000] {subprocess.py:106} INFO - To adjust logging level use sc.setLogLevel(newLevel). For SparkR, use setLogLevel(newLevel).
[2025-04-15T07:00:47.147+0000] {subprocess.py:106} INFO - +--------------------+-------------------+-----------+--------+--------+---------+---------+----------------+
[2025-04-15T07:00:47.151+0000] {subprocess.py:106} INFO - |                city|         local_time|temperature|wind_kph|humidity|feelslike|precip_mm|            text|
[2025-04-15T07:00:47.154+0000] {subprocess.py:106} INFO - +--------------------+-------------------+-----------+--------+--------+---------+---------+----------------+
[2025-04-15T07:00:47.156+0000] {subprocess.py:106} INFO - |               elche|2025-04-13 04:00:00|       16.1|     5.1|      87|     16.1|      0.0|          Cloudy|
[2025-04-15T07:00:47.159+0000] {subprocess.py:106} INFO - |               elche|2025-04-13 09:00:00|       17.2|    10.7|      71|     17.2|      0.0|          Cloudy|
[2025-04-15T07:00:47.161+0000] {subprocess.py:106} INFO - |               elche|2025-04-13 15:00:00|       19.2|     5.9|      70|     19.2|      0.6|Moderate Drizzle|
[2025-04-15T07:00:47.162+0000] {subprocess.py:106} INFO - |               elche|2025-04-13 22:00:00|       16.5|     3.3|      96|     16.5|      0.0|          Cloudy|
[2025-04-15T07:00:47.163+0000] {subprocess.py:106} INFO - |              madrid|2025-04-13 04:00:00|       11.4|     3.9|      96|     11.4|      0.1|   Light Drizzle|
[2025-04-15T07:00:47.164+0000] {subprocess.py:106} INFO - |              madrid|2025-04-13 09:00:00|       10.8|     3.7|      97|     10.8|      0.0|          Cloudy|
[2025-04-15T07:00:47.165+0000] {subprocess.py:106} INFO - |              madrid|2025-04-13 15:00:00|       14.0|     6.0|      77|     14.0|      6.3|   Moderate Rain|
[2025-04-15T07:00:47.166+0000] {subprocess.py:106} INFO - |              madrid|2025-04-13 22:00:00|       13.1|     2.3|      87|     13.1|      0.0|    Mostly Clear|
[2025-04-15T07:00:47.167+0000] {subprocess.py:106} INFO - |san juan de alicante|2025-04-13 04:00:00|       15.6|     2.2|      80|     15.6|      0.0|          Cloudy|
[2025-04-15T07:00:47.168+0000] {subprocess.py:106} INFO - |san juan de alicante|2025-04-13 09:00:00|       16.6|     5.6|      76|     16.6|      0.0|          Cloudy|
[2025-04-15T07:00:47.169+0000] {subprocess.py:106} INFO - |san juan de alicante|2025-04-13 15:00:00|       20.4|     8.2|      61|     20.4|      0.8|Moderate Drizzle|
[2025-04-15T07:00:47.170+0000] {subprocess.py:106} INFO - |san juan de alicante|2025-04-13 22:00:00|       16.6|     2.7|      94|     16.6|      0.0|          Cloudy|
[2025-04-15T07:00:47.171+0000] {subprocess.py:106} INFO - |          torrevieja|2025-04-13 04:00:00|       15.3|     3.8|      97|     15.3|      0.0|          Cloudy|
[2025-04-15T07:00:47.172+0000] {subprocess.py:106} INFO - |          torrevieja|2025-04-13 09:00:00|       15.8|     9.0|      91|     15.8|      0.0|          Cloudy|
[2025-04-15T07:00:47.172+0000] {subprocess.py:106} INFO - |          torrevieja|2025-04-13 15:00:00|       19.5|     5.2|      84|     19.5|      0.5|Moderate Drizzle|
[2025-04-15T07:00:47.173+0000] {subprocess.py:106} INFO - |          torrevieja|2025-04-13 22:00:00|       16.8|     0.6|      95|     16.8|      0.3|   Light Drizzle|
[2025-04-15T07:00:47.174+0000] {subprocess.py:106} INFO - |            valencia|2025-04-13 04:00:00|       14.7|     9.2|      91|     14.7|      0.0|          Cloudy|
[2025-04-15T07:00:47.175+0000] {subprocess.py:106} INFO - |            valencia|2025-04-13 09:00:00|       14.9|     3.8|      84|     14.9|      0.0|    Mostly Clear|
[2025-04-15T07:00:47.176+0000] {subprocess.py:106} INFO - |            valencia|2025-04-13 15:00:00|       19.8|     9.2|      74|     19.8|      0.0|          Cloudy|
[2025-04-15T07:00:47.177+0000] {subprocess.py:106} INFO - |            valencia|2025-04-13 22:00:00|       16.2|     1.9|      93|     16.2|      0.0|          Cloudy|
[2025-04-15T07:00:47.178+0000] {subprocess.py:106} INFO - +--------------------+-------------------+-----------+--------+--------+---------+---------+----------------+
[2025-04-15T07:00:47.179+0000] {subprocess.py:106} INFO - 
[2025-04-15T07:00:47.180+0000] {subprocess.py:106} INFO - Datos registrados correctamente en la bbdd
[2025-04-15T07:00:47.635+0000] {subprocess.py:110} INFO - Command exited with return code 0
[2025-04-15T07:00:47.656+0000] {taskinstance.py:341} INFO - ::group::Post task execution logs
[2025-04-15T07:00:47.658+0000] {taskinstance.py:353} INFO - Marking task as SUCCESS. dag_id=daily_weather_etl, task_id=run_postgres_script, run_id=scheduled__2025-04-14T07:00:00+00:00, execution_date=20250414T070000, start_date=20250415T070038, end_date=20250415T070047
[2025-04-15T07:00:47.677+0000] {logging_mixin.py:190} INFO - Task instance in success state
[2025-04-15T07:00:47.677+0000] {logging_mixin.py:190} INFO -  Previous state of the Task instance: running
[2025-04-15T07:00:47.678+0000] {logging_mixin.py:190} INFO - Dag name:daily_weather_etl queued_at:2025-04-15 07:00:01.045865+00:00
[2025-04-15T07:00:47.679+0000] {logging_mixin.py:190} INFO - Task hostname:3c3c1f66214b operator:BashOperator
[2025-04-15T07:00:47.689+0000] {local_task_job_runner.py:266} INFO - Task exited with return code 0
[2025-04-15T07:00:47.706+0000] {taskinstance.py:3901} INFO - 1 downstream tasks scheduled from follow-on schedule check
[2025-04-15T07:00:47.708+0000] {local_task_job_runner.py:245} INFO - ::endgroup::
