[2025-04-07T07:00:32.824+0000] {local_task_job_runner.py:123} INFO - ::group::Pre task execution logs
[2025-04-07T07:00:32.956+0000] {taskinstance.py:2614} INFO - Dependencies all met for dep_context=non-requeueable deps ti=<TaskInstance: daily_weather_etl.run_postgres_script scheduled__2025-04-04T07:00:00+00:00 [queued]>
[2025-04-07T07:00:32.968+0000] {taskinstance.py:2614} INFO - Dependencies all met for dep_context=requeueable deps ti=<TaskInstance: daily_weather_etl.run_postgres_script scheduled__2025-04-04T07:00:00+00:00 [queued]>
[2025-04-07T07:00:32.969+0000] {taskinstance.py:2867} INFO - Starting attempt 1 of 2
[2025-04-07T07:00:32.983+0000] {taskinstance.py:2890} INFO - Executing <Task(BashOperator): run_postgres_script> on 2025-04-04 07:00:00+00:00
[2025-04-07T07:00:32.989+0000] {standard_task_runner.py:72} INFO - Started process 5344 to run task
[2025-04-07T07:00:32.992+0000] {standard_task_runner.py:104} INFO - Running: ['***', 'tasks', 'run', 'daily_weather_etl', 'run_postgres_script', 'scheduled__2025-04-04T07:00:00+00:00', '--job-id', '231', '--raw', '--subdir', 'DAGS_FOLDER/weather_dag.py', '--cfg-path', '/tmp/tmp7hobfstc']
[2025-04-07T07:00:32.994+0000] {standard_task_runner.py:105} INFO - Job 231: Subtask run_postgres_script
[2025-04-07T07:00:33.037+0000] {task_command.py:467} INFO - Running <TaskInstance: daily_weather_etl.run_postgres_script scheduled__2025-04-04T07:00:00+00:00 [running]> on host 3c3c1f66214b
[2025-04-07T07:00:33.107+0000] {taskinstance.py:3134} INFO - Exporting env vars: AIRFLOW_CTX_DAG_OWNER='***' AIRFLOW_CTX_DAG_ID='daily_weather_etl' AIRFLOW_CTX_TASK_ID='run_postgres_script' AIRFLOW_CTX_EXECUTION_DATE='2025-04-04T07:00:00+00:00' AIRFLOW_CTX_TRY_NUMBER='1' AIRFLOW_CTX_DAG_RUN_ID='scheduled__2025-04-04T07:00:00+00:00'
[2025-04-07T07:00:33.109+0000] {logging_mixin.py:190} INFO - Task instance is in running state
[2025-04-07T07:00:33.110+0000] {logging_mixin.py:190} INFO -  Previous state of the Task instance: queued
[2025-04-07T07:00:33.110+0000] {logging_mixin.py:190} INFO - Current task name:run_postgres_script state:running start_date:2025-04-07 07:00:32.958081+00:00
[2025-04-07T07:00:33.111+0000] {logging_mixin.py:190} INFO - Dag name:daily_weather_etl and current dag run status:running
[2025-04-07T07:00:33.112+0000] {taskinstance.py:732} INFO - ::endgroup::
[2025-04-07T07:00:33.114+0000] {subprocess.py:78} INFO - Tmp dir root location: /tmp
[2025-04-07T07:00:33.114+0000] {subprocess.py:88} INFO - Running command: ['/usr/bin/bash', '-c', 'python /opt/***/dags/postgres.py']
[2025-04-07T07:00:33.124+0000] {subprocess.py:99} INFO - Output:
[2025-04-07T07:00:35.455+0000] {subprocess.py:106} INFO - 25/04/07 07:00:35 WARN NativeCodeLoader: Unable to load native-hadoop library for your platform... using builtin-java classes where applicable
[2025-04-07T07:00:35.606+0000] {subprocess.py:106} INFO - Setting default log level to "WARN".
[2025-04-07T07:00:35.607+0000] {subprocess.py:106} INFO - To adjust logging level use sc.setLogLevel(newLevel). For SparkR, use setLogLevel(newLevel).
[2025-04-07T07:00:41.864+0000] {subprocess.py:106} INFO - +--------------------+----------+-----+-----------+--------+--------+---------+---------+-------------+--------------------+
[2025-04-07T07:00:41.868+0000] {subprocess.py:106} INFO - |                city|      date| time|temperature|wind_kph|humidity|feelslike|precip_mm|         text|                icon|
[2025-04-07T07:00:41.871+0000] {subprocess.py:106} INFO - +--------------------+----------+-----+-----------+--------+--------+---------+---------+-------------+--------------------+
[2025-04-07T07:00:41.874+0000] {subprocess.py:106} INFO - |               elche|2025-04-05|04:00|       16.1|    15.7|      58|     16.1|      0.0|        Sunny|//cdn.weatherapi....|
[2025-04-07T07:00:41.877+0000] {subprocess.py:106} INFO - |               elche|2025-04-05|09:00|       15.4|    11.7|      61|     15.4|      0.0|        Sunny|//cdn.weatherapi....|
[2025-04-07T07:00:41.880+0000] {subprocess.py:106} INFO - |               elche|2025-04-05|15:00|       24.5|    16.0|      22|     24.5|      0.0|Partly Cloudy|//cdn.weatherapi....|
[2025-04-07T07:00:41.882+0000] {subprocess.py:106} INFO - |               elche|2025-04-05|22:00|       17.6|     5.1|      59|     17.6|      0.0|       Cloudy|//cdn.weatherapi....|
[2025-04-07T07:00:41.884+0000] {subprocess.py:106} INFO - |              madrid|2025-04-05|04:00|        9.2|    12.5|      93|      9.2|      0.0|       Cloudy|//cdn.weatherapi....|
[2025-04-07T07:00:41.886+0000] {subprocess.py:106} INFO - |              madrid|2025-04-05|09:00|        8.8|     9.7|      91|      8.8|      0.0|Partly Cloudy|//cdn.weatherapi....|
[2025-04-07T07:00:41.888+0000] {subprocess.py:106} INFO - |              madrid|2025-04-05|15:00|       14.3|     7.8|      58|     14.3|      0.1|Light Drizzle|//cdn.weatherapi....|
[2025-04-07T07:00:41.889+0000] {subprocess.py:106} INFO - |              madrid|2025-04-05|22:00|       11.2|     6.6|      74|     11.2|      0.0|       Cloudy|//cdn.weatherapi....|
[2025-04-07T07:00:41.891+0000] {subprocess.py:106} INFO - |san juan de alicante|2025-04-05|04:00|       13.6|     4.9|      81|     13.6|      0.0|        Sunny|//cdn.weatherapi....|
[2025-04-07T07:00:41.892+0000] {subprocess.py:106} INFO - |san juan de alicante|2025-04-05|09:00|       15.6|     7.9|      60|     15.6|      0.0|        Sunny|//cdn.weatherapi....|
[2025-04-07T07:00:41.894+0000] {subprocess.py:106} INFO - |san juan de alicante|2025-04-05|15:00|       23.9|    16.5|      24|     23.9|      0.0|        Sunny|//cdn.weatherapi....|
[2025-04-07T07:00:41.895+0000] {subprocess.py:106} INFO - |san juan de alicante|2025-04-05|22:00|       16.5|     3.4|      68|     16.5|      0.0| Mostly Clear|//cdn.weatherapi....|
[2025-04-07T07:00:41.897+0000] {subprocess.py:106} INFO - |          torrevieja|2025-04-05|04:00|       14.0|     4.9|      98|     14.0|      0.0|Partly Cloudy|//cdn.weatherapi....|
[2025-04-07T07:00:41.898+0000] {subprocess.py:106} INFO - |          torrevieja|2025-04-05|09:00|       15.3|    12.1|      72|     15.3|      0.0|        Sunny|//cdn.weatherapi....|
[2025-04-07T07:00:41.899+0000] {subprocess.py:106} INFO - |          torrevieja|2025-04-05|15:00|       22.8|    12.2|      36|     22.8|      0.0|       Cloudy|//cdn.weatherapi....|
[2025-04-07T07:00:41.901+0000] {subprocess.py:106} INFO - |          torrevieja|2025-04-05|22:00|       15.7|     5.8|      72|     15.7|      0.0|       Cloudy|//cdn.weatherapi....|
[2025-04-07T07:00:41.902+0000] {subprocess.py:106} INFO - |            valencia|2025-04-05|04:00|       13.3|     7.3|      87|     13.3|      0.0|        Sunny|//cdn.weatherapi....|
[2025-04-07T07:00:41.903+0000] {subprocess.py:106} INFO - |            valencia|2025-04-05|09:00|       14.4|    15.8|      66|     14.4|      0.0|        Sunny|//cdn.weatherapi....|
[2025-04-07T07:00:41.904+0000] {subprocess.py:106} INFO - |            valencia|2025-04-05|15:00|       23.3|    12.1|      27|     23.3|      0.0|        Sunny|//cdn.weatherapi....|
[2025-04-07T07:00:41.905+0000] {subprocess.py:106} INFO - |            valencia|2025-04-05|22:00|       17.2|     8.1|      58|     17.2|      0.0| Mostly Clear|//cdn.weatherapi....|
[2025-04-07T07:00:41.906+0000] {subprocess.py:106} INFO - +--------------------+----------+-----+-----------+--------+--------+---------+---------+-------------+--------------------+
[2025-04-07T07:00:41.907+0000] {subprocess.py:106} INFO - 
[2025-04-07T07:00:41.907+0000] {subprocess.py:106} INFO - Datos registrados correctamente en la bbdd
[2025-04-07T07:00:42.340+0000] {subprocess.py:110} INFO - Command exited with return code 0
[2025-04-07T07:00:42.361+0000] {taskinstance.py:341} INFO - ::group::Post task execution logs
[2025-04-07T07:00:42.363+0000] {taskinstance.py:353} INFO - Marking task as SUCCESS. dag_id=daily_weather_etl, task_id=run_postgres_script, run_id=scheduled__2025-04-04T07:00:00+00:00, execution_date=20250404T070000, start_date=20250407T070032, end_date=20250407T070042
[2025-04-07T07:00:42.386+0000] {logging_mixin.py:190} INFO - Task instance in success state
[2025-04-07T07:00:42.388+0000] {logging_mixin.py:190} INFO -  Previous state of the Task instance: running
[2025-04-07T07:00:42.389+0000] {logging_mixin.py:190} INFO - Dag name:daily_weather_etl queued_at:2025-04-07 07:00:00.914090+00:00
[2025-04-07T07:00:42.390+0000] {logging_mixin.py:190} INFO - Task hostname:3c3c1f66214b operator:BashOperator
[2025-04-07T07:00:42.437+0000] {local_task_job_runner.py:266} INFO - Task exited with return code 0
[2025-04-07T07:00:42.455+0000] {taskinstance.py:3901} INFO - 1 downstream tasks scheduled from follow-on schedule check
[2025-04-07T07:00:42.457+0000] {local_task_job_runner.py:245} INFO - ::endgroup::
