[2025-03-31T07:11:53.680+0000] {local_task_job_runner.py:123} INFO - ::group::Pre task execution logs
[2025-03-31T07:11:53.848+0000] {taskinstance.py:2614} INFO - Dependencies all met for dep_context=non-requeueable deps ti=<TaskInstance: daily_weather_etl.run_minio_script manual__2025-03-31T07:11:39.239320+00:00 [queued]>
[2025-03-31T07:11:53.865+0000] {taskinstance.py:2614} INFO - Dependencies all met for dep_context=requeueable deps ti=<TaskInstance: daily_weather_etl.run_minio_script manual__2025-03-31T07:11:39.239320+00:00 [queued]>
[2025-03-31T07:11:53.867+0000] {taskinstance.py:2867} INFO - Starting attempt 1 of 2
[2025-03-31T07:11:53.886+0000] {taskinstance.py:2890} INFO - Executing <Task(BashOperator): run_minio_script> on 2025-03-31 07:11:39.239320+00:00
[2025-03-31T07:11:53.894+0000] {standard_task_runner.py:72} INFO - Started process 6837 to run task
[2025-03-31T07:11:53.900+0000] {standard_task_runner.py:104} INFO - Running: ['***', 'tasks', 'run', 'daily_weather_etl', 'run_minio_script', 'manual__2025-03-31T07:11:39.239320+00:00', '--job-id', '194', '--raw', '--subdir', 'DAGS_FOLDER/weather_dag.py', '--cfg-path', '/tmp/tmp1hj80xs8']
[2025-03-31T07:11:53.903+0000] {standard_task_runner.py:105} INFO - Job 194: Subtask run_minio_script
[2025-03-31T07:11:53.972+0000] {task_command.py:467} INFO - Running <TaskInstance: daily_weather_etl.run_minio_script manual__2025-03-31T07:11:39.239320+00:00 [running]> on host 3c3c1f66214b
[2025-03-31T07:11:54.100+0000] {taskinstance.py:3134} INFO - Exporting env vars: AIRFLOW_CTX_DAG_OWNER='***' AIRFLOW_CTX_DAG_ID='daily_weather_etl' AIRFLOW_CTX_TASK_ID='run_minio_script' AIRFLOW_CTX_EXECUTION_DATE='2025-03-31T07:11:39.239320+00:00' AIRFLOW_CTX_TRY_NUMBER='1' AIRFLOW_CTX_DAG_RUN_ID='manual__2025-03-31T07:11:39.239320+00:00'
[2025-03-31T07:11:54.103+0000] {logging_mixin.py:190} INFO - Task instance is in running state
[2025-03-31T07:11:54.105+0000] {logging_mixin.py:190} INFO -  Previous state of the Task instance: queued
[2025-03-31T07:11:54.107+0000] {logging_mixin.py:190} INFO - Current task name:run_minio_script state:running start_date:2025-03-31 07:11:53.850681+00:00
[2025-03-31T07:11:54.108+0000] {logging_mixin.py:190} INFO - Dag name:daily_weather_etl and current dag run status:running
[2025-03-31T07:11:54.110+0000] {taskinstance.py:732} INFO - ::endgroup::
[2025-03-31T07:11:54.112+0000] {subprocess.py:78} INFO - Tmp dir root location: /tmp
[2025-03-31T07:11:54.114+0000] {subprocess.py:88} INFO - Running command: ['/usr/bin/bash', '-c', 'python /opt/***/dags/minio.py']
[2025-03-31T07:11:54.129+0000] {subprocess.py:99} INFO - Output:
[2025-03-31T07:11:58.474+0000] {subprocess.py:106} INFO - Setting default log level to "WARN".
[2025-03-31T07:11:58.478+0000] {subprocess.py:106} INFO - To adjust logging level use sc.setLogLevel(newLevel). For SparkR, use setLogLevel(newLevel).
[2025-03-31T07:11:58.902+0000] {subprocess.py:106} INFO - 25/03/31 07:11:58 WARN NativeCodeLoader: Unable to load native-hadoop library for your platform... using builtin-java classes where applicable
[2025-03-31T07:12:17.509+0000] {subprocess.py:106} INFO - [Stage 0:>                                                          (0 + 8) / 8]                                                                                +-----+----------+-----+-----------+--------+--------+---------+---------+-------------+----------------------------------------------+
[2025-03-31T07:12:17.511+0000] {subprocess.py:106} INFO - |city |date      |time |temperature|wind_kph|humidity|feelslike|precip_mm|text         |icon                                          |
[2025-03-31T07:12:17.512+0000] {subprocess.py:106} INFO - +-----+----------+-----+-----------+--------+--------+---------+---------+-------------+----------------------------------------------+
[2025-03-31T07:12:17.514+0000] {subprocess.py:106} INFO - |elche|2025-03-28|09:00|12.0       |14.2    |61      |12.0     |0.0      |Partly Cloudy|//cdn.weatherapi.com/weather/64x64/day/116.png|
[2025-03-31T07:12:17.516+0000] {subprocess.py:106} INFO - |elche|2025-03-28|22:00|11.9       |5.5     |91      |11.9     |0.0      |Sunny        |//cdn.weatherapi.com/weather/64x64/day/113.png|
[2025-03-31T07:12:17.518+0000] {subprocess.py:106} INFO - |elche|2025-03-28|15:00|23.0       |14.8    |25      |23.0     |0.0      |Sunny        |//cdn.weatherapi.com/weather/64x64/day/113.png|
[2025-03-31T07:12:17.522+0000] {subprocess.py:106} INFO - |elche|2025-03-28|04:00|10.7       |9.1     |83      |10.7     |0.0      |Sunny        |//cdn.weatherapi.com/weather/64x64/day/113.png|
[2025-03-31T07:12:17.524+0000] {subprocess.py:106} INFO - |elche|2025-03-29|22:00|13.3       |3.6     |59      |13.3     |0.0      |Sunny        |//cdn.weatherapi.com/weather/64x64/day/113.png|
[2025-03-31T07:12:17.527+0000] {subprocess.py:106} INFO - |elche|2025-03-29|04:00|14.1       |14.7    |45      |14.1     |0.0      |Sunny        |//cdn.weatherapi.com/weather/64x64/day/113.png|
[2025-03-31T07:12:17.530+0000] {subprocess.py:106} INFO - |elche|2025-03-29|09:00|13.4       |20.8    |40      |13.4     |0.0      |Sunny        |//cdn.weatherapi.com/weather/64x64/day/113.png|
[2025-03-31T07:12:17.534+0000] {subprocess.py:106} INFO - |elche|2025-03-29|15:00|24.1       |17.2    |16      |24.1     |0.0      |Sunny        |//cdn.weatherapi.com/weather/64x64/day/113.png|
[2025-03-31T07:12:17.540+0000] {subprocess.py:106} INFO - +-----+----------+-----+-----------+--------+--------+---------+---------+-------------+----------------------------------------------+
[2025-03-31T07:12:17.542+0000] {subprocess.py:106} INFO - 
[2025-03-31T07:12:17.544+0000] {subprocess.py:106} INFO - +------+----------+-----+-----------+--------+--------+---------+---------+------------+----------------------------------------------+
[2025-03-31T07:12:17.546+0000] {subprocess.py:106} INFO - |city  |date      |time |temperature|wind_kph|humidity|feelslike|precip_mm|text        |icon                                          |
[2025-03-31T07:12:17.549+0000] {subprocess.py:106} INFO - +------+----------+-----+-----------+--------+--------+---------+---------+------------+----------------------------------------------+
[2025-03-31T07:12:17.550+0000] {subprocess.py:106} INFO - |madrid|2025-03-28|22:00|11.0       |2.7     |68      |11.0     |0.0      |Sunny       |//cdn.weatherapi.com/weather/64x64/day/113.png|
[2025-03-31T07:12:17.553+0000] {subprocess.py:106} INFO - |madrid|2025-03-28|09:00|4.6        |7.3     |89      |4.6      |0.0      |Sunny       |//cdn.weatherapi.com/weather/64x64/day/113.png|
[2025-03-31T07:12:17.557+0000] {subprocess.py:106} INFO - |madrid|2025-03-28|04:00|7.6        |4.6     |80      |7.6      |0.0      |Mostly Clear|//cdn.weatherapi.com/weather/64x64/day/116.png|
[2025-03-31T07:12:17.558+0000] {subprocess.py:106} INFO - |madrid|2025-03-28|15:00|15.6       |1.6     |48      |15.6     |0.0      |Mostly Clear|//cdn.weatherapi.com/weather/64x64/day/116.png|
[2025-03-31T07:12:17.560+0000] {subprocess.py:106} INFO - |madrid|2025-03-29|09:00|5.5        |5.1     |79      |5.5      |0.0      |Sunny       |//cdn.weatherapi.com/weather/64x64/day/113.png|
[2025-03-31T07:12:17.561+0000] {subprocess.py:106} INFO - |madrid|2025-03-29|04:00|7.7        |5.7     |75      |7.7      |0.0      |Sunny       |//cdn.weatherapi.com/weather/64x64/day/113.png|
[2025-03-31T07:12:17.563+0000] {subprocess.py:106} INFO - |madrid|2025-03-29|22:00|10.0       |16.2    |53      |10.0     |0.0      |Sunny       |//cdn.weatherapi.com/weather/64x64/day/113.png|
[2025-03-31T07:12:17.565+0000] {subprocess.py:106} INFO - |madrid|2025-03-29|15:00|15.8       |4.6     |47      |15.8     |0.0      |Sunny       |//cdn.weatherapi.com/weather/64x64/day/113.png|
[2025-03-31T07:12:17.568+0000] {subprocess.py:106} INFO - +------+----------+-----+-----------+--------+--------+---------+---------+------------+----------------------------------------------+
[2025-03-31T07:12:17.572+0000] {subprocess.py:106} INFO - 
[2025-03-31T07:12:17.574+0000] {subprocess.py:106} INFO - +--------------------+----------+-----+-----------+--------+--------+---------+---------+----------------+----------------------------------------------+
[2025-03-31T07:12:17.582+0000] {subprocess.py:106} INFO - |city                |date      |time |temperature|wind_kph|humidity|feelslike|precip_mm|text            |icon                                          |
[2025-03-31T07:12:17.591+0000] {subprocess.py:106} INFO - +--------------------+----------+-----+-----------+--------+--------+---------+---------+----------------+----------------------------------------------+
[2025-03-31T07:12:17.595+0000] {subprocess.py:106} INFO - |san juan de alicante|2025-03-28|09:00|9.9        |5.6     |76      |9.9      |0.0      |Cloudy          |//cdn.weatherapi.com/weather/64x64/day/119.png|
[2025-03-31T07:12:17.599+0000] {subprocess.py:106} INFO - |san juan de alicante|2025-03-28|04:00|9.5        |8.2     |74      |9.5      |0.0      |Sunny           |//cdn.weatherapi.com/weather/64x64/day/113.png|
[2025-03-31T07:12:17.605+0000] {subprocess.py:106} INFO - |san juan de alicante|2025-03-28|22:00|12.0       |3.7     |85      |12.0     |0.0      |Sunny           |//cdn.weatherapi.com/weather/64x64/day/113.png|
[2025-03-31T07:12:17.607+0000] {subprocess.py:106} INFO - |san juan de alicante|2025-03-28|15:00|18.4       |12.3    |67      |18.4     |0.5      |Moderate Drizzle|//cdn.weatherapi.com/weather/64x64/day/176.png|
[2025-03-31T07:12:17.610+0000] {subprocess.py:106} INFO - |san juan de alicante|2025-03-29|04:00|10.1       |8.4     |67      |10.1     |0.0      |Sunny           |//cdn.weatherapi.com/weather/64x64/day/113.png|
[2025-03-31T07:12:17.613+0000] {subprocess.py:106} INFO - |san juan de alicante|2025-03-29|09:00|12.7       |15.7    |45      |12.7     |0.0      |Sunny           |//cdn.weatherapi.com/weather/64x64/day/113.png|
[2025-03-31T07:12:17.615+0000] {subprocess.py:106} INFO - |san juan de alicante|2025-03-29|22:00|12.8       |3.4     |68      |12.8     |0.0      |Sunny           |//cdn.weatherapi.com/weather/64x64/day/113.png|
[2025-03-31T07:12:17.625+0000] {subprocess.py:106} INFO - |san juan de alicante|2025-03-29|15:00|22.7       |4.5     |23      |22.7     |0.0      |Sunny           |//cdn.weatherapi.com/weather/64x64/day/113.png|
[2025-03-31T07:12:17.641+0000] {subprocess.py:106} INFO - +--------------------+----------+-----+-----------+--------+--------+---------+---------+----------------+----------------------------------------------+
[2025-03-31T07:12:17.647+0000] {subprocess.py:106} INFO - 
[2025-03-31T07:12:17.660+0000] {subprocess.py:106} INFO - +----------+----------+-----+-----------+--------+--------+---------+---------+------------+----------------------------------------------+
[2025-03-31T07:12:17.665+0000] {subprocess.py:106} INFO - |city      |date      |time |temperature|wind_kph|humidity|feelslike|precip_mm|text        |icon                                          |
[2025-03-31T07:12:17.671+0000] {subprocess.py:106} INFO - +----------+----------+-----+-----------+--------+--------+---------+---------+------------+----------------------------------------------+
[2025-03-31T07:12:17.683+0000] {subprocess.py:106} INFO - |torrevieja|2025-03-28|15:00|21.8       |10.5    |36      |21.8     |0.0      |Mostly Clear|//cdn.weatherapi.com/weather/64x64/day/116.png|
[2025-03-31T07:12:17.688+0000] {subprocess.py:106} INFO - |torrevieja|2025-03-28|22:00|13.7       |7.6     |89      |13.7     |0.0      |Sunny       |//cdn.weatherapi.com/weather/64x64/day/113.png|
[2025-03-31T07:12:17.695+0000] {subprocess.py:106} INFO - |torrevieja|2025-03-28|04:00|12.1       |10.0    |94      |12.1     |0.0      |Sunny       |//cdn.weatherapi.com/weather/64x64/day/113.png|
[2025-03-31T07:12:17.699+0000] {subprocess.py:106} INFO - |torrevieja|2025-03-28|09:00|11.4       |15.9    |79      |11.4     |0.0      |Sunny       |//cdn.weatherapi.com/weather/64x64/day/113.png|
[2025-03-31T07:12:17.704+0000] {subprocess.py:106} INFO - |torrevieja|2025-03-29|22:00|13.9       |4.7     |75      |13.9     |0.0      |Sunny       |//cdn.weatherapi.com/weather/64x64/day/113.png|
[2025-03-31T07:12:17.710+0000] {subprocess.py:106} INFO - |torrevieja|2025-03-29|15:00|22.5       |11.0    |32      |22.5     |0.0      |Sunny       |//cdn.weatherapi.com/weather/64x64/day/113.png|
[2025-03-31T07:12:17.722+0000] {subprocess.py:106} INFO - |torrevieja|2025-03-29|09:00|12.5       |17.7    |60      |12.5     |0.0      |Sunny       |//cdn.weatherapi.com/weather/64x64/day/113.png|
[2025-03-31T07:12:17.724+0000] {subprocess.py:106} INFO - |torrevieja|2025-03-29|04:00|13.7       |17.9    |57      |13.7     |0.0      |Sunny       |//cdn.weatherapi.com/weather/64x64/day/113.png|
[2025-03-31T07:12:17.727+0000] {subprocess.py:106} INFO - +----------+----------+-----+-----------+--------+--------+---------+---------+------------+----------------------------------------------+
[2025-03-31T07:12:17.730+0000] {subprocess.py:106} INFO - 
[2025-03-31T07:12:26.957+0000] {subprocess.py:106} INFO - [Stage 58:>                                                         (0 + 1) / 1]                                                                                +--------+----------+-----+-----------+--------+--------+---------+---------+------------+----------------------------------------------+
[2025-03-31T07:12:26.959+0000] {subprocess.py:106} INFO - |city    |date      |time |temperature|wind_kph|humidity|feelslike|precip_mm|text        |icon                                          |
[2025-03-31T07:12:26.961+0000] {subprocess.py:106} INFO - +--------+----------+-----+-----------+--------+--------+---------+---------+------------+----------------------------------------------+
[2025-03-31T07:12:26.962+0000] {subprocess.py:106} INFO - |valencia|2025-03-28|15:00|17.9       |6.5     |41      |17.9     |0.0      |Sunny       |//cdn.weatherapi.com/weather/64x64/day/113.png|
[2025-03-31T07:12:26.964+0000] {subprocess.py:106} INFO - |valencia|2025-03-28|22:00|13.1       |6.8     |71      |13.1     |0.0      |Sunny       |//cdn.weatherapi.com/weather/64x64/day/113.png|
[2025-03-31T07:12:26.966+0000] {subprocess.py:106} INFO - |valencia|2025-03-28|04:00|10.3       |7.3     |86      |10.3     |0.0      |Mostly Clear|//cdn.weatherapi.com/weather/64x64/day/116.png|
[2025-03-31T07:12:26.968+0000] {subprocess.py:106} INFO - |valencia|2025-03-28|09:00|10.0       |8.1     |75      |10.0     |0.0      |Sunny       |//cdn.weatherapi.com/weather/64x64/day/113.png|
[2025-03-31T07:12:26.970+0000] {subprocess.py:106} INFO - |valencia|2025-03-29|04:00|10.9       |7.4     |60      |10.9     |0.0      |Mostly Clear|//cdn.weatherapi.com/weather/64x64/day/116.png|
[2025-03-31T07:12:26.972+0000] {subprocess.py:106} INFO - |valencia|2025-03-29|09:00|10.6       |8.6     |60      |10.6     |0.0      |Mostly Clear|//cdn.weatherapi.com/weather/64x64/day/116.png|
[2025-03-31T07:12:26.973+0000] {subprocess.py:106} INFO - |valencia|2025-03-29|22:00|14.2       |6.6     |31      |14.2     |0.0      |Sunny       |//cdn.weatherapi.com/weather/64x64/day/113.png|
[2025-03-31T07:12:26.975+0000] {subprocess.py:106} INFO - |valencia|2025-03-29|15:00|21.5       |18.2    |24      |21.5     |0.0      |Sunny       |//cdn.weatherapi.com/weather/64x64/day/113.png|
[2025-03-31T07:12:26.977+0000] {subprocess.py:106} INFO - +--------+----------+-----+-----------+--------+--------+---------+---------+------------+----------------------------------------------+
[2025-03-31T07:12:26.978+0000] {subprocess.py:106} INFO - 
[2025-03-31T07:12:26.980+0000] {subprocess.py:106} INFO - +--------------------+----------+-----+-----------+--------+--------+---------+---------+----------------+--------------------+
[2025-03-31T07:12:26.983+0000] {subprocess.py:106} INFO - |                city|      date| time|temperature|wind_kph|humidity|feelslike|precip_mm|            text|                icon|
[2025-03-31T07:12:26.985+0000] {subprocess.py:106} INFO - +--------------------+----------+-----+-----------+--------+--------+---------+---------+----------------+--------------------+
[2025-03-31T07:12:26.987+0000] {subprocess.py:106} INFO - |               elche|2025-03-28|04:00|       10.7|     9.1|      83|     10.7|      0.0|           Sunny|//cdn.weatherapi....|
[2025-03-31T07:12:26.988+0000] {subprocess.py:106} INFO - |               elche|2025-03-28|09:00|       12.0|    14.2|      61|     12.0|      0.0|   Partly Cloudy|//cdn.weatherapi....|
[2025-03-31T07:12:26.990+0000] {subprocess.py:106} INFO - |               elche|2025-03-28|15:00|       23.0|    14.8|      25|     23.0|      0.0|           Sunny|//cdn.weatherapi....|
[2025-03-31T07:12:26.992+0000] {subprocess.py:106} INFO - |               elche|2025-03-28|22:00|       11.9|     5.5|      91|     11.9|      0.0|           Sunny|//cdn.weatherapi....|
[2025-03-31T07:12:26.994+0000] {subprocess.py:106} INFO - |               elche|2025-03-29|04:00|       14.1|    14.7|      45|     14.1|      0.0|           Sunny|//cdn.weatherapi....|
[2025-03-31T07:12:26.995+0000] {subprocess.py:106} INFO - |               elche|2025-03-29|09:00|       13.4|    20.8|      40|     13.4|      0.0|           Sunny|//cdn.weatherapi....|
[2025-03-31T07:12:26.997+0000] {subprocess.py:106} INFO - |               elche|2025-03-29|15:00|       24.1|    17.2|      16|     24.1|      0.0|           Sunny|//cdn.weatherapi....|
[2025-03-31T07:12:26.999+0000] {subprocess.py:106} INFO - |               elche|2025-03-29|22:00|       13.3|     3.6|      59|     13.3|      0.0|           Sunny|//cdn.weatherapi....|
[2025-03-31T07:12:27.003+0000] {subprocess.py:106} INFO - |              madrid|2025-03-28|04:00|        7.6|     4.6|      80|      7.6|      0.0|    Mostly Clear|//cdn.weatherapi....|
[2025-03-31T07:12:27.005+0000] {subprocess.py:106} INFO - |              madrid|2025-03-28|09:00|        4.6|     7.3|      89|      4.6|      0.0|           Sunny|//cdn.weatherapi....|
[2025-03-31T07:12:27.007+0000] {subprocess.py:106} INFO - |              madrid|2025-03-28|15:00|       15.6|     1.6|      48|     15.6|      0.0|    Mostly Clear|//cdn.weatherapi....|
[2025-03-31T07:12:27.009+0000] {subprocess.py:106} INFO - |              madrid|2025-03-28|22:00|       11.0|     2.7|      68|     11.0|      0.0|           Sunny|//cdn.weatherapi....|
[2025-03-31T07:12:27.011+0000] {subprocess.py:106} INFO - |              madrid|2025-03-29|04:00|        7.7|     5.7|      75|      7.7|      0.0|           Sunny|//cdn.weatherapi....|
[2025-03-31T07:12:27.013+0000] {subprocess.py:106} INFO - |              madrid|2025-03-29|09:00|        5.5|     5.1|      79|      5.5|      0.0|           Sunny|//cdn.weatherapi....|
[2025-03-31T07:12:27.014+0000] {subprocess.py:106} INFO - |              madrid|2025-03-29|15:00|       15.8|     4.6|      47|     15.8|      0.0|           Sunny|//cdn.weatherapi....|
[2025-03-31T07:12:27.018+0000] {subprocess.py:106} INFO - |              madrid|2025-03-29|22:00|       10.0|    16.2|      53|     10.0|      0.0|           Sunny|//cdn.weatherapi....|
[2025-03-31T07:12:27.020+0000] {subprocess.py:106} INFO - |san juan de alicante|2025-03-28|04:00|        9.5|     8.2|      74|      9.5|      0.0|           Sunny|//cdn.weatherapi....|
[2025-03-31T07:12:27.021+0000] {subprocess.py:106} INFO - |san juan de alicante|2025-03-28|09:00|        9.9|     5.6|      76|      9.9|      0.0|          Cloudy|//cdn.weatherapi....|
[2025-03-31T07:12:27.023+0000] {subprocess.py:106} INFO - |san juan de alicante|2025-03-28|15:00|       18.4|    12.3|      67|     18.4|      0.5|Moderate Drizzle|//cdn.weatherapi....|
[2025-03-31T07:12:27.025+0000] {subprocess.py:106} INFO - |san juan de alicante|2025-03-28|22:00|       12.0|     3.7|      85|     12.0|      0.0|           Sunny|//cdn.weatherapi....|
[2025-03-31T07:12:27.027+0000] {subprocess.py:106} INFO - +--------------------+----------+-----+-----------+--------+--------+---------+---------+----------------+--------------------+
[2025-03-31T07:12:27.029+0000] {subprocess.py:106} INFO - only showing top 20 rows
[2025-03-31T07:12:27.030+0000] {subprocess.py:106} INFO - 
[2025-03-31T07:12:27.032+0000] {subprocess.py:106} INFO - Nombre de la carpeta: 2025-03-28
[2025-03-31T07:12:27.034+0000] {subprocess.py:106} INFO - Archivo Parquet generado: /tmp/tmpsjhhzvl1/2025-03-28/part-00000-c531df36-a055-4d0d-9e45-2b7133c72f01-c000.snappy.parquet
[2025-03-31T07:12:27.036+0000] {subprocess.py:106} INFO - Archivo subido correctamente a MinIO en: 2025-03-28/2025-03-28.parquet
[2025-03-31T07:12:27.612+0000] {subprocess.py:110} INFO - Command exited with return code 0
[2025-03-31T07:12:27.652+0000] {taskinstance.py:341} INFO - ::group::Post task execution logs
[2025-03-31T07:12:27.654+0000] {taskinstance.py:353} INFO - Marking task as SUCCESS. dag_id=daily_weather_etl, task_id=run_minio_script, run_id=manual__2025-03-31T07:11:39.239320+00:00, execution_date=20250331T071139, start_date=20250331T071153, end_date=20250331T071227
[2025-03-31T07:12:27.694+0000] {logging_mixin.py:190} INFO - Task instance in success state
[2025-03-31T07:12:27.696+0000] {logging_mixin.py:190} INFO -  Previous state of the Task instance: running
[2025-03-31T07:12:27.698+0000] {logging_mixin.py:190} INFO - Dag name:daily_weather_etl queued_at:2025-03-31 07:11:39.256525+00:00
[2025-03-31T07:12:27.700+0000] {logging_mixin.py:190} INFO - Task hostname:3c3c1f66214b operator:BashOperator
[2025-03-31T07:12:27.726+0000] {local_task_job_runner.py:266} INFO - Task exited with return code 0
[2025-03-31T07:12:27.760+0000] {taskinstance.py:3901} INFO - 1 downstream tasks scheduled from follow-on schedule check
[2025-03-31T07:12:27.764+0000] {local_task_job_runner.py:245} INFO - ::endgroup::
