[2025-04-09T08:59:45.194+0000] {local_task_job_runner.py:123} INFO - ::group::Pre task execution logs
[2025-04-09T08:59:45.382+0000] {taskinstance.py:2614} INFO - Dependencies all met for dep_context=non-requeueable deps ti=<TaskInstance: daily_weather_etl.run_postgres_script manual__2025-04-09T08:58:41.548829+00:00 [queued]>
[2025-04-09T08:59:45.399+0000] {taskinstance.py:2614} INFO - Dependencies all met for dep_context=requeueable deps ti=<TaskInstance: daily_weather_etl.run_postgres_script manual__2025-04-09T08:58:41.548829+00:00 [queued]>
[2025-04-09T08:59:45.401+0000] {taskinstance.py:2867} INFO - Starting attempt 1 of 2
[2025-04-09T08:59:45.422+0000] {taskinstance.py:2890} INFO - Executing <Task(BashOperator): run_postgres_script> on 2025-04-09 08:58:41.548829+00:00
[2025-04-09T08:59:45.431+0000] {standard_task_runner.py:72} INFO - Started process 11833 to run task
[2025-04-09T08:59:45.437+0000] {standard_task_runner.py:104} INFO - Running: ['***', 'tasks', 'run', 'daily_weather_etl', 'run_postgres_script', 'manual__2025-04-09T08:58:41.548829+00:00', '--job-id', '261', '--raw', '--subdir', 'DAGS_FOLDER/weather_dag.py', '--cfg-path', '/tmp/tmpwcfczcl1']
[2025-04-09T08:59:45.441+0000] {standard_task_runner.py:105} INFO - Job 261: Subtask run_postgres_script
[2025-04-09T08:59:45.513+0000] {task_command.py:467} INFO - Running <TaskInstance: daily_weather_etl.run_postgres_script manual__2025-04-09T08:58:41.548829+00:00 [running]> on host 3c3c1f66214b
[2025-04-09T08:59:45.650+0000] {taskinstance.py:3134} INFO - Exporting env vars: AIRFLOW_CTX_DAG_OWNER='***' AIRFLOW_CTX_DAG_ID='daily_weather_etl' AIRFLOW_CTX_TASK_ID='run_postgres_script' AIRFLOW_CTX_EXECUTION_DATE='2025-04-09T08:58:41.548829+00:00' AIRFLOW_CTX_TRY_NUMBER='1' AIRFLOW_CTX_DAG_RUN_ID='manual__2025-04-09T08:58:41.548829+00:00'
[2025-04-09T08:59:45.653+0000] {logging_mixin.py:190} INFO - Task instance is in running state
[2025-04-09T08:59:45.655+0000] {logging_mixin.py:190} INFO -  Previous state of the Task instance: queued
[2025-04-09T08:59:45.657+0000] {logging_mixin.py:190} INFO - Current task name:run_postgres_script state:running start_date:2025-04-09 08:59:45.384255+00:00
[2025-04-09T08:59:45.658+0000] {logging_mixin.py:190} INFO - Dag name:daily_weather_etl and current dag run status:running
[2025-04-09T08:59:45.660+0000] {taskinstance.py:732} INFO - ::endgroup::
[2025-04-09T08:59:45.662+0000] {subprocess.py:78} INFO - Tmp dir root location: /tmp
[2025-04-09T08:59:45.664+0000] {subprocess.py:88} INFO - Running command: ['/usr/bin/bash', '-c', 'python /opt/***/dags/postgres.py']
[2025-04-09T08:59:45.681+0000] {subprocess.py:99} INFO - Output:
[2025-04-09T08:59:54.982+0000] {subprocess.py:106} INFO - 25/04/09 08:59:54 WARN NativeCodeLoader: Unable to load native-hadoop library for your platform... using builtin-java classes where applicable
[2025-04-09T08:59:55.373+0000] {subprocess.py:106} INFO - Setting default log level to "WARN".
[2025-04-09T08:59:55.375+0000] {subprocess.py:106} INFO - To adjust logging level use sc.setLogLevel(newLevel). For SparkR, use setLogLevel(newLevel).
[2025-04-09T08:59:58.479+0000] {subprocess.py:106} INFO - Error: No hay carpetas disponibles
[2025-04-09T08:59:58.984+0000] {subprocess.py:110} INFO - Command exited with return code 0
[2025-04-09T08:59:59.016+0000] {taskinstance.py:341} INFO - ::group::Post task execution logs
[2025-04-09T08:59:59.019+0000] {taskinstance.py:353} INFO - Marking task as SUCCESS. dag_id=daily_weather_etl, task_id=run_postgres_script, run_id=manual__2025-04-09T08:58:41.548829+00:00, execution_date=20250409T085841, start_date=20250409T085945, end_date=20250409T085959
[2025-04-09T08:59:59.052+0000] {logging_mixin.py:190} INFO - Task instance in success state
[2025-04-09T08:59:59.055+0000] {logging_mixin.py:190} INFO -  Previous state of the Task instance: running
[2025-04-09T08:59:59.057+0000] {logging_mixin.py:190} INFO - Dag name:daily_weather_etl queued_at:2025-04-09 08:58:41.584437+00:00
[2025-04-09T08:59:59.059+0000] {logging_mixin.py:190} INFO - Task hostname:3c3c1f66214b operator:BashOperator
[2025-04-09T08:59:59.097+0000] {local_task_job_runner.py:266} INFO - Task exited with return code 0
[2025-04-09T08:59:59.120+0000] {taskinstance.py:3901} INFO - 0 downstream tasks scheduled from follow-on schedule check
[2025-04-09T08:59:59.124+0000] {local_task_job_runner.py:245} INFO - ::endgroup::
