[2025-03-25T08:56:04.843+0000] {local_task_job_runner.py:123} INFO - ::group::Pre task execution logs
[2025-03-25T08:56:05.118+0000] {taskinstance.py:2614} INFO - Dependencies all met for dep_context=non-requeueable deps ti=<TaskInstance: daily_weather_etl.run_bbdd_script manual__2025-03-25T08:54:03.380852+00:00 [queued]>
[2025-03-25T08:56:05.134+0000] {taskinstance.py:2614} INFO - Dependencies all met for dep_context=requeueable deps ti=<TaskInstance: daily_weather_etl.run_bbdd_script manual__2025-03-25T08:54:03.380852+00:00 [queued]>
[2025-03-25T08:56:05.136+0000] {taskinstance.py:2867} INFO - Starting attempt 1 of 2
[2025-03-25T08:56:05.159+0000] {taskinstance.py:2890} INFO - Executing <Task(BashOperator): run_bbdd_script> on 2025-03-25 08:54:03.380852+00:00
[2025-03-25T08:56:05.167+0000] {standard_task_runner.py:72} INFO - Started process 7397 to run task
[2025-03-25T08:56:05.172+0000] {standard_task_runner.py:104} INFO - Running: ['***', 'tasks', 'run', 'daily_weather_etl', 'run_bbdd_script', 'manual__2025-03-25T08:54:03.380852+00:00', '--job-id', '52', '--raw', '--subdir', 'DAGS_FOLDER/weather_dag.py', '--cfg-path', '/tmp/tmp95p8gbu_']
[2025-03-25T08:56:05.175+0000] {standard_task_runner.py:105} INFO - Job 52: Subtask run_bbdd_script
[2025-03-25T08:56:05.239+0000] {task_command.py:467} INFO - Running <TaskInstance: daily_weather_etl.run_bbdd_script manual__2025-03-25T08:54:03.380852+00:00 [running]> on host ffaec1616c64
[2025-03-25T08:56:05.355+0000] {taskinstance.py:3134} INFO - Exporting env vars: AIRFLOW_CTX_DAG_OWNER='***' AIRFLOW_CTX_DAG_ID='daily_weather_etl' AIRFLOW_CTX_TASK_ID='run_bbdd_script' AIRFLOW_CTX_EXECUTION_DATE='2025-03-25T08:54:03.380852+00:00' AIRFLOW_CTX_TRY_NUMBER='1' AIRFLOW_CTX_DAG_RUN_ID='manual__2025-03-25T08:54:03.380852+00:00'
[2025-03-25T08:56:05.357+0000] {logging_mixin.py:190} INFO - Task instance is in running state
[2025-03-25T08:56:05.359+0000] {logging_mixin.py:190} INFO -  Previous state of the Task instance: queued
[2025-03-25T08:56:05.360+0000] {logging_mixin.py:190} INFO - Current task name:run_bbdd_script state:running start_date:2025-03-25 08:56:05.120141+00:00
[2025-03-25T08:56:05.362+0000] {logging_mixin.py:190} INFO - Dag name:daily_weather_etl and current dag run status:running
[2025-03-25T08:56:05.364+0000] {taskinstance.py:732} INFO - ::endgroup::
[2025-03-25T08:56:05.367+0000] {subprocess.py:78} INFO - Tmp dir root location: /tmp
[2025-03-25T08:56:05.369+0000] {subprocess.py:88} INFO - Running command: ['/usr/bin/bash', '-c', 'python /opt/***/dags/main_bbdd.py']
[2025-03-25T08:56:05.384+0000] {subprocess.py:99} INFO - Output:
[2025-03-25T08:56:08.972+0000] {subprocess.py:106} INFO - 25/03/25 08:56:08 WARN NativeCodeLoader: Unable to load native-hadoop library for your platform... using builtin-java classes where applicable
[2025-03-25T08:56:09.265+0000] {subprocess.py:106} INFO - 25/03/25 08:56:09 WARN DependencyUtils: Local jar /opt/spark/jars/postgresql-42.2.27.jar does not exist, skipping.
[2025-03-25T08:56:09.413+0000] {subprocess.py:106} INFO - 25/03/25 08:56:09 INFO SparkContext: Running Spark version 3.5.5
[2025-03-25T08:56:09.415+0000] {subprocess.py:106} INFO - 25/03/25 08:56:09 INFO SparkContext: OS info Linux, 5.15.146.1-microsoft-standard-WSL2, amd64
[2025-03-25T08:56:09.416+0000] {subprocess.py:106} INFO - 25/03/25 08:56:09 INFO SparkContext: Java version 17.0.14
[2025-03-25T08:56:09.456+0000] {subprocess.py:106} INFO - 25/03/25 08:56:09 INFO ResourceUtils: ==============================================================
[2025-03-25T08:56:09.457+0000] {subprocess.py:106} INFO - 25/03/25 08:56:09 INFO ResourceUtils: No custom resources configured for spark.driver.
[2025-03-25T08:56:09.459+0000] {subprocess.py:106} INFO - 25/03/25 08:56:09 INFO ResourceUtils: ==============================================================
[2025-03-25T08:56:09.461+0000] {subprocess.py:106} INFO - 25/03/25 08:56:09 INFO SparkContext: Submitted application: WeatherApiBBDD
[2025-03-25T08:56:09.490+0000] {subprocess.py:106} INFO - 25/03/25 08:56:09 INFO ResourceProfile: Default ResourceProfile created, executor resources: Map(cores -> name: cores, amount: 1, script: , vendor: , memory -> name: memory, amount: 1024, script: , vendor: , offHeap -> name: offHeap, amount: 0, script: , vendor: ), task resources: Map(cpus -> name: cpus, amount: 1.0)
[2025-03-25T08:56:09.502+0000] {subprocess.py:106} INFO - 25/03/25 08:56:09 INFO ResourceProfile: Limiting resource is cpu
[2025-03-25T08:56:09.504+0000] {subprocess.py:106} INFO - 25/03/25 08:56:09 INFO ResourceProfileManager: Added ResourceProfile id: 0
[2025-03-25T08:56:09.570+0000] {subprocess.py:106} INFO - 25/03/25 08:56:09 INFO SecurityManager: Changing view acls to: ***
[2025-03-25T08:56:09.572+0000] {subprocess.py:106} INFO - 25/03/25 08:56:09 INFO SecurityManager: Changing modify acls to: ***
[2025-03-25T08:56:09.573+0000] {subprocess.py:106} INFO - 25/03/25 08:56:09 INFO SecurityManager: Changing view acls groups to:
[2025-03-25T08:56:09.575+0000] {subprocess.py:106} INFO - 25/03/25 08:56:09 INFO SecurityManager: Changing modify acls groups to:
[2025-03-25T08:56:09.578+0000] {subprocess.py:106} INFO - 25/03/25 08:56:09 INFO SecurityManager: SecurityManager: authentication disabled; ui acls disabled; users with view permissions: ***; groups with view permissions: EMPTY; users with modify permissions: ***; groups with modify permissions: EMPTY
[2025-03-25T08:56:09.890+0000] {subprocess.py:106} INFO - 25/03/25 08:56:09 INFO Utils: Successfully started service 'sparkDriver' on port 45975.
[2025-03-25T08:56:09.928+0000] {subprocess.py:106} INFO - 25/03/25 08:56:09 INFO SparkEnv: Registering MapOutputTracker
[2025-03-25T08:56:09.972+0000] {subprocess.py:106} INFO - 25/03/25 08:56:09 INFO SparkEnv: Registering BlockManagerMaster
[2025-03-25T08:56:09.995+0000] {subprocess.py:106} INFO - 25/03/25 08:56:09 INFO BlockManagerMasterEndpoint: Using org.apache.spark.storage.DefaultTopologyMapper for getting topology information
[2025-03-25T08:56:09.997+0000] {subprocess.py:106} INFO - 25/03/25 08:56:09 INFO BlockManagerMasterEndpoint: BlockManagerMasterEndpoint up
[2025-03-25T08:56:10.002+0000] {subprocess.py:106} INFO - 25/03/25 08:56:10 INFO SparkEnv: Registering BlockManagerMasterHeartbeat
[2025-03-25T08:56:10.031+0000] {subprocess.py:106} INFO - 25/03/25 08:56:10 INFO DiskBlockManager: Created local directory at /tmp/blockmgr-81c7f706-a944-464d-b782-2ab9f3cef92c
[2025-03-25T08:56:10.049+0000] {subprocess.py:106} INFO - 25/03/25 08:56:10 INFO MemoryStore: MemoryStore started with capacity 434.4 MiB
[2025-03-25T08:56:10.067+0000] {subprocess.py:106} INFO - 25/03/25 08:56:10 INFO SparkEnv: Registering OutputCommitCoordinator
[2025-03-25T08:56:10.288+0000] {subprocess.py:106} INFO - 25/03/25 08:56:10 INFO JettyUtils: Start Jetty 0.0.0.0:4040 for SparkUI
[2025-03-25T08:56:10.377+0000] {subprocess.py:106} INFO - 25/03/25 08:56:10 INFO Utils: Successfully started service 'SparkUI' on port 4040.
[2025-03-25T08:56:10.423+0000] {subprocess.py:106} INFO - 25/03/25 08:56:10 ERROR SparkContext: Failed to add /opt/spark/jars/postgresql-42.2.27.jar to Spark environment
[2025-03-25T08:56:10.424+0000] {subprocess.py:106} INFO - java.io.FileNotFoundException: Jar /opt/spark/jars/postgresql-42.2.27.jar not found
[2025-03-25T08:56:10.427+0000] {subprocess.py:106} INFO - 	at org.apache.spark.SparkContext.addLocalJarFile$1(SparkContext.scala:2095)
[2025-03-25T08:56:10.429+0000] {subprocess.py:106} INFO - 	at org.apache.spark.SparkContext.addJar(SparkContext.scala:2151)
[2025-03-25T08:56:10.430+0000] {subprocess.py:106} INFO - 	at org.apache.spark.SparkContext.$anonfun$new$15(SparkContext.scala:521)
[2025-03-25T08:56:10.431+0000] {subprocess.py:106} INFO - 	at org.apache.spark.SparkContext.$anonfun$new$15$adapted(SparkContext.scala:521)
[2025-03-25T08:56:10.433+0000] {subprocess.py:106} INFO - 	at scala.collection.mutable.ResizableArray.foreach(ResizableArray.scala:62)
[2025-03-25T08:56:10.434+0000] {subprocess.py:106} INFO - 	at scala.collection.mutable.ResizableArray.foreach$(ResizableArray.scala:55)
[2025-03-25T08:56:10.436+0000] {subprocess.py:106} INFO - 	at scala.collection.mutable.ArrayBuffer.foreach(ArrayBuffer.scala:49)
[2025-03-25T08:56:10.438+0000] {subprocess.py:106} INFO - 	at org.apache.spark.SparkContext.<init>(SparkContext.scala:521)
[2025-03-25T08:56:10.439+0000] {subprocess.py:106} INFO - 	at org.apache.spark.api.java.JavaSparkContext.<init>(JavaSparkContext.scala:58)
[2025-03-25T08:56:10.440+0000] {subprocess.py:106} INFO - 	at java.base/jdk.internal.reflect.NativeConstructorAccessorImpl.newInstance0(Native Method)
[2025-03-25T08:56:10.442+0000] {subprocess.py:106} INFO - 	at java.base/jdk.internal.reflect.NativeConstructorAccessorImpl.newInstance(NativeConstructorAccessorImpl.java:77)
[2025-03-25T08:56:10.444+0000] {subprocess.py:106} INFO - 	at java.base/jdk.internal.reflect.DelegatingConstructorAccessorImpl.newInstance(DelegatingConstructorAccessorImpl.java:45)
[2025-03-25T08:56:10.445+0000] {subprocess.py:106} INFO - 	at java.base/java.lang.reflect.Constructor.newInstanceWithCaller(Constructor.java:500)
[2025-03-25T08:56:10.447+0000] {subprocess.py:106} INFO - 	at java.base/java.lang.reflect.Constructor.newInstance(Constructor.java:481)
[2025-03-25T08:56:10.448+0000] {subprocess.py:106} INFO - 	at py4j.reflection.MethodInvoker.invoke(MethodInvoker.java:247)
[2025-03-25T08:56:10.450+0000] {subprocess.py:106} INFO - 	at py4j.reflection.ReflectionEngine.invoke(ReflectionEngine.java:374)
[2025-03-25T08:56:10.451+0000] {subprocess.py:106} INFO - 	at py4j.Gateway.invoke(Gateway.java:238)
[2025-03-25T08:56:10.453+0000] {subprocess.py:106} INFO - 	at py4j.commands.ConstructorCommand.invokeConstructor(ConstructorCommand.java:80)
[2025-03-25T08:56:10.454+0000] {subprocess.py:106} INFO - 	at py4j.commands.ConstructorCommand.execute(ConstructorCommand.java:69)
[2025-03-25T08:56:10.456+0000] {subprocess.py:106} INFO - 	at py4j.ClientServerConnection.waitForCommands(ClientServerConnection.java:182)
[2025-03-25T08:56:10.457+0000] {subprocess.py:106} INFO - 	at py4j.ClientServerConnection.run(ClientServerConnection.java:106)
[2025-03-25T08:56:10.459+0000] {subprocess.py:106} INFO - 	at java.base/java.lang.Thread.run(Thread.java:840)
[2025-03-25T08:56:10.505+0000] {subprocess.py:106} INFO - 25/03/25 08:56:10 INFO Executor: Starting executor ID driver on host ffaec1616c64
[2025-03-25T08:56:10.506+0000] {subprocess.py:106} INFO - 25/03/25 08:56:10 INFO Executor: OS info Linux, 5.15.146.1-microsoft-standard-WSL2, amd64
[2025-03-25T08:56:10.507+0000] {subprocess.py:106} INFO - 25/03/25 08:56:10 INFO Executor: Java version 17.0.14
[2025-03-25T08:56:10.515+0000] {subprocess.py:106} INFO - 25/03/25 08:56:10 INFO Executor: Starting executor with user classpath (userClassPathFirst = false): 'file:/opt/spark/jars/postgresql-42.2.27.jar,file:/tmp/***tmptp886t9g/postgresql-42.2.27.jar'
[2025-03-25T08:56:10.517+0000] {subprocess.py:106} INFO - 25/03/25 08:56:10 INFO Executor: Created or updated repl class loader org.apache.spark.util.MutableURLClassLoader@77bcba22 for default.
[2025-03-25T08:56:10.543+0000] {subprocess.py:106} INFO - 25/03/25 08:56:10 INFO Utils: Successfully started service 'org.apache.spark.network.netty.NettyBlockTransferService' on port 45455.
[2025-03-25T08:56:10.545+0000] {subprocess.py:106} INFO - 25/03/25 08:56:10 INFO NettyBlockTransferService: Server created on ffaec1616c64:45455
[2025-03-25T08:56:10.547+0000] {subprocess.py:106} INFO - 25/03/25 08:56:10 INFO BlockManager: Using org.apache.spark.storage.RandomBlockReplicationPolicy for block replication policy
[2025-03-25T08:56:10.555+0000] {subprocess.py:106} INFO - 25/03/25 08:56:10 INFO BlockManagerMaster: Registering BlockManager BlockManagerId(driver, ffaec1616c64, 45455, None)
[2025-03-25T08:56:10.560+0000] {subprocess.py:106} INFO - 25/03/25 08:56:10 INFO BlockManagerMasterEndpoint: Registering block manager ffaec1616c64:45455 with 434.4 MiB RAM, BlockManagerId(driver, ffaec1616c64, 45455, None)
[2025-03-25T08:56:10.564+0000] {subprocess.py:106} INFO - 25/03/25 08:56:10 INFO BlockManagerMaster: Registered BlockManager BlockManagerId(driver, ffaec1616c64, 45455, None)
[2025-03-25T08:56:10.565+0000] {subprocess.py:106} INFO - 25/03/25 08:56:10 INFO BlockManager: Initialized BlockManager: BlockManagerId(driver, ffaec1616c64, 45455, None)
[2025-03-25T08:56:11.254+0000] {subprocess.py:106} INFO - 25/03/25 08:56:11 INFO SharedState: Setting hive.metastore.warehouse.dir ('null') to the value of spark.sql.warehouse.dir.
[2025-03-25T08:56:11.257+0000] {subprocess.py:106} INFO - 25/03/25 08:56:11 INFO SharedState: Warehouse path is 'file:/tmp/***tmptp886t9g/spark-warehouse'.
[2025-03-25T08:56:12.167+0000] {subprocess.py:106} INFO - 25/03/25 08:56:12 INFO InMemoryFileIndex: It took 53 ms to list leaf files for 1 paths.
[2025-03-25T08:56:12.819+0000] {subprocess.py:106} INFO - 25/03/25 08:56:12 INFO SparkContext: Starting job: parquet at NativeMethodAccessorImpl.java:0
[2025-03-25T08:56:12.847+0000] {subprocess.py:106} INFO - 25/03/25 08:56:12 INFO DAGScheduler: Got job 0 (parquet at NativeMethodAccessorImpl.java:0) with 1 output partitions
[2025-03-25T08:56:12.849+0000] {subprocess.py:106} INFO - 25/03/25 08:56:12 INFO DAGScheduler: Final stage: ResultStage 0 (parquet at NativeMethodAccessorImpl.java:0)
[2025-03-25T08:56:12.851+0000] {subprocess.py:106} INFO - 25/03/25 08:56:12 INFO DAGScheduler: Parents of final stage: List()
[2025-03-25T08:56:12.853+0000] {subprocess.py:106} INFO - 25/03/25 08:56:12 INFO DAGScheduler: Missing parents: List()
[2025-03-25T08:56:12.857+0000] {subprocess.py:106} INFO - 25/03/25 08:56:12 INFO DAGScheduler: Submitting ResultStage 0 (MapPartitionsRDD[1] at parquet at NativeMethodAccessorImpl.java:0), which has no missing parents
[2025-03-25T08:56:13.000+0000] {subprocess.py:106} INFO - 25/03/25 08:56:13 INFO MemoryStore: Block broadcast_0 stored as values in memory (estimated size 103.7 KiB, free 434.3 MiB)
[2025-03-25T08:56:13.047+0000] {subprocess.py:106} INFO - 25/03/25 08:56:13 INFO MemoryStore: Block broadcast_0_piece0 stored as bytes in memory (estimated size 37.4 KiB, free 434.3 MiB)
[2025-03-25T08:56:13.052+0000] {subprocess.py:106} INFO - 25/03/25 08:56:13 INFO BlockManagerInfo: Added broadcast_0_piece0 in memory on ffaec1616c64:45455 (size: 37.4 KiB, free: 434.4 MiB)
[2025-03-25T08:56:13.059+0000] {subprocess.py:106} INFO - 25/03/25 08:56:13 INFO SparkContext: Created broadcast 0 from broadcast at DAGScheduler.scala:1585
[2025-03-25T08:56:13.084+0000] {subprocess.py:106} INFO - 25/03/25 08:56:13 INFO DAGScheduler: Submitting 1 missing tasks from ResultStage 0 (MapPartitionsRDD[1] at parquet at NativeMethodAccessorImpl.java:0) (first 15 tasks are for partitions Vector(0))
[2025-03-25T08:56:13.086+0000] {subprocess.py:106} INFO - 25/03/25 08:56:13 INFO TaskSchedulerImpl: Adding task set 0.0 with 1 tasks resource profile 0
[2025-03-25T08:56:13.164+0000] {subprocess.py:106} INFO - 25/03/25 08:56:13 INFO TaskSetManager: Starting task 0.0 in stage 0.0 (TID 0) (ffaec1616c64, executor driver, partition 0, PROCESS_LOCAL, 9146 bytes)
[2025-03-25T08:56:13.182+0000] {subprocess.py:106} INFO - 25/03/25 08:56:13 INFO Executor: Running task 0.0 in stage 0.0 (TID 0)
[2025-03-25T08:56:13.714+0000] {subprocess.py:106} INFO - [Stage 0:>                                                          (0 + 1) / 1]25/03/25 08:56:13 INFO Executor: Finished task 0.0 in stage 0.0 (TID 0). 2072 bytes result sent to driver
[2025-03-25T08:56:13.728+0000] {subprocess.py:106} INFO - 25/03/25 08:56:13 INFO TaskSetManager: Finished task 0.0 in stage 0.0 (TID 0) in 591 ms on ffaec1616c64 (executor driver) (1/1)
[2025-03-25T08:56:13.731+0000] {subprocess.py:106} INFO - 25/03/25 08:56:13 INFO TaskSchedulerImpl: Removed TaskSet 0.0, whose tasks have all completed, from pool
[2025-03-25T08:56:13.738+0000] {subprocess.py:106} INFO - 25/03/25 08:56:13 INFO DAGScheduler: ResultStage 0 (parquet at NativeMethodAccessorImpl.java:0) finished in 0.851 s
[2025-03-25T08:56:13.744+0000] {subprocess.py:106} INFO - 25/03/25 08:56:13 INFO DAGScheduler: Job 0 is finished. Cancelling potential speculative or zombie tasks for this job
[2025-03-25T08:56:13.746+0000] {subprocess.py:106} INFO - 25/03/25 08:56:13 INFO TaskSchedulerImpl: Killing all running tasks in stage 0: Stage finished
[2025-03-25T08:56:13.749+0000] {subprocess.py:106} INFO - 25/03/25 08:56:13 INFO DAGScheduler: Job 0 finished: parquet at NativeMethodAccessorImpl.java:0, took 0.928811 s
[2025-03-25T08:56:13.934+0000] {subprocess.py:106} INFO -                                                                                 25/03/25 08:56:13 INFO BlockManagerInfo: Removed broadcast_0_piece0 on ffaec1616c64:45455 in memory (size: 37.4 KiB, free: 434.4 MiB)
[2025-03-25T08:56:15.268+0000] {subprocess.py:106} INFO - 25/03/25 08:56:15 INFO FileSourceStrategy: Pushed Filters:
[2025-03-25T08:56:15.270+0000] {subprocess.py:106} INFO - 25/03/25 08:56:15 INFO FileSourceStrategy: Post-Scan Filters:
[2025-03-25T08:56:15.854+0000] {subprocess.py:106} INFO - 25/03/25 08:56:15 INFO CodeGenerator: Code generated in 285.172515 ms
[2025-03-25T08:56:15.888+0000] {subprocess.py:106} INFO - 25/03/25 08:56:15 INFO MemoryStore: Block broadcast_1 stored as values in memory (estimated size 202.7 KiB, free 434.2 MiB)
[2025-03-25T08:56:15.916+0000] {subprocess.py:106} INFO - 25/03/25 08:56:15 INFO MemoryStore: Block broadcast_1_piece0 stored as bytes in memory (estimated size 35.4 KiB, free 434.2 MiB)
[2025-03-25T08:56:15.918+0000] {subprocess.py:106} INFO - 25/03/25 08:56:15 INFO BlockManagerInfo: Added broadcast_1_piece0 in memory on ffaec1616c64:45455 (size: 35.4 KiB, free: 434.4 MiB)
[2025-03-25T08:56:15.920+0000] {subprocess.py:106} INFO - 25/03/25 08:56:15 INFO SparkContext: Created broadcast 1 from showString at NativeMethodAccessorImpl.java:0
[2025-03-25T08:56:15.948+0000] {subprocess.py:106} INFO - 25/03/25 08:56:15 INFO FileSourceScanExec: Planning scan with bin packing, max size: 4194304 bytes, open cost is considered as scanning 4194304 bytes.
[2025-03-25T08:56:16.014+0000] {subprocess.py:106} INFO - 25/03/25 08:56:16 INFO SparkContext: Starting job: showString at NativeMethodAccessorImpl.java:0
[2025-03-25T08:56:16.021+0000] {subprocess.py:106} INFO - 25/03/25 08:56:16 INFO DAGScheduler: Got job 1 (showString at NativeMethodAccessorImpl.java:0) with 1 output partitions
[2025-03-25T08:56:16.028+0000] {subprocess.py:106} INFO - 25/03/25 08:56:16 INFO DAGScheduler: Final stage: ResultStage 1 (showString at NativeMethodAccessorImpl.java:0)
[2025-03-25T08:56:16.030+0000] {subprocess.py:106} INFO - 25/03/25 08:56:16 INFO DAGScheduler: Parents of final stage: List()
[2025-03-25T08:56:16.031+0000] {subprocess.py:106} INFO - 25/03/25 08:56:16 INFO DAGScheduler: Missing parents: List()
[2025-03-25T08:56:16.033+0000] {subprocess.py:106} INFO - 25/03/25 08:56:16 INFO DAGScheduler: Submitting ResultStage 1 (MapPartitionsRDD[5] at showString at NativeMethodAccessorImpl.java:0), which has no missing parents
[2025-03-25T08:56:16.074+0000] {subprocess.py:106} INFO - 25/03/25 08:56:16 INFO MemoryStore: Block broadcast_2 stored as values in memory (estimated size 19.7 KiB, free 434.1 MiB)
[2025-03-25T08:56:16.093+0000] {subprocess.py:106} INFO - 25/03/25 08:56:16 INFO MemoryStore: Block broadcast_2_piece0 stored as bytes in memory (estimated size 7.2 KiB, free 434.1 MiB)
[2025-03-25T08:56:16.098+0000] {subprocess.py:106} INFO - 25/03/25 08:56:16 INFO BlockManagerInfo: Added broadcast_2_piece0 in memory on ffaec1616c64:45455 (size: 7.2 KiB, free: 434.4 MiB)
[2025-03-25T08:56:16.099+0000] {subprocess.py:106} INFO - 25/03/25 08:56:16 INFO SparkContext: Created broadcast 2 from broadcast at DAGScheduler.scala:1585
[2025-03-25T08:56:16.101+0000] {subprocess.py:106} INFO - 25/03/25 08:56:16 INFO DAGScheduler: Submitting 1 missing tasks from ResultStage 1 (MapPartitionsRDD[5] at showString at NativeMethodAccessorImpl.java:0) (first 15 tasks are for partitions Vector(0))
[2025-03-25T08:56:16.103+0000] {subprocess.py:106} INFO - 25/03/25 08:56:16 INFO TaskSchedulerImpl: Adding task set 1.0 with 1 tasks resource profile 0
[2025-03-25T08:56:16.113+0000] {subprocess.py:106} INFO - 25/03/25 08:56:16 INFO TaskSetManager: Starting task 0.0 in stage 1.0 (TID 1) (ffaec1616c64, executor driver, partition 0, PROCESS_LOCAL, 9616 bytes)
[2025-03-25T08:56:16.115+0000] {subprocess.py:106} INFO - 25/03/25 08:56:16 INFO Executor: Running task 0.0 in stage 1.0 (TID 1)
[2025-03-25T08:56:16.276+0000] {subprocess.py:106} INFO - 25/03/25 08:56:16 INFO CodeGenerator: Code generated in 69.449625 ms
[2025-03-25T08:56:16.282+0000] {subprocess.py:106} INFO - 25/03/25 08:56:16 INFO FileScanRDD: Reading File path: file:///tmp/tmpztljv89p/elche_2025-03-25_09-54.parquet, range: 0-2903, partition values: [empty row]
[2025-03-25T08:56:16.433+0000] {subprocess.py:106} INFO - 25/03/25 08:56:16 INFO CodecPool: Got brand-new decompressor [.snappy]
[2025-03-25T08:56:16.666+0000] {subprocess.py:106} INFO - [Stage 1:>                                                          (0 + 1) / 1]25/03/25 08:56:16 INFO Executor: Finished task 0.0 in stage 1.0 (TID 1). 1967 bytes result sent to driver
[2025-03-25T08:56:16.671+0000] {subprocess.py:106} INFO - 25/03/25 08:56:16 INFO TaskSetManager: Finished task 0.0 in stage 1.0 (TID 1) in 566 ms on ffaec1616c64 (executor driver) (1/1)
[2025-03-25T08:56:16.673+0000] {subprocess.py:106} INFO - 25/03/25 08:56:16 INFO TaskSchedulerImpl: Removed TaskSet 1.0, whose tasks have all completed, from pool
[2025-03-25T08:56:16.675+0000] {subprocess.py:106} INFO - 25/03/25 08:56:16 INFO DAGScheduler: ResultStage 1 (showString at NativeMethodAccessorImpl.java:0) finished in 0.648 s
[2025-03-25T08:56:16.677+0000] {subprocess.py:106} INFO - 25/03/25 08:56:16 INFO DAGScheduler: Job 1 is finished. Cancelling potential speculative or zombie tasks for this job
[2025-03-25T08:56:16.679+0000] {subprocess.py:106} INFO - 25/03/25 08:56:16 INFO TaskSchedulerImpl: Killing all running tasks in stage 1: Stage finished
[2025-03-25T08:56:16.681+0000] {subprocess.py:106} INFO - 25/03/25 08:56:16 INFO DAGScheduler: Job 1 finished: showString at NativeMethodAccessorImpl.java:0, took 0.664596 s
[2025-03-25T08:56:17.953+0000] {subprocess.py:106} INFO -                                                                                 25/03/25 08:56:17 INFO BlockManagerInfo: Removed broadcast_2_piece0 on ffaec1616c64:45455 in memory (size: 7.2 KiB, free: 434.4 MiB)
[2025-03-25T08:56:18.417+0000] {subprocess.py:106} INFO - 25/03/25 08:56:18 INFO CodeGenerator: Code generated in 121.964092 ms
[2025-03-25T08:56:18.593+0000] {subprocess.py:106} INFO - 25/03/25 08:56:18 INFO SparkContext: SparkContext is stopping with exitCode 0.
[2025-03-25T08:56:18.610+0000] {subprocess.py:106} INFO - 25/03/25 08:56:18 INFO SparkUI: Stopped Spark web UI at http://ffaec1616c64:4040
[2025-03-25T08:56:18.630+0000] {subprocess.py:106} INFO - 25/03/25 08:56:18 INFO MapOutputTrackerMasterEndpoint: MapOutputTrackerMasterEndpoint stopped!
[2025-03-25T08:56:18.648+0000] {subprocess.py:106} INFO - 25/03/25 08:56:18 INFO MemoryStore: MemoryStore cleared
[2025-03-25T08:56:18.650+0000] {subprocess.py:106} INFO - 25/03/25 08:56:18 INFO BlockManager: BlockManager stopped
[2025-03-25T08:56:18.653+0000] {subprocess.py:106} INFO - 25/03/25 08:56:18 INFO BlockManagerMaster: BlockManagerMaster stopped
[2025-03-25T08:56:18.659+0000] {subprocess.py:106} INFO - 25/03/25 08:56:18 INFO OutputCommitCoordinator$OutputCommitCoordinatorEndpoint: OutputCommitCoordinator stopped!
[2025-03-25T08:56:18.678+0000] {subprocess.py:106} INFO - 25/03/25 08:56:18 INFO SparkContext: Successfully stopped SparkContext
[2025-03-25T08:56:18.843+0000] {subprocess.py:106} INFO - +-----+----------------+-----------+--------+--------+---------+---------+-----+--------------------+
[2025-03-25T08:56:18.845+0000] {subprocess.py:106} INFO - | city|       localtime|temperature|wind_kph|humidity|feelslike|precip_mm| text|                icon|
[2025-03-25T08:56:18.846+0000] {subprocess.py:106} INFO - +-----+----------------+-----------+--------+--------+---------+---------+-----+--------------------+
[2025-03-25T08:56:18.847+0000] {subprocess.py:106} INFO - |elche|2025-03-25 09:54|       16.3|     5.4|      48|     16.3|      0.0|Sunny|//cdn.weatherapi....|
[2025-03-25T08:56:18.849+0000] {subprocess.py:106} INFO - +-----+----------------+-----------+--------+--------+---------+---------+-----+--------------------+
[2025-03-25T08:56:18.850+0000] {subprocess.py:106} INFO - 
[2025-03-25T08:56:18.851+0000] {subprocess.py:106} INFO - Error: An error occurred while calling o43.save.
[2025-03-25T08:56:18.853+0000] {subprocess.py:106} INFO - : java.lang.ClassNotFoundException: org.postgresql.Driver
[2025-03-25T08:56:18.854+0000] {subprocess.py:106} INFO - 	at java.base/java.net.URLClassLoader.findClass(URLClassLoader.java:445)
[2025-03-25T08:56:18.856+0000] {subprocess.py:106} INFO - 	at java.base/java.lang.ClassLoader.loadClass(ClassLoader.java:592)
[2025-03-25T08:56:18.858+0000] {subprocess.py:106} INFO - 	at java.base/java.lang.ClassLoader.loadClass(ClassLoader.java:525)
[2025-03-25T08:56:18.859+0000] {subprocess.py:106} INFO - 	at org.apache.spark.sql.execution.datasources.jdbc.DriverRegistry$.register(DriverRegistry.scala:46)
[2025-03-25T08:56:18.861+0000] {subprocess.py:106} INFO - 	at org.apache.spark.sql.execution.datasources.jdbc.JDBCOptions.$anonfun$driverClass$1(JDBCOptions.scala:103)
[2025-03-25T08:56:18.863+0000] {subprocess.py:106} INFO - 	at org.apache.spark.sql.execution.datasources.jdbc.JDBCOptions.$anonfun$driverClass$1$adapted(JDBCOptions.scala:103)
[2025-03-25T08:56:18.865+0000] {subprocess.py:106} INFO - 	at scala.Option.foreach(Option.scala:407)
[2025-03-25T08:56:18.866+0000] {subprocess.py:106} INFO - 	at org.apache.spark.sql.execution.datasources.jdbc.JDBCOptions.<init>(JDBCOptions.scala:103)
[2025-03-25T08:56:18.868+0000] {subprocess.py:106} INFO - 	at org.apache.spark.sql.execution.datasources.jdbc.JdbcOptionsInWrite.<init>(JDBCOptions.scala:254)
[2025-03-25T08:56:18.870+0000] {subprocess.py:106} INFO - 	at org.apache.spark.sql.execution.datasources.jdbc.JdbcOptionsInWrite.<init>(JDBCOptions.scala:258)
[2025-03-25T08:56:18.872+0000] {subprocess.py:106} INFO - 	at org.apache.spark.sql.execution.datasources.jdbc.JdbcRelationProvider.createRelation(JdbcRelationProvider.scala:47)
[2025-03-25T08:56:18.874+0000] {subprocess.py:106} INFO - 	at org.apache.spark.sql.execution.datasources.SaveIntoDataSourceCommand.run(SaveIntoDataSourceCommand.scala:48)
[2025-03-25T08:56:18.876+0000] {subprocess.py:106} INFO - 	at org.apache.spark.sql.execution.command.ExecutedCommandExec.sideEffectResult$lzycompute(commands.scala:75)
[2025-03-25T08:56:18.878+0000] {subprocess.py:106} INFO - 	at org.apache.spark.sql.execution.command.ExecutedCommandExec.sideEffectResult(commands.scala:73)
[2025-03-25T08:56:18.879+0000] {subprocess.py:106} INFO - 	at org.apache.spark.sql.execution.command.ExecutedCommandExec.executeCollect(commands.scala:84)
[2025-03-25T08:56:18.881+0000] {subprocess.py:106} INFO - 	at org.apache.spark.sql.execution.QueryExecution$$anonfun$eagerlyExecuteCommands$1.$anonfun$applyOrElse$1(QueryExecution.scala:107)
[2025-03-25T08:56:18.882+0000] {subprocess.py:106} INFO - 	at org.apache.spark.sql.execution.SQLExecution$.$anonfun$withNewExecutionId$6(SQLExecution.scala:125)
[2025-03-25T08:56:18.884+0000] {subprocess.py:106} INFO - 	at org.apache.spark.sql.execution.SQLExecution$.withSQLConfPropagated(SQLExecution.scala:201)
[2025-03-25T08:56:18.885+0000] {subprocess.py:106} INFO - 	at org.apache.spark.sql.execution.SQLExecution$.$anonfun$withNewExecutionId$1(SQLExecution.scala:108)
[2025-03-25T08:56:18.886+0000] {subprocess.py:106} INFO - 	at org.apache.spark.sql.SparkSession.withActive(SparkSession.scala:900)
[2025-03-25T08:56:18.888+0000] {subprocess.py:106} INFO - 	at org.apache.spark.sql.execution.SQLExecution$.withNewExecutionId(SQLExecution.scala:66)
[2025-03-25T08:56:18.890+0000] {subprocess.py:106} INFO - 	at org.apache.spark.sql.execution.QueryExecution$$anonfun$eagerlyExecuteCommands$1.applyOrElse(QueryExecution.scala:107)
[2025-03-25T08:56:18.892+0000] {subprocess.py:106} INFO - 	at org.apache.spark.sql.execution.QueryExecution$$anonfun$eagerlyExecuteCommands$1.applyOrElse(QueryExecution.scala:98)
[2025-03-25T08:56:18.893+0000] {subprocess.py:106} INFO - 	at org.apache.spark.sql.catalyst.trees.TreeNode.$anonfun$transformDownWithPruning$1(TreeNode.scala:461)
[2025-03-25T08:56:18.895+0000] {subprocess.py:106} INFO - 	at org.apache.spark.sql.catalyst.trees.CurrentOrigin$.withOrigin(origin.scala:76)
[2025-03-25T08:56:18.896+0000] {subprocess.py:106} INFO - 	at org.apache.spark.sql.catalyst.trees.TreeNode.transformDownWithPruning(TreeNode.scala:461)
[2025-03-25T08:56:18.898+0000] {subprocess.py:106} INFO - 	at org.apache.spark.sql.catalyst.plans.logical.LogicalPlan.org$apache$spark$sql$catalyst$plans$logical$AnalysisHelper$$super$transformDownWithPruning(LogicalPlan.scala:32)
[2025-03-25T08:56:18.899+0000] {subprocess.py:106} INFO - 	at org.apache.spark.sql.catalyst.plans.logical.AnalysisHelper.transformDownWithPruning(AnalysisHelper.scala:267)
[2025-03-25T08:56:18.901+0000] {subprocess.py:106} INFO - 	at org.apache.spark.sql.catalyst.plans.logical.AnalysisHelper.transformDownWithPruning$(AnalysisHelper.scala:263)
[2025-03-25T08:56:18.902+0000] {subprocess.py:106} INFO - 	at org.apache.spark.sql.catalyst.plans.logical.LogicalPlan.transformDownWithPruning(LogicalPlan.scala:32)
[2025-03-25T08:56:18.904+0000] {subprocess.py:106} INFO - 	at org.apache.spark.sql.catalyst.plans.logical.LogicalPlan.transformDownWithPruning(LogicalPlan.scala:32)
[2025-03-25T08:56:18.906+0000] {subprocess.py:106} INFO - 	at org.apache.spark.sql.catalyst.trees.TreeNode.transformDown(TreeNode.scala:437)
[2025-03-25T08:56:18.908+0000] {subprocess.py:106} INFO - 	at org.apache.spark.sql.execution.QueryExecution.eagerlyExecuteCommands(QueryExecution.scala:98)
[2025-03-25T08:56:18.909+0000] {subprocess.py:106} INFO - 	at org.apache.spark.sql.execution.QueryExecution.commandExecuted$lzycompute(QueryExecution.scala:85)
[2025-03-25T08:56:18.911+0000] {subprocess.py:106} INFO - 	at org.apache.spark.sql.execution.QueryExecution.commandExecuted(QueryExecution.scala:83)
[2025-03-25T08:56:18.912+0000] {subprocess.py:106} INFO - 	at org.apache.spark.sql.execution.QueryExecution.assertCommandExecuted(QueryExecution.scala:142)
[2025-03-25T08:56:18.913+0000] {subprocess.py:106} INFO - 	at org.apache.spark.sql.DataFrameWriter.runCommand(DataFrameWriter.scala:869)
[2025-03-25T08:56:18.915+0000] {subprocess.py:106} INFO - 	at org.apache.spark.sql.DataFrameWriter.saveToV1Source(DataFrameWriter.scala:391)
[2025-03-25T08:56:18.916+0000] {subprocess.py:106} INFO - 	at org.apache.spark.sql.DataFrameWriter.saveInternal(DataFrameWriter.scala:364)
[2025-03-25T08:56:18.917+0000] {subprocess.py:106} INFO - 	at org.apache.spark.sql.DataFrameWriter.save(DataFrameWriter.scala:251)
[2025-03-25T08:56:18.918+0000] {subprocess.py:106} INFO - 	at java.base/jdk.internal.reflect.NativeMethodAccessorImpl.invoke0(Native Method)
[2025-03-25T08:56:18.920+0000] {subprocess.py:106} INFO - 	at java.base/jdk.internal.reflect.NativeMethodAccessorImpl.invoke(NativeMethodAccessorImpl.java:77)
[2025-03-25T08:56:18.922+0000] {subprocess.py:106} INFO - 	at java.base/jdk.internal.reflect.DelegatingMethodAccessorImpl.invoke(DelegatingMethodAccessorImpl.java:43)
[2025-03-25T08:56:18.924+0000] {subprocess.py:106} INFO - 	at java.base/java.lang.reflect.Method.invoke(Method.java:569)
[2025-03-25T08:56:18.926+0000] {subprocess.py:106} INFO - 	at py4j.reflection.MethodInvoker.invoke(MethodInvoker.java:244)
[2025-03-25T08:56:18.928+0000] {subprocess.py:106} INFO - 	at py4j.reflection.ReflectionEngine.invoke(ReflectionEngine.java:374)
[2025-03-25T08:56:18.929+0000] {subprocess.py:106} INFO - 	at py4j.Gateway.invoke(Gateway.java:282)
[2025-03-25T08:56:18.931+0000] {subprocess.py:106} INFO - 	at py4j.commands.AbstractCommand.invokeMethod(AbstractCommand.java:132)
[2025-03-25T08:56:18.932+0000] {subprocess.py:106} INFO - 	at py4j.commands.CallCommand.execute(CallCommand.java:79)
[2025-03-25T08:56:18.933+0000] {subprocess.py:106} INFO - 	at py4j.ClientServerConnection.waitForCommands(ClientServerConnection.java:182)
[2025-03-25T08:56:18.935+0000] {subprocess.py:106} INFO - 	at py4j.ClientServerConnection.run(ClientServerConnection.java:106)
[2025-03-25T08:56:18.936+0000] {subprocess.py:106} INFO - 	at java.base/java.lang.Thread.run(Thread.java:840)
[2025-03-25T08:56:18.938+0000] {subprocess.py:106} INFO - 
[2025-03-25T08:56:19.031+0000] {subprocess.py:106} INFO - 25/03/25 08:56:19 INFO ShutdownHookManager: Shutdown hook called
[2025-03-25T08:56:19.033+0000] {subprocess.py:106} INFO - 25/03/25 08:56:19 INFO ShutdownHookManager: Deleting directory /tmp/spark-fcff1b45-1137-4397-a79a-42552f9eb087/pyspark-c1f80eef-3d63-4d3b-ac37-58a79288b927
[2025-03-25T08:56:19.037+0000] {subprocess.py:106} INFO - 25/03/25 08:56:19 INFO ShutdownHookManager: Deleting directory /tmp/spark-fcff1b45-1137-4397-a79a-42552f9eb087
[2025-03-25T08:56:19.042+0000] {subprocess.py:106} INFO - 25/03/25 08:56:19 INFO ShutdownHookManager: Deleting directory /tmp/spark-0cfa75d2-9ab4-4652-bff3-0e13f3d373fe
[2025-03-25T08:56:19.426+0000] {subprocess.py:110} INFO - Command exited with return code 0
[2025-03-25T08:56:19.495+0000] {taskinstance.py:341} INFO - ::group::Post task execution logs
[2025-03-25T08:56:19.499+0000] {taskinstance.py:353} INFO - Marking task as SUCCESS. dag_id=daily_weather_etl, task_id=run_bbdd_script, run_id=manual__2025-03-25T08:54:03.380852+00:00, execution_date=20250325T085403, start_date=20250325T085605, end_date=20250325T085619
[2025-03-25T08:56:19.566+0000] {logging_mixin.py:190} INFO - Task instance in success state
[2025-03-25T08:56:19.569+0000] {logging_mixin.py:190} INFO -  Previous state of the Task instance: running
[2025-03-25T08:56:19.572+0000] {logging_mixin.py:190} INFO - Dag name:daily_weather_etl queued_at:2025-03-25 08:54:03.422982+00:00
[2025-03-25T08:56:19.575+0000] {logging_mixin.py:190} INFO - Task hostname:ffaec1616c64 operator:BashOperator
[2025-03-25T08:56:19.602+0000] {local_task_job_runner.py:266} INFO - Task exited with return code 0
[2025-03-25T08:56:19.626+0000] {taskinstance.py:3901} INFO - 0 downstream tasks scheduled from follow-on schedule check
[2025-03-25T08:56:19.629+0000] {local_task_job_runner.py:245} INFO - ::endgroup::
