[2025-04-08T09:14:20.247+0000] {local_task_job_runner.py:123} INFO - ::group::Pre task execution logs
[2025-04-08T09:14:20.375+0000] {taskinstance.py:2614} INFO - Dependencies all met for dep_context=non-requeueable deps ti=<TaskInstance: daily_weather_etl.run_minio_script manual__2025-04-08T09:14:10.036800+00:00 [queued]>
[2025-04-08T09:14:20.387+0000] {taskinstance.py:2614} INFO - Dependencies all met for dep_context=requeueable deps ti=<TaskInstance: daily_weather_etl.run_minio_script manual__2025-04-08T09:14:10.036800+00:00 [queued]>
[2025-04-08T09:14:20.391+0000] {taskinstance.py:2867} INFO - Starting attempt 1 of 2
[2025-04-08T09:14:20.405+0000] {taskinstance.py:2890} INFO - Executing <Task(BashOperator): run_minio_script> on 2025-04-08 09:14:10.036800+00:00
[2025-04-08T09:14:20.410+0000] {standard_task_runner.py:72} INFO - Started process 5021 to run task
[2025-04-08T09:14:20.413+0000] {standard_task_runner.py:104} INFO - Running: ['***', 'tasks', 'run', 'daily_weather_etl', 'run_minio_script', 'manual__2025-04-08T09:14:10.036800+00:00', '--job-id', '240', '--raw', '--subdir', 'DAGS_FOLDER/weather_dag.py', '--cfg-path', '/tmp/tmp9byf5a89']
[2025-04-08T09:14:20.416+0000] {standard_task_runner.py:105} INFO - Job 240: Subtask run_minio_script
[2025-04-08T09:14:20.474+0000] {task_command.py:467} INFO - Running <TaskInstance: daily_weather_etl.run_minio_script manual__2025-04-08T09:14:10.036800+00:00 [running]> on host 3c3c1f66214b
[2025-04-08T09:14:20.543+0000] {taskinstance.py:3134} INFO - Exporting env vars: AIRFLOW_CTX_DAG_OWNER='***' AIRFLOW_CTX_DAG_ID='daily_weather_etl' AIRFLOW_CTX_TASK_ID='run_minio_script' AIRFLOW_CTX_EXECUTION_DATE='2025-04-08T09:14:10.036800+00:00' AIRFLOW_CTX_TRY_NUMBER='1' AIRFLOW_CTX_DAG_RUN_ID='manual__2025-04-08T09:14:10.036800+00:00'
[2025-04-08T09:14:20.545+0000] {logging_mixin.py:190} INFO - Task instance is in running state
[2025-04-08T09:14:20.546+0000] {logging_mixin.py:190} INFO -  Previous state of the Task instance: queued
[2025-04-08T09:14:20.547+0000] {logging_mixin.py:190} INFO - Current task name:run_minio_script state:running start_date:2025-04-08 09:14:20.376872+00:00
[2025-04-08T09:14:20.547+0000] {logging_mixin.py:190} INFO - Dag name:daily_weather_etl and current dag run status:running
[2025-04-08T09:14:20.549+0000] {taskinstance.py:732} INFO - ::endgroup::
[2025-04-08T09:14:20.550+0000] {subprocess.py:78} INFO - Tmp dir root location: /tmp
[2025-04-08T09:14:20.551+0000] {subprocess.py:88} INFO - Running command: ['/usr/bin/bash', '-c', 'python /opt/***/dags/minio.py']
[2025-04-08T09:14:20.560+0000] {subprocess.py:99} INFO - Output:
[2025-04-08T09:14:23.274+0000] {subprocess.py:106} INFO - Setting default log level to "WARN".
[2025-04-08T09:14:23.275+0000] {subprocess.py:106} INFO - To adjust logging level use sc.setLogLevel(newLevel). For SparkR, use setLogLevel(newLevel).
[2025-04-08T09:14:23.490+0000] {subprocess.py:106} INFO - 25/04/08 09:14:23 WARN NativeCodeLoader: Unable to load native-hadoop library for your platform... using builtin-java classes where applicable
[2025-04-08T09:14:36.611+0000] {subprocess.py:106} INFO - [Stage 0:>                                                          (0 + 8) / 8]                                                                                +-----+----------+-----+-----------+--------+--------+---------+---------+------+----------------------------------------------+
[2025-04-08T09:14:36.614+0000] {subprocess.py:106} INFO - |city |date      |time |temperature|wind_kph|humidity|feelslike|precip_mm|text  |icon                                          |
[2025-04-08T09:14:36.618+0000] {subprocess.py:106} INFO - +-----+----------+-----+-----------+--------+--------+---------+---------+------+----------------------------------------------+
[2025-04-08T09:14:36.619+0000] {subprocess.py:106} INFO - |elche|2025-04-06|15:00|24.6       |15.2    |25      |24.6     |0.0      |Sunny |//cdn.weatherapi.com/weather/64x64/day/113.png|
[2025-04-08T09:14:36.620+0000] {subprocess.py:106} INFO - |elche|2025-04-06|04:00|16.0       |17.6    |50      |16.0     |0.0      |Cloudy|//cdn.weatherapi.com/weather/64x64/day/119.png|
[2025-04-08T09:14:36.621+0000] {subprocess.py:106} INFO - |elche|2025-04-06|22:00|18.1       |0.4     |52      |18.1     |0.0      |Sunny |//cdn.weatherapi.com/weather/64x64/day/113.png|
[2025-04-08T09:14:36.622+0000] {subprocess.py:106} INFO - |elche|2025-04-06|09:00|16.1       |13.1    |51      |16.1     |0.0      |Sunny |//cdn.weatherapi.com/weather/64x64/day/113.png|
[2025-04-08T09:14:36.624+0000] {subprocess.py:106} INFO - +-----+----------+-----+-----------+--------+--------+---------+---------+------+----------------------------------------------+
[2025-04-08T09:14:36.625+0000] {subprocess.py:106} INFO - 
[2025-04-08T09:14:36.627+0000] {subprocess.py:106} INFO - +------+----------+-----+-----------+--------+--------+---------+---------+------------+----------------------------------------------+
[2025-04-08T09:14:36.628+0000] {subprocess.py:106} INFO - |city  |date      |time |temperature|wind_kph|humidity|feelslike|precip_mm|text        |icon                                          |
[2025-04-08T09:14:36.629+0000] {subprocess.py:106} INFO - +------+----------+-----+-----------+--------+--------+---------+---------+------------+----------------------------------------------+
[2025-04-08T09:14:36.630+0000] {subprocess.py:106} INFO - |madrid|2025-04-06|15:00|16.9       |2.5     |51      |16.9     |0.0      |Sunny       |//cdn.weatherapi.com/weather/64x64/day/113.png|
[2025-04-08T09:14:36.632+0000] {subprocess.py:106} INFO - |madrid|2025-04-06|22:00|13.5       |7.0     |71      |13.5     |0.0      |Sunny       |//cdn.weatherapi.com/weather/64x64/day/113.png|
[2025-04-08T09:14:36.633+0000] {subprocess.py:106} INFO - |madrid|2025-04-06|09:00|9.4        |3.3     |91      |9.4      |0.0      |Mostly Clear|//cdn.weatherapi.com/weather/64x64/day/116.png|
[2025-04-08T09:14:36.634+0000] {subprocess.py:106} INFO - |madrid|2025-04-06|04:00|9.8        |2.9     |87      |9.8      |0.0      |Cloudy      |//cdn.weatherapi.com/weather/64x64/day/119.png|
[2025-04-08T09:14:36.635+0000] {subprocess.py:106} INFO - +------+----------+-----+-----------+--------+--------+---------+---------+------------+----------------------------------------------+
[2025-04-08T09:14:36.636+0000] {subprocess.py:106} INFO - 
[2025-04-08T09:14:36.637+0000] {subprocess.py:106} INFO - +--------------------+----------+-----+-----------+--------+--------+---------+---------+-------------+----------------------------------------------+
[2025-04-08T09:14:36.637+0000] {subprocess.py:106} INFO - |city                |date      |time |temperature|wind_kph|humidity|feelslike|precip_mm|text         |icon                                          |
[2025-04-08T09:14:36.638+0000] {subprocess.py:106} INFO - +--------------------+----------+-----+-----------+--------+--------+---------+---------+-------------+----------------------------------------------+
[2025-04-08T09:14:36.640+0000] {subprocess.py:106} INFO - |san juan de alicante|2025-04-06|09:00|15.6       |7.6     |50      |15.6     |0.0      |Cloudy       |//cdn.weatherapi.com/weather/64x64/day/119.png|
[2025-04-08T09:14:36.641+0000] {subprocess.py:106} INFO - |san juan de alicante|2025-04-06|15:00|22.8       |16.8    |30      |22.8     |0.0      |Mostly Clear |//cdn.weatherapi.com/weather/64x64/day/116.png|
[2025-04-08T09:14:36.642+0000] {subprocess.py:106} INFO - |san juan de alicante|2025-04-06|04:00|14.1       |9.4     |57      |14.1     |0.0      |Partly Cloudy|//cdn.weatherapi.com/weather/64x64/day/116.png|
[2025-04-08T09:14:36.643+0000] {subprocess.py:106} INFO - |san juan de alicante|2025-04-06|22:00|16.9       |2.1     |56      |16.9     |0.0      |Mostly Clear |//cdn.weatherapi.com/weather/64x64/day/116.png|
[2025-04-08T09:14:36.644+0000] {subprocess.py:106} INFO - +--------------------+----------+-----+-----------+--------+--------+---------+---------+-------------+----------------------------------------------+
[2025-04-08T09:14:36.645+0000] {subprocess.py:106} INFO - 
[2025-04-08T09:14:36.646+0000] {subprocess.py:106} INFO - +----------+----------+-----+-----------+--------+--------+---------+---------+------------+----------------------------------------------+
[2025-04-08T09:14:36.648+0000] {subprocess.py:106} INFO - |city      |date      |time |temperature|wind_kph|humidity|feelslike|precip_mm|text        |icon                                          |
[2025-04-08T09:14:36.649+0000] {subprocess.py:106} INFO - +----------+----------+-----+-----------+--------+--------+---------+---------+------------+----------------------------------------------+
[2025-04-08T09:14:36.650+0000] {subprocess.py:106} INFO - |torrevieja|2025-04-06|09:00|14.8       |17.7    |64      |14.8     |0.0      |Sunny       |//cdn.weatherapi.com/weather/64x64/day/113.png|
[2025-04-08T09:14:36.651+0000] {subprocess.py:106} INFO - |torrevieja|2025-04-06|04:00|15.1       |16.3    |61      |15.1     |0.0      |Cloudy      |//cdn.weatherapi.com/weather/64x64/day/119.png|
[2025-04-08T09:14:36.652+0000] {subprocess.py:106} INFO - |torrevieja|2025-04-06|22:00|16.7       |8.1     |62      |16.7     |0.0      |Sunny       |//cdn.weatherapi.com/weather/64x64/day/113.png|
[2025-04-08T09:14:36.653+0000] {subprocess.py:106} INFO - |torrevieja|2025-04-06|15:00|21.6       |15.8    |52      |21.6     |0.0      |Mostly Clear|//cdn.weatherapi.com/weather/64x64/day/116.png|
[2025-04-08T09:14:36.654+0000] {subprocess.py:106} INFO - +----------+----------+-----+-----------+--------+--------+---------+---------+------------+----------------------------------------------+
[2025-04-08T09:14:36.656+0000] {subprocess.py:106} INFO - 
[2025-04-08T09:14:36.658+0000] {subprocess.py:106} INFO - +--------+----------+-----+-----------+--------+--------+---------+---------+-------------+----------------------------------------------+
[2025-04-08T09:14:36.659+0000] {subprocess.py:106} INFO - |city    |date      |time |temperature|wind_kph|humidity|feelslike|precip_mm|text         |icon                                          |
[2025-04-08T09:14:36.660+0000] {subprocess.py:106} INFO - +--------+----------+-----+-----------+--------+--------+---------+---------+-------------+----------------------------------------------+
[2025-04-08T09:14:36.661+0000] {subprocess.py:106} INFO - |valencia|2025-04-06|15:00|23.8       |8.1     |31      |23.8     |0.0      |Cloudy       |//cdn.weatherapi.com/weather/64x64/day/119.png|
[2025-04-08T09:14:36.662+0000] {subprocess.py:106} INFO - |valencia|2025-04-06|09:00|13.4       |10.0    |65      |13.4     |0.0      |Partly Cloudy|//cdn.weatherapi.com/weather/64x64/day/116.png|
[2025-04-08T09:14:36.664+0000] {subprocess.py:106} INFO - |valencia|2025-04-06|22:00|17.7       |3.6     |60      |17.7     |0.0      |Sunny        |//cdn.weatherapi.com/weather/64x64/day/113.png|
[2025-04-08T09:14:36.665+0000] {subprocess.py:106} INFO - |valencia|2025-04-06|04:00|13.7       |10.6    |63      |13.7     |0.0      |Cloudy       |//cdn.weatherapi.com/weather/64x64/day/119.png|
[2025-04-08T09:14:36.666+0000] {subprocess.py:106} INFO - +--------+----------+-----+-----------+--------+--------+---------+---------+-------------+----------------------------------------------+
[2025-04-08T09:14:36.668+0000] {subprocess.py:106} INFO - 
[2025-04-08T09:14:41.397+0000] {subprocess.py:106} INFO - +--------------------+----------+-----+-----------+--------+--------+---------+---------+-------------+--------------------+
[2025-04-08T09:14:41.399+0000] {subprocess.py:106} INFO - |                city|      date| time|temperature|wind_kph|humidity|feelslike|precip_mm|         text|                icon|
[2025-04-08T09:14:41.399+0000] {subprocess.py:106} INFO - +--------------------+----------+-----+-----------+--------+--------+---------+---------+-------------+--------------------+
[2025-04-08T09:14:41.400+0000] {subprocess.py:106} INFO - |               elche|2025-04-06|04:00|       16.0|    17.6|      50|     16.0|      0.0|       Cloudy|//cdn.weatherapi....|
[2025-04-08T09:14:41.401+0000] {subprocess.py:106} INFO - |               elche|2025-04-06|09:00|       16.1|    13.1|      51|     16.1|      0.0|        Sunny|//cdn.weatherapi....|
[2025-04-08T09:14:41.402+0000] {subprocess.py:106} INFO - |               elche|2025-04-06|15:00|       24.6|    15.2|      25|     24.6|      0.0|        Sunny|//cdn.weatherapi....|
[2025-04-08T09:14:41.403+0000] {subprocess.py:106} INFO - |               elche|2025-04-06|22:00|       18.1|     0.4|      52|     18.1|      0.0|        Sunny|//cdn.weatherapi....|
[2025-04-08T09:14:41.404+0000] {subprocess.py:106} INFO - |              madrid|2025-04-06|04:00|        9.8|     2.9|      87|      9.8|      0.0|       Cloudy|//cdn.weatherapi....|
[2025-04-08T09:14:41.405+0000] {subprocess.py:106} INFO - |              madrid|2025-04-06|09:00|        9.4|     3.3|      91|      9.4|      0.0| Mostly Clear|//cdn.weatherapi....|
[2025-04-08T09:14:41.406+0000] {subprocess.py:106} INFO - |              madrid|2025-04-06|15:00|       16.9|     2.5|      51|     16.9|      0.0|        Sunny|//cdn.weatherapi....|
[2025-04-08T09:14:41.407+0000] {subprocess.py:106} INFO - |              madrid|2025-04-06|22:00|       13.5|     7.0|      71|     13.5|      0.0|        Sunny|//cdn.weatherapi....|
[2025-04-08T09:14:41.407+0000] {subprocess.py:106} INFO - |san juan de alicante|2025-04-06|04:00|       14.1|     9.4|      57|     14.1|      0.0|Partly Cloudy|//cdn.weatherapi....|
[2025-04-08T09:14:41.408+0000] {subprocess.py:106} INFO - |san juan de alicante|2025-04-06|09:00|       15.6|     7.6|      50|     15.6|      0.0|       Cloudy|//cdn.weatherapi....|
[2025-04-08T09:14:41.409+0000] {subprocess.py:106} INFO - |san juan de alicante|2025-04-06|15:00|       22.8|    16.8|      30|     22.8|      0.0| Mostly Clear|//cdn.weatherapi....|
[2025-04-08T09:14:41.409+0000] {subprocess.py:106} INFO - |san juan de alicante|2025-04-06|22:00|       16.9|     2.1|      56|     16.9|      0.0| Mostly Clear|//cdn.weatherapi....|
[2025-04-08T09:14:41.410+0000] {subprocess.py:106} INFO - |          torrevieja|2025-04-06|04:00|       15.1|    16.3|      61|     15.1|      0.0|       Cloudy|//cdn.weatherapi....|
[2025-04-08T09:14:41.411+0000] {subprocess.py:106} INFO - |          torrevieja|2025-04-06|09:00|       14.8|    17.7|      64|     14.8|      0.0|        Sunny|//cdn.weatherapi....|
[2025-04-08T09:14:41.411+0000] {subprocess.py:106} INFO - |          torrevieja|2025-04-06|15:00|       21.6|    15.8|      52|     21.6|      0.0| Mostly Clear|//cdn.weatherapi....|
[2025-04-08T09:14:41.412+0000] {subprocess.py:106} INFO - |          torrevieja|2025-04-06|22:00|       16.7|     8.1|      62|     16.7|      0.0|        Sunny|//cdn.weatherapi....|
[2025-04-08T09:14:41.413+0000] {subprocess.py:106} INFO - |            valencia|2025-04-06|04:00|       13.7|    10.6|      63|     13.7|      0.0|       Cloudy|//cdn.weatherapi....|
[2025-04-08T09:14:41.413+0000] {subprocess.py:106} INFO - |            valencia|2025-04-06|09:00|       13.4|    10.0|      65|     13.4|      0.0|Partly Cloudy|//cdn.weatherapi....|
[2025-04-08T09:14:41.414+0000] {subprocess.py:106} INFO - |            valencia|2025-04-06|15:00|       23.8|     8.1|      31|     23.8|      0.0|       Cloudy|//cdn.weatherapi....|
[2025-04-08T09:14:41.415+0000] {subprocess.py:106} INFO - |            valencia|2025-04-06|22:00|       17.7|     3.6|      60|     17.7|      0.0|        Sunny|//cdn.weatherapi....|
[2025-04-08T09:14:41.415+0000] {subprocess.py:106} INFO - +--------------------+----------+-----+-----------+--------+--------+---------+---------+-------------+--------------------+
[2025-04-08T09:14:41.416+0000] {subprocess.py:106} INFO - 
[2025-04-08T09:14:41.417+0000] {subprocess.py:106} INFO - Nombre de la carpeta: 2025-04-06
[2025-04-08T09:14:41.417+0000] {subprocess.py:106} INFO - Archivo Parquet generado: /tmp/tmp7hk0x8yh/2025-04-06/part-00000-510987d4-b417-40e4-a9d4-4c1db0004ba5-c000.snappy.parquet
[2025-04-08T09:14:41.418+0000] {subprocess.py:106} INFO - Archivo subido correctamente a MinIO en: 2025-04-06/2025-04-06.parquet
[2025-04-08T09:14:41.946+0000] {subprocess.py:110} INFO - Command exited with return code 0
[2025-04-08T09:14:41.967+0000] {taskinstance.py:341} INFO - ::group::Post task execution logs
[2025-04-08T09:14:41.968+0000] {taskinstance.py:353} INFO - Marking task as SUCCESS. dag_id=daily_weather_etl, task_id=run_minio_script, run_id=manual__2025-04-08T09:14:10.036800+00:00, execution_date=20250408T091410, start_date=20250408T091420, end_date=20250408T091441
[2025-04-08T09:14:41.989+0000] {logging_mixin.py:190} INFO - Task instance in success state
[2025-04-08T09:14:41.990+0000] {logging_mixin.py:190} INFO -  Previous state of the Task instance: running
[2025-04-08T09:14:41.991+0000] {logging_mixin.py:190} INFO - Dag name:daily_weather_etl queued_at:2025-04-08 09:14:10.054893+00:00
[2025-04-08T09:14:41.991+0000] {logging_mixin.py:190} INFO - Task hostname:3c3c1f66214b operator:BashOperator
[2025-04-08T09:14:42.031+0000] {local_task_job_runner.py:266} INFO - Task exited with return code 0
[2025-04-08T09:14:42.052+0000] {taskinstance.py:3901} INFO - 1 downstream tasks scheduled from follow-on schedule check
[2025-04-08T09:14:42.056+0000] {local_task_job_runner.py:245} INFO - ::endgroup::
