[2025-03-30T21:20:12.727+0000] {local_task_job_runner.py:123} INFO - ::group::Pre task execution logs
[2025-03-30T21:20:12.866+0000] {taskinstance.py:2614} INFO - Dependencies all met for dep_context=non-requeueable deps ti=<TaskInstance: daily_weather_etl.run_main_script manual__2025-03-30T21:20:10.575702+00:00 [queued]>
[2025-03-30T21:20:12.877+0000] {taskinstance.py:2614} INFO - Dependencies all met for dep_context=requeueable deps ti=<TaskInstance: daily_weather_etl.run_main_script manual__2025-03-30T21:20:10.575702+00:00 [queued]>
[2025-03-30T21:20:12.878+0000] {taskinstance.py:2867} INFO - Starting attempt 1 of 2
[2025-03-30T21:20:12.894+0000] {taskinstance.py:2890} INFO - Executing <Task(BashOperator): run_main_script> on 2025-03-30 21:20:10.575702+00:00
[2025-03-30T21:20:12.899+0000] {standard_task_runner.py:72} INFO - Started process 78 to run task
[2025-03-30T21:20:12.904+0000] {standard_task_runner.py:104} INFO - Running: ['***', 'tasks', 'run', 'daily_weather_etl', 'run_main_script', 'manual__2025-03-30T21:20:10.575702+00:00', '--job-id', '152', '--raw', '--subdir', 'DAGS_FOLDER/weather_dag.py', '--cfg-path', '/tmp/tmpeik4utmo']
[2025-03-30T21:20:12.906+0000] {standard_task_runner.py:105} INFO - Job 152: Subtask run_main_script
[2025-03-30T21:20:12.947+0000] {task_command.py:467} INFO - Running <TaskInstance: daily_weather_etl.run_main_script manual__2025-03-30T21:20:10.575702+00:00 [running]> on host 3c3c1f66214b
[2025-03-30T21:20:13.030+0000] {taskinstance.py:3134} INFO - Exporting env vars: AIRFLOW_CTX_DAG_OWNER='***' AIRFLOW_CTX_DAG_ID='daily_weather_etl' AIRFLOW_CTX_TASK_ID='run_main_script' AIRFLOW_CTX_EXECUTION_DATE='2025-03-30T21:20:10.575702+00:00' AIRFLOW_CTX_TRY_NUMBER='1' AIRFLOW_CTX_DAG_RUN_ID='manual__2025-03-30T21:20:10.575702+00:00'
[2025-03-30T21:20:13.032+0000] {logging_mixin.py:190} INFO - Task instance is in running state
[2025-03-30T21:20:13.033+0000] {logging_mixin.py:190} INFO -  Previous state of the Task instance: queued
[2025-03-30T21:20:13.034+0000] {logging_mixin.py:190} INFO - Current task name:run_main_script state:running start_date:2025-03-30 21:20:12.867460+00:00
[2025-03-30T21:20:13.036+0000] {logging_mixin.py:190} INFO - Dag name:daily_weather_etl and current dag run status:running
[2025-03-30T21:20:13.037+0000] {taskinstance.py:732} INFO - ::endgroup::
[2025-03-30T21:20:13.039+0000] {subprocess.py:78} INFO - Tmp dir root location: /tmp
[2025-03-30T21:20:13.040+0000] {subprocess.py:88} INFO - Running command: ['/usr/bin/bash', '-c', 'python /opt/***/dags/main.py']
[2025-03-30T21:20:13.048+0000] {subprocess.py:99} INFO - Output:
[2025-03-30T21:20:17.077+0000] {subprocess.py:106} INFO - 25/03/30 21:20:17 WARN NativeCodeLoader: Unable to load native-hadoop library for your platform... using builtin-java classes where applicable
[2025-03-30T21:20:17.366+0000] {subprocess.py:106} INFO - Setting default log level to "WARN".
[2025-03-30T21:20:17.368+0000] {subprocess.py:106} INFO - To adjust logging level use sc.setLogLevel(newLevel). For SparkR, use setLogLevel(newLevel).
[2025-03-30T21:20:25.396+0000] {subprocess.py:106} INFO - Ciudades registradas:
[2025-03-30T21:20:25.397+0000] {subprocess.py:106} INFO - Vamos a crear un histórico de valencia
[2025-03-30T21:20:25.399+0000] {subprocess.py:106} INFO - Error: [UNRESOLVED_COLUMN.WITH_SUGGESTION] A column or function parameter with name `local_time` cannot be resolved. Did you mean one of the following? [`time`, `city`, `date`, `feelslike`, `icon`].;
[2025-03-30T21:20:25.400+0000] {subprocess.py:106} INFO - 'Project [city#14, regexp_replace('local_time, T,  , 1) AS local_time#57, temperature#4, wind_kph#6, humidity#1L, feelslike#23, precip_mm#3, text#34, icon#46]
[2025-03-30T21:20:25.401+0000] {subprocess.py:106} INFO - +- Project [date#0, humidity#1L, map_to_icon_url(icon#2L)#45 AS icon#46, precip_mm#3, temperature#4, time#5, wind_kph#6, city#14, feelslike#23, text#34]
[2025-03-30T21:20:25.402+0000] {subprocess.py:106} INFO -    +- Project [date#0, humidity#1L, icon#2L, precip_mm#3, temperature#4, time#5, wind_kph#6, city#14, feelslike#23, map_to_description(icon#2L)#33 AS text#34]
[2025-03-30T21:20:25.403+0000] {subprocess.py:106} INFO -       +- Project [date#0, humidity#1L, icon#2L, precip_mm#3, temperature#4, time#5, wind_kph#6, city#14, temperature#4 AS feelslike#23]
[2025-03-30T21:20:25.404+0000] {subprocess.py:106} INFO -          +- Project [date#0, humidity#1L, icon#2L, precip_mm#3, temperature#4, time#5, wind_kph#6, valencia AS city#14]
[2025-03-30T21:20:25.405+0000] {subprocess.py:106} INFO -             +- Filter time#5 IN (04:00,09:00,15:00,22:00)
[2025-03-30T21:20:25.406+0000] {subprocess.py:106} INFO -                +- LogicalRDD [date#0, humidity#1L, icon#2L, precip_mm#3, temperature#4, time#5, wind_kph#6], false
[2025-03-30T21:20:25.407+0000] {subprocess.py:106} INFO - 
[2025-03-30T21:20:25.913+0000] {subprocess.py:110} INFO - Command exited with return code 0
[2025-03-30T21:20:25.933+0000] {taskinstance.py:341} INFO - ::group::Post task execution logs
[2025-03-30T21:20:25.934+0000] {taskinstance.py:353} INFO - Marking task as SUCCESS. dag_id=daily_weather_etl, task_id=run_main_script, run_id=manual__2025-03-30T21:20:10.575702+00:00, execution_date=20250330T212010, start_date=20250330T212012, end_date=20250330T212025
[2025-03-30T21:20:25.954+0000] {logging_mixin.py:190} INFO - Task instance in success state
[2025-03-30T21:20:25.956+0000] {logging_mixin.py:190} INFO -  Previous state of the Task instance: running
[2025-03-30T21:20:25.957+0000] {logging_mixin.py:190} INFO - Dag name:daily_weather_etl queued_at:2025-03-30 21:20:10.587286+00:00
[2025-03-30T21:20:25.957+0000] {logging_mixin.py:190} INFO - Task hostname:3c3c1f66214b operator:BashOperator
[2025-03-30T21:20:25.997+0000] {local_task_job_runner.py:266} INFO - Task exited with return code 0
[2025-03-30T21:20:26.011+0000] {taskinstance.py:3901} INFO - 0 downstream tasks scheduled from follow-on schedule check
[2025-03-30T21:20:26.014+0000] {local_task_job_runner.py:245} INFO - ::endgroup::
