[2025-03-27T15:40:09.666+0000] {local_task_job_runner.py:123} INFO - ::group::Pre task execution logs
[2025-03-27T15:40:09.789+0000] {taskinstance.py:2614} INFO - Dependencies all met for dep_context=non-requeueable deps ti=<TaskInstance: daily_weather_etl.run_main_script manual__2025-03-27T15:40:07.497628+00:00 [queued]>
[2025-03-27T15:40:09.800+0000] {taskinstance.py:2614} INFO - Dependencies all met for dep_context=requeueable deps ti=<TaskInstance: daily_weather_etl.run_main_script manual__2025-03-27T15:40:07.497628+00:00 [queued]>
[2025-03-27T15:40:09.803+0000] {taskinstance.py:2867} INFO - Starting attempt 1 of 2
[2025-03-27T15:40:09.817+0000] {taskinstance.py:2890} INFO - Executing <Task(BashOperator): run_main_script> on 2025-03-27 15:40:07.497628+00:00
[2025-03-27T15:40:09.823+0000] {standard_task_runner.py:72} INFO - Started process 45077 to run task
[2025-03-27T15:40:09.826+0000] {standard_task_runner.py:104} INFO - Running: ['***', 'tasks', 'run', 'daily_weather_etl', 'run_main_script', 'manual__2025-03-27T15:40:07.497628+00:00', '--job-id', '133', '--raw', '--subdir', 'DAGS_FOLDER/weather_dag.py', '--cfg-path', '/tmp/tmpiz0ouobn']
[2025-03-27T15:40:09.828+0000] {standard_task_runner.py:105} INFO - Job 133: Subtask run_main_script
[2025-03-27T15:40:09.872+0000] {task_command.py:467} INFO - Running <TaskInstance: daily_weather_etl.run_main_script manual__2025-03-27T15:40:07.497628+00:00 [running]> on host 3c3c1f66214b
[2025-03-27T15:40:09.945+0000] {taskinstance.py:3134} INFO - Exporting env vars: AIRFLOW_CTX_DAG_OWNER='***' AIRFLOW_CTX_DAG_ID='daily_weather_etl' AIRFLOW_CTX_TASK_ID='run_main_script' AIRFLOW_CTX_EXECUTION_DATE='2025-03-27T15:40:07.497628+00:00' AIRFLOW_CTX_TRY_NUMBER='1' AIRFLOW_CTX_DAG_RUN_ID='manual__2025-03-27T15:40:07.497628+00:00'
[2025-03-27T15:40:09.947+0000] {logging_mixin.py:190} INFO - Task instance is in running state
[2025-03-27T15:40:09.947+0000] {logging_mixin.py:190} INFO -  Previous state of the Task instance: queued
[2025-03-27T15:40:09.948+0000] {logging_mixin.py:190} INFO - Current task name:run_main_script state:running start_date:2025-03-27 15:40:09.791174+00:00
[2025-03-27T15:40:09.949+0000] {logging_mixin.py:190} INFO - Dag name:daily_weather_etl and current dag run status:running
[2025-03-27T15:40:09.950+0000] {taskinstance.py:732} INFO - ::endgroup::
[2025-03-27T15:40:09.951+0000] {subprocess.py:78} INFO - Tmp dir root location: /tmp
[2025-03-27T15:40:09.952+0000] {subprocess.py:88} INFO - Running command: ['/usr/bin/bash', '-c', 'python /opt/***/dags/main.py']
[2025-03-27T15:40:09.961+0000] {subprocess.py:99} INFO - Output:
[2025-03-27T15:40:12.330+0000] {subprocess.py:106} INFO - 25/03/27 15:40:12 WARN NativeCodeLoader: Unable to load native-hadoop library for your platform... using builtin-java classes where applicable
[2025-03-27T15:40:12.469+0000] {subprocess.py:106} INFO - Setting default log level to "WARN".
[2025-03-27T15:40:12.471+0000] {subprocess.py:106} INFO - To adjust logging level use sc.setLogLevel(newLevel). For SparkR, use setLogLevel(newLevel).
[2025-03-27T15:40:14.018+0000] {subprocess.py:106} INFO - Ciudades registradas:
[2025-03-27T15:40:14.019+0000] {subprocess.py:106} INFO - ['elche', 'madrid', 'san juan de alicante', 'torrevieja']
[2025-03-27T15:40:14.020+0000] {subprocess.py:106} INFO - ['elche', 'madrid', 'san juan de alicante', 'torrevieja']
[2025-03-27T15:40:14.021+0000] {subprocess.py:106} INFO - ['elche', 'madrid', 'san juan de alicante', 'torrevieja']
[2025-03-27T15:40:14.022+0000] {subprocess.py:106} INFO - ['elche', 'madrid', 'san juan de alicante', 'torrevieja']
[2025-03-27T15:40:14.485+0000] {subprocess.py:110} INFO - Command exited with return code 0
[2025-03-27T15:40:14.519+0000] {taskinstance.py:341} INFO - ::group::Post task execution logs
[2025-03-27T15:40:14.521+0000] {taskinstance.py:353} INFO - Marking task as SUCCESS. dag_id=daily_weather_etl, task_id=run_main_script, run_id=manual__2025-03-27T15:40:07.497628+00:00, execution_date=20250327T154007, start_date=20250327T154009, end_date=20250327T154014
[2025-03-27T15:40:14.543+0000] {logging_mixin.py:190} INFO - Task instance in success state
[2025-03-27T15:40:14.545+0000] {logging_mixin.py:190} INFO -  Previous state of the Task instance: running
[2025-03-27T15:40:14.546+0000] {logging_mixin.py:190} INFO - Dag name:daily_weather_etl queued_at:2025-03-27 15:40:07.507609+00:00
[2025-03-27T15:40:14.547+0000] {logging_mixin.py:190} INFO - Task hostname:3c3c1f66214b operator:BashOperator
[2025-03-27T15:40:14.579+0000] {local_task_job_runner.py:266} INFO - Task exited with return code 0
[2025-03-27T15:40:14.606+0000] {taskinstance.py:3901} INFO - 1 downstream tasks scheduled from follow-on schedule check
[2025-03-27T15:40:14.609+0000] {local_task_job_runner.py:245} INFO - ::endgroup::
