[2025-04-08T07:00:44.815+0000] {local_task_job_runner.py:123} INFO - ::group::Pre task execution logs
[2025-04-08T07:00:44.953+0000] {taskinstance.py:2614} INFO - Dependencies all met for dep_context=non-requeueable deps ti=<TaskInstance: daily_weather_etl.run_postgres_script scheduled__2025-04-07T07:00:00+00:00 [queued]>
[2025-04-08T07:00:44.965+0000] {taskinstance.py:2614} INFO - Dependencies all met for dep_context=requeueable deps ti=<TaskInstance: daily_weather_etl.run_postgres_script scheduled__2025-04-07T07:00:00+00:00 [queued]>
[2025-04-08T07:00:44.972+0000] {taskinstance.py:2867} INFO - Starting attempt 1 of 2
[2025-04-08T07:00:44.985+0000] {taskinstance.py:2890} INFO - Executing <Task(BashOperator): run_postgres_script> on 2025-04-07 07:00:00+00:00
[2025-04-08T07:00:44.990+0000] {standard_task_runner.py:72} INFO - Started process 2094 to run task
[2025-04-08T07:00:44.993+0000] {standard_task_runner.py:104} INFO - Running: ['***', 'tasks', 'run', 'daily_weather_etl', 'run_postgres_script', 'scheduled__2025-04-07T07:00:00+00:00', '--job-id', '237', '--raw', '--subdir', 'DAGS_FOLDER/weather_dag.py', '--cfg-path', '/tmp/tmp6rb2sa30']
[2025-04-08T07:00:44.995+0000] {standard_task_runner.py:105} INFO - Job 237: Subtask run_postgres_script
[2025-04-08T07:00:45.036+0000] {task_command.py:467} INFO - Running <TaskInstance: daily_weather_etl.run_postgres_script scheduled__2025-04-07T07:00:00+00:00 [running]> on host 3c3c1f66214b
[2025-04-08T07:00:45.119+0000] {taskinstance.py:3134} INFO - Exporting env vars: AIRFLOW_CTX_DAG_OWNER='***' AIRFLOW_CTX_DAG_ID='daily_weather_etl' AIRFLOW_CTX_TASK_ID='run_postgres_script' AIRFLOW_CTX_EXECUTION_DATE='2025-04-07T07:00:00+00:00' AIRFLOW_CTX_TRY_NUMBER='1' AIRFLOW_CTX_DAG_RUN_ID='scheduled__2025-04-07T07:00:00+00:00'
[2025-04-08T07:00:45.124+0000] {logging_mixin.py:190} INFO - Task instance is in running state
[2025-04-08T07:00:45.127+0000] {logging_mixin.py:190} INFO -  Previous state of the Task instance: queued
[2025-04-08T07:00:45.129+0000] {logging_mixin.py:190} INFO - Current task name:run_postgres_script state:running start_date:2025-04-08 07:00:44.954443+00:00
[2025-04-08T07:00:45.131+0000] {logging_mixin.py:190} INFO - Dag name:daily_weather_etl and current dag run status:running
[2025-04-08T07:00:45.132+0000] {taskinstance.py:732} INFO - ::endgroup::
[2025-04-08T07:00:45.134+0000] {subprocess.py:78} INFO - Tmp dir root location: /tmp
[2025-04-08T07:00:45.135+0000] {subprocess.py:88} INFO - Running command: ['/usr/bin/bash', '-c', 'python /opt/***/dags/postgres.py']
[2025-04-08T07:00:45.144+0000] {subprocess.py:99} INFO - Output:
[2025-04-08T07:00:47.540+0000] {subprocess.py:106} INFO - 25/04/08 07:00:47 WARN NativeCodeLoader: Unable to load native-hadoop library for your platform... using builtin-java classes where applicable
[2025-04-08T07:00:47.735+0000] {subprocess.py:106} INFO - Setting default log level to "WARN".
[2025-04-08T07:00:47.736+0000] {subprocess.py:106} INFO - To adjust logging level use sc.setLogLevel(newLevel). For SparkR, use setLogLevel(newLevel).
[2025-04-08T07:00:53.528+0000] {subprocess.py:106} INFO - +--------------------+----------+-----+-----------+--------+--------+---------+---------+-------------+--------------------+
[2025-04-08T07:00:53.529+0000] {subprocess.py:106} INFO - |                city|      date| time|temperature|wind_kph|humidity|feelslike|precip_mm|         text|                icon|
[2025-04-08T07:00:53.530+0000] {subprocess.py:106} INFO - +--------------------+----------+-----+-----------+--------+--------+---------+---------+-------------+--------------------+
[2025-04-08T07:00:53.531+0000] {subprocess.py:106} INFO - |               elche|2025-04-06|04:00|       16.0|    17.6|      50|     16.0|      0.0|       Cloudy|//cdn.weatherapi....|
[2025-04-08T07:00:53.532+0000] {subprocess.py:106} INFO - |               elche|2025-04-06|09:00|       16.1|    13.1|      51|     16.1|      0.0|        Sunny|//cdn.weatherapi....|
[2025-04-08T07:00:53.533+0000] {subprocess.py:106} INFO - |               elche|2025-04-06|15:00|       24.6|    15.2|      25|     24.6|      0.0|        Sunny|//cdn.weatherapi....|
[2025-04-08T07:00:53.533+0000] {subprocess.py:106} INFO - |               elche|2025-04-06|22:00|       18.1|     0.4|      52|     18.1|      0.0|        Sunny|//cdn.weatherapi....|
[2025-04-08T07:00:53.534+0000] {subprocess.py:106} INFO - |              madrid|2025-04-06|04:00|        9.8|     2.9|      87|      9.8|      0.0|       Cloudy|//cdn.weatherapi....|
[2025-04-08T07:00:53.535+0000] {subprocess.py:106} INFO - |              madrid|2025-04-06|09:00|        9.4|     3.3|      91|      9.4|      0.0| Mostly Clear|//cdn.weatherapi....|
[2025-04-08T07:00:53.535+0000] {subprocess.py:106} INFO - |              madrid|2025-04-06|15:00|       16.9|     2.5|      51|     16.9|      0.0|        Sunny|//cdn.weatherapi....|
[2025-04-08T07:00:53.536+0000] {subprocess.py:106} INFO - |              madrid|2025-04-06|22:00|       13.5|     7.0|      71|     13.5|      0.0|        Sunny|//cdn.weatherapi....|
[2025-04-08T07:00:53.537+0000] {subprocess.py:106} INFO - |san juan de alicante|2025-04-06|04:00|       14.1|     9.4|      57|     14.1|      0.0|Partly Cloudy|//cdn.weatherapi....|
[2025-04-08T07:00:53.538+0000] {subprocess.py:106} INFO - |san juan de alicante|2025-04-06|09:00|       15.6|     7.6|      50|     15.6|      0.0|       Cloudy|//cdn.weatherapi....|
[2025-04-08T07:00:53.539+0000] {subprocess.py:106} INFO - |san juan de alicante|2025-04-06|15:00|       22.8|    16.8|      30|     22.8|      0.0| Mostly Clear|//cdn.weatherapi....|
[2025-04-08T07:00:53.540+0000] {subprocess.py:106} INFO - |san juan de alicante|2025-04-06|22:00|       16.9|     2.1|      56|     16.9|      0.0| Mostly Clear|//cdn.weatherapi....|
[2025-04-08T07:00:53.541+0000] {subprocess.py:106} INFO - |          torrevieja|2025-04-06|04:00|       15.1|    16.3|      61|     15.1|      0.0|       Cloudy|//cdn.weatherapi....|
[2025-04-08T07:00:53.542+0000] {subprocess.py:106} INFO - |          torrevieja|2025-04-06|09:00|       14.8|    17.7|      64|     14.8|      0.0|        Sunny|//cdn.weatherapi....|
[2025-04-08T07:00:53.543+0000] {subprocess.py:106} INFO - |          torrevieja|2025-04-06|15:00|       21.6|    15.8|      52|     21.6|      0.0| Mostly Clear|//cdn.weatherapi....|
[2025-04-08T07:00:53.543+0000] {subprocess.py:106} INFO - |          torrevieja|2025-04-06|22:00|       16.7|     8.1|      62|     16.7|      0.0|        Sunny|//cdn.weatherapi....|
[2025-04-08T07:00:53.544+0000] {subprocess.py:106} INFO - |            valencia|2025-04-06|04:00|       13.7|    10.6|      63|     13.7|      0.0|       Cloudy|//cdn.weatherapi....|
[2025-04-08T07:00:53.545+0000] {subprocess.py:106} INFO - |            valencia|2025-04-06|09:00|       13.4|    10.0|      65|     13.4|      0.0|Partly Cloudy|//cdn.weatherapi....|
[2025-04-08T07:00:53.545+0000] {subprocess.py:106} INFO - |            valencia|2025-04-06|15:00|       23.8|     8.1|      31|     23.8|      0.0|       Cloudy|//cdn.weatherapi....|
[2025-04-08T07:00:53.546+0000] {subprocess.py:106} INFO - |            valencia|2025-04-06|22:00|       17.7|     3.6|      60|     17.7|      0.0|        Sunny|//cdn.weatherapi....|
[2025-04-08T07:00:53.547+0000] {subprocess.py:106} INFO - +--------------------+----------+-----+-----------+--------+--------+---------+---------+-------------+--------------------+
[2025-04-08T07:00:53.547+0000] {subprocess.py:106} INFO - 
[2025-04-08T07:00:53.548+0000] {subprocess.py:106} INFO - Datos registrados correctamente en la bbdd
[2025-04-08T07:00:54.000+0000] {subprocess.py:110} INFO - Command exited with return code 0
[2025-04-08T07:00:54.018+0000] {taskinstance.py:341} INFO - ::group::Post task execution logs
[2025-04-08T07:00:54.019+0000] {taskinstance.py:353} INFO - Marking task as SUCCESS. dag_id=daily_weather_etl, task_id=run_postgres_script, run_id=scheduled__2025-04-07T07:00:00+00:00, execution_date=20250407T070000, start_date=20250408T070044, end_date=20250408T070054
[2025-04-08T07:00:54.037+0000] {logging_mixin.py:190} INFO - Task instance in success state
[2025-04-08T07:00:54.038+0000] {logging_mixin.py:190} INFO -  Previous state of the Task instance: running
[2025-04-08T07:00:54.039+0000] {logging_mixin.py:190} INFO - Dag name:daily_weather_etl queued_at:2025-04-08 07:00:00.191134+00:00
[2025-04-08T07:00:54.040+0000] {logging_mixin.py:190} INFO - Task hostname:3c3c1f66214b operator:BashOperator
[2025-04-08T07:00:54.083+0000] {local_task_job_runner.py:266} INFO - Task exited with return code 0
[2025-04-08T07:00:54.100+0000] {taskinstance.py:3901} INFO - 1 downstream tasks scheduled from follow-on schedule check
[2025-04-08T07:00:54.106+0000] {local_task_job_runner.py:245} INFO - ::endgroup::
