[2025-03-31T06:38:55.384+0000] {local_task_job_runner.py:123} INFO - ::group::Pre task execution logs
[2025-03-31T06:38:55.513+0000] {taskinstance.py:2614} INFO - Dependencies all met for dep_context=non-requeueable deps ti=<TaskInstance: daily_weather_etl.run_main_script manual__2025-03-31T06:38:53.593524+00:00 [queued]>
[2025-03-31T06:38:55.525+0000] {taskinstance.py:2614} INFO - Dependencies all met for dep_context=requeueable deps ti=<TaskInstance: daily_weather_etl.run_main_script manual__2025-03-31T06:38:53.593524+00:00 [queued]>
[2025-03-31T06:38:55.528+0000] {taskinstance.py:2867} INFO - Starting attempt 1 of 2
[2025-03-31T06:38:55.542+0000] {taskinstance.py:2890} INFO - Executing <Task(BashOperator): run_main_script> on 2025-03-31 06:38:53.593524+00:00
[2025-03-31T06:38:55.547+0000] {standard_task_runner.py:72} INFO - Started process 1776 to run task
[2025-03-31T06:38:55.551+0000] {standard_task_runner.py:104} INFO - Running: ['***', 'tasks', 'run', 'daily_weather_etl', 'run_main_script', 'manual__2025-03-31T06:38:53.593524+00:00', '--job-id', '173', '--raw', '--subdir', 'DAGS_FOLDER/weather_dag.py', '--cfg-path', '/tmp/tmpfbv79q0x']
[2025-03-31T06:38:55.553+0000] {standard_task_runner.py:105} INFO - Job 173: Subtask run_main_script
[2025-03-31T06:38:55.598+0000] {task_command.py:467} INFO - Running <TaskInstance: daily_weather_etl.run_main_script manual__2025-03-31T06:38:53.593524+00:00 [running]> on host 3c3c1f66214b
[2025-03-31T06:38:55.674+0000] {taskinstance.py:3134} INFO - Exporting env vars: AIRFLOW_CTX_DAG_OWNER='***' AIRFLOW_CTX_DAG_ID='daily_weather_etl' AIRFLOW_CTX_TASK_ID='run_main_script' AIRFLOW_CTX_EXECUTION_DATE='2025-03-31T06:38:53.593524+00:00' AIRFLOW_CTX_TRY_NUMBER='1' AIRFLOW_CTX_DAG_RUN_ID='manual__2025-03-31T06:38:53.593524+00:00'
[2025-03-31T06:38:55.675+0000] {logging_mixin.py:190} INFO - Task instance is in running state
[2025-03-31T06:38:55.676+0000] {logging_mixin.py:190} INFO -  Previous state of the Task instance: queued
[2025-03-31T06:38:55.677+0000] {logging_mixin.py:190} INFO - Current task name:run_main_script state:running start_date:2025-03-31 06:38:55.515416+00:00
[2025-03-31T06:38:55.677+0000] {logging_mixin.py:190} INFO - Dag name:daily_weather_etl and current dag run status:running
[2025-03-31T06:38:55.678+0000] {taskinstance.py:732} INFO - ::endgroup::
[2025-03-31T06:38:55.679+0000] {subprocess.py:78} INFO - Tmp dir root location: /tmp
[2025-03-31T06:38:55.680+0000] {subprocess.py:88} INFO - Running command: ['/usr/bin/bash', '-c', 'python /opt/***/dags/main.py']
[2025-03-31T06:38:55.690+0000] {subprocess.py:99} INFO - Output:
[2025-03-31T06:38:58.767+0000] {subprocess.py:106} INFO - 25/03/31 06:38:58 WARN NativeCodeLoader: Unable to load native-hadoop library for your platform... using builtin-java classes where applicable
[2025-03-31T06:38:59.093+0000] {subprocess.py:106} INFO - Setting default log level to "WARN".
[2025-03-31T06:38:59.096+0000] {subprocess.py:106} INFO - To adjust logging level use sc.setLogLevel(newLevel). For SparkR, use setLogLevel(newLevel).
[2025-03-31T06:39:16.755+0000] {subprocess.py:106} INFO - [Stage 0:>                                                          (0 + 8) / 8]                                                                                [Stage 5:>                                                          (0 + 1) / 1]                                                                                Ciudades registradas:
[2025-03-31T06:39:16.756+0000] {subprocess.py:106} INFO - Vamos a crear un histórico de san juan de alicante
[2025-03-31T06:39:16.757+0000] {subprocess.py:106} INFO - +--------------------+----------+-----+-----------+--------+--------+---------+---------+-------------+----------------------------------------------+
[2025-03-31T06:39:16.758+0000] {subprocess.py:106} INFO - |city                |date      |time |temperature|wind_kph|humidity|feelslike|precip_mm|text         |icon                                          |
[2025-03-31T06:39:16.759+0000] {subprocess.py:106} INFO - +--------------------+----------+-----+-----------+--------+--------+---------+---------+-------------+----------------------------------------------+
[2025-03-31T06:39:16.759+0000] {subprocess.py:106} INFO - |san juan de alicante|2021-01-01|04:00|6.7        |9.8     |68      |6.7      |0.0      |Partly Cloudy|//cdn.weatherapi.com/weather/64x64/day/116.png|
[2025-03-31T06:39:16.760+0000] {subprocess.py:106} INFO - |san juan de alicante|2021-01-01|09:00|7.4        |13.3    |71      |7.4      |0.0      |Sunny        |//cdn.weatherapi.com/weather/64x64/day/113.png|
[2025-03-31T06:39:16.761+0000] {subprocess.py:106} INFO - |san juan de alicante|2021-01-01|15:00|13.7       |21.4    |34      |13.7     |0.0      |Mostly Clear |//cdn.weatherapi.com/weather/64x64/day/116.png|
[2025-03-31T06:39:16.761+0000] {subprocess.py:106} INFO - |san juan de alicante|2021-01-01|22:00|9.0        |22.1    |46      |9.0      |0.0      |Mostly Clear |//cdn.weatherapi.com/weather/64x64/day/116.png|
[2025-03-31T06:39:16.762+0000] {subprocess.py:106} INFO - |san juan de alicante|2021-01-02|04:00|6.4        |15.0    |59      |6.4      |0.0      |Sunny        |//cdn.weatherapi.com/weather/64x64/day/113.png|
[2025-03-31T06:39:16.763+0000] {subprocess.py:106} INFO - |san juan de alicante|2021-01-02|09:00|5.5        |26.3    |49      |5.5      |0.0      |Sunny        |//cdn.weatherapi.com/weather/64x64/day/113.png|
[2025-03-31T06:39:16.763+0000] {subprocess.py:106} INFO - |san juan de alicante|2021-01-02|15:00|10.7       |32.0    |33      |10.7     |0.0      |Sunny        |//cdn.weatherapi.com/weather/64x64/day/113.png|
[2025-03-31T06:39:16.764+0000] {subprocess.py:106} INFO - |san juan de alicante|2021-01-02|22:00|5.8        |9.2     |46      |5.8      |0.0      |Sunny        |//cdn.weatherapi.com/weather/64x64/day/113.png|
[2025-03-31T06:39:16.765+0000] {subprocess.py:106} INFO - |san juan de alicante|2021-01-03|04:00|5.7        |25.1    |45      |5.7      |0.0      |Cloudy       |//cdn.weatherapi.com/weather/64x64/day/119.png|
[2025-03-31T06:39:16.765+0000] {subprocess.py:106} INFO - |san juan de alicante|2021-01-03|09:00|4.6        |21.3    |45      |4.6      |0.0      |Sunny        |//cdn.weatherapi.com/weather/64x64/day/113.png|
[2025-03-31T06:39:16.766+0000] {subprocess.py:106} INFO - |san juan de alicante|2021-01-03|15:00|12.5       |28.7    |28      |12.5     |0.0      |Sunny        |//cdn.weatherapi.com/weather/64x64/day/113.png|
[2025-03-31T06:39:16.767+0000] {subprocess.py:106} INFO - |san juan de alicante|2021-01-03|22:00|7.4        |11.2    |42      |7.4      |0.0      |Sunny        |//cdn.weatherapi.com/weather/64x64/day/113.png|
[2025-03-31T06:39:16.767+0000] {subprocess.py:106} INFO - |san juan de alicante|2021-01-04|04:00|4.2        |9.1     |56      |4.2      |0.0      |Sunny        |//cdn.weatherapi.com/weather/64x64/day/113.png|
[2025-03-31T06:39:16.768+0000] {subprocess.py:106} INFO - |san juan de alicante|2021-01-04|09:00|4.6        |11.5    |63      |4.6      |0.0      |Sunny        |//cdn.weatherapi.com/weather/64x64/day/113.png|
[2025-03-31T06:39:16.769+0000] {subprocess.py:106} INFO - |san juan de alicante|2021-01-04|15:00|12.4       |24.0    |36      |12.4     |0.0      |Mostly Clear |//cdn.weatherapi.com/weather/64x64/day/116.png|
[2025-03-31T06:39:16.769+0000] {subprocess.py:106} INFO - |san juan de alicante|2021-01-04|22:00|8.5        |18.9    |56      |8.5      |0.0      |Mostly Clear |//cdn.weatherapi.com/weather/64x64/day/116.png|
[2025-03-31T06:39:16.770+0000] {subprocess.py:106} INFO - |san juan de alicante|2021-01-05|04:00|5.1        |9.4     |65      |5.1      |0.0      |Sunny        |//cdn.weatherapi.com/weather/64x64/day/113.png|
[2025-03-31T06:39:16.770+0000] {subprocess.py:106} INFO - |san juan de alicante|2021-01-05|09:00|2.5        |9.8     |65      |2.5      |0.0      |Sunny        |//cdn.weatherapi.com/weather/64x64/day/113.png|
[2025-03-31T06:39:16.771+0000] {subprocess.py:106} INFO - |san juan de alicante|2021-01-05|15:00|12.2       |8.3     |24      |12.2     |0.0      |Sunny        |//cdn.weatherapi.com/weather/64x64/day/113.png|
[2025-03-31T06:39:16.772+0000] {subprocess.py:106} INFO - |san juan de alicante|2021-01-05|22:00|7.5        |6.6     |48      |7.5      |0.0      |Cloudy       |//cdn.weatherapi.com/weather/64x64/day/119.png|
[2025-03-31T06:39:16.772+0000] {subprocess.py:106} INFO - +--------------------+----------+-----+-----------+--------+--------+---------+---------+-------------+----------------------------------------------+
[2025-03-31T06:39:16.773+0000] {subprocess.py:106} INFO - only showing top 20 rows
[2025-03-31T06:39:16.774+0000] {subprocess.py:106} INFO - 
[2025-03-31T06:39:16.775+0000] {subprocess.py:106} INFO - Nombre de la carpeta: san_juan_de_alicante__38_4__0_43
[2025-03-31T06:39:16.776+0000] {subprocess.py:106} INFO - Archivo Parquet generado: /tmp/tmpnw9rir_b/san_juan_de_alicante__38_4__0_43/part-00000-9218da89-67dc-482d-9e17-ac8936e435b5-c000.snappy.parquet
[2025-03-31T06:39:16.776+0000] {subprocess.py:106} INFO - Archivo subido correctamente a MinIO en: san_juan_de_alicante__38_4__0_43/san_juan_de_alicante__38_4__0_43.parquet
[2025-03-31T06:39:16.777+0000] {subprocess.py:106} INFO - Datos registrados correctamente en la bbdd
[2025-03-31T06:39:17.257+0000] {subprocess.py:110} INFO - Command exited with return code 0
[2025-03-31T06:39:17.276+0000] {taskinstance.py:341} INFO - ::group::Post task execution logs
[2025-03-31T06:39:17.278+0000] {taskinstance.py:353} INFO - Marking task as SUCCESS. dag_id=daily_weather_etl, task_id=run_main_script, run_id=manual__2025-03-31T06:38:53.593524+00:00, execution_date=20250331T063853, start_date=20250331T063855, end_date=20250331T063917
[2025-03-31T06:39:17.297+0000] {logging_mixin.py:190} INFO - Task instance in success state
[2025-03-31T06:39:17.298+0000] {logging_mixin.py:190} INFO -  Previous state of the Task instance: running
[2025-03-31T06:39:17.299+0000] {logging_mixin.py:190} INFO - Dag name:daily_weather_etl queued_at:2025-03-31 06:38:53.603428+00:00
[2025-03-31T06:39:17.300+0000] {logging_mixin.py:190} INFO - Task hostname:3c3c1f66214b operator:BashOperator
[2025-03-31T06:39:17.312+0000] {local_task_job_runner.py:266} INFO - Task exited with return code 0
[2025-03-31T06:39:17.331+0000] {taskinstance.py:3901} INFO - 1 downstream tasks scheduled from follow-on schedule check
[2025-03-31T06:39:17.333+0000] {local_task_job_runner.py:245} INFO - ::endgroup::
