[2025-04-16T07:00:39.738+0000] {local_task_job_runner.py:123} INFO - ::group::Pre task execution logs
[2025-04-16T07:00:39.863+0000] {taskinstance.py:2614} INFO - Dependencies all met for dep_context=non-requeueable deps ti=<TaskInstance: daily_weather_etl.run_postgres_script scheduled__2025-04-15T07:00:00+00:00 [queued]>
[2025-04-16T07:00:39.874+0000] {taskinstance.py:2614} INFO - Dependencies all met for dep_context=requeueable deps ti=<TaskInstance: daily_weather_etl.run_postgres_script scheduled__2025-04-15T07:00:00+00:00 [queued]>
[2025-04-16T07:00:39.877+0000] {taskinstance.py:2867} INFO - Starting attempt 1 of 2
[2025-04-16T07:00:39.890+0000] {taskinstance.py:2890} INFO - Executing <Task(BashOperator): run_postgres_script> on 2025-04-15 07:00:00+00:00
[2025-04-16T07:00:39.896+0000] {standard_task_runner.py:72} INFO - Started process 2062 to run task
[2025-04-16T07:00:39.899+0000] {standard_task_runner.py:104} INFO - Running: ['***', 'tasks', 'run', 'daily_weather_etl', 'run_postgres_script', 'scheduled__2025-04-15T07:00:00+00:00', '--job-id', '332', '--raw', '--subdir', 'DAGS_FOLDER/weather_dag.py', '--cfg-path', '/tmp/tmpahjodapx']
[2025-04-16T07:00:39.901+0000] {standard_task_runner.py:105} INFO - Job 332: Subtask run_postgres_script
[2025-04-16T07:00:39.944+0000] {task_command.py:467} INFO - Running <TaskInstance: daily_weather_etl.run_postgres_script scheduled__2025-04-15T07:00:00+00:00 [running]> on host 3c3c1f66214b
[2025-04-16T07:00:40.012+0000] {taskinstance.py:3134} INFO - Exporting env vars: AIRFLOW_CTX_DAG_OWNER='***' AIRFLOW_CTX_DAG_ID='daily_weather_etl' AIRFLOW_CTX_TASK_ID='run_postgres_script' AIRFLOW_CTX_EXECUTION_DATE='2025-04-15T07:00:00+00:00' AIRFLOW_CTX_TRY_NUMBER='1' AIRFLOW_CTX_DAG_RUN_ID='scheduled__2025-04-15T07:00:00+00:00'
[2025-04-16T07:00:40.014+0000] {logging_mixin.py:190} INFO - Task instance is in running state
[2025-04-16T07:00:40.015+0000] {logging_mixin.py:190} INFO -  Previous state of the Task instance: queued
[2025-04-16T07:00:40.016+0000] {logging_mixin.py:190} INFO - Current task name:run_postgres_script state:running start_date:2025-04-16 07:00:39.864506+00:00
[2025-04-16T07:00:40.017+0000] {logging_mixin.py:190} INFO - Dag name:daily_weather_etl and current dag run status:running
[2025-04-16T07:00:40.018+0000] {taskinstance.py:732} INFO - ::endgroup::
[2025-04-16T07:00:40.020+0000] {subprocess.py:78} INFO - Tmp dir root location: /tmp
[2025-04-16T07:00:40.021+0000] {subprocess.py:88} INFO - Running command: ['/usr/bin/bash', '-c', 'python /opt/***/dags/postgres.py']
[2025-04-16T07:00:40.031+0000] {subprocess.py:99} INFO - Output:
[2025-04-16T07:00:42.974+0000] {subprocess.py:106} INFO - 25/04/16 07:00:42 WARN NativeCodeLoader: Unable to load native-hadoop library for your platform... using builtin-java classes where applicable
[2025-04-16T07:00:43.181+0000] {subprocess.py:106} INFO - Setting default log level to "WARN".
[2025-04-16T07:00:43.183+0000] {subprocess.py:106} INFO - To adjust logging level use sc.setLogLevel(newLevel). For SparkR, use setLogLevel(newLevel).
[2025-04-16T07:00:49.287+0000] {subprocess.py:106} INFO - +--------------------+-------------------+-----------+--------+--------+---------+---------+----------------+
[2025-04-16T07:00:49.288+0000] {subprocess.py:106} INFO - |                city|         local_time|temperature|wind_kph|humidity|feelslike|precip_mm|            text|
[2025-04-16T07:00:49.289+0000] {subprocess.py:106} INFO - +--------------------+-------------------+-----------+--------+--------+---------+---------+----------------+
[2025-04-16T07:00:49.290+0000] {subprocess.py:106} INFO - |               elche|2025-04-14 04:00:00|       15.0|    12.0|      91|     15.0|      0.6|Moderate Drizzle|
[2025-04-16T07:00:49.291+0000] {subprocess.py:106} INFO - |               elche|2025-04-14 09:00:00|       15.9|     6.7|      80|     15.9|      0.0|           Sunny|
[2025-04-16T07:00:49.292+0000] {subprocess.py:106} INFO - |               elche|2025-04-14 15:00:00|       22.2|    13.3|      63|     22.2|      0.8|Moderate Drizzle|
[2025-04-16T07:00:49.293+0000] {subprocess.py:106} INFO - |               elche|2025-04-14 22:00:00|       16.9|     0.0|      85|     16.9|      0.0|          Cloudy|
[2025-04-16T07:00:49.294+0000] {subprocess.py:106} INFO - |              madrid|2025-04-14 04:00:00|       10.2|     3.4|      97|     10.2|      0.0|   Partly Cloudy|
[2025-04-16T07:00:49.295+0000] {subprocess.py:106} INFO - |              madrid|2025-04-14 09:00:00|       10.4|     9.1|      96|     10.4|      0.3|   Light Drizzle|
[2025-04-16T07:00:49.295+0000] {subprocess.py:106} INFO - |              madrid|2025-04-14 15:00:00|       15.3|    17.7|      54|     15.3|      0.0|   Partly Cloudy|
[2025-04-16T07:00:49.296+0000] {subprocess.py:106} INFO - |              madrid|2025-04-14 22:00:00|       10.9|    15.2|      78|     10.9|      0.2|   Light Drizzle|
[2025-04-16T07:00:49.297+0000] {subprocess.py:106} INFO - |san juan de alicante|2025-04-14 04:00:00|       14.8|     4.5|      93|     14.8|      0.0|          Cloudy|
[2025-04-16T07:00:49.298+0000] {subprocess.py:106} INFO - |san juan de alicante|2025-04-14 09:00:00|       15.9|     3.6|      90|     15.9|      0.0|           Sunny|
[2025-04-16T07:00:49.299+0000] {subprocess.py:106} INFO - |san juan de alicante|2025-04-14 15:00:00|       19.1|     5.9|      76|     19.1|      0.1|   Light Drizzle|
[2025-04-16T07:00:49.300+0000] {subprocess.py:106} INFO - |san juan de alicante|2025-04-14 22:00:00|       16.1|     1.5|      89|     16.1|      0.0|   Partly Cloudy|
[2025-04-16T07:00:49.301+0000] {subprocess.py:106} INFO - |          torrevieja|2025-04-14 04:00:00|       15.8|     7.7|      98|     15.8|      0.0|          Cloudy|
[2025-04-16T07:00:49.302+0000] {subprocess.py:106} INFO - |          torrevieja|2025-04-14 09:00:00|       16.3|     9.4|      91|     16.3|      0.0|           Sunny|
[2025-04-16T07:00:49.303+0000] {subprocess.py:106} INFO - |          torrevieja|2025-04-14 15:00:00|       19.8|    14.5|      84|     19.8|      0.1|   Light Drizzle|
[2025-04-16T07:00:49.304+0000] {subprocess.py:106} INFO - |          torrevieja|2025-04-14 22:00:00|       17.2|     6.1|      88|     17.2|      0.0|          Cloudy|
[2025-04-16T07:00:49.305+0000] {subprocess.py:106} INFO - |            valencia|2025-04-14 04:00:00|       14.5|     5.4|      99|     14.5|      0.0|          Cloudy|
[2025-04-16T07:00:49.306+0000] {subprocess.py:106} INFO - |            valencia|2025-04-14 09:00:00|       15.0|     1.8|      96|     15.0|      0.1|   Light Drizzle|
[2025-04-16T07:00:49.308+0000] {subprocess.py:106} INFO - |            valencia|2025-04-14 15:00:00|       19.2|    11.2|      77|     19.2|      0.0|   Partly Cloudy|
[2025-04-16T07:00:49.309+0000] {subprocess.py:106} INFO - |            valencia|2025-04-14 22:00:00|       18.7|    13.7|      59|     18.7|      0.0|           Sunny|
[2025-04-16T07:00:49.310+0000] {subprocess.py:106} INFO - +--------------------+-------------------+-----------+--------+--------+---------+---------+----------------+
[2025-04-16T07:00:49.311+0000] {subprocess.py:106} INFO - 
[2025-04-16T07:00:49.312+0000] {subprocess.py:106} INFO - Datos registrados correctamente en la bbdd
[2025-04-16T07:00:49.785+0000] {subprocess.py:110} INFO - Command exited with return code 0
[2025-04-16T07:00:49.806+0000] {taskinstance.py:341} INFO - ::group::Post task execution logs
[2025-04-16T07:00:49.808+0000] {taskinstance.py:353} INFO - Marking task as SUCCESS. dag_id=daily_weather_etl, task_id=run_postgres_script, run_id=scheduled__2025-04-15T07:00:00+00:00, execution_date=20250415T070000, start_date=20250416T070039, end_date=20250416T070049
[2025-04-16T07:00:49.829+0000] {logging_mixin.py:190} INFO - Task instance in success state
[2025-04-16T07:00:49.830+0000] {logging_mixin.py:190} INFO -  Previous state of the Task instance: running
[2025-04-16T07:00:49.832+0000] {logging_mixin.py:190} INFO - Dag name:daily_weather_etl queued_at:2025-04-16 07:00:00.106585+00:00
[2025-04-16T07:00:49.833+0000] {logging_mixin.py:190} INFO - Task hostname:3c3c1f66214b operator:BashOperator
[2025-04-16T07:00:49.840+0000] {local_task_job_runner.py:266} INFO - Task exited with return code 0
[2025-04-16T07:00:49.857+0000] {taskinstance.py:3901} INFO - 1 downstream tasks scheduled from follow-on schedule check
[2025-04-16T07:00:49.860+0000] {local_task_job_runner.py:245} INFO - ::endgroup::
