[2025-04-14T07:00:49.372+0000] {local_task_job_runner.py:123} INFO - ::group::Pre task execution logs
[2025-04-14T07:00:49.592+0000] {taskinstance.py:2614} INFO - Dependencies all met for dep_context=non-requeueable deps ti=<TaskInstance: daily_weather_etl.run_postgres_script scheduled__2025-04-11T07:00:00+00:00 [queued]>
[2025-04-14T07:00:49.609+0000] {taskinstance.py:2614} INFO - Dependencies all met for dep_context=requeueable deps ti=<TaskInstance: daily_weather_etl.run_postgres_script scheduled__2025-04-11T07:00:00+00:00 [queued]>
[2025-04-14T07:00:49.613+0000] {taskinstance.py:2867} INFO - Starting attempt 1 of 2
[2025-04-14T07:00:49.633+0000] {taskinstance.py:2890} INFO - Executing <Task(BashOperator): run_postgres_script> on 2025-04-11 07:00:00+00:00
[2025-04-14T07:00:49.642+0000] {standard_task_runner.py:72} INFO - Started process 2087 to run task
[2025-04-14T07:00:49.647+0000] {standard_task_runner.py:104} INFO - Running: ['***', 'tasks', 'run', 'daily_weather_etl', 'run_postgres_script', 'scheduled__2025-04-11T07:00:00+00:00', '--job-id', '289', '--raw', '--subdir', 'DAGS_FOLDER/weather_dag.py', '--cfg-path', '/tmp/tmp6v5s82oe']
[2025-04-14T07:00:49.650+0000] {standard_task_runner.py:105} INFO - Job 289: Subtask run_postgres_script
[2025-04-14T07:00:49.724+0000] {task_command.py:467} INFO - Running <TaskInstance: daily_weather_etl.run_postgres_script scheduled__2025-04-11T07:00:00+00:00 [running]> on host 3c3c1f66214b
[2025-04-14T07:00:49.854+0000] {taskinstance.py:3134} INFO - Exporting env vars: AIRFLOW_CTX_DAG_OWNER='***' AIRFLOW_CTX_DAG_ID='daily_weather_etl' AIRFLOW_CTX_TASK_ID='run_postgres_script' AIRFLOW_CTX_EXECUTION_DATE='2025-04-11T07:00:00+00:00' AIRFLOW_CTX_TRY_NUMBER='1' AIRFLOW_CTX_DAG_RUN_ID='scheduled__2025-04-11T07:00:00+00:00'
[2025-04-14T07:00:49.857+0000] {logging_mixin.py:190} INFO - Task instance is in running state
[2025-04-14T07:00:49.859+0000] {logging_mixin.py:190} INFO -  Previous state of the Task instance: queued
[2025-04-14T07:00:49.860+0000] {logging_mixin.py:190} INFO - Current task name:run_postgres_script state:running start_date:2025-04-14 07:00:49.593487+00:00
[2025-04-14T07:00:49.862+0000] {logging_mixin.py:190} INFO - Dag name:daily_weather_etl and current dag run status:running
[2025-04-14T07:00:49.863+0000] {taskinstance.py:732} INFO - ::endgroup::
[2025-04-14T07:00:49.866+0000] {subprocess.py:78} INFO - Tmp dir root location: /tmp
[2025-04-14T07:00:49.868+0000] {subprocess.py:88} INFO - Running command: ['/usr/bin/bash', '-c', 'python /opt/***/dags/postgres.py']
[2025-04-14T07:00:49.885+0000] {subprocess.py:99} INFO - Output:
[2025-04-14T07:00:54.011+0000] {subprocess.py:106} INFO - 25/04/14 07:00:54 WARN NativeCodeLoader: Unable to load native-hadoop library for your platform... using builtin-java classes where applicable
[2025-04-14T07:00:54.320+0000] {subprocess.py:106} INFO - Setting default log level to "WARN".
[2025-04-14T07:00:54.322+0000] {subprocess.py:106} INFO - To adjust logging level use sc.setLogLevel(newLevel). For SparkR, use setLogLevel(newLevel).
[2025-04-14T07:01:04.422+0000] {subprocess.py:106} INFO - [Stage 0:>                                                          (0 + 1) / 1]                                                                                +--------------------+-------------------+-----------+--------+--------+---------+---------+----------------+
[2025-04-14T07:01:04.424+0000] {subprocess.py:106} INFO - |                city|         local_time|temperature|wind_kph|humidity|feelslike|precip_mm|            text|
[2025-04-14T07:01:04.426+0000] {subprocess.py:106} INFO - +--------------------+-------------------+-----------+--------+--------+---------+---------+----------------+
[2025-04-14T07:01:04.427+0000] {subprocess.py:106} INFO - |               elche|2025-04-12 04:00:00|       15.1|     4.8|      81|     15.1|      0.4|   Light Drizzle|
[2025-04-14T07:01:04.429+0000] {subprocess.py:106} INFO - |               elche|2025-04-12 09:00:00|       14.2|     8.0|      91|     14.2|      2.8|   Moderate Rain|
[2025-04-14T07:01:04.432+0000] {subprocess.py:106} INFO - |               elche|2025-04-12 15:00:00|       19.9|     9.2|      67|     19.9|      0.3|   Light Drizzle|
[2025-04-14T07:01:04.434+0000] {subprocess.py:106} INFO - |               elche|2025-04-12 22:00:00|       16.0|     4.5|      98|     16.0|      0.0|          Cloudy|
[2025-04-14T07:01:04.436+0000] {subprocess.py:106} INFO - |              madrid|2025-04-12 04:00:00|        9.7|     1.6|      96|      9.7|      0.0|          Cloudy|
[2025-04-14T07:01:04.439+0000] {subprocess.py:106} INFO - |              madrid|2025-04-12 09:00:00|       11.2|     1.8|      91|     11.2|      0.0|          Cloudy|
[2025-04-14T07:01:04.441+0000] {subprocess.py:106} INFO - |              madrid|2025-04-12 15:00:00|       16.4|     3.6|      71|     16.4|      0.2|   Light Drizzle|
[2025-04-14T07:01:04.443+0000] {subprocess.py:106} INFO - |              madrid|2025-04-12 22:00:00|       13.4|     7.1|      85|     13.4|      0.0|   Partly Cloudy|
[2025-04-14T07:01:04.445+0000] {subprocess.py:106} INFO - |san juan de alicante|2025-04-12 04:00:00|       15.2|     8.3|      85|     15.2|      0.0|          Cloudy|
[2025-04-14T07:01:04.448+0000] {subprocess.py:106} INFO - |san juan de alicante|2025-04-12 09:00:00|       15.2|     5.5|      85|     15.2|      1.5|      Light Rain|
[2025-04-14T07:01:04.450+0000] {subprocess.py:106} INFO - |san juan de alicante|2025-04-12 15:00:00|       20.8|     7.8|      63|     20.8|      0.1|   Light Drizzle|
[2025-04-14T07:01:04.453+0000] {subprocess.py:106} INFO - |san juan de alicante|2025-04-12 22:00:00|       16.5|     3.3|      91|     16.5|      0.0|          Cloudy|
[2025-04-14T07:01:04.455+0000] {subprocess.py:106} INFO - |          torrevieja|2025-04-12 04:00:00|       15.0|    11.5|      92|     15.0|      2.1|      Light Rain|
[2025-04-14T07:01:04.457+0000] {subprocess.py:106} INFO - |          torrevieja|2025-04-12 09:00:00|       15.0|    10.9|      95|     15.0|      1.3|      Light Rain|
[2025-04-14T07:01:04.459+0000] {subprocess.py:106} INFO - |          torrevieja|2025-04-12 15:00:00|       18.3|     9.6|      87|     18.3|      0.6|Moderate Drizzle|
[2025-04-14T07:01:04.461+0000] {subprocess.py:106} INFO - |          torrevieja|2025-04-12 22:00:00|       16.5|     9.5|      87|     16.5|      0.0|          Cloudy|
[2025-04-14T07:01:04.464+0000] {subprocess.py:106} INFO - |            valencia|2025-04-12 04:00:00|       13.1|     6.6|      84|     13.1|      0.0|          Cloudy|
[2025-04-14T07:01:04.466+0000] {subprocess.py:106} INFO - |            valencia|2025-04-12 09:00:00|       13.1|     5.1|      83|     13.1|      0.0|          Cloudy|
[2025-04-14T07:01:04.468+0000] {subprocess.py:106} INFO - |            valencia|2025-04-12 15:00:00|       18.4|     4.8|      70|     18.4|      0.0|          Cloudy|
[2025-04-14T07:01:04.470+0000] {subprocess.py:106} INFO - |            valencia|2025-04-12 22:00:00|       16.4|     1.4|      90|     16.4|      0.0|          Cloudy|
[2025-04-14T07:01:04.472+0000] {subprocess.py:106} INFO - +--------------------+-------------------+-----------+--------+--------+---------+---------+----------------+
[2025-04-14T07:01:04.474+0000] {subprocess.py:106} INFO - 
[2025-04-14T07:01:04.476+0000] {subprocess.py:106} INFO - Datos registrados correctamente en la bbdd
[2025-04-14T07:01:05.065+0000] {subprocess.py:110} INFO - Command exited with return code 0
[2025-04-14T07:01:05.135+0000] {taskinstance.py:341} INFO - ::group::Post task execution logs
[2025-04-14T07:01:05.137+0000] {taskinstance.py:353} INFO - Marking task as SUCCESS. dag_id=daily_weather_etl, task_id=run_postgres_script, run_id=scheduled__2025-04-11T07:00:00+00:00, execution_date=20250411T070000, start_date=20250414T070049, end_date=20250414T070105
[2025-04-14T07:01:05.171+0000] {logging_mixin.py:190} INFO - Task instance in success state
[2025-04-14T07:01:05.173+0000] {logging_mixin.py:190} INFO -  Previous state of the Task instance: running
[2025-04-14T07:01:05.174+0000] {logging_mixin.py:190} INFO - Dag name:daily_weather_etl queued_at:2025-04-14 07:00:00.404131+00:00
[2025-04-14T07:01:05.176+0000] {logging_mixin.py:190} INFO - Task hostname:3c3c1f66214b operator:BashOperator
[2025-04-14T07:01:05.216+0000] {local_task_job_runner.py:266} INFO - Task exited with return code 0
[2025-04-14T07:01:05.244+0000] {taskinstance.py:3901} INFO - 1 downstream tasks scheduled from follow-on schedule check
[2025-04-14T07:01:05.247+0000] {local_task_job_runner.py:245} INFO - ::endgroup::
