[2025-03-27T15:03:39.346+0000] {local_task_job_runner.py:123} INFO - ::group::Pre task execution logs
[2025-03-27T15:03:39.495+0000] {taskinstance.py:2614} INFO - Dependencies all met for dep_context=non-requeueable deps ti=<TaskInstance: daily_weather_etl.run_main_script manual__2025-03-27T15:03:37.197758+00:00 [queued]>
[2025-03-27T15:03:39.504+0000] {taskinstance.py:2614} INFO - Dependencies all met for dep_context=requeueable deps ti=<TaskInstance: daily_weather_etl.run_main_script manual__2025-03-27T15:03:37.197758+00:00 [queued]>
[2025-03-27T15:03:39.505+0000] {taskinstance.py:2867} INFO - Starting attempt 1 of 2
[2025-03-27T15:03:39.518+0000] {taskinstance.py:2890} INFO - Executing <Task(BashOperator): run_main_script> on 2025-03-27 15:03:37.197758+00:00
[2025-03-27T15:03:39.523+0000] {standard_task_runner.py:72} INFO - Started process 38301 to run task
[2025-03-27T15:03:39.526+0000] {standard_task_runner.py:104} INFO - Running: ['***', 'tasks', 'run', 'daily_weather_etl', 'run_main_script', 'manual__2025-03-27T15:03:37.197758+00:00', '--job-id', '119', '--raw', '--subdir', 'DAGS_FOLDER/weather_dag.py', '--cfg-path', '/tmp/tmp03jq8jit']
[2025-03-27T15:03:39.528+0000] {standard_task_runner.py:105} INFO - Job 119: Subtask run_main_script
[2025-03-27T15:03:39.574+0000] {task_command.py:467} INFO - Running <TaskInstance: daily_weather_etl.run_main_script manual__2025-03-27T15:03:37.197758+00:00 [running]> on host 3c3c1f66214b
[2025-03-27T15:03:39.662+0000] {taskinstance.py:3134} INFO - Exporting env vars: AIRFLOW_CTX_DAG_OWNER='***' AIRFLOW_CTX_DAG_ID='daily_weather_etl' AIRFLOW_CTX_TASK_ID='run_main_script' AIRFLOW_CTX_EXECUTION_DATE='2025-03-27T15:03:37.197758+00:00' AIRFLOW_CTX_TRY_NUMBER='1' AIRFLOW_CTX_DAG_RUN_ID='manual__2025-03-27T15:03:37.197758+00:00'
[2025-03-27T15:03:39.664+0000] {logging_mixin.py:190} INFO - Task instance is in running state
[2025-03-27T15:03:39.665+0000] {logging_mixin.py:190} INFO -  Previous state of the Task instance: queued
[2025-03-27T15:03:39.666+0000] {logging_mixin.py:190} INFO - Current task name:run_main_script state:running start_date:2025-03-27 15:03:39.496685+00:00
[2025-03-27T15:03:39.666+0000] {logging_mixin.py:190} INFO - Dag name:daily_weather_etl and current dag run status:running
[2025-03-27T15:03:39.667+0000] {taskinstance.py:732} INFO - ::endgroup::
[2025-03-27T15:03:39.668+0000] {subprocess.py:78} INFO - Tmp dir root location: /tmp
[2025-03-27T15:03:39.669+0000] {subprocess.py:88} INFO - Running command: ['/usr/bin/bash', '-c', 'python /opt/***/dags/main.py']
[2025-03-27T15:03:39.680+0000] {subprocess.py:99} INFO - Output:
[2025-03-27T15:03:42.307+0000] {subprocess.py:106} INFO - 25/03/27 15:03:42 WARN NativeCodeLoader: Unable to load native-hadoop library for your platform... using builtin-java classes where applicable
[2025-03-27T15:03:42.452+0000] {subprocess.py:106} INFO - Setting default log level to "WARN".
[2025-03-27T15:03:42.455+0000] {subprocess.py:106} INFO - To adjust logging level use sc.setLogLevel(newLevel). For SparkR, use setLogLevel(newLevel).
[2025-03-27T15:03:44.424+0000] {subprocess.py:106} INFO - Error: local variable 'cities' referenced before assignment
[2025-03-27T15:03:44.954+0000] {subprocess.py:110} INFO - Command exited with return code 0
[2025-03-27T15:03:44.989+0000] {taskinstance.py:341} INFO - ::group::Post task execution logs
[2025-03-27T15:03:44.990+0000] {taskinstance.py:353} INFO - Marking task as SUCCESS. dag_id=daily_weather_etl, task_id=run_main_script, run_id=manual__2025-03-27T15:03:37.197758+00:00, execution_date=20250327T150337, start_date=20250327T150339, end_date=20250327T150344
[2025-03-27T15:03:45.013+0000] {logging_mixin.py:190} INFO - Task instance in success state
[2025-03-27T15:03:45.014+0000] {logging_mixin.py:190} INFO -  Previous state of the Task instance: running
[2025-03-27T15:03:45.015+0000] {logging_mixin.py:190} INFO - Dag name:daily_weather_etl queued_at:2025-03-27 15:03:37.213586+00:00
[2025-03-27T15:03:45.016+0000] {logging_mixin.py:190} INFO - Task hostname:3c3c1f66214b operator:BashOperator
[2025-03-27T15:03:45.062+0000] {local_task_job_runner.py:266} INFO - Task exited with return code 0
[2025-03-27T15:03:45.074+0000] {taskinstance.py:3901} INFO - 0 downstream tasks scheduled from follow-on schedule check
[2025-03-27T15:03:45.076+0000] {local_task_job_runner.py:245} INFO - ::endgroup::
