[2025-03-27T12:55:24.712+0000] {local_task_job_runner.py:123} INFO - ::group::Pre task execution logs
[2025-03-27T12:55:24.945+0000] {taskinstance.py:2614} INFO - Dependencies all met for dep_context=non-requeueable deps ti=<TaskInstance: daily_weather_etl.run_weather_script manual__2025-03-27T12:55:21.275946+00:00 [queued]>
[2025-03-27T12:55:24.961+0000] {taskinstance.py:2614} INFO - Dependencies all met for dep_context=requeueable deps ti=<TaskInstance: daily_weather_etl.run_weather_script manual__2025-03-27T12:55:21.275946+00:00 [queued]>
[2025-03-27T12:55:24.963+0000] {taskinstance.py:2867} INFO - Starting attempt 1 of 2
[2025-03-27T12:55:24.988+0000] {taskinstance.py:2890} INFO - Executing <Task(BashOperator): run_weather_script> on 2025-03-27 12:55:21.275946+00:00
[2025-03-27T12:55:24.997+0000] {standard_task_runner.py:72} INFO - Started process 34331 to run task
[2025-03-27T12:55:25.003+0000] {standard_task_runner.py:104} INFO - Running: ['***', 'tasks', 'run', 'daily_weather_etl', 'run_weather_script', 'manual__2025-03-27T12:55:21.275946+00:00', '--job-id', '110', '--raw', '--subdir', 'DAGS_FOLDER/weather_dag.py', '--cfg-path', '/tmp/tmp68tjb3qt']
[2025-03-27T12:55:25.006+0000] {standard_task_runner.py:105} INFO - Job 110: Subtask run_weather_script
[2025-03-27T12:55:25.095+0000] {task_command.py:467} INFO - Running <TaskInstance: daily_weather_etl.run_weather_script manual__2025-03-27T12:55:21.275946+00:00 [running]> on host 3c3c1f66214b
[2025-03-27T12:55:25.301+0000] {taskinstance.py:3134} INFO - Exporting env vars: AIRFLOW_CTX_DAG_OWNER='***' AIRFLOW_CTX_DAG_ID='daily_weather_etl' AIRFLOW_CTX_TASK_ID='run_weather_script' AIRFLOW_CTX_EXECUTION_DATE='2025-03-27T12:55:21.275946+00:00' AIRFLOW_CTX_TRY_NUMBER='1' AIRFLOW_CTX_DAG_RUN_ID='manual__2025-03-27T12:55:21.275946+00:00'
[2025-03-27T12:55:25.306+0000] {logging_mixin.py:190} INFO - Task instance is in running state
[2025-03-27T12:55:25.309+0000] {logging_mixin.py:190} INFO -  Previous state of the Task instance: queued
[2025-03-27T12:55:25.312+0000] {logging_mixin.py:190} INFO - Current task name:run_weather_script state:running start_date:2025-03-27 12:55:24.946841+00:00
[2025-03-27T12:55:25.315+0000] {logging_mixin.py:190} INFO - Dag name:daily_weather_etl and current dag run status:running
[2025-03-27T12:55:25.317+0000] {taskinstance.py:732} INFO - ::endgroup::
[2025-03-27T12:55:25.322+0000] {subprocess.py:78} INFO - Tmp dir root location: /tmp
[2025-03-27T12:55:25.326+0000] {subprocess.py:88} INFO - Running command: ['/usr/bin/bash', '-c', 'python /opt/***/dags/main.py']
[2025-03-27T12:55:25.349+0000] {subprocess.py:99} INFO - Output:
[2025-03-27T12:55:30.131+0000] {subprocess.py:106} INFO - 25/03/27 12:55:30 WARN NativeCodeLoader: Unable to load native-hadoop library for your platform... using builtin-java classes where applicable
[2025-03-27T12:55:30.416+0000] {subprocess.py:106} INFO - Setting default log level to "WARN".
[2025-03-27T12:55:30.418+0000] {subprocess.py:106} INFO - To adjust logging level use sc.setLogLevel(newLevel). For SparkR, use setLogLevel(newLevel).
[2025-03-27T12:55:33.292+0000] {subprocess.py:106} INFO - Ciudades encontradas en el bucket:
[2025-03-27T12:55:33.293+0000] {subprocess.py:106} INFO - ['elche', 'san juan de alicante', 'torrevieja']
[2025-03-27T12:55:33.295+0000] {subprocess.py:106} INFO - False
[2025-03-27T12:55:33.848+0000] {subprocess.py:110} INFO - Command exited with return code 0
[2025-03-27T12:55:33.926+0000] {taskinstance.py:341} INFO - ::group::Post task execution logs
[2025-03-27T12:55:33.930+0000] {taskinstance.py:353} INFO - Marking task as SUCCESS. dag_id=daily_weather_etl, task_id=run_weather_script, run_id=manual__2025-03-27T12:55:21.275946+00:00, execution_date=20250327T125521, start_date=20250327T125524, end_date=20250327T125533
[2025-03-27T12:55:34.015+0000] {logging_mixin.py:190} INFO - Task instance in success state
[2025-03-27T12:55:34.021+0000] {logging_mixin.py:190} INFO -  Previous state of the Task instance: running
[2025-03-27T12:55:34.026+0000] {logging_mixin.py:190} INFO - Dag name:daily_weather_etl queued_at:2025-03-27 12:55:21.303984+00:00
[2025-03-27T12:55:34.029+0000] {logging_mixin.py:190} INFO - Task hostname:3c3c1f66214b operator:BashOperator
[2025-03-27T12:55:34.094+0000] {local_task_job_runner.py:266} INFO - Task exited with return code 0
[2025-03-27T12:55:34.157+0000] {taskinstance.py:3901} INFO - 0 downstream tasks scheduled from follow-on schedule check
[2025-03-27T12:55:34.164+0000] {local_task_job_runner.py:245} INFO - ::endgroup::
