[2025-04-14T07:00:04.304+0000] {local_task_job_runner.py:123} INFO - ::group::Pre task execution logs
[2025-04-14T07:00:04.458+0000] {taskinstance.py:2614} INFO - Dependencies all met for dep_context=non-requeueable deps ti=<TaskInstance: daily_weather_etl.run_main_script scheduled__2025-04-11T07:00:00+00:00 [queued]>
[2025-04-14T07:00:04.470+0000] {taskinstance.py:2614} INFO - Dependencies all met for dep_context=requeueable deps ti=<TaskInstance: daily_weather_etl.run_main_script scheduled__2025-04-11T07:00:00+00:00 [queued]>
[2025-04-14T07:00:04.474+0000] {taskinstance.py:2867} INFO - Starting attempt 1 of 2
[2025-04-14T07:00:04.498+0000] {taskinstance.py:2890} INFO - Executing <Task(BashOperator): run_main_script> on 2025-04-11 07:00:00+00:00
[2025-04-14T07:00:04.505+0000] {standard_task_runner.py:72} INFO - Started process 54 to run task
[2025-04-14T07:00:04.511+0000] {standard_task_runner.py:104} INFO - Running: ['***', 'tasks', 'run', 'daily_weather_etl', 'run_main_script', 'scheduled__2025-04-11T07:00:00+00:00', '--job-id', '287', '--raw', '--subdir', 'DAGS_FOLDER/weather_dag.py', '--cfg-path', '/tmp/tmpw8hb6tfu']
[2025-04-14T07:00:04.514+0000] {standard_task_runner.py:105} INFO - Job 287: Subtask run_main_script
[2025-04-14T07:00:04.584+0000] {task_command.py:467} INFO - Running <TaskInstance: daily_weather_etl.run_main_script scheduled__2025-04-11T07:00:00+00:00 [running]> on host 3c3c1f66214b
[2025-04-14T07:00:04.699+0000] {taskinstance.py:3134} INFO - Exporting env vars: AIRFLOW_CTX_DAG_OWNER='***' AIRFLOW_CTX_DAG_ID='daily_weather_etl' AIRFLOW_CTX_TASK_ID='run_main_script' AIRFLOW_CTX_EXECUTION_DATE='2025-04-11T07:00:00+00:00' AIRFLOW_CTX_TRY_NUMBER='1' AIRFLOW_CTX_DAG_RUN_ID='scheduled__2025-04-11T07:00:00+00:00'
[2025-04-14T07:00:04.702+0000] {logging_mixin.py:190} INFO - Task instance is in running state
[2025-04-14T07:00:04.704+0000] {logging_mixin.py:190} INFO -  Previous state of the Task instance: queued
[2025-04-14T07:00:04.705+0000] {logging_mixin.py:190} INFO - Current task name:run_main_script state:running start_date:2025-04-14 07:00:04.460308+00:00
[2025-04-14T07:00:04.707+0000] {logging_mixin.py:190} INFO - Dag name:daily_weather_etl and current dag run status:running
[2025-04-14T07:00:04.709+0000] {taskinstance.py:732} INFO - ::endgroup::
[2025-04-14T07:00:04.711+0000] {subprocess.py:78} INFO - Tmp dir root location: /tmp
[2025-04-14T07:00:04.713+0000] {subprocess.py:88} INFO - Running command: ['/usr/bin/bash', '-c', 'python /opt/***/dags/main.py']
[2025-04-14T07:00:04.728+0000] {subprocess.py:99} INFO - Output:
[2025-04-14T07:00:10.133+0000] {subprocess.py:106} INFO - 25/04/14 07:00:10 WARN NativeCodeLoader: Unable to load native-hadoop library for your platform... using builtin-java classes where applicable
[2025-04-14T07:00:10.480+0000] {subprocess.py:106} INFO - Setting default log level to "WARN".
[2025-04-14T07:00:10.481+0000] {subprocess.py:106} INFO - To adjust logging level use sc.setLogLevel(newLevel). For SparkR, use setLogLevel(newLevel).
[2025-04-14T07:00:13.776+0000] {subprocess.py:106} INFO - Ciudades registradas:
[2025-04-14T07:00:14.323+0000] {subprocess.py:110} INFO - Command exited with return code 0
[2025-04-14T07:00:14.358+0000] {taskinstance.py:341} INFO - ::group::Post task execution logs
[2025-04-14T07:00:14.359+0000] {taskinstance.py:353} INFO - Marking task as SUCCESS. dag_id=daily_weather_etl, task_id=run_main_script, run_id=scheduled__2025-04-11T07:00:00+00:00, execution_date=20250411T070000, start_date=20250414T070004, end_date=20250414T070014
[2025-04-14T07:00:14.393+0000] {logging_mixin.py:190} INFO - Task instance in success state
[2025-04-14T07:00:14.395+0000] {logging_mixin.py:190} INFO -  Previous state of the Task instance: running
[2025-04-14T07:00:14.396+0000] {logging_mixin.py:190} INFO - Dag name:daily_weather_etl queued_at:2025-04-14 07:00:00.404131+00:00
[2025-04-14T07:00:14.398+0000] {logging_mixin.py:190} INFO - Task hostname:3c3c1f66214b operator:BashOperator
[2025-04-14T07:00:14.413+0000] {local_task_job_runner.py:266} INFO - Task exited with return code 0
[2025-04-14T07:00:14.459+0000] {taskinstance.py:3901} INFO - 1 downstream tasks scheduled from follow-on schedule check
[2025-04-14T07:00:14.462+0000] {local_task_job_runner.py:245} INFO - ::endgroup::
