[2025-04-10T07:00:15.605+0000] {local_task_job_runner.py:123} INFO - ::group::Pre task execution logs
[2025-04-10T07:00:15.735+0000] {taskinstance.py:2614} INFO - Dependencies all met for dep_context=non-requeueable deps ti=<TaskInstance: daily_weather_etl.run_minio_script scheduled__2025-04-09T07:00:00+00:00 [queued]>
[2025-04-10T07:00:15.746+0000] {taskinstance.py:2614} INFO - Dependencies all met for dep_context=requeueable deps ti=<TaskInstance: daily_weather_etl.run_minio_script scheduled__2025-04-09T07:00:00+00:00 [queued]>
[2025-04-10T07:00:15.747+0000] {taskinstance.py:2867} INFO - Starting attempt 1 of 2
[2025-04-10T07:00:15.761+0000] {taskinstance.py:2890} INFO - Executing <Task(BashOperator): run_minio_script> on 2025-04-09 07:00:00+00:00
[2025-04-10T07:00:15.766+0000] {standard_task_runner.py:72} INFO - Started process 217 to run task
[2025-04-10T07:00:15.770+0000] {standard_task_runner.py:104} INFO - Running: ['***', 'tasks', 'run', 'daily_weather_etl', 'run_minio_script', 'scheduled__2025-04-09T07:00:00+00:00', '--job-id', '277', '--raw', '--subdir', 'DAGS_FOLDER/weather_dag.py', '--cfg-path', '/tmp/tmp4548ub4i']
[2025-04-10T07:00:15.772+0000] {standard_task_runner.py:105} INFO - Job 277: Subtask run_minio_script
[2025-04-10T07:00:15.815+0000] {task_command.py:467} INFO - Running <TaskInstance: daily_weather_etl.run_minio_script scheduled__2025-04-09T07:00:00+00:00 [running]> on host 3c3c1f66214b
[2025-04-10T07:00:15.883+0000] {taskinstance.py:3134} INFO - Exporting env vars: AIRFLOW_CTX_DAG_OWNER='***' AIRFLOW_CTX_DAG_ID='daily_weather_etl' AIRFLOW_CTX_TASK_ID='run_minio_script' AIRFLOW_CTX_EXECUTION_DATE='2025-04-09T07:00:00+00:00' AIRFLOW_CTX_TRY_NUMBER='1' AIRFLOW_CTX_DAG_RUN_ID='scheduled__2025-04-09T07:00:00+00:00'
[2025-04-10T07:00:15.885+0000] {logging_mixin.py:190} INFO - Task instance is in running state
[2025-04-10T07:00:15.886+0000] {logging_mixin.py:190} INFO -  Previous state of the Task instance: queued
[2025-04-10T07:00:15.887+0000] {logging_mixin.py:190} INFO - Current task name:run_minio_script state:running start_date:2025-04-10 07:00:15.736602+00:00
[2025-04-10T07:00:15.888+0000] {logging_mixin.py:190} INFO - Dag name:daily_weather_etl and current dag run status:running
[2025-04-10T07:00:15.888+0000] {taskinstance.py:732} INFO - ::endgroup::
[2025-04-10T07:00:15.889+0000] {subprocess.py:78} INFO - Tmp dir root location: /tmp
[2025-04-10T07:00:15.891+0000] {subprocess.py:88} INFO - Running command: ['/usr/bin/bash', '-c', 'python /opt/***/dags/minio.py']
[2025-04-10T07:00:15.900+0000] {subprocess.py:99} INFO - Output:
[2025-04-10T07:00:18.319+0000] {subprocess.py:106} INFO - Setting default log level to "WARN".
[2025-04-10T07:00:18.321+0000] {subprocess.py:106} INFO - To adjust logging level use sc.setLogLevel(newLevel). For SparkR, use setLogLevel(newLevel).
[2025-04-10T07:00:18.503+0000] {subprocess.py:106} INFO - 25/04/10 07:00:18 WARN NativeCodeLoader: Unable to load native-hadoop library for your platform... using builtin-java classes where applicable
[2025-04-10T07:00:35.797+0000] {subprocess.py:106} INFO - [Stage 0:>                                                          (0 + 8) / 8]                                                                                [Stage 58:>                                                         (0 + 1) / 1]                                                                                +-----+-------------------+-----------+--------+--------+---------+---------+-----+
[2025-04-10T07:00:35.801+0000] {subprocess.py:106} INFO - |city |local_time         |temperature|wind_kph|humidity|feelslike|precip_mm|text |
[2025-04-10T07:00:35.805+0000] {subprocess.py:106} INFO - +-----+-------------------+-----------+--------+--------+---------+---------+-----+
[2025-04-10T07:00:35.809+0000] {subprocess.py:106} INFO - |elche|2025-04-08 04:00:00|12.0       |7.3     |68      |12.0     |0.0      |Sunny|
[2025-04-10T07:00:35.812+0000] {subprocess.py:106} INFO - |elche|2025-04-08 09:00:00|14.9       |7.2     |49      |14.9     |0.0      |Sunny|
[2025-04-10T07:00:35.814+0000] {subprocess.py:106} INFO - |elche|2025-04-08 15:00:00|23.9       |13.4    |36      |23.9     |0.0      |Sunny|
[2025-04-10T07:00:35.816+0000] {subprocess.py:106} INFO - |elche|2025-04-08 22:00:00|16.4       |3.9     |69      |16.4     |0.0      |Sunny|
[2025-04-10T07:00:35.818+0000] {subprocess.py:106} INFO - +-----+-------------------+-----------+--------+--------+---------+---------+-----+
[2025-04-10T07:00:35.820+0000] {subprocess.py:106} INFO - 
[2025-04-10T07:00:35.821+0000] {subprocess.py:106} INFO - +------+-------------------+-----------+--------+--------+---------+---------+-----+
[2025-04-10T07:00:35.822+0000] {subprocess.py:106} INFO - |city  |local_time         |temperature|wind_kph|humidity|feelslike|precip_mm|text |
[2025-04-10T07:00:35.822+0000] {subprocess.py:106} INFO - +------+-------------------+-----------+--------+--------+---------+---------+-----+
[2025-04-10T07:00:35.823+0000] {subprocess.py:106} INFO - |madrid|2025-04-08 04:00:00|11.3       |6.1     |79      |11.3     |0.0      |Sunny|
[2025-04-10T07:00:35.824+0000] {subprocess.py:106} INFO - |madrid|2025-04-08 09:00:00|9.5        |6.8     |83      |9.5      |0.0      |Sunny|
[2025-04-10T07:00:35.825+0000] {subprocess.py:106} INFO - |madrid|2025-04-08 15:00:00|22.0       |4.8     |40      |22.0     |0.0      |Sunny|
[2025-04-10T07:00:35.826+0000] {subprocess.py:106} INFO - |madrid|2025-04-08 22:00:00|16.3       |5.3     |65      |16.3     |0.0      |Sunny|
[2025-04-10T07:00:35.826+0000] {subprocess.py:106} INFO - +------+-------------------+-----------+--------+--------+---------+---------+-----+
[2025-04-10T07:00:35.827+0000] {subprocess.py:106} INFO - 
[2025-04-10T07:00:35.828+0000] {subprocess.py:106} INFO - +--------------------+-------------------+-----------+--------+--------+---------+---------+-----+
[2025-04-10T07:00:35.829+0000] {subprocess.py:106} INFO - |city                |local_time         |temperature|wind_kph|humidity|feelslike|precip_mm|text |
[2025-04-10T07:00:35.830+0000] {subprocess.py:106} INFO - +--------------------+-------------------+-----------+--------+--------+---------+---------+-----+
[2025-04-10T07:00:35.831+0000] {subprocess.py:106} INFO - |san juan de alicante|2025-04-08 04:00:00|16.4       |1.6     |40      |16.4     |0.0      |Sunny|
[2025-04-10T07:00:35.831+0000] {subprocess.py:106} INFO - |san juan de alicante|2025-04-08 09:00:00|16.7       |0.5     |50      |16.7     |0.0      |Sunny|
[2025-04-10T07:00:35.832+0000] {subprocess.py:106} INFO - |san juan de alicante|2025-04-08 15:00:00|22.3       |12.2    |49      |22.3     |0.0      |Sunny|
[2025-04-10T07:00:35.833+0000] {subprocess.py:106} INFO - |san juan de alicante|2025-04-08 22:00:00|16.3       |3.7     |72      |16.3     |0.0      |Sunny|
[2025-04-10T07:00:35.834+0000] {subprocess.py:106} INFO - +--------------------+-------------------+-----------+--------+--------+---------+---------+-----+
[2025-04-10T07:00:35.834+0000] {subprocess.py:106} INFO - 
[2025-04-10T07:00:35.835+0000] {subprocess.py:106} INFO - +----------+-------------------+-----------+--------+--------+---------+---------+-----+
[2025-04-10T07:00:35.836+0000] {subprocess.py:106} INFO - |city      |local_time         |temperature|wind_kph|humidity|feelslike|precip_mm|text |
[2025-04-10T07:00:35.837+0000] {subprocess.py:106} INFO - +----------+-------------------+-----------+--------+--------+---------+---------+-----+
[2025-04-10T07:00:35.837+0000] {subprocess.py:106} INFO - |torrevieja|2025-04-08 04:00:00|13.8       |0.6     |83      |13.8     |0.0      |Sunny|
[2025-04-10T07:00:35.838+0000] {subprocess.py:106} INFO - |torrevieja|2025-04-08 09:00:00|14.4       |6.8     |80      |14.4     |0.0      |Sunny|
[2025-04-10T07:00:35.839+0000] {subprocess.py:106} INFO - |torrevieja|2025-04-08 15:00:00|20.3       |11.0    |66      |20.3     |0.0      |Sunny|
[2025-04-10T07:00:35.839+0000] {subprocess.py:106} INFO - |torrevieja|2025-04-08 22:00:00|15.8       |6.1     |92      |15.8     |0.0      |Sunny|
[2025-04-10T07:00:35.840+0000] {subprocess.py:106} INFO - +----------+-------------------+-----------+--------+--------+---------+---------+-----+
[2025-04-10T07:00:35.841+0000] {subprocess.py:106} INFO - 
[2025-04-10T07:00:35.841+0000] {subprocess.py:106} INFO - +--------+-------------------+-----------+--------+--------+---------+---------+-----+
[2025-04-10T07:00:35.842+0000] {subprocess.py:106} INFO - |city    |local_time         |temperature|wind_kph|humidity|feelslike|precip_mm|text |
[2025-04-10T07:00:35.843+0000] {subprocess.py:106} INFO - +--------+-------------------+-----------+--------+--------+---------+---------+-----+
[2025-04-10T07:00:35.843+0000] {subprocess.py:106} INFO - |valencia|2025-04-08 04:00:00|13.9       |4.6     |83      |13.9     |0.0      |Sunny|
[2025-04-10T07:00:35.844+0000] {subprocess.py:106} INFO - |valencia|2025-04-08 09:00:00|13.3       |5.1     |78      |13.3     |0.0      |Sunny|
[2025-04-10T07:00:35.845+0000] {subprocess.py:106} INFO - |valencia|2025-04-08 15:00:00|20.5       |11.1    |50      |20.5     |0.0      |Sunny|
[2025-04-10T07:00:35.846+0000] {subprocess.py:106} INFO - |valencia|2025-04-08 22:00:00|16.4       |6.9     |85      |16.4     |0.0      |Sunny|
[2025-04-10T07:00:35.846+0000] {subprocess.py:106} INFO - +--------+-------------------+-----------+--------+--------+---------+---------+-----+
[2025-04-10T07:00:35.847+0000] {subprocess.py:106} INFO - 
[2025-04-10T07:00:35.848+0000] {subprocess.py:106} INFO - +--------------------+-------------------+-----------+--------+--------+---------+---------+-----+
[2025-04-10T07:00:35.849+0000] {subprocess.py:106} INFO - |                city|         local_time|temperature|wind_kph|humidity|feelslike|precip_mm| text|
[2025-04-10T07:00:35.850+0000] {subprocess.py:106} INFO - +--------------------+-------------------+-----------+--------+--------+---------+---------+-----+
[2025-04-10T07:00:35.851+0000] {subprocess.py:106} INFO - |               elche|2025-04-08 04:00:00|       12.0|     7.3|      68|     12.0|      0.0|Sunny|
[2025-04-10T07:00:35.851+0000] {subprocess.py:106} INFO - |               elche|2025-04-08 09:00:00|       14.9|     7.2|      49|     14.9|      0.0|Sunny|
[2025-04-10T07:00:35.852+0000] {subprocess.py:106} INFO - |               elche|2025-04-08 15:00:00|       23.9|    13.4|      36|     23.9|      0.0|Sunny|
[2025-04-10T07:00:35.853+0000] {subprocess.py:106} INFO - |               elche|2025-04-08 22:00:00|       16.4|     3.9|      69|     16.4|      0.0|Sunny|
[2025-04-10T07:00:35.854+0000] {subprocess.py:106} INFO - |              madrid|2025-04-08 04:00:00|       11.3|     6.1|      79|     11.3|      0.0|Sunny|
[2025-04-10T07:00:35.854+0000] {subprocess.py:106} INFO - |              madrid|2025-04-08 09:00:00|        9.5|     6.8|      83|      9.5|      0.0|Sunny|
[2025-04-10T07:00:35.855+0000] {subprocess.py:106} INFO - |              madrid|2025-04-08 15:00:00|       22.0|     4.8|      40|     22.0|      0.0|Sunny|
[2025-04-10T07:00:35.856+0000] {subprocess.py:106} INFO - |              madrid|2025-04-08 22:00:00|       16.3|     5.3|      65|     16.3|      0.0|Sunny|
[2025-04-10T07:00:35.857+0000] {subprocess.py:106} INFO - |san juan de alicante|2025-04-08 04:00:00|       16.4|     1.6|      40|     16.4|      0.0|Sunny|
[2025-04-10T07:00:35.857+0000] {subprocess.py:106} INFO - |san juan de alicante|2025-04-08 09:00:00|       16.7|     0.5|      50|     16.7|      0.0|Sunny|
[2025-04-10T07:00:35.858+0000] {subprocess.py:106} INFO - |san juan de alicante|2025-04-08 15:00:00|       22.3|    12.2|      49|     22.3|      0.0|Sunny|
[2025-04-10T07:00:35.859+0000] {subprocess.py:106} INFO - |san juan de alicante|2025-04-08 22:00:00|       16.3|     3.7|      72|     16.3|      0.0|Sunny|
[2025-04-10T07:00:35.860+0000] {subprocess.py:106} INFO - |          torrevieja|2025-04-08 04:00:00|       13.8|     0.6|      83|     13.8|      0.0|Sunny|
[2025-04-10T07:00:35.861+0000] {subprocess.py:106} INFO - |          torrevieja|2025-04-08 09:00:00|       14.4|     6.8|      80|     14.4|      0.0|Sunny|
[2025-04-10T07:00:35.862+0000] {subprocess.py:106} INFO - |          torrevieja|2025-04-08 15:00:00|       20.3|    11.0|      66|     20.3|      0.0|Sunny|
[2025-04-10T07:00:35.863+0000] {subprocess.py:106} INFO - |          torrevieja|2025-04-08 22:00:00|       15.8|     6.1|      92|     15.8|      0.0|Sunny|
[2025-04-10T07:00:35.864+0000] {subprocess.py:106} INFO - |            valencia|2025-04-08 04:00:00|       13.9|     4.6|      83|     13.9|      0.0|Sunny|
[2025-04-10T07:00:35.865+0000] {subprocess.py:106} INFO - |            valencia|2025-04-08 09:00:00|       13.3|     5.1|      78|     13.3|      0.0|Sunny|
[2025-04-10T07:00:35.866+0000] {subprocess.py:106} INFO - |            valencia|2025-04-08 15:00:00|       20.5|    11.1|      50|     20.5|      0.0|Sunny|
[2025-04-10T07:00:35.867+0000] {subprocess.py:106} INFO - |            valencia|2025-04-08 22:00:00|       16.4|     6.9|      85|     16.4|      0.0|Sunny|
[2025-04-10T07:00:35.868+0000] {subprocess.py:106} INFO - +--------------------+-------------------+-----------+--------+--------+---------+---------+-----+
[2025-04-10T07:00:35.869+0000] {subprocess.py:106} INFO - 
[2025-04-10T07:00:35.870+0000] {subprocess.py:106} INFO - Nombre de la carpeta: 2025-04-08
[2025-04-10T07:00:35.871+0000] {subprocess.py:106} INFO - Archivo Parquet generado: /tmp/tmppej9sxss/2025-04-08/part-00000-0052369a-4752-4cd3-a900-e72cff58fb60-c000.snappy.parquet
[2025-04-10T07:00:35.872+0000] {subprocess.py:106} INFO - Archivo subido correctamente a MinIO en: 2025-04-08/2025-04-08.parquet
[2025-04-10T07:00:36.376+0000] {subprocess.py:110} INFO - Command exited with return code 0
[2025-04-10T07:00:36.398+0000] {taskinstance.py:341} INFO - ::group::Post task execution logs
[2025-04-10T07:00:36.400+0000] {taskinstance.py:353} INFO - Marking task as SUCCESS. dag_id=daily_weather_etl, task_id=run_minio_script, run_id=scheduled__2025-04-09T07:00:00+00:00, execution_date=20250409T070000, start_date=20250410T070015, end_date=20250410T070036
[2025-04-10T07:00:36.420+0000] {logging_mixin.py:190} INFO - Task instance in success state
[2025-04-10T07:00:36.421+0000] {logging_mixin.py:190} INFO -  Previous state of the Task instance: running
[2025-04-10T07:00:36.422+0000] {logging_mixin.py:190} INFO - Dag name:daily_weather_etl queued_at:2025-04-10 07:00:00.423876+00:00
[2025-04-10T07:00:36.423+0000] {logging_mixin.py:190} INFO - Task hostname:3c3c1f66214b operator:BashOperator
[2025-04-10T07:00:36.431+0000] {local_task_job_runner.py:266} INFO - Task exited with return code 0
[2025-04-10T07:00:36.452+0000] {taskinstance.py:3901} INFO - 1 downstream tasks scheduled from follow-on schedule check
[2025-04-10T07:00:36.455+0000] {local_task_job_runner.py:245} INFO - ::endgroup::
