[2025-04-07T06:34:51.124+0000] {local_task_job_runner.py:123} INFO - ::group::Pre task execution logs
[2025-04-07T06:34:51.351+0000] {taskinstance.py:2614} INFO - Dependencies all met for dep_context=non-requeueable deps ti=<TaskInstance: daily_weather_etl.run_main_script scheduled__2025-04-04T07:00:00+00:00 [queued]>
[2025-04-07T06:34:51.377+0000] {taskinstance.py:2614} INFO - Dependencies all met for dep_context=requeueable deps ti=<TaskInstance: daily_weather_etl.run_main_script scheduled__2025-04-04T07:00:00+00:00 [queued]>
[2025-04-07T06:34:51.384+0000] {taskinstance.py:2867} INFO - Starting attempt 1 of 2
[2025-04-07T06:34:52.175+0000] {taskinstance.py:2890} INFO - Executing <Task(BashOperator): run_main_script> on 2025-04-04 07:00:00+00:00
[2025-04-07T06:34:52.191+0000] {standard_task_runner.py:104} INFO - Running: ['***', 'tasks', 'run', 'daily_weather_etl', 'run_main_script', 'scheduled__2025-04-04T07:00:00+00:00', '--job-id', '225', '--raw', '--subdir', 'DAGS_FOLDER/weather_dag.py', '--cfg-path', '/tmp/tmpiz59tsit']
[2025-04-07T06:34:52.802+0000] {standard_task_runner.py:72} INFO - Started process 56 to run task
[2025-04-07T06:34:52.807+0000] {standard_task_runner.py:105} INFO - Job 225: Subtask run_main_script
[2025-04-07T06:34:52.918+0000] {task_command.py:467} INFO - Running <TaskInstance: daily_weather_etl.run_main_script scheduled__2025-04-04T07:00:00+00:00 [running]> on host 3c3c1f66214b
[2025-04-07T06:34:53.206+0000] {taskinstance.py:3134} INFO - Exporting env vars: AIRFLOW_CTX_DAG_OWNER='***' AIRFLOW_CTX_DAG_ID='daily_weather_etl' AIRFLOW_CTX_TASK_ID='run_main_script' AIRFLOW_CTX_EXECUTION_DATE='2025-04-04T07:00:00+00:00' AIRFLOW_CTX_TRY_NUMBER='1' AIRFLOW_CTX_DAG_RUN_ID='scheduled__2025-04-04T07:00:00+00:00'
[2025-04-07T06:34:53.210+0000] {logging_mixin.py:190} INFO - Task instance is in running state
[2025-04-07T06:34:53.212+0000] {logging_mixin.py:190} INFO -  Previous state of the Task instance: queued
[2025-04-07T06:34:53.214+0000] {logging_mixin.py:190} INFO - Current task name:run_main_script state:running start_date:2025-04-07 06:34:51.355301+00:00
[2025-04-07T06:34:53.216+0000] {logging_mixin.py:190} INFO - Dag name:daily_weather_etl and current dag run status:running
[2025-04-07T06:34:53.218+0000] {taskinstance.py:732} INFO - ::endgroup::
[2025-04-07T06:34:53.224+0000] {subprocess.py:78} INFO - Tmp dir root location: /tmp
[2025-04-07T06:34:53.227+0000] {subprocess.py:88} INFO - Running command: ['/usr/bin/bash', '-c', 'python /opt/***/dags/main.py']
[2025-04-07T06:34:53.253+0000] {subprocess.py:99} INFO - Output:
[2025-04-07T06:35:04.060+0000] {subprocess.py:106} INFO - 25/04/07 06:35:04 WARN NativeCodeLoader: Unable to load native-hadoop library for your platform... using builtin-java classes where applicable
[2025-04-07T06:35:04.963+0000] {subprocess.py:106} INFO - Setting default log level to "WARN".
[2025-04-07T06:35:04.968+0000] {subprocess.py:106} INFO - To adjust logging level use sc.setLogLevel(newLevel). For SparkR, use setLogLevel(newLevel).
[2025-04-07T06:35:15.966+0000] {subprocess.py:106} INFO - Ciudades registradas:
[2025-04-07T06:35:16.728+0000] {subprocess.py:110} INFO - Command exited with return code 0
[2025-04-07T06:35:17.731+0000] {taskinstance.py:341} INFO - ::group::Post task execution logs
[2025-04-07T06:35:17.734+0000] {taskinstance.py:353} INFO - Marking task as SUCCESS. dag_id=daily_weather_etl, task_id=run_main_script, run_id=scheduled__2025-04-04T07:00:00+00:00, execution_date=20250404T070000, start_date=20250407T063451, end_date=20250407T063517
[2025-04-07T06:35:18.955+0000] {logging_mixin.py:190} INFO - Task instance in success state
[2025-04-07T06:35:18.956+0000] {logging_mixin.py:190} INFO -  Previous state of the Task instance: running
[2025-04-07T06:35:18.958+0000] {logging_mixin.py:190} INFO - Dag name:daily_weather_etl queued_at:2025-04-07 06:34:36.334592+00:00
[2025-04-07T06:35:18.960+0000] {logging_mixin.py:190} INFO - Task hostname:3c3c1f66214b operator:BashOperator
[2025-04-07T06:35:19.145+0000] {local_task_job_runner.py:266} INFO - Task exited with return code 0
[2025-04-07T06:35:19.236+0000] {taskinstance.py:3901} INFO - 1 downstream tasks scheduled from follow-on schedule check
[2025-04-07T06:35:22.127+0000] {local_task_job_runner.py:245} INFO - ::endgroup::
[2025-04-07T06:35:22.836+0000] {standard_task_runner.py:217} INFO - Process not found (most likely exited), stop collecting metrics
[2025-04-07T07:00:02.318+0000] {local_task_job_runner.py:123} INFO - ::group::Pre task execution logs
[2025-04-07T07:00:02.438+0000] {taskinstance.py:2614} INFO - Dependencies all met for dep_context=non-requeueable deps ti=<TaskInstance: daily_weather_etl.run_main_script scheduled__2025-04-04T07:00:00+00:00 [queued]>
[2025-04-07T07:00:02.449+0000] {taskinstance.py:2614} INFO - Dependencies all met for dep_context=requeueable deps ti=<TaskInstance: daily_weather_etl.run_main_script scheduled__2025-04-04T07:00:00+00:00 [queued]>
[2025-04-07T07:00:02.450+0000] {taskinstance.py:2867} INFO - Starting attempt 1 of 2
[2025-04-07T07:00:02.465+0000] {taskinstance.py:2890} INFO - Executing <Task(BashOperator): run_main_script> on 2025-04-04 07:00:00+00:00
[2025-04-07T07:00:02.473+0000] {standard_task_runner.py:72} INFO - Started process 3308 to run task
[2025-04-07T07:00:02.477+0000] {standard_task_runner.py:104} INFO - Running: ['***', 'tasks', 'run', 'daily_weather_etl', 'run_main_script', 'scheduled__2025-04-04T07:00:00+00:00', '--job-id', '229', '--raw', '--subdir', 'DAGS_FOLDER/weather_dag.py', '--cfg-path', '/tmp/tmpf1a2kj2i']
[2025-04-07T07:00:02.479+0000] {standard_task_runner.py:105} INFO - Job 229: Subtask run_main_script
[2025-04-07T07:00:02.521+0000] {task_command.py:467} INFO - Running <TaskInstance: daily_weather_etl.run_main_script scheduled__2025-04-04T07:00:00+00:00 [running]> on host 3c3c1f66214b
[2025-04-07T07:00:02.590+0000] {taskinstance.py:3134} INFO - Exporting env vars: AIRFLOW_CTX_DAG_OWNER='***' AIRFLOW_CTX_DAG_ID='daily_weather_etl' AIRFLOW_CTX_TASK_ID='run_main_script' AIRFLOW_CTX_EXECUTION_DATE='2025-04-04T07:00:00+00:00' AIRFLOW_CTX_TRY_NUMBER='1' AIRFLOW_CTX_DAG_RUN_ID='scheduled__2025-04-04T07:00:00+00:00'
[2025-04-07T07:00:02.592+0000] {logging_mixin.py:190} INFO - Task instance is in running state
[2025-04-07T07:00:02.593+0000] {logging_mixin.py:190} INFO -  Previous state of the Task instance: queued
[2025-04-07T07:00:02.594+0000] {logging_mixin.py:190} INFO - Current task name:run_main_script state:running start_date:2025-04-07 07:00:02.439798+00:00
[2025-04-07T07:00:02.595+0000] {logging_mixin.py:190} INFO - Dag name:daily_weather_etl and current dag run status:running
[2025-04-07T07:00:02.596+0000] {taskinstance.py:732} INFO - ::endgroup::
[2025-04-07T07:00:02.598+0000] {subprocess.py:78} INFO - Tmp dir root location: /tmp
[2025-04-07T07:00:02.599+0000] {subprocess.py:88} INFO - Running command: ['/usr/bin/bash', '-c', 'python /opt/***/dags/main.py']
[2025-04-07T07:00:02.610+0000] {subprocess.py:99} INFO - Output:
[2025-04-07T07:00:05.076+0000] {subprocess.py:106} INFO - 25/04/07 07:00:05 WARN NativeCodeLoader: Unable to load native-hadoop library for your platform... using builtin-java classes where applicable
[2025-04-07T07:00:05.261+0000] {subprocess.py:106} INFO - Setting default log level to "WARN".
[2025-04-07T07:00:05.262+0000] {subprocess.py:106} INFO - To adjust logging level use sc.setLogLevel(newLevel). For SparkR, use setLogLevel(newLevel).
[2025-04-07T07:00:07.126+0000] {subprocess.py:106} INFO - Ciudades registradas:
[2025-04-07T07:00:07.674+0000] {subprocess.py:110} INFO - Command exited with return code 0
[2025-04-07T07:00:07.702+0000] {taskinstance.py:341} INFO - ::group::Post task execution logs
[2025-04-07T07:00:07.704+0000] {taskinstance.py:353} INFO - Marking task as SUCCESS. dag_id=daily_weather_etl, task_id=run_main_script, run_id=scheduled__2025-04-04T07:00:00+00:00, execution_date=20250404T070000, start_date=20250407T070002, end_date=20250407T070007
[2025-04-07T07:00:07.731+0000] {logging_mixin.py:190} INFO - Task instance in success state
[2025-04-07T07:00:07.732+0000] {logging_mixin.py:190} INFO -  Previous state of the Task instance: running
[2025-04-07T07:00:07.733+0000] {logging_mixin.py:190} INFO - Dag name:daily_weather_etl queued_at:2025-04-07 07:00:00.914090+00:00
[2025-04-07T07:00:07.734+0000] {logging_mixin.py:190} INFO - Task hostname:3c3c1f66214b operator:BashOperator
[2025-04-07T07:00:07.746+0000] {local_task_job_runner.py:266} INFO - Task exited with return code 0
[2025-04-07T07:00:07.777+0000] {taskinstance.py:3901} INFO - 1 downstream tasks scheduled from follow-on schedule check
[2025-04-07T07:00:07.779+0000] {local_task_job_runner.py:245} INFO - ::endgroup::
