[2025-03-30T21:24:36.490+0000] {local_task_job_runner.py:123} INFO - ::group::Pre task execution logs
[2025-03-30T21:24:36.612+0000] {taskinstance.py:2614} INFO - Dependencies all met for dep_context=non-requeueable deps ti=<TaskInstance: daily_weather_etl.run_main_script manual__2025-03-30T21:24:34.709346+00:00 [queued]>
[2025-03-30T21:24:36.623+0000] {taskinstance.py:2614} INFO - Dependencies all met for dep_context=requeueable deps ti=<TaskInstance: daily_weather_etl.run_main_script manual__2025-03-30T21:24:34.709346+00:00 [queued]>
[2025-03-30T21:24:36.625+0000] {taskinstance.py:2867} INFO - Starting attempt 1 of 2
[2025-03-30T21:24:36.640+0000] {taskinstance.py:2890} INFO - Executing <Task(BashOperator): run_main_script> on 2025-03-30 21:24:34.709346+00:00
[2025-03-30T21:24:36.645+0000] {standard_task_runner.py:72} INFO - Started process 501 to run task
[2025-03-30T21:24:36.648+0000] {standard_task_runner.py:104} INFO - Running: ['***', 'tasks', 'run', 'daily_weather_etl', 'run_main_script', 'manual__2025-03-30T21:24:34.709346+00:00', '--job-id', '154', '--raw', '--subdir', 'DAGS_FOLDER/weather_dag.py', '--cfg-path', '/tmp/tmpnayrvw44']
[2025-03-30T21:24:36.650+0000] {standard_task_runner.py:105} INFO - Job 154: Subtask run_main_script
[2025-03-30T21:24:36.693+0000] {task_command.py:467} INFO - Running <TaskInstance: daily_weather_etl.run_main_script manual__2025-03-30T21:24:34.709346+00:00 [running]> on host 3c3c1f66214b
[2025-03-30T21:24:36.768+0000] {taskinstance.py:3134} INFO - Exporting env vars: AIRFLOW_CTX_DAG_OWNER='***' AIRFLOW_CTX_DAG_ID='daily_weather_etl' AIRFLOW_CTX_TASK_ID='run_main_script' AIRFLOW_CTX_EXECUTION_DATE='2025-03-30T21:24:34.709346+00:00' AIRFLOW_CTX_TRY_NUMBER='1' AIRFLOW_CTX_DAG_RUN_ID='manual__2025-03-30T21:24:34.709346+00:00'
[2025-03-30T21:24:36.769+0000] {logging_mixin.py:190} INFO - Task instance is in running state
[2025-03-30T21:24:36.770+0000] {logging_mixin.py:190} INFO -  Previous state of the Task instance: queued
[2025-03-30T21:24:36.771+0000] {logging_mixin.py:190} INFO - Current task name:run_main_script state:running start_date:2025-03-30 21:24:36.613998+00:00
[2025-03-30T21:24:36.771+0000] {logging_mixin.py:190} INFO - Dag name:daily_weather_etl and current dag run status:running
[2025-03-30T21:24:36.772+0000] {taskinstance.py:732} INFO - ::endgroup::
[2025-03-30T21:24:36.773+0000] {subprocess.py:78} INFO - Tmp dir root location: /tmp
[2025-03-30T21:24:36.774+0000] {subprocess.py:88} INFO - Running command: ['/usr/bin/bash', '-c', 'python /opt/***/dags/main.py']
[2025-03-30T21:24:36.782+0000] {subprocess.py:99} INFO - Output:
[2025-03-30T21:24:39.302+0000] {subprocess.py:106} INFO - 25/03/30 21:24:39 WARN NativeCodeLoader: Unable to load native-hadoop library for your platform... using builtin-java classes where applicable
[2025-03-30T21:24:39.449+0000] {subprocess.py:106} INFO - Setting default log level to "WARN".
[2025-03-30T21:24:39.450+0000] {subprocess.py:106} INFO - To adjust logging level use sc.setLogLevel(newLevel). For SparkR, use setLogLevel(newLevel).
[2025-03-30T21:24:52.681+0000] {subprocess.py:106} INFO - [Stage 0:>                                                          (0 + 8) / 8]                                                                                Ciudades registradas:
[2025-03-30T21:24:52.682+0000] {subprocess.py:106} INFO - Vamos a crear un histórico de valencia
[2025-03-30T21:24:52.683+0000] {subprocess.py:106} INFO - +--------+----------+-----+-----------+--------+--------+---------+---------+-------------+----------------------------------------------+
[2025-03-30T21:24:52.684+0000] {subprocess.py:106} INFO - |city    |date      |time |temperature|wind_kph|humidity|feelslike|precip_mm|text         |icon                                          |
[2025-03-30T21:24:52.685+0000] {subprocess.py:106} INFO - +--------+----------+-----+-----------+--------+--------+---------+---------+-------------+----------------------------------------------+
[2025-03-30T21:24:52.686+0000] {subprocess.py:106} INFO - |valencia|2021-01-01|04:00|7.1        |5.4     |77      |7.1      |0.0      |Partly Cloudy|//cdn.weatherapi.com/weather/64x64/day/116.png|
[2025-03-30T21:24:52.687+0000] {subprocess.py:106} INFO - |valencia|2021-01-01|09:00|7.4        |15.6    |73      |7.4      |0.3      |Light Drizzle|//cdn.weatherapi.com/weather/64x64/day/176.png|
[2025-03-30T21:24:52.688+0000] {subprocess.py:106} INFO - |valencia|2021-01-01|15:00|12.1       |15.4    |42      |12.1     |0.0      |Partly Cloudy|//cdn.weatherapi.com/weather/64x64/day/116.png|
[2025-03-30T21:24:52.689+0000] {subprocess.py:106} INFO - |valencia|2021-01-01|22:00|8.1        |19.7    |50      |8.1      |0.0      |Sunny        |//cdn.weatherapi.com/weather/64x64/day/113.png|
[2025-03-30T21:24:52.690+0000] {subprocess.py:106} INFO - |valencia|2021-01-02|04:00|5.7        |14.8    |55      |5.7      |0.0      |Sunny        |//cdn.weatherapi.com/weather/64x64/day/113.png|
[2025-03-30T21:24:52.690+0000] {subprocess.py:106} INFO - |valencia|2021-01-02|09:00|4.7        |19.2    |42      |4.7      |0.0      |Sunny        |//cdn.weatherapi.com/weather/64x64/day/113.png|
[2025-03-30T21:24:52.691+0000] {subprocess.py:106} INFO - |valencia|2021-01-02|15:00|11.0       |18.2    |33      |11.0     |0.0      |Partly Cloudy|//cdn.weatherapi.com/weather/64x64/day/116.png|
[2025-03-30T21:24:52.693+0000] {subprocess.py:106} INFO - |valencia|2021-01-02|22:00|6.4        |14.8    |34      |6.4      |0.0      |Cloudy       |//cdn.weatherapi.com/weather/64x64/day/119.png|
[2025-03-30T21:24:52.694+0000] {subprocess.py:106} INFO - |valencia|2021-01-03|04:00|5.3        |12.0    |50      |5.3      |0.0      |Sunny        |//cdn.weatherapi.com/weather/64x64/day/113.png|
[2025-03-30T21:24:52.695+0000] {subprocess.py:106} INFO - |valencia|2021-01-03|09:00|3.9        |11.4    |48      |3.9      |0.0      |Sunny        |//cdn.weatherapi.com/weather/64x64/day/113.png|
[2025-03-30T21:24:52.696+0000] {subprocess.py:106} INFO - |valencia|2021-01-03|15:00|12.5       |18.0    |31      |12.5     |0.0      |Sunny        |//cdn.weatherapi.com/weather/64x64/day/113.png|
[2025-03-30T21:24:52.697+0000] {subprocess.py:106} INFO - |valencia|2021-01-03|22:00|7.4        |15.0    |46      |7.4      |0.0      |Sunny        |//cdn.weatherapi.com/weather/64x64/day/113.png|
[2025-03-30T21:24:52.698+0000] {subprocess.py:106} INFO - |valencia|2021-01-04|04:00|5.9        |14.4    |56      |5.9      |0.0      |Sunny        |//cdn.weatherapi.com/weather/64x64/day/113.png|
[2025-03-30T21:24:52.699+0000] {subprocess.py:106} INFO - |valencia|2021-01-04|09:00|4.9        |13.6    |66      |4.9      |0.0      |Sunny        |//cdn.weatherapi.com/weather/64x64/day/113.png|
[2025-03-30T21:24:52.700+0000] {subprocess.py:106} INFO - |valencia|2021-01-04|15:00|11.9       |19.8    |34      |11.9     |0.0      |Sunny        |//cdn.weatherapi.com/weather/64x64/day/113.png|
[2025-03-30T21:24:52.701+0000] {subprocess.py:106} INFO - |valencia|2021-01-04|22:00|6.0        |13.7    |55      |6.0      |0.0      |Sunny        |//cdn.weatherapi.com/weather/64x64/day/113.png|
[2025-03-30T21:24:52.703+0000] {subprocess.py:106} INFO - |valencia|2021-01-05|04:00|3.8        |13.1    |60      |3.8      |0.0      |Sunny        |//cdn.weatherapi.com/weather/64x64/day/113.png|
[2025-03-30T21:24:52.705+0000] {subprocess.py:106} INFO - |valencia|2021-01-05|09:00|1.1        |9.0     |67      |1.1      |0.0      |Sunny        |//cdn.weatherapi.com/weather/64x64/day/113.png|
[2025-03-30T21:24:52.706+0000] {subprocess.py:106} INFO - |valencia|2021-01-05|15:00|11.1       |5.6     |37      |11.1     |0.0      |Sunny        |//cdn.weatherapi.com/weather/64x64/day/113.png|
[2025-03-30T21:24:52.712+0000] {subprocess.py:106} INFO - |valencia|2021-01-05|22:00|3.8        |6.5     |71      |3.8      |0.0      |Sunny        |//cdn.weatherapi.com/weather/64x64/day/113.png|
[2025-03-30T21:24:52.716+0000] {subprocess.py:106} INFO - +--------+----------+-----+-----------+--------+--------+---------+---------+-------------+----------------------------------------------+
[2025-03-30T21:24:52.717+0000] {subprocess.py:106} INFO - only showing top 20 rows
[2025-03-30T21:24:52.719+0000] {subprocess.py:106} INFO - 
[2025-03-30T21:24:52.720+0000] {subprocess.py:106} INFO - Error: 'float' object has no attribute 'replace'
[2025-03-30T21:24:53.255+0000] {subprocess.py:110} INFO - Command exited with return code 0
[2025-03-30T21:24:53.279+0000] {taskinstance.py:341} INFO - ::group::Post task execution logs
[2025-03-30T21:24:53.280+0000] {taskinstance.py:353} INFO - Marking task as SUCCESS. dag_id=daily_weather_etl, task_id=run_main_script, run_id=manual__2025-03-30T21:24:34.709346+00:00, execution_date=20250330T212434, start_date=20250330T212436, end_date=20250330T212453
[2025-03-30T21:24:53.305+0000] {logging_mixin.py:190} INFO - Task instance in success state
[2025-03-30T21:24:53.306+0000] {logging_mixin.py:190} INFO -  Previous state of the Task instance: running
[2025-03-30T21:24:53.308+0000] {logging_mixin.py:190} INFO - Dag name:daily_weather_etl queued_at:2025-03-30 21:24:34.727064+00:00
[2025-03-30T21:24:53.309+0000] {logging_mixin.py:190} INFO - Task hostname:3c3c1f66214b operator:BashOperator
[2025-03-30T21:24:53.326+0000] {local_task_job_runner.py:266} INFO - Task exited with return code 0
[2025-03-30T21:24:53.342+0000] {taskinstance.py:3901} INFO - 0 downstream tasks scheduled from follow-on schedule check
[2025-03-30T21:24:53.346+0000] {local_task_job_runner.py:245} INFO - ::endgroup::
