[2025-03-30T10:31:03.918+0000] {local_task_job_runner.py:123} INFO - ::group::Pre task execution logs
[2025-03-30T10:31:04.127+0000] {taskinstance.py:2614} INFO - Dependencies all met for dep_context=non-requeueable deps ti=<TaskInstance: daily_weather_etl.run_main_script scheduled__2025-03-29T08:00:00+00:00 [queued]>
[2025-03-30T10:31:04.141+0000] {taskinstance.py:2614} INFO - Dependencies all met for dep_context=requeueable deps ti=<TaskInstance: daily_weather_etl.run_main_script scheduled__2025-03-29T08:00:00+00:00 [queued]>
[2025-03-30T10:31:04.142+0000] {taskinstance.py:2867} INFO - Starting attempt 2 of 2
[2025-03-30T10:31:04.163+0000] {taskinstance.py:2890} INFO - Executing <Task(BashOperator): run_main_script> on 2025-03-29 08:00:00+00:00
[2025-03-30T10:31:04.170+0000] {standard_task_runner.py:72} INFO - Started process 80 to run task
[2025-03-30T10:31:04.176+0000] {standard_task_runner.py:104} INFO - Running: ['***', 'tasks', 'run', 'daily_weather_etl', 'run_main_script', 'scheduled__2025-03-29T08:00:00+00:00', '--job-id', '143', '--raw', '--subdir', 'DAGS_FOLDER/weather_dag.py', '--cfg-path', '/tmp/tmp2bewsokp']
[2025-03-30T10:31:04.179+0000] {standard_task_runner.py:105} INFO - Job 143: Subtask run_main_script
[2025-03-30T10:31:04.258+0000] {task_command.py:467} INFO - Running <TaskInstance: daily_weather_etl.run_main_script scheduled__2025-03-29T08:00:00+00:00 [running]> on host 3c3c1f66214b
[2025-03-30T10:31:04.396+0000] {taskinstance.py:3134} INFO - Exporting env vars: AIRFLOW_CTX_DAG_OWNER='***' AIRFLOW_CTX_DAG_ID='daily_weather_etl' AIRFLOW_CTX_TASK_ID='run_main_script' AIRFLOW_CTX_EXECUTION_DATE='2025-03-29T08:00:00+00:00' AIRFLOW_CTX_TRY_NUMBER='2' AIRFLOW_CTX_DAG_RUN_ID='scheduled__2025-03-29T08:00:00+00:00'
[2025-03-30T10:31:04.399+0000] {logging_mixin.py:190} INFO - Task instance is in running state
[2025-03-30T10:31:04.401+0000] {logging_mixin.py:190} INFO -  Previous state of the Task instance: queued
[2025-03-30T10:31:04.402+0000] {logging_mixin.py:190} INFO - Current task name:run_main_script state:running start_date:2025-03-30 10:31:04.128968+00:00
[2025-03-30T10:31:04.403+0000] {logging_mixin.py:190} INFO - Dag name:daily_weather_etl and current dag run status:running
[2025-03-30T10:31:04.405+0000] {taskinstance.py:732} INFO - ::endgroup::
[2025-03-30T10:31:04.407+0000] {subprocess.py:78} INFO - Tmp dir root location: /tmp
[2025-03-30T10:31:04.410+0000] {subprocess.py:88} INFO - Running command: ['/usr/bin/bash', '-c', 'python /opt/***/dags/main.py']
[2025-03-30T10:31:04.428+0000] {subprocess.py:99} INFO - Output:
[2025-03-30T10:31:15.813+0000] {subprocess.py:106} INFO - 25/03/30 10:31:15 WARN NativeCodeLoader: Unable to load native-hadoop library for your platform... using builtin-java classes where applicable
[2025-03-30T10:31:16.339+0000] {subprocess.py:106} INFO - Setting default log level to "WARN".
[2025-03-30T10:31:16.341+0000] {subprocess.py:106} INFO - To adjust logging level use sc.setLogLevel(newLevel). For SparkR, use setLogLevel(newLevel).
[2025-03-30T10:31:18.155+0000] {subprocess.py:106} INFO - 25/03/30 10:31:18 WARN Utils: Service 'SparkUI' could not bind on port 4040. Attempting port 4041.
[2025-03-30T10:31:20.395+0000] {subprocess.py:106} INFO - Ciudades registradas:
[2025-03-30T10:31:21.080+0000] {subprocess.py:110} INFO - Command exited with return code 0
[2025-03-30T10:31:21.176+0000] {taskinstance.py:341} INFO - ::group::Post task execution logs
[2025-03-30T10:31:21.181+0000] {taskinstance.py:353} INFO - Marking task as SUCCESS. dag_id=daily_weather_etl, task_id=run_main_script, run_id=scheduled__2025-03-29T08:00:00+00:00, execution_date=20250329T080000, start_date=20250330T103104, end_date=20250330T103121
[2025-03-30T10:31:21.277+0000] {logging_mixin.py:190} INFO - Task instance in success state
[2025-03-30T10:31:21.281+0000] {logging_mixin.py:190} INFO -  Previous state of the Task instance: running
[2025-03-30T10:31:21.283+0000] {logging_mixin.py:190} INFO - Dag name:daily_weather_etl queued_at:2025-03-30 10:25:52.225372+00:00
[2025-03-30T10:31:21.285+0000] {logging_mixin.py:190} INFO - Task hostname:3c3c1f66214b operator:BashOperator
[2025-03-30T10:31:21.337+0000] {local_task_job_runner.py:266} INFO - Task exited with return code 0
[2025-03-30T10:31:21.383+0000] {taskinstance.py:3901} INFO - 1 downstream tasks scheduled from follow-on schedule check
[2025-03-30T10:31:21.387+0000] {local_task_job_runner.py:245} INFO - ::endgroup::
