[2025-03-31T06:41:23.302+0000] {local_task_job_runner.py:123} INFO - ::group::Pre task execution logs
[2025-03-31T06:41:23.431+0000] {taskinstance.py:2614} INFO - Dependencies all met for dep_context=non-requeueable deps ti=<TaskInstance: daily_weather_etl.run_minio_script manual__2025-03-31T06:41:14.771344+00:00 [queued]>
[2025-03-31T06:41:23.443+0000] {taskinstance.py:2614} INFO - Dependencies all met for dep_context=requeueable deps ti=<TaskInstance: daily_weather_etl.run_minio_script manual__2025-03-31T06:41:14.771344+00:00 [queued]>
[2025-03-31T06:41:23.446+0000] {taskinstance.py:2867} INFO - Starting attempt 1 of 2
[2025-03-31T06:41:23.463+0000] {taskinstance.py:2890} INFO - Executing <Task(BashOperator): run_minio_script> on 2025-03-31 06:41:14.771344+00:00
[2025-03-31T06:41:23.468+0000] {standard_task_runner.py:72} INFO - Started process 2620 to run task
[2025-03-31T06:41:23.472+0000] {standard_task_runner.py:104} INFO - Running: ['***', 'tasks', 'run', 'daily_weather_etl', 'run_minio_script', 'manual__2025-03-31T06:41:14.771344+00:00', '--job-id', '176', '--raw', '--subdir', 'DAGS_FOLDER/weather_dag.py', '--cfg-path', '/tmp/tmp3cmuv7o7']
[2025-03-31T06:41:23.474+0000] {standard_task_runner.py:105} INFO - Job 176: Subtask run_minio_script
[2025-03-31T06:41:23.521+0000] {task_command.py:467} INFO - Running <TaskInstance: daily_weather_etl.run_minio_script manual__2025-03-31T06:41:14.771344+00:00 [running]> on host 3c3c1f66214b
[2025-03-31T06:41:23.594+0000] {taskinstance.py:3134} INFO - Exporting env vars: AIRFLOW_CTX_DAG_OWNER='***' AIRFLOW_CTX_DAG_ID='daily_weather_etl' AIRFLOW_CTX_TASK_ID='run_minio_script' AIRFLOW_CTX_EXECUTION_DATE='2025-03-31T06:41:14.771344+00:00' AIRFLOW_CTX_TRY_NUMBER='1' AIRFLOW_CTX_DAG_RUN_ID='manual__2025-03-31T06:41:14.771344+00:00'
[2025-03-31T06:41:23.596+0000] {logging_mixin.py:190} INFO - Task instance is in running state
[2025-03-31T06:41:23.597+0000] {logging_mixin.py:190} INFO -  Previous state of the Task instance: queued
[2025-03-31T06:41:23.598+0000] {logging_mixin.py:190} INFO - Current task name:run_minio_script state:running start_date:2025-03-31 06:41:23.433121+00:00
[2025-03-31T06:41:23.598+0000] {logging_mixin.py:190} INFO - Dag name:daily_weather_etl and current dag run status:running
[2025-03-31T06:41:23.599+0000] {taskinstance.py:732} INFO - ::endgroup::
[2025-03-31T06:41:23.600+0000] {subprocess.py:78} INFO - Tmp dir root location: /tmp
[2025-03-31T06:41:23.601+0000] {subprocess.py:88} INFO - Running command: ['/usr/bin/bash', '-c', 'python /opt/***/dags/minio.py']
[2025-03-31T06:41:23.610+0000] {subprocess.py:99} INFO - Output:
[2025-03-31T06:41:25.955+0000] {subprocess.py:106} INFO - Setting default log level to "WARN".
[2025-03-31T06:41:25.956+0000] {subprocess.py:106} INFO - To adjust logging level use sc.setLogLevel(newLevel). For SparkR, use setLogLevel(newLevel).
[2025-03-31T06:41:26.103+0000] {subprocess.py:106} INFO - 25/03/31 06:41:26 WARN NativeCodeLoader: Unable to load native-hadoop library for your platform... using builtin-java classes where applicable
[2025-03-31T06:41:27.686+0000] {subprocess.py:106} INFO - Ciudad: elche, latitud: 38.26, longitud: -0.7
[2025-03-31T06:41:27.687+0000] {subprocess.py:106} INFO - Ciudad: madrid, latitud: 40.41, longitud: -3.7
[2025-03-31T06:41:27.688+0000] {subprocess.py:106} INFO - Ciudad: san juan de alicante, latitud: 38.4, longitud: -0.43
[2025-03-31T06:41:27.689+0000] {subprocess.py:106} INFO - Ciudad: torrevieja, latitud: 37.97, longitud: -0.68
[2025-03-31T06:41:27.690+0000] {subprocess.py:106} INFO - Ciudad: valencia, latitud: 39.47, longitud: -0.37
[2025-03-31T06:41:28.201+0000] {subprocess.py:110} INFO - Command exited with return code 0
[2025-03-31T06:41:28.223+0000] {taskinstance.py:341} INFO - ::group::Post task execution logs
[2025-03-31T06:41:28.226+0000] {taskinstance.py:353} INFO - Marking task as SUCCESS. dag_id=daily_weather_etl, task_id=run_minio_script, run_id=manual__2025-03-31T06:41:14.771344+00:00, execution_date=20250331T064114, start_date=20250331T064123, end_date=20250331T064128
[2025-03-31T06:41:28.250+0000] {logging_mixin.py:190} INFO - Task instance in success state
[2025-03-31T06:41:28.251+0000] {logging_mixin.py:190} INFO -  Previous state of the Task instance: running
[2025-03-31T06:41:28.252+0000] {logging_mixin.py:190} INFO - Dag name:daily_weather_etl queued_at:2025-03-31 06:41:14.788434+00:00
[2025-03-31T06:41:28.253+0000] {logging_mixin.py:190} INFO - Task hostname:3c3c1f66214b operator:BashOperator
[2025-03-31T06:41:28.301+0000] {local_task_job_runner.py:266} INFO - Task exited with return code 0
[2025-03-31T06:41:28.316+0000] {taskinstance.py:3901} INFO - 0 downstream tasks scheduled from follow-on schedule check
[2025-03-31T06:41:28.320+0000] {local_task_job_runner.py:245} INFO - ::endgroup::
