[2025-04-15T07:00:13.608+0000] {local_task_job_runner.py:123} INFO - ::group::Pre task execution logs
[2025-04-15T07:00:13.749+0000] {taskinstance.py:2614} INFO - Dependencies all met for dep_context=non-requeueable deps ti=<TaskInstance: daily_weather_etl.run_minio_script scheduled__2025-04-14T07:00:00+00:00 [queued]>
[2025-04-15T07:00:13.764+0000] {taskinstance.py:2614} INFO - Dependencies all met for dep_context=requeueable deps ti=<TaskInstance: daily_weather_etl.run_minio_script scheduled__2025-04-14T07:00:00+00:00 [queued]>
[2025-04-15T07:00:13.765+0000] {taskinstance.py:2867} INFO - Starting attempt 1 of 2
[2025-04-15T07:00:13.779+0000] {taskinstance.py:2890} INFO - Executing <Task(BashOperator): run_minio_script> on 2025-04-14 07:00:00+00:00
[2025-04-15T07:00:13.786+0000] {standard_task_runner.py:72} INFO - Started process 216 to run task
[2025-04-15T07:00:13.789+0000] {standard_task_runner.py:104} INFO - Running: ['***', 'tasks', 'run', 'daily_weather_etl', 'run_minio_script', 'scheduled__2025-04-14T07:00:00+00:00', '--job-id', '293', '--raw', '--subdir', 'DAGS_FOLDER/weather_dag.py', '--cfg-path', '/tmp/tmpubkc9hpv']
[2025-04-15T07:00:13.791+0000] {standard_task_runner.py:105} INFO - Job 293: Subtask run_minio_script
[2025-04-15T07:00:13.841+0000] {task_command.py:467} INFO - Running <TaskInstance: daily_weather_etl.run_minio_script scheduled__2025-04-14T07:00:00+00:00 [running]> on host 3c3c1f66214b
[2025-04-15T07:00:13.962+0000] {taskinstance.py:3134} INFO - Exporting env vars: AIRFLOW_CTX_DAG_OWNER='***' AIRFLOW_CTX_DAG_ID='daily_weather_etl' AIRFLOW_CTX_TASK_ID='run_minio_script' AIRFLOW_CTX_EXECUTION_DATE='2025-04-14T07:00:00+00:00' AIRFLOW_CTX_TRY_NUMBER='1' AIRFLOW_CTX_DAG_RUN_ID='scheduled__2025-04-14T07:00:00+00:00'
[2025-04-15T07:00:13.966+0000] {logging_mixin.py:190} INFO - Task instance is in running state
[2025-04-15T07:00:13.967+0000] {logging_mixin.py:190} INFO -  Previous state of the Task instance: queued
[2025-04-15T07:00:13.968+0000] {logging_mixin.py:190} INFO - Current task name:run_minio_script state:running start_date:2025-04-15 07:00:13.750936+00:00
[2025-04-15T07:00:13.969+0000] {logging_mixin.py:190} INFO - Dag name:daily_weather_etl and current dag run status:running
[2025-04-15T07:00:13.971+0000] {taskinstance.py:732} INFO - ::endgroup::
[2025-04-15T07:00:13.975+0000] {subprocess.py:78} INFO - Tmp dir root location: /tmp
[2025-04-15T07:00:13.977+0000] {subprocess.py:88} INFO - Running command: ['/usr/bin/bash', '-c', 'python /opt/***/dags/minio.py']
[2025-04-15T07:00:13.998+0000] {subprocess.py:99} INFO - Output:
[2025-04-15T07:00:16.358+0000] {subprocess.py:106} INFO - Setting default log level to "WARN".
[2025-04-15T07:00:16.361+0000] {subprocess.py:106} INFO - To adjust logging level use sc.setLogLevel(newLevel). For SparkR, use setLogLevel(newLevel).
[2025-04-15T07:00:16.610+0000] {subprocess.py:106} INFO - 25/04/15 07:00:16 WARN NativeCodeLoader: Unable to load native-hadoop library for your platform... using builtin-java classes where applicable
[2025-04-15T07:00:36.018+0000] {subprocess.py:106} INFO - [Stage 0:>                                                          (0 + 8) / 8]                                                                                [Stage 6:>                                                          (0 + 8) / 8][Stage 6:=======>                                                   (1 + 7) / 8][Stage 6:=======>           (3 + 5) / 8][Stage 7:>                  (0 + 3) / 8][Stage 7:>                                                          (0 + 8) / 8]                                                                                [Stage 58:>                                                         (0 + 1) / 1]                                                                                +-----+-------------------+-----------+--------+--------+---------+---------+----------------+
[2025-04-15T07:00:36.020+0000] {subprocess.py:106} INFO - |city |local_time         |temperature|wind_kph|humidity|feelslike|precip_mm|text            |
[2025-04-15T07:00:36.021+0000] {subprocess.py:106} INFO - +-----+-------------------+-----------+--------+--------+---------+---------+----------------+
[2025-04-15T07:00:36.022+0000] {subprocess.py:106} INFO - |elche|2025-04-13 04:00:00|16.1       |5.1     |87      |16.1     |0.0      |Cloudy          |
[2025-04-15T07:00:36.023+0000] {subprocess.py:106} INFO - |elche|2025-04-13 09:00:00|17.2       |10.7    |71      |17.2     |0.0      |Cloudy          |
[2025-04-15T07:00:36.024+0000] {subprocess.py:106} INFO - |elche|2025-04-13 15:00:00|19.2       |5.9     |70      |19.2     |0.6      |Moderate Drizzle|
[2025-04-15T07:00:36.025+0000] {subprocess.py:106} INFO - |elche|2025-04-13 22:00:00|16.5       |3.3     |96      |16.5     |0.0      |Cloudy          |
[2025-04-15T07:00:36.026+0000] {subprocess.py:106} INFO - +-----+-------------------+-----------+--------+--------+---------+---------+----------------+
[2025-04-15T07:00:36.027+0000] {subprocess.py:106} INFO - 
[2025-04-15T07:00:36.028+0000] {subprocess.py:106} INFO - +------+-------------------+-----------+--------+--------+---------+---------+-------------+
[2025-04-15T07:00:36.029+0000] {subprocess.py:106} INFO - |city  |local_time         |temperature|wind_kph|humidity|feelslike|precip_mm|text         |
[2025-04-15T07:00:36.030+0000] {subprocess.py:106} INFO - +------+-------------------+-----------+--------+--------+---------+---------+-------------+
[2025-04-15T07:00:36.031+0000] {subprocess.py:106} INFO - |madrid|2025-04-13 04:00:00|11.4       |3.9     |96      |11.4     |0.1      |Light Drizzle|
[2025-04-15T07:00:36.031+0000] {subprocess.py:106} INFO - |madrid|2025-04-13 09:00:00|10.8       |3.7     |97      |10.8     |0.0      |Cloudy       |
[2025-04-15T07:00:36.032+0000] {subprocess.py:106} INFO - |madrid|2025-04-13 15:00:00|14.0       |6.0     |77      |14.0     |6.3      |Moderate Rain|
[2025-04-15T07:00:36.033+0000] {subprocess.py:106} INFO - |madrid|2025-04-13 22:00:00|13.1       |2.3     |87      |13.1     |0.0      |Mostly Clear |
[2025-04-15T07:00:36.034+0000] {subprocess.py:106} INFO - +------+-------------------+-----------+--------+--------+---------+---------+-------------+
[2025-04-15T07:00:36.035+0000] {subprocess.py:106} INFO - 
[2025-04-15T07:00:36.036+0000] {subprocess.py:106} INFO - +--------------------+-------------------+-----------+--------+--------+---------+---------+----------------+
[2025-04-15T07:00:36.036+0000] {subprocess.py:106} INFO - |city                |local_time         |temperature|wind_kph|humidity|feelslike|precip_mm|text            |
[2025-04-15T07:00:36.038+0000] {subprocess.py:106} INFO - +--------------------+-------------------+-----------+--------+--------+---------+---------+----------------+
[2025-04-15T07:00:36.039+0000] {subprocess.py:106} INFO - |san juan de alicante|2025-04-13 04:00:00|15.6       |2.2     |80      |15.6     |0.0      |Cloudy          |
[2025-04-15T07:00:36.040+0000] {subprocess.py:106} INFO - |san juan de alicante|2025-04-13 09:00:00|16.6       |5.6     |76      |16.6     |0.0      |Cloudy          |
[2025-04-15T07:00:36.041+0000] {subprocess.py:106} INFO - |san juan de alicante|2025-04-13 15:00:00|20.4       |8.2     |61      |20.4     |0.8      |Moderate Drizzle|
[2025-04-15T07:00:36.042+0000] {subprocess.py:106} INFO - |san juan de alicante|2025-04-13 22:00:00|16.6       |2.7     |94      |16.6     |0.0      |Cloudy          |
[2025-04-15T07:00:36.043+0000] {subprocess.py:106} INFO - +--------------------+-------------------+-----------+--------+--------+---------+---------+----------------+
[2025-04-15T07:00:36.044+0000] {subprocess.py:106} INFO - 
[2025-04-15T07:00:36.044+0000] {subprocess.py:106} INFO - +----------+-------------------+-----------+--------+--------+---------+---------+----------------+
[2025-04-15T07:00:36.045+0000] {subprocess.py:106} INFO - |city      |local_time         |temperature|wind_kph|humidity|feelslike|precip_mm|text            |
[2025-04-15T07:00:36.046+0000] {subprocess.py:106} INFO - +----------+-------------------+-----------+--------+--------+---------+---------+----------------+
[2025-04-15T07:00:36.047+0000] {subprocess.py:106} INFO - |torrevieja|2025-04-13 04:00:00|15.3       |3.8     |97      |15.3     |0.0      |Cloudy          |
[2025-04-15T07:00:36.048+0000] {subprocess.py:106} INFO - |torrevieja|2025-04-13 09:00:00|15.8       |9.0     |91      |15.8     |0.0      |Cloudy          |
[2025-04-15T07:00:36.049+0000] {subprocess.py:106} INFO - |torrevieja|2025-04-13 15:00:00|19.5       |5.2     |84      |19.5     |0.5      |Moderate Drizzle|
[2025-04-15T07:00:36.050+0000] {subprocess.py:106} INFO - |torrevieja|2025-04-13 22:00:00|16.8       |0.6     |95      |16.8     |0.3      |Light Drizzle   |
[2025-04-15T07:00:36.050+0000] {subprocess.py:106} INFO - +----------+-------------------+-----------+--------+--------+---------+---------+----------------+
[2025-04-15T07:00:36.051+0000] {subprocess.py:106} INFO - 
[2025-04-15T07:00:36.052+0000] {subprocess.py:106} INFO - +--------+-------------------+-----------+--------+--------+---------+---------+------------+
[2025-04-15T07:00:36.053+0000] {subprocess.py:106} INFO - |city    |local_time         |temperature|wind_kph|humidity|feelslike|precip_mm|text        |
[2025-04-15T07:00:36.054+0000] {subprocess.py:106} INFO - +--------+-------------------+-----------+--------+--------+---------+---------+------------+
[2025-04-15T07:00:36.055+0000] {subprocess.py:106} INFO - |valencia|2025-04-13 04:00:00|14.7       |9.2     |91      |14.7     |0.0      |Cloudy      |
[2025-04-15T07:00:36.055+0000] {subprocess.py:106} INFO - |valencia|2025-04-13 09:00:00|14.9       |3.8     |84      |14.9     |0.0      |Mostly Clear|
[2025-04-15T07:00:36.056+0000] {subprocess.py:106} INFO - |valencia|2025-04-13 15:00:00|19.8       |9.2     |74      |19.8     |0.0      |Cloudy      |
[2025-04-15T07:00:36.057+0000] {subprocess.py:106} INFO - |valencia|2025-04-13 22:00:00|16.2       |1.9     |93      |16.2     |0.0      |Cloudy      |
[2025-04-15T07:00:36.058+0000] {subprocess.py:106} INFO - +--------+-------------------+-----------+--------+--------+---------+---------+------------+
[2025-04-15T07:00:36.058+0000] {subprocess.py:106} INFO - 
[2025-04-15T07:00:36.059+0000] {subprocess.py:106} INFO - +--------------------+-------------------+-----------+--------+--------+---------+---------+----------------+
[2025-04-15T07:00:36.060+0000] {subprocess.py:106} INFO - |                city|         local_time|temperature|wind_kph|humidity|feelslike|precip_mm|            text|
[2025-04-15T07:00:36.061+0000] {subprocess.py:106} INFO - +--------------------+-------------------+-----------+--------+--------+---------+---------+----------------+
[2025-04-15T07:00:36.061+0000] {subprocess.py:106} INFO - |               elche|2025-04-13 04:00:00|       16.1|     5.1|      87|     16.1|      0.0|          Cloudy|
[2025-04-15T07:00:36.062+0000] {subprocess.py:106} INFO - |               elche|2025-04-13 09:00:00|       17.2|    10.7|      71|     17.2|      0.0|          Cloudy|
[2025-04-15T07:00:36.063+0000] {subprocess.py:106} INFO - |               elche|2025-04-13 15:00:00|       19.2|     5.9|      70|     19.2|      0.6|Moderate Drizzle|
[2025-04-15T07:00:36.064+0000] {subprocess.py:106} INFO - |               elche|2025-04-13 22:00:00|       16.5|     3.3|      96|     16.5|      0.0|          Cloudy|
[2025-04-15T07:00:36.064+0000] {subprocess.py:106} INFO - |              madrid|2025-04-13 04:00:00|       11.4|     3.9|      96|     11.4|      0.1|   Light Drizzle|
[2025-04-15T07:00:36.065+0000] {subprocess.py:106} INFO - |              madrid|2025-04-13 09:00:00|       10.8|     3.7|      97|     10.8|      0.0|          Cloudy|
[2025-04-15T07:00:36.066+0000] {subprocess.py:106} INFO - |              madrid|2025-04-13 15:00:00|       14.0|     6.0|      77|     14.0|      6.3|   Moderate Rain|
[2025-04-15T07:00:36.067+0000] {subprocess.py:106} INFO - |              madrid|2025-04-13 22:00:00|       13.1|     2.3|      87|     13.1|      0.0|    Mostly Clear|
[2025-04-15T07:00:36.068+0000] {subprocess.py:106} INFO - |san juan de alicante|2025-04-13 04:00:00|       15.6|     2.2|      80|     15.6|      0.0|          Cloudy|
[2025-04-15T07:00:36.068+0000] {subprocess.py:106} INFO - |san juan de alicante|2025-04-13 09:00:00|       16.6|     5.6|      76|     16.6|      0.0|          Cloudy|
[2025-04-15T07:00:36.069+0000] {subprocess.py:106} INFO - |san juan de alicante|2025-04-13 15:00:00|       20.4|     8.2|      61|     20.4|      0.8|Moderate Drizzle|
[2025-04-15T07:00:36.070+0000] {subprocess.py:106} INFO - |san juan de alicante|2025-04-13 22:00:00|       16.6|     2.7|      94|     16.6|      0.0|          Cloudy|
[2025-04-15T07:00:36.071+0000] {subprocess.py:106} INFO - |          torrevieja|2025-04-13 04:00:00|       15.3|     3.8|      97|     15.3|      0.0|          Cloudy|
[2025-04-15T07:00:36.071+0000] {subprocess.py:106} INFO - |          torrevieja|2025-04-13 09:00:00|       15.8|     9.0|      91|     15.8|      0.0|          Cloudy|
[2025-04-15T07:00:36.072+0000] {subprocess.py:106} INFO - |          torrevieja|2025-04-13 15:00:00|       19.5|     5.2|      84|     19.5|      0.5|Moderate Drizzle|
[2025-04-15T07:00:36.073+0000] {subprocess.py:106} INFO - |          torrevieja|2025-04-13 22:00:00|       16.8|     0.6|      95|     16.8|      0.3|   Light Drizzle|
[2025-04-15T07:00:36.073+0000] {subprocess.py:106} INFO - |            valencia|2025-04-13 04:00:00|       14.7|     9.2|      91|     14.7|      0.0|          Cloudy|
[2025-04-15T07:00:36.074+0000] {subprocess.py:106} INFO - |            valencia|2025-04-13 09:00:00|       14.9|     3.8|      84|     14.9|      0.0|    Mostly Clear|
[2025-04-15T07:00:36.075+0000] {subprocess.py:106} INFO - |            valencia|2025-04-13 15:00:00|       19.8|     9.2|      74|     19.8|      0.0|          Cloudy|
[2025-04-15T07:00:36.075+0000] {subprocess.py:106} INFO - |            valencia|2025-04-13 22:00:00|       16.2|     1.9|      93|     16.2|      0.0|          Cloudy|
[2025-04-15T07:00:36.076+0000] {subprocess.py:106} INFO - +--------------------+-------------------+-----------+--------+--------+---------+---------+----------------+
[2025-04-15T07:00:36.077+0000] {subprocess.py:106} INFO - 
[2025-04-15T07:00:36.077+0000] {subprocess.py:106} INFO - Nombre de la carpeta: 2025-04-13
[2025-04-15T07:00:36.078+0000] {subprocess.py:106} INFO - Archivo Parquet generado: /tmp/tmp3ylxsy9a/2025-04-13/part-00000-62fcf296-02cc-4c49-933b-eccaf161fb78-c000.snappy.parquet
[2025-04-15T07:00:36.079+0000] {subprocess.py:106} INFO - Archivo subido correctamente a MinIO en: 2025-04-13/2025-04-13.parquet
[2025-04-15T07:00:36.543+0000] {subprocess.py:110} INFO - Command exited with return code 0
[2025-04-15T07:00:36.566+0000] {taskinstance.py:341} INFO - ::group::Post task execution logs
[2025-04-15T07:00:36.567+0000] {taskinstance.py:353} INFO - Marking task as SUCCESS. dag_id=daily_weather_etl, task_id=run_minio_script, run_id=scheduled__2025-04-14T07:00:00+00:00, execution_date=20250414T070000, start_date=20250415T070013, end_date=20250415T070036
[2025-04-15T07:00:36.590+0000] {logging_mixin.py:190} INFO - Task instance in success state
[2025-04-15T07:00:36.591+0000] {logging_mixin.py:190} INFO -  Previous state of the Task instance: running
[2025-04-15T07:00:36.591+0000] {logging_mixin.py:190} INFO - Dag name:daily_weather_etl queued_at:2025-04-15 07:00:01.045865+00:00
[2025-04-15T07:00:36.593+0000] {logging_mixin.py:190} INFO - Task hostname:3c3c1f66214b operator:BashOperator
[2025-04-15T07:00:36.605+0000] {local_task_job_runner.py:266} INFO - Task exited with return code 0
[2025-04-15T07:00:36.632+0000] {taskinstance.py:3901} INFO - 1 downstream tasks scheduled from follow-on schedule check
[2025-04-15T07:00:36.635+0000] {local_task_job_runner.py:245} INFO - ::endgroup::
