[2025-04-17T06:19:55.835+0000] {processor.py:186} INFO - Started process (PID=89) to work on /home/airflow/.local/lib/python3.9/site-packages/airflow/example_dags/plugins/event_listener.py
[2025-04-17T06:19:55.837+0000] {processor.py:914} INFO - Processing file /home/airflow/.local/lib/python3.9/site-packages/airflow/example_dags/plugins/event_listener.py for tasks to queue
[2025-04-17T06:19:55.842+0000] {logging_mixin.py:190} INFO - [2025-04-17T06:19:55.842+0000] {dagbag.py:588} INFO - Filling up the DagBag from /home/airflow/.local/lib/python3.9/site-packages/airflow/example_dags/plugins/event_listener.py
[2025-04-17T06:19:55.848+0000] {processor.py:927} WARNING - No viable dags retrieved from /home/airflow/.local/lib/python3.9/site-packages/airflow/example_dags/plugins/event_listener.py
[2025-04-17T06:19:55.878+0000] {processor.py:208} INFO - Processing /home/airflow/.local/lib/python3.9/site-packages/airflow/example_dags/plugins/event_listener.py took 0.056 seconds
[2025-04-17T06:20:27.428+0000] {processor.py:186} INFO - Started process (PID=147) to work on /home/airflow/.local/lib/python3.9/site-packages/airflow/example_dags/plugins/event_listener.py
[2025-04-17T06:20:27.430+0000] {processor.py:914} INFO - Processing file /home/airflow/.local/lib/python3.9/site-packages/airflow/example_dags/plugins/event_listener.py for tasks to queue
[2025-04-17T06:20:27.435+0000] {logging_mixin.py:190} INFO - [2025-04-17T06:20:27.434+0000] {dagbag.py:588} INFO - Filling up the DagBag from /home/airflow/.local/lib/python3.9/site-packages/airflow/example_dags/plugins/event_listener.py
[2025-04-17T06:20:27.439+0000] {processor.py:927} WARNING - No viable dags retrieved from /home/airflow/.local/lib/python3.9/site-packages/airflow/example_dags/plugins/event_listener.py
[2025-04-17T06:20:27.464+0000] {processor.py:208} INFO - Processing /home/airflow/.local/lib/python3.9/site-packages/airflow/example_dags/plugins/event_listener.py took 0.049 seconds
[2025-04-17T06:20:58.916+0000] {processor.py:186} INFO - Started process (PID=205) to work on /home/airflow/.local/lib/python3.9/site-packages/airflow/example_dags/plugins/event_listener.py
[2025-04-17T06:20:58.918+0000] {processor.py:914} INFO - Processing file /home/airflow/.local/lib/python3.9/site-packages/airflow/example_dags/plugins/event_listener.py for tasks to queue
[2025-04-17T06:20:58.925+0000] {logging_mixin.py:190} INFO - [2025-04-17T06:20:58.924+0000] {dagbag.py:588} INFO - Filling up the DagBag from /home/airflow/.local/lib/python3.9/site-packages/airflow/example_dags/plugins/event_listener.py
[2025-04-17T06:20:58.931+0000] {processor.py:927} WARNING - No viable dags retrieved from /home/airflow/.local/lib/python3.9/site-packages/airflow/example_dags/plugins/event_listener.py
[2025-04-17T06:20:58.961+0000] {processor.py:208} INFO - Processing /home/airflow/.local/lib/python3.9/site-packages/airflow/example_dags/plugins/event_listener.py took 0.062 seconds
[2025-04-17T06:21:30.926+0000] {processor.py:186} INFO - Started process (PID=263) to work on /home/airflow/.local/lib/python3.9/site-packages/airflow/example_dags/plugins/event_listener.py
[2025-04-17T06:21:30.927+0000] {processor.py:914} INFO - Processing file /home/airflow/.local/lib/python3.9/site-packages/airflow/example_dags/plugins/event_listener.py for tasks to queue
[2025-04-17T06:21:30.933+0000] {logging_mixin.py:190} INFO - [2025-04-17T06:21:30.932+0000] {dagbag.py:588} INFO - Filling up the DagBag from /home/airflow/.local/lib/python3.9/site-packages/airflow/example_dags/plugins/event_listener.py
[2025-04-17T06:21:30.937+0000] {processor.py:927} WARNING - No viable dags retrieved from /home/airflow/.local/lib/python3.9/site-packages/airflow/example_dags/plugins/event_listener.py
[2025-04-17T06:21:30.964+0000] {processor.py:208} INFO - Processing /home/airflow/.local/lib/python3.9/site-packages/airflow/example_dags/plugins/event_listener.py took 0.052 seconds
[2025-04-17T06:22:01.861+0000] {processor.py:186} INFO - Started process (PID=321) to work on /home/airflow/.local/lib/python3.9/site-packages/airflow/example_dags/plugins/event_listener.py
[2025-04-17T06:22:01.864+0000] {processor.py:914} INFO - Processing file /home/airflow/.local/lib/python3.9/site-packages/airflow/example_dags/plugins/event_listener.py for tasks to queue
[2025-04-17T06:22:01.870+0000] {logging_mixin.py:190} INFO - [2025-04-17T06:22:01.869+0000] {dagbag.py:588} INFO - Filling up the DagBag from /home/airflow/.local/lib/python3.9/site-packages/airflow/example_dags/plugins/event_listener.py
[2025-04-17T06:22:01.877+0000] {processor.py:927} WARNING - No viable dags retrieved from /home/airflow/.local/lib/python3.9/site-packages/airflow/example_dags/plugins/event_listener.py
[2025-04-17T06:22:01.909+0000] {processor.py:208} INFO - Processing /home/airflow/.local/lib/python3.9/site-packages/airflow/example_dags/plugins/event_listener.py took 0.064 seconds
[2025-04-17T06:22:32.929+0000] {processor.py:186} INFO - Started process (PID=379) to work on /home/airflow/.local/lib/python3.9/site-packages/airflow/example_dags/plugins/event_listener.py
[2025-04-17T06:22:32.931+0000] {processor.py:914} INFO - Processing file /home/airflow/.local/lib/python3.9/site-packages/airflow/example_dags/plugins/event_listener.py for tasks to queue
[2025-04-17T06:22:32.935+0000] {logging_mixin.py:190} INFO - [2025-04-17T06:22:32.934+0000] {dagbag.py:588} INFO - Filling up the DagBag from /home/airflow/.local/lib/python3.9/site-packages/airflow/example_dags/plugins/event_listener.py
[2025-04-17T06:22:32.939+0000] {processor.py:927} WARNING - No viable dags retrieved from /home/airflow/.local/lib/python3.9/site-packages/airflow/example_dags/plugins/event_listener.py
[2025-04-17T06:22:32.962+0000] {processor.py:208} INFO - Processing /home/airflow/.local/lib/python3.9/site-packages/airflow/example_dags/plugins/event_listener.py took 0.044 seconds
[2025-04-17T06:23:09.482+0000] {processor.py:186} INFO - Started process (PID=437) to work on /home/airflow/.local/lib/python3.9/site-packages/airflow/example_dags/plugins/event_listener.py
[2025-04-17T06:23:09.485+0000] {processor.py:914} INFO - Processing file /home/airflow/.local/lib/python3.9/site-packages/airflow/example_dags/plugins/event_listener.py for tasks to queue
[2025-04-17T06:23:09.496+0000] {logging_mixin.py:190} INFO - [2025-04-17T06:23:09.495+0000] {dagbag.py:588} INFO - Filling up the DagBag from /home/airflow/.local/lib/python3.9/site-packages/airflow/example_dags/plugins/event_listener.py
[2025-04-17T06:23:09.503+0000] {processor.py:927} WARNING - No viable dags retrieved from /home/airflow/.local/lib/python3.9/site-packages/airflow/example_dags/plugins/event_listener.py
[2025-04-17T06:23:09.551+0000] {processor.py:208} INFO - Processing /home/airflow/.local/lib/python3.9/site-packages/airflow/example_dags/plugins/event_listener.py took 0.097 seconds
[2025-04-17T06:23:40.195+0000] {processor.py:186} INFO - Started process (PID=495) to work on /home/airflow/.local/lib/python3.9/site-packages/airflow/example_dags/plugins/event_listener.py
[2025-04-17T06:23:40.197+0000] {processor.py:914} INFO - Processing file /home/airflow/.local/lib/python3.9/site-packages/airflow/example_dags/plugins/event_listener.py for tasks to queue
[2025-04-17T06:23:40.206+0000] {logging_mixin.py:190} INFO - [2025-04-17T06:23:40.204+0000] {dagbag.py:588} INFO - Filling up the DagBag from /home/airflow/.local/lib/python3.9/site-packages/airflow/example_dags/plugins/event_listener.py
[2025-04-17T06:23:40.213+0000] {processor.py:927} WARNING - No viable dags retrieved from /home/airflow/.local/lib/python3.9/site-packages/airflow/example_dags/plugins/event_listener.py
[2025-04-17T06:23:40.241+0000] {processor.py:208} INFO - Processing /home/airflow/.local/lib/python3.9/site-packages/airflow/example_dags/plugins/event_listener.py took 0.062 seconds
[2025-04-17T06:24:11.052+0000] {processor.py:186} INFO - Started process (PID=553) to work on /home/airflow/.local/lib/python3.9/site-packages/airflow/example_dags/plugins/event_listener.py
[2025-04-17T06:24:11.054+0000] {processor.py:914} INFO - Processing file /home/airflow/.local/lib/python3.9/site-packages/airflow/example_dags/plugins/event_listener.py for tasks to queue
[2025-04-17T06:24:11.061+0000] {logging_mixin.py:190} INFO - [2025-04-17T06:24:11.060+0000] {dagbag.py:588} INFO - Filling up the DagBag from /home/airflow/.local/lib/python3.9/site-packages/airflow/example_dags/plugins/event_listener.py
[2025-04-17T06:24:11.066+0000] {processor.py:927} WARNING - No viable dags retrieved from /home/airflow/.local/lib/python3.9/site-packages/airflow/example_dags/plugins/event_listener.py
[2025-04-17T06:24:11.093+0000] {processor.py:208} INFO - Processing /home/airflow/.local/lib/python3.9/site-packages/airflow/example_dags/plugins/event_listener.py took 0.058 seconds
[2025-04-17T06:24:43.523+0000] {processor.py:186} INFO - Started process (PID=611) to work on /home/airflow/.local/lib/python3.9/site-packages/airflow/example_dags/plugins/event_listener.py
[2025-04-17T06:24:43.525+0000] {processor.py:914} INFO - Processing file /home/airflow/.local/lib/python3.9/site-packages/airflow/example_dags/plugins/event_listener.py for tasks to queue
[2025-04-17T06:24:43.530+0000] {logging_mixin.py:190} INFO - [2025-04-17T06:24:43.530+0000] {dagbag.py:588} INFO - Filling up the DagBag from /home/airflow/.local/lib/python3.9/site-packages/airflow/example_dags/plugins/event_listener.py
[2025-04-17T06:24:43.536+0000] {processor.py:927} WARNING - No viable dags retrieved from /home/airflow/.local/lib/python3.9/site-packages/airflow/example_dags/plugins/event_listener.py
[2025-04-17T06:24:43.569+0000] {processor.py:208} INFO - Processing /home/airflow/.local/lib/python3.9/site-packages/airflow/example_dags/plugins/event_listener.py took 0.068 seconds
[2025-04-17T06:25:14.849+0000] {processor.py:186} INFO - Started process (PID=669) to work on /home/airflow/.local/lib/python3.9/site-packages/airflow/example_dags/plugins/event_listener.py
[2025-04-17T06:25:14.852+0000] {processor.py:914} INFO - Processing file /home/airflow/.local/lib/python3.9/site-packages/airflow/example_dags/plugins/event_listener.py for tasks to queue
[2025-04-17T06:25:14.861+0000] {logging_mixin.py:190} INFO - [2025-04-17T06:25:14.860+0000] {dagbag.py:588} INFO - Filling up the DagBag from /home/airflow/.local/lib/python3.9/site-packages/airflow/example_dags/plugins/event_listener.py
[2025-04-17T06:25:14.870+0000] {processor.py:927} WARNING - No viable dags retrieved from /home/airflow/.local/lib/python3.9/site-packages/airflow/example_dags/plugins/event_listener.py
[2025-04-17T06:25:14.915+0000] {processor.py:208} INFO - Processing /home/airflow/.local/lib/python3.9/site-packages/airflow/example_dags/plugins/event_listener.py took 0.092 seconds
[2025-04-17T06:25:46.093+0000] {processor.py:186} INFO - Started process (PID=727) to work on /home/airflow/.local/lib/python3.9/site-packages/airflow/example_dags/plugins/event_listener.py
[2025-04-17T06:25:46.096+0000] {processor.py:914} INFO - Processing file /home/airflow/.local/lib/python3.9/site-packages/airflow/example_dags/plugins/event_listener.py for tasks to queue
[2025-04-17T06:25:46.102+0000] {logging_mixin.py:190} INFO - [2025-04-17T06:25:46.101+0000] {dagbag.py:588} INFO - Filling up the DagBag from /home/airflow/.local/lib/python3.9/site-packages/airflow/example_dags/plugins/event_listener.py
[2025-04-17T06:25:46.108+0000] {processor.py:927} WARNING - No viable dags retrieved from /home/airflow/.local/lib/python3.9/site-packages/airflow/example_dags/plugins/event_listener.py
[2025-04-17T06:25:46.148+0000] {processor.py:208} INFO - Processing /home/airflow/.local/lib/python3.9/site-packages/airflow/example_dags/plugins/event_listener.py took 0.078 seconds
[2025-04-17T06:26:17.864+0000] {processor.py:186} INFO - Started process (PID=785) to work on /home/airflow/.local/lib/python3.9/site-packages/airflow/example_dags/plugins/event_listener.py
[2025-04-17T06:26:17.872+0000] {processor.py:914} INFO - Processing file /home/airflow/.local/lib/python3.9/site-packages/airflow/example_dags/plugins/event_listener.py for tasks to queue
[2025-04-17T06:26:17.886+0000] {logging_mixin.py:190} INFO - [2025-04-17T06:26:17.884+0000] {dagbag.py:588} INFO - Filling up the DagBag from /home/airflow/.local/lib/python3.9/site-packages/airflow/example_dags/plugins/event_listener.py
[2025-04-17T06:26:17.897+0000] {processor.py:927} WARNING - No viable dags retrieved from /home/airflow/.local/lib/python3.9/site-packages/airflow/example_dags/plugins/event_listener.py
[2025-04-17T06:26:17.944+0000] {processor.py:208} INFO - Processing /home/airflow/.local/lib/python3.9/site-packages/airflow/example_dags/plugins/event_listener.py took 0.107 seconds
[2025-04-17T06:26:48.761+0000] {processor.py:186} INFO - Started process (PID=842) to work on /home/airflow/.local/lib/python3.9/site-packages/airflow/example_dags/plugins/event_listener.py
[2025-04-17T06:26:48.764+0000] {processor.py:914} INFO - Processing file /home/airflow/.local/lib/python3.9/site-packages/airflow/example_dags/plugins/event_listener.py for tasks to queue
[2025-04-17T06:26:48.771+0000] {logging_mixin.py:190} INFO - [2025-04-17T06:26:48.770+0000] {dagbag.py:588} INFO - Filling up the DagBag from /home/airflow/.local/lib/python3.9/site-packages/airflow/example_dags/plugins/event_listener.py
[2025-04-17T06:26:48.777+0000] {processor.py:927} WARNING - No viable dags retrieved from /home/airflow/.local/lib/python3.9/site-packages/airflow/example_dags/plugins/event_listener.py
[2025-04-17T06:26:48.811+0000] {processor.py:208} INFO - Processing /home/airflow/.local/lib/python3.9/site-packages/airflow/example_dags/plugins/event_listener.py took 0.069 seconds
[2025-04-17T06:27:19.257+0000] {processor.py:186} INFO - Started process (PID=899) to work on /home/airflow/.local/lib/python3.9/site-packages/airflow/example_dags/plugins/event_listener.py
[2025-04-17T06:27:19.259+0000] {processor.py:914} INFO - Processing file /home/airflow/.local/lib/python3.9/site-packages/airflow/example_dags/plugins/event_listener.py for tasks to queue
[2025-04-17T06:27:19.264+0000] {logging_mixin.py:190} INFO - [2025-04-17T06:27:19.264+0000] {dagbag.py:588} INFO - Filling up the DagBag from /home/airflow/.local/lib/python3.9/site-packages/airflow/example_dags/plugins/event_listener.py
[2025-04-17T06:27:19.271+0000] {processor.py:927} WARNING - No viable dags retrieved from /home/airflow/.local/lib/python3.9/site-packages/airflow/example_dags/plugins/event_listener.py
[2025-04-17T06:27:19.303+0000] {processor.py:208} INFO - Processing /home/airflow/.local/lib/python3.9/site-packages/airflow/example_dags/plugins/event_listener.py took 0.067 seconds
[2025-04-17T06:27:49.934+0000] {processor.py:186} INFO - Started process (PID=957) to work on /home/airflow/.local/lib/python3.9/site-packages/airflow/example_dags/plugins/event_listener.py
[2025-04-17T06:27:49.937+0000] {processor.py:914} INFO - Processing file /home/airflow/.local/lib/python3.9/site-packages/airflow/example_dags/plugins/event_listener.py for tasks to queue
[2025-04-17T06:27:49.943+0000] {logging_mixin.py:190} INFO - [2025-04-17T06:27:49.942+0000] {dagbag.py:588} INFO - Filling up the DagBag from /home/airflow/.local/lib/python3.9/site-packages/airflow/example_dags/plugins/event_listener.py
[2025-04-17T06:27:49.949+0000] {processor.py:927} WARNING - No viable dags retrieved from /home/airflow/.local/lib/python3.9/site-packages/airflow/example_dags/plugins/event_listener.py
[2025-04-17T06:27:49.979+0000] {processor.py:208} INFO - Processing /home/airflow/.local/lib/python3.9/site-packages/airflow/example_dags/plugins/event_listener.py took 0.063 seconds
[2025-04-17T06:28:20.572+0000] {processor.py:186} INFO - Started process (PID=1015) to work on /home/airflow/.local/lib/python3.9/site-packages/airflow/example_dags/plugins/event_listener.py
[2025-04-17T06:28:20.574+0000] {processor.py:914} INFO - Processing file /home/airflow/.local/lib/python3.9/site-packages/airflow/example_dags/plugins/event_listener.py for tasks to queue
[2025-04-17T06:28:20.579+0000] {logging_mixin.py:190} INFO - [2025-04-17T06:28:20.578+0000] {dagbag.py:588} INFO - Filling up the DagBag from /home/airflow/.local/lib/python3.9/site-packages/airflow/example_dags/plugins/event_listener.py
[2025-04-17T06:28:20.584+0000] {processor.py:927} WARNING - No viable dags retrieved from /home/airflow/.local/lib/python3.9/site-packages/airflow/example_dags/plugins/event_listener.py
[2025-04-17T06:28:20.609+0000] {processor.py:208} INFO - Processing /home/airflow/.local/lib/python3.9/site-packages/airflow/example_dags/plugins/event_listener.py took 0.051 seconds
[2025-04-17T06:28:52.057+0000] {processor.py:186} INFO - Started process (PID=1073) to work on /home/airflow/.local/lib/python3.9/site-packages/airflow/example_dags/plugins/event_listener.py
[2025-04-17T06:28:52.060+0000] {processor.py:914} INFO - Processing file /home/airflow/.local/lib/python3.9/site-packages/airflow/example_dags/plugins/event_listener.py for tasks to queue
[2025-04-17T06:28:52.066+0000] {logging_mixin.py:190} INFO - [2025-04-17T06:28:52.065+0000] {dagbag.py:588} INFO - Filling up the DagBag from /home/airflow/.local/lib/python3.9/site-packages/airflow/example_dags/plugins/event_listener.py
[2025-04-17T06:28:52.072+0000] {processor.py:927} WARNING - No viable dags retrieved from /home/airflow/.local/lib/python3.9/site-packages/airflow/example_dags/plugins/event_listener.py
[2025-04-17T06:28:52.103+0000] {processor.py:208} INFO - Processing /home/airflow/.local/lib/python3.9/site-packages/airflow/example_dags/plugins/event_listener.py took 0.063 seconds
[2025-04-17T06:29:23.505+0000] {processor.py:186} INFO - Started process (PID=1131) to work on /home/airflow/.local/lib/python3.9/site-packages/airflow/example_dags/plugins/event_listener.py
[2025-04-17T06:29:23.507+0000] {processor.py:914} INFO - Processing file /home/airflow/.local/lib/python3.9/site-packages/airflow/example_dags/plugins/event_listener.py for tasks to queue
[2025-04-17T06:29:23.514+0000] {logging_mixin.py:190} INFO - [2025-04-17T06:29:23.513+0000] {dagbag.py:588} INFO - Filling up the DagBag from /home/airflow/.local/lib/python3.9/site-packages/airflow/example_dags/plugins/event_listener.py
[2025-04-17T06:29:23.520+0000] {processor.py:927} WARNING - No viable dags retrieved from /home/airflow/.local/lib/python3.9/site-packages/airflow/example_dags/plugins/event_listener.py
[2025-04-17T06:29:23.555+0000] {processor.py:208} INFO - Processing /home/airflow/.local/lib/python3.9/site-packages/airflow/example_dags/plugins/event_listener.py took 0.069 seconds
[2025-04-17T06:29:54.811+0000] {processor.py:186} INFO - Started process (PID=1189) to work on /home/airflow/.local/lib/python3.9/site-packages/airflow/example_dags/plugins/event_listener.py
[2025-04-17T06:29:54.814+0000] {processor.py:914} INFO - Processing file /home/airflow/.local/lib/python3.9/site-packages/airflow/example_dags/plugins/event_listener.py for tasks to queue
[2025-04-17T06:29:54.822+0000] {logging_mixin.py:190} INFO - [2025-04-17T06:29:54.821+0000] {dagbag.py:588} INFO - Filling up the DagBag from /home/airflow/.local/lib/python3.9/site-packages/airflow/example_dags/plugins/event_listener.py
[2025-04-17T06:29:54.829+0000] {processor.py:927} WARNING - No viable dags retrieved from /home/airflow/.local/lib/python3.9/site-packages/airflow/example_dags/plugins/event_listener.py
[2025-04-17T06:29:54.857+0000] {processor.py:208} INFO - Processing /home/airflow/.local/lib/python3.9/site-packages/airflow/example_dags/plugins/event_listener.py took 0.062 seconds
[2025-04-17T06:30:26.605+0000] {processor.py:186} INFO - Started process (PID=1247) to work on /home/airflow/.local/lib/python3.9/site-packages/airflow/example_dags/plugins/event_listener.py
[2025-04-17T06:30:26.607+0000] {processor.py:914} INFO - Processing file /home/airflow/.local/lib/python3.9/site-packages/airflow/example_dags/plugins/event_listener.py for tasks to queue
[2025-04-17T06:30:26.612+0000] {logging_mixin.py:190} INFO - [2025-04-17T06:30:26.611+0000] {dagbag.py:588} INFO - Filling up the DagBag from /home/airflow/.local/lib/python3.9/site-packages/airflow/example_dags/plugins/event_listener.py
[2025-04-17T06:30:26.617+0000] {processor.py:927} WARNING - No viable dags retrieved from /home/airflow/.local/lib/python3.9/site-packages/airflow/example_dags/plugins/event_listener.py
[2025-04-17T06:30:26.651+0000] {processor.py:208} INFO - Processing /home/airflow/.local/lib/python3.9/site-packages/airflow/example_dags/plugins/event_listener.py took 0.058 seconds
[2025-04-17T06:30:57.542+0000] {processor.py:186} INFO - Started process (PID=1305) to work on /home/airflow/.local/lib/python3.9/site-packages/airflow/example_dags/plugins/event_listener.py
[2025-04-17T06:30:57.546+0000] {processor.py:914} INFO - Processing file /home/airflow/.local/lib/python3.9/site-packages/airflow/example_dags/plugins/event_listener.py for tasks to queue
[2025-04-17T06:30:57.554+0000] {logging_mixin.py:190} INFO - [2025-04-17T06:30:57.553+0000] {dagbag.py:588} INFO - Filling up the DagBag from /home/airflow/.local/lib/python3.9/site-packages/airflow/example_dags/plugins/event_listener.py
[2025-04-17T06:30:57.564+0000] {processor.py:927} WARNING - No viable dags retrieved from /home/airflow/.local/lib/python3.9/site-packages/airflow/example_dags/plugins/event_listener.py
[2025-04-17T06:30:57.605+0000] {processor.py:208} INFO - Processing /home/airflow/.local/lib/python3.9/site-packages/airflow/example_dags/plugins/event_listener.py took 0.083 seconds
[2025-04-17T06:31:28.028+0000] {processor.py:186} INFO - Started process (PID=1363) to work on /home/airflow/.local/lib/python3.9/site-packages/airflow/example_dags/plugins/event_listener.py
[2025-04-17T06:31:28.031+0000] {processor.py:914} INFO - Processing file /home/airflow/.local/lib/python3.9/site-packages/airflow/example_dags/plugins/event_listener.py for tasks to queue
[2025-04-17T06:31:28.038+0000] {logging_mixin.py:190} INFO - [2025-04-17T06:31:28.037+0000] {dagbag.py:588} INFO - Filling up the DagBag from /home/airflow/.local/lib/python3.9/site-packages/airflow/example_dags/plugins/event_listener.py
[2025-04-17T06:31:28.045+0000] {processor.py:927} WARNING - No viable dags retrieved from /home/airflow/.local/lib/python3.9/site-packages/airflow/example_dags/plugins/event_listener.py
[2025-04-17T06:31:28.082+0000] {processor.py:208} INFO - Processing /home/airflow/.local/lib/python3.9/site-packages/airflow/example_dags/plugins/event_listener.py took 0.073 seconds
[2025-04-17T06:31:58.723+0000] {processor.py:186} INFO - Started process (PID=1420) to work on /home/airflow/.local/lib/python3.9/site-packages/airflow/example_dags/plugins/event_listener.py
[2025-04-17T06:31:58.725+0000] {processor.py:914} INFO - Processing file /home/airflow/.local/lib/python3.9/site-packages/airflow/example_dags/plugins/event_listener.py for tasks to queue
[2025-04-17T06:31:58.731+0000] {logging_mixin.py:190} INFO - [2025-04-17T06:31:58.730+0000] {dagbag.py:588} INFO - Filling up the DagBag from /home/airflow/.local/lib/python3.9/site-packages/airflow/example_dags/plugins/event_listener.py
[2025-04-17T06:31:58.736+0000] {processor.py:927} WARNING - No viable dags retrieved from /home/airflow/.local/lib/python3.9/site-packages/airflow/example_dags/plugins/event_listener.py
[2025-04-17T06:31:58.762+0000] {processor.py:208} INFO - Processing /home/airflow/.local/lib/python3.9/site-packages/airflow/example_dags/plugins/event_listener.py took 0.057 seconds
[2025-04-17T06:32:29.024+0000] {processor.py:186} INFO - Started process (PID=1477) to work on /home/airflow/.local/lib/python3.9/site-packages/airflow/example_dags/plugins/event_listener.py
[2025-04-17T06:32:29.026+0000] {processor.py:914} INFO - Processing file /home/airflow/.local/lib/python3.9/site-packages/airflow/example_dags/plugins/event_listener.py for tasks to queue
[2025-04-17T06:32:29.030+0000] {logging_mixin.py:190} INFO - [2025-04-17T06:32:29.030+0000] {dagbag.py:588} INFO - Filling up the DagBag from /home/airflow/.local/lib/python3.9/site-packages/airflow/example_dags/plugins/event_listener.py
[2025-04-17T06:32:29.035+0000] {processor.py:927} WARNING - No viable dags retrieved from /home/airflow/.local/lib/python3.9/site-packages/airflow/example_dags/plugins/event_listener.py
[2025-04-17T06:32:29.062+0000] {processor.py:208} INFO - Processing /home/airflow/.local/lib/python3.9/site-packages/airflow/example_dags/plugins/event_listener.py took 0.050 seconds
[2025-04-17T06:32:59.486+0000] {processor.py:186} INFO - Started process (PID=1535) to work on /home/airflow/.local/lib/python3.9/site-packages/airflow/example_dags/plugins/event_listener.py
[2025-04-17T06:32:59.488+0000] {processor.py:914} INFO - Processing file /home/airflow/.local/lib/python3.9/site-packages/airflow/example_dags/plugins/event_listener.py for tasks to queue
[2025-04-17T06:32:59.493+0000] {logging_mixin.py:190} INFO - [2025-04-17T06:32:59.492+0000] {dagbag.py:588} INFO - Filling up the DagBag from /home/airflow/.local/lib/python3.9/site-packages/airflow/example_dags/plugins/event_listener.py
[2025-04-17T06:32:59.498+0000] {processor.py:927} WARNING - No viable dags retrieved from /home/airflow/.local/lib/python3.9/site-packages/airflow/example_dags/plugins/event_listener.py
[2025-04-17T06:32:59.522+0000] {processor.py:208} INFO - Processing /home/airflow/.local/lib/python3.9/site-packages/airflow/example_dags/plugins/event_listener.py took 0.049 seconds
[2025-04-17T06:33:30.759+0000] {processor.py:186} INFO - Started process (PID=1593) to work on /home/airflow/.local/lib/python3.9/site-packages/airflow/example_dags/plugins/event_listener.py
[2025-04-17T06:33:30.761+0000] {processor.py:914} INFO - Processing file /home/airflow/.local/lib/python3.9/site-packages/airflow/example_dags/plugins/event_listener.py for tasks to queue
[2025-04-17T06:33:30.766+0000] {logging_mixin.py:190} INFO - [2025-04-17T06:33:30.766+0000] {dagbag.py:588} INFO - Filling up the DagBag from /home/airflow/.local/lib/python3.9/site-packages/airflow/example_dags/plugins/event_listener.py
[2025-04-17T06:33:30.772+0000] {processor.py:927} WARNING - No viable dags retrieved from /home/airflow/.local/lib/python3.9/site-packages/airflow/example_dags/plugins/event_listener.py
[2025-04-17T06:33:30.797+0000] {processor.py:208} INFO - Processing /home/airflow/.local/lib/python3.9/site-packages/airflow/example_dags/plugins/event_listener.py took 0.052 seconds
[2025-04-17T06:34:01.096+0000] {processor.py:186} INFO - Started process (PID=1651) to work on /home/airflow/.local/lib/python3.9/site-packages/airflow/example_dags/plugins/event_listener.py
[2025-04-17T06:34:01.098+0000] {processor.py:914} INFO - Processing file /home/airflow/.local/lib/python3.9/site-packages/airflow/example_dags/plugins/event_listener.py for tasks to queue
[2025-04-17T06:34:01.102+0000] {logging_mixin.py:190} INFO - [2025-04-17T06:34:01.102+0000] {dagbag.py:588} INFO - Filling up the DagBag from /home/airflow/.local/lib/python3.9/site-packages/airflow/example_dags/plugins/event_listener.py
[2025-04-17T06:34:01.108+0000] {processor.py:927} WARNING - No viable dags retrieved from /home/airflow/.local/lib/python3.9/site-packages/airflow/example_dags/plugins/event_listener.py
[2025-04-17T06:34:01.139+0000] {processor.py:208} INFO - Processing /home/airflow/.local/lib/python3.9/site-packages/airflow/example_dags/plugins/event_listener.py took 0.057 seconds
[2025-04-17T06:34:31.652+0000] {processor.py:186} INFO - Started process (PID=1708) to work on /home/airflow/.local/lib/python3.9/site-packages/airflow/example_dags/plugins/event_listener.py
[2025-04-17T06:34:31.656+0000] {processor.py:914} INFO - Processing file /home/airflow/.local/lib/python3.9/site-packages/airflow/example_dags/plugins/event_listener.py for tasks to queue
[2025-04-17T06:34:31.665+0000] {logging_mixin.py:190} INFO - [2025-04-17T06:34:31.664+0000] {dagbag.py:588} INFO - Filling up the DagBag from /home/airflow/.local/lib/python3.9/site-packages/airflow/example_dags/plugins/event_listener.py
[2025-04-17T06:34:31.675+0000] {processor.py:927} WARNING - No viable dags retrieved from /home/airflow/.local/lib/python3.9/site-packages/airflow/example_dags/plugins/event_listener.py
[2025-04-17T06:34:31.704+0000] {processor.py:208} INFO - Processing /home/airflow/.local/lib/python3.9/site-packages/airflow/example_dags/plugins/event_listener.py took 0.079 seconds
[2025-04-17T06:35:02.732+0000] {processor.py:186} INFO - Started process (PID=1768) to work on /home/airflow/.local/lib/python3.9/site-packages/airflow/example_dags/plugins/event_listener.py
[2025-04-17T06:35:02.735+0000] {processor.py:914} INFO - Processing file /home/airflow/.local/lib/python3.9/site-packages/airflow/example_dags/plugins/event_listener.py for tasks to queue
[2025-04-17T06:35:02.739+0000] {logging_mixin.py:190} INFO - [2025-04-17T06:35:02.738+0000] {dagbag.py:588} INFO - Filling up the DagBag from /home/airflow/.local/lib/python3.9/site-packages/airflow/example_dags/plugins/event_listener.py
[2025-04-17T06:35:02.743+0000] {processor.py:927} WARNING - No viable dags retrieved from /home/airflow/.local/lib/python3.9/site-packages/airflow/example_dags/plugins/event_listener.py
[2025-04-17T06:35:02.769+0000] {processor.py:208} INFO - Processing /home/airflow/.local/lib/python3.9/site-packages/airflow/example_dags/plugins/event_listener.py took 0.049 seconds
[2025-04-17T06:35:33.853+0000] {processor.py:186} INFO - Started process (PID=1826) to work on /home/airflow/.local/lib/python3.9/site-packages/airflow/example_dags/plugins/event_listener.py
[2025-04-17T06:35:33.856+0000] {processor.py:914} INFO - Processing file /home/airflow/.local/lib/python3.9/site-packages/airflow/example_dags/plugins/event_listener.py for tasks to queue
[2025-04-17T06:35:33.862+0000] {logging_mixin.py:190} INFO - [2025-04-17T06:35:33.862+0000] {dagbag.py:588} INFO - Filling up the DagBag from /home/airflow/.local/lib/python3.9/site-packages/airflow/example_dags/plugins/event_listener.py
[2025-04-17T06:35:33.869+0000] {processor.py:927} WARNING - No viable dags retrieved from /home/airflow/.local/lib/python3.9/site-packages/airflow/example_dags/plugins/event_listener.py
[2025-04-17T06:35:33.896+0000] {processor.py:208} INFO - Processing /home/airflow/.local/lib/python3.9/site-packages/airflow/example_dags/plugins/event_listener.py took 0.066 seconds
[2025-04-17T06:36:04.651+0000] {processor.py:186} INFO - Started process (PID=1884) to work on /home/airflow/.local/lib/python3.9/site-packages/airflow/example_dags/plugins/event_listener.py
[2025-04-17T06:36:04.653+0000] {processor.py:914} INFO - Processing file /home/airflow/.local/lib/python3.9/site-packages/airflow/example_dags/plugins/event_listener.py for tasks to queue
[2025-04-17T06:36:04.659+0000] {logging_mixin.py:190} INFO - [2025-04-17T06:36:04.658+0000] {dagbag.py:588} INFO - Filling up the DagBag from /home/airflow/.local/lib/python3.9/site-packages/airflow/example_dags/plugins/event_listener.py
[2025-04-17T06:36:04.667+0000] {processor.py:927} WARNING - No viable dags retrieved from /home/airflow/.local/lib/python3.9/site-packages/airflow/example_dags/plugins/event_listener.py
[2025-04-17T06:36:04.699+0000] {processor.py:208} INFO - Processing /home/airflow/.local/lib/python3.9/site-packages/airflow/example_dags/plugins/event_listener.py took 0.064 seconds
[2025-04-17T06:36:35.279+0000] {processor.py:186} INFO - Started process (PID=1942) to work on /home/airflow/.local/lib/python3.9/site-packages/airflow/example_dags/plugins/event_listener.py
[2025-04-17T06:36:35.281+0000] {processor.py:914} INFO - Processing file /home/airflow/.local/lib/python3.9/site-packages/airflow/example_dags/plugins/event_listener.py for tasks to queue
[2025-04-17T06:36:35.288+0000] {logging_mixin.py:190} INFO - [2025-04-17T06:36:35.287+0000] {dagbag.py:588} INFO - Filling up the DagBag from /home/airflow/.local/lib/python3.9/site-packages/airflow/example_dags/plugins/event_listener.py
[2025-04-17T06:36:35.295+0000] {processor.py:927} WARNING - No viable dags retrieved from /home/airflow/.local/lib/python3.9/site-packages/airflow/example_dags/plugins/event_listener.py
[2025-04-17T06:36:35.332+0000] {processor.py:208} INFO - Processing /home/airflow/.local/lib/python3.9/site-packages/airflow/example_dags/plugins/event_listener.py took 0.072 seconds
[2025-04-17T06:37:05.882+0000] {processor.py:186} INFO - Started process (PID=1999) to work on /home/airflow/.local/lib/python3.9/site-packages/airflow/example_dags/plugins/event_listener.py
[2025-04-17T06:37:05.885+0000] {processor.py:914} INFO - Processing file /home/airflow/.local/lib/python3.9/site-packages/airflow/example_dags/plugins/event_listener.py for tasks to queue
[2025-04-17T06:37:05.893+0000] {logging_mixin.py:190} INFO - [2025-04-17T06:37:05.892+0000] {dagbag.py:588} INFO - Filling up the DagBag from /home/airflow/.local/lib/python3.9/site-packages/airflow/example_dags/plugins/event_listener.py
[2025-04-17T06:37:05.901+0000] {processor.py:927} WARNING - No viable dags retrieved from /home/airflow/.local/lib/python3.9/site-packages/airflow/example_dags/plugins/event_listener.py
[2025-04-17T06:37:05.939+0000] {processor.py:208} INFO - Processing /home/airflow/.local/lib/python3.9/site-packages/airflow/example_dags/plugins/event_listener.py took 0.077 seconds
[2025-04-17T06:37:36.387+0000] {processor.py:186} INFO - Started process (PID=2057) to work on /home/airflow/.local/lib/python3.9/site-packages/airflow/example_dags/plugins/event_listener.py
[2025-04-17T06:37:36.389+0000] {processor.py:914} INFO - Processing file /home/airflow/.local/lib/python3.9/site-packages/airflow/example_dags/plugins/event_listener.py for tasks to queue
[2025-04-17T06:37:36.394+0000] {logging_mixin.py:190} INFO - [2025-04-17T06:37:36.394+0000] {dagbag.py:588} INFO - Filling up the DagBag from /home/airflow/.local/lib/python3.9/site-packages/airflow/example_dags/plugins/event_listener.py
[2025-04-17T06:37:36.400+0000] {processor.py:927} WARNING - No viable dags retrieved from /home/airflow/.local/lib/python3.9/site-packages/airflow/example_dags/plugins/event_listener.py
[2025-04-17T06:37:36.428+0000] {processor.py:208} INFO - Processing /home/airflow/.local/lib/python3.9/site-packages/airflow/example_dags/plugins/event_listener.py took 0.055 seconds
[2025-04-17T06:38:07.611+0000] {processor.py:186} INFO - Started process (PID=2115) to work on /home/airflow/.local/lib/python3.9/site-packages/airflow/example_dags/plugins/event_listener.py
[2025-04-17T06:38:07.615+0000] {processor.py:914} INFO - Processing file /home/airflow/.local/lib/python3.9/site-packages/airflow/example_dags/plugins/event_listener.py for tasks to queue
[2025-04-17T06:38:07.622+0000] {logging_mixin.py:190} INFO - [2025-04-17T06:38:07.621+0000] {dagbag.py:588} INFO - Filling up the DagBag from /home/airflow/.local/lib/python3.9/site-packages/airflow/example_dags/plugins/event_listener.py
[2025-04-17T06:38:07.632+0000] {processor.py:927} WARNING - No viable dags retrieved from /home/airflow/.local/lib/python3.9/site-packages/airflow/example_dags/plugins/event_listener.py
[2025-04-17T06:38:07.673+0000] {processor.py:208} INFO - Processing /home/airflow/.local/lib/python3.9/site-packages/airflow/example_dags/plugins/event_listener.py took 0.095 seconds
[2025-04-17T06:38:38.410+0000] {processor.py:186} INFO - Started process (PID=2173) to work on /home/airflow/.local/lib/python3.9/site-packages/airflow/example_dags/plugins/event_listener.py
[2025-04-17T06:38:38.413+0000] {processor.py:914} INFO - Processing file /home/airflow/.local/lib/python3.9/site-packages/airflow/example_dags/plugins/event_listener.py for tasks to queue
[2025-04-17T06:38:38.417+0000] {logging_mixin.py:190} INFO - [2025-04-17T06:38:38.417+0000] {dagbag.py:588} INFO - Filling up the DagBag from /home/airflow/.local/lib/python3.9/site-packages/airflow/example_dags/plugins/event_listener.py
[2025-04-17T06:38:38.423+0000] {processor.py:927} WARNING - No viable dags retrieved from /home/airflow/.local/lib/python3.9/site-packages/airflow/example_dags/plugins/event_listener.py
[2025-04-17T06:38:38.452+0000] {processor.py:208} INFO - Processing /home/airflow/.local/lib/python3.9/site-packages/airflow/example_dags/plugins/event_listener.py took 0.060 seconds
[2025-04-17T06:39:08.817+0000] {processor.py:186} INFO - Started process (PID=2231) to work on /home/airflow/.local/lib/python3.9/site-packages/airflow/example_dags/plugins/event_listener.py
[2025-04-17T06:39:08.820+0000] {processor.py:914} INFO - Processing file /home/airflow/.local/lib/python3.9/site-packages/airflow/example_dags/plugins/event_listener.py for tasks to queue
[2025-04-17T06:39:08.825+0000] {logging_mixin.py:190} INFO - [2025-04-17T06:39:08.825+0000] {dagbag.py:588} INFO - Filling up the DagBag from /home/airflow/.local/lib/python3.9/site-packages/airflow/example_dags/plugins/event_listener.py
[2025-04-17T06:39:08.832+0000] {processor.py:927} WARNING - No viable dags retrieved from /home/airflow/.local/lib/python3.9/site-packages/airflow/example_dags/plugins/event_listener.py
[2025-04-17T06:39:08.860+0000] {processor.py:208} INFO - Processing /home/airflow/.local/lib/python3.9/site-packages/airflow/example_dags/plugins/event_listener.py took 0.065 seconds
[2025-04-17T06:39:39.729+0000] {processor.py:186} INFO - Started process (PID=2289) to work on /home/airflow/.local/lib/python3.9/site-packages/airflow/example_dags/plugins/event_listener.py
[2025-04-17T06:39:39.731+0000] {processor.py:914} INFO - Processing file /home/airflow/.local/lib/python3.9/site-packages/airflow/example_dags/plugins/event_listener.py for tasks to queue
[2025-04-17T06:39:39.736+0000] {logging_mixin.py:190} INFO - [2025-04-17T06:39:39.735+0000] {dagbag.py:588} INFO - Filling up the DagBag from /home/airflow/.local/lib/python3.9/site-packages/airflow/example_dags/plugins/event_listener.py
[2025-04-17T06:39:39.741+0000] {processor.py:927} WARNING - No viable dags retrieved from /home/airflow/.local/lib/python3.9/site-packages/airflow/example_dags/plugins/event_listener.py
[2025-04-17T06:39:39.771+0000] {processor.py:208} INFO - Processing /home/airflow/.local/lib/python3.9/site-packages/airflow/example_dags/plugins/event_listener.py took 0.056 seconds
[2025-04-17T06:40:11.175+0000] {processor.py:186} INFO - Started process (PID=2348) to work on /home/airflow/.local/lib/python3.9/site-packages/airflow/example_dags/plugins/event_listener.py
[2025-04-17T06:40:11.179+0000] {processor.py:914} INFO - Processing file /home/airflow/.local/lib/python3.9/site-packages/airflow/example_dags/plugins/event_listener.py for tasks to queue
[2025-04-17T06:40:11.189+0000] {logging_mixin.py:190} INFO - [2025-04-17T06:40:11.188+0000] {dagbag.py:588} INFO - Filling up the DagBag from /home/airflow/.local/lib/python3.9/site-packages/airflow/example_dags/plugins/event_listener.py
[2025-04-17T06:40:11.206+0000] {processor.py:927} WARNING - No viable dags retrieved from /home/airflow/.local/lib/python3.9/site-packages/airflow/example_dags/plugins/event_listener.py
[2025-04-17T06:40:11.241+0000] {processor.py:208} INFO - Processing /home/airflow/.local/lib/python3.9/site-packages/airflow/example_dags/plugins/event_listener.py took 0.097 seconds
[2025-04-17T06:40:41.559+0000] {processor.py:186} INFO - Started process (PID=2406) to work on /home/airflow/.local/lib/python3.9/site-packages/airflow/example_dags/plugins/event_listener.py
[2025-04-17T06:40:41.562+0000] {processor.py:914} INFO - Processing file /home/airflow/.local/lib/python3.9/site-packages/airflow/example_dags/plugins/event_listener.py for tasks to queue
[2025-04-17T06:40:41.567+0000] {logging_mixin.py:190} INFO - [2025-04-17T06:40:41.567+0000] {dagbag.py:588} INFO - Filling up the DagBag from /home/airflow/.local/lib/python3.9/site-packages/airflow/example_dags/plugins/event_listener.py
[2025-04-17T06:40:41.573+0000] {processor.py:927} WARNING - No viable dags retrieved from /home/airflow/.local/lib/python3.9/site-packages/airflow/example_dags/plugins/event_listener.py
[2025-04-17T06:40:41.603+0000] {processor.py:208} INFO - Processing /home/airflow/.local/lib/python3.9/site-packages/airflow/example_dags/plugins/event_listener.py took 0.061 seconds
[2025-04-17T06:41:12.486+0000] {processor.py:186} INFO - Started process (PID=2465) to work on /home/airflow/.local/lib/python3.9/site-packages/airflow/example_dags/plugins/event_listener.py
[2025-04-17T06:41:12.488+0000] {processor.py:914} INFO - Processing file /home/airflow/.local/lib/python3.9/site-packages/airflow/example_dags/plugins/event_listener.py for tasks to queue
[2025-04-17T06:41:12.494+0000] {logging_mixin.py:190} INFO - [2025-04-17T06:41:12.494+0000] {dagbag.py:588} INFO - Filling up the DagBag from /home/airflow/.local/lib/python3.9/site-packages/airflow/example_dags/plugins/event_listener.py
[2025-04-17T06:41:12.500+0000] {processor.py:927} WARNING - No viable dags retrieved from /home/airflow/.local/lib/python3.9/site-packages/airflow/example_dags/plugins/event_listener.py
[2025-04-17T06:41:12.529+0000] {processor.py:208} INFO - Processing /home/airflow/.local/lib/python3.9/site-packages/airflow/example_dags/plugins/event_listener.py took 0.061 seconds
[2025-04-17T06:41:42.773+0000] {processor.py:186} INFO - Started process (PID=2523) to work on /home/airflow/.local/lib/python3.9/site-packages/airflow/example_dags/plugins/event_listener.py
[2025-04-17T06:41:42.775+0000] {processor.py:914} INFO - Processing file /home/airflow/.local/lib/python3.9/site-packages/airflow/example_dags/plugins/event_listener.py for tasks to queue
[2025-04-17T06:41:42.780+0000] {logging_mixin.py:190} INFO - [2025-04-17T06:41:42.780+0000] {dagbag.py:588} INFO - Filling up the DagBag from /home/airflow/.local/lib/python3.9/site-packages/airflow/example_dags/plugins/event_listener.py
[2025-04-17T06:41:42.786+0000] {processor.py:927} WARNING - No viable dags retrieved from /home/airflow/.local/lib/python3.9/site-packages/airflow/example_dags/plugins/event_listener.py
[2025-04-17T06:41:42.812+0000] {processor.py:208} INFO - Processing /home/airflow/.local/lib/python3.9/site-packages/airflow/example_dags/plugins/event_listener.py took 0.054 seconds
[2025-04-17T06:42:13.606+0000] {processor.py:186} INFO - Started process (PID=2581) to work on /home/airflow/.local/lib/python3.9/site-packages/airflow/example_dags/plugins/event_listener.py
[2025-04-17T06:42:13.608+0000] {processor.py:914} INFO - Processing file /home/airflow/.local/lib/python3.9/site-packages/airflow/example_dags/plugins/event_listener.py for tasks to queue
[2025-04-17T06:42:13.613+0000] {logging_mixin.py:190} INFO - [2025-04-17T06:42:13.613+0000] {dagbag.py:588} INFO - Filling up the DagBag from /home/airflow/.local/lib/python3.9/site-packages/airflow/example_dags/plugins/event_listener.py
[2025-04-17T06:42:13.618+0000] {processor.py:927} WARNING - No viable dags retrieved from /home/airflow/.local/lib/python3.9/site-packages/airflow/example_dags/plugins/event_listener.py
[2025-04-17T06:42:13.645+0000] {processor.py:208} INFO - Processing /home/airflow/.local/lib/python3.9/site-packages/airflow/example_dags/plugins/event_listener.py took 0.055 seconds
[2025-04-17T06:42:43.939+0000] {processor.py:186} INFO - Started process (PID=2639) to work on /home/airflow/.local/lib/python3.9/site-packages/airflow/example_dags/plugins/event_listener.py
[2025-04-17T06:42:43.941+0000] {processor.py:914} INFO - Processing file /home/airflow/.local/lib/python3.9/site-packages/airflow/example_dags/plugins/event_listener.py for tasks to queue
[2025-04-17T06:42:43.946+0000] {logging_mixin.py:190} INFO - [2025-04-17T06:42:43.946+0000] {dagbag.py:588} INFO - Filling up the DagBag from /home/airflow/.local/lib/python3.9/site-packages/airflow/example_dags/plugins/event_listener.py
[2025-04-17T06:42:43.951+0000] {processor.py:927} WARNING - No viable dags retrieved from /home/airflow/.local/lib/python3.9/site-packages/airflow/example_dags/plugins/event_listener.py
[2025-04-17T06:42:43.986+0000] {processor.py:208} INFO - Processing /home/airflow/.local/lib/python3.9/site-packages/airflow/example_dags/plugins/event_listener.py took 0.062 seconds
[2025-04-17T06:43:14.543+0000] {processor.py:186} INFO - Started process (PID=2696) to work on /home/airflow/.local/lib/python3.9/site-packages/airflow/example_dags/plugins/event_listener.py
[2025-04-17T06:43:14.546+0000] {processor.py:914} INFO - Processing file /home/airflow/.local/lib/python3.9/site-packages/airflow/example_dags/plugins/event_listener.py for tasks to queue
[2025-04-17T06:43:14.551+0000] {logging_mixin.py:190} INFO - [2025-04-17T06:43:14.550+0000] {dagbag.py:588} INFO - Filling up the DagBag from /home/airflow/.local/lib/python3.9/site-packages/airflow/example_dags/plugins/event_listener.py
[2025-04-17T06:43:14.556+0000] {processor.py:927} WARNING - No viable dags retrieved from /home/airflow/.local/lib/python3.9/site-packages/airflow/example_dags/plugins/event_listener.py
[2025-04-17T06:43:14.584+0000] {processor.py:208} INFO - Processing /home/airflow/.local/lib/python3.9/site-packages/airflow/example_dags/plugins/event_listener.py took 0.055 seconds
[2025-04-17T06:43:44.838+0000] {processor.py:186} INFO - Started process (PID=2754) to work on /home/airflow/.local/lib/python3.9/site-packages/airflow/example_dags/plugins/event_listener.py
[2025-04-17T06:43:44.840+0000] {processor.py:914} INFO - Processing file /home/airflow/.local/lib/python3.9/site-packages/airflow/example_dags/plugins/event_listener.py for tasks to queue
[2025-04-17T06:43:44.845+0000] {logging_mixin.py:190} INFO - [2025-04-17T06:43:44.844+0000] {dagbag.py:588} INFO - Filling up the DagBag from /home/airflow/.local/lib/python3.9/site-packages/airflow/example_dags/plugins/event_listener.py
[2025-04-17T06:43:44.850+0000] {processor.py:927} WARNING - No viable dags retrieved from /home/airflow/.local/lib/python3.9/site-packages/airflow/example_dags/plugins/event_listener.py
[2025-04-17T06:43:44.877+0000] {processor.py:208} INFO - Processing /home/airflow/.local/lib/python3.9/site-packages/airflow/example_dags/plugins/event_listener.py took 0.053 seconds
[2025-04-17T06:44:15.173+0000] {processor.py:186} INFO - Started process (PID=2811) to work on /home/airflow/.local/lib/python3.9/site-packages/airflow/example_dags/plugins/event_listener.py
[2025-04-17T06:44:15.176+0000] {processor.py:914} INFO - Processing file /home/airflow/.local/lib/python3.9/site-packages/airflow/example_dags/plugins/event_listener.py for tasks to queue
[2025-04-17T06:44:15.182+0000] {logging_mixin.py:190} INFO - [2025-04-17T06:44:15.182+0000] {dagbag.py:588} INFO - Filling up the DagBag from /home/airflow/.local/lib/python3.9/site-packages/airflow/example_dags/plugins/event_listener.py
[2025-04-17T06:44:15.189+0000] {processor.py:927} WARNING - No viable dags retrieved from /home/airflow/.local/lib/python3.9/site-packages/airflow/example_dags/plugins/event_listener.py
[2025-04-17T06:44:15.217+0000] {processor.py:208} INFO - Processing /home/airflow/.local/lib/python3.9/site-packages/airflow/example_dags/plugins/event_listener.py took 0.065 seconds
[2025-04-17T06:44:46.630+0000] {processor.py:186} INFO - Started process (PID=2869) to work on /home/airflow/.local/lib/python3.9/site-packages/airflow/example_dags/plugins/event_listener.py
[2025-04-17T06:44:46.633+0000] {processor.py:914} INFO - Processing file /home/airflow/.local/lib/python3.9/site-packages/airflow/example_dags/plugins/event_listener.py for tasks to queue
[2025-04-17T06:44:46.639+0000] {logging_mixin.py:190} INFO - [2025-04-17T06:44:46.638+0000] {dagbag.py:588} INFO - Filling up the DagBag from /home/airflow/.local/lib/python3.9/site-packages/airflow/example_dags/plugins/event_listener.py
[2025-04-17T06:44:46.645+0000] {processor.py:927} WARNING - No viable dags retrieved from /home/airflow/.local/lib/python3.9/site-packages/airflow/example_dags/plugins/event_listener.py
[2025-04-17T06:44:46.678+0000] {processor.py:208} INFO - Processing /home/airflow/.local/lib/python3.9/site-packages/airflow/example_dags/plugins/event_listener.py took 0.063 seconds
[2025-04-17T06:45:18.428+0000] {processor.py:186} INFO - Started process (PID=2928) to work on /home/airflow/.local/lib/python3.9/site-packages/airflow/example_dags/plugins/event_listener.py
[2025-04-17T06:45:18.430+0000] {processor.py:914} INFO - Processing file /home/airflow/.local/lib/python3.9/site-packages/airflow/example_dags/plugins/event_listener.py for tasks to queue
[2025-04-17T06:45:18.436+0000] {logging_mixin.py:190} INFO - [2025-04-17T06:45:18.435+0000] {dagbag.py:588} INFO - Filling up the DagBag from /home/airflow/.local/lib/python3.9/site-packages/airflow/example_dags/plugins/event_listener.py
[2025-04-17T06:45:18.443+0000] {processor.py:927} WARNING - No viable dags retrieved from /home/airflow/.local/lib/python3.9/site-packages/airflow/example_dags/plugins/event_listener.py
[2025-04-17T06:45:18.471+0000] {processor.py:208} INFO - Processing /home/airflow/.local/lib/python3.9/site-packages/airflow/example_dags/plugins/event_listener.py took 0.061 seconds
[2025-04-17T06:45:50.940+0000] {processor.py:186} INFO - Started process (PID=2989) to work on /home/airflow/.local/lib/python3.9/site-packages/airflow/example_dags/plugins/event_listener.py
[2025-04-17T06:45:50.942+0000] {processor.py:914} INFO - Processing file /home/airflow/.local/lib/python3.9/site-packages/airflow/example_dags/plugins/event_listener.py for tasks to queue
[2025-04-17T06:45:50.947+0000] {logging_mixin.py:190} INFO - [2025-04-17T06:45:50.947+0000] {dagbag.py:588} INFO - Filling up the DagBag from /home/airflow/.local/lib/python3.9/site-packages/airflow/example_dags/plugins/event_listener.py
[2025-04-17T06:45:50.954+0000] {processor.py:927} WARNING - No viable dags retrieved from /home/airflow/.local/lib/python3.9/site-packages/airflow/example_dags/plugins/event_listener.py
[2025-04-17T06:45:50.988+0000] {processor.py:208} INFO - Processing /home/airflow/.local/lib/python3.9/site-packages/airflow/example_dags/plugins/event_listener.py took 0.062 seconds
[2025-04-17T06:46:21.413+0000] {processor.py:186} INFO - Started process (PID=3047) to work on /home/airflow/.local/lib/python3.9/site-packages/airflow/example_dags/plugins/event_listener.py
[2025-04-17T06:46:21.415+0000] {processor.py:914} INFO - Processing file /home/airflow/.local/lib/python3.9/site-packages/airflow/example_dags/plugins/event_listener.py for tasks to queue
[2025-04-17T06:46:21.420+0000] {logging_mixin.py:190} INFO - [2025-04-17T06:46:21.420+0000] {dagbag.py:588} INFO - Filling up the DagBag from /home/airflow/.local/lib/python3.9/site-packages/airflow/example_dags/plugins/event_listener.py
[2025-04-17T06:46:21.426+0000] {processor.py:927} WARNING - No viable dags retrieved from /home/airflow/.local/lib/python3.9/site-packages/airflow/example_dags/plugins/event_listener.py
[2025-04-17T06:46:21.456+0000] {processor.py:208} INFO - Processing /home/airflow/.local/lib/python3.9/site-packages/airflow/example_dags/plugins/event_listener.py took 0.058 seconds
[2025-04-17T06:46:52.425+0000] {processor.py:186} INFO - Started process (PID=3104) to work on /home/airflow/.local/lib/python3.9/site-packages/airflow/example_dags/plugins/event_listener.py
[2025-04-17T06:46:52.427+0000] {processor.py:914} INFO - Processing file /home/airflow/.local/lib/python3.9/site-packages/airflow/example_dags/plugins/event_listener.py for tasks to queue
[2025-04-17T06:46:52.433+0000] {logging_mixin.py:190} INFO - [2025-04-17T06:46:52.432+0000] {dagbag.py:588} INFO - Filling up the DagBag from /home/airflow/.local/lib/python3.9/site-packages/airflow/example_dags/plugins/event_listener.py
[2025-04-17T06:46:52.437+0000] {processor.py:927} WARNING - No viable dags retrieved from /home/airflow/.local/lib/python3.9/site-packages/airflow/example_dags/plugins/event_listener.py
[2025-04-17T06:46:52.463+0000] {processor.py:208} INFO - Processing /home/airflow/.local/lib/python3.9/site-packages/airflow/example_dags/plugins/event_listener.py took 0.054 seconds
[2025-04-17T06:47:23.368+0000] {processor.py:186} INFO - Started process (PID=3162) to work on /home/airflow/.local/lib/python3.9/site-packages/airflow/example_dags/plugins/event_listener.py
[2025-04-17T06:47:23.370+0000] {processor.py:914} INFO - Processing file /home/airflow/.local/lib/python3.9/site-packages/airflow/example_dags/plugins/event_listener.py for tasks to queue
[2025-04-17T06:47:23.375+0000] {logging_mixin.py:190} INFO - [2025-04-17T06:47:23.375+0000] {dagbag.py:588} INFO - Filling up the DagBag from /home/airflow/.local/lib/python3.9/site-packages/airflow/example_dags/plugins/event_listener.py
[2025-04-17T06:47:23.384+0000] {processor.py:927} WARNING - No viable dags retrieved from /home/airflow/.local/lib/python3.9/site-packages/airflow/example_dags/plugins/event_listener.py
[2025-04-17T06:47:23.417+0000] {processor.py:208} INFO - Processing /home/airflow/.local/lib/python3.9/site-packages/airflow/example_dags/plugins/event_listener.py took 0.066 seconds
[2025-04-17T06:47:54.199+0000] {processor.py:186} INFO - Started process (PID=3219) to work on /home/airflow/.local/lib/python3.9/site-packages/airflow/example_dags/plugins/event_listener.py
[2025-04-17T06:47:54.203+0000] {processor.py:914} INFO - Processing file /home/airflow/.local/lib/python3.9/site-packages/airflow/example_dags/plugins/event_listener.py for tasks to queue
[2025-04-17T06:47:54.209+0000] {logging_mixin.py:190} INFO - [2025-04-17T06:47:54.208+0000] {dagbag.py:588} INFO - Filling up the DagBag from /home/airflow/.local/lib/python3.9/site-packages/airflow/example_dags/plugins/event_listener.py
[2025-04-17T06:47:54.216+0000] {processor.py:927} WARNING - No viable dags retrieved from /home/airflow/.local/lib/python3.9/site-packages/airflow/example_dags/plugins/event_listener.py
[2025-04-17T06:47:54.250+0000] {processor.py:208} INFO - Processing /home/airflow/.local/lib/python3.9/site-packages/airflow/example_dags/plugins/event_listener.py took 0.070 seconds
[2025-04-17T06:48:24.802+0000] {processor.py:186} INFO - Started process (PID=3277) to work on /home/airflow/.local/lib/python3.9/site-packages/airflow/example_dags/plugins/event_listener.py
[2025-04-17T06:48:24.803+0000] {processor.py:914} INFO - Processing file /home/airflow/.local/lib/python3.9/site-packages/airflow/example_dags/plugins/event_listener.py for tasks to queue
[2025-04-17T06:48:24.805+0000] {logging_mixin.py:190} INFO - [2025-04-17T06:48:24.805+0000] {dagbag.py:588} INFO - Filling up the DagBag from /home/airflow/.local/lib/python3.9/site-packages/airflow/example_dags/plugins/event_listener.py
[2025-04-17T06:48:24.807+0000] {processor.py:927} WARNING - No viable dags retrieved from /home/airflow/.local/lib/python3.9/site-packages/airflow/example_dags/plugins/event_listener.py
[2025-04-17T06:48:24.820+0000] {processor.py:208} INFO - Processing /home/airflow/.local/lib/python3.9/site-packages/airflow/example_dags/plugins/event_listener.py took 0.024 seconds
[2025-04-17T06:48:55.180+0000] {processor.py:186} INFO - Started process (PID=3335) to work on /home/airflow/.local/lib/python3.9/site-packages/airflow/example_dags/plugins/event_listener.py
[2025-04-17T06:48:55.180+0000] {processor.py:914} INFO - Processing file /home/airflow/.local/lib/python3.9/site-packages/airflow/example_dags/plugins/event_listener.py for tasks to queue
[2025-04-17T06:48:55.183+0000] {logging_mixin.py:190} INFO - [2025-04-17T06:48:55.183+0000] {dagbag.py:588} INFO - Filling up the DagBag from /home/airflow/.local/lib/python3.9/site-packages/airflow/example_dags/plugins/event_listener.py
[2025-04-17T06:48:55.185+0000] {processor.py:927} WARNING - No viable dags retrieved from /home/airflow/.local/lib/python3.9/site-packages/airflow/example_dags/plugins/event_listener.py
[2025-04-17T06:48:55.197+0000] {processor.py:208} INFO - Processing /home/airflow/.local/lib/python3.9/site-packages/airflow/example_dags/plugins/event_listener.py took 0.024 seconds
[2025-04-17T06:49:25.332+0000] {processor.py:186} INFO - Started process (PID=3393) to work on /home/airflow/.local/lib/python3.9/site-packages/airflow/example_dags/plugins/event_listener.py
[2025-04-17T06:49:25.333+0000] {processor.py:914} INFO - Processing file /home/airflow/.local/lib/python3.9/site-packages/airflow/example_dags/plugins/event_listener.py for tasks to queue
[2025-04-17T06:49:25.336+0000] {logging_mixin.py:190} INFO - [2025-04-17T06:49:25.336+0000] {dagbag.py:588} INFO - Filling up the DagBag from /home/airflow/.local/lib/python3.9/site-packages/airflow/example_dags/plugins/event_listener.py
[2025-04-17T06:49:25.338+0000] {processor.py:927} WARNING - No viable dags retrieved from /home/airflow/.local/lib/python3.9/site-packages/airflow/example_dags/plugins/event_listener.py
[2025-04-17T06:49:25.351+0000] {processor.py:208} INFO - Processing /home/airflow/.local/lib/python3.9/site-packages/airflow/example_dags/plugins/event_listener.py took 0.026 seconds
[2025-04-17T06:49:55.678+0000] {processor.py:186} INFO - Started process (PID=3451) to work on /home/airflow/.local/lib/python3.9/site-packages/airflow/example_dags/plugins/event_listener.py
[2025-04-17T06:49:55.681+0000] {processor.py:914} INFO - Processing file /home/airflow/.local/lib/python3.9/site-packages/airflow/example_dags/plugins/event_listener.py for tasks to queue
[2025-04-17T06:49:55.684+0000] {logging_mixin.py:190} INFO - [2025-04-17T06:49:55.684+0000] {dagbag.py:588} INFO - Filling up the DagBag from /home/airflow/.local/lib/python3.9/site-packages/airflow/example_dags/plugins/event_listener.py
[2025-04-17T06:49:55.688+0000] {processor.py:927} WARNING - No viable dags retrieved from /home/airflow/.local/lib/python3.9/site-packages/airflow/example_dags/plugins/event_listener.py
[2025-04-17T06:49:55.702+0000] {processor.py:208} INFO - Processing /home/airflow/.local/lib/python3.9/site-packages/airflow/example_dags/plugins/event_listener.py took 0.031 seconds
[2025-04-17T06:50:25.912+0000] {processor.py:186} INFO - Started process (PID=3510) to work on /home/airflow/.local/lib/python3.9/site-packages/airflow/example_dags/plugins/event_listener.py
[2025-04-17T06:50:25.914+0000] {processor.py:914} INFO - Processing file /home/airflow/.local/lib/python3.9/site-packages/airflow/example_dags/plugins/event_listener.py for tasks to queue
[2025-04-17T06:50:25.916+0000] {logging_mixin.py:190} INFO - [2025-04-17T06:50:25.916+0000] {dagbag.py:588} INFO - Filling up the DagBag from /home/airflow/.local/lib/python3.9/site-packages/airflow/example_dags/plugins/event_listener.py
[2025-04-17T06:50:25.919+0000] {processor.py:927} WARNING - No viable dags retrieved from /home/airflow/.local/lib/python3.9/site-packages/airflow/example_dags/plugins/event_listener.py
[2025-04-17T06:50:25.931+0000] {processor.py:208} INFO - Processing /home/airflow/.local/lib/python3.9/site-packages/airflow/example_dags/plugins/event_listener.py took 0.025 seconds
[2025-04-17T06:50:56.226+0000] {processor.py:186} INFO - Started process (PID=3567) to work on /home/airflow/.local/lib/python3.9/site-packages/airflow/example_dags/plugins/event_listener.py
[2025-04-17T06:50:56.227+0000] {processor.py:914} INFO - Processing file /home/airflow/.local/lib/python3.9/site-packages/airflow/example_dags/plugins/event_listener.py for tasks to queue
[2025-04-17T06:50:56.229+0000] {logging_mixin.py:190} INFO - [2025-04-17T06:50:56.229+0000] {dagbag.py:588} INFO - Filling up the DagBag from /home/airflow/.local/lib/python3.9/site-packages/airflow/example_dags/plugins/event_listener.py
[2025-04-17T06:50:56.232+0000] {processor.py:927} WARNING - No viable dags retrieved from /home/airflow/.local/lib/python3.9/site-packages/airflow/example_dags/plugins/event_listener.py
[2025-04-17T06:50:56.244+0000] {processor.py:208} INFO - Processing /home/airflow/.local/lib/python3.9/site-packages/airflow/example_dags/plugins/event_listener.py took 0.025 seconds
[2025-04-17T06:51:26.421+0000] {processor.py:186} INFO - Started process (PID=3625) to work on /home/airflow/.local/lib/python3.9/site-packages/airflow/example_dags/plugins/event_listener.py
[2025-04-17T06:51:26.422+0000] {processor.py:914} INFO - Processing file /home/airflow/.local/lib/python3.9/site-packages/airflow/example_dags/plugins/event_listener.py for tasks to queue
[2025-04-17T06:51:26.424+0000] {logging_mixin.py:190} INFO - [2025-04-17T06:51:26.424+0000] {dagbag.py:588} INFO - Filling up the DagBag from /home/airflow/.local/lib/python3.9/site-packages/airflow/example_dags/plugins/event_listener.py
[2025-04-17T06:51:26.427+0000] {processor.py:927} WARNING - No viable dags retrieved from /home/airflow/.local/lib/python3.9/site-packages/airflow/example_dags/plugins/event_listener.py
[2025-04-17T06:51:26.440+0000] {processor.py:208} INFO - Processing /home/airflow/.local/lib/python3.9/site-packages/airflow/example_dags/plugins/event_listener.py took 0.026 seconds
[2025-04-17T06:51:56.539+0000] {processor.py:186} INFO - Started process (PID=3682) to work on /home/airflow/.local/lib/python3.9/site-packages/airflow/example_dags/plugins/event_listener.py
[2025-04-17T06:51:56.541+0000] {processor.py:914} INFO - Processing file /home/airflow/.local/lib/python3.9/site-packages/airflow/example_dags/plugins/event_listener.py for tasks to queue
[2025-04-17T06:51:56.544+0000] {logging_mixin.py:190} INFO - [2025-04-17T06:51:56.543+0000] {dagbag.py:588} INFO - Filling up the DagBag from /home/airflow/.local/lib/python3.9/site-packages/airflow/example_dags/plugins/event_listener.py
[2025-04-17T06:51:56.547+0000] {processor.py:927} WARNING - No viable dags retrieved from /home/airflow/.local/lib/python3.9/site-packages/airflow/example_dags/plugins/event_listener.py
[2025-04-17T06:51:56.562+0000] {processor.py:208} INFO - Processing /home/airflow/.local/lib/python3.9/site-packages/airflow/example_dags/plugins/event_listener.py took 0.030 seconds
[2025-04-17T06:52:33.112+0000] {processor.py:186} INFO - Started process (PID=3741) to work on /home/airflow/.local/lib/python3.9/site-packages/airflow/example_dags/plugins/event_listener.py
[2025-04-17T06:52:33.120+0000] {processor.py:914} INFO - Processing file /home/airflow/.local/lib/python3.9/site-packages/airflow/example_dags/plugins/event_listener.py for tasks to queue
[2025-04-17T06:52:33.170+0000] {logging_mixin.py:190} INFO - [2025-04-17T06:52:33.169+0000] {dagbag.py:588} INFO - Filling up the DagBag from /home/airflow/.local/lib/python3.9/site-packages/airflow/example_dags/plugins/event_listener.py
[2025-04-17T06:52:33.244+0000] {processor.py:927} WARNING - No viable dags retrieved from /home/airflow/.local/lib/python3.9/site-packages/airflow/example_dags/plugins/event_listener.py
[2025-04-17T06:52:33.336+0000] {processor.py:208} INFO - Processing /home/airflow/.local/lib/python3.9/site-packages/airflow/example_dags/plugins/event_listener.py took 0.274 seconds
[2025-04-17T06:53:04.241+0000] {processor.py:186} INFO - Started process (PID=3799) to work on /home/airflow/.local/lib/python3.9/site-packages/airflow/example_dags/plugins/event_listener.py
[2025-04-17T06:53:04.243+0000] {processor.py:914} INFO - Processing file /home/airflow/.local/lib/python3.9/site-packages/airflow/example_dags/plugins/event_listener.py for tasks to queue
[2025-04-17T06:53:04.246+0000] {logging_mixin.py:190} INFO - [2025-04-17T06:53:04.246+0000] {dagbag.py:588} INFO - Filling up the DagBag from /home/airflow/.local/lib/python3.9/site-packages/airflow/example_dags/plugins/event_listener.py
[2025-04-17T06:53:04.250+0000] {processor.py:927} WARNING - No viable dags retrieved from /home/airflow/.local/lib/python3.9/site-packages/airflow/example_dags/plugins/event_listener.py
[2025-04-17T06:53:04.267+0000] {processor.py:208} INFO - Processing /home/airflow/.local/lib/python3.9/site-packages/airflow/example_dags/plugins/event_listener.py took 0.036 seconds
[2025-04-17T06:53:34.572+0000] {processor.py:186} INFO - Started process (PID=3857) to work on /home/airflow/.local/lib/python3.9/site-packages/airflow/example_dags/plugins/event_listener.py
[2025-04-17T06:53:34.573+0000] {processor.py:914} INFO - Processing file /home/airflow/.local/lib/python3.9/site-packages/airflow/example_dags/plugins/event_listener.py for tasks to queue
[2025-04-17T06:53:34.575+0000] {logging_mixin.py:190} INFO - [2025-04-17T06:53:34.575+0000] {dagbag.py:588} INFO - Filling up the DagBag from /home/airflow/.local/lib/python3.9/site-packages/airflow/example_dags/plugins/event_listener.py
[2025-04-17T06:53:34.579+0000] {processor.py:927} WARNING - No viable dags retrieved from /home/airflow/.local/lib/python3.9/site-packages/airflow/example_dags/plugins/event_listener.py
[2025-04-17T06:53:34.592+0000] {processor.py:208} INFO - Processing /home/airflow/.local/lib/python3.9/site-packages/airflow/example_dags/plugins/event_listener.py took 0.027 seconds
[2025-04-17T06:54:05.019+0000] {processor.py:186} INFO - Started process (PID=3915) to work on /home/airflow/.local/lib/python3.9/site-packages/airflow/example_dags/plugins/event_listener.py
[2025-04-17T06:54:05.021+0000] {processor.py:914} INFO - Processing file /home/airflow/.local/lib/python3.9/site-packages/airflow/example_dags/plugins/event_listener.py for tasks to queue
[2025-04-17T06:54:05.024+0000] {logging_mixin.py:190} INFO - [2025-04-17T06:54:05.024+0000] {dagbag.py:588} INFO - Filling up the DagBag from /home/airflow/.local/lib/python3.9/site-packages/airflow/example_dags/plugins/event_listener.py
[2025-04-17T06:54:05.029+0000] {processor.py:927} WARNING - No viable dags retrieved from /home/airflow/.local/lib/python3.9/site-packages/airflow/example_dags/plugins/event_listener.py
[2025-04-17T06:54:05.046+0000] {processor.py:208} INFO - Processing /home/airflow/.local/lib/python3.9/site-packages/airflow/example_dags/plugins/event_listener.py took 0.035 seconds
[2025-04-17T06:54:35.290+0000] {processor.py:186} INFO - Started process (PID=3973) to work on /home/airflow/.local/lib/python3.9/site-packages/airflow/example_dags/plugins/event_listener.py
[2025-04-17T06:54:35.292+0000] {processor.py:914} INFO - Processing file /home/airflow/.local/lib/python3.9/site-packages/airflow/example_dags/plugins/event_listener.py for tasks to queue
[2025-04-17T06:54:35.294+0000] {logging_mixin.py:190} INFO - [2025-04-17T06:54:35.294+0000] {dagbag.py:588} INFO - Filling up the DagBag from /home/airflow/.local/lib/python3.9/site-packages/airflow/example_dags/plugins/event_listener.py
[2025-04-17T06:54:35.297+0000] {processor.py:927} WARNING - No viable dags retrieved from /home/airflow/.local/lib/python3.9/site-packages/airflow/example_dags/plugins/event_listener.py
[2025-04-17T06:54:35.313+0000] {processor.py:208} INFO - Processing /home/airflow/.local/lib/python3.9/site-packages/airflow/example_dags/plugins/event_listener.py took 0.031 seconds
[2025-04-17T06:55:05.877+0000] {processor.py:186} INFO - Started process (PID=4031) to work on /home/airflow/.local/lib/python3.9/site-packages/airflow/example_dags/plugins/event_listener.py
[2025-04-17T06:55:05.879+0000] {processor.py:914} INFO - Processing file /home/airflow/.local/lib/python3.9/site-packages/airflow/example_dags/plugins/event_listener.py for tasks to queue
[2025-04-17T06:55:05.883+0000] {logging_mixin.py:190} INFO - [2025-04-17T06:55:05.882+0000] {dagbag.py:588} INFO - Filling up the DagBag from /home/airflow/.local/lib/python3.9/site-packages/airflow/example_dags/plugins/event_listener.py
[2025-04-17T06:55:05.886+0000] {processor.py:927} WARNING - No viable dags retrieved from /home/airflow/.local/lib/python3.9/site-packages/airflow/example_dags/plugins/event_listener.py
[2025-04-17T06:55:05.908+0000] {processor.py:208} INFO - Processing /home/airflow/.local/lib/python3.9/site-packages/airflow/example_dags/plugins/event_listener.py took 0.042 seconds
[2025-04-17T06:55:36.395+0000] {processor.py:186} INFO - Started process (PID=4089) to work on /home/airflow/.local/lib/python3.9/site-packages/airflow/example_dags/plugins/event_listener.py
[2025-04-17T06:55:36.396+0000] {processor.py:914} INFO - Processing file /home/airflow/.local/lib/python3.9/site-packages/airflow/example_dags/plugins/event_listener.py for tasks to queue
[2025-04-17T06:55:36.398+0000] {logging_mixin.py:190} INFO - [2025-04-17T06:55:36.397+0000] {dagbag.py:588} INFO - Filling up the DagBag from /home/airflow/.local/lib/python3.9/site-packages/airflow/example_dags/plugins/event_listener.py
[2025-04-17T06:55:36.400+0000] {processor.py:927} WARNING - No viable dags retrieved from /home/airflow/.local/lib/python3.9/site-packages/airflow/example_dags/plugins/event_listener.py
[2025-04-17T06:55:36.413+0000] {processor.py:208} INFO - Processing /home/airflow/.local/lib/python3.9/site-packages/airflow/example_dags/plugins/event_listener.py took 0.024 seconds
[2025-04-17T06:56:06.698+0000] {processor.py:186} INFO - Started process (PID=4147) to work on /home/airflow/.local/lib/python3.9/site-packages/airflow/example_dags/plugins/event_listener.py
[2025-04-17T06:56:06.699+0000] {processor.py:914} INFO - Processing file /home/airflow/.local/lib/python3.9/site-packages/airflow/example_dags/plugins/event_listener.py for tasks to queue
[2025-04-17T06:56:06.702+0000] {logging_mixin.py:190} INFO - [2025-04-17T06:56:06.702+0000] {dagbag.py:588} INFO - Filling up the DagBag from /home/airflow/.local/lib/python3.9/site-packages/airflow/example_dags/plugins/event_listener.py
[2025-04-17T06:56:06.706+0000] {processor.py:927} WARNING - No viable dags retrieved from /home/airflow/.local/lib/python3.9/site-packages/airflow/example_dags/plugins/event_listener.py
[2025-04-17T06:56:06.725+0000] {processor.py:208} INFO - Processing /home/airflow/.local/lib/python3.9/site-packages/airflow/example_dags/plugins/event_listener.py took 0.036 seconds
[2025-04-17T06:56:37.588+0000] {processor.py:186} INFO - Started process (PID=4205) to work on /home/airflow/.local/lib/python3.9/site-packages/airflow/example_dags/plugins/event_listener.py
[2025-04-17T06:56:37.589+0000] {processor.py:914} INFO - Processing file /home/airflow/.local/lib/python3.9/site-packages/airflow/example_dags/plugins/event_listener.py for tasks to queue
[2025-04-17T06:56:37.592+0000] {logging_mixin.py:190} INFO - [2025-04-17T06:56:37.592+0000] {dagbag.py:588} INFO - Filling up the DagBag from /home/airflow/.local/lib/python3.9/site-packages/airflow/example_dags/plugins/event_listener.py
[2025-04-17T06:56:37.595+0000] {processor.py:927} WARNING - No viable dags retrieved from /home/airflow/.local/lib/python3.9/site-packages/airflow/example_dags/plugins/event_listener.py
[2025-04-17T06:56:37.613+0000] {processor.py:208} INFO - Processing /home/airflow/.local/lib/python3.9/site-packages/airflow/example_dags/plugins/event_listener.py took 0.033 seconds
[2025-04-17T06:57:08.010+0000] {processor.py:186} INFO - Started process (PID=4263) to work on /home/airflow/.local/lib/python3.9/site-packages/airflow/example_dags/plugins/event_listener.py
[2025-04-17T06:57:08.011+0000] {processor.py:914} INFO - Processing file /home/airflow/.local/lib/python3.9/site-packages/airflow/example_dags/plugins/event_listener.py for tasks to queue
[2025-04-17T06:57:08.013+0000] {logging_mixin.py:190} INFO - [2025-04-17T06:57:08.013+0000] {dagbag.py:588} INFO - Filling up the DagBag from /home/airflow/.local/lib/python3.9/site-packages/airflow/example_dags/plugins/event_listener.py
[2025-04-17T06:57:08.015+0000] {processor.py:927} WARNING - No viable dags retrieved from /home/airflow/.local/lib/python3.9/site-packages/airflow/example_dags/plugins/event_listener.py
[2025-04-17T06:57:08.029+0000] {processor.py:208} INFO - Processing /home/airflow/.local/lib/python3.9/site-packages/airflow/example_dags/plugins/event_listener.py took 0.026 seconds
[2025-04-17T06:57:38.537+0000] {processor.py:186} INFO - Started process (PID=4321) to work on /home/airflow/.local/lib/python3.9/site-packages/airflow/example_dags/plugins/event_listener.py
[2025-04-17T06:57:38.538+0000] {processor.py:914} INFO - Processing file /home/airflow/.local/lib/python3.9/site-packages/airflow/example_dags/plugins/event_listener.py for tasks to queue
[2025-04-17T06:57:38.540+0000] {logging_mixin.py:190} INFO - [2025-04-17T06:57:38.540+0000] {dagbag.py:588} INFO - Filling up the DagBag from /home/airflow/.local/lib/python3.9/site-packages/airflow/example_dags/plugins/event_listener.py
[2025-04-17T06:57:38.542+0000] {processor.py:927} WARNING - No viable dags retrieved from /home/airflow/.local/lib/python3.9/site-packages/airflow/example_dags/plugins/event_listener.py
[2025-04-17T06:57:38.555+0000] {processor.py:208} INFO - Processing /home/airflow/.local/lib/python3.9/site-packages/airflow/example_dags/plugins/event_listener.py took 0.023 seconds
[2025-04-17T06:58:08.901+0000] {processor.py:186} INFO - Started process (PID=4379) to work on /home/airflow/.local/lib/python3.9/site-packages/airflow/example_dags/plugins/event_listener.py
[2025-04-17T06:58:08.902+0000] {processor.py:914} INFO - Processing file /home/airflow/.local/lib/python3.9/site-packages/airflow/example_dags/plugins/event_listener.py for tasks to queue
[2025-04-17T06:58:08.904+0000] {logging_mixin.py:190} INFO - [2025-04-17T06:58:08.904+0000] {dagbag.py:588} INFO - Filling up the DagBag from /home/airflow/.local/lib/python3.9/site-packages/airflow/example_dags/plugins/event_listener.py
[2025-04-17T06:58:08.907+0000] {processor.py:927} WARNING - No viable dags retrieved from /home/airflow/.local/lib/python3.9/site-packages/airflow/example_dags/plugins/event_listener.py
[2025-04-17T06:58:08.920+0000] {processor.py:208} INFO - Processing /home/airflow/.local/lib/python3.9/site-packages/airflow/example_dags/plugins/event_listener.py took 0.026 seconds
[2025-04-17T06:58:39.167+0000] {processor.py:186} INFO - Started process (PID=4437) to work on /home/airflow/.local/lib/python3.9/site-packages/airflow/example_dags/plugins/event_listener.py
[2025-04-17T06:58:39.168+0000] {processor.py:914} INFO - Processing file /home/airflow/.local/lib/python3.9/site-packages/airflow/example_dags/plugins/event_listener.py for tasks to queue
[2025-04-17T06:58:39.170+0000] {logging_mixin.py:190} INFO - [2025-04-17T06:58:39.170+0000] {dagbag.py:588} INFO - Filling up the DagBag from /home/airflow/.local/lib/python3.9/site-packages/airflow/example_dags/plugins/event_listener.py
[2025-04-17T06:58:39.172+0000] {processor.py:927} WARNING - No viable dags retrieved from /home/airflow/.local/lib/python3.9/site-packages/airflow/example_dags/plugins/event_listener.py
[2025-04-17T06:58:39.185+0000] {processor.py:208} INFO - Processing /home/airflow/.local/lib/python3.9/site-packages/airflow/example_dags/plugins/event_listener.py took 0.023 seconds
[2025-04-17T06:59:09.283+0000] {processor.py:186} INFO - Started process (PID=4494) to work on /home/airflow/.local/lib/python3.9/site-packages/airflow/example_dags/plugins/event_listener.py
[2025-04-17T06:59:09.284+0000] {processor.py:914} INFO - Processing file /home/airflow/.local/lib/python3.9/site-packages/airflow/example_dags/plugins/event_listener.py for tasks to queue
[2025-04-17T06:59:09.286+0000] {logging_mixin.py:190} INFO - [2025-04-17T06:59:09.286+0000] {dagbag.py:588} INFO - Filling up the DagBag from /home/airflow/.local/lib/python3.9/site-packages/airflow/example_dags/plugins/event_listener.py
[2025-04-17T06:59:09.288+0000] {processor.py:927} WARNING - No viable dags retrieved from /home/airflow/.local/lib/python3.9/site-packages/airflow/example_dags/plugins/event_listener.py
[2025-04-17T06:59:09.301+0000] {processor.py:208} INFO - Processing /home/airflow/.local/lib/python3.9/site-packages/airflow/example_dags/plugins/event_listener.py took 0.024 seconds
[2025-04-17T06:59:39.575+0000] {processor.py:186} INFO - Started process (PID=4553) to work on /home/airflow/.local/lib/python3.9/site-packages/airflow/example_dags/plugins/event_listener.py
[2025-04-17T06:59:39.576+0000] {processor.py:914} INFO - Processing file /home/airflow/.local/lib/python3.9/site-packages/airflow/example_dags/plugins/event_listener.py for tasks to queue
[2025-04-17T06:59:39.578+0000] {logging_mixin.py:190} INFO - [2025-04-17T06:59:39.578+0000] {dagbag.py:588} INFO - Filling up the DagBag from /home/airflow/.local/lib/python3.9/site-packages/airflow/example_dags/plugins/event_listener.py
[2025-04-17T06:59:39.582+0000] {processor.py:927} WARNING - No viable dags retrieved from /home/airflow/.local/lib/python3.9/site-packages/airflow/example_dags/plugins/event_listener.py
[2025-04-17T06:59:39.601+0000] {processor.py:208} INFO - Processing /home/airflow/.local/lib/python3.9/site-packages/airflow/example_dags/plugins/event_listener.py took 0.032 seconds
[2025-04-17T07:00:09.642+0000] {processor.py:186} INFO - Started process (PID=4610) to work on /home/airflow/.local/lib/python3.9/site-packages/airflow/example_dags/plugins/event_listener.py
[2025-04-17T07:00:09.643+0000] {processor.py:914} INFO - Processing file /home/airflow/.local/lib/python3.9/site-packages/airflow/example_dags/plugins/event_listener.py for tasks to queue
[2025-04-17T07:00:09.646+0000] {logging_mixin.py:190} INFO - [2025-04-17T07:00:09.646+0000] {dagbag.py:588} INFO - Filling up the DagBag from /home/airflow/.local/lib/python3.9/site-packages/airflow/example_dags/plugins/event_listener.py
[2025-04-17T07:00:09.649+0000] {processor.py:927} WARNING - No viable dags retrieved from /home/airflow/.local/lib/python3.9/site-packages/airflow/example_dags/plugins/event_listener.py
[2025-04-17T07:00:09.661+0000] {processor.py:208} INFO - Processing /home/airflow/.local/lib/python3.9/site-packages/airflow/example_dags/plugins/event_listener.py took 0.025 seconds
[2025-04-17T07:00:41.293+0000] {processor.py:186} INFO - Started process (PID=4668) to work on /home/airflow/.local/lib/python3.9/site-packages/airflow/example_dags/plugins/event_listener.py
[2025-04-17T07:00:41.295+0000] {processor.py:914} INFO - Processing file /home/airflow/.local/lib/python3.9/site-packages/airflow/example_dags/plugins/event_listener.py for tasks to queue
[2025-04-17T07:00:41.302+0000] {logging_mixin.py:190} INFO - [2025-04-17T07:00:41.301+0000] {dagbag.py:588} INFO - Filling up the DagBag from /home/airflow/.local/lib/python3.9/site-packages/airflow/example_dags/plugins/event_listener.py
[2025-04-17T07:00:41.306+0000] {processor.py:927} WARNING - No viable dags retrieved from /home/airflow/.local/lib/python3.9/site-packages/airflow/example_dags/plugins/event_listener.py
[2025-04-17T07:00:41.330+0000] {processor.py:208} INFO - Processing /home/airflow/.local/lib/python3.9/site-packages/airflow/example_dags/plugins/event_listener.py took 0.051 seconds
[2025-04-17T07:01:12.489+0000] {processor.py:186} INFO - Started process (PID=4726) to work on /home/airflow/.local/lib/python3.9/site-packages/airflow/example_dags/plugins/event_listener.py
[2025-04-17T07:01:12.490+0000] {processor.py:914} INFO - Processing file /home/airflow/.local/lib/python3.9/site-packages/airflow/example_dags/plugins/event_listener.py for tasks to queue
[2025-04-17T07:01:12.494+0000] {logging_mixin.py:190} INFO - [2025-04-17T07:01:12.493+0000] {dagbag.py:588} INFO - Filling up the DagBag from /home/airflow/.local/lib/python3.9/site-packages/airflow/example_dags/plugins/event_listener.py
[2025-04-17T07:01:12.498+0000] {processor.py:927} WARNING - No viable dags retrieved from /home/airflow/.local/lib/python3.9/site-packages/airflow/example_dags/plugins/event_listener.py
[2025-04-17T07:01:12.520+0000] {processor.py:208} INFO - Processing /home/airflow/.local/lib/python3.9/site-packages/airflow/example_dags/plugins/event_listener.py took 0.040 seconds
[2025-04-17T07:01:43.586+0000] {processor.py:186} INFO - Started process (PID=4784) to work on /home/airflow/.local/lib/python3.9/site-packages/airflow/example_dags/plugins/event_listener.py
[2025-04-17T07:01:43.587+0000] {processor.py:914} INFO - Processing file /home/airflow/.local/lib/python3.9/site-packages/airflow/example_dags/plugins/event_listener.py for tasks to queue
[2025-04-17T07:01:43.589+0000] {logging_mixin.py:190} INFO - [2025-04-17T07:01:43.589+0000] {dagbag.py:588} INFO - Filling up the DagBag from /home/airflow/.local/lib/python3.9/site-packages/airflow/example_dags/plugins/event_listener.py
[2025-04-17T07:01:43.592+0000] {processor.py:927} WARNING - No viable dags retrieved from /home/airflow/.local/lib/python3.9/site-packages/airflow/example_dags/plugins/event_listener.py
[2025-04-17T07:01:43.607+0000] {processor.py:208} INFO - Processing /home/airflow/.local/lib/python3.9/site-packages/airflow/example_dags/plugins/event_listener.py took 0.031 seconds
[2025-04-17T07:02:15.313+0000] {processor.py:186} INFO - Started process (PID=4845) to work on /home/airflow/.local/lib/python3.9/site-packages/airflow/example_dags/plugins/event_listener.py
[2025-04-17T07:02:15.314+0000] {processor.py:914} INFO - Processing file /home/airflow/.local/lib/python3.9/site-packages/airflow/example_dags/plugins/event_listener.py for tasks to queue
[2025-04-17T07:02:15.317+0000] {logging_mixin.py:190} INFO - [2025-04-17T07:02:15.317+0000] {dagbag.py:588} INFO - Filling up the DagBag from /home/airflow/.local/lib/python3.9/site-packages/airflow/example_dags/plugins/event_listener.py
[2025-04-17T07:02:15.319+0000] {processor.py:927} WARNING - No viable dags retrieved from /home/airflow/.local/lib/python3.9/site-packages/airflow/example_dags/plugins/event_listener.py
[2025-04-17T07:02:15.331+0000] {processor.py:208} INFO - Processing /home/airflow/.local/lib/python3.9/site-packages/airflow/example_dags/plugins/event_listener.py took 0.027 seconds
[2025-04-17T07:02:46.833+0000] {processor.py:186} INFO - Started process (PID=4905) to work on /home/airflow/.local/lib/python3.9/site-packages/airflow/example_dags/plugins/event_listener.py
[2025-04-17T07:02:46.835+0000] {processor.py:914} INFO - Processing file /home/airflow/.local/lib/python3.9/site-packages/airflow/example_dags/plugins/event_listener.py for tasks to queue
[2025-04-17T07:02:46.837+0000] {logging_mixin.py:190} INFO - [2025-04-17T07:02:46.837+0000] {dagbag.py:588} INFO - Filling up the DagBag from /home/airflow/.local/lib/python3.9/site-packages/airflow/example_dags/plugins/event_listener.py
[2025-04-17T07:02:46.839+0000] {processor.py:927} WARNING - No viable dags retrieved from /home/airflow/.local/lib/python3.9/site-packages/airflow/example_dags/plugins/event_listener.py
[2025-04-17T07:02:46.853+0000] {processor.py:208} INFO - Processing /home/airflow/.local/lib/python3.9/site-packages/airflow/example_dags/plugins/event_listener.py took 0.027 seconds
