[2025-04-17T06:19:55.954+0000] {processor.py:186} INFO - Started process (PID=91) to work on /home/airflow/.local/lib/python3.9/site-packages/airflow/example_dags/plugins/listener_plugin.py
[2025-04-17T06:19:55.956+0000] {processor.py:914} INFO - Processing file /home/airflow/.local/lib/python3.9/site-packages/airflow/example_dags/plugins/listener_plugin.py for tasks to queue
[2025-04-17T06:19:55.962+0000] {logging_mixin.py:190} INFO - [2025-04-17T06:19:55.962+0000] {dagbag.py:588} INFO - Filling up the DagBag from /home/airflow/.local/lib/python3.9/site-packages/airflow/example_dags/plugins/listener_plugin.py
[2025-04-17T06:19:55.968+0000] {processor.py:927} WARNING - No viable dags retrieved from /home/airflow/.local/lib/python3.9/site-packages/airflow/example_dags/plugins/listener_plugin.py
[2025-04-17T06:19:55.998+0000] {processor.py:208} INFO - Processing /home/airflow/.local/lib/python3.9/site-packages/airflow/example_dags/plugins/listener_plugin.py took 0.061 seconds
[2025-04-17T06:20:27.525+0000] {processor.py:186} INFO - Started process (PID=149) to work on /home/airflow/.local/lib/python3.9/site-packages/airflow/example_dags/plugins/listener_plugin.py
[2025-04-17T06:20:27.527+0000] {processor.py:914} INFO - Processing file /home/airflow/.local/lib/python3.9/site-packages/airflow/example_dags/plugins/listener_plugin.py for tasks to queue
[2025-04-17T06:20:27.532+0000] {logging_mixin.py:190} INFO - [2025-04-17T06:20:27.531+0000] {dagbag.py:588} INFO - Filling up the DagBag from /home/airflow/.local/lib/python3.9/site-packages/airflow/example_dags/plugins/listener_plugin.py
[2025-04-17T06:20:27.537+0000] {processor.py:927} WARNING - No viable dags retrieved from /home/airflow/.local/lib/python3.9/site-packages/airflow/example_dags/plugins/listener_plugin.py
[2025-04-17T06:20:27.564+0000] {processor.py:208} INFO - Processing /home/airflow/.local/lib/python3.9/site-packages/airflow/example_dags/plugins/listener_plugin.py took 0.054 seconds
[2025-04-17T06:20:59.140+0000] {processor.py:186} INFO - Started process (PID=207) to work on /home/airflow/.local/lib/python3.9/site-packages/airflow/example_dags/plugins/listener_plugin.py
[2025-04-17T06:20:59.142+0000] {processor.py:914} INFO - Processing file /home/airflow/.local/lib/python3.9/site-packages/airflow/example_dags/plugins/listener_plugin.py for tasks to queue
[2025-04-17T06:20:59.148+0000] {logging_mixin.py:190} INFO - [2025-04-17T06:20:59.147+0000] {dagbag.py:588} INFO - Filling up the DagBag from /home/airflow/.local/lib/python3.9/site-packages/airflow/example_dags/plugins/listener_plugin.py
[2025-04-17T06:20:59.152+0000] {processor.py:927} WARNING - No viable dags retrieved from /home/airflow/.local/lib/python3.9/site-packages/airflow/example_dags/plugins/listener_plugin.py
[2025-04-17T06:20:59.174+0000] {processor.py:208} INFO - Processing /home/airflow/.local/lib/python3.9/site-packages/airflow/example_dags/plugins/listener_plugin.py took 0.054 seconds
[2025-04-17T06:21:31.035+0000] {processor.py:186} INFO - Started process (PID=265) to work on /home/airflow/.local/lib/python3.9/site-packages/airflow/example_dags/plugins/listener_plugin.py
[2025-04-17T06:21:31.037+0000] {processor.py:914} INFO - Processing file /home/airflow/.local/lib/python3.9/site-packages/airflow/example_dags/plugins/listener_plugin.py for tasks to queue
[2025-04-17T06:21:31.043+0000] {logging_mixin.py:190} INFO - [2025-04-17T06:21:31.042+0000] {dagbag.py:588} INFO - Filling up the DagBag from /home/airflow/.local/lib/python3.9/site-packages/airflow/example_dags/plugins/listener_plugin.py
[2025-04-17T06:21:31.050+0000] {processor.py:927} WARNING - No viable dags retrieved from /home/airflow/.local/lib/python3.9/site-packages/airflow/example_dags/plugins/listener_plugin.py
[2025-04-17T06:21:31.080+0000] {processor.py:208} INFO - Processing /home/airflow/.local/lib/python3.9/site-packages/airflow/example_dags/plugins/listener_plugin.py took 0.060 seconds
[2025-04-17T06:22:02.059+0000] {processor.py:186} INFO - Started process (PID=323) to work on /home/airflow/.local/lib/python3.9/site-packages/airflow/example_dags/plugins/listener_plugin.py
[2025-04-17T06:22:02.062+0000] {processor.py:914} INFO - Processing file /home/airflow/.local/lib/python3.9/site-packages/airflow/example_dags/plugins/listener_plugin.py for tasks to queue
[2025-04-17T06:22:02.067+0000] {logging_mixin.py:190} INFO - [2025-04-17T06:22:02.067+0000] {dagbag.py:588} INFO - Filling up the DagBag from /home/airflow/.local/lib/python3.9/site-packages/airflow/example_dags/plugins/listener_plugin.py
[2025-04-17T06:22:02.072+0000] {processor.py:927} WARNING - No viable dags retrieved from /home/airflow/.local/lib/python3.9/site-packages/airflow/example_dags/plugins/listener_plugin.py
[2025-04-17T06:22:02.099+0000] {processor.py:208} INFO - Processing /home/airflow/.local/lib/python3.9/site-packages/airflow/example_dags/plugins/listener_plugin.py took 0.058 seconds
[2025-04-17T06:22:33.031+0000] {processor.py:186} INFO - Started process (PID=381) to work on /home/airflow/.local/lib/python3.9/site-packages/airflow/example_dags/plugins/listener_plugin.py
[2025-04-17T06:22:33.033+0000] {processor.py:914} INFO - Processing file /home/airflow/.local/lib/python3.9/site-packages/airflow/example_dags/plugins/listener_plugin.py for tasks to queue
[2025-04-17T06:22:33.038+0000] {logging_mixin.py:190} INFO - [2025-04-17T06:22:33.037+0000] {dagbag.py:588} INFO - Filling up the DagBag from /home/airflow/.local/lib/python3.9/site-packages/airflow/example_dags/plugins/listener_plugin.py
[2025-04-17T06:22:33.042+0000] {processor.py:927} WARNING - No viable dags retrieved from /home/airflow/.local/lib/python3.9/site-packages/airflow/example_dags/plugins/listener_plugin.py
[2025-04-17T06:22:33.069+0000] {processor.py:208} INFO - Processing /home/airflow/.local/lib/python3.9/site-packages/airflow/example_dags/plugins/listener_plugin.py took 0.050 seconds
[2025-04-17T06:23:09.664+0000] {processor.py:186} INFO - Started process (PID=439) to work on /home/airflow/.local/lib/python3.9/site-packages/airflow/example_dags/plugins/listener_plugin.py
[2025-04-17T06:23:09.669+0000] {processor.py:914} INFO - Processing file /home/airflow/.local/lib/python3.9/site-packages/airflow/example_dags/plugins/listener_plugin.py for tasks to queue
[2025-04-17T06:23:09.677+0000] {logging_mixin.py:190} INFO - [2025-04-17T06:23:09.676+0000] {dagbag.py:588} INFO - Filling up the DagBag from /home/airflow/.local/lib/python3.9/site-packages/airflow/example_dags/plugins/listener_plugin.py
[2025-04-17T06:23:09.688+0000] {processor.py:927} WARNING - No viable dags retrieved from /home/airflow/.local/lib/python3.9/site-packages/airflow/example_dags/plugins/listener_plugin.py
[2025-04-17T06:23:09.728+0000] {processor.py:208} INFO - Processing /home/airflow/.local/lib/python3.9/site-packages/airflow/example_dags/plugins/listener_plugin.py took 0.092 seconds
[2025-04-17T06:23:40.322+0000] {processor.py:186} INFO - Started process (PID=497) to work on /home/airflow/.local/lib/python3.9/site-packages/airflow/example_dags/plugins/listener_plugin.py
[2025-04-17T06:23:40.325+0000] {processor.py:914} INFO - Processing file /home/airflow/.local/lib/python3.9/site-packages/airflow/example_dags/plugins/listener_plugin.py for tasks to queue
[2025-04-17T06:23:40.329+0000] {logging_mixin.py:190} INFO - [2025-04-17T06:23:40.329+0000] {dagbag.py:588} INFO - Filling up the DagBag from /home/airflow/.local/lib/python3.9/site-packages/airflow/example_dags/plugins/listener_plugin.py
[2025-04-17T06:23:40.336+0000] {processor.py:927} WARNING - No viable dags retrieved from /home/airflow/.local/lib/python3.9/site-packages/airflow/example_dags/plugins/listener_plugin.py
[2025-04-17T06:23:40.363+0000] {processor.py:208} INFO - Processing /home/airflow/.local/lib/python3.9/site-packages/airflow/example_dags/plugins/listener_plugin.py took 0.064 seconds
[2025-04-17T06:24:11.166+0000] {processor.py:186} INFO - Started process (PID=555) to work on /home/airflow/.local/lib/python3.9/site-packages/airflow/example_dags/plugins/listener_plugin.py
[2025-04-17T06:24:11.168+0000] {processor.py:914} INFO - Processing file /home/airflow/.local/lib/python3.9/site-packages/airflow/example_dags/plugins/listener_plugin.py for tasks to queue
[2025-04-17T06:24:11.173+0000] {logging_mixin.py:190} INFO - [2025-04-17T06:24:11.173+0000] {dagbag.py:588} INFO - Filling up the DagBag from /home/airflow/.local/lib/python3.9/site-packages/airflow/example_dags/plugins/listener_plugin.py
[2025-04-17T06:24:11.179+0000] {processor.py:927} WARNING - No viable dags retrieved from /home/airflow/.local/lib/python3.9/site-packages/airflow/example_dags/plugins/listener_plugin.py
[2025-04-17T06:24:11.205+0000] {processor.py:208} INFO - Processing /home/airflow/.local/lib/python3.9/site-packages/airflow/example_dags/plugins/listener_plugin.py took 0.054 seconds
[2025-04-17T06:24:43.864+0000] {processor.py:186} INFO - Started process (PID=613) to work on /home/airflow/.local/lib/python3.9/site-packages/airflow/example_dags/plugins/listener_plugin.py
[2025-04-17T06:24:43.868+0000] {processor.py:914} INFO - Processing file /home/airflow/.local/lib/python3.9/site-packages/airflow/example_dags/plugins/listener_plugin.py for tasks to queue
[2025-04-17T06:24:43.878+0000] {logging_mixin.py:190} INFO - [2025-04-17T06:24:43.877+0000] {dagbag.py:588} INFO - Filling up the DagBag from /home/airflow/.local/lib/python3.9/site-packages/airflow/example_dags/plugins/listener_plugin.py
[2025-04-17T06:24:43.884+0000] {processor.py:927} WARNING - No viable dags retrieved from /home/airflow/.local/lib/python3.9/site-packages/airflow/example_dags/plugins/listener_plugin.py
[2025-04-17T06:24:43.920+0000] {processor.py:208} INFO - Processing /home/airflow/.local/lib/python3.9/site-packages/airflow/example_dags/plugins/listener_plugin.py took 0.090 seconds
[2025-04-17T06:25:15.014+0000] {processor.py:186} INFO - Started process (PID=671) to work on /home/airflow/.local/lib/python3.9/site-packages/airflow/example_dags/plugins/listener_plugin.py
[2025-04-17T06:25:15.017+0000] {processor.py:914} INFO - Processing file /home/airflow/.local/lib/python3.9/site-packages/airflow/example_dags/plugins/listener_plugin.py for tasks to queue
[2025-04-17T06:25:15.025+0000] {logging_mixin.py:190} INFO - [2025-04-17T06:25:15.025+0000] {dagbag.py:588} INFO - Filling up the DagBag from /home/airflow/.local/lib/python3.9/site-packages/airflow/example_dags/plugins/listener_plugin.py
[2025-04-17T06:25:15.032+0000] {processor.py:927} WARNING - No viable dags retrieved from /home/airflow/.local/lib/python3.9/site-packages/airflow/example_dags/plugins/listener_plugin.py
[2025-04-17T06:25:15.071+0000] {processor.py:208} INFO - Processing /home/airflow/.local/lib/python3.9/site-packages/airflow/example_dags/plugins/listener_plugin.py took 0.078 seconds
[2025-04-17T06:25:46.355+0000] {processor.py:186} INFO - Started process (PID=729) to work on /home/airflow/.local/lib/python3.9/site-packages/airflow/example_dags/plugins/listener_plugin.py
[2025-04-17T06:25:46.358+0000] {processor.py:914} INFO - Processing file /home/airflow/.local/lib/python3.9/site-packages/airflow/example_dags/plugins/listener_plugin.py for tasks to queue
[2025-04-17T06:25:46.364+0000] {logging_mixin.py:190} INFO - [2025-04-17T06:25:46.363+0000] {dagbag.py:588} INFO - Filling up the DagBag from /home/airflow/.local/lib/python3.9/site-packages/airflow/example_dags/plugins/listener_plugin.py
[2025-04-17T06:25:46.371+0000] {processor.py:927} WARNING - No viable dags retrieved from /home/airflow/.local/lib/python3.9/site-packages/airflow/example_dags/plugins/listener_plugin.py
[2025-04-17T06:25:46.404+0000] {processor.py:208} INFO - Processing /home/airflow/.local/lib/python3.9/site-packages/airflow/example_dags/plugins/listener_plugin.py took 0.068 seconds
[2025-04-17T06:26:18.194+0000] {processor.py:186} INFO - Started process (PID=787) to work on /home/airflow/.local/lib/python3.9/site-packages/airflow/example_dags/plugins/listener_plugin.py
[2025-04-17T06:26:18.198+0000] {processor.py:914} INFO - Processing file /home/airflow/.local/lib/python3.9/site-packages/airflow/example_dags/plugins/listener_plugin.py for tasks to queue
[2025-04-17T06:26:18.205+0000] {logging_mixin.py:190} INFO - [2025-04-17T06:26:18.205+0000] {dagbag.py:588} INFO - Filling up the DagBag from /home/airflow/.local/lib/python3.9/site-packages/airflow/example_dags/plugins/listener_plugin.py
[2025-04-17T06:26:18.211+0000] {processor.py:927} WARNING - No viable dags retrieved from /home/airflow/.local/lib/python3.9/site-packages/airflow/example_dags/plugins/listener_plugin.py
[2025-04-17T06:26:18.253+0000] {processor.py:208} INFO - Processing /home/airflow/.local/lib/python3.9/site-packages/airflow/example_dags/plugins/listener_plugin.py took 0.076 seconds
[2025-04-17T06:26:49.039+0000] {processor.py:186} INFO - Started process (PID=844) to work on /home/airflow/.local/lib/python3.9/site-packages/airflow/example_dags/plugins/listener_plugin.py
[2025-04-17T06:26:49.042+0000] {processor.py:914} INFO - Processing file /home/airflow/.local/lib/python3.9/site-packages/airflow/example_dags/plugins/listener_plugin.py for tasks to queue
[2025-04-17T06:26:49.047+0000] {logging_mixin.py:190} INFO - [2025-04-17T06:26:49.047+0000] {dagbag.py:588} INFO - Filling up the DagBag from /home/airflow/.local/lib/python3.9/site-packages/airflow/example_dags/plugins/listener_plugin.py
[2025-04-17T06:26:49.055+0000] {processor.py:927} WARNING - No viable dags retrieved from /home/airflow/.local/lib/python3.9/site-packages/airflow/example_dags/plugins/listener_plugin.py
[2025-04-17T06:26:49.093+0000] {processor.py:208} INFO - Processing /home/airflow/.local/lib/python3.9/site-packages/airflow/example_dags/plugins/listener_plugin.py took 0.076 seconds
[2025-04-17T06:27:19.392+0000] {processor.py:186} INFO - Started process (PID=901) to work on /home/airflow/.local/lib/python3.9/site-packages/airflow/example_dags/plugins/listener_plugin.py
[2025-04-17T06:27:19.394+0000] {processor.py:914} INFO - Processing file /home/airflow/.local/lib/python3.9/site-packages/airflow/example_dags/plugins/listener_plugin.py for tasks to queue
[2025-04-17T06:27:19.398+0000] {logging_mixin.py:190} INFO - [2025-04-17T06:27:19.397+0000] {dagbag.py:588} INFO - Filling up the DagBag from /home/airflow/.local/lib/python3.9/site-packages/airflow/example_dags/plugins/listener_plugin.py
[2025-04-17T06:27:19.402+0000] {processor.py:927} WARNING - No viable dags retrieved from /home/airflow/.local/lib/python3.9/site-packages/airflow/example_dags/plugins/listener_plugin.py
[2025-04-17T06:27:19.433+0000] {processor.py:208} INFO - Processing /home/airflow/.local/lib/python3.9/site-packages/airflow/example_dags/plugins/listener_plugin.py took 0.053 seconds
[2025-04-17T06:27:50.059+0000] {processor.py:186} INFO - Started process (PID=959) to work on /home/airflow/.local/lib/python3.9/site-packages/airflow/example_dags/plugins/listener_plugin.py
[2025-04-17T06:27:50.061+0000] {processor.py:914} INFO - Processing file /home/airflow/.local/lib/python3.9/site-packages/airflow/example_dags/plugins/listener_plugin.py for tasks to queue
[2025-04-17T06:27:50.067+0000] {logging_mixin.py:190} INFO - [2025-04-17T06:27:50.066+0000] {dagbag.py:588} INFO - Filling up the DagBag from /home/airflow/.local/lib/python3.9/site-packages/airflow/example_dags/plugins/listener_plugin.py
[2025-04-17T06:27:50.073+0000] {processor.py:927} WARNING - No viable dags retrieved from /home/airflow/.local/lib/python3.9/site-packages/airflow/example_dags/plugins/listener_plugin.py
[2025-04-17T06:27:50.112+0000] {processor.py:208} INFO - Processing /home/airflow/.local/lib/python3.9/site-packages/airflow/example_dags/plugins/listener_plugin.py took 0.073 seconds
[2025-04-17T06:28:20.672+0000] {processor.py:186} INFO - Started process (PID=1017) to work on /home/airflow/.local/lib/python3.9/site-packages/airflow/example_dags/plugins/listener_plugin.py
[2025-04-17T06:28:20.674+0000] {processor.py:914} INFO - Processing file /home/airflow/.local/lib/python3.9/site-packages/airflow/example_dags/plugins/listener_plugin.py for tasks to queue
[2025-04-17T06:28:20.680+0000] {logging_mixin.py:190} INFO - [2025-04-17T06:28:20.679+0000] {dagbag.py:588} INFO - Filling up the DagBag from /home/airflow/.local/lib/python3.9/site-packages/airflow/example_dags/plugins/listener_plugin.py
[2025-04-17T06:28:20.685+0000] {processor.py:927} WARNING - No viable dags retrieved from /home/airflow/.local/lib/python3.9/site-packages/airflow/example_dags/plugins/listener_plugin.py
[2025-04-17T06:28:20.711+0000] {processor.py:208} INFO - Processing /home/airflow/.local/lib/python3.9/site-packages/airflow/example_dags/plugins/listener_plugin.py took 0.053 seconds
[2025-04-17T06:28:52.188+0000] {processor.py:186} INFO - Started process (PID=1075) to work on /home/airflow/.local/lib/python3.9/site-packages/airflow/example_dags/plugins/listener_plugin.py
[2025-04-17T06:28:52.191+0000] {processor.py:914} INFO - Processing file /home/airflow/.local/lib/python3.9/site-packages/airflow/example_dags/plugins/listener_plugin.py for tasks to queue
[2025-04-17T06:28:52.199+0000] {logging_mixin.py:190} INFO - [2025-04-17T06:28:52.198+0000] {dagbag.py:588} INFO - Filling up the DagBag from /home/airflow/.local/lib/python3.9/site-packages/airflow/example_dags/plugins/listener_plugin.py
[2025-04-17T06:28:52.207+0000] {processor.py:927} WARNING - No viable dags retrieved from /home/airflow/.local/lib/python3.9/site-packages/airflow/example_dags/plugins/listener_plugin.py
[2025-04-17T06:28:52.240+0000] {processor.py:208} INFO - Processing /home/airflow/.local/lib/python3.9/site-packages/airflow/example_dags/plugins/listener_plugin.py took 0.074 seconds
[2025-04-17T06:29:23.800+0000] {processor.py:186} INFO - Started process (PID=1133) to work on /home/airflow/.local/lib/python3.9/site-packages/airflow/example_dags/plugins/listener_plugin.py
[2025-04-17T06:29:23.802+0000] {processor.py:914} INFO - Processing file /home/airflow/.local/lib/python3.9/site-packages/airflow/example_dags/plugins/listener_plugin.py for tasks to queue
[2025-04-17T06:29:23.807+0000] {logging_mixin.py:190} INFO - [2025-04-17T06:29:23.806+0000] {dagbag.py:588} INFO - Filling up the DagBag from /home/airflow/.local/lib/python3.9/site-packages/airflow/example_dags/plugins/listener_plugin.py
[2025-04-17T06:29:23.813+0000] {processor.py:927} WARNING - No viable dags retrieved from /home/airflow/.local/lib/python3.9/site-packages/airflow/example_dags/plugins/listener_plugin.py
[2025-04-17T06:29:23.844+0000] {processor.py:208} INFO - Processing /home/airflow/.local/lib/python3.9/site-packages/airflow/example_dags/plugins/listener_plugin.py took 0.058 seconds
[2025-04-17T06:29:54.954+0000] {processor.py:186} INFO - Started process (PID=1191) to work on /home/airflow/.local/lib/python3.9/site-packages/airflow/example_dags/plugins/listener_plugin.py
[2025-04-17T06:29:54.956+0000] {processor.py:914} INFO - Processing file /home/airflow/.local/lib/python3.9/site-packages/airflow/example_dags/plugins/listener_plugin.py for tasks to queue
[2025-04-17T06:29:54.962+0000] {logging_mixin.py:190} INFO - [2025-04-17T06:29:54.961+0000] {dagbag.py:588} INFO - Filling up the DagBag from /home/airflow/.local/lib/python3.9/site-packages/airflow/example_dags/plugins/listener_plugin.py
[2025-04-17T06:29:54.967+0000] {processor.py:927} WARNING - No viable dags retrieved from /home/airflow/.local/lib/python3.9/site-packages/airflow/example_dags/plugins/listener_plugin.py
[2025-04-17T06:29:54.994+0000] {processor.py:208} INFO - Processing /home/airflow/.local/lib/python3.9/site-packages/airflow/example_dags/plugins/listener_plugin.py took 0.067 seconds
[2025-04-17T06:30:26.903+0000] {processor.py:186} INFO - Started process (PID=1249) to work on /home/airflow/.local/lib/python3.9/site-packages/airflow/example_dags/plugins/listener_plugin.py
[2025-04-17T06:30:26.907+0000] {processor.py:914} INFO - Processing file /home/airflow/.local/lib/python3.9/site-packages/airflow/example_dags/plugins/listener_plugin.py for tasks to queue
[2025-04-17T06:30:26.913+0000] {logging_mixin.py:190} INFO - [2025-04-17T06:30:26.912+0000] {dagbag.py:588} INFO - Filling up the DagBag from /home/airflow/.local/lib/python3.9/site-packages/airflow/example_dags/plugins/listener_plugin.py
[2025-04-17T06:30:26.921+0000] {processor.py:927} WARNING - No viable dags retrieved from /home/airflow/.local/lib/python3.9/site-packages/airflow/example_dags/plugins/listener_plugin.py
[2025-04-17T06:30:26.969+0000] {processor.py:208} INFO - Processing /home/airflow/.local/lib/python3.9/site-packages/airflow/example_dags/plugins/listener_plugin.py took 0.088 seconds
[2025-04-17T06:30:58.254+0000] {processor.py:186} INFO - Started process (PID=1309) to work on /home/airflow/.local/lib/python3.9/site-packages/airflow/example_dags/plugins/listener_plugin.py
[2025-04-17T06:30:58.256+0000] {processor.py:914} INFO - Processing file /home/airflow/.local/lib/python3.9/site-packages/airflow/example_dags/plugins/listener_plugin.py for tasks to queue
[2025-04-17T06:30:58.261+0000] {logging_mixin.py:190} INFO - [2025-04-17T06:30:58.260+0000] {dagbag.py:588} INFO - Filling up the DagBag from /home/airflow/.local/lib/python3.9/site-packages/airflow/example_dags/plugins/listener_plugin.py
[2025-04-17T06:30:58.265+0000] {processor.py:927} WARNING - No viable dags retrieved from /home/airflow/.local/lib/python3.9/site-packages/airflow/example_dags/plugins/listener_plugin.py
[2025-04-17T06:30:58.292+0000] {processor.py:208} INFO - Processing /home/airflow/.local/lib/python3.9/site-packages/airflow/example_dags/plugins/listener_plugin.py took 0.053 seconds
[2025-04-17T06:31:28.809+0000] {processor.py:186} INFO - Started process (PID=1367) to work on /home/airflow/.local/lib/python3.9/site-packages/airflow/example_dags/plugins/listener_plugin.py
[2025-04-17T06:31:28.812+0000] {processor.py:914} INFO - Processing file /home/airflow/.local/lib/python3.9/site-packages/airflow/example_dags/plugins/listener_plugin.py for tasks to queue
[2025-04-17T06:31:28.819+0000] {logging_mixin.py:190} INFO - [2025-04-17T06:31:28.818+0000] {dagbag.py:588} INFO - Filling up the DagBag from /home/airflow/.local/lib/python3.9/site-packages/airflow/example_dags/plugins/listener_plugin.py
[2025-04-17T06:31:28.825+0000] {processor.py:927} WARNING - No viable dags retrieved from /home/airflow/.local/lib/python3.9/site-packages/airflow/example_dags/plugins/listener_plugin.py
[2025-04-17T06:31:28.856+0000] {processor.py:208} INFO - Processing /home/airflow/.local/lib/python3.9/site-packages/airflow/example_dags/plugins/listener_plugin.py took 0.066 seconds
[2025-04-17T06:31:59.275+0000] {processor.py:186} INFO - Started process (PID=1424) to work on /home/airflow/.local/lib/python3.9/site-packages/airflow/example_dags/plugins/listener_plugin.py
[2025-04-17T06:31:59.278+0000] {processor.py:914} INFO - Processing file /home/airflow/.local/lib/python3.9/site-packages/airflow/example_dags/plugins/listener_plugin.py for tasks to queue
[2025-04-17T06:31:59.285+0000] {logging_mixin.py:190} INFO - [2025-04-17T06:31:59.284+0000] {dagbag.py:588} INFO - Filling up the DagBag from /home/airflow/.local/lib/python3.9/site-packages/airflow/example_dags/plugins/listener_plugin.py
[2025-04-17T06:31:59.297+0000] {processor.py:927} WARNING - No viable dags retrieved from /home/airflow/.local/lib/python3.9/site-packages/airflow/example_dags/plugins/listener_plugin.py
[2025-04-17T06:31:59.336+0000] {processor.py:208} INFO - Processing /home/airflow/.local/lib/python3.9/site-packages/airflow/example_dags/plugins/listener_plugin.py took 0.084 seconds
[2025-04-17T06:32:30.320+0000] {processor.py:186} INFO - Started process (PID=1482) to work on /home/airflow/.local/lib/python3.9/site-packages/airflow/example_dags/plugins/listener_plugin.py
[2025-04-17T06:32:30.322+0000] {processor.py:914} INFO - Processing file /home/airflow/.local/lib/python3.9/site-packages/airflow/example_dags/plugins/listener_plugin.py for tasks to queue
[2025-04-17T06:32:30.328+0000] {logging_mixin.py:190} INFO - [2025-04-17T06:32:30.327+0000] {dagbag.py:588} INFO - Filling up the DagBag from /home/airflow/.local/lib/python3.9/site-packages/airflow/example_dags/plugins/listener_plugin.py
[2025-04-17T06:32:30.337+0000] {processor.py:927} WARNING - No viable dags retrieved from /home/airflow/.local/lib/python3.9/site-packages/airflow/example_dags/plugins/listener_plugin.py
[2025-04-17T06:32:30.366+0000] {processor.py:208} INFO - Processing /home/airflow/.local/lib/python3.9/site-packages/airflow/example_dags/plugins/listener_plugin.py took 0.064 seconds
[2025-04-17T06:33:01.681+0000] {processor.py:186} INFO - Started process (PID=1540) to work on /home/airflow/.local/lib/python3.9/site-packages/airflow/example_dags/plugins/listener_plugin.py
[2025-04-17T06:33:01.682+0000] {processor.py:914} INFO - Processing file /home/airflow/.local/lib/python3.9/site-packages/airflow/example_dags/plugins/listener_plugin.py for tasks to queue
[2025-04-17T06:33:01.687+0000] {logging_mixin.py:190} INFO - [2025-04-17T06:33:01.686+0000] {dagbag.py:588} INFO - Filling up the DagBag from /home/airflow/.local/lib/python3.9/site-packages/airflow/example_dags/plugins/listener_plugin.py
[2025-04-17T06:33:01.691+0000] {processor.py:927} WARNING - No viable dags retrieved from /home/airflow/.local/lib/python3.9/site-packages/airflow/example_dags/plugins/listener_plugin.py
[2025-04-17T06:33:01.715+0000] {processor.py:208} INFO - Processing /home/airflow/.local/lib/python3.9/site-packages/airflow/example_dags/plugins/listener_plugin.py took 0.047 seconds
[2025-04-17T06:33:32.419+0000] {processor.py:186} INFO - Started process (PID=1599) to work on /home/airflow/.local/lib/python3.9/site-packages/airflow/example_dags/plugins/listener_plugin.py
[2025-04-17T06:33:32.421+0000] {processor.py:914} INFO - Processing file /home/airflow/.local/lib/python3.9/site-packages/airflow/example_dags/plugins/listener_plugin.py for tasks to queue
[2025-04-17T06:33:32.426+0000] {logging_mixin.py:190} INFO - [2025-04-17T06:33:32.425+0000] {dagbag.py:588} INFO - Filling up the DagBag from /home/airflow/.local/lib/python3.9/site-packages/airflow/example_dags/plugins/listener_plugin.py
[2025-04-17T06:33:32.430+0000] {processor.py:927} WARNING - No viable dags retrieved from /home/airflow/.local/lib/python3.9/site-packages/airflow/example_dags/plugins/listener_plugin.py
[2025-04-17T06:33:32.455+0000] {processor.py:208} INFO - Processing /home/airflow/.local/lib/python3.9/site-packages/airflow/example_dags/plugins/listener_plugin.py took 0.050 seconds
[2025-04-17T06:34:03.220+0000] {processor.py:186} INFO - Started process (PID=1657) to work on /home/airflow/.local/lib/python3.9/site-packages/airflow/example_dags/plugins/listener_plugin.py
[2025-04-17T06:34:03.224+0000] {processor.py:914} INFO - Processing file /home/airflow/.local/lib/python3.9/site-packages/airflow/example_dags/plugins/listener_plugin.py for tasks to queue
[2025-04-17T06:34:03.234+0000] {logging_mixin.py:190} INFO - [2025-04-17T06:34:03.232+0000] {dagbag.py:588} INFO - Filling up the DagBag from /home/airflow/.local/lib/python3.9/site-packages/airflow/example_dags/plugins/listener_plugin.py
[2025-04-17T06:34:03.243+0000] {processor.py:927} WARNING - No viable dags retrieved from /home/airflow/.local/lib/python3.9/site-packages/airflow/example_dags/plugins/listener_plugin.py
[2025-04-17T06:34:03.289+0000] {processor.py:208} INFO - Processing /home/airflow/.local/lib/python3.9/site-packages/airflow/example_dags/plugins/listener_plugin.py took 0.094 seconds
[2025-04-17T06:34:33.755+0000] {processor.py:186} INFO - Started process (PID=1716) to work on /home/airflow/.local/lib/python3.9/site-packages/airflow/example_dags/plugins/listener_plugin.py
[2025-04-17T06:34:33.757+0000] {processor.py:914} INFO - Processing file /home/airflow/.local/lib/python3.9/site-packages/airflow/example_dags/plugins/listener_plugin.py for tasks to queue
[2025-04-17T06:34:33.770+0000] {logging_mixin.py:190} INFO - [2025-04-17T06:34:33.769+0000] {dagbag.py:588} INFO - Filling up the DagBag from /home/airflow/.local/lib/python3.9/site-packages/airflow/example_dags/plugins/listener_plugin.py
[2025-04-17T06:34:33.778+0000] {processor.py:927} WARNING - No viable dags retrieved from /home/airflow/.local/lib/python3.9/site-packages/airflow/example_dags/plugins/listener_plugin.py
[2025-04-17T06:34:33.823+0000] {processor.py:208} INFO - Processing /home/airflow/.local/lib/python3.9/site-packages/airflow/example_dags/plugins/listener_plugin.py took 0.088 seconds
[2025-04-17T06:35:04.436+0000] {processor.py:186} INFO - Started process (PID=1774) to work on /home/airflow/.local/lib/python3.9/site-packages/airflow/example_dags/plugins/listener_plugin.py
[2025-04-17T06:35:04.438+0000] {processor.py:914} INFO - Processing file /home/airflow/.local/lib/python3.9/site-packages/airflow/example_dags/plugins/listener_plugin.py for tasks to queue
[2025-04-17T06:35:04.443+0000] {logging_mixin.py:190} INFO - [2025-04-17T06:35:04.442+0000] {dagbag.py:588} INFO - Filling up the DagBag from /home/airflow/.local/lib/python3.9/site-packages/airflow/example_dags/plugins/listener_plugin.py
[2025-04-17T06:35:04.448+0000] {processor.py:927} WARNING - No viable dags retrieved from /home/airflow/.local/lib/python3.9/site-packages/airflow/example_dags/plugins/listener_plugin.py
[2025-04-17T06:35:04.477+0000] {processor.py:208} INFO - Processing /home/airflow/.local/lib/python3.9/site-packages/airflow/example_dags/plugins/listener_plugin.py took 0.056 seconds
[2025-04-17T06:35:35.766+0000] {processor.py:186} INFO - Started process (PID=1832) to work on /home/airflow/.local/lib/python3.9/site-packages/airflow/example_dags/plugins/listener_plugin.py
[2025-04-17T06:35:35.768+0000] {processor.py:914} INFO - Processing file /home/airflow/.local/lib/python3.9/site-packages/airflow/example_dags/plugins/listener_plugin.py for tasks to queue
[2025-04-17T06:35:35.778+0000] {logging_mixin.py:190} INFO - [2025-04-17T06:35:35.777+0000] {dagbag.py:588} INFO - Filling up the DagBag from /home/airflow/.local/lib/python3.9/site-packages/airflow/example_dags/plugins/listener_plugin.py
[2025-04-17T06:35:35.791+0000] {processor.py:927} WARNING - No viable dags retrieved from /home/airflow/.local/lib/python3.9/site-packages/airflow/example_dags/plugins/listener_plugin.py
[2025-04-17T06:35:35.830+0000] {processor.py:208} INFO - Processing /home/airflow/.local/lib/python3.9/site-packages/airflow/example_dags/plugins/listener_plugin.py took 0.091 seconds
[2025-04-17T06:36:06.427+0000] {processor.py:186} INFO - Started process (PID=1890) to work on /home/airflow/.local/lib/python3.9/site-packages/airflow/example_dags/plugins/listener_plugin.py
[2025-04-17T06:36:06.429+0000] {processor.py:914} INFO - Processing file /home/airflow/.local/lib/python3.9/site-packages/airflow/example_dags/plugins/listener_plugin.py for tasks to queue
[2025-04-17T06:36:06.435+0000] {logging_mixin.py:190} INFO - [2025-04-17T06:36:06.434+0000] {dagbag.py:588} INFO - Filling up the DagBag from /home/airflow/.local/lib/python3.9/site-packages/airflow/example_dags/plugins/listener_plugin.py
[2025-04-17T06:36:06.445+0000] {processor.py:927} WARNING - No viable dags retrieved from /home/airflow/.local/lib/python3.9/site-packages/airflow/example_dags/plugins/listener_plugin.py
[2025-04-17T06:36:06.482+0000] {processor.py:208} INFO - Processing /home/airflow/.local/lib/python3.9/site-packages/airflow/example_dags/plugins/listener_plugin.py took 0.072 seconds
[2025-04-17T06:36:36.961+0000] {processor.py:186} INFO - Started process (PID=1947) to work on /home/airflow/.local/lib/python3.9/site-packages/airflow/example_dags/plugins/listener_plugin.py
[2025-04-17T06:36:36.963+0000] {processor.py:914} INFO - Processing file /home/airflow/.local/lib/python3.9/site-packages/airflow/example_dags/plugins/listener_plugin.py for tasks to queue
[2025-04-17T06:36:36.968+0000] {logging_mixin.py:190} INFO - [2025-04-17T06:36:36.967+0000] {dagbag.py:588} INFO - Filling up the DagBag from /home/airflow/.local/lib/python3.9/site-packages/airflow/example_dags/plugins/listener_plugin.py
[2025-04-17T06:36:36.973+0000] {processor.py:927} WARNING - No viable dags retrieved from /home/airflow/.local/lib/python3.9/site-packages/airflow/example_dags/plugins/listener_plugin.py
[2025-04-17T06:36:37.005+0000] {processor.py:208} INFO - Processing /home/airflow/.local/lib/python3.9/site-packages/airflow/example_dags/plugins/listener_plugin.py took 0.061 seconds
[2025-04-17T06:37:07.657+0000] {processor.py:186} INFO - Started process (PID=2005) to work on /home/airflow/.local/lib/python3.9/site-packages/airflow/example_dags/plugins/listener_plugin.py
[2025-04-17T06:37:07.659+0000] {processor.py:914} INFO - Processing file /home/airflow/.local/lib/python3.9/site-packages/airflow/example_dags/plugins/listener_plugin.py for tasks to queue
[2025-04-17T06:37:07.668+0000] {logging_mixin.py:190} INFO - [2025-04-17T06:37:07.665+0000] {dagbag.py:588} INFO - Filling up the DagBag from /home/airflow/.local/lib/python3.9/site-packages/airflow/example_dags/plugins/listener_plugin.py
[2025-04-17T06:37:07.680+0000] {processor.py:927} WARNING - No viable dags retrieved from /home/airflow/.local/lib/python3.9/site-packages/airflow/example_dags/plugins/listener_plugin.py
[2025-04-17T06:37:07.713+0000] {processor.py:208} INFO - Processing /home/airflow/.local/lib/python3.9/site-packages/airflow/example_dags/plugins/listener_plugin.py took 0.073 seconds
[2025-04-17T06:37:38.422+0000] {processor.py:186} INFO - Started process (PID=2063) to work on /home/airflow/.local/lib/python3.9/site-packages/airflow/example_dags/plugins/listener_plugin.py
[2025-04-17T06:37:38.424+0000] {processor.py:914} INFO - Processing file /home/airflow/.local/lib/python3.9/site-packages/airflow/example_dags/plugins/listener_plugin.py for tasks to queue
[2025-04-17T06:37:38.431+0000] {logging_mixin.py:190} INFO - [2025-04-17T06:37:38.431+0000] {dagbag.py:588} INFO - Filling up the DagBag from /home/airflow/.local/lib/python3.9/site-packages/airflow/example_dags/plugins/listener_plugin.py
[2025-04-17T06:37:38.437+0000] {processor.py:927} WARNING - No viable dags retrieved from /home/airflow/.local/lib/python3.9/site-packages/airflow/example_dags/plugins/listener_plugin.py
[2025-04-17T06:37:38.467+0000] {processor.py:208} INFO - Processing /home/airflow/.local/lib/python3.9/site-packages/airflow/example_dags/plugins/listener_plugin.py took 0.062 seconds
[2025-04-17T06:38:09.035+0000] {processor.py:186} INFO - Started process (PID=2121) to work on /home/airflow/.local/lib/python3.9/site-packages/airflow/example_dags/plugins/listener_plugin.py
[2025-04-17T06:38:09.037+0000] {processor.py:914} INFO - Processing file /home/airflow/.local/lib/python3.9/site-packages/airflow/example_dags/plugins/listener_plugin.py for tasks to queue
[2025-04-17T06:38:09.044+0000] {logging_mixin.py:190} INFO - [2025-04-17T06:38:09.043+0000] {dagbag.py:588} INFO - Filling up the DagBag from /home/airflow/.local/lib/python3.9/site-packages/airflow/example_dags/plugins/listener_plugin.py
[2025-04-17T06:38:09.051+0000] {processor.py:927} WARNING - No viable dags retrieved from /home/airflow/.local/lib/python3.9/site-packages/airflow/example_dags/plugins/listener_plugin.py
[2025-04-17T06:38:09.081+0000] {processor.py:208} INFO - Processing /home/airflow/.local/lib/python3.9/site-packages/airflow/example_dags/plugins/listener_plugin.py took 0.066 seconds
[2025-04-17T06:38:40.154+0000] {processor.py:186} INFO - Started process (PID=2180) to work on /home/airflow/.local/lib/python3.9/site-packages/airflow/example_dags/plugins/listener_plugin.py
[2025-04-17T06:38:40.156+0000] {processor.py:914} INFO - Processing file /home/airflow/.local/lib/python3.9/site-packages/airflow/example_dags/plugins/listener_plugin.py for tasks to queue
[2025-04-17T06:38:40.163+0000] {logging_mixin.py:190} INFO - [2025-04-17T06:38:40.163+0000] {dagbag.py:588} INFO - Filling up the DagBag from /home/airflow/.local/lib/python3.9/site-packages/airflow/example_dags/plugins/listener_plugin.py
[2025-04-17T06:38:40.169+0000] {processor.py:927} WARNING - No viable dags retrieved from /home/airflow/.local/lib/python3.9/site-packages/airflow/example_dags/plugins/listener_plugin.py
[2025-04-17T06:38:40.198+0000] {processor.py:208} INFO - Processing /home/airflow/.local/lib/python3.9/site-packages/airflow/example_dags/plugins/listener_plugin.py took 0.060 seconds
[2025-04-17T06:39:10.512+0000] {processor.py:186} INFO - Started process (PID=2237) to work on /home/airflow/.local/lib/python3.9/site-packages/airflow/example_dags/plugins/listener_plugin.py
[2025-04-17T06:39:10.515+0000] {processor.py:914} INFO - Processing file /home/airflow/.local/lib/python3.9/site-packages/airflow/example_dags/plugins/listener_plugin.py for tasks to queue
[2025-04-17T06:39:10.522+0000] {logging_mixin.py:190} INFO - [2025-04-17T06:39:10.521+0000] {dagbag.py:588} INFO - Filling up the DagBag from /home/airflow/.local/lib/python3.9/site-packages/airflow/example_dags/plugins/listener_plugin.py
[2025-04-17T06:39:10.530+0000] {processor.py:927} WARNING - No viable dags retrieved from /home/airflow/.local/lib/python3.9/site-packages/airflow/example_dags/plugins/listener_plugin.py
[2025-04-17T06:39:10.561+0000] {processor.py:208} INFO - Processing /home/airflow/.local/lib/python3.9/site-packages/airflow/example_dags/plugins/listener_plugin.py took 0.065 seconds
[2025-04-17T06:39:41.828+0000] {processor.py:186} INFO - Started process (PID=2297) to work on /home/airflow/.local/lib/python3.9/site-packages/airflow/example_dags/plugins/listener_plugin.py
[2025-04-17T06:39:41.831+0000] {processor.py:914} INFO - Processing file /home/airflow/.local/lib/python3.9/site-packages/airflow/example_dags/plugins/listener_plugin.py for tasks to queue
[2025-04-17T06:39:41.838+0000] {logging_mixin.py:190} INFO - [2025-04-17T06:39:41.837+0000] {dagbag.py:588} INFO - Filling up the DagBag from /home/airflow/.local/lib/python3.9/site-packages/airflow/example_dags/plugins/listener_plugin.py
[2025-04-17T06:39:41.845+0000] {processor.py:927} WARNING - No viable dags retrieved from /home/airflow/.local/lib/python3.9/site-packages/airflow/example_dags/plugins/listener_plugin.py
[2025-04-17T06:39:41.878+0000] {processor.py:208} INFO - Processing /home/airflow/.local/lib/python3.9/site-packages/airflow/example_dags/plugins/listener_plugin.py took 0.068 seconds
[2025-04-17T06:40:12.519+0000] {processor.py:186} INFO - Started process (PID=2355) to work on /home/airflow/.local/lib/python3.9/site-packages/airflow/example_dags/plugins/listener_plugin.py
[2025-04-17T06:40:12.521+0000] {processor.py:914} INFO - Processing file /home/airflow/.local/lib/python3.9/site-packages/airflow/example_dags/plugins/listener_plugin.py for tasks to queue
[2025-04-17T06:40:12.527+0000] {logging_mixin.py:190} INFO - [2025-04-17T06:40:12.526+0000] {dagbag.py:588} INFO - Filling up the DagBag from /home/airflow/.local/lib/python3.9/site-packages/airflow/example_dags/plugins/listener_plugin.py
[2025-04-17T06:40:12.535+0000] {processor.py:927} WARNING - No viable dags retrieved from /home/airflow/.local/lib/python3.9/site-packages/airflow/example_dags/plugins/listener_plugin.py
[2025-04-17T06:40:12.572+0000] {processor.py:208} INFO - Processing /home/airflow/.local/lib/python3.9/site-packages/airflow/example_dags/plugins/listener_plugin.py took 0.071 seconds
[2025-04-17T06:40:43.375+0000] {processor.py:186} INFO - Started process (PID=2413) to work on /home/airflow/.local/lib/python3.9/site-packages/airflow/example_dags/plugins/listener_plugin.py
[2025-04-17T06:40:43.377+0000] {processor.py:914} INFO - Processing file /home/airflow/.local/lib/python3.9/site-packages/airflow/example_dags/plugins/listener_plugin.py for tasks to queue
[2025-04-17T06:40:43.383+0000] {logging_mixin.py:190} INFO - [2025-04-17T06:40:43.383+0000] {dagbag.py:588} INFO - Filling up the DagBag from /home/airflow/.local/lib/python3.9/site-packages/airflow/example_dags/plugins/listener_plugin.py
[2025-04-17T06:40:43.390+0000] {processor.py:927} WARNING - No viable dags retrieved from /home/airflow/.local/lib/python3.9/site-packages/airflow/example_dags/plugins/listener_plugin.py
[2025-04-17T06:40:43.423+0000] {processor.py:208} INFO - Processing /home/airflow/.local/lib/python3.9/site-packages/airflow/example_dags/plugins/listener_plugin.py took 0.067 seconds
[2025-04-17T06:41:14.362+0000] {processor.py:186} INFO - Started process (PID=2471) to work on /home/airflow/.local/lib/python3.9/site-packages/airflow/example_dags/plugins/listener_plugin.py
[2025-04-17T06:41:14.366+0000] {processor.py:914} INFO - Processing file /home/airflow/.local/lib/python3.9/site-packages/airflow/example_dags/plugins/listener_plugin.py for tasks to queue
[2025-04-17T06:41:14.377+0000] {logging_mixin.py:190} INFO - [2025-04-17T06:41:14.376+0000] {dagbag.py:588} INFO - Filling up the DagBag from /home/airflow/.local/lib/python3.9/site-packages/airflow/example_dags/plugins/listener_plugin.py
[2025-04-17T06:41:14.387+0000] {processor.py:927} WARNING - No viable dags retrieved from /home/airflow/.local/lib/python3.9/site-packages/airflow/example_dags/plugins/listener_plugin.py
[2025-04-17T06:41:14.436+0000] {processor.py:208} INFO - Processing /home/airflow/.local/lib/python3.9/site-packages/airflow/example_dags/plugins/listener_plugin.py took 0.103 seconds
[2025-04-17T06:41:44.733+0000] {processor.py:186} INFO - Started process (PID=2529) to work on /home/airflow/.local/lib/python3.9/site-packages/airflow/example_dags/plugins/listener_plugin.py
[2025-04-17T06:41:44.736+0000] {processor.py:914} INFO - Processing file /home/airflow/.local/lib/python3.9/site-packages/airflow/example_dags/plugins/listener_plugin.py for tasks to queue
[2025-04-17T06:41:44.741+0000] {logging_mixin.py:190} INFO - [2025-04-17T06:41:44.740+0000] {dagbag.py:588} INFO - Filling up the DagBag from /home/airflow/.local/lib/python3.9/site-packages/airflow/example_dags/plugins/listener_plugin.py
[2025-04-17T06:41:44.745+0000] {processor.py:927} WARNING - No viable dags retrieved from /home/airflow/.local/lib/python3.9/site-packages/airflow/example_dags/plugins/listener_plugin.py
[2025-04-17T06:41:44.771+0000] {processor.py:208} INFO - Processing /home/airflow/.local/lib/python3.9/site-packages/airflow/example_dags/plugins/listener_plugin.py took 0.051 seconds
[2025-04-17T06:42:15.180+0000] {processor.py:186} INFO - Started process (PID=2587) to work on /home/airflow/.local/lib/python3.9/site-packages/airflow/example_dags/plugins/listener_plugin.py
[2025-04-17T06:42:15.183+0000] {processor.py:914} INFO - Processing file /home/airflow/.local/lib/python3.9/site-packages/airflow/example_dags/plugins/listener_plugin.py for tasks to queue
[2025-04-17T06:42:15.188+0000] {logging_mixin.py:190} INFO - [2025-04-17T06:42:15.187+0000] {dagbag.py:588} INFO - Filling up the DagBag from /home/airflow/.local/lib/python3.9/site-packages/airflow/example_dags/plugins/listener_plugin.py
[2025-04-17T06:42:15.193+0000] {processor.py:927} WARNING - No viable dags retrieved from /home/airflow/.local/lib/python3.9/site-packages/airflow/example_dags/plugins/listener_plugin.py
[2025-04-17T06:42:15.223+0000] {processor.py:208} INFO - Processing /home/airflow/.local/lib/python3.9/site-packages/airflow/example_dags/plugins/listener_plugin.py took 0.058 seconds
[2025-04-17T06:42:45.616+0000] {processor.py:186} INFO - Started process (PID=2645) to work on /home/airflow/.local/lib/python3.9/site-packages/airflow/example_dags/plugins/listener_plugin.py
[2025-04-17T06:42:45.619+0000] {processor.py:914} INFO - Processing file /home/airflow/.local/lib/python3.9/site-packages/airflow/example_dags/plugins/listener_plugin.py for tasks to queue
[2025-04-17T06:42:45.625+0000] {logging_mixin.py:190} INFO - [2025-04-17T06:42:45.624+0000] {dagbag.py:588} INFO - Filling up the DagBag from /home/airflow/.local/lib/python3.9/site-packages/airflow/example_dags/plugins/listener_plugin.py
[2025-04-17T06:42:45.630+0000] {processor.py:927} WARNING - No viable dags retrieved from /home/airflow/.local/lib/python3.9/site-packages/airflow/example_dags/plugins/listener_plugin.py
[2025-04-17T06:42:45.659+0000] {processor.py:208} INFO - Processing /home/airflow/.local/lib/python3.9/site-packages/airflow/example_dags/plugins/listener_plugin.py took 0.065 seconds
[2025-04-17T06:43:16.460+0000] {processor.py:186} INFO - Started process (PID=2703) to work on /home/airflow/.local/lib/python3.9/site-packages/airflow/example_dags/plugins/listener_plugin.py
[2025-04-17T06:43:16.462+0000] {processor.py:914} INFO - Processing file /home/airflow/.local/lib/python3.9/site-packages/airflow/example_dags/plugins/listener_plugin.py for tasks to queue
[2025-04-17T06:43:16.468+0000] {logging_mixin.py:190} INFO - [2025-04-17T06:43:16.468+0000] {dagbag.py:588} INFO - Filling up the DagBag from /home/airflow/.local/lib/python3.9/site-packages/airflow/example_dags/plugins/listener_plugin.py
[2025-04-17T06:43:16.474+0000] {processor.py:927} WARNING - No viable dags retrieved from /home/airflow/.local/lib/python3.9/site-packages/airflow/example_dags/plugins/listener_plugin.py
[2025-04-17T06:43:16.501+0000] {processor.py:208} INFO - Processing /home/airflow/.local/lib/python3.9/site-packages/airflow/example_dags/plugins/listener_plugin.py took 0.060 seconds
[2025-04-17T06:43:47.198+0000] {processor.py:186} INFO - Started process (PID=2760) to work on /home/airflow/.local/lib/python3.9/site-packages/airflow/example_dags/plugins/listener_plugin.py
[2025-04-17T06:43:47.200+0000] {processor.py:914} INFO - Processing file /home/airflow/.local/lib/python3.9/site-packages/airflow/example_dags/plugins/listener_plugin.py for tasks to queue
[2025-04-17T06:43:47.205+0000] {logging_mixin.py:190} INFO - [2025-04-17T06:43:47.204+0000] {dagbag.py:588} INFO - Filling up the DagBag from /home/airflow/.local/lib/python3.9/site-packages/airflow/example_dags/plugins/listener_plugin.py
[2025-04-17T06:43:47.210+0000] {processor.py:927} WARNING - No viable dags retrieved from /home/airflow/.local/lib/python3.9/site-packages/airflow/example_dags/plugins/listener_plugin.py
[2025-04-17T06:43:47.239+0000] {processor.py:208} INFO - Processing /home/airflow/.local/lib/python3.9/site-packages/airflow/example_dags/plugins/listener_plugin.py took 0.060 seconds
[2025-04-17T06:44:17.670+0000] {processor.py:186} INFO - Started process (PID=2818) to work on /home/airflow/.local/lib/python3.9/site-packages/airflow/example_dags/plugins/listener_plugin.py
[2025-04-17T06:44:17.673+0000] {processor.py:914} INFO - Processing file /home/airflow/.local/lib/python3.9/site-packages/airflow/example_dags/plugins/listener_plugin.py for tasks to queue
[2025-04-17T06:44:17.679+0000] {logging_mixin.py:190} INFO - [2025-04-17T06:44:17.678+0000] {dagbag.py:588} INFO - Filling up the DagBag from /home/airflow/.local/lib/python3.9/site-packages/airflow/example_dags/plugins/listener_plugin.py
[2025-04-17T06:44:17.685+0000] {processor.py:927} WARNING - No viable dags retrieved from /home/airflow/.local/lib/python3.9/site-packages/airflow/example_dags/plugins/listener_plugin.py
[2025-04-17T06:44:17.716+0000] {processor.py:208} INFO - Processing /home/airflow/.local/lib/python3.9/site-packages/airflow/example_dags/plugins/listener_plugin.py took 0.061 seconds
[2025-04-17T06:44:48.592+0000] {processor.py:186} INFO - Started process (PID=2876) to work on /home/airflow/.local/lib/python3.9/site-packages/airflow/example_dags/plugins/listener_plugin.py
[2025-04-17T06:44:48.595+0000] {processor.py:914} INFO - Processing file /home/airflow/.local/lib/python3.9/site-packages/airflow/example_dags/plugins/listener_plugin.py for tasks to queue
[2025-04-17T06:44:48.600+0000] {logging_mixin.py:190} INFO - [2025-04-17T06:44:48.599+0000] {dagbag.py:588} INFO - Filling up the DagBag from /home/airflow/.local/lib/python3.9/site-packages/airflow/example_dags/plugins/listener_plugin.py
[2025-04-17T06:44:48.606+0000] {processor.py:927} WARNING - No viable dags retrieved from /home/airflow/.local/lib/python3.9/site-packages/airflow/example_dags/plugins/listener_plugin.py
[2025-04-17T06:44:48.634+0000] {processor.py:208} INFO - Processing /home/airflow/.local/lib/python3.9/site-packages/airflow/example_dags/plugins/listener_plugin.py took 0.061 seconds
[2025-04-17T06:45:19.152+0000] {processor.py:186} INFO - Started process (PID=2933) to work on /home/airflow/.local/lib/python3.9/site-packages/airflow/example_dags/plugins/listener_plugin.py
[2025-04-17T06:45:19.156+0000] {processor.py:914} INFO - Processing file /home/airflow/.local/lib/python3.9/site-packages/airflow/example_dags/plugins/listener_plugin.py for tasks to queue
[2025-04-17T06:45:19.163+0000] {logging_mixin.py:190} INFO - [2025-04-17T06:45:19.163+0000] {dagbag.py:588} INFO - Filling up the DagBag from /home/airflow/.local/lib/python3.9/site-packages/airflow/example_dags/plugins/listener_plugin.py
[2025-04-17T06:45:19.171+0000] {processor.py:927} WARNING - No viable dags retrieved from /home/airflow/.local/lib/python3.9/site-packages/airflow/example_dags/plugins/listener_plugin.py
[2025-04-17T06:45:19.213+0000] {processor.py:208} INFO - Processing /home/airflow/.local/lib/python3.9/site-packages/airflow/example_dags/plugins/listener_plugin.py took 0.082 seconds
[2025-04-17T06:45:51.087+0000] {processor.py:186} INFO - Started process (PID=2991) to work on /home/airflow/.local/lib/python3.9/site-packages/airflow/example_dags/plugins/listener_plugin.py
[2025-04-17T06:45:51.090+0000] {processor.py:914} INFO - Processing file /home/airflow/.local/lib/python3.9/site-packages/airflow/example_dags/plugins/listener_plugin.py for tasks to queue
[2025-04-17T06:45:51.097+0000] {logging_mixin.py:190} INFO - [2025-04-17T06:45:51.096+0000] {dagbag.py:588} INFO - Filling up the DagBag from /home/airflow/.local/lib/python3.9/site-packages/airflow/example_dags/plugins/listener_plugin.py
[2025-04-17T06:45:51.103+0000] {processor.py:927} WARNING - No viable dags retrieved from /home/airflow/.local/lib/python3.9/site-packages/airflow/example_dags/plugins/listener_plugin.py
[2025-04-17T06:45:51.142+0000] {processor.py:208} INFO - Processing /home/airflow/.local/lib/python3.9/site-packages/airflow/example_dags/plugins/listener_plugin.py took 0.074 seconds
[2025-04-17T06:46:21.628+0000] {processor.py:186} INFO - Started process (PID=3049) to work on /home/airflow/.local/lib/python3.9/site-packages/airflow/example_dags/plugins/listener_plugin.py
[2025-04-17T06:46:21.630+0000] {processor.py:914} INFO - Processing file /home/airflow/.local/lib/python3.9/site-packages/airflow/example_dags/plugins/listener_plugin.py for tasks to queue
[2025-04-17T06:46:21.635+0000] {logging_mixin.py:190} INFO - [2025-04-17T06:46:21.635+0000] {dagbag.py:588} INFO - Filling up the DagBag from /home/airflow/.local/lib/python3.9/site-packages/airflow/example_dags/plugins/listener_plugin.py
[2025-04-17T06:46:21.641+0000] {processor.py:927} WARNING - No viable dags retrieved from /home/airflow/.local/lib/python3.9/site-packages/airflow/example_dags/plugins/listener_plugin.py
[2025-04-17T06:46:21.671+0000] {processor.py:208} INFO - Processing /home/airflow/.local/lib/python3.9/site-packages/airflow/example_dags/plugins/listener_plugin.py took 0.058 seconds
[2025-04-17T06:46:52.527+0000] {processor.py:186} INFO - Started process (PID=3106) to work on /home/airflow/.local/lib/python3.9/site-packages/airflow/example_dags/plugins/listener_plugin.py
[2025-04-17T06:46:52.529+0000] {processor.py:914} INFO - Processing file /home/airflow/.local/lib/python3.9/site-packages/airflow/example_dags/plugins/listener_plugin.py for tasks to queue
[2025-04-17T06:46:52.534+0000] {logging_mixin.py:190} INFO - [2025-04-17T06:46:52.533+0000] {dagbag.py:588} INFO - Filling up the DagBag from /home/airflow/.local/lib/python3.9/site-packages/airflow/example_dags/plugins/listener_plugin.py
[2025-04-17T06:46:52.539+0000] {processor.py:927} WARNING - No viable dags retrieved from /home/airflow/.local/lib/python3.9/site-packages/airflow/example_dags/plugins/listener_plugin.py
[2025-04-17T06:46:52.569+0000] {processor.py:208} INFO - Processing /home/airflow/.local/lib/python3.9/site-packages/airflow/example_dags/plugins/listener_plugin.py took 0.059 seconds
[2025-04-17T06:47:23.613+0000] {processor.py:186} INFO - Started process (PID=3164) to work on /home/airflow/.local/lib/python3.9/site-packages/airflow/example_dags/plugins/listener_plugin.py
[2025-04-17T06:47:23.616+0000] {processor.py:914} INFO - Processing file /home/airflow/.local/lib/python3.9/site-packages/airflow/example_dags/plugins/listener_plugin.py for tasks to queue
[2025-04-17T06:47:23.622+0000] {logging_mixin.py:190} INFO - [2025-04-17T06:47:23.622+0000] {dagbag.py:588} INFO - Filling up the DagBag from /home/airflow/.local/lib/python3.9/site-packages/airflow/example_dags/plugins/listener_plugin.py
[2025-04-17T06:47:23.629+0000] {processor.py:927} WARNING - No viable dags retrieved from /home/airflow/.local/lib/python3.9/site-packages/airflow/example_dags/plugins/listener_plugin.py
[2025-04-17T06:47:23.665+0000] {processor.py:208} INFO - Processing /home/airflow/.local/lib/python3.9/site-packages/airflow/example_dags/plugins/listener_plugin.py took 0.074 seconds
[2025-04-17T06:47:54.419+0000] {processor.py:186} INFO - Started process (PID=3222) to work on /home/airflow/.local/lib/python3.9/site-packages/airflow/example_dags/plugins/listener_plugin.py
[2025-04-17T06:47:54.423+0000] {processor.py:914} INFO - Processing file /home/airflow/.local/lib/python3.9/site-packages/airflow/example_dags/plugins/listener_plugin.py for tasks to queue
[2025-04-17T06:47:54.431+0000] {logging_mixin.py:190} INFO - [2025-04-17T06:47:54.430+0000] {dagbag.py:588} INFO - Filling up the DagBag from /home/airflow/.local/lib/python3.9/site-packages/airflow/example_dags/plugins/listener_plugin.py
[2025-04-17T06:47:54.440+0000] {processor.py:927} WARNING - No viable dags retrieved from /home/airflow/.local/lib/python3.9/site-packages/airflow/example_dags/plugins/listener_plugin.py
[2025-04-17T06:47:54.487+0000] {processor.py:208} INFO - Processing /home/airflow/.local/lib/python3.9/site-packages/airflow/example_dags/plugins/listener_plugin.py took 0.089 seconds
[2025-04-17T06:48:24.909+0000] {processor.py:186} INFO - Started process (PID=3279) to work on /home/airflow/.local/lib/python3.9/site-packages/airflow/example_dags/plugins/listener_plugin.py
[2025-04-17T06:48:24.911+0000] {processor.py:914} INFO - Processing file /home/airflow/.local/lib/python3.9/site-packages/airflow/example_dags/plugins/listener_plugin.py for tasks to queue
[2025-04-17T06:48:24.913+0000] {logging_mixin.py:190} INFO - [2025-04-17T06:48:24.913+0000] {dagbag.py:588} INFO - Filling up the DagBag from /home/airflow/.local/lib/python3.9/site-packages/airflow/example_dags/plugins/listener_plugin.py
[2025-04-17T06:48:24.916+0000] {processor.py:927} WARNING - No viable dags retrieved from /home/airflow/.local/lib/python3.9/site-packages/airflow/example_dags/plugins/listener_plugin.py
[2025-04-17T06:48:24.927+0000] {processor.py:208} INFO - Processing /home/airflow/.local/lib/python3.9/site-packages/airflow/example_dags/plugins/listener_plugin.py took 0.024 seconds
[2025-04-17T06:48:55.279+0000] {processor.py:186} INFO - Started process (PID=3338) to work on /home/airflow/.local/lib/python3.9/site-packages/airflow/example_dags/plugins/listener_plugin.py
[2025-04-17T06:48:55.280+0000] {processor.py:914} INFO - Processing file /home/airflow/.local/lib/python3.9/site-packages/airflow/example_dags/plugins/listener_plugin.py for tasks to queue
[2025-04-17T06:48:55.282+0000] {logging_mixin.py:190} INFO - [2025-04-17T06:48:55.282+0000] {dagbag.py:588} INFO - Filling up the DagBag from /home/airflow/.local/lib/python3.9/site-packages/airflow/example_dags/plugins/listener_plugin.py
[2025-04-17T06:48:55.284+0000] {processor.py:927} WARNING - No viable dags retrieved from /home/airflow/.local/lib/python3.9/site-packages/airflow/example_dags/plugins/listener_plugin.py
[2025-04-17T06:48:55.297+0000] {processor.py:208} INFO - Processing /home/airflow/.local/lib/python3.9/site-packages/airflow/example_dags/plugins/listener_plugin.py took 0.023 seconds
[2025-04-17T06:49:25.444+0000] {processor.py:186} INFO - Started process (PID=3396) to work on /home/airflow/.local/lib/python3.9/site-packages/airflow/example_dags/plugins/listener_plugin.py
[2025-04-17T06:49:25.445+0000] {processor.py:914} INFO - Processing file /home/airflow/.local/lib/python3.9/site-packages/airflow/example_dags/plugins/listener_plugin.py for tasks to queue
[2025-04-17T06:49:25.448+0000] {logging_mixin.py:190} INFO - [2025-04-17T06:49:25.448+0000] {dagbag.py:588} INFO - Filling up the DagBag from /home/airflow/.local/lib/python3.9/site-packages/airflow/example_dags/plugins/listener_plugin.py
[2025-04-17T06:49:25.451+0000] {processor.py:927} WARNING - No viable dags retrieved from /home/airflow/.local/lib/python3.9/site-packages/airflow/example_dags/plugins/listener_plugin.py
[2025-04-17T06:49:25.465+0000] {processor.py:208} INFO - Processing /home/airflow/.local/lib/python3.9/site-packages/airflow/example_dags/plugins/listener_plugin.py took 0.027 seconds
[2025-04-17T06:49:55.766+0000] {processor.py:186} INFO - Started process (PID=3454) to work on /home/airflow/.local/lib/python3.9/site-packages/airflow/example_dags/plugins/listener_plugin.py
[2025-04-17T06:49:55.767+0000] {processor.py:914} INFO - Processing file /home/airflow/.local/lib/python3.9/site-packages/airflow/example_dags/plugins/listener_plugin.py for tasks to queue
[2025-04-17T06:49:55.769+0000] {logging_mixin.py:190} INFO - [2025-04-17T06:49:55.769+0000] {dagbag.py:588} INFO - Filling up the DagBag from /home/airflow/.local/lib/python3.9/site-packages/airflow/example_dags/plugins/listener_plugin.py
[2025-04-17T06:49:55.771+0000] {processor.py:927} WARNING - No viable dags retrieved from /home/airflow/.local/lib/python3.9/site-packages/airflow/example_dags/plugins/listener_plugin.py
[2025-04-17T06:49:55.783+0000] {processor.py:208} INFO - Processing /home/airflow/.local/lib/python3.9/site-packages/airflow/example_dags/plugins/listener_plugin.py took 0.024 seconds
[2025-04-17T06:50:25.987+0000] {processor.py:186} INFO - Started process (PID=3512) to work on /home/airflow/.local/lib/python3.9/site-packages/airflow/example_dags/plugins/listener_plugin.py
[2025-04-17T06:50:25.988+0000] {processor.py:914} INFO - Processing file /home/airflow/.local/lib/python3.9/site-packages/airflow/example_dags/plugins/listener_plugin.py for tasks to queue
[2025-04-17T06:50:25.991+0000] {logging_mixin.py:190} INFO - [2025-04-17T06:50:25.991+0000] {dagbag.py:588} INFO - Filling up the DagBag from /home/airflow/.local/lib/python3.9/site-packages/airflow/example_dags/plugins/listener_plugin.py
[2025-04-17T06:50:25.994+0000] {processor.py:927} WARNING - No viable dags retrieved from /home/airflow/.local/lib/python3.9/site-packages/airflow/example_dags/plugins/listener_plugin.py
[2025-04-17T06:50:26.007+0000] {processor.py:208} INFO - Processing /home/airflow/.local/lib/python3.9/site-packages/airflow/example_dags/plugins/listener_plugin.py took 0.026 seconds
[2025-04-17T06:50:56.446+0000] {processor.py:186} INFO - Started process (PID=3570) to work on /home/airflow/.local/lib/python3.9/site-packages/airflow/example_dags/plugins/listener_plugin.py
[2025-04-17T06:50:56.447+0000] {processor.py:914} INFO - Processing file /home/airflow/.local/lib/python3.9/site-packages/airflow/example_dags/plugins/listener_plugin.py for tasks to queue
[2025-04-17T06:50:56.450+0000] {logging_mixin.py:190} INFO - [2025-04-17T06:50:56.450+0000] {dagbag.py:588} INFO - Filling up the DagBag from /home/airflow/.local/lib/python3.9/site-packages/airflow/example_dags/plugins/listener_plugin.py
[2025-04-17T06:50:56.452+0000] {processor.py:927} WARNING - No viable dags retrieved from /home/airflow/.local/lib/python3.9/site-packages/airflow/example_dags/plugins/listener_plugin.py
[2025-04-17T06:50:56.464+0000] {processor.py:208} INFO - Processing /home/airflow/.local/lib/python3.9/site-packages/airflow/example_dags/plugins/listener_plugin.py took 0.024 seconds
[2025-04-17T06:51:26.536+0000] {processor.py:186} INFO - Started process (PID=3627) to work on /home/airflow/.local/lib/python3.9/site-packages/airflow/example_dags/plugins/listener_plugin.py
[2025-04-17T06:51:26.537+0000] {processor.py:914} INFO - Processing file /home/airflow/.local/lib/python3.9/site-packages/airflow/example_dags/plugins/listener_plugin.py for tasks to queue
[2025-04-17T06:51:26.540+0000] {logging_mixin.py:190} INFO - [2025-04-17T06:51:26.539+0000] {dagbag.py:588} INFO - Filling up the DagBag from /home/airflow/.local/lib/python3.9/site-packages/airflow/example_dags/plugins/listener_plugin.py
[2025-04-17T06:51:26.542+0000] {processor.py:927} WARNING - No viable dags retrieved from /home/airflow/.local/lib/python3.9/site-packages/airflow/example_dags/plugins/listener_plugin.py
[2025-04-17T06:51:26.556+0000] {processor.py:208} INFO - Processing /home/airflow/.local/lib/python3.9/site-packages/airflow/example_dags/plugins/listener_plugin.py took 0.027 seconds
[2025-04-17T06:51:56.638+0000] {processor.py:186} INFO - Started process (PID=3685) to work on /home/airflow/.local/lib/python3.9/site-packages/airflow/example_dags/plugins/listener_plugin.py
[2025-04-17T06:51:56.640+0000] {processor.py:914} INFO - Processing file /home/airflow/.local/lib/python3.9/site-packages/airflow/example_dags/plugins/listener_plugin.py for tasks to queue
[2025-04-17T06:51:56.642+0000] {logging_mixin.py:190} INFO - [2025-04-17T06:51:56.642+0000] {dagbag.py:588} INFO - Filling up the DagBag from /home/airflow/.local/lib/python3.9/site-packages/airflow/example_dags/plugins/listener_plugin.py
[2025-04-17T06:51:56.645+0000] {processor.py:927} WARNING - No viable dags retrieved from /home/airflow/.local/lib/python3.9/site-packages/airflow/example_dags/plugins/listener_plugin.py
[2025-04-17T06:51:56.659+0000] {processor.py:208} INFO - Processing /home/airflow/.local/lib/python3.9/site-packages/airflow/example_dags/plugins/listener_plugin.py took 0.028 seconds
[2025-04-17T06:52:33.753+0000] {processor.py:186} INFO - Started process (PID=3743) to work on /home/airflow/.local/lib/python3.9/site-packages/airflow/example_dags/plugins/listener_plugin.py
[2025-04-17T06:52:33.776+0000] {processor.py:914} INFO - Processing file /home/airflow/.local/lib/python3.9/site-packages/airflow/example_dags/plugins/listener_plugin.py for tasks to queue
[2025-04-17T06:52:33.841+0000] {logging_mixin.py:190} INFO - [2025-04-17T06:52:33.840+0000] {dagbag.py:588} INFO - Filling up the DagBag from /home/airflow/.local/lib/python3.9/site-packages/airflow/example_dags/plugins/listener_plugin.py
[2025-04-17T06:52:33.879+0000] {processor.py:927} WARNING - No viable dags retrieved from /home/airflow/.local/lib/python3.9/site-packages/airflow/example_dags/plugins/listener_plugin.py
[2025-04-17T06:52:33.917+0000] {processor.py:208} INFO - Processing /home/airflow/.local/lib/python3.9/site-packages/airflow/example_dags/plugins/listener_plugin.py took 0.175 seconds
[2025-04-17T06:53:04.375+0000] {processor.py:186} INFO - Started process (PID=3801) to work on /home/airflow/.local/lib/python3.9/site-packages/airflow/example_dags/plugins/listener_plugin.py
[2025-04-17T06:53:04.376+0000] {processor.py:914} INFO - Processing file /home/airflow/.local/lib/python3.9/site-packages/airflow/example_dags/plugins/listener_plugin.py for tasks to queue
[2025-04-17T06:53:04.378+0000] {logging_mixin.py:190} INFO - [2025-04-17T06:53:04.378+0000] {dagbag.py:588} INFO - Filling up the DagBag from /home/airflow/.local/lib/python3.9/site-packages/airflow/example_dags/plugins/listener_plugin.py
[2025-04-17T06:53:04.381+0000] {processor.py:927} WARNING - No viable dags retrieved from /home/airflow/.local/lib/python3.9/site-packages/airflow/example_dags/plugins/listener_plugin.py
[2025-04-17T06:53:04.394+0000] {processor.py:208} INFO - Processing /home/airflow/.local/lib/python3.9/site-packages/airflow/example_dags/plugins/listener_plugin.py took 0.026 seconds
[2025-04-17T06:53:34.681+0000] {processor.py:186} INFO - Started process (PID=3859) to work on /home/airflow/.local/lib/python3.9/site-packages/airflow/example_dags/plugins/listener_plugin.py
[2025-04-17T06:53:34.682+0000] {processor.py:914} INFO - Processing file /home/airflow/.local/lib/python3.9/site-packages/airflow/example_dags/plugins/listener_plugin.py for tasks to queue
[2025-04-17T06:53:34.685+0000] {logging_mixin.py:190} INFO - [2025-04-17T06:53:34.685+0000] {dagbag.py:588} INFO - Filling up the DagBag from /home/airflow/.local/lib/python3.9/site-packages/airflow/example_dags/plugins/listener_plugin.py
[2025-04-17T06:53:34.688+0000] {processor.py:927} WARNING - No viable dags retrieved from /home/airflow/.local/lib/python3.9/site-packages/airflow/example_dags/plugins/listener_plugin.py
[2025-04-17T06:53:34.702+0000] {processor.py:208} INFO - Processing /home/airflow/.local/lib/python3.9/site-packages/airflow/example_dags/plugins/listener_plugin.py took 0.028 seconds
[2025-04-17T06:54:05.150+0000] {processor.py:186} INFO - Started process (PID=3917) to work on /home/airflow/.local/lib/python3.9/site-packages/airflow/example_dags/plugins/listener_plugin.py
[2025-04-17T06:54:05.151+0000] {processor.py:914} INFO - Processing file /home/airflow/.local/lib/python3.9/site-packages/airflow/example_dags/plugins/listener_plugin.py for tasks to queue
[2025-04-17T06:54:05.156+0000] {logging_mixin.py:190} INFO - [2025-04-17T06:54:05.155+0000] {dagbag.py:588} INFO - Filling up the DagBag from /home/airflow/.local/lib/python3.9/site-packages/airflow/example_dags/plugins/listener_plugin.py
[2025-04-17T06:54:05.160+0000] {processor.py:927} WARNING - No viable dags retrieved from /home/airflow/.local/lib/python3.9/site-packages/airflow/example_dags/plugins/listener_plugin.py
[2025-04-17T06:54:05.179+0000] {processor.py:208} INFO - Processing /home/airflow/.local/lib/python3.9/site-packages/airflow/example_dags/plugins/listener_plugin.py took 0.039 seconds
[2025-04-17T06:54:35.388+0000] {processor.py:186} INFO - Started process (PID=3975) to work on /home/airflow/.local/lib/python3.9/site-packages/airflow/example_dags/plugins/listener_plugin.py
[2025-04-17T06:54:35.389+0000] {processor.py:914} INFO - Processing file /home/airflow/.local/lib/python3.9/site-packages/airflow/example_dags/plugins/listener_plugin.py for tasks to queue
[2025-04-17T06:54:35.391+0000] {logging_mixin.py:190} INFO - [2025-04-17T06:54:35.391+0000] {dagbag.py:588} INFO - Filling up the DagBag from /home/airflow/.local/lib/python3.9/site-packages/airflow/example_dags/plugins/listener_plugin.py
[2025-04-17T06:54:35.394+0000] {processor.py:927} WARNING - No viable dags retrieved from /home/airflow/.local/lib/python3.9/site-packages/airflow/example_dags/plugins/listener_plugin.py
[2025-04-17T06:54:35.404+0000] {processor.py:208} INFO - Processing /home/airflow/.local/lib/python3.9/site-packages/airflow/example_dags/plugins/listener_plugin.py took 0.022 seconds
[2025-04-17T06:55:06.070+0000] {processor.py:186} INFO - Started process (PID=4033) to work on /home/airflow/.local/lib/python3.9/site-packages/airflow/example_dags/plugins/listener_plugin.py
[2025-04-17T06:55:06.074+0000] {processor.py:914} INFO - Processing file /home/airflow/.local/lib/python3.9/site-packages/airflow/example_dags/plugins/listener_plugin.py for tasks to queue
[2025-04-17T06:55:06.079+0000] {logging_mixin.py:190} INFO - [2025-04-17T06:55:06.078+0000] {dagbag.py:588} INFO - Filling up the DagBag from /home/airflow/.local/lib/python3.9/site-packages/airflow/example_dags/plugins/listener_plugin.py
[2025-04-17T06:55:06.082+0000] {processor.py:927} WARNING - No viable dags retrieved from /home/airflow/.local/lib/python3.9/site-packages/airflow/example_dags/plugins/listener_plugin.py
[2025-04-17T06:55:06.102+0000] {processor.py:208} INFO - Processing /home/airflow/.local/lib/python3.9/site-packages/airflow/example_dags/plugins/listener_plugin.py took 0.043 seconds
[2025-04-17T06:55:36.492+0000] {processor.py:186} INFO - Started process (PID=4091) to work on /home/airflow/.local/lib/python3.9/site-packages/airflow/example_dags/plugins/listener_plugin.py
[2025-04-17T06:55:36.493+0000] {processor.py:914} INFO - Processing file /home/airflow/.local/lib/python3.9/site-packages/airflow/example_dags/plugins/listener_plugin.py for tasks to queue
[2025-04-17T06:55:36.495+0000] {logging_mixin.py:190} INFO - [2025-04-17T06:55:36.495+0000] {dagbag.py:588} INFO - Filling up the DagBag from /home/airflow/.local/lib/python3.9/site-packages/airflow/example_dags/plugins/listener_plugin.py
[2025-04-17T06:55:36.497+0000] {processor.py:927} WARNING - No viable dags retrieved from /home/airflow/.local/lib/python3.9/site-packages/airflow/example_dags/plugins/listener_plugin.py
[2025-04-17T06:55:36.509+0000] {processor.py:208} INFO - Processing /home/airflow/.local/lib/python3.9/site-packages/airflow/example_dags/plugins/listener_plugin.py took 0.023 seconds
[2025-04-17T06:56:06.808+0000] {processor.py:186} INFO - Started process (PID=4149) to work on /home/airflow/.local/lib/python3.9/site-packages/airflow/example_dags/plugins/listener_plugin.py
[2025-04-17T06:56:06.809+0000] {processor.py:914} INFO - Processing file /home/airflow/.local/lib/python3.9/site-packages/airflow/example_dags/plugins/listener_plugin.py for tasks to queue
[2025-04-17T06:56:06.811+0000] {logging_mixin.py:190} INFO - [2025-04-17T06:56:06.811+0000] {dagbag.py:588} INFO - Filling up the DagBag from /home/airflow/.local/lib/python3.9/site-packages/airflow/example_dags/plugins/listener_plugin.py
[2025-04-17T06:56:06.813+0000] {processor.py:927} WARNING - No viable dags retrieved from /home/airflow/.local/lib/python3.9/site-packages/airflow/example_dags/plugins/listener_plugin.py
[2025-04-17T06:56:06.824+0000] {processor.py:208} INFO - Processing /home/airflow/.local/lib/python3.9/site-packages/airflow/example_dags/plugins/listener_plugin.py took 0.022 seconds
[2025-04-17T06:56:37.726+0000] {processor.py:186} INFO - Started process (PID=4207) to work on /home/airflow/.local/lib/python3.9/site-packages/airflow/example_dags/plugins/listener_plugin.py
[2025-04-17T06:56:37.727+0000] {processor.py:914} INFO - Processing file /home/airflow/.local/lib/python3.9/site-packages/airflow/example_dags/plugins/listener_plugin.py for tasks to queue
[2025-04-17T06:56:37.730+0000] {logging_mixin.py:190} INFO - [2025-04-17T06:56:37.730+0000] {dagbag.py:588} INFO - Filling up the DagBag from /home/airflow/.local/lib/python3.9/site-packages/airflow/example_dags/plugins/listener_plugin.py
[2025-04-17T06:56:37.734+0000] {processor.py:927} WARNING - No viable dags retrieved from /home/airflow/.local/lib/python3.9/site-packages/airflow/example_dags/plugins/listener_plugin.py
[2025-04-17T06:56:37.749+0000] {processor.py:208} INFO - Processing /home/airflow/.local/lib/python3.9/site-packages/airflow/example_dags/plugins/listener_plugin.py took 0.030 seconds
[2025-04-17T06:57:08.115+0000] {processor.py:186} INFO - Started process (PID=4265) to work on /home/airflow/.local/lib/python3.9/site-packages/airflow/example_dags/plugins/listener_plugin.py
[2025-04-17T06:57:08.115+0000] {processor.py:914} INFO - Processing file /home/airflow/.local/lib/python3.9/site-packages/airflow/example_dags/plugins/listener_plugin.py for tasks to queue
[2025-04-17T06:57:08.118+0000] {logging_mixin.py:190} INFO - [2025-04-17T06:57:08.118+0000] {dagbag.py:588} INFO - Filling up the DagBag from /home/airflow/.local/lib/python3.9/site-packages/airflow/example_dags/plugins/listener_plugin.py
[2025-04-17T06:57:08.120+0000] {processor.py:927} WARNING - No viable dags retrieved from /home/airflow/.local/lib/python3.9/site-packages/airflow/example_dags/plugins/listener_plugin.py
[2025-04-17T06:57:08.132+0000] {processor.py:208} INFO - Processing /home/airflow/.local/lib/python3.9/site-packages/airflow/example_dags/plugins/listener_plugin.py took 0.024 seconds
[2025-04-17T06:57:38.635+0000] {processor.py:186} INFO - Started process (PID=4323) to work on /home/airflow/.local/lib/python3.9/site-packages/airflow/example_dags/plugins/listener_plugin.py
[2025-04-17T06:57:38.636+0000] {processor.py:914} INFO - Processing file /home/airflow/.local/lib/python3.9/site-packages/airflow/example_dags/plugins/listener_plugin.py for tasks to queue
[2025-04-17T06:57:38.638+0000] {logging_mixin.py:190} INFO - [2025-04-17T06:57:38.637+0000] {dagbag.py:588} INFO - Filling up the DagBag from /home/airflow/.local/lib/python3.9/site-packages/airflow/example_dags/plugins/listener_plugin.py
[2025-04-17T06:57:38.640+0000] {processor.py:927} WARNING - No viable dags retrieved from /home/airflow/.local/lib/python3.9/site-packages/airflow/example_dags/plugins/listener_plugin.py
[2025-04-17T06:57:38.651+0000] {processor.py:208} INFO - Processing /home/airflow/.local/lib/python3.9/site-packages/airflow/example_dags/plugins/listener_plugin.py took 0.023 seconds
[2025-04-17T06:58:08.997+0000] {processor.py:186} INFO - Started process (PID=4381) to work on /home/airflow/.local/lib/python3.9/site-packages/airflow/example_dags/plugins/listener_plugin.py
[2025-04-17T06:58:08.998+0000] {processor.py:914} INFO - Processing file /home/airflow/.local/lib/python3.9/site-packages/airflow/example_dags/plugins/listener_plugin.py for tasks to queue
[2025-04-17T06:58:09.001+0000] {logging_mixin.py:190} INFO - [2025-04-17T06:58:09.000+0000] {dagbag.py:588} INFO - Filling up the DagBag from /home/airflow/.local/lib/python3.9/site-packages/airflow/example_dags/plugins/listener_plugin.py
[2025-04-17T06:58:09.003+0000] {processor.py:927} WARNING - No viable dags retrieved from /home/airflow/.local/lib/python3.9/site-packages/airflow/example_dags/plugins/listener_plugin.py
[2025-04-17T06:58:09.015+0000] {processor.py:208} INFO - Processing /home/airflow/.local/lib/python3.9/site-packages/airflow/example_dags/plugins/listener_plugin.py took 0.024 seconds
[2025-04-17T06:58:39.281+0000] {processor.py:186} INFO - Started process (PID=4439) to work on /home/airflow/.local/lib/python3.9/site-packages/airflow/example_dags/plugins/listener_plugin.py
[2025-04-17T06:58:39.282+0000] {processor.py:914} INFO - Processing file /home/airflow/.local/lib/python3.9/site-packages/airflow/example_dags/plugins/listener_plugin.py for tasks to queue
[2025-04-17T06:58:39.285+0000] {logging_mixin.py:190} INFO - [2025-04-17T06:58:39.285+0000] {dagbag.py:588} INFO - Filling up the DagBag from /home/airflow/.local/lib/python3.9/site-packages/airflow/example_dags/plugins/listener_plugin.py
[2025-04-17T06:58:39.287+0000] {processor.py:927} WARNING - No viable dags retrieved from /home/airflow/.local/lib/python3.9/site-packages/airflow/example_dags/plugins/listener_plugin.py
[2025-04-17T06:58:39.302+0000] {processor.py:208} INFO - Processing /home/airflow/.local/lib/python3.9/site-packages/airflow/example_dags/plugins/listener_plugin.py took 0.030 seconds
[2025-04-17T06:59:09.395+0000] {processor.py:186} INFO - Started process (PID=4497) to work on /home/airflow/.local/lib/python3.9/site-packages/airflow/example_dags/plugins/listener_plugin.py
[2025-04-17T06:59:09.396+0000] {processor.py:914} INFO - Processing file /home/airflow/.local/lib/python3.9/site-packages/airflow/example_dags/plugins/listener_plugin.py for tasks to queue
[2025-04-17T06:59:09.398+0000] {logging_mixin.py:190} INFO - [2025-04-17T06:59:09.398+0000] {dagbag.py:588} INFO - Filling up the DagBag from /home/airflow/.local/lib/python3.9/site-packages/airflow/example_dags/plugins/listener_plugin.py
[2025-04-17T06:59:09.401+0000] {processor.py:927} WARNING - No viable dags retrieved from /home/airflow/.local/lib/python3.9/site-packages/airflow/example_dags/plugins/listener_plugin.py
[2025-04-17T06:59:09.415+0000] {processor.py:208} INFO - Processing /home/airflow/.local/lib/python3.9/site-packages/airflow/example_dags/plugins/listener_plugin.py took 0.028 seconds
[2025-04-17T06:59:39.697+0000] {processor.py:186} INFO - Started process (PID=4555) to work on /home/airflow/.local/lib/python3.9/site-packages/airflow/example_dags/plugins/listener_plugin.py
[2025-04-17T06:59:39.699+0000] {processor.py:914} INFO - Processing file /home/airflow/.local/lib/python3.9/site-packages/airflow/example_dags/plugins/listener_plugin.py for tasks to queue
[2025-04-17T06:59:39.701+0000] {logging_mixin.py:190} INFO - [2025-04-17T06:59:39.701+0000] {dagbag.py:588} INFO - Filling up the DagBag from /home/airflow/.local/lib/python3.9/site-packages/airflow/example_dags/plugins/listener_plugin.py
[2025-04-17T06:59:39.704+0000] {processor.py:927} WARNING - No viable dags retrieved from /home/airflow/.local/lib/python3.9/site-packages/airflow/example_dags/plugins/listener_plugin.py
[2025-04-17T06:59:39.718+0000] {processor.py:208} INFO - Processing /home/airflow/.local/lib/python3.9/site-packages/airflow/example_dags/plugins/listener_plugin.py took 0.028 seconds
[2025-04-17T07:00:09.773+0000] {processor.py:186} INFO - Started process (PID=4613) to work on /home/airflow/.local/lib/python3.9/site-packages/airflow/example_dags/plugins/listener_plugin.py
[2025-04-17T07:00:09.774+0000] {processor.py:914} INFO - Processing file /home/airflow/.local/lib/python3.9/site-packages/airflow/example_dags/plugins/listener_plugin.py for tasks to queue
[2025-04-17T07:00:09.776+0000] {logging_mixin.py:190} INFO - [2025-04-17T07:00:09.776+0000] {dagbag.py:588} INFO - Filling up the DagBag from /home/airflow/.local/lib/python3.9/site-packages/airflow/example_dags/plugins/listener_plugin.py
[2025-04-17T07:00:09.780+0000] {processor.py:927} WARNING - No viable dags retrieved from /home/airflow/.local/lib/python3.9/site-packages/airflow/example_dags/plugins/listener_plugin.py
[2025-04-17T07:00:09.794+0000] {processor.py:208} INFO - Processing /home/airflow/.local/lib/python3.9/site-packages/airflow/example_dags/plugins/listener_plugin.py took 0.028 seconds
[2025-04-17T07:00:41.989+0000] {processor.py:186} INFO - Started process (PID=4673) to work on /home/airflow/.local/lib/python3.9/site-packages/airflow/example_dags/plugins/listener_plugin.py
[2025-04-17T07:00:41.991+0000] {processor.py:914} INFO - Processing file /home/airflow/.local/lib/python3.9/site-packages/airflow/example_dags/plugins/listener_plugin.py for tasks to queue
[2025-04-17T07:00:41.996+0000] {logging_mixin.py:190} INFO - [2025-04-17T07:00:41.995+0000] {dagbag.py:588} INFO - Filling up the DagBag from /home/airflow/.local/lib/python3.9/site-packages/airflow/example_dags/plugins/listener_plugin.py
[2025-04-17T07:00:42.003+0000] {processor.py:927} WARNING - No viable dags retrieved from /home/airflow/.local/lib/python3.9/site-packages/airflow/example_dags/plugins/listener_plugin.py
[2025-04-17T07:00:42.022+0000] {processor.py:208} INFO - Processing /home/airflow/.local/lib/python3.9/site-packages/airflow/example_dags/plugins/listener_plugin.py took 0.049 seconds
[2025-04-17T07:01:12.831+0000] {processor.py:186} INFO - Started process (PID=4731) to work on /home/airflow/.local/lib/python3.9/site-packages/airflow/example_dags/plugins/listener_plugin.py
[2025-04-17T07:01:12.833+0000] {processor.py:914} INFO - Processing file /home/airflow/.local/lib/python3.9/site-packages/airflow/example_dags/plugins/listener_plugin.py for tasks to queue
[2025-04-17T07:01:12.836+0000] {logging_mixin.py:190} INFO - [2025-04-17T07:01:12.836+0000] {dagbag.py:588} INFO - Filling up the DagBag from /home/airflow/.local/lib/python3.9/site-packages/airflow/example_dags/plugins/listener_plugin.py
[2025-04-17T07:01:12.839+0000] {processor.py:927} WARNING - No viable dags retrieved from /home/airflow/.local/lib/python3.9/site-packages/airflow/example_dags/plugins/listener_plugin.py
[2025-04-17T07:01:12.859+0000] {processor.py:208} INFO - Processing /home/airflow/.local/lib/python3.9/site-packages/airflow/example_dags/plugins/listener_plugin.py took 0.036 seconds
[2025-04-17T07:01:43.904+0000] {processor.py:186} INFO - Started process (PID=4789) to work on /home/airflow/.local/lib/python3.9/site-packages/airflow/example_dags/plugins/listener_plugin.py
[2025-04-17T07:01:43.905+0000] {processor.py:914} INFO - Processing file /home/airflow/.local/lib/python3.9/site-packages/airflow/example_dags/plugins/listener_plugin.py for tasks to queue
[2025-04-17T07:01:43.908+0000] {logging_mixin.py:190} INFO - [2025-04-17T07:01:43.908+0000] {dagbag.py:588} INFO - Filling up the DagBag from /home/airflow/.local/lib/python3.9/site-packages/airflow/example_dags/plugins/listener_plugin.py
[2025-04-17T07:01:43.911+0000] {processor.py:927} WARNING - No viable dags retrieved from /home/airflow/.local/lib/python3.9/site-packages/airflow/example_dags/plugins/listener_plugin.py
[2025-04-17T07:01:43.929+0000] {processor.py:208} INFO - Processing /home/airflow/.local/lib/python3.9/site-packages/airflow/example_dags/plugins/listener_plugin.py took 0.034 seconds
[2025-04-17T07:02:15.420+0000] {processor.py:186} INFO - Started process (PID=4847) to work on /home/airflow/.local/lib/python3.9/site-packages/airflow/example_dags/plugins/listener_plugin.py
[2025-04-17T07:02:15.421+0000] {processor.py:914} INFO - Processing file /home/airflow/.local/lib/python3.9/site-packages/airflow/example_dags/plugins/listener_plugin.py for tasks to queue
[2025-04-17T07:02:15.424+0000] {logging_mixin.py:190} INFO - [2025-04-17T07:02:15.424+0000] {dagbag.py:588} INFO - Filling up the DagBag from /home/airflow/.local/lib/python3.9/site-packages/airflow/example_dags/plugins/listener_plugin.py
[2025-04-17T07:02:15.427+0000] {processor.py:927} WARNING - No viable dags retrieved from /home/airflow/.local/lib/python3.9/site-packages/airflow/example_dags/plugins/listener_plugin.py
[2025-04-17T07:02:15.440+0000] {processor.py:208} INFO - Processing /home/airflow/.local/lib/python3.9/site-packages/airflow/example_dags/plugins/listener_plugin.py took 0.027 seconds
[2025-04-17T07:02:46.892+0000] {processor.py:186} INFO - Started process (PID=4907) to work on /home/airflow/.local/lib/python3.9/site-packages/airflow/example_dags/plugins/listener_plugin.py
[2025-04-17T07:02:46.893+0000] {processor.py:914} INFO - Processing file /home/airflow/.local/lib/python3.9/site-packages/airflow/example_dags/plugins/listener_plugin.py for tasks to queue
[2025-04-17T07:02:46.896+0000] {logging_mixin.py:190} INFO - [2025-04-17T07:02:46.895+0000] {dagbag.py:588} INFO - Filling up the DagBag from /home/airflow/.local/lib/python3.9/site-packages/airflow/example_dags/plugins/listener_plugin.py
[2025-04-17T07:02:46.898+0000] {processor.py:927} WARNING - No viable dags retrieved from /home/airflow/.local/lib/python3.9/site-packages/airflow/example_dags/plugins/listener_plugin.py
[2025-04-17T07:02:46.910+0000] {processor.py:208} INFO - Processing /home/airflow/.local/lib/python3.9/site-packages/airflow/example_dags/plugins/listener_plugin.py took 0.024 seconds
