[2025-04-09T08:58:44.282+0000] {local_task_job_runner.py:123} INFO - ::group::Pre task execution logs
[2025-04-09T08:58:44.459+0000] {taskinstance.py:2614} INFO - Dependencies all met for dep_context=non-requeueable deps ti=<TaskInstance: daily_weather_etl.run_main_script manual__2025-04-09T08:58:41.548829+00:00 [queued]>
[2025-04-09T08:58:44.472+0000] {taskinstance.py:2614} INFO - Dependencies all met for dep_context=requeueable deps ti=<TaskInstance: daily_weather_etl.run_main_script manual__2025-04-09T08:58:41.548829+00:00 [queued]>
[2025-04-09T08:58:44.475+0000] {taskinstance.py:2867} INFO - Starting attempt 1 of 2
[2025-04-09T08:58:44.497+0000] {taskinstance.py:2890} INFO - Executing <Task(BashOperator): run_main_script> on 2025-04-09 08:58:41.548829+00:00
[2025-04-09T08:58:44.506+0000] {standard_task_runner.py:72} INFO - Started process 11412 to run task
[2025-04-09T08:58:44.511+0000] {standard_task_runner.py:104} INFO - Running: ['***', 'tasks', 'run', 'daily_weather_etl', 'run_main_script', 'manual__2025-04-09T08:58:41.548829+00:00', '--job-id', '259', '--raw', '--subdir', 'DAGS_FOLDER/weather_dag.py', '--cfg-path', '/tmp/tmpf0ourh8s']
[2025-04-09T08:58:44.514+0000] {standard_task_runner.py:105} INFO - Job 259: Subtask run_main_script
[2025-04-09T08:58:44.587+0000] {task_command.py:467} INFO - Running <TaskInstance: daily_weather_etl.run_main_script manual__2025-04-09T08:58:41.548829+00:00 [running]> on host 3c3c1f66214b
[2025-04-09T08:58:44.732+0000] {taskinstance.py:3134} INFO - Exporting env vars: AIRFLOW_CTX_DAG_OWNER='***' AIRFLOW_CTX_DAG_ID='daily_weather_etl' AIRFLOW_CTX_TASK_ID='run_main_script' AIRFLOW_CTX_EXECUTION_DATE='2025-04-09T08:58:41.548829+00:00' AIRFLOW_CTX_TRY_NUMBER='1' AIRFLOW_CTX_DAG_RUN_ID='manual__2025-04-09T08:58:41.548829+00:00'
[2025-04-09T08:58:44.735+0000] {logging_mixin.py:190} INFO - Task instance is in running state
[2025-04-09T08:58:44.738+0000] {logging_mixin.py:190} INFO -  Previous state of the Task instance: queued
[2025-04-09T08:58:44.740+0000] {logging_mixin.py:190} INFO - Current task name:run_main_script state:running start_date:2025-04-09 08:58:44.460902+00:00
[2025-04-09T08:58:44.742+0000] {logging_mixin.py:190} INFO - Dag name:daily_weather_etl and current dag run status:running
[2025-04-09T08:58:44.743+0000] {taskinstance.py:732} INFO - ::endgroup::
[2025-04-09T08:58:44.745+0000] {subprocess.py:78} INFO - Tmp dir root location: /tmp
[2025-04-09T08:58:44.747+0000] {subprocess.py:88} INFO - Running command: ['/usr/bin/bash', '-c', 'python /opt/***/dags/main.py']
[2025-04-09T08:58:44.764+0000] {subprocess.py:99} INFO - Output:
[2025-04-09T08:58:50.253+0000] {subprocess.py:106} INFO - 25/04/09 08:58:50 WARN NativeCodeLoader: Unable to load native-hadoop library for your platform... using builtin-java classes where applicable
[2025-04-09T08:58:50.544+0000] {subprocess.py:106} INFO - Setting default log level to "WARN".
[2025-04-09T08:58:50.547+0000] {subprocess.py:106} INFO - To adjust logging level use sc.setLogLevel(newLevel). For SparkR, use setLogLevel(newLevel).
[2025-04-09T08:59:29.761+0000] {subprocess.py:106} INFO - [Stage 0:>                                                          (0 + 8) / 8]                                                                                Ciudades registradas:
[2025-04-09T08:59:29.766+0000] {subprocess.py:106} INFO - Vamos a crear un histórico de valencia
[2025-04-09T08:59:29.769+0000] {subprocess.py:106} INFO - +--------+-------------------------------------------------------------------+-----------+--------+--------+---------+---------+-------------+
[2025-04-09T08:59:29.773+0000] {subprocess.py:106} INFO - |city    |to_timestamp(regexp_replace(local_time, T,  , 1), yyyy-MM-dd HH:mm)|temperature|wind_kph|humidity|feelslike|precip_mm|text         |
[2025-04-09T08:59:29.776+0000] {subprocess.py:106} INFO - +--------+-------------------------------------------------------------------+-----------+--------+--------+---------+---------+-------------+
[2025-04-09T08:59:29.781+0000] {subprocess.py:106} INFO - |valencia|2021-01-01 04:00:00                                                |7.1        |5.4     |77      |7.1      |0.0      |Partly Cloudy|
[2025-04-09T08:59:29.785+0000] {subprocess.py:106} INFO - |valencia|2021-01-01 09:00:00                                                |7.4        |15.6    |73      |7.4      |0.3      |Light Drizzle|
[2025-04-09T08:59:29.788+0000] {subprocess.py:106} INFO - |valencia|2021-01-01 15:00:00                                                |12.1       |15.4    |42      |12.1     |0.0      |Partly Cloudy|
[2025-04-09T08:59:29.792+0000] {subprocess.py:106} INFO - |valencia|2021-01-01 22:00:00                                                |8.1        |19.7    |50      |8.1      |0.0      |Sunny        |
[2025-04-09T08:59:29.796+0000] {subprocess.py:106} INFO - |valencia|2021-01-02 04:00:00                                                |5.7        |14.8    |55      |5.7      |0.0      |Sunny        |
[2025-04-09T08:59:29.799+0000] {subprocess.py:106} INFO - |valencia|2021-01-02 09:00:00                                                |4.7        |19.2    |42      |4.7      |0.0      |Sunny        |
[2025-04-09T08:59:29.804+0000] {subprocess.py:106} INFO - |valencia|2021-01-02 15:00:00                                                |11.0       |18.2    |33      |11.0     |0.0      |Partly Cloudy|
[2025-04-09T08:59:29.808+0000] {subprocess.py:106} INFO - |valencia|2021-01-02 22:00:00                                                |6.4        |14.8    |34      |6.4      |0.0      |Cloudy       |
[2025-04-09T08:59:29.813+0000] {subprocess.py:106} INFO - |valencia|2021-01-03 04:00:00                                                |5.3        |12.0    |50      |5.3      |0.0      |Sunny        |
[2025-04-09T08:59:29.817+0000] {subprocess.py:106} INFO - |valencia|2021-01-03 09:00:00                                                |3.9        |11.4    |48      |3.9      |0.0      |Sunny        |
[2025-04-09T08:59:29.821+0000] {subprocess.py:106} INFO - |valencia|2021-01-03 15:00:00                                                |12.5       |18.0    |31      |12.5     |0.0      |Sunny        |
[2025-04-09T08:59:29.825+0000] {subprocess.py:106} INFO - |valencia|2021-01-03 22:00:00                                                |7.4        |15.0    |46      |7.4      |0.0      |Sunny        |
[2025-04-09T08:59:29.830+0000] {subprocess.py:106} INFO - |valencia|2021-01-04 04:00:00                                                |5.9        |14.4    |56      |5.9      |0.0      |Sunny        |
[2025-04-09T08:59:29.834+0000] {subprocess.py:106} INFO - |valencia|2021-01-04 09:00:00                                                |4.9        |13.6    |66      |4.9      |0.0      |Sunny        |
[2025-04-09T08:59:29.838+0000] {subprocess.py:106} INFO - |valencia|2021-01-04 15:00:00                                                |11.9       |19.8    |34      |11.9     |0.0      |Sunny        |
[2025-04-09T08:59:29.842+0000] {subprocess.py:106} INFO - |valencia|2021-01-04 22:00:00                                                |6.0        |13.7    |55      |6.0      |0.0      |Sunny        |
[2025-04-09T08:59:29.846+0000] {subprocess.py:106} INFO - |valencia|2021-01-05 04:00:00                                                |3.8        |13.1    |60      |3.8      |0.0      |Sunny        |
[2025-04-09T08:59:29.850+0000] {subprocess.py:106} INFO - |valencia|2021-01-05 09:00:00                                                |1.1        |9.0     |67      |1.1      |0.0      |Sunny        |
[2025-04-09T08:59:29.854+0000] {subprocess.py:106} INFO - |valencia|2021-01-05 15:00:00                                                |11.1       |5.6     |37      |11.1     |0.0      |Sunny        |
[2025-04-09T08:59:29.858+0000] {subprocess.py:106} INFO - |valencia|2021-01-05 22:00:00                                                |3.8        |6.5     |71      |3.8      |0.0      |Sunny        |
[2025-04-09T08:59:29.862+0000] {subprocess.py:106} INFO - +--------+-------------------------------------------------------------------+-----------+--------+--------+---------+---------+-------------+
[2025-04-09T08:59:29.867+0000] {subprocess.py:106} INFO - only showing top 20 rows
[2025-04-09T08:59:29.871+0000] {subprocess.py:106} INFO - 
[2025-04-09T08:59:29.875+0000] {subprocess.py:106} INFO - Error: [UNRESOLVED_COLUMN.WITH_SUGGESTION] A column or function parameter with name `time` cannot be resolved. Did you mean one of the following? [`city`, `text`, `feelslike`, `humidity`, `precip_mm`].;
[2025-04-09T08:59:29.879+0000] {subprocess.py:106} INFO - 'Project [lower(city#12) AS lower(city)#82, 'time]
[2025-04-09T08:59:29.884+0000] {subprocess.py:106} INFO - +- Project [city#12, to_timestamp(regexp_replace(local_time, T,  , 1), yyyy-MM-dd HH:mm)#39, temperature#3, wind_kph#5, humidity#0L, feelslike#20, precip_mm#2, text#30]
[2025-04-09T08:59:29.888+0000] {subprocess.py:106} INFO -    +- Sort [local_time#1 ASC NULLS FIRST], true
[2025-04-09T08:59:29.892+0000] {subprocess.py:106} INFO -       +- Project [city#12, to_timestamp(regexp_replace(local_time#1, T,  , 1), Some(yyyy-MM-dd HH:mm), TimestampType, Some(Etc/UTC), false) AS to_timestamp(regexp_replace(local_time, T,  , 1), yyyy-MM-dd HH:mm)#39, temperature#3, wind_kph#5, humidity#0L, feelslike#20, precip_mm#2, text#30, local_time#1]
[2025-04-09T08:59:29.897+0000] {subprocess.py:106} INFO -          +- Project [humidity#0L, local_time#1, precip_mm#2, temperature#3, map_to_description(text#4L)#29 AS text#30, wind_kph#5, city#12, feelslike#20]
[2025-04-09T08:59:29.902+0000] {subprocess.py:106} INFO -             +- Project [humidity#0L, local_time#1, precip_mm#2, temperature#3, text#4L, wind_kph#5, city#12, temperature#3 AS feelslike#20]
[2025-04-09T08:59:29.906+0000] {subprocess.py:106} INFO -                +- Project [humidity#0L, local_time#1, precip_mm#2, temperature#3, text#4L, wind_kph#5, valencia AS city#12]
[2025-04-09T08:59:29.909+0000] {subprocess.py:106} INFO -                   +- Filter (((EndsWith(local_time#1, 04:00) OR EndsWith(local_time#1, 09:00)) OR EndsWith(local_time#1, 15:00)) OR EndsWith(local_time#1, 22:00))
[2025-04-09T08:59:29.914+0000] {subprocess.py:106} INFO -                      +- LogicalRDD [humidity#0L, local_time#1, precip_mm#2, temperature#3, text#4L, wind_kph#5], false
[2025-04-09T08:59:29.918+0000] {subprocess.py:106} INFO - 
[2025-04-09T08:59:30.525+0000] {subprocess.py:110} INFO - Command exited with return code 0
[2025-04-09T08:59:30.607+0000] {taskinstance.py:341} INFO - ::group::Post task execution logs
[2025-04-09T08:59:30.610+0000] {taskinstance.py:353} INFO - Marking task as SUCCESS. dag_id=daily_weather_etl, task_id=run_main_script, run_id=manual__2025-04-09T08:58:41.548829+00:00, execution_date=20250409T085841, start_date=20250409T085844, end_date=20250409T085930
[2025-04-09T08:59:30.660+0000] {logging_mixin.py:190} INFO - Task instance in success state
[2025-04-09T08:59:30.664+0000] {logging_mixin.py:190} INFO -  Previous state of the Task instance: running
[2025-04-09T08:59:30.666+0000] {logging_mixin.py:190} INFO - Dag name:daily_weather_etl queued_at:2025-04-09 08:58:41.584437+00:00
[2025-04-09T08:59:30.667+0000] {logging_mixin.py:190} INFO - Task hostname:3c3c1f66214b operator:BashOperator
[2025-04-09T08:59:30.687+0000] {local_task_job_runner.py:266} INFO - Task exited with return code 0
[2025-04-09T08:59:30.744+0000] {taskinstance.py:3901} INFO - 1 downstream tasks scheduled from follow-on schedule check
[2025-04-09T08:59:30.748+0000] {local_task_job_runner.py:245} INFO - ::endgroup::
