[2025-04-09T09:32:26.502+0000] {local_task_job_runner.py:123} INFO - ::group::Pre task execution logs
[2025-04-09T09:32:26.649+0000] {taskinstance.py:2614} INFO - Dependencies all met for dep_context=non-requeueable deps ti=<TaskInstance: daily_weather_etl.run_main_script manual__2025-04-09T09:32:24.235287+00:00 [queued]>
[2025-04-09T09:32:26.659+0000] {taskinstance.py:2614} INFO - Dependencies all met for dep_context=requeueable deps ti=<TaskInstance: daily_weather_etl.run_main_script manual__2025-04-09T09:32:24.235287+00:00 [queued]>
[2025-04-09T09:32:26.662+0000] {taskinstance.py:2867} INFO - Starting attempt 1 of 2
[2025-04-09T09:32:26.677+0000] {taskinstance.py:2890} INFO - Executing <Task(BashOperator): run_main_script> on 2025-04-09 09:32:24.235287+00:00
[2025-04-09T09:32:26.686+0000] {standard_task_runner.py:72} INFO - Started process 11995 to run task
[2025-04-09T09:32:26.689+0000] {standard_task_runner.py:104} INFO - Running: ['***', 'tasks', 'run', 'daily_weather_etl', 'run_main_script', 'manual__2025-04-09T09:32:24.235287+00:00', '--job-id', '262', '--raw', '--subdir', 'DAGS_FOLDER/weather_dag.py', '--cfg-path', '/tmp/tmpgrvo5elj']
[2025-04-09T09:32:26.691+0000] {standard_task_runner.py:105} INFO - Job 262: Subtask run_main_script
[2025-04-09T09:32:26.741+0000] {task_command.py:467} INFO - Running <TaskInstance: daily_weather_etl.run_main_script manual__2025-04-09T09:32:24.235287+00:00 [running]> on host 3c3c1f66214b
[2025-04-09T09:32:26.829+0000] {taskinstance.py:3134} INFO - Exporting env vars: AIRFLOW_CTX_DAG_OWNER='***' AIRFLOW_CTX_DAG_ID='daily_weather_etl' AIRFLOW_CTX_TASK_ID='run_main_script' AIRFLOW_CTX_EXECUTION_DATE='2025-04-09T09:32:24.235287+00:00' AIRFLOW_CTX_TRY_NUMBER='1' AIRFLOW_CTX_DAG_RUN_ID='manual__2025-04-09T09:32:24.235287+00:00'
[2025-04-09T09:32:26.832+0000] {logging_mixin.py:190} INFO - Task instance is in running state
[2025-04-09T09:32:26.833+0000] {logging_mixin.py:190} INFO -  Previous state of the Task instance: queued
[2025-04-09T09:32:26.834+0000] {logging_mixin.py:190} INFO - Current task name:run_main_script state:running start_date:2025-04-09 09:32:26.651371+00:00
[2025-04-09T09:32:26.835+0000] {logging_mixin.py:190} INFO - Dag name:daily_weather_etl and current dag run status:running
[2025-04-09T09:32:26.836+0000] {taskinstance.py:732} INFO - ::endgroup::
[2025-04-09T09:32:26.838+0000] {subprocess.py:78} INFO - Tmp dir root location: /tmp
[2025-04-09T09:32:26.839+0000] {subprocess.py:88} INFO - Running command: ['/usr/bin/bash', '-c', 'python /opt/***/dags/main.py']
[2025-04-09T09:32:26.850+0000] {subprocess.py:99} INFO - Output:
[2025-04-09T09:32:29.427+0000] {subprocess.py:106} INFO - 25/04/09 09:32:29 WARN NativeCodeLoader: Unable to load native-hadoop library for your platform... using builtin-java classes where applicable
[2025-04-09T09:32:29.571+0000] {subprocess.py:106} INFO - Setting default log level to "WARN".
[2025-04-09T09:32:29.572+0000] {subprocess.py:106} INFO - To adjust logging level use sc.setLogLevel(newLevel). For SparkR, use setLogLevel(newLevel).
[2025-04-09T09:32:46.270+0000] {subprocess.py:106} INFO - [Stage 0:>                                                          (0 + 8) / 8]                                                                                [Stage 1:>                                                          (0 + 8) / 8]                                                                                Ciudades registradas:
[2025-04-09T09:32:46.272+0000] {subprocess.py:106} INFO - Vamos a crear un histórico de valencia
[2025-04-09T09:32:46.273+0000] {subprocess.py:106} INFO - +--------+-------------------+-----------+--------+--------+---------+---------+-------------+
[2025-04-09T09:32:46.274+0000] {subprocess.py:106} INFO - |city    |local_time         |temperature|wind_kph|humidity|feelslike|precip_mm|text         |
[2025-04-09T09:32:46.276+0000] {subprocess.py:106} INFO - +--------+-------------------+-----------+--------+--------+---------+---------+-------------+
[2025-04-09T09:32:46.277+0000] {subprocess.py:106} INFO - |valencia|2021-01-01 04:00:00|7.1        |5.4     |77      |7.1      |0.0      |Partly Cloudy|
[2025-04-09T09:32:46.278+0000] {subprocess.py:106} INFO - |valencia|2021-01-01 09:00:00|7.4        |15.6    |73      |7.4      |0.3      |Light Drizzle|
[2025-04-09T09:32:46.279+0000] {subprocess.py:106} INFO - |valencia|2021-01-01 15:00:00|12.1       |15.4    |42      |12.1     |0.0      |Partly Cloudy|
[2025-04-09T09:32:46.281+0000] {subprocess.py:106} INFO - |valencia|2021-01-01 22:00:00|8.1        |19.7    |50      |8.1      |0.0      |Sunny        |
[2025-04-09T09:32:46.282+0000] {subprocess.py:106} INFO - |valencia|2021-01-02 04:00:00|5.7        |14.8    |55      |5.7      |0.0      |Sunny        |
[2025-04-09T09:32:46.283+0000] {subprocess.py:106} INFO - |valencia|2021-01-02 09:00:00|4.7        |19.2    |42      |4.7      |0.0      |Sunny        |
[2025-04-09T09:32:46.284+0000] {subprocess.py:106} INFO - |valencia|2021-01-02 15:00:00|11.0       |18.2    |33      |11.0     |0.0      |Partly Cloudy|
[2025-04-09T09:32:46.286+0000] {subprocess.py:106} INFO - |valencia|2021-01-02 22:00:00|6.4        |14.8    |34      |6.4      |0.0      |Cloudy       |
[2025-04-09T09:32:46.287+0000] {subprocess.py:106} INFO - |valencia|2021-01-03 04:00:00|5.3        |12.0    |50      |5.3      |0.0      |Sunny        |
[2025-04-09T09:32:46.289+0000] {subprocess.py:106} INFO - |valencia|2021-01-03 09:00:00|3.9        |11.4    |48      |3.9      |0.0      |Sunny        |
[2025-04-09T09:32:46.291+0000] {subprocess.py:106} INFO - |valencia|2021-01-03 15:00:00|12.5       |18.0    |31      |12.5     |0.0      |Sunny        |
[2025-04-09T09:32:46.292+0000] {subprocess.py:106} INFO - |valencia|2021-01-03 22:00:00|7.4        |15.0    |46      |7.4      |0.0      |Sunny        |
[2025-04-09T09:32:46.294+0000] {subprocess.py:106} INFO - |valencia|2021-01-04 04:00:00|5.9        |14.4    |56      |5.9      |0.0      |Sunny        |
[2025-04-09T09:32:46.295+0000] {subprocess.py:106} INFO - |valencia|2021-01-04 09:00:00|4.9        |13.6    |66      |4.9      |0.0      |Sunny        |
[2025-04-09T09:32:46.296+0000] {subprocess.py:106} INFO - |valencia|2021-01-04 15:00:00|11.9       |19.8    |34      |11.9     |0.0      |Sunny        |
[2025-04-09T09:32:46.298+0000] {subprocess.py:106} INFO - |valencia|2021-01-04 22:00:00|6.0        |13.7    |55      |6.0      |0.0      |Sunny        |
[2025-04-09T09:32:46.299+0000] {subprocess.py:106} INFO - |valencia|2021-01-05 04:00:00|3.8        |13.1    |60      |3.8      |0.0      |Sunny        |
[2025-04-09T09:32:46.300+0000] {subprocess.py:106} INFO - |valencia|2021-01-05 09:00:00|1.1        |9.0     |67      |1.1      |0.0      |Sunny        |
[2025-04-09T09:32:46.301+0000] {subprocess.py:106} INFO - |valencia|2021-01-05 15:00:00|11.1       |5.6     |37      |11.1     |0.0      |Sunny        |
[2025-04-09T09:32:46.302+0000] {subprocess.py:106} INFO - |valencia|2021-01-05 22:00:00|3.8        |6.5     |71      |3.8      |0.0      |Sunny        |
[2025-04-09T09:32:46.303+0000] {subprocess.py:106} INFO - +--------+-------------------+-----------+--------+--------+---------+---------+-------------+
[2025-04-09T09:32:46.304+0000] {subprocess.py:106} INFO - only showing top 20 rows
[2025-04-09T09:32:46.306+0000] {subprocess.py:106} INFO - 
[2025-04-09T09:32:46.307+0000] {subprocess.py:106} INFO - Error: 'datetime.datetime' object has no attribute 'split'
[2025-04-09T09:32:46.825+0000] {subprocess.py:110} INFO - Command exited with return code 0
[2025-04-09T09:32:46.844+0000] {taskinstance.py:341} INFO - ::group::Post task execution logs
[2025-04-09T09:32:46.846+0000] {taskinstance.py:353} INFO - Marking task as SUCCESS. dag_id=daily_weather_etl, task_id=run_main_script, run_id=manual__2025-04-09T09:32:24.235287+00:00, execution_date=20250409T093224, start_date=20250409T093226, end_date=20250409T093246
[2025-04-09T09:32:46.865+0000] {logging_mixin.py:190} INFO - Task instance in success state
[2025-04-09T09:32:46.866+0000] {logging_mixin.py:190} INFO -  Previous state of the Task instance: running
[2025-04-09T09:32:46.867+0000] {logging_mixin.py:190} INFO - Dag name:daily_weather_etl queued_at:2025-04-09 09:32:24.250524+00:00
[2025-04-09T09:32:46.868+0000] {logging_mixin.py:190} INFO - Task hostname:3c3c1f66214b operator:BashOperator
[2025-04-09T09:32:46.904+0000] {local_task_job_runner.py:266} INFO - Task exited with return code 0
[2025-04-09T09:32:46.929+0000] {taskinstance.py:3901} INFO - 1 downstream tasks scheduled from follow-on schedule check
[2025-04-09T09:32:46.931+0000] {local_task_job_runner.py:245} INFO - ::endgroup::
