[2025-03-27T12:59:16.612+0000] {local_task_job_runner.py:123} INFO - ::group::Pre task execution logs
[2025-03-27T12:59:16.875+0000] {taskinstance.py:2614} INFO - Dependencies all met for dep_context=non-requeueable deps ti=<TaskInstance: daily_weather_etl.run_weather_script manual__2025-03-27T12:59:13.389691+00:00 [queued]>
[2025-03-27T12:59:16.892+0000] {taskinstance.py:2614} INFO - Dependencies all met for dep_context=requeueable deps ti=<TaskInstance: daily_weather_etl.run_weather_script manual__2025-03-27T12:59:13.389691+00:00 [queued]>
[2025-03-27T12:59:16.896+0000] {taskinstance.py:2867} INFO - Starting attempt 1 of 2
[2025-03-27T12:59:16.929+0000] {taskinstance.py:2890} INFO - Executing <Task(BashOperator): run_weather_script> on 2025-03-27 12:59:13.389691+00:00
[2025-03-27T12:59:16.939+0000] {standard_task_runner.py:72} INFO - Started process 34655 to run task
[2025-03-27T12:59:16.948+0000] {standard_task_runner.py:104} INFO - Running: ['***', 'tasks', 'run', 'daily_weather_etl', 'run_weather_script', 'manual__2025-03-27T12:59:13.389691+00:00', '--job-id', '112', '--raw', '--subdir', 'DAGS_FOLDER/weather_dag.py', '--cfg-path', '/tmp/tmppvau91_8']
[2025-03-27T12:59:16.953+0000] {standard_task_runner.py:105} INFO - Job 112: Subtask run_weather_script
[2025-03-27T12:59:17.101+0000] {task_command.py:467} INFO - Running <TaskInstance: daily_weather_etl.run_weather_script manual__2025-03-27T12:59:13.389691+00:00 [running]> on host 3c3c1f66214b
[2025-03-27T12:59:17.411+0000] {taskinstance.py:3134} INFO - Exporting env vars: AIRFLOW_CTX_DAG_OWNER='***' AIRFLOW_CTX_DAG_ID='daily_weather_etl' AIRFLOW_CTX_TASK_ID='run_weather_script' AIRFLOW_CTX_EXECUTION_DATE='2025-03-27T12:59:13.389691+00:00' AIRFLOW_CTX_TRY_NUMBER='1' AIRFLOW_CTX_DAG_RUN_ID='manual__2025-03-27T12:59:13.389691+00:00'
[2025-03-27T12:59:17.418+0000] {logging_mixin.py:190} INFO - Task instance is in running state
[2025-03-27T12:59:17.421+0000] {logging_mixin.py:190} INFO -  Previous state of the Task instance: queued
[2025-03-27T12:59:17.426+0000] {logging_mixin.py:190} INFO - Current task name:run_weather_script state:running start_date:2025-03-27 12:59:16.877698+00:00
[2025-03-27T12:59:17.431+0000] {logging_mixin.py:190} INFO - Dag name:daily_weather_etl and current dag run status:running
[2025-03-27T12:59:17.435+0000] {taskinstance.py:732} INFO - ::endgroup::
[2025-03-27T12:59:17.441+0000] {subprocess.py:78} INFO - Tmp dir root location: /tmp
[2025-03-27T12:59:17.447+0000] {subprocess.py:88} INFO - Running command: ['/usr/bin/bash', '-c', 'python /opt/***/dags/main.py']
[2025-03-27T12:59:17.482+0000] {subprocess.py:99} INFO - Output:
[2025-03-27T12:59:22.796+0000] {subprocess.py:106} INFO - 25/03/27 12:59:22 WARN NativeCodeLoader: Unable to load native-hadoop library for your platform... using builtin-java classes where applicable
[2025-03-27T12:59:23.051+0000] {subprocess.py:106} INFO - Setting default log level to "WARN".
[2025-03-27T12:59:23.053+0000] {subprocess.py:106} INFO - To adjust logging level use sc.setLogLevel(newLevel). For SparkR, use setLogLevel(newLevel).
[2025-03-27T12:59:25.815+0000] {subprocess.py:106} INFO - Ciudades encontradas en el bucket:
[2025-03-27T12:59:25.821+0000] {subprocess.py:106} INFO - ['elche', 'san juan de alicante', 'torrevieja']
[2025-03-27T12:59:25.826+0000] {subprocess.py:106} INFO - False
[2025-03-27T12:59:25.829+0000] {subprocess.py:106} INFO - Vamos a crear un histórico de madrid
[2025-03-27T12:59:26.500+0000] {subprocess.py:110} INFO - Command exited with return code 0
[2025-03-27T12:59:26.537+0000] {taskinstance.py:341} INFO - ::group::Post task execution logs
[2025-03-27T12:59:26.539+0000] {taskinstance.py:353} INFO - Marking task as SUCCESS. dag_id=daily_weather_etl, task_id=run_weather_script, run_id=manual__2025-03-27T12:59:13.389691+00:00, execution_date=20250327T125913, start_date=20250327T125916, end_date=20250327T125926
[2025-03-27T12:59:26.572+0000] {logging_mixin.py:190} INFO - Task instance in success state
[2025-03-27T12:59:26.574+0000] {logging_mixin.py:190} INFO -  Previous state of the Task instance: running
[2025-03-27T12:59:26.576+0000] {logging_mixin.py:190} INFO - Dag name:daily_weather_etl queued_at:2025-03-27 12:59:13.408912+00:00
[2025-03-27T12:59:26.577+0000] {logging_mixin.py:190} INFO - Task hostname:3c3c1f66214b operator:BashOperator
[2025-03-27T12:59:26.618+0000] {local_task_job_runner.py:266} INFO - Task exited with return code 0
[2025-03-27T12:59:26.638+0000] {taskinstance.py:3901} INFO - 0 downstream tasks scheduled from follow-on schedule check
[2025-03-27T12:59:26.641+0000] {local_task_job_runner.py:245} INFO - ::endgroup::
