[2025-03-27T13:01:19.304+0000] {local_task_job_runner.py:123} INFO - ::group::Pre task execution logs
[2025-03-27T13:01:19.540+0000] {taskinstance.py:2614} INFO - Dependencies all met for dep_context=non-requeueable deps ti=<TaskInstance: daily_weather_etl.run_weather_script manual__2025-03-27T13:01:14.800367+00:00 [queued]>
[2025-03-27T13:01:19.560+0000] {taskinstance.py:2614} INFO - Dependencies all met for dep_context=requeueable deps ti=<TaskInstance: daily_weather_etl.run_weather_script manual__2025-03-27T13:01:14.800367+00:00 [queued]>
[2025-03-27T13:01:19.563+0000] {taskinstance.py:2867} INFO - Starting attempt 1 of 2
[2025-03-27T13:01:19.588+0000] {taskinstance.py:2890} INFO - Executing <Task(BashOperator): run_weather_script> on 2025-03-27 13:01:14.800367+00:00
[2025-03-27T13:01:19.597+0000] {standard_task_runner.py:72} INFO - Started process 34816 to run task
[2025-03-27T13:01:19.603+0000] {standard_task_runner.py:104} INFO - Running: ['***', 'tasks', 'run', 'daily_weather_etl', 'run_weather_script', 'manual__2025-03-27T13:01:14.800367+00:00', '--job-id', '113', '--raw', '--subdir', 'DAGS_FOLDER/weather_dag.py', '--cfg-path', '/tmp/tmpmjkhzjln']
[2025-03-27T13:01:19.607+0000] {standard_task_runner.py:105} INFO - Job 113: Subtask run_weather_script
[2025-03-27T13:01:19.682+0000] {task_command.py:467} INFO - Running <TaskInstance: daily_weather_etl.run_weather_script manual__2025-03-27T13:01:14.800367+00:00 [running]> on host 3c3c1f66214b
[2025-03-27T13:01:19.854+0000] {taskinstance.py:3134} INFO - Exporting env vars: AIRFLOW_CTX_DAG_OWNER='***' AIRFLOW_CTX_DAG_ID='daily_weather_etl' AIRFLOW_CTX_TASK_ID='run_weather_script' AIRFLOW_CTX_EXECUTION_DATE='2025-03-27T13:01:14.800367+00:00' AIRFLOW_CTX_TRY_NUMBER='1' AIRFLOW_CTX_DAG_RUN_ID='manual__2025-03-27T13:01:14.800367+00:00'
[2025-03-27T13:01:19.857+0000] {logging_mixin.py:190} INFO - Task instance is in running state
[2025-03-27T13:01:19.860+0000] {logging_mixin.py:190} INFO -  Previous state of the Task instance: queued
[2025-03-27T13:01:19.862+0000] {logging_mixin.py:190} INFO - Current task name:run_weather_script state:running start_date:2025-03-27 13:01:19.542950+00:00
[2025-03-27T13:01:19.864+0000] {logging_mixin.py:190} INFO - Dag name:daily_weather_etl and current dag run status:running
[2025-03-27T13:01:19.866+0000] {taskinstance.py:732} INFO - ::endgroup::
[2025-03-27T13:01:19.869+0000] {subprocess.py:78} INFO - Tmp dir root location: /tmp
[2025-03-27T13:01:19.871+0000] {subprocess.py:88} INFO - Running command: ['/usr/bin/bash', '-c', 'python /opt/***/dags/main.py']
[2025-03-27T13:01:19.888+0000] {subprocess.py:99} INFO - Output:
[2025-03-27T13:01:24.557+0000] {subprocess.py:106} INFO - 25/03/27 13:01:24 WARN NativeCodeLoader: Unable to load native-hadoop library for your platform... using builtin-java classes where applicable
[2025-03-27T13:01:24.893+0000] {subprocess.py:106} INFO - Setting default log level to "WARN".
[2025-03-27T13:01:24.896+0000] {subprocess.py:106} INFO - To adjust logging level use sc.setLogLevel(newLevel). For SparkR, use setLogLevel(newLevel).
[2025-03-27T13:01:27.786+0000] {subprocess.py:106} INFO - Ciudades encontradas en el bucket:
[2025-03-27T13:01:27.792+0000] {subprocess.py:106} INFO - ['elche', 'san juan de alicante', 'torrevieja']
[2025-03-27T13:01:27.795+0000] {subprocess.py:106} INFO - False
[2025-03-27T13:01:27.798+0000] {subprocess.py:106} INFO - Vamos a crear un histórico de madrid
[2025-03-27T13:01:28.479+0000] {subprocess.py:110} INFO - Command exited with return code 0
[2025-03-27T13:01:28.623+0000] {taskinstance.py:341} INFO - ::group::Post task execution logs
[2025-03-27T13:01:28.651+0000] {taskinstance.py:353} INFO - Marking task as SUCCESS. dag_id=daily_weather_etl, task_id=run_weather_script, run_id=manual__2025-03-27T13:01:14.800367+00:00, execution_date=20250327T130114, start_date=20250327T130119, end_date=20250327T130128
[2025-03-27T13:01:28.726+0000] {logging_mixin.py:190} INFO - Task instance in success state
[2025-03-27T13:01:28.729+0000] {logging_mixin.py:190} INFO -  Previous state of the Task instance: running
[2025-03-27T13:01:28.733+0000] {logging_mixin.py:190} INFO - Dag name:daily_weather_etl queued_at:2025-03-27 13:01:14.822668+00:00
[2025-03-27T13:01:28.744+0000] {logging_mixin.py:190} INFO - Task hostname:3c3c1f66214b operator:BashOperator
[2025-03-27T13:01:28.816+0000] {local_task_job_runner.py:266} INFO - Task exited with return code 0
[2025-03-27T13:01:28.850+0000] {taskinstance.py:3901} INFO - 0 downstream tasks scheduled from follow-on schedule check
[2025-03-27T13:01:28.858+0000] {local_task_job_runner.py:245} INFO - ::endgroup::
