[2025-04-09T09:36:07.921+0000] {local_task_job_runner.py:123} INFO - ::group::Pre task execution logs
[2025-04-09T09:36:08.066+0000] {taskinstance.py:2614} INFO - Dependencies all met for dep_context=non-requeueable deps ti=<TaskInstance: daily_weather_etl.run_minio_script manual__2025-04-09T09:35:20.632856+00:00 [queued]>
[2025-04-09T09:36:08.080+0000] {taskinstance.py:2614} INFO - Dependencies all met for dep_context=requeueable deps ti=<TaskInstance: daily_weather_etl.run_minio_script manual__2025-04-09T09:35:20.632856+00:00 [queued]>
[2025-04-09T09:36:08.082+0000] {taskinstance.py:2867} INFO - Starting attempt 1 of 2
[2025-04-09T09:36:08.097+0000] {taskinstance.py:2890} INFO - Executing <Task(BashOperator): run_minio_script> on 2025-04-09 09:35:20.632856+00:00
[2025-04-09T09:36:08.107+0000] {standard_task_runner.py:72} INFO - Started process 14418 to run task
[2025-04-09T09:36:08.110+0000] {standard_task_runner.py:104} INFO - Running: ['***', 'tasks', 'run', 'daily_weather_etl', 'run_minio_script', 'manual__2025-04-09T09:35:20.632856+00:00', '--job-id', '266', '--raw', '--subdir', 'DAGS_FOLDER/weather_dag.py', '--cfg-path', '/tmp/tmpm5sqw0lw']
[2025-04-09T09:36:08.112+0000] {standard_task_runner.py:105} INFO - Job 266: Subtask run_minio_script
[2025-04-09T09:36:08.166+0000] {task_command.py:467} INFO - Running <TaskInstance: daily_weather_etl.run_minio_script manual__2025-04-09T09:35:20.632856+00:00 [running]> on host 3c3c1f66214b
[2025-04-09T09:36:08.250+0000] {taskinstance.py:3134} INFO - Exporting env vars: AIRFLOW_CTX_DAG_OWNER='***' AIRFLOW_CTX_DAG_ID='daily_weather_etl' AIRFLOW_CTX_TASK_ID='run_minio_script' AIRFLOW_CTX_EXECUTION_DATE='2025-04-09T09:35:20.632856+00:00' AIRFLOW_CTX_TRY_NUMBER='1' AIRFLOW_CTX_DAG_RUN_ID='manual__2025-04-09T09:35:20.632856+00:00'
[2025-04-09T09:36:08.253+0000] {logging_mixin.py:190} INFO - Task instance is in running state
[2025-04-09T09:36:08.255+0000] {logging_mixin.py:190} INFO -  Previous state of the Task instance: queued
[2025-04-09T09:36:08.256+0000] {logging_mixin.py:190} INFO - Current task name:run_minio_script state:running start_date:2025-04-09 09:36:08.068480+00:00
[2025-04-09T09:36:08.256+0000] {logging_mixin.py:190} INFO - Dag name:daily_weather_etl and current dag run status:running
[2025-04-09T09:36:08.257+0000] {taskinstance.py:732} INFO - ::endgroup::
[2025-04-09T09:36:08.259+0000] {subprocess.py:78} INFO - Tmp dir root location: /tmp
[2025-04-09T09:36:08.260+0000] {subprocess.py:88} INFO - Running command: ['/usr/bin/bash', '-c', 'python /opt/***/dags/minio.py']
[2025-04-09T09:36:08.272+0000] {subprocess.py:99} INFO - Output:
[2025-04-09T09:36:10.994+0000] {subprocess.py:106} INFO - Setting default log level to "WARN".
[2025-04-09T09:36:10.995+0000] {subprocess.py:106} INFO - To adjust logging level use sc.setLogLevel(newLevel). For SparkR, use setLogLevel(newLevel).
[2025-04-09T09:36:11.232+0000] {subprocess.py:106} INFO - 25/04/09 09:36:11 WARN NativeCodeLoader: Unable to load native-hadoop library for your platform... using builtin-java classes where applicable
[2025-04-09T09:36:31.293+0000] {subprocess.py:106} INFO - [Stage 0:>                                                          (0 + 8) / 8]                                                                                [Stage 58:>                                                         (0 + 1) / 1]                                                                                +-----+-------------------+-----------+--------+--------+---------+---------+------------+
[2025-04-09T09:36:31.294+0000] {subprocess.py:106} INFO - |city |local_time         |temperature|wind_kph|humidity|feelslike|precip_mm|text        |
[2025-04-09T09:36:31.294+0000] {subprocess.py:106} INFO - +-----+-------------------+-----------+--------+--------+---------+---------+------------+
[2025-04-09T09:36:31.295+0000] {subprocess.py:106} INFO - |elche|2025-04-07 04:00:00|15.6       |11.2    |51      |15.6     |0.0      |Mostly Clear|
[2025-04-09T09:36:31.296+0000] {subprocess.py:106} INFO - |elche|2025-04-07 09:00:00|16.4       |12.1    |51      |16.4     |0.0      |Sunny       |
[2025-04-09T09:36:31.297+0000] {subprocess.py:106} INFO - |elche|2025-04-07 15:00:00|26.2       |12.9    |26      |26.2     |0.0      |Sunny       |
[2025-04-09T09:36:31.298+0000] {subprocess.py:106} INFO - |elche|2025-04-07 22:00:00|17.8       |0.8     |54      |17.8     |0.0      |Sunny       |
[2025-04-09T09:36:31.299+0000] {subprocess.py:106} INFO - +-----+-------------------+-----------+--------+--------+---------+---------+------------+
[2025-04-09T09:36:31.300+0000] {subprocess.py:106} INFO - 
[2025-04-09T09:36:31.300+0000] {subprocess.py:106} INFO - +------+-------------------+-----------+--------+--------+---------+---------+-----+
[2025-04-09T09:36:31.302+0000] {subprocess.py:106} INFO - |city  |local_time         |temperature|wind_kph|humidity|feelslike|precip_mm|text |
[2025-04-09T09:36:31.302+0000] {subprocess.py:106} INFO - +------+-------------------+-----------+--------+--------+---------+---------+-----+
[2025-04-09T09:36:31.303+0000] {subprocess.py:106} INFO - |madrid|2025-04-07 04:00:00|9.0        |2.0     |86      |9.0      |0.0      |Sunny|
[2025-04-09T09:36:31.305+0000] {subprocess.py:106} INFO - |madrid|2025-04-07 09:00:00|8.1        |6.2     |87      |8.1      |0.0      |Sunny|
[2025-04-09T09:36:31.307+0000] {subprocess.py:106} INFO - |madrid|2025-04-07 15:00:00|19.7       |2.2     |46      |19.7     |0.0      |Sunny|
[2025-04-09T09:36:31.308+0000] {subprocess.py:106} INFO - |madrid|2025-04-07 22:00:00|15.0       |4.1     |72      |15.0     |0.0      |Sunny|
[2025-04-09T09:36:31.309+0000] {subprocess.py:106} INFO - +------+-------------------+-----------+--------+--------+---------+---------+-----+
[2025-04-09T09:36:31.310+0000] {subprocess.py:106} INFO - 
[2025-04-09T09:36:31.311+0000] {subprocess.py:106} INFO - +--------------------+-------------------+-----------+--------+--------+---------+---------+------------+
[2025-04-09T09:36:31.312+0000] {subprocess.py:106} INFO - |city                |local_time         |temperature|wind_kph|humidity|feelslike|precip_mm|text        |
[2025-04-09T09:36:31.313+0000] {subprocess.py:106} INFO - +--------------------+-------------------+-----------+--------+--------+---------+---------+------------+
[2025-04-09T09:36:31.314+0000] {subprocess.py:106} INFO - |san juan de alicante|2025-04-07 04:00:00|13.5       |7.4     |61      |13.5     |0.0      |Sunny       |
[2025-04-09T09:36:31.315+0000] {subprocess.py:106} INFO - |san juan de alicante|2025-04-07 09:00:00|15.8       |2.7     |53      |15.8     |0.0      |Sunny       |
[2025-04-09T09:36:31.315+0000] {subprocess.py:106} INFO - |san juan de alicante|2025-04-07 15:00:00|23.7       |11.2    |33      |23.7     |0.0      |Mostly Clear|
[2025-04-09T09:36:31.316+0000] {subprocess.py:106} INFO - |san juan de alicante|2025-04-07 22:00:00|17.7       |1.5     |57      |17.7     |0.0      |Sunny       |
[2025-04-09T09:36:31.317+0000] {subprocess.py:106} INFO - +--------------------+-------------------+-----------+--------+--------+---------+---------+------------+
[2025-04-09T09:36:31.318+0000] {subprocess.py:106} INFO - 
[2025-04-09T09:36:31.319+0000] {subprocess.py:106} INFO - +----------+-------------------+-----------+--------+--------+---------+---------+-----+
[2025-04-09T09:36:31.320+0000] {subprocess.py:106} INFO - |city      |local_time         |temperature|wind_kph|humidity|feelslike|precip_mm|text |
[2025-04-09T09:36:31.321+0000] {subprocess.py:106} INFO - +----------+-------------------+-----------+--------+--------+---------+---------+-----+
[2025-04-09T09:36:31.322+0000] {subprocess.py:106} INFO - |torrevieja|2025-04-07 04:00:00|15.6       |13.4    |62      |15.6     |0.0      |Sunny|
[2025-04-09T09:36:31.324+0000] {subprocess.py:106} INFO - |torrevieja|2025-04-07 09:00:00|15.6       |15.3    |61      |15.6     |0.0      |Sunny|
[2025-04-09T09:36:31.326+0000] {subprocess.py:106} INFO - |torrevieja|2025-04-07 15:00:00|22.1       |10.0    |53      |22.1     |0.0      |Sunny|
[2025-04-09T09:36:31.327+0000] {subprocess.py:106} INFO - |torrevieja|2025-04-07 22:00:00|15.9       |0.6     |85      |15.9     |0.0      |Sunny|
[2025-04-09T09:36:31.328+0000] {subprocess.py:106} INFO - +----------+-------------------+-----------+--------+--------+---------+---------+-----+
[2025-04-09T09:36:31.329+0000] {subprocess.py:106} INFO - 
[2025-04-09T09:36:31.330+0000] {subprocess.py:106} INFO - +--------+-------------------+-----------+--------+--------+---------+---------+-----+
[2025-04-09T09:36:31.331+0000] {subprocess.py:106} INFO - |city    |local_time         |temperature|wind_kph|humidity|feelslike|precip_mm|text |
[2025-04-09T09:36:31.332+0000] {subprocess.py:106} INFO - +--------+-------------------+-----------+--------+--------+---------+---------+-----+
[2025-04-09T09:36:31.332+0000] {subprocess.py:106} INFO - |valencia|2025-04-07 04:00:00|14.1       |9.6     |70      |14.1     |0.0      |Sunny|
[2025-04-09T09:36:31.333+0000] {subprocess.py:106} INFO - |valencia|2025-04-07 09:00:00|14.1       |8.8     |66      |14.1     |0.0      |Sunny|
[2025-04-09T09:36:31.334+0000] {subprocess.py:106} INFO - |valencia|2025-04-07 15:00:00|22.6       |13.2    |37      |22.6     |0.0      |Sunny|
[2025-04-09T09:36:31.335+0000] {subprocess.py:106} INFO - |valencia|2025-04-07 22:00:00|17.1       |5.4     |69      |17.1     |0.0      |Sunny|
[2025-04-09T09:36:31.335+0000] {subprocess.py:106} INFO - +--------+-------------------+-----------+--------+--------+---------+---------+-----+
[2025-04-09T09:36:31.336+0000] {subprocess.py:106} INFO - 
[2025-04-09T09:36:31.337+0000] {subprocess.py:106} INFO - +--------------------+-------------------+-----------+--------+--------+---------+---------+------------+
[2025-04-09T09:36:31.339+0000] {subprocess.py:106} INFO - |                city|         local_time|temperature|wind_kph|humidity|feelslike|precip_mm|        text|
[2025-04-09T09:36:31.341+0000] {subprocess.py:106} INFO - +--------------------+-------------------+-----------+--------+--------+---------+---------+------------+
[2025-04-09T09:36:31.342+0000] {subprocess.py:106} INFO - |               elche|2025-04-07 04:00:00|       15.6|    11.2|      51|     15.6|      0.0|Mostly Clear|
[2025-04-09T09:36:31.343+0000] {subprocess.py:106} INFO - |               elche|2025-04-07 09:00:00|       16.4|    12.1|      51|     16.4|      0.0|       Sunny|
[2025-04-09T09:36:31.344+0000] {subprocess.py:106} INFO - |               elche|2025-04-07 15:00:00|       26.2|    12.9|      26|     26.2|      0.0|       Sunny|
[2025-04-09T09:36:31.345+0000] {subprocess.py:106} INFO - |               elche|2025-04-07 22:00:00|       17.8|     0.8|      54|     17.8|      0.0|       Sunny|
[2025-04-09T09:36:31.346+0000] {subprocess.py:106} INFO - |              madrid|2025-04-07 04:00:00|        9.0|     2.0|      86|      9.0|      0.0|       Sunny|
[2025-04-09T09:36:31.346+0000] {subprocess.py:106} INFO - |              madrid|2025-04-07 09:00:00|        8.1|     6.2|      87|      8.1|      0.0|       Sunny|
[2025-04-09T09:36:31.347+0000] {subprocess.py:106} INFO - |              madrid|2025-04-07 15:00:00|       19.7|     2.2|      46|     19.7|      0.0|       Sunny|
[2025-04-09T09:36:31.348+0000] {subprocess.py:106} INFO - |              madrid|2025-04-07 22:00:00|       15.0|     4.1|      72|     15.0|      0.0|       Sunny|
[2025-04-09T09:36:31.349+0000] {subprocess.py:106} INFO - |san juan de alicante|2025-04-07 04:00:00|       13.5|     7.4|      61|     13.5|      0.0|       Sunny|
[2025-04-09T09:36:31.350+0000] {subprocess.py:106} INFO - |san juan de alicante|2025-04-07 09:00:00|       15.8|     2.7|      53|     15.8|      0.0|       Sunny|
[2025-04-09T09:36:31.351+0000] {subprocess.py:106} INFO - |san juan de alicante|2025-04-07 15:00:00|       23.7|    11.2|      33|     23.7|      0.0|Mostly Clear|
[2025-04-09T09:36:31.352+0000] {subprocess.py:106} INFO - |san juan de alicante|2025-04-07 22:00:00|       17.7|     1.5|      57|     17.7|      0.0|       Sunny|
[2025-04-09T09:36:31.353+0000] {subprocess.py:106} INFO - |          torrevieja|2025-04-07 04:00:00|       15.6|    13.4|      62|     15.6|      0.0|       Sunny|
[2025-04-09T09:36:31.354+0000] {subprocess.py:106} INFO - |          torrevieja|2025-04-07 09:00:00|       15.6|    15.3|      61|     15.6|      0.0|       Sunny|
[2025-04-09T09:36:31.356+0000] {subprocess.py:106} INFO - |          torrevieja|2025-04-07 15:00:00|       22.1|    10.0|      53|     22.1|      0.0|       Sunny|
[2025-04-09T09:36:31.358+0000] {subprocess.py:106} INFO - |          torrevieja|2025-04-07 22:00:00|       15.9|     0.6|      85|     15.9|      0.0|       Sunny|
[2025-04-09T09:36:31.360+0000] {subprocess.py:106} INFO - |            valencia|2025-04-07 04:00:00|       14.1|     9.6|      70|     14.1|      0.0|       Sunny|
[2025-04-09T09:36:31.361+0000] {subprocess.py:106} INFO - |            valencia|2025-04-07 09:00:00|       14.1|     8.8|      66|     14.1|      0.0|       Sunny|
[2025-04-09T09:36:31.362+0000] {subprocess.py:106} INFO - |            valencia|2025-04-07 15:00:00|       22.6|    13.2|      37|     22.6|      0.0|       Sunny|
[2025-04-09T09:36:31.363+0000] {subprocess.py:106} INFO - |            valencia|2025-04-07 22:00:00|       17.1|     5.4|      69|     17.1|      0.0|       Sunny|
[2025-04-09T09:36:31.363+0000] {subprocess.py:106} INFO - +--------------------+-------------------+-----------+--------+--------+---------+---------+------------+
[2025-04-09T09:36:31.364+0000] {subprocess.py:106} INFO - 
[2025-04-09T09:36:31.365+0000] {subprocess.py:106} INFO - Nombre de la carpeta: 2025-04-07
[2025-04-09T09:36:31.366+0000] {subprocess.py:106} INFO - Archivo Parquet generado: /tmp/tmpqz4h61ge/2025-04-07/part-00000-01c1cdb8-15d5-4e69-80ed-a15f76d0d267-c000.snappy.parquet
[2025-04-09T09:36:31.367+0000] {subprocess.py:106} INFO - Archivo subido correctamente a MinIO en: 2025-04-07/2025-04-07.parquet
[2025-04-09T09:36:31.843+0000] {subprocess.py:110} INFO - Command exited with return code 0
[2025-04-09T09:36:31.863+0000] {taskinstance.py:341} INFO - ::group::Post task execution logs
[2025-04-09T09:36:31.864+0000] {taskinstance.py:353} INFO - Marking task as SUCCESS. dag_id=daily_weather_etl, task_id=run_minio_script, run_id=manual__2025-04-09T09:35:20.632856+00:00, execution_date=20250409T093520, start_date=20250409T093608, end_date=20250409T093631
[2025-04-09T09:36:31.884+0000] {logging_mixin.py:190} INFO - Task instance in success state
[2025-04-09T09:36:31.885+0000] {logging_mixin.py:190} INFO -  Previous state of the Task instance: running
[2025-04-09T09:36:31.886+0000] {logging_mixin.py:190} INFO - Dag name:daily_weather_etl queued_at:2025-04-09 09:35:20.642951+00:00
[2025-04-09T09:36:31.887+0000] {logging_mixin.py:190} INFO - Task hostname:3c3c1f66214b operator:BashOperator
[2025-04-09T09:36:31.903+0000] {local_task_job_runner.py:266} INFO - Task exited with return code 0
[2025-04-09T09:36:31.920+0000] {taskinstance.py:3901} INFO - 1 downstream tasks scheduled from follow-on schedule check
[2025-04-09T09:36:31.923+0000] {local_task_job_runner.py:245} INFO - ::endgroup::
