[2025-04-09T09:32:49.102+0000] {local_task_job_runner.py:123} INFO - ::group::Pre task execution logs
[2025-04-09T09:32:49.236+0000] {taskinstance.py:2614} INFO - Dependencies all met for dep_context=non-requeueable deps ti=<TaskInstance: daily_weather_etl.run_minio_script manual__2025-04-09T09:32:24.235287+00:00 [queued]>
[2025-04-09T09:32:49.248+0000] {taskinstance.py:2614} INFO - Dependencies all met for dep_context=requeueable deps ti=<TaskInstance: daily_weather_etl.run_minio_script manual__2025-04-09T09:32:24.235287+00:00 [queued]>
[2025-04-09T09:32:49.252+0000] {taskinstance.py:2867} INFO - Starting attempt 1 of 2
[2025-04-09T09:32:49.266+0000] {taskinstance.py:2890} INFO - Executing <Task(BashOperator): run_minio_script> on 2025-04-09 09:32:24.235287+00:00
[2025-04-09T09:32:49.273+0000] {standard_task_runner.py:72} INFO - Started process 12272 to run task
[2025-04-09T09:32:49.277+0000] {standard_task_runner.py:104} INFO - Running: ['***', 'tasks', 'run', 'daily_weather_etl', 'run_minio_script', 'manual__2025-04-09T09:32:24.235287+00:00', '--job-id', '263', '--raw', '--subdir', 'DAGS_FOLDER/weather_dag.py', '--cfg-path', '/tmp/tmpqyqrosss']
[2025-04-09T09:32:49.279+0000] {standard_task_runner.py:105} INFO - Job 263: Subtask run_minio_script
[2025-04-09T09:32:49.323+0000] {task_command.py:467} INFO - Running <TaskInstance: daily_weather_etl.run_minio_script manual__2025-04-09T09:32:24.235287+00:00 [running]> on host 3c3c1f66214b
[2025-04-09T09:32:49.409+0000] {taskinstance.py:3134} INFO - Exporting env vars: AIRFLOW_CTX_DAG_OWNER='***' AIRFLOW_CTX_DAG_ID='daily_weather_etl' AIRFLOW_CTX_TASK_ID='run_minio_script' AIRFLOW_CTX_EXECUTION_DATE='2025-04-09T09:32:24.235287+00:00' AIRFLOW_CTX_TRY_NUMBER='1' AIRFLOW_CTX_DAG_RUN_ID='manual__2025-04-09T09:32:24.235287+00:00'
[2025-04-09T09:32:49.411+0000] {logging_mixin.py:190} INFO - Task instance is in running state
[2025-04-09T09:32:49.412+0000] {logging_mixin.py:190} INFO -  Previous state of the Task instance: queued
[2025-04-09T09:32:49.413+0000] {logging_mixin.py:190} INFO - Current task name:run_minio_script state:running start_date:2025-04-09 09:32:49.238303+00:00
[2025-04-09T09:32:49.414+0000] {logging_mixin.py:190} INFO - Dag name:daily_weather_etl and current dag run status:running
[2025-04-09T09:32:49.415+0000] {taskinstance.py:732} INFO - ::endgroup::
[2025-04-09T09:32:49.417+0000] {subprocess.py:78} INFO - Tmp dir root location: /tmp
[2025-04-09T09:32:49.418+0000] {subprocess.py:88} INFO - Running command: ['/usr/bin/bash', '-c', 'python /opt/***/dags/minio.py']
[2025-04-09T09:32:49.428+0000] {subprocess.py:99} INFO - Output:
[2025-04-09T09:32:51.830+0000] {subprocess.py:106} INFO - Setting default log level to "WARN".
[2025-04-09T09:32:51.832+0000] {subprocess.py:106} INFO - To adjust logging level use sc.setLogLevel(newLevel). For SparkR, use setLogLevel(newLevel).
[2025-04-09T09:32:52.043+0000] {subprocess.py:106} INFO - 25/04/09 09:32:52 WARN NativeCodeLoader: Unable to load native-hadoop library for your platform... using builtin-java classes where applicable
[2025-04-09T09:32:53.538+0000] {subprocess.py:106} INFO - Error: 'NoneType' object has no attribute 'show'
[2025-04-09T09:32:54.025+0000] {subprocess.py:110} INFO - Command exited with return code 0
[2025-04-09T09:32:54.049+0000] {taskinstance.py:341} INFO - ::group::Post task execution logs
[2025-04-09T09:32:54.051+0000] {taskinstance.py:353} INFO - Marking task as SUCCESS. dag_id=daily_weather_etl, task_id=run_minio_script, run_id=manual__2025-04-09T09:32:24.235287+00:00, execution_date=20250409T093224, start_date=20250409T093249, end_date=20250409T093254
[2025-04-09T09:32:54.073+0000] {logging_mixin.py:190} INFO - Task instance in success state
[2025-04-09T09:32:54.074+0000] {logging_mixin.py:190} INFO -  Previous state of the Task instance: running
[2025-04-09T09:32:54.075+0000] {logging_mixin.py:190} INFO - Dag name:daily_weather_etl queued_at:2025-04-09 09:32:24.250524+00:00
[2025-04-09T09:32:54.076+0000] {logging_mixin.py:190} INFO - Task hostname:3c3c1f66214b operator:BashOperator
[2025-04-09T09:32:54.107+0000] {local_task_job_runner.py:266} INFO - Task exited with return code 0
[2025-04-09T09:32:54.129+0000] {taskinstance.py:3901} INFO - 1 downstream tasks scheduled from follow-on schedule check
[2025-04-09T09:32:54.132+0000] {local_task_job_runner.py:245} INFO - ::endgroup::
