[2025-03-24T17:15:43.354+0000] {local_task_job_runner.py:123} INFO - ::group::Pre task execution logs
[2025-03-24T17:15:43.523+0000] {taskinstance.py:2614} INFO - Dependencies all met for dep_context=non-requeueable deps ti=<TaskInstance: daily_weather_etl.run_bbdd_script manual__2025-03-24T17:13:39.339177+00:00 [queued]>
[2025-03-24T17:15:43.541+0000] {taskinstance.py:2614} INFO - Dependencies all met for dep_context=requeueable deps ti=<TaskInstance: daily_weather_etl.run_bbdd_script manual__2025-03-24T17:13:39.339177+00:00 [queued]>
[2025-03-24T17:15:43.545+0000] {taskinstance.py:2867} INFO - Starting attempt 1 of 2
[2025-03-24T17:15:43.567+0000] {taskinstance.py:2890} INFO - Executing <Task(BashOperator): run_bbdd_script> on 2025-03-24 17:13:39.339177+00:00
[2025-03-24T17:15:43.577+0000] {standard_task_runner.py:72} INFO - Started process 7408 to run task
[2025-03-24T17:15:43.582+0000] {standard_task_runner.py:104} INFO - Running: ['***', 'tasks', 'run', 'daily_weather_etl', 'run_bbdd_script', 'manual__2025-03-24T17:13:39.339177+00:00', '--job-id', '21', '--raw', '--subdir', 'DAGS_FOLDER/weather_dag.py', '--cfg-path', '/tmp/tmppoitqo5u']
[2025-03-24T17:15:43.586+0000] {standard_task_runner.py:105} INFO - Job 21: Subtask run_bbdd_script
[2025-03-24T17:15:43.661+0000] {task_command.py:467} INFO - Running <TaskInstance: daily_weather_etl.run_bbdd_script manual__2025-03-24T17:13:39.339177+00:00 [running]> on host 16f770ed73e8
[2025-03-24T17:15:43.785+0000] {taskinstance.py:3134} INFO - Exporting env vars: AIRFLOW_CTX_DAG_OWNER='***' AIRFLOW_CTX_DAG_ID='daily_weather_etl' AIRFLOW_CTX_TASK_ID='run_bbdd_script' AIRFLOW_CTX_EXECUTION_DATE='2025-03-24T17:13:39.339177+00:00' AIRFLOW_CTX_TRY_NUMBER='1' AIRFLOW_CTX_DAG_RUN_ID='manual__2025-03-24T17:13:39.339177+00:00'
[2025-03-24T17:15:43.789+0000] {logging_mixin.py:190} INFO - Task instance is in running state
[2025-03-24T17:15:43.791+0000] {logging_mixin.py:190} INFO -  Previous state of the Task instance: queued
[2025-03-24T17:15:43.792+0000] {logging_mixin.py:190} INFO - Current task name:run_bbdd_script state:running start_date:2025-03-24 17:15:43.525559+00:00
[2025-03-24T17:15:43.794+0000] {logging_mixin.py:190} INFO - Dag name:daily_weather_etl and current dag run status:running
[2025-03-24T17:15:43.795+0000] {taskinstance.py:732} INFO - ::endgroup::
[2025-03-24T17:15:43.798+0000] {subprocess.py:78} INFO - Tmp dir root location: /tmp
[2025-03-24T17:15:43.802+0000] {subprocess.py:88} INFO - Running command: ['/usr/bin/bash', '-c', 'python /opt/***/dags/main_bbdd.py']
[2025-03-24T17:15:43.817+0000] {subprocess.py:99} INFO - Output:
[2025-03-24T17:15:47.789+0000] {subprocess.py:106} INFO - 25/03/24 17:15:47 WARN NativeCodeLoader: Unable to load native-hadoop library for your platform... using builtin-java classes where applicable
[2025-03-24T17:15:48.035+0000] {subprocess.py:106} INFO - 25/03/24 17:15:48 WARN DependencyUtils: Local jar /opt/spark/jars/postgresql-42.2.27.jar does not exist, skipping.
[2025-03-24T17:15:48.293+0000] {subprocess.py:106} INFO - 25/03/24 17:15:48 INFO SparkContext: Running Spark version 3.5.5
[2025-03-24T17:15:48.294+0000] {subprocess.py:106} INFO - 25/03/24 17:15:48 INFO SparkContext: OS info Linux, 5.15.146.1-microsoft-standard-WSL2, amd64
[2025-03-24T17:15:48.298+0000] {subprocess.py:106} INFO - 25/03/24 17:15:48 INFO SparkContext: Java version 17.0.14
[2025-03-24T17:15:48.357+0000] {subprocess.py:106} INFO - 25/03/24 17:15:48 INFO ResourceUtils: ==============================================================
[2025-03-24T17:15:48.359+0000] {subprocess.py:106} INFO - 25/03/24 17:15:48 INFO ResourceUtils: No custom resources configured for spark.driver.
[2025-03-24T17:15:48.363+0000] {subprocess.py:106} INFO - 25/03/24 17:15:48 INFO ResourceUtils: ==============================================================
[2025-03-24T17:15:48.370+0000] {subprocess.py:106} INFO - 25/03/24 17:15:48 INFO SparkContext: Submitted application: WeatherApiBBDD
[2025-03-24T17:15:48.409+0000] {subprocess.py:106} INFO - 25/03/24 17:15:48 INFO ResourceProfile: Default ResourceProfile created, executor resources: Map(cores -> name: cores, amount: 1, script: , vendor: , memory -> name: memory, amount: 1024, script: , vendor: , offHeap -> name: offHeap, amount: 0, script: , vendor: ), task resources: Map(cpus -> name: cpus, amount: 1.0)
[2025-03-24T17:15:48.427+0000] {subprocess.py:106} INFO - 25/03/24 17:15:48 INFO ResourceProfile: Limiting resource is cpu
[2025-03-24T17:15:48.429+0000] {subprocess.py:106} INFO - 25/03/24 17:15:48 INFO ResourceProfileManager: Added ResourceProfile id: 0
[2025-03-24T17:15:48.516+0000] {subprocess.py:106} INFO - 25/03/24 17:15:48 INFO SecurityManager: Changing view acls to: ***
[2025-03-24T17:15:48.518+0000] {subprocess.py:106} INFO - 25/03/24 17:15:48 INFO SecurityManager: Changing modify acls to: ***
[2025-03-24T17:15:48.520+0000] {subprocess.py:106} INFO - 25/03/24 17:15:48 INFO SecurityManager: Changing view acls groups to:
[2025-03-24T17:15:48.522+0000] {subprocess.py:106} INFO - 25/03/24 17:15:48 INFO SecurityManager: Changing modify acls groups to:
[2025-03-24T17:15:48.523+0000] {subprocess.py:106} INFO - 25/03/24 17:15:48 INFO SecurityManager: SecurityManager: authentication disabled; ui acls disabled; users with view permissions: ***; groups with view permissions: EMPTY; users with modify permissions: ***; groups with modify permissions: EMPTY
[2025-03-24T17:15:48.923+0000] {subprocess.py:106} INFO - 25/03/24 17:15:48 INFO Utils: Successfully started service 'sparkDriver' on port 32999.
[2025-03-24T17:15:48.987+0000] {subprocess.py:106} INFO - 25/03/24 17:15:48 INFO SparkEnv: Registering MapOutputTracker
[2025-03-24T17:15:49.076+0000] {subprocess.py:106} INFO - 25/03/24 17:15:49 INFO SparkEnv: Registering BlockManagerMaster
[2025-03-24T17:15:49.117+0000] {subprocess.py:106} INFO - 25/03/24 17:15:49 INFO BlockManagerMasterEndpoint: Using org.apache.spark.storage.DefaultTopologyMapper for getting topology information
[2025-03-24T17:15:49.119+0000] {subprocess.py:106} INFO - 25/03/24 17:15:49 INFO BlockManagerMasterEndpoint: BlockManagerMasterEndpoint up
[2025-03-24T17:15:49.127+0000] {subprocess.py:106} INFO - 25/03/24 17:15:49 INFO SparkEnv: Registering BlockManagerMasterHeartbeat
[2025-03-24T17:15:49.169+0000] {subprocess.py:106} INFO - 25/03/24 17:15:49 INFO DiskBlockManager: Created local directory at /tmp/blockmgr-b0df3bb3-4ed6-4355-857a-7a22fae79b67
[2025-03-24T17:15:49.200+0000] {subprocess.py:106} INFO - 25/03/24 17:15:49 INFO MemoryStore: MemoryStore started with capacity 434.4 MiB
[2025-03-24T17:15:49.226+0000] {subprocess.py:106} INFO - 25/03/24 17:15:49 INFO SparkEnv: Registering OutputCommitCoordinator
[2025-03-24T17:15:49.468+0000] {subprocess.py:106} INFO - 25/03/24 17:15:49 INFO JettyUtils: Start Jetty 0.0.0.0:4040 for SparkUI
[2025-03-24T17:15:49.591+0000] {subprocess.py:106} INFO - 25/03/24 17:15:49 INFO Utils: Successfully started service 'SparkUI' on port 4040.
[2025-03-24T17:15:49.664+0000] {subprocess.py:106} INFO - 25/03/24 17:15:49 ERROR SparkContext: Failed to add /opt/spark/jars/postgresql-42.2.27.jar to Spark environment
[2025-03-24T17:15:49.665+0000] {subprocess.py:106} INFO - java.io.FileNotFoundException: Jar /opt/spark/jars/postgresql-42.2.27.jar not found
[2025-03-24T17:15:49.667+0000] {subprocess.py:106} INFO - 	at org.apache.spark.SparkContext.addLocalJarFile$1(SparkContext.scala:2095)
[2025-03-24T17:15:49.669+0000] {subprocess.py:106} INFO - 	at org.apache.spark.SparkContext.addJar(SparkContext.scala:2151)
[2025-03-24T17:15:49.670+0000] {subprocess.py:106} INFO - 	at org.apache.spark.SparkContext.$anonfun$new$15(SparkContext.scala:521)
[2025-03-24T17:15:49.672+0000] {subprocess.py:106} INFO - 	at org.apache.spark.SparkContext.$anonfun$new$15$adapted(SparkContext.scala:521)
[2025-03-24T17:15:49.675+0000] {subprocess.py:106} INFO - 	at scala.collection.mutable.ResizableArray.foreach(ResizableArray.scala:62)
[2025-03-24T17:15:49.684+0000] {subprocess.py:106} INFO - 	at scala.collection.mutable.ResizableArray.foreach$(ResizableArray.scala:55)
[2025-03-24T17:15:49.691+0000] {subprocess.py:106} INFO - 	at scala.collection.mutable.ArrayBuffer.foreach(ArrayBuffer.scala:49)
[2025-03-24T17:15:49.703+0000] {subprocess.py:106} INFO - 	at org.apache.spark.SparkContext.<init>(SparkContext.scala:521)
[2025-03-24T17:15:49.708+0000] {subprocess.py:106} INFO - 	at org.apache.spark.api.java.JavaSparkContext.<init>(JavaSparkContext.scala:58)
[2025-03-24T17:15:49.712+0000] {subprocess.py:106} INFO - 	at java.base/jdk.internal.reflect.NativeConstructorAccessorImpl.newInstance0(Native Method)
[2025-03-24T17:15:49.716+0000] {subprocess.py:106} INFO - 	at java.base/jdk.internal.reflect.NativeConstructorAccessorImpl.newInstance(NativeConstructorAccessorImpl.java:77)
[2025-03-24T17:15:49.718+0000] {subprocess.py:106} INFO - 	at java.base/jdk.internal.reflect.DelegatingConstructorAccessorImpl.newInstance(DelegatingConstructorAccessorImpl.java:45)
[2025-03-24T17:15:49.720+0000] {subprocess.py:106} INFO - 	at java.base/java.lang.reflect.Constructor.newInstanceWithCaller(Constructor.java:500)
[2025-03-24T17:15:49.722+0000] {subprocess.py:106} INFO - 	at java.base/java.lang.reflect.Constructor.newInstance(Constructor.java:481)
[2025-03-24T17:15:49.723+0000] {subprocess.py:106} INFO - 	at py4j.reflection.MethodInvoker.invoke(MethodInvoker.java:247)
[2025-03-24T17:15:49.725+0000] {subprocess.py:106} INFO - 	at py4j.reflection.ReflectionEngine.invoke(ReflectionEngine.java:374)
[2025-03-24T17:15:49.726+0000] {subprocess.py:106} INFO - 	at py4j.Gateway.invoke(Gateway.java:238)
[2025-03-24T17:15:49.731+0000] {subprocess.py:106} INFO - 	at py4j.commands.ConstructorCommand.invokeConstructor(ConstructorCommand.java:80)
[2025-03-24T17:15:49.732+0000] {subprocess.py:106} INFO - 	at py4j.commands.ConstructorCommand.execute(ConstructorCommand.java:69)
[2025-03-24T17:15:49.734+0000] {subprocess.py:106} INFO - 	at py4j.ClientServerConnection.waitForCommands(ClientServerConnection.java:182)
[2025-03-24T17:15:49.739+0000] {subprocess.py:106} INFO - 	at py4j.ClientServerConnection.run(ClientServerConnection.java:106)
[2025-03-24T17:15:49.740+0000] {subprocess.py:106} INFO - 	at java.base/java.lang.Thread.run(Thread.java:840)
[2025-03-24T17:15:49.802+0000] {subprocess.py:106} INFO - 25/03/24 17:15:49 INFO Executor: Starting executor ID driver on host 16f770ed73e8
[2025-03-24T17:15:49.811+0000] {subprocess.py:106} INFO - 25/03/24 17:15:49 INFO Executor: OS info Linux, 5.15.146.1-microsoft-standard-WSL2, amd64
[2025-03-24T17:15:49.819+0000] {subprocess.py:106} INFO - 25/03/24 17:15:49 INFO Executor: Java version 17.0.14
[2025-03-24T17:15:49.823+0000] {subprocess.py:106} INFO - 25/03/24 17:15:49 INFO Executor: Starting executor with user classpath (userClassPathFirst = false): ''
[2025-03-24T17:15:49.835+0000] {subprocess.py:106} INFO - 25/03/24 17:15:49 INFO Executor: Created or updated repl class loader org.apache.spark.util.MutableURLClassLoader@5f3d38b1 for default.
[2025-03-24T17:15:49.919+0000] {subprocess.py:106} INFO - 25/03/24 17:15:49 INFO Utils: Successfully started service 'org.apache.spark.network.netty.NettyBlockTransferService' on port 37903.
[2025-03-24T17:15:49.924+0000] {subprocess.py:106} INFO - 25/03/24 17:15:49 INFO NettyBlockTransferService: Server created on 16f770ed73e8:37903
[2025-03-24T17:15:49.932+0000] {subprocess.py:106} INFO - 25/03/24 17:15:49 INFO BlockManager: Using org.apache.spark.storage.RandomBlockReplicationPolicy for block replication policy
[2025-03-24T17:15:49.948+0000] {subprocess.py:106} INFO - 25/03/24 17:15:49 INFO BlockManagerMaster: Registering BlockManager BlockManagerId(driver, 16f770ed73e8, 37903, None)
[2025-03-24T17:15:49.964+0000] {subprocess.py:106} INFO - 25/03/24 17:15:49 INFO BlockManagerMasterEndpoint: Registering block manager 16f770ed73e8:37903 with 434.4 MiB RAM, BlockManagerId(driver, 16f770ed73e8, 37903, None)
[2025-03-24T17:15:49.974+0000] {subprocess.py:106} INFO - 25/03/24 17:15:49 INFO BlockManagerMaster: Registered BlockManager BlockManagerId(driver, 16f770ed73e8, 37903, None)
[2025-03-24T17:15:49.979+0000] {subprocess.py:106} INFO - 25/03/24 17:15:49 INFO BlockManager: Initialized BlockManager: BlockManagerId(driver, 16f770ed73e8, 37903, None)
[2025-03-24T17:15:50.953+0000] {subprocess.py:106} INFO - 25/03/24 17:15:50 INFO SharedState: Setting hive.metastore.warehouse.dir ('null') to the value of spark.sql.warehouse.dir.
[2025-03-24T17:15:50.957+0000] {subprocess.py:106} INFO - 25/03/24 17:15:50 INFO SharedState: Warehouse path is 'file:/tmp/***tmptuj9gvdr/spark-warehouse'.
[2025-03-24T17:15:52.341+0000] {subprocess.py:106} INFO - 25/03/24 17:15:52 INFO InMemoryFileIndex: It took 55 ms to list leaf files for 1 paths.
[2025-03-24T17:15:53.012+0000] {subprocess.py:106} INFO - 25/03/24 17:15:53 INFO SparkContext: Starting job: parquet at NativeMethodAccessorImpl.java:0
[2025-03-24T17:15:53.035+0000] {subprocess.py:106} INFO - 25/03/24 17:15:53 INFO DAGScheduler: Got job 0 (parquet at NativeMethodAccessorImpl.java:0) with 1 output partitions
[2025-03-24T17:15:53.037+0000] {subprocess.py:106} INFO - 25/03/24 17:15:53 INFO DAGScheduler: Final stage: ResultStage 0 (parquet at NativeMethodAccessorImpl.java:0)
[2025-03-24T17:15:53.038+0000] {subprocess.py:106} INFO - 25/03/24 17:15:53 INFO DAGScheduler: Parents of final stage: List()
[2025-03-24T17:15:53.040+0000] {subprocess.py:106} INFO - 25/03/24 17:15:53 INFO DAGScheduler: Missing parents: List()
[2025-03-24T17:15:53.045+0000] {subprocess.py:106} INFO - 25/03/24 17:15:53 INFO DAGScheduler: Submitting ResultStage 0 (MapPartitionsRDD[1] at parquet at NativeMethodAccessorImpl.java:0), which has no missing parents
[2025-03-24T17:15:53.136+0000] {subprocess.py:106} INFO - 25/03/24 17:15:53 INFO MemoryStore: Block broadcast_0 stored as values in memory (estimated size 103.5 KiB, free 434.3 MiB)
[2025-03-24T17:15:53.189+0000] {subprocess.py:106} INFO - 25/03/24 17:15:53 INFO MemoryStore: Block broadcast_0_piece0 stored as bytes in memory (estimated size 37.4 KiB, free 434.3 MiB)
[2025-03-24T17:15:53.193+0000] {subprocess.py:106} INFO - 25/03/24 17:15:53 INFO BlockManagerInfo: Added broadcast_0_piece0 in memory on 16f770ed73e8:37903 (size: 37.4 KiB, free: 434.4 MiB)
[2025-03-24T17:15:53.200+0000] {subprocess.py:106} INFO - 25/03/24 17:15:53 INFO SparkContext: Created broadcast 0 from broadcast at DAGScheduler.scala:1585
[2025-03-24T17:15:53.230+0000] {subprocess.py:106} INFO - 25/03/24 17:15:53 INFO DAGScheduler: Submitting 1 missing tasks from ResultStage 0 (MapPartitionsRDD[1] at parquet at NativeMethodAccessorImpl.java:0) (first 15 tasks are for partitions Vector(0))
[2025-03-24T17:15:53.231+0000] {subprocess.py:106} INFO - 25/03/24 17:15:53 INFO TaskSchedulerImpl: Adding task set 0.0 with 1 tasks resource profile 0
[2025-03-24T17:15:53.320+0000] {subprocess.py:106} INFO - 25/03/24 17:15:53 INFO TaskSetManager: Starting task 0.0 in stage 0.0 (TID 0) (16f770ed73e8, executor driver, partition 0, PROCESS_LOCAL, 9146 bytes)
[2025-03-24T17:15:53.349+0000] {subprocess.py:106} INFO - 25/03/24 17:15:53 INFO Executor: Running task 0.0 in stage 0.0 (TID 0)
[2025-03-24T17:15:53.831+0000] {subprocess.py:106} INFO - [Stage 0:>                                                          (0 + 1) / 1]25/03/24 17:15:53 INFO Executor: Finished task 0.0 in stage 0.0 (TID 0). 2115 bytes result sent to driver
[2025-03-24T17:15:53.844+0000] {subprocess.py:106} INFO - 25/03/24 17:15:53 INFO TaskSetManager: Finished task 0.0 in stage 0.0 (TID 0) in 559 ms on 16f770ed73e8 (executor driver) (1/1)
[2025-03-24T17:15:53.847+0000] {subprocess.py:106} INFO - 25/03/24 17:15:53 INFO TaskSchedulerImpl: Removed TaskSet 0.0, whose tasks have all completed, from pool
[2025-03-24T17:15:53.855+0000] {subprocess.py:106} INFO - 25/03/24 17:15:53 INFO DAGScheduler: ResultStage 0 (parquet at NativeMethodAccessorImpl.java:0) finished in 0.793 s
[2025-03-24T17:15:53.865+0000] {subprocess.py:106} INFO - 25/03/24 17:15:53 INFO DAGScheduler: Job 0 is finished. Cancelling potential speculative or zombie tasks for this job
[2025-03-24T17:15:53.867+0000] {subprocess.py:106} INFO - 25/03/24 17:15:53 INFO TaskSchedulerImpl: Killing all running tasks in stage 0: Stage finished
[2025-03-24T17:15:53.868+0000] {subprocess.py:106} INFO - 25/03/24 17:15:53 INFO DAGScheduler: Job 0 finished: parquet at NativeMethodAccessorImpl.java:0, took 0.855306 s
[2025-03-24T17:15:54.610+0000] {subprocess.py:106} INFO -                                                                                 25/03/24 17:15:54 INFO BlockManagerInfo: Removed broadcast_0_piece0 on 16f770ed73e8:37903 in memory (size: 37.4 KiB, free: 434.4 MiB)
[2025-03-24T17:15:55.155+0000] {subprocess.py:106} INFO - 25/03/24 17:15:55 INFO FileSourceStrategy: Pushed Filters:
[2025-03-24T17:15:55.157+0000] {subprocess.py:106} INFO - 25/03/24 17:15:55 INFO FileSourceStrategy: Post-Scan Filters:
[2025-03-24T17:15:55.755+0000] {subprocess.py:106} INFO - 25/03/24 17:15:55 INFO CodeGenerator: Code generated in 278.77749 ms
[2025-03-24T17:15:55.791+0000] {subprocess.py:106} INFO - 25/03/24 17:15:55 INFO MemoryStore: Block broadcast_1 stored as values in memory (estimated size 202.3 KiB, free 434.2 MiB)
[2025-03-24T17:15:55.819+0000] {subprocess.py:106} INFO - 25/03/24 17:15:55 INFO MemoryStore: Block broadcast_1_piece0 stored as bytes in memory (estimated size 35.3 KiB, free 434.2 MiB)
[2025-03-24T17:15:55.821+0000] {subprocess.py:106} INFO - 25/03/24 17:15:55 INFO BlockManagerInfo: Added broadcast_1_piece0 in memory on 16f770ed73e8:37903 (size: 35.3 KiB, free: 434.4 MiB)
[2025-03-24T17:15:55.823+0000] {subprocess.py:106} INFO - 25/03/24 17:15:55 INFO SparkContext: Created broadcast 1 from showString at NativeMethodAccessorImpl.java:0
[2025-03-24T17:15:55.851+0000] {subprocess.py:106} INFO - 25/03/24 17:15:55 INFO FileSourceScanExec: Planning scan with bin packing, max size: 4194304 bytes, open cost is considered as scanning 4194304 bytes.
[2025-03-24T17:15:55.917+0000] {subprocess.py:106} INFO - 25/03/24 17:15:55 INFO SparkContext: Starting job: showString at NativeMethodAccessorImpl.java:0
[2025-03-24T17:15:55.919+0000] {subprocess.py:106} INFO - 25/03/24 17:15:55 INFO DAGScheduler: Got job 1 (showString at NativeMethodAccessorImpl.java:0) with 1 output partitions
[2025-03-24T17:15:55.921+0000] {subprocess.py:106} INFO - 25/03/24 17:15:55 INFO DAGScheduler: Final stage: ResultStage 1 (showString at NativeMethodAccessorImpl.java:0)
[2025-03-24T17:15:55.923+0000] {subprocess.py:106} INFO - 25/03/24 17:15:55 INFO DAGScheduler: Parents of final stage: List()
[2025-03-24T17:15:55.925+0000] {subprocess.py:106} INFO - 25/03/24 17:15:55 INFO DAGScheduler: Missing parents: List()
[2025-03-24T17:15:55.928+0000] {subprocess.py:106} INFO - 25/03/24 17:15:55 INFO DAGScheduler: Submitting ResultStage 1 (MapPartitionsRDD[5] at showString at NativeMethodAccessorImpl.java:0), which has no missing parents
[2025-03-24T17:15:55.957+0000] {subprocess.py:106} INFO - 25/03/24 17:15:55 INFO MemoryStore: Block broadcast_2 stored as values in memory (estimated size 19.7 KiB, free 434.1 MiB)
[2025-03-24T17:15:55.967+0000] {subprocess.py:106} INFO - 25/03/24 17:15:55 INFO MemoryStore: Block broadcast_2_piece0 stored as bytes in memory (estimated size 7.2 KiB, free 434.1 MiB)
[2025-03-24T17:15:55.970+0000] {subprocess.py:106} INFO - 25/03/24 17:15:55 INFO BlockManagerInfo: Added broadcast_2_piece0 in memory on 16f770ed73e8:37903 (size: 7.2 KiB, free: 434.4 MiB)
[2025-03-24T17:15:55.972+0000] {subprocess.py:106} INFO - 25/03/24 17:15:55 INFO SparkContext: Created broadcast 2 from broadcast at DAGScheduler.scala:1585
[2025-03-24T17:15:55.975+0000] {subprocess.py:106} INFO - 25/03/24 17:15:55 INFO DAGScheduler: Submitting 1 missing tasks from ResultStage 1 (MapPartitionsRDD[5] at showString at NativeMethodAccessorImpl.java:0) (first 15 tasks are for partitions Vector(0))
[2025-03-24T17:15:55.977+0000] {subprocess.py:106} INFO - 25/03/24 17:15:55 INFO TaskSchedulerImpl: Adding task set 1.0 with 1 tasks resource profile 0
[2025-03-24T17:15:55.983+0000] {subprocess.py:106} INFO - 25/03/24 17:15:55 INFO TaskSetManager: Starting task 0.0 in stage 1.0 (TID 1) (16f770ed73e8, executor driver, partition 0, PROCESS_LOCAL, 9616 bytes)
[2025-03-24T17:15:55.984+0000] {subprocess.py:106} INFO - 25/03/24 17:15:55 INFO Executor: Running task 0.0 in stage 1.0 (TID 1)
[2025-03-24T17:15:56.097+0000] {subprocess.py:106} INFO - 25/03/24 17:15:56 INFO CodeGenerator: Code generated in 52.43636 ms
[2025-03-24T17:15:56.102+0000] {subprocess.py:106} INFO - 25/03/24 17:15:56 INFO FileScanRDD: Reading File path: file:///tmp/tmpbdbdc8lw/elche_2025-03-24_18-10.parquet, range: 0-2959, partition values: [empty row]
[2025-03-24T17:15:56.255+0000] {subprocess.py:106} INFO - 25/03/24 17:15:56 INFO CodecPool: Got brand-new decompressor [.snappy]
[2025-03-24T17:15:56.483+0000] {subprocess.py:106} INFO - 25/03/24 17:15:56 INFO Executor: Finished task 0.0 in stage 1.0 (TID 1). 1982 bytes result sent to driver
[2025-03-24T17:15:56.488+0000] {subprocess.py:106} INFO - 25/03/24 17:15:56 INFO TaskSetManager: Finished task 0.0 in stage 1.0 (TID 1) in 509 ms on 16f770ed73e8 (executor driver) (1/1)
[2025-03-24T17:15:56.496+0000] {subprocess.py:106} INFO - 25/03/24 17:15:56 INFO TaskSchedulerImpl: Removed TaskSet 1.0, whose tasks have all completed, from pool
[2025-03-24T17:15:56.499+0000] {subprocess.py:106} INFO - 25/03/24 17:15:56 INFO DAGScheduler: ResultStage 1 (showString at NativeMethodAccessorImpl.java:0) finished in 0.566 s
[2025-03-24T17:15:56.501+0000] {subprocess.py:106} INFO - 25/03/24 17:15:56 INFO DAGScheduler: Job 1 is finished. Cancelling potential speculative or zombie tasks for this job
[2025-03-24T17:15:56.502+0000] {subprocess.py:106} INFO - 25/03/24 17:15:56 INFO TaskSchedulerImpl: Killing all running tasks in stage 1: Stage finished
[2025-03-24T17:15:56.504+0000] {subprocess.py:106} INFO - 25/03/24 17:15:56 INFO DAGScheduler: Job 1 finished: showString at NativeMethodAccessorImpl.java:0, took 0.578757 s
[2025-03-24T17:15:57.438+0000] {subprocess.py:106} INFO - 25/03/24 17:15:57 INFO BlockManagerInfo: Removed broadcast_2_piece0 on 16f770ed73e8:37903 in memory (size: 7.2 KiB, free: 434.4 MiB)
[2025-03-24T17:15:57.819+0000] {subprocess.py:106} INFO - 25/03/24 17:15:57 INFO CodeGenerator: Code generated in 27.076141 ms
[2025-03-24T17:15:57.943+0000] {subprocess.py:106} INFO - 25/03/24 17:15:57 INFO SparkContext: SparkContext is stopping with exitCode 0.
[2025-03-24T17:15:57.957+0000] {subprocess.py:106} INFO - 25/03/24 17:15:57 INFO SparkUI: Stopped Spark web UI at http://16f770ed73e8:4040
[2025-03-24T17:15:57.972+0000] {subprocess.py:106} INFO - 25/03/24 17:15:57 INFO MapOutputTrackerMasterEndpoint: MapOutputTrackerMasterEndpoint stopped!
[2025-03-24T17:15:57.990+0000] {subprocess.py:106} INFO - 25/03/24 17:15:57 INFO MemoryStore: MemoryStore cleared
[2025-03-24T17:15:57.992+0000] {subprocess.py:106} INFO - 25/03/24 17:15:57 INFO BlockManager: BlockManager stopped
[2025-03-24T17:15:57.995+0000] {subprocess.py:106} INFO - 25/03/24 17:15:57 INFO BlockManagerMaster: BlockManagerMaster stopped
[2025-03-24T17:15:57.999+0000] {subprocess.py:106} INFO - 25/03/24 17:15:57 INFO OutputCommitCoordinator$OutputCommitCoordinatorEndpoint: OutputCommitCoordinator stopped!
[2025-03-24T17:15:58.012+0000] {subprocess.py:106} INFO - 25/03/24 17:15:58 INFO SparkContext: Successfully stopped SparkContext
[2025-03-24T17:15:58.483+0000] {subprocess.py:106} INFO - +-----+----------------+-----------+--------+--------+---------+---------+-------------+--------------------+
[2025-03-24T17:15:58.485+0000] {subprocess.py:106} INFO - | city|       localtime|temperature|wind_kph|humidity|feelslike|precip_mm|         text|                icon|
[2025-03-24T17:15:58.486+0000] {subprocess.py:106} INFO - +-----+----------------+-----------+--------+--------+---------+---------+-------------+--------------------+
[2025-03-24T17:15:58.487+0000] {subprocess.py:106} INFO - |elche|2025-03-24 18:10|       20.1|    16.2|      28|     20.1|      0.0|Partly cloudy|//cdn.weatherapi....|
[2025-03-24T17:15:58.488+0000] {subprocess.py:106} INFO - +-----+----------------+-----------+--------+--------+---------+---------+-------------+--------------------+
[2025-03-24T17:15:58.490+0000] {subprocess.py:106} INFO - 
[2025-03-24T17:15:58.492+0000] {subprocess.py:106} INFO - Error: An error occurred while calling o39.save.
[2025-03-24T17:15:58.494+0000] {subprocess.py:106} INFO - : java.lang.ClassNotFoundException: org.postgresql.Driver
[2025-03-24T17:15:58.495+0000] {subprocess.py:106} INFO - 	at java.base/java.net.URLClassLoader.findClass(URLClassLoader.java:445)
[2025-03-24T17:15:58.496+0000] {subprocess.py:106} INFO - 	at java.base/java.lang.ClassLoader.loadClass(ClassLoader.java:592)
[2025-03-24T17:15:58.498+0000] {subprocess.py:106} INFO - 	at java.base/java.lang.ClassLoader.loadClass(ClassLoader.java:525)
[2025-03-24T17:15:58.499+0000] {subprocess.py:106} INFO - 	at org.apache.spark.sql.execution.datasources.jdbc.DriverRegistry$.register(DriverRegistry.scala:46)
[2025-03-24T17:15:58.501+0000] {subprocess.py:106} INFO - 	at org.apache.spark.sql.execution.datasources.jdbc.JDBCOptions.$anonfun$driverClass$1(JDBCOptions.scala:103)
[2025-03-24T17:15:58.502+0000] {subprocess.py:106} INFO - 	at org.apache.spark.sql.execution.datasources.jdbc.JDBCOptions.$anonfun$driverClass$1$adapted(JDBCOptions.scala:103)
[2025-03-24T17:15:58.504+0000] {subprocess.py:106} INFO - 	at scala.Option.foreach(Option.scala:407)
[2025-03-24T17:15:58.505+0000] {subprocess.py:106} INFO - 	at org.apache.spark.sql.execution.datasources.jdbc.JDBCOptions.<init>(JDBCOptions.scala:103)
[2025-03-24T17:15:58.507+0000] {subprocess.py:106} INFO - 	at org.apache.spark.sql.execution.datasources.jdbc.JdbcOptionsInWrite.<init>(JDBCOptions.scala:254)
[2025-03-24T17:15:58.509+0000] {subprocess.py:106} INFO - 	at org.apache.spark.sql.execution.datasources.jdbc.JdbcOptionsInWrite.<init>(JDBCOptions.scala:258)
[2025-03-24T17:15:58.510+0000] {subprocess.py:106} INFO - 	at org.apache.spark.sql.execution.datasources.jdbc.JdbcRelationProvider.createRelation(JdbcRelationProvider.scala:47)
[2025-03-24T17:15:58.512+0000] {subprocess.py:106} INFO - 	at org.apache.spark.sql.execution.datasources.SaveIntoDataSourceCommand.run(SaveIntoDataSourceCommand.scala:48)
[2025-03-24T17:15:58.513+0000] {subprocess.py:106} INFO - 	at org.apache.spark.sql.execution.command.ExecutedCommandExec.sideEffectResult$lzycompute(commands.scala:75)
[2025-03-24T17:15:58.514+0000] {subprocess.py:106} INFO - 	at org.apache.spark.sql.execution.command.ExecutedCommandExec.sideEffectResult(commands.scala:73)
[2025-03-24T17:15:58.515+0000] {subprocess.py:106} INFO - 	at org.apache.spark.sql.execution.command.ExecutedCommandExec.executeCollect(commands.scala:84)
[2025-03-24T17:15:58.516+0000] {subprocess.py:106} INFO - 	at org.apache.spark.sql.execution.QueryExecution$$anonfun$eagerlyExecuteCommands$1.$anonfun$applyOrElse$1(QueryExecution.scala:107)
[2025-03-24T17:15:58.517+0000] {subprocess.py:106} INFO - 	at org.apache.spark.sql.execution.SQLExecution$.$anonfun$withNewExecutionId$6(SQLExecution.scala:125)
[2025-03-24T17:15:58.518+0000] {subprocess.py:106} INFO - 	at org.apache.spark.sql.execution.SQLExecution$.withSQLConfPropagated(SQLExecution.scala:201)
[2025-03-24T17:15:58.519+0000] {subprocess.py:106} INFO - 	at org.apache.spark.sql.execution.SQLExecution$.$anonfun$withNewExecutionId$1(SQLExecution.scala:108)
[2025-03-24T17:15:58.521+0000] {subprocess.py:106} INFO - 	at org.apache.spark.sql.SparkSession.withActive(SparkSession.scala:900)
[2025-03-24T17:15:58.522+0000] {subprocess.py:106} INFO - 	at org.apache.spark.sql.execution.SQLExecution$.withNewExecutionId(SQLExecution.scala:66)
[2025-03-24T17:15:58.523+0000] {subprocess.py:106} INFO - 	at org.apache.spark.sql.execution.QueryExecution$$anonfun$eagerlyExecuteCommands$1.applyOrElse(QueryExecution.scala:107)
[2025-03-24T17:15:58.524+0000] {subprocess.py:106} INFO - 	at org.apache.spark.sql.execution.QueryExecution$$anonfun$eagerlyExecuteCommands$1.applyOrElse(QueryExecution.scala:98)
[2025-03-24T17:15:58.526+0000] {subprocess.py:106} INFO - 	at org.apache.spark.sql.catalyst.trees.TreeNode.$anonfun$transformDownWithPruning$1(TreeNode.scala:461)
[2025-03-24T17:15:58.528+0000] {subprocess.py:106} INFO - 	at org.apache.spark.sql.catalyst.trees.CurrentOrigin$.withOrigin(origin.scala:76)
[2025-03-24T17:15:58.529+0000] {subprocess.py:106} INFO - 	at org.apache.spark.sql.catalyst.trees.TreeNode.transformDownWithPruning(TreeNode.scala:461)
[2025-03-24T17:15:58.530+0000] {subprocess.py:106} INFO - 	at org.apache.spark.sql.catalyst.plans.logical.LogicalPlan.org$apache$spark$sql$catalyst$plans$logical$AnalysisHelper$$super$transformDownWithPruning(LogicalPlan.scala:32)
[2025-03-24T17:15:58.532+0000] {subprocess.py:106} INFO - 	at org.apache.spark.sql.catalyst.plans.logical.AnalysisHelper.transformDownWithPruning(AnalysisHelper.scala:267)
[2025-03-24T17:15:58.533+0000] {subprocess.py:106} INFO - 	at org.apache.spark.sql.catalyst.plans.logical.AnalysisHelper.transformDownWithPruning$(AnalysisHelper.scala:263)
[2025-03-24T17:15:58.534+0000] {subprocess.py:106} INFO - 	at org.apache.spark.sql.catalyst.plans.logical.LogicalPlan.transformDownWithPruning(LogicalPlan.scala:32)
[2025-03-24T17:15:58.536+0000] {subprocess.py:106} INFO - 	at org.apache.spark.sql.catalyst.plans.logical.LogicalPlan.transformDownWithPruning(LogicalPlan.scala:32)
[2025-03-24T17:15:58.537+0000] {subprocess.py:106} INFO - 	at org.apache.spark.sql.catalyst.trees.TreeNode.transformDown(TreeNode.scala:437)
[2025-03-24T17:15:58.539+0000] {subprocess.py:106} INFO - 	at org.apache.spark.sql.execution.QueryExecution.eagerlyExecuteCommands(QueryExecution.scala:98)
[2025-03-24T17:15:58.540+0000] {subprocess.py:106} INFO - 	at org.apache.spark.sql.execution.QueryExecution.commandExecuted$lzycompute(QueryExecution.scala:85)
[2025-03-24T17:15:58.542+0000] {subprocess.py:106} INFO - 	at org.apache.spark.sql.execution.QueryExecution.commandExecuted(QueryExecution.scala:83)
[2025-03-24T17:15:58.544+0000] {subprocess.py:106} INFO - 	at org.apache.spark.sql.execution.QueryExecution.assertCommandExecuted(QueryExecution.scala:142)
[2025-03-24T17:15:58.545+0000] {subprocess.py:106} INFO - 	at org.apache.spark.sql.DataFrameWriter.runCommand(DataFrameWriter.scala:869)
[2025-03-24T17:15:58.547+0000] {subprocess.py:106} INFO - 	at org.apache.spark.sql.DataFrameWriter.saveToV1Source(DataFrameWriter.scala:391)
[2025-03-24T17:15:58.548+0000] {subprocess.py:106} INFO - 	at org.apache.spark.sql.DataFrameWriter.saveInternal(DataFrameWriter.scala:364)
[2025-03-24T17:15:58.549+0000] {subprocess.py:106} INFO - 	at org.apache.spark.sql.DataFrameWriter.save(DataFrameWriter.scala:251)
[2025-03-24T17:15:58.551+0000] {subprocess.py:106} INFO - 	at java.base/jdk.internal.reflect.NativeMethodAccessorImpl.invoke0(Native Method)
[2025-03-24T17:15:58.552+0000] {subprocess.py:106} INFO - 	at java.base/jdk.internal.reflect.NativeMethodAccessorImpl.invoke(NativeMethodAccessorImpl.java:77)
[2025-03-24T17:15:58.554+0000] {subprocess.py:106} INFO - 	at java.base/jdk.internal.reflect.DelegatingMethodAccessorImpl.invoke(DelegatingMethodAccessorImpl.java:43)
[2025-03-24T17:15:58.556+0000] {subprocess.py:106} INFO - 	at java.base/java.lang.reflect.Method.invoke(Method.java:569)
[2025-03-24T17:15:58.557+0000] {subprocess.py:106} INFO - 	at py4j.reflection.MethodInvoker.invoke(MethodInvoker.java:244)
[2025-03-24T17:15:58.559+0000] {subprocess.py:106} INFO - 	at py4j.reflection.ReflectionEngine.invoke(ReflectionEngine.java:374)
[2025-03-24T17:15:58.560+0000] {subprocess.py:106} INFO - 	at py4j.Gateway.invoke(Gateway.java:282)
[2025-03-24T17:15:58.562+0000] {subprocess.py:106} INFO - 	at py4j.commands.AbstractCommand.invokeMethod(AbstractCommand.java:132)
[2025-03-24T17:15:58.564+0000] {subprocess.py:106} INFO - 	at py4j.commands.CallCommand.execute(CallCommand.java:79)
[2025-03-24T17:15:58.565+0000] {subprocess.py:106} INFO - 	at py4j.ClientServerConnection.waitForCommands(ClientServerConnection.java:182)
[2025-03-24T17:15:58.567+0000] {subprocess.py:106} INFO - 	at py4j.ClientServerConnection.run(ClientServerConnection.java:106)
[2025-03-24T17:15:58.568+0000] {subprocess.py:106} INFO - 	at java.base/java.lang.Thread.run(Thread.java:840)
[2025-03-24T17:15:58.570+0000] {subprocess.py:106} INFO - 
[2025-03-24T17:15:58.642+0000] {subprocess.py:106} INFO - 25/03/24 17:15:58 INFO ShutdownHookManager: Shutdown hook called
[2025-03-24T17:15:58.644+0000] {subprocess.py:106} INFO - 25/03/24 17:15:58 INFO ShutdownHookManager: Deleting directory /tmp/spark-91a40a76-4d54-4403-8c36-9494609c8763
[2025-03-24T17:15:58.648+0000] {subprocess.py:106} INFO - 25/03/24 17:15:58 INFO ShutdownHookManager: Deleting directory /tmp/spark-91a40a76-4d54-4403-8c36-9494609c8763/pyspark-760cbba3-e1e3-4801-ae26-4c3c0efeb6c6
[2025-03-24T17:15:58.652+0000] {subprocess.py:106} INFO - 25/03/24 17:15:58 INFO ShutdownHookManager: Deleting directory /tmp/spark-bd3626d3-b907-4b05-8c17-d939de149d57
[2025-03-24T17:15:59.054+0000] {subprocess.py:110} INFO - Command exited with return code 0
[2025-03-24T17:15:59.138+0000] {taskinstance.py:341} INFO - ::group::Post task execution logs
[2025-03-24T17:15:59.142+0000] {taskinstance.py:353} INFO - Marking task as SUCCESS. dag_id=daily_weather_etl, task_id=run_bbdd_script, run_id=manual__2025-03-24T17:13:39.339177+00:00, execution_date=20250324T171339, start_date=20250324T171543, end_date=20250324T171559
[2025-03-24T17:15:59.213+0000] {logging_mixin.py:190} INFO - Task instance in success state
[2025-03-24T17:15:59.215+0000] {logging_mixin.py:190} INFO -  Previous state of the Task instance: running
[2025-03-24T17:15:59.216+0000] {logging_mixin.py:190} INFO - Dag name:daily_weather_etl queued_at:2025-03-24 17:13:39.380127+00:00
[2025-03-24T17:15:59.218+0000] {logging_mixin.py:190} INFO - Task hostname:16f770ed73e8 operator:BashOperator
[2025-03-24T17:15:59.268+0000] {local_task_job_runner.py:266} INFO - Task exited with return code 0
[2025-03-24T17:15:59.290+0000] {taskinstance.py:3901} INFO - 0 downstream tasks scheduled from follow-on schedule check
[2025-03-24T17:15:59.294+0000] {local_task_job_runner.py:245} INFO - ::endgroup::
